[2023-12-02T07:58:02.673+0000] {processor.py:157} INFO - Started process (PID=31) to work on /opt/airflow/dags/outcomes_dag.py
[2023-12-02T07:58:02.686+0000] {processor.py:829} INFO - Processing file /opt/airflow/dags/outcomes_dag.py for tasks to queue
[2023-12-02T07:58:02.695+0000] {logging_mixin.py:154} INFO - [2023-12-02T07:58:02.694+0000] {dagbag.py:536} INFO - Filling up the DagBag from /opt/airflow/dags/outcomes_dag.py
[2023-12-02T07:58:15.238+0000] {processor.py:839} INFO - DAG(s) dict_keys(['outcomes_dag']) retrieved from /opt/airflow/dags/outcomes_dag.py
[2023-12-02T07:58:15.935+0000] {logging_mixin.py:154} INFO - [2023-12-02T07:58:15.934+0000] {manager.py:499} INFO - Created Permission View: %s
[2023-12-02T07:58:15.955+0000] {logging_mixin.py:154} INFO - [2023-12-02T07:58:15.955+0000] {manager.py:499} INFO - Created Permission View: %s
[2023-12-02T07:58:15.975+0000] {logging_mixin.py:154} INFO - [2023-12-02T07:58:15.974+0000] {manager.py:499} INFO - Created Permission View: %s
[2023-12-02T07:58:15.978+0000] {logging_mixin.py:154} INFO - [2023-12-02T07:58:15.975+0000] {dag.py:2941} INFO - Sync 1 DAGs
[2023-12-02T07:58:16.002+0000] {logging_mixin.py:154} INFO - [2023-12-02T07:58:16.000+0000] {dag.py:2963} INFO - Creating ORM DAG for outcomes_dag
[2023-12-02T07:58:16.040+0000] {logging_mixin.py:154} INFO - [2023-12-02T07:58:16.039+0000] {dag.py:3722} INFO - Setting next_dagrun for outcomes_dag to 2023-11-01T00:00:00+00:00, run_after=2023-11-02T00:00:00+00:00
[2023-12-02T07:58:16.074+0000] {processor.py:179} INFO - Processing /opt/airflow/dags/outcomes_dag.py took 13.451 seconds
[2023-12-02T07:58:46.419+0000] {processor.py:157} INFO - Started process (PID=47) to work on /opt/airflow/dags/outcomes_dag.py
[2023-12-02T07:58:46.421+0000] {processor.py:829} INFO - Processing file /opt/airflow/dags/outcomes_dag.py for tasks to queue
[2023-12-02T07:58:46.429+0000] {logging_mixin.py:154} INFO - [2023-12-02T07:58:46.428+0000] {dagbag.py:536} INFO - Filling up the DagBag from /opt/airflow/dags/outcomes_dag.py
[2023-12-02T07:58:47.279+0000] {processor.py:839} INFO - DAG(s) dict_keys(['outcomes_dag']) retrieved from /opt/airflow/dags/outcomes_dag.py
[2023-12-02T07:58:47.305+0000] {logging_mixin.py:154} INFO - [2023-12-02T07:58:47.304+0000] {dag.py:2941} INFO - Sync 1 DAGs
[2023-12-02T07:58:47.328+0000] {logging_mixin.py:154} INFO - [2023-12-02T07:58:47.327+0000] {dag.py:3722} INFO - Setting next_dagrun for outcomes_dag to 2023-11-01T00:00:00+00:00, run_after=2023-11-02T00:00:00+00:00
[2023-12-02T07:58:47.353+0000] {processor.py:179} INFO - Processing /opt/airflow/dags/outcomes_dag.py took 0.940 seconds
[2023-12-02T07:59:17.637+0000] {processor.py:157} INFO - Started process (PID=57) to work on /opt/airflow/dags/outcomes_dag.py
[2023-12-02T07:59:17.638+0000] {processor.py:829} INFO - Processing file /opt/airflow/dags/outcomes_dag.py for tasks to queue
[2023-12-02T07:59:17.642+0000] {logging_mixin.py:154} INFO - [2023-12-02T07:59:17.641+0000] {dagbag.py:536} INFO - Filling up the DagBag from /opt/airflow/dags/outcomes_dag.py
[2023-12-02T07:59:18.698+0000] {processor.py:839} INFO - DAG(s) dict_keys(['outcomes_dag']) retrieved from /opt/airflow/dags/outcomes_dag.py
[2023-12-02T07:59:18.727+0000] {logging_mixin.py:154} INFO - [2023-12-02T07:59:18.726+0000] {dag.py:2941} INFO - Sync 1 DAGs
[2023-12-02T07:59:18.751+0000] {logging_mixin.py:154} INFO - [2023-12-02T07:59:18.751+0000] {dag.py:3722} INFO - Setting next_dagrun for outcomes_dag to 2023-11-01T00:00:00+00:00, run_after=2023-11-02T00:00:00+00:00
[2023-12-02T07:59:18.772+0000] {processor.py:179} INFO - Processing /opt/airflow/dags/outcomes_dag.py took 1.141 seconds
[2023-12-02T08:01:11.658+0000] {processor.py:157} INFO - Started process (PID=31) to work on /opt/airflow/dags/outcomes_dag.py
[2023-12-02T08:01:11.660+0000] {processor.py:829} INFO - Processing file /opt/airflow/dags/outcomes_dag.py for tasks to queue
[2023-12-02T08:01:11.671+0000] {logging_mixin.py:154} INFO - [2023-12-02T08:01:11.670+0000] {dagbag.py:536} INFO - Filling up the DagBag from /opt/airflow/dags/outcomes_dag.py
[2023-12-02T08:01:20.034+0000] {processor.py:839} INFO - DAG(s) dict_keys(['outcomes_dag']) retrieved from /opt/airflow/dags/outcomes_dag.py
[2023-12-02T08:01:21.215+0000] {logging_mixin.py:154} INFO - [2023-12-02T08:01:21.214+0000] {manager.py:499} INFO - Created Permission View: %s
[2023-12-02T08:01:21.243+0000] {logging_mixin.py:154} INFO - [2023-12-02T08:01:21.242+0000] {manager.py:499} INFO - Created Permission View: %s
[2023-12-02T08:01:21.274+0000] {logging_mixin.py:154} INFO - [2023-12-02T08:01:21.273+0000] {manager.py:499} INFO - Created Permission View: %s
[2023-12-02T08:01:21.284+0000] {logging_mixin.py:154} INFO - [2023-12-02T08:01:21.276+0000] {dag.py:2941} INFO - Sync 1 DAGs
[2023-12-02T08:01:21.341+0000] {logging_mixin.py:154} INFO - [2023-12-02T08:01:21.339+0000] {dag.py:2963} INFO - Creating ORM DAG for outcomes_dag
[2023-12-02T08:01:21.373+0000] {logging_mixin.py:154} INFO - [2023-12-02T08:01:21.372+0000] {dag.py:3722} INFO - Setting next_dagrun for outcomes_dag to 2023-11-01T00:00:00+00:00, run_after=2023-11-02T00:00:00+00:00
[2023-12-02T08:01:21.438+0000] {processor.py:179} INFO - Processing /opt/airflow/dags/outcomes_dag.py took 9.797 seconds
[2023-12-02T08:01:51.545+0000] {processor.py:157} INFO - Started process (PID=46) to work on /opt/airflow/dags/outcomes_dag.py
[2023-12-02T08:01:51.548+0000] {processor.py:829} INFO - Processing file /opt/airflow/dags/outcomes_dag.py for tasks to queue
[2023-12-02T08:01:51.559+0000] {logging_mixin.py:154} INFO - [2023-12-02T08:01:51.558+0000] {dagbag.py:536} INFO - Filling up the DagBag from /opt/airflow/dags/outcomes_dag.py
[2023-12-02T08:01:52.782+0000] {processor.py:839} INFO - DAG(s) dict_keys(['outcomes_dag']) retrieved from /opt/airflow/dags/outcomes_dag.py
[2023-12-02T08:01:52.815+0000] {logging_mixin.py:154} INFO - [2023-12-02T08:01:52.814+0000] {dag.py:2941} INFO - Sync 1 DAGs
[2023-12-02T08:01:52.840+0000] {logging_mixin.py:154} INFO - [2023-12-02T08:01:52.840+0000] {dag.py:3722} INFO - Setting next_dagrun for outcomes_dag to 2023-11-01T00:00:00+00:00, run_after=2023-11-02T00:00:00+00:00
[2023-12-02T08:01:52.863+0000] {processor.py:179} INFO - Processing /opt/airflow/dags/outcomes_dag.py took 1.328 seconds
[2023-12-02T08:02:23.074+0000] {processor.py:157} INFO - Started process (PID=56) to work on /opt/airflow/dags/outcomes_dag.py
[2023-12-02T08:02:23.075+0000] {processor.py:829} INFO - Processing file /opt/airflow/dags/outcomes_dag.py for tasks to queue
[2023-12-02T08:02:23.079+0000] {logging_mixin.py:154} INFO - [2023-12-02T08:02:23.078+0000] {dagbag.py:536} INFO - Filling up the DagBag from /opt/airflow/dags/outcomes_dag.py
[2023-12-02T08:02:23.883+0000] {processor.py:839} INFO - DAG(s) dict_keys(['outcomes_dag']) retrieved from /opt/airflow/dags/outcomes_dag.py
[2023-12-02T08:02:23.912+0000] {logging_mixin.py:154} INFO - [2023-12-02T08:02:23.911+0000] {dag.py:2941} INFO - Sync 1 DAGs
[2023-12-02T08:02:23.936+0000] {logging_mixin.py:154} INFO - [2023-12-02T08:02:23.935+0000] {dag.py:3722} INFO - Setting next_dagrun for outcomes_dag to 2023-11-01T00:00:00+00:00, run_after=2023-11-02T00:00:00+00:00
[2023-12-02T08:02:23.956+0000] {processor.py:179} INFO - Processing /opt/airflow/dags/outcomes_dag.py took 0.886 seconds
[2023-12-02T08:02:54.186+0000] {processor.py:157} INFO - Started process (PID=65) to work on /opt/airflow/dags/outcomes_dag.py
[2023-12-02T08:02:54.188+0000] {processor.py:829} INFO - Processing file /opt/airflow/dags/outcomes_dag.py for tasks to queue
[2023-12-02T08:02:54.191+0000] {logging_mixin.py:154} INFO - [2023-12-02T08:02:54.191+0000] {dagbag.py:536} INFO - Filling up the DagBag from /opt/airflow/dags/outcomes_dag.py
[2023-12-02T08:02:54.961+0000] {processor.py:839} INFO - DAG(s) dict_keys(['outcomes_dag']) retrieved from /opt/airflow/dags/outcomes_dag.py
[2023-12-02T08:02:54.985+0000] {logging_mixin.py:154} INFO - [2023-12-02T08:02:54.985+0000] {dag.py:2941} INFO - Sync 1 DAGs
[2023-12-02T08:02:55.009+0000] {logging_mixin.py:154} INFO - [2023-12-02T08:02:55.009+0000] {dag.py:3722} INFO - Setting next_dagrun for outcomes_dag to 2023-11-01T00:00:00+00:00, run_after=2023-11-02T00:00:00+00:00
[2023-12-02T08:02:55.030+0000] {processor.py:179} INFO - Processing /opt/airflow/dags/outcomes_dag.py took 0.848 seconds
[2023-12-02T08:03:25.247+0000] {processor.py:157} INFO - Started process (PID=74) to work on /opt/airflow/dags/outcomes_dag.py
[2023-12-02T08:03:25.249+0000] {processor.py:829} INFO - Processing file /opt/airflow/dags/outcomes_dag.py for tasks to queue
[2023-12-02T08:03:25.252+0000] {logging_mixin.py:154} INFO - [2023-12-02T08:03:25.251+0000] {dagbag.py:536} INFO - Filling up the DagBag from /opt/airflow/dags/outcomes_dag.py
[2023-12-02T08:03:26.027+0000] {processor.py:839} INFO - DAG(s) dict_keys(['outcomes_dag']) retrieved from /opt/airflow/dags/outcomes_dag.py
[2023-12-02T08:03:26.053+0000] {logging_mixin.py:154} INFO - [2023-12-02T08:03:26.051+0000] {dag.py:2941} INFO - Sync 1 DAGs
[2023-12-02T08:03:26.075+0000] {logging_mixin.py:154} INFO - [2023-12-02T08:03:26.075+0000] {dag.py:3722} INFO - Setting next_dagrun for outcomes_dag to 2023-11-01T00:00:00+00:00, run_after=2023-11-02T00:00:00+00:00
[2023-12-02T08:03:26.097+0000] {processor.py:179} INFO - Processing /opt/airflow/dags/outcomes_dag.py took 0.854 seconds
