[2023-11-21T00:00:10.407+0000] {processor.py:157} INFO - Started process (PID=517) to work on /opt/airflow/dags/outcomes_dag.py
[2023-11-21T00:00:10.409+0000] {processor.py:829} INFO - Processing file /opt/airflow/dags/outcomes_dag.py for tasks to queue
[2023-11-21T00:00:10.413+0000] {logging_mixin.py:154} INFO - [2023-11-21T00:00:10.413+0000] {dagbag.py:536} INFO - Filling up the DagBag from /opt/airflow/dags/outcomes_dag.py
[2023-11-21T00:00:11.554+0000] {processor.py:839} INFO - DAG(s) dict_keys(['outcomes_dag']) retrieved from /opt/airflow/dags/outcomes_dag.py
[2023-11-21T00:00:11.610+0000] {logging_mixin.py:154} INFO - [2023-11-21T00:00:11.610+0000] {dag.py:2941} INFO - Sync 1 DAGs
[2023-11-21T00:00:11.671+0000] {logging_mixin.py:154} INFO - [2023-11-21T00:00:11.670+0000] {dag.py:3722} INFO - Setting next_dagrun for outcomes_dag to 2023-11-05T00:00:00+00:00, run_after=2023-11-12T00:00:00+00:00
[2023-11-21T00:00:11.720+0000] {processor.py:179} INFO - Processing /opt/airflow/dags/outcomes_dag.py took 1.320 seconds
[2023-11-21T00:00:41.986+0000] {processor.py:157} INFO - Started process (PID=526) to work on /opt/airflow/dags/outcomes_dag.py
[2023-11-21T00:00:41.987+0000] {processor.py:829} INFO - Processing file /opt/airflow/dags/outcomes_dag.py for tasks to queue
[2023-11-21T00:00:41.991+0000] {logging_mixin.py:154} INFO - [2023-11-21T00:00:41.991+0000] {dagbag.py:536} INFO - Filling up the DagBag from /opt/airflow/dags/outcomes_dag.py
[2023-11-21T00:00:42.734+0000] {processor.py:839} INFO - DAG(s) dict_keys(['outcomes_dag']) retrieved from /opt/airflow/dags/outcomes_dag.py
[2023-11-21T00:00:42.757+0000] {logging_mixin.py:154} INFO - [2023-11-21T00:00:42.757+0000] {dag.py:2941} INFO - Sync 1 DAGs
[2023-11-21T00:00:42.781+0000] {logging_mixin.py:154} INFO - [2023-11-21T00:00:42.780+0000] {dag.py:3722} INFO - Setting next_dagrun for outcomes_dag to 2023-11-05T00:00:00+00:00, run_after=2023-11-12T00:00:00+00:00
[2023-11-21T00:00:42.802+0000] {processor.py:179} INFO - Processing /opt/airflow/dags/outcomes_dag.py took 0.822 seconds
[2023-11-21T00:01:12.896+0000] {processor.py:157} INFO - Started process (PID=542) to work on /opt/airflow/dags/outcomes_dag.py
[2023-11-21T00:01:12.897+0000] {processor.py:829} INFO - Processing file /opt/airflow/dags/outcomes_dag.py for tasks to queue
[2023-11-21T00:01:12.903+0000] {logging_mixin.py:154} INFO - [2023-11-21T00:01:12.902+0000] {dagbag.py:536} INFO - Filling up the DagBag from /opt/airflow/dags/outcomes_dag.py
[2023-11-21T00:01:13.879+0000] {processor.py:839} INFO - DAG(s) dict_keys(['outcomes_dag']) retrieved from /opt/airflow/dags/outcomes_dag.py
[2023-11-21T00:01:14.115+0000] {logging_mixin.py:154} INFO - [2023-11-21T00:01:14.113+0000] {dag.py:2941} INFO - Sync 1 DAGs
[2023-11-21T00:01:14.207+0000] {logging_mixin.py:154} INFO - [2023-11-21T00:01:14.207+0000] {dag.py:3722} INFO - Setting next_dagrun for outcomes_dag to 2023-11-05T00:00:00+00:00, run_after=2023-11-12T00:00:00+00:00
[2023-11-21T00:01:14.245+0000] {processor.py:179} INFO - Processing /opt/airflow/dags/outcomes_dag.py took 1.357 seconds
[2023-11-21T00:01:44.518+0000] {processor.py:157} INFO - Started process (PID=551) to work on /opt/airflow/dags/outcomes_dag.py
[2023-11-21T00:01:44.520+0000] {processor.py:829} INFO - Processing file /opt/airflow/dags/outcomes_dag.py for tasks to queue
[2023-11-21T00:01:44.528+0000] {logging_mixin.py:154} INFO - [2023-11-21T00:01:44.527+0000] {dagbag.py:536} INFO - Filling up the DagBag from /opt/airflow/dags/outcomes_dag.py
[2023-11-21T00:01:45.348+0000] {processor.py:839} INFO - DAG(s) dict_keys(['outcomes_dag']) retrieved from /opt/airflow/dags/outcomes_dag.py
[2023-11-21T00:01:45.383+0000] {logging_mixin.py:154} INFO - [2023-11-21T00:01:45.382+0000] {dag.py:2941} INFO - Sync 1 DAGs
[2023-11-21T00:01:45.414+0000] {logging_mixin.py:154} INFO - [2023-11-21T00:01:45.413+0000] {dag.py:3722} INFO - Setting next_dagrun for outcomes_dag to 2023-11-05T00:00:00+00:00, run_after=2023-11-12T00:00:00+00:00
[2023-11-21T00:01:45.448+0000] {processor.py:179} INFO - Processing /opt/airflow/dags/outcomes_dag.py took 0.941 seconds
[2023-11-21T00:02:15.931+0000] {processor.py:157} INFO - Started process (PID=560) to work on /opt/airflow/dags/outcomes_dag.py
[2023-11-21T00:02:15.933+0000] {processor.py:829} INFO - Processing file /opt/airflow/dags/outcomes_dag.py for tasks to queue
[2023-11-21T00:02:15.957+0000] {logging_mixin.py:154} INFO - [2023-11-21T00:02:15.956+0000] {dagbag.py:536} INFO - Filling up the DagBag from /opt/airflow/dags/outcomes_dag.py
[2023-11-21T00:02:17.287+0000] {processor.py:839} INFO - DAG(s) dict_keys(['outcomes_dag']) retrieved from /opt/airflow/dags/outcomes_dag.py
[2023-11-21T00:02:17.329+0000] {logging_mixin.py:154} INFO - [2023-11-21T00:02:17.327+0000] {dag.py:2941} INFO - Sync 1 DAGs
[2023-11-21T00:02:17.372+0000] {logging_mixin.py:154} INFO - [2023-11-21T00:02:17.371+0000] {dag.py:3722} INFO - Setting next_dagrun for outcomes_dag to 2023-11-05T00:00:00+00:00, run_after=2023-11-12T00:00:00+00:00
[2023-11-21T00:02:17.401+0000] {processor.py:179} INFO - Processing /opt/airflow/dags/outcomes_dag.py took 1.527 seconds
[2023-11-21T00:02:47.671+0000] {processor.py:157} INFO - Started process (PID=569) to work on /opt/airflow/dags/outcomes_dag.py
[2023-11-21T00:02:47.672+0000] {processor.py:829} INFO - Processing file /opt/airflow/dags/outcomes_dag.py for tasks to queue
[2023-11-21T00:02:47.675+0000] {logging_mixin.py:154} INFO - [2023-11-21T00:02:47.675+0000] {dagbag.py:536} INFO - Filling up the DagBag from /opt/airflow/dags/outcomes_dag.py
[2023-11-21T00:02:48.168+0000] {processor.py:839} INFO - DAG(s) dict_keys(['outcomes_dag']) retrieved from /opt/airflow/dags/outcomes_dag.py
[2023-11-21T00:02:48.195+0000] {logging_mixin.py:154} INFO - [2023-11-21T00:02:48.195+0000] {dag.py:2941} INFO - Sync 1 DAGs
[2023-11-21T00:02:48.218+0000] {logging_mixin.py:154} INFO - [2023-11-21T00:02:48.218+0000] {dag.py:3722} INFO - Setting next_dagrun for outcomes_dag to 2023-11-05T00:00:00+00:00, run_after=2023-11-12T00:00:00+00:00
[2023-11-21T00:02:48.242+0000] {processor.py:179} INFO - Processing /opt/airflow/dags/outcomes_dag.py took 0.576 seconds
[2023-11-21T00:03:18.502+0000] {processor.py:157} INFO - Started process (PID=578) to work on /opt/airflow/dags/outcomes_dag.py
[2023-11-21T00:03:18.504+0000] {processor.py:829} INFO - Processing file /opt/airflow/dags/outcomes_dag.py for tasks to queue
[2023-11-21T00:03:18.507+0000] {logging_mixin.py:154} INFO - [2023-11-21T00:03:18.506+0000] {dagbag.py:536} INFO - Filling up the DagBag from /opt/airflow/dags/outcomes_dag.py
[2023-11-21T00:03:19.288+0000] {processor.py:839} INFO - DAG(s) dict_keys(['outcomes_dag']) retrieved from /opt/airflow/dags/outcomes_dag.py
[2023-11-21T00:03:19.321+0000] {logging_mixin.py:154} INFO - [2023-11-21T00:03:19.320+0000] {dag.py:2941} INFO - Sync 1 DAGs
[2023-11-21T00:03:19.355+0000] {logging_mixin.py:154} INFO - [2023-11-21T00:03:19.355+0000] {dag.py:3722} INFO - Setting next_dagrun for outcomes_dag to 2023-11-05T00:00:00+00:00, run_after=2023-11-12T00:00:00+00:00
[2023-11-21T00:03:19.389+0000] {processor.py:179} INFO - Processing /opt/airflow/dags/outcomes_dag.py took 0.893 seconds
[2023-11-21T00:03:50.186+0000] {processor.py:157} INFO - Started process (PID=588) to work on /opt/airflow/dags/outcomes_dag.py
[2023-11-21T00:03:50.205+0000] {processor.py:829} INFO - Processing file /opt/airflow/dags/outcomes_dag.py for tasks to queue
[2023-11-21T00:03:50.212+0000] {logging_mixin.py:154} INFO - [2023-11-21T00:03:50.212+0000] {dagbag.py:536} INFO - Filling up the DagBag from /opt/airflow/dags/outcomes_dag.py
[2023-11-21T00:03:51.686+0000] {processor.py:839} INFO - DAG(s) dict_keys(['outcomes_dag']) retrieved from /opt/airflow/dags/outcomes_dag.py
[2023-11-21T00:03:51.718+0000] {logging_mixin.py:154} INFO - [2023-11-21T00:03:51.717+0000] {dag.py:2941} INFO - Sync 1 DAGs
[2023-11-21T00:03:51.773+0000] {logging_mixin.py:154} INFO - [2023-11-21T00:03:51.772+0000] {dag.py:3722} INFO - Setting next_dagrun for outcomes_dag to 2023-11-05T00:00:00+00:00, run_after=2023-11-12T00:00:00+00:00
[2023-11-21T00:03:51.829+0000] {processor.py:179} INFO - Processing /opt/airflow/dags/outcomes_dag.py took 1.791 seconds
[2023-11-21T00:04:22.100+0000] {processor.py:157} INFO - Started process (PID=597) to work on /opt/airflow/dags/outcomes_dag.py
[2023-11-21T00:04:22.101+0000] {processor.py:829} INFO - Processing file /opt/airflow/dags/outcomes_dag.py for tasks to queue
[2023-11-21T00:04:22.105+0000] {logging_mixin.py:154} INFO - [2023-11-21T00:04:22.104+0000] {dagbag.py:536} INFO - Filling up the DagBag from /opt/airflow/dags/outcomes_dag.py
[2023-11-21T00:04:22.802+0000] {processor.py:839} INFO - DAG(s) dict_keys(['outcomes_dag']) retrieved from /opt/airflow/dags/outcomes_dag.py
[2023-11-21T00:04:22.846+0000] {logging_mixin.py:154} INFO - [2023-11-21T00:04:22.846+0000] {dag.py:2941} INFO - Sync 1 DAGs
[2023-11-21T00:04:22.880+0000] {logging_mixin.py:154} INFO - [2023-11-21T00:04:22.879+0000] {dag.py:3722} INFO - Setting next_dagrun for outcomes_dag to 2023-11-05T00:00:00+00:00, run_after=2023-11-12T00:00:00+00:00
[2023-11-21T00:04:22.906+0000] {processor.py:179} INFO - Processing /opt/airflow/dags/outcomes_dag.py took 0.811 seconds
[2023-11-21T00:04:53.302+0000] {processor.py:157} INFO - Started process (PID=606) to work on /opt/airflow/dags/outcomes_dag.py
[2023-11-21T00:04:53.327+0000] {processor.py:829} INFO - Processing file /opt/airflow/dags/outcomes_dag.py for tasks to queue
[2023-11-21T00:04:53.350+0000] {logging_mixin.py:154} INFO - [2023-11-21T00:04:53.348+0000] {dagbag.py:536} INFO - Filling up the DagBag from /opt/airflow/dags/outcomes_dag.py
[2023-11-21T00:04:55.886+0000] {processor.py:839} INFO - DAG(s) dict_keys(['outcomes_dag']) retrieved from /opt/airflow/dags/outcomes_dag.py
[2023-11-21T00:04:55.976+0000] {logging_mixin.py:154} INFO - [2023-11-21T00:04:55.976+0000] {dag.py:2941} INFO - Sync 1 DAGs
[2023-11-21T00:04:56.030+0000] {logging_mixin.py:154} INFO - [2023-11-21T00:04:56.030+0000] {dag.py:3722} INFO - Setting next_dagrun for outcomes_dag to 2023-11-05T00:00:00+00:00, run_after=2023-11-12T00:00:00+00:00
[2023-11-21T00:04:56.072+0000] {processor.py:179} INFO - Processing /opt/airflow/dags/outcomes_dag.py took 2.790 seconds
[2023-11-21T00:05:26.303+0000] {processor.py:157} INFO - Started process (PID=616) to work on /opt/airflow/dags/outcomes_dag.py
[2023-11-21T00:05:26.309+0000] {processor.py:829} INFO - Processing file /opt/airflow/dags/outcomes_dag.py for tasks to queue
[2023-11-21T00:05:26.321+0000] {logging_mixin.py:154} INFO - [2023-11-21T00:05:26.319+0000] {dagbag.py:536} INFO - Filling up the DagBag from /opt/airflow/dags/outcomes_dag.py
[2023-11-21T00:05:28.426+0000] {processor.py:839} INFO - DAG(s) dict_keys(['outcomes_dag']) retrieved from /opt/airflow/dags/outcomes_dag.py
[2023-11-21T00:05:28.571+0000] {logging_mixin.py:154} INFO - [2023-11-21T00:05:28.570+0000] {dag.py:2941} INFO - Sync 1 DAGs
[2023-11-21T00:05:28.632+0000] {logging_mixin.py:154} INFO - [2023-11-21T00:05:28.631+0000] {dag.py:3722} INFO - Setting next_dagrun for outcomes_dag to 2023-11-05T00:00:00+00:00, run_after=2023-11-12T00:00:00+00:00
[2023-11-21T00:05:28.751+0000] {processor.py:179} INFO - Processing /opt/airflow/dags/outcomes_dag.py took 2.459 seconds
[2023-11-21T00:05:59.031+0000] {processor.py:157} INFO - Started process (PID=625) to work on /opt/airflow/dags/outcomes_dag.py
[2023-11-21T00:05:59.033+0000] {processor.py:829} INFO - Processing file /opt/airflow/dags/outcomes_dag.py for tasks to queue
[2023-11-21T00:05:59.039+0000] {logging_mixin.py:154} INFO - [2023-11-21T00:05:59.038+0000] {dagbag.py:536} INFO - Filling up the DagBag from /opt/airflow/dags/outcomes_dag.py
[2023-11-21T00:06:02.884+0000] {processor.py:839} INFO - DAG(s) dict_keys(['outcomes_dag']) retrieved from /opt/airflow/dags/outcomes_dag.py
[2023-11-21T00:06:02.930+0000] {logging_mixin.py:154} INFO - [2023-11-21T00:06:02.929+0000] {dag.py:2941} INFO - Sync 1 DAGs
[2023-11-21T00:06:02.991+0000] {logging_mixin.py:154} INFO - [2023-11-21T00:06:02.991+0000] {dag.py:3722} INFO - Setting next_dagrun for outcomes_dag to 2023-11-05T00:00:00+00:00, run_after=2023-11-12T00:00:00+00:00
[2023-11-21T00:06:03.056+0000] {processor.py:179} INFO - Processing /opt/airflow/dags/outcomes_dag.py took 4.037 seconds
[2023-11-21T00:06:33.406+0000] {processor.py:157} INFO - Started process (PID=634) to work on /opt/airflow/dags/outcomes_dag.py
[2023-11-21T00:06:33.411+0000] {processor.py:829} INFO - Processing file /opt/airflow/dags/outcomes_dag.py for tasks to queue
[2023-11-21T00:06:33.419+0000] {logging_mixin.py:154} INFO - [2023-11-21T00:06:33.415+0000] {dagbag.py:536} INFO - Filling up the DagBag from /opt/airflow/dags/outcomes_dag.py
[2023-11-21T00:06:34.412+0000] {processor.py:839} INFO - DAG(s) dict_keys(['outcomes_dag']) retrieved from /opt/airflow/dags/outcomes_dag.py
[2023-11-21T00:06:34.459+0000] {logging_mixin.py:154} INFO - [2023-11-21T00:06:34.459+0000] {dag.py:2941} INFO - Sync 1 DAGs
[2023-11-21T00:06:34.498+0000] {logging_mixin.py:154} INFO - [2023-11-21T00:06:34.498+0000] {dag.py:3722} INFO - Setting next_dagrun for outcomes_dag to 2023-11-05T00:00:00+00:00, run_after=2023-11-12T00:00:00+00:00
[2023-11-21T00:06:34.544+0000] {processor.py:179} INFO - Processing /opt/airflow/dags/outcomes_dag.py took 1.143 seconds
[2023-11-21T00:07:04.942+0000] {processor.py:157} INFO - Started process (PID=642) to work on /opt/airflow/dags/outcomes_dag.py
[2023-11-21T00:07:04.945+0000] {processor.py:829} INFO - Processing file /opt/airflow/dags/outcomes_dag.py for tasks to queue
[2023-11-21T00:07:04.950+0000] {logging_mixin.py:154} INFO - [2023-11-21T00:07:04.950+0000] {dagbag.py:536} INFO - Filling up the DagBag from /opt/airflow/dags/outcomes_dag.py
[2023-11-21T00:07:05.625+0000] {processor.py:839} INFO - DAG(s) dict_keys(['outcomes_dag']) retrieved from /opt/airflow/dags/outcomes_dag.py
[2023-11-21T00:07:05.664+0000] {logging_mixin.py:154} INFO - [2023-11-21T00:07:05.664+0000] {dag.py:2941} INFO - Sync 1 DAGs
[2023-11-21T00:07:05.705+0000] {logging_mixin.py:154} INFO - [2023-11-21T00:07:05.705+0000] {dag.py:3722} INFO - Setting next_dagrun for outcomes_dag to 2023-11-05T00:00:00+00:00, run_after=2023-11-12T00:00:00+00:00
[2023-11-21T00:07:05.732+0000] {processor.py:179} INFO - Processing /opt/airflow/dags/outcomes_dag.py took 0.796 seconds
[2023-11-21T00:07:36.093+0000] {processor.py:157} INFO - Started process (PID=651) to work on /opt/airflow/dags/outcomes_dag.py
[2023-11-21T00:07:36.095+0000] {processor.py:829} INFO - Processing file /opt/airflow/dags/outcomes_dag.py for tasks to queue
[2023-11-21T00:07:36.102+0000] {logging_mixin.py:154} INFO - [2023-11-21T00:07:36.100+0000] {dagbag.py:536} INFO - Filling up the DagBag from /opt/airflow/dags/outcomes_dag.py
[2023-11-21T00:07:36.821+0000] {processor.py:839} INFO - DAG(s) dict_keys(['outcomes_dag']) retrieved from /opt/airflow/dags/outcomes_dag.py
[2023-11-21T00:07:36.857+0000] {logging_mixin.py:154} INFO - [2023-11-21T00:07:36.857+0000] {dag.py:2941} INFO - Sync 1 DAGs
[2023-11-21T00:07:36.906+0000] {logging_mixin.py:154} INFO - [2023-11-21T00:07:36.905+0000] {dag.py:3722} INFO - Setting next_dagrun for outcomes_dag to 2023-11-05T00:00:00+00:00, run_after=2023-11-12T00:00:00+00:00
[2023-11-21T00:07:36.978+0000] {processor.py:179} INFO - Processing /opt/airflow/dags/outcomes_dag.py took 0.890 seconds
[2023-11-21T00:08:07.463+0000] {processor.py:157} INFO - Started process (PID=660) to work on /opt/airflow/dags/outcomes_dag.py
[2023-11-21T00:08:07.464+0000] {processor.py:829} INFO - Processing file /opt/airflow/dags/outcomes_dag.py for tasks to queue
[2023-11-21T00:08:07.469+0000] {logging_mixin.py:154} INFO - [2023-11-21T00:08:07.468+0000] {dagbag.py:536} INFO - Filling up the DagBag from /opt/airflow/dags/outcomes_dag.py
[2023-11-21T00:08:08.172+0000] {processor.py:839} INFO - DAG(s) dict_keys(['outcomes_dag']) retrieved from /opt/airflow/dags/outcomes_dag.py
[2023-11-21T00:08:08.209+0000] {logging_mixin.py:154} INFO - [2023-11-21T00:08:08.209+0000] {dag.py:2941} INFO - Sync 1 DAGs
[2023-11-21T00:08:08.242+0000] {logging_mixin.py:154} INFO - [2023-11-21T00:08:08.241+0000] {dag.py:3722} INFO - Setting next_dagrun for outcomes_dag to 2023-11-05T00:00:00+00:00, run_after=2023-11-12T00:00:00+00:00
[2023-11-21T00:08:08.272+0000] {processor.py:179} INFO - Processing /opt/airflow/dags/outcomes_dag.py took 0.814 seconds
[2023-11-21T00:08:38.579+0000] {processor.py:157} INFO - Started process (PID=668) to work on /opt/airflow/dags/outcomes_dag.py
[2023-11-21T00:08:38.581+0000] {processor.py:829} INFO - Processing file /opt/airflow/dags/outcomes_dag.py for tasks to queue
[2023-11-21T00:08:38.584+0000] {logging_mixin.py:154} INFO - [2023-11-21T00:08:38.584+0000] {dagbag.py:536} INFO - Filling up the DagBag from /opt/airflow/dags/outcomes_dag.py
[2023-11-21T00:08:39.360+0000] {processor.py:839} INFO - DAG(s) dict_keys(['outcomes_dag']) retrieved from /opt/airflow/dags/outcomes_dag.py
[2023-11-21T00:08:39.408+0000] {logging_mixin.py:154} INFO - [2023-11-21T00:08:39.408+0000] {dag.py:2941} INFO - Sync 1 DAGs
[2023-11-21T00:08:39.470+0000] {logging_mixin.py:154} INFO - [2023-11-21T00:08:39.470+0000] {dag.py:3722} INFO - Setting next_dagrun for outcomes_dag to 2023-11-05T00:00:00+00:00, run_after=2023-11-12T00:00:00+00:00
[2023-11-21T00:08:39.502+0000] {processor.py:179} INFO - Processing /opt/airflow/dags/outcomes_dag.py took 0.927 seconds
[2023-11-21T00:09:09.809+0000] {processor.py:157} INFO - Started process (PID=676) to work on /opt/airflow/dags/outcomes_dag.py
[2023-11-21T00:09:09.812+0000] {processor.py:829} INFO - Processing file /opt/airflow/dags/outcomes_dag.py for tasks to queue
[2023-11-21T00:09:09.819+0000] {logging_mixin.py:154} INFO - [2023-11-21T00:09:09.818+0000] {dagbag.py:536} INFO - Filling up the DagBag from /opt/airflow/dags/outcomes_dag.py
[2023-11-21T00:09:10.957+0000] {processor.py:839} INFO - DAG(s) dict_keys(['outcomes_dag']) retrieved from /opt/airflow/dags/outcomes_dag.py
[2023-11-21T00:09:11.033+0000] {logging_mixin.py:154} INFO - [2023-11-21T00:09:11.032+0000] {dag.py:2941} INFO - Sync 1 DAGs
[2023-11-21T00:09:11.065+0000] {logging_mixin.py:154} INFO - [2023-11-21T00:09:11.065+0000] {dag.py:3722} INFO - Setting next_dagrun for outcomes_dag to 2023-11-05T00:00:00+00:00, run_after=2023-11-12T00:00:00+00:00
[2023-11-21T00:09:11.093+0000] {processor.py:179} INFO - Processing /opt/airflow/dags/outcomes_dag.py took 1.290 seconds
[2023-11-21T00:09:41.335+0000] {processor.py:157} INFO - Started process (PID=684) to work on /opt/airflow/dags/outcomes_dag.py
[2023-11-21T00:09:41.336+0000] {processor.py:829} INFO - Processing file /opt/airflow/dags/outcomes_dag.py for tasks to queue
[2023-11-21T00:09:41.343+0000] {logging_mixin.py:154} INFO - [2023-11-21T00:09:41.342+0000] {dagbag.py:536} INFO - Filling up the DagBag from /opt/airflow/dags/outcomes_dag.py
[2023-11-21T00:09:42.162+0000] {processor.py:839} INFO - DAG(s) dict_keys(['outcomes_dag']) retrieved from /opt/airflow/dags/outcomes_dag.py
[2023-11-21T00:09:42.206+0000] {logging_mixin.py:154} INFO - [2023-11-21T00:09:42.206+0000] {dag.py:2941} INFO - Sync 1 DAGs
[2023-11-21T00:09:42.249+0000] {logging_mixin.py:154} INFO - [2023-11-21T00:09:42.249+0000] {dag.py:3722} INFO - Setting next_dagrun for outcomes_dag to 2023-11-05T00:00:00+00:00, run_after=2023-11-12T00:00:00+00:00
[2023-11-21T00:09:42.283+0000] {processor.py:179} INFO - Processing /opt/airflow/dags/outcomes_dag.py took 0.953 seconds
[2023-11-21T00:10:12.535+0000] {processor.py:157} INFO - Started process (PID=693) to work on /opt/airflow/dags/outcomes_dag.py
[2023-11-21T00:10:12.536+0000] {processor.py:829} INFO - Processing file /opt/airflow/dags/outcomes_dag.py for tasks to queue
[2023-11-21T00:10:12.541+0000] {logging_mixin.py:154} INFO - [2023-11-21T00:10:12.540+0000] {dagbag.py:536} INFO - Filling up the DagBag from /opt/airflow/dags/outcomes_dag.py
[2023-11-21T00:10:13.230+0000] {processor.py:839} INFO - DAG(s) dict_keys(['outcomes_dag']) retrieved from /opt/airflow/dags/outcomes_dag.py
[2023-11-21T00:10:13.261+0000] {logging_mixin.py:154} INFO - [2023-11-21T00:10:13.261+0000] {dag.py:2941} INFO - Sync 1 DAGs
[2023-11-21T00:10:13.294+0000] {logging_mixin.py:154} INFO - [2023-11-21T00:10:13.293+0000] {dag.py:3722} INFO - Setting next_dagrun for outcomes_dag to 2023-11-05T00:00:00+00:00, run_after=2023-11-12T00:00:00+00:00
[2023-11-21T00:10:13.324+0000] {processor.py:179} INFO - Processing /opt/airflow/dags/outcomes_dag.py took 0.796 seconds
[2023-11-21T00:10:43.563+0000] {processor.py:157} INFO - Started process (PID=701) to work on /opt/airflow/dags/outcomes_dag.py
[2023-11-21T00:10:43.564+0000] {processor.py:829} INFO - Processing file /opt/airflow/dags/outcomes_dag.py for tasks to queue
[2023-11-21T00:10:43.571+0000] {logging_mixin.py:154} INFO - [2023-11-21T00:10:43.571+0000] {dagbag.py:536} INFO - Filling up the DagBag from /opt/airflow/dags/outcomes_dag.py
[2023-11-21T00:10:44.572+0000] {processor.py:839} INFO - DAG(s) dict_keys(['outcomes_dag']) retrieved from /opt/airflow/dags/outcomes_dag.py
[2023-11-21T00:10:44.606+0000] {logging_mixin.py:154} INFO - [2023-11-21T00:10:44.606+0000] {dag.py:2941} INFO - Sync 1 DAGs
[2023-11-21T00:10:44.645+0000] {logging_mixin.py:154} INFO - [2023-11-21T00:10:44.645+0000] {dag.py:3722} INFO - Setting next_dagrun for outcomes_dag to 2023-11-05T00:00:00+00:00, run_after=2023-11-12T00:00:00+00:00
[2023-11-21T00:10:44.674+0000] {processor.py:179} INFO - Processing /opt/airflow/dags/outcomes_dag.py took 1.117 seconds
[2023-11-21T00:11:14.830+0000] {processor.py:157} INFO - Started process (PID=710) to work on /opt/airflow/dags/outcomes_dag.py
[2023-11-21T00:11:14.831+0000] {processor.py:829} INFO - Processing file /opt/airflow/dags/outcomes_dag.py for tasks to queue
[2023-11-21T00:11:14.835+0000] {logging_mixin.py:154} INFO - [2023-11-21T00:11:14.834+0000] {dagbag.py:536} INFO - Filling up the DagBag from /opt/airflow/dags/outcomes_dag.py
[2023-11-21T00:11:15.744+0000] {processor.py:839} INFO - DAG(s) dict_keys(['outcomes_dag']) retrieved from /opt/airflow/dags/outcomes_dag.py
[2023-11-21T00:11:15.782+0000] {logging_mixin.py:154} INFO - [2023-11-21T00:11:15.782+0000] {dag.py:2941} INFO - Sync 1 DAGs
[2023-11-21T00:11:15.812+0000] {logging_mixin.py:154} INFO - [2023-11-21T00:11:15.812+0000] {dag.py:3722} INFO - Setting next_dagrun for outcomes_dag to 2023-11-05T00:00:00+00:00, run_after=2023-11-12T00:00:00+00:00
[2023-11-21T00:11:15.842+0000] {processor.py:179} INFO - Processing /opt/airflow/dags/outcomes_dag.py took 1.017 seconds
[2023-11-21T00:11:46.101+0000] {processor.py:157} INFO - Started process (PID=726) to work on /opt/airflow/dags/outcomes_dag.py
[2023-11-21T00:11:46.104+0000] {processor.py:829} INFO - Processing file /opt/airflow/dags/outcomes_dag.py for tasks to queue
[2023-11-21T00:11:46.111+0000] {logging_mixin.py:154} INFO - [2023-11-21T00:11:46.110+0000] {dagbag.py:536} INFO - Filling up the DagBag from /opt/airflow/dags/outcomes_dag.py
[2023-11-21T00:11:46.833+0000] {processor.py:839} INFO - DAG(s) dict_keys(['outcomes_dag']) retrieved from /opt/airflow/dags/outcomes_dag.py
[2023-11-21T00:11:46.864+0000] {logging_mixin.py:154} INFO - [2023-11-21T00:11:46.864+0000] {dag.py:2941} INFO - Sync 1 DAGs
[2023-11-21T00:11:46.905+0000] {logging_mixin.py:154} INFO - [2023-11-21T00:11:46.905+0000] {dag.py:3722} INFO - Setting next_dagrun for outcomes_dag to 2023-11-05T00:00:00+00:00, run_after=2023-11-12T00:00:00+00:00
[2023-11-21T00:11:46.937+0000] {processor.py:179} INFO - Processing /opt/airflow/dags/outcomes_dag.py took 0.841 seconds
[2023-11-21T00:12:17.339+0000] {processor.py:157} INFO - Started process (PID=735) to work on /opt/airflow/dags/outcomes_dag.py
[2023-11-21T00:12:17.341+0000] {processor.py:829} INFO - Processing file /opt/airflow/dags/outcomes_dag.py for tasks to queue
[2023-11-21T00:12:17.363+0000] {logging_mixin.py:154} INFO - [2023-11-21T00:12:17.362+0000] {dagbag.py:536} INFO - Filling up the DagBag from /opt/airflow/dags/outcomes_dag.py
[2023-11-21T00:12:18.196+0000] {processor.py:839} INFO - DAG(s) dict_keys(['outcomes_dag']) retrieved from /opt/airflow/dags/outcomes_dag.py
[2023-11-21T00:12:18.228+0000] {logging_mixin.py:154} INFO - [2023-11-21T00:12:18.228+0000] {dag.py:2941} INFO - Sync 1 DAGs
[2023-11-21T00:12:18.272+0000] {logging_mixin.py:154} INFO - [2023-11-21T00:12:18.272+0000] {dag.py:3722} INFO - Setting next_dagrun for outcomes_dag to 2023-11-05T00:00:00+00:00, run_after=2023-11-12T00:00:00+00:00
[2023-11-21T00:12:18.317+0000] {processor.py:179} INFO - Processing /opt/airflow/dags/outcomes_dag.py took 0.987 seconds
[2023-11-21T00:12:48.721+0000] {processor.py:157} INFO - Started process (PID=744) to work on /opt/airflow/dags/outcomes_dag.py
[2023-11-21T00:12:48.723+0000] {processor.py:829} INFO - Processing file /opt/airflow/dags/outcomes_dag.py for tasks to queue
[2023-11-21T00:12:48.731+0000] {logging_mixin.py:154} INFO - [2023-11-21T00:12:48.731+0000] {dagbag.py:536} INFO - Filling up the DagBag from /opt/airflow/dags/outcomes_dag.py
[2023-11-21T00:12:49.412+0000] {processor.py:839} INFO - DAG(s) dict_keys(['outcomes_dag']) retrieved from /opt/airflow/dags/outcomes_dag.py
[2023-11-21T00:12:49.443+0000] {logging_mixin.py:154} INFO - [2023-11-21T00:12:49.442+0000] {dag.py:2941} INFO - Sync 1 DAGs
[2023-11-21T00:12:49.469+0000] {logging_mixin.py:154} INFO - [2023-11-21T00:12:49.469+0000] {dag.py:3722} INFO - Setting next_dagrun for outcomes_dag to 2023-11-05T00:00:00+00:00, run_after=2023-11-12T00:00:00+00:00
[2023-11-21T00:12:49.494+0000] {processor.py:179} INFO - Processing /opt/airflow/dags/outcomes_dag.py took 0.777 seconds
[2023-11-21T00:13:19.830+0000] {processor.py:157} INFO - Started process (PID=752) to work on /opt/airflow/dags/outcomes_dag.py
[2023-11-21T00:13:19.834+0000] {processor.py:829} INFO - Processing file /opt/airflow/dags/outcomes_dag.py for tasks to queue
[2023-11-21T00:13:19.841+0000] {logging_mixin.py:154} INFO - [2023-11-21T00:13:19.841+0000] {dagbag.py:536} INFO - Filling up the DagBag from /opt/airflow/dags/outcomes_dag.py
[2023-11-21T00:13:20.927+0000] {processor.py:839} INFO - DAG(s) dict_keys(['outcomes_dag']) retrieved from /opt/airflow/dags/outcomes_dag.py
[2023-11-21T00:13:20.968+0000] {logging_mixin.py:154} INFO - [2023-11-21T00:13:20.967+0000] {dag.py:2941} INFO - Sync 1 DAGs
[2023-11-21T00:13:21.017+0000] {logging_mixin.py:154} INFO - [2023-11-21T00:13:21.016+0000] {dag.py:3722} INFO - Setting next_dagrun for outcomes_dag to 2023-11-05T00:00:00+00:00, run_after=2023-11-12T00:00:00+00:00
[2023-11-21T00:13:21.075+0000] {processor.py:179} INFO - Processing /opt/airflow/dags/outcomes_dag.py took 1.251 seconds
[2023-11-21T00:13:51.413+0000] {processor.py:157} INFO - Started process (PID=761) to work on /opt/airflow/dags/outcomes_dag.py
[2023-11-21T00:13:51.414+0000] {processor.py:829} INFO - Processing file /opt/airflow/dags/outcomes_dag.py for tasks to queue
[2023-11-21T00:13:51.417+0000] {logging_mixin.py:154} INFO - [2023-11-21T00:13:51.417+0000] {dagbag.py:536} INFO - Filling up the DagBag from /opt/airflow/dags/outcomes_dag.py
[2023-11-21T00:13:51.996+0000] {processor.py:839} INFO - DAG(s) dict_keys(['outcomes_dag']) retrieved from /opt/airflow/dags/outcomes_dag.py
[2023-11-21T00:13:52.021+0000] {logging_mixin.py:154} INFO - [2023-11-21T00:13:52.021+0000] {dag.py:2941} INFO - Sync 1 DAGs
[2023-11-21T00:13:52.048+0000] {logging_mixin.py:154} INFO - [2023-11-21T00:13:52.047+0000] {dag.py:3722} INFO - Setting next_dagrun for outcomes_dag to 2023-11-05T00:00:00+00:00, run_after=2023-11-12T00:00:00+00:00
[2023-11-21T00:13:52.073+0000] {processor.py:179} INFO - Processing /opt/airflow/dags/outcomes_dag.py took 0.664 seconds
[2023-11-21T00:14:22.449+0000] {processor.py:157} INFO - Started process (PID=770) to work on /opt/airflow/dags/outcomes_dag.py
[2023-11-21T00:14:22.450+0000] {processor.py:829} INFO - Processing file /opt/airflow/dags/outcomes_dag.py for tasks to queue
[2023-11-21T00:14:22.454+0000] {logging_mixin.py:154} INFO - [2023-11-21T00:14:22.454+0000] {dagbag.py:536} INFO - Filling up the DagBag from /opt/airflow/dags/outcomes_dag.py
[2023-11-21T00:14:23.386+0000] {processor.py:839} INFO - DAG(s) dict_keys(['outcomes_dag']) retrieved from /opt/airflow/dags/outcomes_dag.py
[2023-11-21T00:14:23.500+0000] {logging_mixin.py:154} INFO - [2023-11-21T00:14:23.500+0000] {dag.py:2941} INFO - Sync 1 DAGs
[2023-11-21T00:14:23.577+0000] {logging_mixin.py:154} INFO - [2023-11-21T00:14:23.576+0000] {dag.py:3722} INFO - Setting next_dagrun for outcomes_dag to 2023-11-05T00:00:00+00:00, run_after=2023-11-12T00:00:00+00:00
[2023-11-21T00:14:23.657+0000] {processor.py:179} INFO - Processing /opt/airflow/dags/outcomes_dag.py took 1.213 seconds
[2023-11-21T00:14:53.840+0000] {processor.py:157} INFO - Started process (PID=779) to work on /opt/airflow/dags/outcomes_dag.py
[2023-11-21T00:14:53.845+0000] {processor.py:829} INFO - Processing file /opt/airflow/dags/outcomes_dag.py for tasks to queue
[2023-11-21T00:14:53.859+0000] {logging_mixin.py:154} INFO - [2023-11-21T00:14:53.858+0000] {dagbag.py:536} INFO - Filling up the DagBag from /opt/airflow/dags/outcomes_dag.py
[2023-11-21T00:14:54.587+0000] {processor.py:839} INFO - DAG(s) dict_keys(['outcomes_dag']) retrieved from /opt/airflow/dags/outcomes_dag.py
[2023-11-21T00:14:54.620+0000] {logging_mixin.py:154} INFO - [2023-11-21T00:14:54.620+0000] {dag.py:2941} INFO - Sync 1 DAGs
[2023-11-21T00:14:54.657+0000] {logging_mixin.py:154} INFO - [2023-11-21T00:14:54.657+0000] {dag.py:3722} INFO - Setting next_dagrun for outcomes_dag to 2023-11-05T00:00:00+00:00, run_after=2023-11-12T00:00:00+00:00
[2023-11-21T00:14:54.695+0000] {processor.py:179} INFO - Processing /opt/airflow/dags/outcomes_dag.py took 0.859 seconds
[2023-11-21T00:15:25.084+0000] {processor.py:157} INFO - Started process (PID=789) to work on /opt/airflow/dags/outcomes_dag.py
[2023-11-21T00:15:25.094+0000] {processor.py:829} INFO - Processing file /opt/airflow/dags/outcomes_dag.py for tasks to queue
[2023-11-21T00:15:25.115+0000] {logging_mixin.py:154} INFO - [2023-11-21T00:15:25.114+0000] {dagbag.py:536} INFO - Filling up the DagBag from /opt/airflow/dags/outcomes_dag.py
[2023-11-21T00:15:25.946+0000] {processor.py:839} INFO - DAG(s) dict_keys(['outcomes_dag']) retrieved from /opt/airflow/dags/outcomes_dag.py
[2023-11-21T00:15:25.969+0000] {logging_mixin.py:154} INFO - [2023-11-21T00:15:25.969+0000] {dag.py:2941} INFO - Sync 1 DAGs
[2023-11-21T00:15:25.997+0000] {logging_mixin.py:154} INFO - [2023-11-21T00:15:25.997+0000] {dag.py:3722} INFO - Setting next_dagrun for outcomes_dag to 2023-11-05T00:00:00+00:00, run_after=2023-11-12T00:00:00+00:00
[2023-11-21T00:15:26.018+0000] {processor.py:179} INFO - Processing /opt/airflow/dags/outcomes_dag.py took 0.975 seconds
[2023-11-21T00:15:56.462+0000] {processor.py:157} INFO - Started process (PID=799) to work on /opt/airflow/dags/outcomes_dag.py
[2023-11-21T00:15:56.464+0000] {processor.py:829} INFO - Processing file /opt/airflow/dags/outcomes_dag.py for tasks to queue
[2023-11-21T00:15:56.470+0000] {logging_mixin.py:154} INFO - [2023-11-21T00:15:56.470+0000] {dagbag.py:536} INFO - Filling up the DagBag from /opt/airflow/dags/outcomes_dag.py
[2023-11-21T00:15:57.463+0000] {processor.py:839} INFO - DAG(s) dict_keys(['outcomes_dag']) retrieved from /opt/airflow/dags/outcomes_dag.py
[2023-11-21T00:15:57.508+0000] {logging_mixin.py:154} INFO - [2023-11-21T00:15:57.507+0000] {dag.py:2941} INFO - Sync 1 DAGs
[2023-11-21T00:15:57.542+0000] {logging_mixin.py:154} INFO - [2023-11-21T00:15:57.542+0000] {dag.py:3722} INFO - Setting next_dagrun for outcomes_dag to 2023-11-05T00:00:00+00:00, run_after=2023-11-12T00:00:00+00:00
[2023-11-21T00:15:57.567+0000] {processor.py:179} INFO - Processing /opt/airflow/dags/outcomes_dag.py took 1.110 seconds
[2023-11-21T00:16:27.695+0000] {processor.py:157} INFO - Started process (PID=808) to work on /opt/airflow/dags/outcomes_dag.py
[2023-11-21T00:16:27.696+0000] {processor.py:829} INFO - Processing file /opt/airflow/dags/outcomes_dag.py for tasks to queue
[2023-11-21T00:16:27.699+0000] {logging_mixin.py:154} INFO - [2023-11-21T00:16:27.699+0000] {dagbag.py:536} INFO - Filling up the DagBag from /opt/airflow/dags/outcomes_dag.py
[2023-11-21T00:16:28.171+0000] {processor.py:839} INFO - DAG(s) dict_keys(['outcomes_dag']) retrieved from /opt/airflow/dags/outcomes_dag.py
[2023-11-21T00:16:28.206+0000] {logging_mixin.py:154} INFO - [2023-11-21T00:16:28.206+0000] {dag.py:2941} INFO - Sync 1 DAGs
[2023-11-21T00:16:28.228+0000] {logging_mixin.py:154} INFO - [2023-11-21T00:16:28.228+0000] {dag.py:3722} INFO - Setting next_dagrun for outcomes_dag to 2023-11-05T00:00:00+00:00, run_after=2023-11-12T00:00:00+00:00
[2023-11-21T00:16:28.251+0000] {processor.py:179} INFO - Processing /opt/airflow/dags/outcomes_dag.py took 0.560 seconds
[2023-11-21T00:16:58.599+0000] {processor.py:157} INFO - Started process (PID=817) to work on /opt/airflow/dags/outcomes_dag.py
[2023-11-21T00:16:58.601+0000] {processor.py:829} INFO - Processing file /opt/airflow/dags/outcomes_dag.py for tasks to queue
[2023-11-21T00:16:58.604+0000] {logging_mixin.py:154} INFO - [2023-11-21T00:16:58.604+0000] {dagbag.py:536} INFO - Filling up the DagBag from /opt/airflow/dags/outcomes_dag.py
[2023-11-21T00:16:59.442+0000] {processor.py:839} INFO - DAG(s) dict_keys(['outcomes_dag']) retrieved from /opt/airflow/dags/outcomes_dag.py
[2023-11-21T00:16:59.475+0000] {logging_mixin.py:154} INFO - [2023-11-21T00:16:59.475+0000] {dag.py:2941} INFO - Sync 1 DAGs
[2023-11-21T00:16:59.511+0000] {logging_mixin.py:154} INFO - [2023-11-21T00:16:59.510+0000] {dag.py:3722} INFO - Setting next_dagrun for outcomes_dag to 2023-11-05T00:00:00+00:00, run_after=2023-11-12T00:00:00+00:00
[2023-11-21T00:16:59.550+0000] {processor.py:179} INFO - Processing /opt/airflow/dags/outcomes_dag.py took 0.956 seconds
[2023-11-21T00:17:30.121+0000] {processor.py:157} INFO - Started process (PID=826) to work on /opt/airflow/dags/outcomes_dag.py
[2023-11-21T00:17:30.126+0000] {processor.py:829} INFO - Processing file /opt/airflow/dags/outcomes_dag.py for tasks to queue
[2023-11-21T00:17:30.131+0000] {logging_mixin.py:154} INFO - [2023-11-21T00:17:30.131+0000] {dagbag.py:536} INFO - Filling up the DagBag from /opt/airflow/dags/outcomes_dag.py
[2023-11-21T00:17:31.549+0000] {processor.py:839} INFO - DAG(s) dict_keys(['outcomes_dag']) retrieved from /opt/airflow/dags/outcomes_dag.py
[2023-11-21T00:17:31.597+0000] {logging_mixin.py:154} INFO - [2023-11-21T00:17:31.597+0000] {dag.py:2941} INFO - Sync 1 DAGs
[2023-11-21T00:17:31.633+0000] {logging_mixin.py:154} INFO - [2023-11-21T00:17:31.633+0000] {dag.py:3722} INFO - Setting next_dagrun for outcomes_dag to 2023-11-05T00:00:00+00:00, run_after=2023-11-12T00:00:00+00:00
[2023-11-21T00:17:31.669+0000] {processor.py:179} INFO - Processing /opt/airflow/dags/outcomes_dag.py took 1.557 seconds
[2023-11-21T00:17:49.443+0000] {processor.py:157} INFO - Started process (PID=835) to work on /opt/airflow/dags/outcomes_dag.py
[2023-11-21T00:17:49.445+0000] {processor.py:829} INFO - Processing file /opt/airflow/dags/outcomes_dag.py for tasks to queue
[2023-11-21T00:17:49.448+0000] {logging_mixin.py:154} INFO - [2023-11-21T00:17:49.448+0000] {dagbag.py:536} INFO - Filling up the DagBag from /opt/airflow/dags/outcomes_dag.py
[2023-11-21T00:17:50.465+0000] {processor.py:839} INFO - DAG(s) dict_keys(['outcomes_dag']) retrieved from /opt/airflow/dags/outcomes_dag.py
[2023-11-21T00:17:50.841+0000] {logging_mixin.py:154} INFO - [2023-11-21T00:17:50.840+0000] {dag.py:2941} INFO - Sync 1 DAGs
[2023-11-21T00:17:50.876+0000] {logging_mixin.py:154} INFO - [2023-11-21T00:17:50.876+0000] {dag.py:3722} INFO - Setting next_dagrun for outcomes_dag to 2023-11-05T00:00:00+00:00, run_after=2023-11-12T00:00:00+00:00
[2023-11-21T00:17:50.943+0000] {processor.py:179} INFO - Processing /opt/airflow/dags/outcomes_dag.py took 1.507 seconds
[2023-11-21T00:17:55.961+0000] {processor.py:157} INFO - Started process (PID=837) to work on /opt/airflow/dags/outcomes_dag.py
[2023-11-21T00:17:55.962+0000] {processor.py:829} INFO - Processing file /opt/airflow/dags/outcomes_dag.py for tasks to queue
[2023-11-21T00:17:55.969+0000] {logging_mixin.py:154} INFO - [2023-11-21T00:17:55.968+0000] {dagbag.py:536} INFO - Filling up the DagBag from /opt/airflow/dags/outcomes_dag.py
[2023-11-21T00:17:57.955+0000] {processor.py:839} INFO - DAG(s) dict_keys(['outcomes_dag']) retrieved from /opt/airflow/dags/outcomes_dag.py
[2023-11-21T00:17:57.977+0000] {logging_mixin.py:154} INFO - [2023-11-21T00:17:57.977+0000] {dag.py:2941} INFO - Sync 1 DAGs
[2023-11-21T00:17:58.118+0000] {logging_mixin.py:154} INFO - [2023-11-21T00:17:58.118+0000] {dag.py:3722} INFO - Setting next_dagrun for outcomes_dag to 2023-11-05T00:00:00+00:00, run_after=2023-11-12T00:00:00+00:00
[2023-11-21T00:17:58.182+0000] {processor.py:179} INFO - Processing /opt/airflow/dags/outcomes_dag.py took 2.234 seconds
[2023-11-21T00:18:29.104+0000] {processor.py:157} INFO - Started process (PID=845) to work on /opt/airflow/dags/outcomes_dag.py
[2023-11-21T00:18:29.106+0000] {processor.py:829} INFO - Processing file /opt/airflow/dags/outcomes_dag.py for tasks to queue
[2023-11-21T00:18:29.118+0000] {logging_mixin.py:154} INFO - [2023-11-21T00:18:29.117+0000] {dagbag.py:536} INFO - Filling up the DagBag from /opt/airflow/dags/outcomes_dag.py
[2023-11-21T00:22:18.956+0000] {processor.py:157} INFO - Started process (PID=57) to work on /opt/airflow/dags/outcomes_dag.py
[2023-11-21T00:22:19.233+0000] {processor.py:829} INFO - Processing file /opt/airflow/dags/outcomes_dag.py for tasks to queue
[2023-11-21T00:22:19.541+0000] {logging_mixin.py:154} INFO - [2023-11-21T00:22:19.521+0000] {dagbag.py:536} INFO - Filling up the DagBag from /opt/airflow/dags/outcomes_dag.py
[2023-11-21T00:22:39.004+0000] {processor.py:839} INFO - DAG(s) dict_keys(['outcomes_dag']) retrieved from /opt/airflow/dags/outcomes_dag.py
[2023-11-21T00:22:39.991+0000] {logging_mixin.py:154} INFO - [2023-11-21T00:22:39.991+0000] {manager.py:499} INFO - Created Permission View: %s
[2023-11-21T00:22:40.023+0000] {logging_mixin.py:154} INFO - [2023-11-21T00:22:40.022+0000] {manager.py:499} INFO - Created Permission View: %s
[2023-11-21T00:22:40.063+0000] {logging_mixin.py:154} INFO - [2023-11-21T00:22:40.063+0000] {manager.py:499} INFO - Created Permission View: %s
[2023-11-21T00:22:40.068+0000] {logging_mixin.py:154} INFO - [2023-11-21T00:22:40.068+0000] {dag.py:2941} INFO - Sync 1 DAGs
[2023-11-21T00:22:40.097+0000] {logging_mixin.py:154} INFO - [2023-11-21T00:22:40.096+0000] {dag.py:2963} INFO - Creating ORM DAG for outcomes_dag
[2023-11-21T00:22:40.132+0000] {logging_mixin.py:154} INFO - [2023-11-21T00:22:40.132+0000] {dag.py:3722} INFO - Setting next_dagrun for outcomes_dag to 2023-11-05T00:00:00+00:00, run_after=2023-11-12T00:00:00+00:00
[2023-11-21T00:22:40.196+0000] {processor.py:179} INFO - Processing /opt/airflow/dags/outcomes_dag.py took 21.737 seconds
[2023-11-21T00:23:10.820+0000] {processor.py:157} INFO - Started process (PID=66) to work on /opt/airflow/dags/outcomes_dag.py
[2023-11-21T00:23:10.835+0000] {processor.py:829} INFO - Processing file /opt/airflow/dags/outcomes_dag.py for tasks to queue
[2023-11-21T00:23:10.853+0000] {logging_mixin.py:154} INFO - [2023-11-21T00:23:10.853+0000] {dagbag.py:536} INFO - Filling up the DagBag from /opt/airflow/dags/outcomes_dag.py
[2023-11-21T00:23:14.137+0000] {processor.py:839} INFO - DAG(s) dict_keys(['outcomes_dag']) retrieved from /opt/airflow/dags/outcomes_dag.py
[2023-11-21T00:23:14.341+0000] {logging_mixin.py:154} INFO - [2023-11-21T00:23:14.341+0000] {dag.py:2941} INFO - Sync 1 DAGs
[2023-11-21T00:23:14.592+0000] {logging_mixin.py:154} INFO - [2023-11-21T00:23:14.591+0000] {dag.py:3722} INFO - Setting next_dagrun for outcomes_dag to 2023-11-05T00:00:00+00:00, run_after=2023-11-12T00:00:00+00:00
[2023-11-21T00:23:14.681+0000] {processor.py:179} INFO - Processing /opt/airflow/dags/outcomes_dag.py took 3.916 seconds
[2023-11-21T00:23:45.341+0000] {processor.py:157} INFO - Started process (PID=75) to work on /opt/airflow/dags/outcomes_dag.py
[2023-11-21T00:23:45.357+0000] {processor.py:829} INFO - Processing file /opt/airflow/dags/outcomes_dag.py for tasks to queue
[2023-11-21T00:23:45.401+0000] {logging_mixin.py:154} INFO - [2023-11-21T00:23:45.400+0000] {dagbag.py:536} INFO - Filling up the DagBag from /opt/airflow/dags/outcomes_dag.py
[2023-11-21T00:23:49.396+0000] {processor.py:839} INFO - DAG(s) dict_keys(['outcomes_dag']) retrieved from /opt/airflow/dags/outcomes_dag.py
[2023-11-21T00:23:49.505+0000] {logging_mixin.py:154} INFO - [2023-11-21T00:23:49.505+0000] {dag.py:2941} INFO - Sync 1 DAGs
[2023-11-21T00:23:49.698+0000] {logging_mixin.py:154} INFO - [2023-11-21T00:23:49.697+0000] {dag.py:3722} INFO - Setting next_dagrun for outcomes_dag to 2023-11-05T00:00:00+00:00, run_after=2023-11-12T00:00:00+00:00
[2023-11-21T00:23:49.724+0000] {processor.py:179} INFO - Processing /opt/airflow/dags/outcomes_dag.py took 4.393 seconds
[2023-11-21T00:24:20.044+0000] {processor.py:157} INFO - Started process (PID=92) to work on /opt/airflow/dags/outcomes_dag.py
[2023-11-21T00:24:20.048+0000] {processor.py:829} INFO - Processing file /opt/airflow/dags/outcomes_dag.py for tasks to queue
[2023-11-21T00:24:20.052+0000] {logging_mixin.py:154} INFO - [2023-11-21T00:24:20.051+0000] {dagbag.py:536} INFO - Filling up the DagBag from /opt/airflow/dags/outcomes_dag.py
[2023-11-21T00:24:21.313+0000] {processor.py:839} INFO - DAG(s) dict_keys(['outcomes_dag']) retrieved from /opt/airflow/dags/outcomes_dag.py
[2023-11-21T00:24:21.356+0000] {logging_mixin.py:154} INFO - [2023-11-21T00:24:21.356+0000] {dag.py:2941} INFO - Sync 1 DAGs
[2023-11-21T00:24:21.386+0000] {logging_mixin.py:154} INFO - [2023-11-21T00:24:21.386+0000] {dag.py:3722} INFO - Setting next_dagrun for outcomes_dag to 2023-11-05T00:00:00+00:00, run_after=2023-11-12T00:00:00+00:00
[2023-11-21T00:24:21.413+0000] {processor.py:179} INFO - Processing /opt/airflow/dags/outcomes_dag.py took 1.376 seconds
[2023-11-21T00:24:51.634+0000] {processor.py:157} INFO - Started process (PID=102) to work on /opt/airflow/dags/outcomes_dag.py
[2023-11-21T00:24:51.636+0000] {processor.py:829} INFO - Processing file /opt/airflow/dags/outcomes_dag.py for tasks to queue
[2023-11-21T00:24:51.639+0000] {logging_mixin.py:154} INFO - [2023-11-21T00:24:51.638+0000] {dagbag.py:536} INFO - Filling up the DagBag from /opt/airflow/dags/outcomes_dag.py
[2023-11-21T00:24:52.391+0000] {processor.py:839} INFO - DAG(s) dict_keys(['outcomes_dag']) retrieved from /opt/airflow/dags/outcomes_dag.py
[2023-11-21T00:24:52.414+0000] {logging_mixin.py:154} INFO - [2023-11-21T00:24:52.414+0000] {dag.py:2941} INFO - Sync 1 DAGs
[2023-11-21T00:24:52.437+0000] {logging_mixin.py:154} INFO - [2023-11-21T00:24:52.437+0000] {dag.py:3722} INFO - Setting next_dagrun for outcomes_dag to 2023-11-05T00:00:00+00:00, run_after=2023-11-12T00:00:00+00:00
[2023-11-21T00:24:52.459+0000] {processor.py:179} INFO - Processing /opt/airflow/dags/outcomes_dag.py took 0.831 seconds
[2023-11-21T00:25:29.876+0000] {processor.py:157} INFO - Started process (PID=111) to work on /opt/airflow/dags/outcomes_dag.py
[2023-11-21T00:25:30.250+0000] {processor.py:829} INFO - Processing file /opt/airflow/dags/outcomes_dag.py for tasks to queue
[2023-11-21T00:25:30.279+0000] {logging_mixin.py:154} INFO - [2023-11-21T00:25:30.278+0000] {dagbag.py:536} INFO - Filling up the DagBag from /opt/airflow/dags/outcomes_dag.py
[2023-11-21T00:25:39.481+0000] {processor.py:839} INFO - DAG(s) dict_keys(['outcomes_dag']) retrieved from /opt/airflow/dags/outcomes_dag.py
[2023-11-21T00:25:39.670+0000] {logging_mixin.py:154} INFO - [2023-11-21T00:25:39.670+0000] {dag.py:2941} INFO - Sync 1 DAGs
[2023-11-21T00:25:39.722+0000] {logging_mixin.py:154} INFO - [2023-11-21T00:25:39.721+0000] {dag.py:3722} INFO - Setting next_dagrun for outcomes_dag to 2023-11-05T00:00:00+00:00, run_after=2023-11-12T00:00:00+00:00
[2023-11-21T00:25:39.763+0000] {processor.py:179} INFO - Processing /opt/airflow/dags/outcomes_dag.py took 10.099 seconds
[2023-11-21T00:26:09.960+0000] {processor.py:157} INFO - Started process (PID=119) to work on /opt/airflow/dags/outcomes_dag.py
[2023-11-21T00:26:09.963+0000] {processor.py:829} INFO - Processing file /opt/airflow/dags/outcomes_dag.py for tasks to queue
[2023-11-21T00:26:09.980+0000] {logging_mixin.py:154} INFO - [2023-11-21T00:26:09.978+0000] {dagbag.py:536} INFO - Filling up the DagBag from /opt/airflow/dags/outcomes_dag.py
[2023-11-21T00:26:11.862+0000] {processor.py:839} INFO - DAG(s) dict_keys(['outcomes_dag']) retrieved from /opt/airflow/dags/outcomes_dag.py
[2023-11-21T00:26:11.980+0000] {logging_mixin.py:154} INFO - [2023-11-21T00:26:11.979+0000] {dag.py:2941} INFO - Sync 1 DAGs
[2023-11-21T00:26:12.055+0000] {logging_mixin.py:154} INFO - [2023-11-21T00:26:12.054+0000] {dag.py:3722} INFO - Setting next_dagrun for outcomes_dag to 2023-11-05T00:00:00+00:00, run_after=2023-11-12T00:00:00+00:00
[2023-11-21T00:26:12.122+0000] {processor.py:179} INFO - Processing /opt/airflow/dags/outcomes_dag.py took 2.174 seconds
[2023-11-21T00:26:45.391+0000] {processor.py:157} INFO - Started process (PID=128) to work on /opt/airflow/dags/outcomes_dag.py
[2023-11-21T00:26:45.700+0000] {processor.py:829} INFO - Processing file /opt/airflow/dags/outcomes_dag.py for tasks to queue
[2023-11-21T00:26:45.761+0000] {logging_mixin.py:154} INFO - [2023-11-21T00:26:45.761+0000] {dagbag.py:536} INFO - Filling up the DagBag from /opt/airflow/dags/outcomes_dag.py
[2023-11-21T00:26:59.652+0000] {processor.py:839} INFO - DAG(s) dict_keys(['outcomes_dag']) retrieved from /opt/airflow/dags/outcomes_dag.py
[2023-11-21T00:26:59.775+0000] {logging_mixin.py:154} INFO - [2023-11-21T00:26:59.774+0000] {dag.py:2941} INFO - Sync 1 DAGs
[2023-11-21T00:26:59.841+0000] {logging_mixin.py:154} INFO - [2023-11-21T00:26:59.841+0000] {dag.py:3722} INFO - Setting next_dagrun for outcomes_dag to 2023-11-19T00:00:00+00:00, run_after=2023-11-26T00:00:00+00:00
[2023-11-21T00:26:59.976+0000] {processor.py:179} INFO - Processing /opt/airflow/dags/outcomes_dag.py took 15.735 seconds
[2023-11-21T00:27:31.997+0000] {processor.py:157} INFO - Started process (PID=145) to work on /opt/airflow/dags/outcomes_dag.py
[2023-11-21T00:27:32.857+0000] {processor.py:829} INFO - Processing file /opt/airflow/dags/outcomes_dag.py for tasks to queue
[2023-11-21T00:27:33.024+0000] {logging_mixin.py:154} INFO - [2023-11-21T00:27:32.903+0000] {dagbag.py:536} INFO - Filling up the DagBag from /opt/airflow/dags/outcomes_dag.py
[2023-11-21T00:28:00.826+0000] {processor.py:839} INFO - DAG(s) dict_keys(['outcomes_dag']) retrieved from /opt/airflow/dags/outcomes_dag.py
[2023-11-21T00:28:01.463+0000] {logging_mixin.py:154} INFO - [2023-11-21T00:28:01.462+0000] {dag.py:2941} INFO - Sync 1 DAGs
[2023-11-21T00:28:02.306+0000] {logging_mixin.py:154} INFO - [2023-11-21T00:28:02.288+0000] {dag.py:3722} INFO - Setting next_dagrun for outcomes_dag to 2023-11-19T00:00:00+00:00, run_after=2023-11-26T00:00:00+00:00
[2023-11-21T00:28:02.646+0000] {processor.py:179} INFO - Processing /opt/airflow/dags/outcomes_dag.py took 31.145 seconds
[2023-11-21T00:28:33.395+0000] {processor.py:157} INFO - Started process (PID=162) to work on /opt/airflow/dags/outcomes_dag.py
[2023-11-21T00:28:33.403+0000] {processor.py:829} INFO - Processing file /opt/airflow/dags/outcomes_dag.py for tasks to queue
[2023-11-21T00:28:33.493+0000] {logging_mixin.py:154} INFO - [2023-11-21T00:28:33.476+0000] {dagbag.py:536} INFO - Filling up the DagBag from /opt/airflow/dags/outcomes_dag.py
[2023-11-21T00:28:57.016+0000] {processor.py:839} INFO - DAG(s) dict_keys(['outcomes_dag']) retrieved from /opt/airflow/dags/outcomes_dag.py
[2023-11-21T00:28:57.252+0000] {logging_mixin.py:154} INFO - [2023-11-21T00:28:57.251+0000] {dag.py:2941} INFO - Sync 1 DAGs
[2023-11-21T00:28:57.409+0000] {logging_mixin.py:154} INFO - [2023-11-21T00:28:57.409+0000] {dag.py:3722} INFO - Setting next_dagrun for outcomes_dag to 2023-11-19T00:00:00+00:00, run_after=2023-11-26T00:00:00+00:00
[2023-11-21T00:28:57.567+0000] {processor.py:179} INFO - Processing /opt/airflow/dags/outcomes_dag.py took 24.223 seconds
[2023-11-21T00:29:28.001+0000] {processor.py:157} INFO - Started process (PID=170) to work on /opt/airflow/dags/outcomes_dag.py
[2023-11-21T00:29:28.005+0000] {processor.py:829} INFO - Processing file /opt/airflow/dags/outcomes_dag.py for tasks to queue
[2023-11-21T00:29:28.022+0000] {logging_mixin.py:154} INFO - [2023-11-21T00:29:28.018+0000] {dagbag.py:536} INFO - Filling up the DagBag from /opt/airflow/dags/outcomes_dag.py
[2023-11-21T00:29:35.127+0000] {processor.py:839} INFO - DAG(s) dict_keys(['outcomes_dag']) retrieved from /opt/airflow/dags/outcomes_dag.py
[2023-11-21T00:29:35.252+0000] {logging_mixin.py:154} INFO - [2023-11-21T00:29:35.251+0000] {dag.py:2941} INFO - Sync 1 DAGs
[2023-11-21T00:29:35.335+0000] {logging_mixin.py:154} INFO - [2023-11-21T00:29:35.335+0000] {dag.py:3722} INFO - Setting next_dagrun for outcomes_dag to 2023-11-19T00:00:00+00:00, run_after=2023-11-26T00:00:00+00:00
[2023-11-21T00:29:35.407+0000] {processor.py:179} INFO - Processing /opt/airflow/dags/outcomes_dag.py took 7.431 seconds
[2023-11-21T00:30:07.454+0000] {processor.py:157} INFO - Started process (PID=185) to work on /opt/airflow/dags/outcomes_dag.py
[2023-11-21T00:30:07.470+0000] {processor.py:829} INFO - Processing file /opt/airflow/dags/outcomes_dag.py for tasks to queue
[2023-11-21T00:30:07.677+0000] {logging_mixin.py:154} INFO - [2023-11-21T00:30:07.676+0000] {dagbag.py:536} INFO - Filling up the DagBag from /opt/airflow/dags/outcomes_dag.py
[2023-11-21T00:30:37.742+0000] {logging_mixin.py:154} INFO - [2023-11-21T00:30:37.725+0000] {timeout.py:68} ERROR - Process timed out, PID: 185
[2023-11-21T00:30:37.982+0000] {logging_mixin.py:154} INFO - [2023-11-21T00:30:37.743+0000] {dagbag.py:346} ERROR - Failed to import: /opt/airflow/dags/outcomes_dag.py
Traceback (most recent call last):
  File "/home/airflow/.local/lib/python3.8/site-packages/airflow/models/dagbag.py", line 342, in parse
    loader.exec_module(new_module)
  File "<frozen importlib._bootstrap_external>", line 843, in exec_module
  File "<frozen importlib._bootstrap>", line 219, in _call_with_frames_removed
  File "/opt/airflow/dags/outcomes_dag.py", line 4, in <module>
    from etl_scripts.transform import transform_data
  File "/opt/airflow/dags/etl_scripts/transform.py", line 1, in <module>
    import pandas as pd
  File "/home/airflow/.local/lib/python3.8/site-packages/pandas/__init__.py", line 48, in <module>
    from pandas.core.api import (
  File "/home/airflow/.local/lib/python3.8/site-packages/pandas/core/api.py", line 47, in <module>
    from pandas.core.groupby import (
  File "/home/airflow/.local/lib/python3.8/site-packages/pandas/core/groupby/__init__.py", line 1, in <module>
    from pandas.core.groupby.generic import (
  File "/home/airflow/.local/lib/python3.8/site-packages/pandas/core/groupby/generic.py", line 79, in <module>
    from pandas.core.groupby.groupby import (
  File "/home/airflow/.local/lib/python3.8/site-packages/pandas/core/groupby/groupby.py", line 111, in <module>
    from pandas.core.groupby import (
  File "/home/airflow/.local/lib/python3.8/site-packages/pandas/core/groupby/ops.py", line 1203, in <module>
    class DataSplitter(Generic[NDFrameT]):
  File "/usr/local/lib/python3.8/typing.py", line 900, in __init_subclass__
    def __init_subclass__(cls, *args, **kwargs):
  File "/home/airflow/.local/lib/python3.8/site-packages/airflow/utils/timeout.py", line 69, in handle_timeout
    raise AirflowTaskTimeout(self.error_message)
airflow.exceptions.AirflowTaskTimeout: DagBag import timeout for /opt/airflow/dags/outcomes_dag.py after 30.0s.
Please take a look at these docs to improve your DAG import time:
* https://airflow.apache.org/docs/apache-airflow/2.7.3/best-practices.html#top-level-python-code
* https://airflow.apache.org/docs/apache-airflow/2.7.3/best-practices.html#reducing-dag-complexity, PID: 185
[2023-11-21T00:30:37.985+0000] {processor.py:841} WARNING - No viable dags retrieved from /opt/airflow/dags/outcomes_dag.py
[2023-11-21T00:30:39.605+0000] {processor.py:179} INFO - Processing /opt/airflow/dags/outcomes_dag.py took 32.619 seconds
[2023-11-21T00:31:11.403+0000] {processor.py:157} INFO - Started process (PID=202) to work on /opt/airflow/dags/outcomes_dag.py
[2023-11-21T00:31:11.590+0000] {processor.py:829} INFO - Processing file /opt/airflow/dags/outcomes_dag.py for tasks to queue
[2023-11-21T00:31:11.957+0000] {logging_mixin.py:154} INFO - [2023-11-21T00:31:11.952+0000] {dagbag.py:536} INFO - Filling up the DagBag from /opt/airflow/dags/outcomes_dag.py
[2023-11-21T00:31:26.716+0000] {processor.py:839} INFO - DAG(s) dict_keys(['outcomes_dag']) retrieved from /opt/airflow/dags/outcomes_dag.py
[2023-11-21T00:31:29.933+0000] {logging_mixin.py:154} INFO - [2023-11-21T00:31:29.927+0000] {dag.py:2941} INFO - Sync 1 DAGs
[2023-11-21T00:31:30.149+0000] {logging_mixin.py:154} INFO - [2023-11-21T00:31:30.149+0000] {dag.py:3722} INFO - Setting next_dagrun for outcomes_dag to 2023-11-19T00:00:00+00:00, run_after=2023-11-26T00:00:00+00:00
[2023-11-21T00:31:30.357+0000] {processor.py:179} INFO - Processing /opt/airflow/dags/outcomes_dag.py took 19.407 seconds
[2023-11-21T00:32:01.031+0000] {processor.py:157} INFO - Started process (PID=211) to work on /opt/airflow/dags/outcomes_dag.py
[2023-11-21T00:32:01.052+0000] {processor.py:829} INFO - Processing file /opt/airflow/dags/outcomes_dag.py for tasks to queue
[2023-11-21T00:32:01.060+0000] {logging_mixin.py:154} INFO - [2023-11-21T00:32:01.060+0000] {dagbag.py:536} INFO - Filling up the DagBag from /opt/airflow/dags/outcomes_dag.py
[2023-11-21T00:32:05.436+0000] {processor.py:839} INFO - DAG(s) dict_keys(['outcomes_dag']) retrieved from /opt/airflow/dags/outcomes_dag.py
[2023-11-21T00:32:05.708+0000] {logging_mixin.py:154} INFO - [2023-11-21T00:32:05.707+0000] {dag.py:2941} INFO - Sync 1 DAGs
[2023-11-21T00:32:05.829+0000] {logging_mixin.py:154} INFO - [2023-11-21T00:32:05.829+0000] {dag.py:3722} INFO - Setting next_dagrun for outcomes_dag to 2023-11-19T00:00:00+00:00, run_after=2023-11-26T00:00:00+00:00
[2023-11-21T00:32:05.938+0000] {processor.py:179} INFO - Processing /opt/airflow/dags/outcomes_dag.py took 4.968 seconds
[2023-11-21T00:32:36.834+0000] {processor.py:157} INFO - Started process (PID=220) to work on /opt/airflow/dags/outcomes_dag.py
[2023-11-21T00:32:36.895+0000] {processor.py:829} INFO - Processing file /opt/airflow/dags/outcomes_dag.py for tasks to queue
[2023-11-21T00:32:36.916+0000] {logging_mixin.py:154} INFO - [2023-11-21T00:32:36.914+0000] {dagbag.py:536} INFO - Filling up the DagBag from /opt/airflow/dags/outcomes_dag.py
[2023-11-21T00:32:39.546+0000] {processor.py:839} INFO - DAG(s) dict_keys(['outcomes_dag']) retrieved from /opt/airflow/dags/outcomes_dag.py
[2023-11-21T00:32:39.778+0000] {logging_mixin.py:154} INFO - [2023-11-21T00:32:39.777+0000] {dag.py:2941} INFO - Sync 1 DAGs
[2023-11-21T00:32:39.867+0000] {logging_mixin.py:154} INFO - [2023-11-21T00:32:39.861+0000] {dag.py:3722} INFO - Setting next_dagrun for outcomes_dag to 2023-11-19T00:00:00+00:00, run_after=2023-11-26T00:00:00+00:00
[2023-11-21T00:32:40.060+0000] {processor.py:179} INFO - Processing /opt/airflow/dags/outcomes_dag.py took 3.236 seconds
[2023-11-21T00:33:11.093+0000] {processor.py:157} INFO - Started process (PID=237) to work on /opt/airflow/dags/outcomes_dag.py
[2023-11-21T00:33:11.098+0000] {processor.py:829} INFO - Processing file /opt/airflow/dags/outcomes_dag.py for tasks to queue
[2023-11-21T00:33:11.100+0000] {logging_mixin.py:154} INFO - [2023-11-21T00:33:11.099+0000] {dagbag.py:536} INFO - Filling up the DagBag from /opt/airflow/dags/outcomes_dag.py
[2023-11-21T00:33:12.817+0000] {processor.py:839} INFO - DAG(s) dict_keys(['outcomes_dag']) retrieved from /opt/airflow/dags/outcomes_dag.py
[2023-11-21T00:33:13.013+0000] {logging_mixin.py:154} INFO - [2023-11-21T00:33:13.012+0000] {dag.py:2941} INFO - Sync 1 DAGs
[2023-11-21T00:33:13.599+0000] {logging_mixin.py:154} INFO - [2023-11-21T00:33:13.598+0000] {dag.py:3722} INFO - Setting next_dagrun for outcomes_dag to 2023-11-19T00:00:00+00:00, run_after=2023-11-26T00:00:00+00:00
[2023-11-21T00:33:13.711+0000] {processor.py:179} INFO - Processing /opt/airflow/dags/outcomes_dag.py took 2.624 seconds
[2023-11-21T00:33:43.798+0000] {processor.py:157} INFO - Started process (PID=246) to work on /opt/airflow/dags/outcomes_dag.py
[2023-11-21T00:33:43.804+0000] {processor.py:829} INFO - Processing file /opt/airflow/dags/outcomes_dag.py for tasks to queue
[2023-11-21T00:33:43.806+0000] {logging_mixin.py:154} INFO - [2023-11-21T00:33:43.806+0000] {dagbag.py:536} INFO - Filling up the DagBag from /opt/airflow/dags/outcomes_dag.py
[2023-11-21T00:33:45.023+0000] {processor.py:839} INFO - DAG(s) dict_keys(['outcomes_dag']) retrieved from /opt/airflow/dags/outcomes_dag.py
[2023-11-21T00:33:45.061+0000] {logging_mixin.py:154} INFO - [2023-11-21T00:33:45.061+0000] {dag.py:2941} INFO - Sync 1 DAGs
[2023-11-21T00:33:45.104+0000] {logging_mixin.py:154} INFO - [2023-11-21T00:33:45.104+0000] {dag.py:3722} INFO - Setting next_dagrun for outcomes_dag to 2023-11-19T00:00:00+00:00, run_after=2023-11-26T00:00:00+00:00
[2023-11-21T00:33:45.131+0000] {processor.py:179} INFO - Processing /opt/airflow/dags/outcomes_dag.py took 1.339 seconds
[2023-11-21T00:34:15.562+0000] {processor.py:157} INFO - Started process (PID=255) to work on /opt/airflow/dags/outcomes_dag.py
[2023-11-21T00:34:15.566+0000] {processor.py:829} INFO - Processing file /opt/airflow/dags/outcomes_dag.py for tasks to queue
[2023-11-21T00:34:15.571+0000] {logging_mixin.py:154} INFO - [2023-11-21T00:34:15.569+0000] {dagbag.py:536} INFO - Filling up the DagBag from /opt/airflow/dags/outcomes_dag.py
[2023-11-21T00:34:21.742+0000] {processor.py:839} INFO - DAG(s) dict_keys(['outcomes_dag']) retrieved from /opt/airflow/dags/outcomes_dag.py
[2023-11-21T00:34:22.146+0000] {logging_mixin.py:154} INFO - [2023-11-21T00:34:22.145+0000] {dag.py:2941} INFO - Sync 1 DAGs
[2023-11-21T00:34:22.505+0000] {logging_mixin.py:154} INFO - [2023-11-21T00:34:22.502+0000] {dag.py:3722} INFO - Setting next_dagrun for outcomes_dag to 2023-11-19T00:00:00+00:00, run_after=2023-11-26T00:00:00+00:00
[2023-11-21T00:34:25.156+0000] {processor.py:179} INFO - Processing /opt/airflow/dags/outcomes_dag.py took 9.647 seconds
[2023-11-21T00:34:56.512+0000] {processor.py:157} INFO - Started process (PID=264) to work on /opt/airflow/dags/outcomes_dag.py
[2023-11-21T00:34:56.552+0000] {processor.py:829} INFO - Processing file /opt/airflow/dags/outcomes_dag.py for tasks to queue
[2023-11-21T00:34:56.555+0000] {logging_mixin.py:154} INFO - [2023-11-21T00:34:56.554+0000] {dagbag.py:536} INFO - Filling up the DagBag from /opt/airflow/dags/outcomes_dag.py
[2023-11-21T00:35:01.986+0000] {processor.py:839} INFO - DAG(s) dict_keys(['outcomes_dag']) retrieved from /opt/airflow/dags/outcomes_dag.py
[2023-11-21T00:35:02.082+0000] {logging_mixin.py:154} INFO - [2023-11-21T00:35:02.081+0000] {dag.py:2941} INFO - Sync 1 DAGs
[2023-11-21T00:35:02.151+0000] {logging_mixin.py:154} INFO - [2023-11-21T00:35:02.151+0000] {dag.py:3722} INFO - Setting next_dagrun for outcomes_dag to 2023-11-19T00:00:00+00:00, run_after=2023-11-26T00:00:00+00:00
[2023-11-21T00:35:02.208+0000] {processor.py:179} INFO - Processing /opt/airflow/dags/outcomes_dag.py took 5.739 seconds
[2023-11-21T00:35:32.542+0000] {processor.py:157} INFO - Started process (PID=273) to work on /opt/airflow/dags/outcomes_dag.py
[2023-11-21T00:35:32.547+0000] {processor.py:829} INFO - Processing file /opt/airflow/dags/outcomes_dag.py for tasks to queue
[2023-11-21T00:35:32.554+0000] {logging_mixin.py:154} INFO - [2023-11-21T00:35:32.554+0000] {dagbag.py:536} INFO - Filling up the DagBag from /opt/airflow/dags/outcomes_dag.py
[2023-11-21T00:35:34.348+0000] {processor.py:839} INFO - DAG(s) dict_keys(['outcomes_dag']) retrieved from /opt/airflow/dags/outcomes_dag.py
[2023-11-21T00:35:34.425+0000] {logging_mixin.py:154} INFO - [2023-11-21T00:35:34.424+0000] {dag.py:2941} INFO - Sync 1 DAGs
[2023-11-21T00:35:34.499+0000] {logging_mixin.py:154} INFO - [2023-11-21T00:35:34.499+0000] {dag.py:3722} INFO - Setting next_dagrun for outcomes_dag to 2023-11-19T00:00:00+00:00, run_after=2023-11-26T00:00:00+00:00
[2023-11-21T00:35:34.542+0000] {processor.py:179} INFO - Processing /opt/airflow/dags/outcomes_dag.py took 2.024 seconds
[2023-11-21T00:36:05.439+0000] {processor.py:157} INFO - Started process (PID=282) to work on /opt/airflow/dags/outcomes_dag.py
[2023-11-21T00:36:05.462+0000] {processor.py:829} INFO - Processing file /opt/airflow/dags/outcomes_dag.py for tasks to queue
[2023-11-21T00:36:05.469+0000] {logging_mixin.py:154} INFO - [2023-11-21T00:36:05.467+0000] {dagbag.py:536} INFO - Filling up the DagBag from /opt/airflow/dags/outcomes_dag.py
[2023-11-21T00:36:28.238+0000] {processor.py:839} INFO - DAG(s) dict_keys(['outcomes_dag']) retrieved from /opt/airflow/dags/outcomes_dag.py
[2023-11-21T00:36:28.801+0000] {logging_mixin.py:154} INFO - [2023-11-21T00:36:28.800+0000] {dag.py:2941} INFO - Sync 1 DAGs
[2023-11-21T00:36:31.277+0000] {logging_mixin.py:154} INFO - [2023-11-21T00:36:31.267+0000] {dag.py:3722} INFO - Setting next_dagrun for outcomes_dag to 2023-11-19T00:00:00+00:00, run_after=2023-11-26T00:00:00+00:00
[2023-11-21T00:36:31.555+0000] {processor.py:179} INFO - Processing /opt/airflow/dags/outcomes_dag.py took 26.477 seconds
[2023-11-21T00:37:03.558+0000] {processor.py:157} INFO - Started process (PID=298) to work on /opt/airflow/dags/outcomes_dag.py
[2023-11-21T00:37:03.607+0000] {processor.py:829} INFO - Processing file /opt/airflow/dags/outcomes_dag.py for tasks to queue
[2023-11-21T00:37:03.995+0000] {logging_mixin.py:154} INFO - [2023-11-21T00:37:03.754+0000] {dagbag.py:536} INFO - Filling up the DagBag from /opt/airflow/dags/outcomes_dag.py
[2023-11-21T00:37:12.391+0000] {processor.py:839} INFO - DAG(s) dict_keys(['outcomes_dag']) retrieved from /opt/airflow/dags/outcomes_dag.py
[2023-11-21T00:37:12.656+0000] {logging_mixin.py:154} INFO - [2023-11-21T00:37:12.655+0000] {dag.py:2941} INFO - Sync 1 DAGs
[2023-11-21T00:37:12.861+0000] {logging_mixin.py:154} INFO - [2023-11-21T00:37:12.861+0000] {dag.py:3722} INFO - Setting next_dagrun for outcomes_dag to 2023-11-19T00:00:00+00:00, run_after=2023-11-26T00:00:00+00:00
[2023-11-21T00:37:12.926+0000] {processor.py:179} INFO - Processing /opt/airflow/dags/outcomes_dag.py took 9.553 seconds
[2023-11-21T00:37:44.887+0000] {processor.py:157} INFO - Started process (PID=306) to work on /opt/airflow/dags/outcomes_dag.py
[2023-11-21T00:37:44.890+0000] {processor.py:829} INFO - Processing file /opt/airflow/dags/outcomes_dag.py for tasks to queue
[2023-11-21T00:37:44.894+0000] {logging_mixin.py:154} INFO - [2023-11-21T00:37:44.893+0000] {dagbag.py:536} INFO - Filling up the DagBag from /opt/airflow/dags/outcomes_dag.py
[2023-11-21T00:37:54.018+0000] {processor.py:839} INFO - DAG(s) dict_keys(['outcomes_dag']) retrieved from /opt/airflow/dags/outcomes_dag.py
[2023-11-21T00:37:54.150+0000] {logging_mixin.py:154} INFO - [2023-11-21T00:37:54.149+0000] {dag.py:2941} INFO - Sync 1 DAGs
[2023-11-21T00:37:54.230+0000] {logging_mixin.py:154} INFO - [2023-11-21T00:37:54.228+0000] {dag.py:3722} INFO - Setting next_dagrun for outcomes_dag to 2023-11-19T00:00:00+00:00, run_after=2023-11-26T00:00:00+00:00
[2023-11-21T00:37:54.267+0000] {processor.py:179} INFO - Processing /opt/airflow/dags/outcomes_dag.py took 9.571 seconds
[2023-11-21T00:38:24.481+0000] {processor.py:157} INFO - Started process (PID=323) to work on /opt/airflow/dags/outcomes_dag.py
[2023-11-21T00:38:24.494+0000] {processor.py:829} INFO - Processing file /opt/airflow/dags/outcomes_dag.py for tasks to queue
[2023-11-21T00:38:24.505+0000] {logging_mixin.py:154} INFO - [2023-11-21T00:38:24.503+0000] {dagbag.py:536} INFO - Filling up the DagBag from /opt/airflow/dags/outcomes_dag.py
[2023-11-21T00:38:31.581+0000] {processor.py:839} INFO - DAG(s) dict_keys(['outcomes_dag']) retrieved from /opt/airflow/dags/outcomes_dag.py
[2023-11-21T00:38:31.652+0000] {logging_mixin.py:154} INFO - [2023-11-21T00:38:31.651+0000] {dag.py:2941} INFO - Sync 1 DAGs
[2023-11-21T00:38:31.684+0000] {logging_mixin.py:154} INFO - [2023-11-21T00:38:31.684+0000] {dag.py:3722} INFO - Setting next_dagrun for outcomes_dag to 2023-11-19T00:00:00+00:00, run_after=2023-11-26T00:00:00+00:00
[2023-11-21T00:38:32.411+0000] {processor.py:179} INFO - Processing /opt/airflow/dags/outcomes_dag.py took 7.964 seconds
[2023-11-21T00:39:03.942+0000] {processor.py:157} INFO - Started process (PID=332) to work on /opt/airflow/dags/outcomes_dag.py
[2023-11-21T00:39:03.957+0000] {processor.py:829} INFO - Processing file /opt/airflow/dags/outcomes_dag.py for tasks to queue
[2023-11-21T00:39:03.972+0000] {logging_mixin.py:154} INFO - [2023-11-21T00:39:03.966+0000] {dagbag.py:536} INFO - Filling up the DagBag from /opt/airflow/dags/outcomes_dag.py
[2023-11-21T00:40:23.597+0000] {processor.py:157} INFO - Started process (PID=348) to work on /opt/airflow/dags/outcomes_dag.py
[2023-11-21T00:40:23.603+0000] {processor.py:829} INFO - Processing file /opt/airflow/dags/outcomes_dag.py for tasks to queue
[2023-11-21T00:40:23.611+0000] {logging_mixin.py:154} INFO - [2023-11-21T00:40:23.606+0000] {dagbag.py:536} INFO - Filling up the DagBag from /opt/airflow/dags/outcomes_dag.py
[2023-11-21T00:40:35.563+0000] {processor.py:839} INFO - DAG(s) dict_keys(['outcomes_dag']) retrieved from /opt/airflow/dags/outcomes_dag.py
[2023-11-21T00:40:37.761+0000] {logging_mixin.py:154} INFO - [2023-11-21T00:40:37.761+0000] {dag.py:2941} INFO - Sync 1 DAGs
[2023-11-21T00:40:38.023+0000] {logging_mixin.py:154} INFO - [2023-11-21T00:40:38.023+0000] {dag.py:3722} INFO - Setting next_dagrun for outcomes_dag to 2023-11-19T00:00:00+00:00, run_after=2023-11-26T00:00:00+00:00
[2023-11-21T00:40:38.064+0000] {processor.py:179} INFO - Processing /opt/airflow/dags/outcomes_dag.py took 14.827 seconds
[2023-11-21T00:41:18.807+0000] {processor.py:157} INFO - Started process (PID=363) to work on /opt/airflow/dags/outcomes_dag.py
[2023-11-21T00:41:21.329+0000] {processor.py:829} INFO - Processing file /opt/airflow/dags/outcomes_dag.py for tasks to queue
[2023-11-21T00:41:21.434+0000] {logging_mixin.py:154} INFO - [2023-11-21T00:41:21.404+0000] {dagbag.py:536} INFO - Filling up the DagBag from /opt/airflow/dags/outcomes_dag.py
[2023-11-21T00:41:53.993+0000] {logging_mixin.py:154} INFO - [2023-11-21T00:41:53.697+0000] {timeout.py:68} ERROR - Process timed out, PID: 363
[2023-11-21T00:41:54.716+0000] {logging_mixin.py:154} INFO - [2023-11-21T00:41:53.999+0000] {dagbag.py:346} ERROR - Failed to import: /opt/airflow/dags/outcomes_dag.py
Traceback (most recent call last):
  File "/home/airflow/.local/lib/python3.8/site-packages/airflow/models/dagbag.py", line 342, in parse
    loader.exec_module(new_module)
  File "<frozen importlib._bootstrap_external>", line 843, in exec_module
  File "<frozen importlib._bootstrap>", line 219, in _call_with_frames_removed
  File "/opt/airflow/dags/outcomes_dag.py", line 4, in <module>
    from etl_scripts.transform import transform_data
  File "/opt/airflow/dags/etl_scripts/transform.py", line 1, in <module>
    import pandas as pd
  File "/home/airflow/.local/lib/python3.8/site-packages/pandas/__init__.py", line 48, in <module>
    from pandas.core.api import (
  File "/home/airflow/.local/lib/python3.8/site-packages/pandas/core/api.py", line 27, in <module>
    from pandas.core.arrays import Categorical
  File "/home/airflow/.local/lib/python3.8/site-packages/pandas/core/arrays/__init__.py", line 1, in <module>
    from pandas.core.arrays.arrow import ArrowExtensionArray
  File "/home/airflow/.local/lib/python3.8/site-packages/pandas/core/arrays/arrow/__init__.py", line 1, in <module>
    from pandas.core.arrays.arrow.array import ArrowExtensionArray
  File "/home/airflow/.local/lib/python3.8/site-packages/pandas/core/arrays/arrow/array.py", line 77, in <module>
    import pyarrow.compute as pc
  File "/home/airflow/.local/lib/python3.8/site-packages/pyarrow/compute.py", line 18, in <module>
    from pyarrow._compute import (  # noqa
  File "pyarrow/_compute.pyx", line 1418, in init pyarrow._compute
  File "pyarrow/_compute.pyx", line 799, in pyarrow._compute._min_count_doc
  File "/home/airflow/.local/lib/python3.8/site-packages/airflow/utils/timeout.py", line 69, in handle_timeout
    raise AirflowTaskTimeout(self.error_message)
airflow.exceptions.AirflowTaskTimeout: DagBag import timeout for /opt/airflow/dags/outcomes_dag.py after 30.0s.
Please take a look at these docs to improve your DAG import time:
* https://airflow.apache.org/docs/apache-airflow/2.7.3/best-practices.html#top-level-python-code
* https://airflow.apache.org/docs/apache-airflow/2.7.3/best-practices.html#reducing-dag-complexity, PID: 363
[2023-11-21T00:41:54.730+0000] {processor.py:841} WARNING - No viable dags retrieved from /opt/airflow/dags/outcomes_dag.py
[2023-11-21T00:41:56.796+0000] {processor.py:179} INFO - Processing /opt/airflow/dags/outcomes_dag.py took 43.442 seconds
[2023-11-21T00:42:29.245+0000] {processor.py:157} INFO - Started process (PID=379) to work on /opt/airflow/dags/outcomes_dag.py
[2023-11-21T00:42:29.272+0000] {processor.py:829} INFO - Processing file /opt/airflow/dags/outcomes_dag.py for tasks to queue
[2023-11-21T00:42:29.280+0000] {logging_mixin.py:154} INFO - [2023-11-21T00:42:29.275+0000] {dagbag.py:536} INFO - Filling up the DagBag from /opt/airflow/dags/outcomes_dag.py
[2023-11-21T00:43:51.249+0000] {processor.py:157} INFO - Started process (PID=396) to work on /opt/airflow/dags/outcomes_dag.py
[2023-11-21T00:43:51.520+0000] {processor.py:829} INFO - Processing file /opt/airflow/dags/outcomes_dag.py for tasks to queue
[2023-11-21T00:43:51.834+0000] {logging_mixin.py:154} INFO - [2023-11-21T00:43:51.799+0000] {dagbag.py:536} INFO - Filling up the DagBag from /opt/airflow/dags/outcomes_dag.py
[2023-11-21T00:45:14.798+0000] {processor.py:157} INFO - Started process (PID=412) to work on /opt/airflow/dags/outcomes_dag.py
[2023-11-21T00:45:14.808+0000] {processor.py:829} INFO - Processing file /opt/airflow/dags/outcomes_dag.py for tasks to queue
[2023-11-21T00:45:14.883+0000] {logging_mixin.py:154} INFO - [2023-11-21T00:45:14.874+0000] {dagbag.py:536} INFO - Filling up the DagBag from /opt/airflow/dags/outcomes_dag.py
[2023-11-21T00:45:45.388+0000] {logging_mixin.py:154} INFO - [2023-11-21T00:45:45.028+0000] {timeout.py:68} ERROR - Process timed out, PID: 412
[2023-11-21T00:45:47.357+0000] {logging_mixin.py:154} INFO - [2023-11-21T00:45:45.417+0000] {dagbag.py:346} ERROR - Failed to import: /opt/airflow/dags/outcomes_dag.py
Traceback (most recent call last):
  File "/home/airflow/.local/lib/python3.8/site-packages/airflow/models/dagbag.py", line 342, in parse
    loader.exec_module(new_module)
  File "<frozen importlib._bootstrap_external>", line 843, in exec_module
  File "<frozen importlib._bootstrap>", line 219, in _call_with_frames_removed
  File "/opt/airflow/dags/outcomes_dag.py", line 4, in <module>
    from etl_scripts.transform import transform_data
  File "/opt/airflow/dags/etl_scripts/transform.py", line 1, in <module>
    import pandas as pd
  File "/home/airflow/.local/lib/python3.8/site-packages/pandas/__init__.py", line 48, in <module>
    from pandas.core.api import (
  File "/home/airflow/.local/lib/python3.8/site-packages/pandas/core/api.py", line 47, in <module>
    from pandas.core.groupby import (
  File "/home/airflow/.local/lib/python3.8/site-packages/pandas/core/groupby/__init__.py", line 1, in <module>
    from pandas.core.groupby.generic import (
  File "/home/airflow/.local/lib/python3.8/site-packages/pandas/core/groupby/generic.py", line 77, in <module>
    from pandas.core.frame import DataFrame
  File "/home/airflow/.local/lib/python3.8/site-packages/pandas/core/frame.py", line 182, in <module>
    from pandas.core.generic import NDFrame
  File "/home/airflow/.local/lib/python3.8/site-packages/pandas/core/generic.py", line 179, in <module>
    from pandas.core.window import (
  File "/home/airflow/.local/lib/python3.8/site-packages/pandas/core/window/__init__.py", line 5, in <module>
    from pandas.core.window.expanding import (
  File "<frozen importlib._bootstrap>", line 991, in _find_and_load
  File "<frozen importlib._bootstrap>", line 975, in _find_and_load_unlocked
  File "<frozen importlib._bootstrap>", line 671, in _load_unlocked
  File "<frozen importlib._bootstrap_external>", line 839, in exec_module
  File "<frozen importlib._bootstrap_external>", line 934, in get_code
  File "<frozen importlib._bootstrap_external>", line 1033, in get_data
  File "/home/airflow/.local/lib/python3.8/site-packages/airflow/utils/timeout.py", line 69, in handle_timeout
    raise AirflowTaskTimeout(self.error_message)
airflow.exceptions.AirflowTaskTimeout: DagBag import timeout for /opt/airflow/dags/outcomes_dag.py after 30.0s.
Please take a look at these docs to improve your DAG import time:
* https://airflow.apache.org/docs/apache-airflow/2.7.3/best-practices.html#top-level-python-code
* https://airflow.apache.org/docs/apache-airflow/2.7.3/best-practices.html#reducing-dag-complexity, PID: 412
[2023-11-21T00:45:47.401+0000] {processor.py:841} WARNING - No viable dags retrieved from /opt/airflow/dags/outcomes_dag.py
[2023-11-21T00:45:50.223+0000] {processor.py:179} INFO - Processing /opt/airflow/dags/outcomes_dag.py took 36.212 seconds
[2023-11-21T00:46:21.451+0000] {processor.py:157} INFO - Started process (PID=433) to work on /opt/airflow/dags/outcomes_dag.py
[2023-11-21T00:46:21.479+0000] {processor.py:829} INFO - Processing file /opt/airflow/dags/outcomes_dag.py for tasks to queue
[2023-11-21T00:46:21.560+0000] {logging_mixin.py:154} INFO - [2023-11-21T00:46:21.513+0000] {dagbag.py:536} INFO - Filling up the DagBag from /opt/airflow/dags/outcomes_dag.py
[2023-11-21T00:46:42.689+0000] {processor.py:839} INFO - DAG(s) dict_keys(['outcomes_dag']) retrieved from /opt/airflow/dags/outcomes_dag.py
[2023-11-21T00:46:45.668+0000] {logging_mixin.py:154} INFO - [2023-11-21T00:46:45.667+0000] {dag.py:2941} INFO - Sync 1 DAGs
[2023-11-21T00:46:45.886+0000] {logging_mixin.py:154} INFO - [2023-11-21T00:46:45.886+0000] {dag.py:3722} INFO - Setting next_dagrun for outcomes_dag to 2023-11-19T00:00:00+00:00, run_after=2023-11-26T00:00:00+00:00
[2023-11-21T00:46:45.986+0000] {processor.py:179} INFO - Processing /opt/airflow/dags/outcomes_dag.py took 24.581 seconds
[2023-11-21T00:47:16.694+0000] {processor.py:157} INFO - Started process (PID=441) to work on /opt/airflow/dags/outcomes_dag.py
[2023-11-21T00:47:16.699+0000] {processor.py:829} INFO - Processing file /opt/airflow/dags/outcomes_dag.py for tasks to queue
[2023-11-21T00:47:16.704+0000] {logging_mixin.py:154} INFO - [2023-11-21T00:47:16.702+0000] {dagbag.py:536} INFO - Filling up the DagBag from /opt/airflow/dags/outcomes_dag.py
[2023-11-21T00:47:19.563+0000] {processor.py:839} INFO - DAG(s) dict_keys(['outcomes_dag']) retrieved from /opt/airflow/dags/outcomes_dag.py
[2023-11-21T00:47:19.640+0000] {logging_mixin.py:154} INFO - [2023-11-21T00:47:19.640+0000] {dag.py:2941} INFO - Sync 1 DAGs
[2023-11-21T00:47:19.725+0000] {logging_mixin.py:154} INFO - [2023-11-21T00:47:19.724+0000] {dag.py:3722} INFO - Setting next_dagrun for outcomes_dag to 2023-11-19T00:00:00+00:00, run_after=2023-11-26T00:00:00+00:00
[2023-11-21T00:47:19.800+0000] {processor.py:179} INFO - Processing /opt/airflow/dags/outcomes_dag.py took 3.118 seconds
[2023-11-21T00:47:51.089+0000] {processor.py:157} INFO - Started process (PID=451) to work on /opt/airflow/dags/outcomes_dag.py
[2023-11-21T00:47:51.107+0000] {processor.py:829} INFO - Processing file /opt/airflow/dags/outcomes_dag.py for tasks to queue
[2023-11-21T00:47:51.110+0000] {logging_mixin.py:154} INFO - [2023-11-21T00:47:51.109+0000] {dagbag.py:536} INFO - Filling up the DagBag from /opt/airflow/dags/outcomes_dag.py
[2023-11-21T00:47:58.659+0000] {processor.py:839} INFO - DAG(s) dict_keys(['outcomes_dag']) retrieved from /opt/airflow/dags/outcomes_dag.py
[2023-11-21T00:47:58.764+0000] {logging_mixin.py:154} INFO - [2023-11-21T00:47:58.764+0000] {dag.py:2941} INFO - Sync 1 DAGs
[2023-11-21T00:47:58.889+0000] {logging_mixin.py:154} INFO - [2023-11-21T00:47:58.889+0000] {dag.py:3722} INFO - Setting next_dagrun for outcomes_dag to 2023-11-19T00:00:00+00:00, run_after=2023-11-26T00:00:00+00:00
[2023-11-21T00:47:59.110+0000] {processor.py:179} INFO - Processing /opt/airflow/dags/outcomes_dag.py took 8.181 seconds
[2023-11-21T00:48:29.910+0000] {processor.py:157} INFO - Started process (PID=468) to work on /opt/airflow/dags/outcomes_dag.py
[2023-11-21T00:48:29.921+0000] {processor.py:829} INFO - Processing file /opt/airflow/dags/outcomes_dag.py for tasks to queue
[2023-11-21T00:48:29.947+0000] {logging_mixin.py:154} INFO - [2023-11-21T00:48:29.944+0000] {dagbag.py:536} INFO - Filling up the DagBag from /opt/airflow/dags/outcomes_dag.py
[2023-11-21T00:48:34.737+0000] {processor.py:839} INFO - DAG(s) dict_keys(['outcomes_dag']) retrieved from /opt/airflow/dags/outcomes_dag.py
[2023-11-21T00:48:35.216+0000] {logging_mixin.py:154} INFO - [2023-11-21T00:48:35.216+0000] {dag.py:2941} INFO - Sync 1 DAGs
[2023-11-21T00:48:35.308+0000] {logging_mixin.py:154} INFO - [2023-11-21T00:48:35.307+0000] {dag.py:3722} INFO - Setting next_dagrun for outcomes_dag to 2023-11-19T00:00:00+00:00, run_after=2023-11-26T00:00:00+00:00
[2023-11-21T00:48:35.555+0000] {processor.py:179} INFO - Processing /opt/airflow/dags/outcomes_dag.py took 5.688 seconds
[2023-11-21T00:49:06.434+0000] {processor.py:157} INFO - Started process (PID=477) to work on /opt/airflow/dags/outcomes_dag.py
[2023-11-21T00:49:06.440+0000] {processor.py:829} INFO - Processing file /opt/airflow/dags/outcomes_dag.py for tasks to queue
[2023-11-21T00:49:06.446+0000] {logging_mixin.py:154} INFO - [2023-11-21T00:49:06.443+0000] {dagbag.py:536} INFO - Filling up the DagBag from /opt/airflow/dags/outcomes_dag.py
[2023-11-21T00:49:09.708+0000] {processor.py:839} INFO - DAG(s) dict_keys(['outcomes_dag']) retrieved from /opt/airflow/dags/outcomes_dag.py
[2023-11-21T00:49:09.839+0000] {logging_mixin.py:154} INFO - [2023-11-21T00:49:09.839+0000] {dag.py:2941} INFO - Sync 1 DAGs
[2023-11-21T00:49:09.935+0000] {logging_mixin.py:154} INFO - [2023-11-21T00:49:09.934+0000] {dag.py:3722} INFO - Setting next_dagrun for outcomes_dag to 2023-11-19T00:00:00+00:00, run_after=2023-11-26T00:00:00+00:00
[2023-11-21T00:49:10.014+0000] {processor.py:179} INFO - Processing /opt/airflow/dags/outcomes_dag.py took 3.622 seconds
[2023-11-21T00:49:43.665+0000] {processor.py:157} INFO - Started process (PID=486) to work on /opt/airflow/dags/outcomes_dag.py
[2023-11-21T00:49:43.719+0000] {processor.py:829} INFO - Processing file /opt/airflow/dags/outcomes_dag.py for tasks to queue
[2023-11-21T00:49:45.358+0000] {logging_mixin.py:154} INFO - [2023-11-21T00:49:43.782+0000] {dagbag.py:536} INFO - Filling up the DagBag from /opt/airflow/dags/outcomes_dag.py
[2023-11-21T00:49:57.740+0000] {processor.py:839} INFO - DAG(s) dict_keys(['outcomes_dag']) retrieved from /opt/airflow/dags/outcomes_dag.py
[2023-11-21T00:49:57.931+0000] {logging_mixin.py:154} INFO - [2023-11-21T00:49:57.917+0000] {dag.py:2941} INFO - Sync 1 DAGs
[2023-11-21T00:49:58.231+0000] {logging_mixin.py:154} INFO - [2023-11-21T00:49:58.228+0000] {dag.py:3722} INFO - Setting next_dagrun for outcomes_dag to 2023-11-19T00:00:00+00:00, run_after=2023-11-26T00:00:00+00:00
[2023-11-21T00:49:58.450+0000] {processor.py:179} INFO - Processing /opt/airflow/dags/outcomes_dag.py took 15.350 seconds
[2023-11-21T00:50:29.973+0000] {processor.py:157} INFO - Started process (PID=495) to work on /opt/airflow/dags/outcomes_dag.py
[2023-11-21T00:50:30.468+0000] {processor.py:829} INFO - Processing file /opt/airflow/dags/outcomes_dag.py for tasks to queue
[2023-11-21T00:50:30.519+0000] {logging_mixin.py:154} INFO - [2023-11-21T00:50:30.503+0000] {dagbag.py:536} INFO - Filling up the DagBag from /opt/airflow/dags/outcomes_dag.py
[2023-11-21T00:50:59.956+0000] {processor.py:839} INFO - DAG(s) dict_keys(['outcomes_dag']) retrieved from /opt/airflow/dags/outcomes_dag.py
[2023-11-21T00:51:02.134+0000] {logging_mixin.py:154} INFO - [2023-11-21T00:51:02.114+0000] {dag.py:2941} INFO - Sync 1 DAGs
[2023-11-21T00:51:03.944+0000] {logging_mixin.py:154} INFO - [2023-11-21T00:51:03.942+0000] {dag.py:3722} INFO - Setting next_dagrun for outcomes_dag to 2023-11-19T00:00:00+00:00, run_after=2023-11-26T00:00:00+00:00
[2023-11-21T00:51:04.460+0000] {processor.py:179} INFO - Processing /opt/airflow/dags/outcomes_dag.py took 35.470 seconds
[2023-11-21T00:51:35.415+0000] {processor.py:157} INFO - Started process (PID=516) to work on /opt/airflow/dags/outcomes_dag.py
[2023-11-21T00:51:35.418+0000] {processor.py:829} INFO - Processing file /opt/airflow/dags/outcomes_dag.py for tasks to queue
[2023-11-21T00:51:35.426+0000] {logging_mixin.py:154} INFO - [2023-11-21T00:51:35.424+0000] {dagbag.py:536} INFO - Filling up the DagBag from /opt/airflow/dags/outcomes_dag.py
[2023-11-21T00:51:38.698+0000] {processor.py:839} INFO - DAG(s) dict_keys(['outcomes_dag']) retrieved from /opt/airflow/dags/outcomes_dag.py
[2023-11-21T00:51:38.769+0000] {logging_mixin.py:154} INFO - [2023-11-21T00:51:38.769+0000] {dag.py:2941} INFO - Sync 1 DAGs
[2023-11-21T00:51:38.826+0000] {logging_mixin.py:154} INFO - [2023-11-21T00:51:38.825+0000] {dag.py:3722} INFO - Setting next_dagrun for outcomes_dag to 2023-11-19T00:00:00+00:00, run_after=2023-11-26T00:00:00+00:00
[2023-11-21T00:51:38.866+0000] {processor.py:179} INFO - Processing /opt/airflow/dags/outcomes_dag.py took 3.468 seconds
[2023-11-21T00:56:56.356+0000] {processor.py:157} INFO - Started process (PID=55) to work on /opt/airflow/dags/outcomes_dag.py
[2023-11-21T00:56:56.518+0000] {processor.py:829} INFO - Processing file /opt/airflow/dags/outcomes_dag.py for tasks to queue
[2023-11-21T00:56:56.633+0000] {logging_mixin.py:154} INFO - [2023-11-21T00:56:56.629+0000] {dagbag.py:536} INFO - Filling up the DagBag from /opt/airflow/dags/outcomes_dag.py
[2023-11-21T00:57:30.926+0000] {logging_mixin.py:154} INFO - [2023-11-21T00:57:30.925+0000] {timeout.py:68} ERROR - Process timed out, PID: 55
[2023-11-21T00:57:30.986+0000] {logging_mixin.py:154} INFO - [2023-11-21T00:57:30.969+0000] {dagbag.py:346} ERROR - Failed to import: /opt/airflow/dags/outcomes_dag.py
Traceback (most recent call last):
  File "/home/airflow/.local/lib/python3.8/site-packages/airflow/models/dagbag.py", line 342, in parse
    loader.exec_module(new_module)
  File "<frozen importlib._bootstrap_external>", line 843, in exec_module
  File "<frozen importlib._bootstrap>", line 219, in _call_with_frames_removed
  File "/opt/airflow/dags/outcomes_dag.py", line 4, in <module>
    from etl_scripts.transform import transform_data
  File "/opt/airflow/dags/etl_scripts/transform.py", line 1, in <module>
    import pandas as pd
  File "/home/airflow/.local/lib/python3.8/site-packages/pandas/__init__.py", line 48, in <module>
    from pandas.core.api import (
  File "/home/airflow/.local/lib/python3.8/site-packages/pandas/core/api.py", line 47, in <module>
    from pandas.core.groupby import (
  File "/home/airflow/.local/lib/python3.8/site-packages/pandas/core/groupby/__init__.py", line 1, in <module>
    from pandas.core.groupby.generic import (
  File "/home/airflow/.local/lib/python3.8/site-packages/airflow/utils/timeout.py", line 69, in handle_timeout
    raise AirflowTaskTimeout(self.error_message)
airflow.exceptions.AirflowTaskTimeout: DagBag import timeout for /opt/airflow/dags/outcomes_dag.py after 30.0s.
Please take a look at these docs to improve your DAG import time:
* https://airflow.apache.org/docs/apache-airflow/2.7.3/best-practices.html#top-level-python-code
* https://airflow.apache.org/docs/apache-airflow/2.7.3/best-practices.html#reducing-dag-complexity, PID: 55
[2023-11-21T00:57:30.991+0000] {processor.py:841} WARNING - No viable dags retrieved from /opt/airflow/dags/outcomes_dag.py
[2023-11-21T00:57:31.360+0000] {processor.py:179} INFO - Processing /opt/airflow/dags/outcomes_dag.py took 35.078 seconds
[2023-11-21T00:58:02.319+0000] {processor.py:157} INFO - Started process (PID=70) to work on /opt/airflow/dags/outcomes_dag.py
[2023-11-21T00:58:02.330+0000] {processor.py:829} INFO - Processing file /opt/airflow/dags/outcomes_dag.py for tasks to queue
[2023-11-21T00:58:02.361+0000] {logging_mixin.py:154} INFO - [2023-11-21T00:58:02.360+0000] {dagbag.py:536} INFO - Filling up the DagBag from /opt/airflow/dags/outcomes_dag.py
[2023-11-21T00:58:24.647+0000] {processor.py:839} INFO - DAG(s) dict_keys(['outcomes_dag']) retrieved from /opt/airflow/dags/outcomes_dag.py
[2023-11-21T00:58:27.021+0000] {logging_mixin.py:154} INFO - [2023-11-21T00:58:27.021+0000] {manager.py:499} INFO - Created Permission View: %s
[2023-11-21T00:58:27.057+0000] {logging_mixin.py:154} INFO - [2023-11-21T00:58:27.057+0000] {manager.py:499} INFO - Created Permission View: %s
[2023-11-21T00:58:27.088+0000] {logging_mixin.py:154} INFO - [2023-11-21T00:58:27.086+0000] {manager.py:499} INFO - Created Permission View: %s
[2023-11-21T00:58:27.093+0000] {logging_mixin.py:154} INFO - [2023-11-21T00:58:27.093+0000] {dag.py:2941} INFO - Sync 1 DAGs
[2023-11-21T00:58:27.138+0000] {logging_mixin.py:154} INFO - [2023-11-21T00:58:27.137+0000] {dag.py:2963} INFO - Creating ORM DAG for outcomes_dag
[2023-11-21T00:58:27.195+0000] {logging_mixin.py:154} INFO - [2023-11-21T00:58:27.194+0000] {dag.py:3722} INFO - Setting next_dagrun for outcomes_dag to 2023-11-05T00:00:00+00:00, run_after=2023-11-12T00:00:00+00:00
[2023-11-21T00:58:27.279+0000] {processor.py:179} INFO - Processing /opt/airflow/dags/outcomes_dag.py took 24.660 seconds
[2023-11-21T00:58:58.316+0000] {processor.py:157} INFO - Started process (PID=86) to work on /opt/airflow/dags/outcomes_dag.py
[2023-11-21T00:58:58.318+0000] {processor.py:829} INFO - Processing file /opt/airflow/dags/outcomes_dag.py for tasks to queue
[2023-11-21T00:58:58.332+0000] {logging_mixin.py:154} INFO - [2023-11-21T00:58:58.331+0000] {dagbag.py:536} INFO - Filling up the DagBag from /opt/airflow/dags/outcomes_dag.py
