[2023-11-23T02:25:19.717+0000] {processor.py:157} INFO - Started process (PID=80) to work on /home/airflow/.local/lib/python3.8/site-packages/airflow/example_dags/example_dynamic_task_mapping_with_no_taskflow_operators.py
[2023-11-23T02:25:19.727+0000] {processor.py:829} INFO - Processing file /home/airflow/.local/lib/python3.8/site-packages/airflow/example_dags/example_dynamic_task_mapping_with_no_taskflow_operators.py for tasks to queue
[2023-11-23T02:25:19.730+0000] {logging_mixin.py:154} INFO - [2023-11-23T02:25:19.730+0000] {dagbag.py:536} INFO - Filling up the DagBag from /home/airflow/.local/lib/python3.8/site-packages/airflow/example_dags/example_dynamic_task_mapping_with_no_taskflow_operators.py
[2023-11-23T02:25:19.740+0000] {processor.py:839} INFO - DAG(s) dict_keys(['example_dynamic_task_mapping_with_no_taskflow_operators']) retrieved from /home/airflow/.local/lib/python3.8/site-packages/airflow/example_dags/example_dynamic_task_mapping_with_no_taskflow_operators.py
[2023-11-23T02:25:19.936+0000] {logging_mixin.py:154} INFO - [2023-11-23T02:25:19.936+0000] {manager.py:499} INFO - Created Permission View: %s
[2023-11-23T02:25:19.968+0000] {logging_mixin.py:154} INFO - [2023-11-23T02:25:19.968+0000] {manager.py:499} INFO - Created Permission View: %s
[2023-11-23T02:25:19.986+0000] {logging_mixin.py:154} INFO - [2023-11-23T02:25:19.986+0000] {manager.py:499} INFO - Created Permission View: %s
[2023-11-23T02:25:19.987+0000] {logging_mixin.py:154} INFO - [2023-11-23T02:25:19.987+0000] {dag.py:2941} INFO - Sync 1 DAGs
[2023-11-23T02:25:20.015+0000] {logging_mixin.py:154} INFO - [2023-11-23T02:25:20.014+0000] {dag.py:2963} INFO - Creating ORM DAG for example_dynamic_task_mapping_with_no_taskflow_operators
[2023-11-23T02:25:20.034+0000] {logging_mixin.py:154} INFO - [2023-11-23T02:25:20.034+0000] {dag.py:3722} INFO - Setting next_dagrun for example_dynamic_task_mapping_with_no_taskflow_operators to 2023-11-22T02:25:20.033987+00:00, run_after=2023-11-23T02:25:20.033987+00:00
[2023-11-23T02:25:20.094+0000] {processor.py:179} INFO - Processing /home/airflow/.local/lib/python3.8/site-packages/airflow/example_dags/example_dynamic_task_mapping_with_no_taskflow_operators.py took 0.382 seconds
[2023-11-23T02:25:58.177+0000] {processor.py:157} INFO - Started process (PID=134) to work on /home/airflow/.local/lib/python3.8/site-packages/airflow/example_dags/example_dynamic_task_mapping_with_no_taskflow_operators.py
[2023-11-23T02:25:58.183+0000] {processor.py:829} INFO - Processing file /home/airflow/.local/lib/python3.8/site-packages/airflow/example_dags/example_dynamic_task_mapping_with_no_taskflow_operators.py for tasks to queue
[2023-11-23T02:25:58.194+0000] {logging_mixin.py:154} INFO - [2023-11-23T02:25:58.193+0000] {dagbag.py:536} INFO - Filling up the DagBag from /home/airflow/.local/lib/python3.8/site-packages/airflow/example_dags/example_dynamic_task_mapping_with_no_taskflow_operators.py
[2023-11-23T02:25:58.223+0000] {processor.py:839} INFO - DAG(s) dict_keys(['example_dynamic_task_mapping_with_no_taskflow_operators']) retrieved from /home/airflow/.local/lib/python3.8/site-packages/airflow/example_dags/example_dynamic_task_mapping_with_no_taskflow_operators.py
[2023-11-23T02:25:58.295+0000] {logging_mixin.py:154} INFO - [2023-11-23T02:25:58.294+0000] {dag.py:2941} INFO - Sync 1 DAGs
[2023-11-23T02:25:58.367+0000] {logging_mixin.py:154} INFO - [2023-11-23T02:25:58.366+0000] {dag.py:3722} INFO - Setting next_dagrun for example_dynamic_task_mapping_with_no_taskflow_operators to 2023-11-22T02:25:58.366501+00:00, run_after=2023-11-23T02:25:58.366501+00:00
[2023-11-23T02:25:58.418+0000] {processor.py:179} INFO - Processing /home/airflow/.local/lib/python3.8/site-packages/airflow/example_dags/example_dynamic_task_mapping_with_no_taskflow_operators.py took 0.264 seconds
[2023-11-23T02:26:29.223+0000] {processor.py:157} INFO - Started process (PID=188) to work on /home/airflow/.local/lib/python3.8/site-packages/airflow/example_dags/example_dynamic_task_mapping_with_no_taskflow_operators.py
[2023-11-23T02:26:29.225+0000] {processor.py:829} INFO - Processing file /home/airflow/.local/lib/python3.8/site-packages/airflow/example_dags/example_dynamic_task_mapping_with_no_taskflow_operators.py for tasks to queue
[2023-11-23T02:26:29.229+0000] {logging_mixin.py:154} INFO - [2023-11-23T02:26:29.229+0000] {dagbag.py:536} INFO - Filling up the DagBag from /home/airflow/.local/lib/python3.8/site-packages/airflow/example_dags/example_dynamic_task_mapping_with_no_taskflow_operators.py
[2023-11-23T02:26:29.237+0000] {processor.py:839} INFO - DAG(s) dict_keys(['example_dynamic_task_mapping_with_no_taskflow_operators']) retrieved from /home/airflow/.local/lib/python3.8/site-packages/airflow/example_dags/example_dynamic_task_mapping_with_no_taskflow_operators.py
[2023-11-23T02:26:29.261+0000] {logging_mixin.py:154} INFO - [2023-11-23T02:26:29.261+0000] {dag.py:2941} INFO - Sync 1 DAGs
[2023-11-23T02:26:29.287+0000] {logging_mixin.py:154} INFO - [2023-11-23T02:26:29.286+0000] {dag.py:3722} INFO - Setting next_dagrun for example_dynamic_task_mapping_with_no_taskflow_operators to 2023-11-22T02:26:29.286459+00:00, run_after=2023-11-23T02:26:29.286459+00:00
[2023-11-23T02:26:29.310+0000] {processor.py:179} INFO - Processing /home/airflow/.local/lib/python3.8/site-packages/airflow/example_dags/example_dynamic_task_mapping_with_no_taskflow_operators.py took 0.092 seconds
[2023-11-23T02:27:00.174+0000] {processor.py:157} INFO - Started process (PID=242) to work on /home/airflow/.local/lib/python3.8/site-packages/airflow/example_dags/example_dynamic_task_mapping_with_no_taskflow_operators.py
[2023-11-23T02:27:00.183+0000] {processor.py:829} INFO - Processing file /home/airflow/.local/lib/python3.8/site-packages/airflow/example_dags/example_dynamic_task_mapping_with_no_taskflow_operators.py for tasks to queue
[2023-11-23T02:27:00.189+0000] {logging_mixin.py:154} INFO - [2023-11-23T02:27:00.189+0000] {dagbag.py:536} INFO - Filling up the DagBag from /home/airflow/.local/lib/python3.8/site-packages/airflow/example_dags/example_dynamic_task_mapping_with_no_taskflow_operators.py
[2023-11-23T02:27:00.203+0000] {processor.py:839} INFO - DAG(s) dict_keys(['example_dynamic_task_mapping_with_no_taskflow_operators']) retrieved from /home/airflow/.local/lib/python3.8/site-packages/airflow/example_dags/example_dynamic_task_mapping_with_no_taskflow_operators.py
[2023-11-23T02:27:00.255+0000] {logging_mixin.py:154} INFO - [2023-11-23T02:27:00.255+0000] {dag.py:2941} INFO - Sync 1 DAGs
[2023-11-23T02:27:00.289+0000] {logging_mixin.py:154} INFO - [2023-11-23T02:27:00.288+0000] {dag.py:3722} INFO - Setting next_dagrun for example_dynamic_task_mapping_with_no_taskflow_operators to 2023-11-22T02:27:00.288067+00:00, run_after=2023-11-23T02:27:00.288067+00:00
[2023-11-23T02:27:00.311+0000] {processor.py:179} INFO - Processing /home/airflow/.local/lib/python3.8/site-packages/airflow/example_dags/example_dynamic_task_mapping_with_no_taskflow_operators.py took 0.144 seconds
[2023-11-23T02:27:32.266+0000] {processor.py:157} INFO - Started process (PID=296) to work on /home/airflow/.local/lib/python3.8/site-packages/airflow/example_dags/example_dynamic_task_mapping_with_no_taskflow_operators.py
[2023-11-23T02:27:32.295+0000] {processor.py:829} INFO - Processing file /home/airflow/.local/lib/python3.8/site-packages/airflow/example_dags/example_dynamic_task_mapping_with_no_taskflow_operators.py for tasks to queue
[2023-11-23T02:27:32.309+0000] {logging_mixin.py:154} INFO - [2023-11-23T02:27:32.309+0000] {dagbag.py:536} INFO - Filling up the DagBag from /home/airflow/.local/lib/python3.8/site-packages/airflow/example_dags/example_dynamic_task_mapping_with_no_taskflow_operators.py
[2023-11-23T02:27:32.344+0000] {processor.py:839} INFO - DAG(s) dict_keys(['example_dynamic_task_mapping_with_no_taskflow_operators']) retrieved from /home/airflow/.local/lib/python3.8/site-packages/airflow/example_dags/example_dynamic_task_mapping_with_no_taskflow_operators.py
[2023-11-23T02:27:32.540+0000] {logging_mixin.py:154} INFO - [2023-11-23T02:27:32.539+0000] {dag.py:2941} INFO - Sync 1 DAGs
[2023-11-23T02:27:32.686+0000] {logging_mixin.py:154} INFO - [2023-11-23T02:27:32.685+0000] {dag.py:3722} INFO - Setting next_dagrun for example_dynamic_task_mapping_with_no_taskflow_operators to 2023-11-22T02:27:32.683886+00:00, run_after=2023-11-23T02:27:32.683886+00:00
[2023-11-23T02:27:32.734+0000] {processor.py:179} INFO - Processing /home/airflow/.local/lib/python3.8/site-packages/airflow/example_dags/example_dynamic_task_mapping_with_no_taskflow_operators.py took 0.525 seconds
[2023-11-23T02:28:03.500+0000] {processor.py:157} INFO - Started process (PID=348) to work on /home/airflow/.local/lib/python3.8/site-packages/airflow/example_dags/example_dynamic_task_mapping_with_no_taskflow_operators.py
[2023-11-23T02:28:03.504+0000] {processor.py:829} INFO - Processing file /home/airflow/.local/lib/python3.8/site-packages/airflow/example_dags/example_dynamic_task_mapping_with_no_taskflow_operators.py for tasks to queue
[2023-11-23T02:28:03.528+0000] {logging_mixin.py:154} INFO - [2023-11-23T02:28:03.527+0000] {dagbag.py:536} INFO - Filling up the DagBag from /home/airflow/.local/lib/python3.8/site-packages/airflow/example_dags/example_dynamic_task_mapping_with_no_taskflow_operators.py
[2023-11-23T02:28:03.540+0000] {processor.py:839} INFO - DAG(s) dict_keys(['example_dynamic_task_mapping_with_no_taskflow_operators']) retrieved from /home/airflow/.local/lib/python3.8/site-packages/airflow/example_dags/example_dynamic_task_mapping_with_no_taskflow_operators.py
[2023-11-23T02:28:03.596+0000] {logging_mixin.py:154} INFO - [2023-11-23T02:28:03.596+0000] {dag.py:2941} INFO - Sync 1 DAGs
[2023-11-23T02:28:03.655+0000] {logging_mixin.py:154} INFO - [2023-11-23T02:28:03.655+0000] {dag.py:3722} INFO - Setting next_dagrun for example_dynamic_task_mapping_with_no_taskflow_operators to 2023-11-22T02:28:03.655054+00:00, run_after=2023-11-23T02:28:03.655054+00:00
[2023-11-23T02:28:03.696+0000] {processor.py:179} INFO - Processing /home/airflow/.local/lib/python3.8/site-packages/airflow/example_dags/example_dynamic_task_mapping_with_no_taskflow_operators.py took 0.199 seconds
[2023-11-23T02:28:34.208+0000] {processor.py:157} INFO - Started process (PID=401) to work on /home/airflow/.local/lib/python3.8/site-packages/airflow/example_dags/example_dynamic_task_mapping_with_no_taskflow_operators.py
[2023-11-23T02:28:34.210+0000] {processor.py:829} INFO - Processing file /home/airflow/.local/lib/python3.8/site-packages/airflow/example_dags/example_dynamic_task_mapping_with_no_taskflow_operators.py for tasks to queue
[2023-11-23T02:28:34.219+0000] {logging_mixin.py:154} INFO - [2023-11-23T02:28:34.219+0000] {dagbag.py:536} INFO - Filling up the DagBag from /home/airflow/.local/lib/python3.8/site-packages/airflow/example_dags/example_dynamic_task_mapping_with_no_taskflow_operators.py
[2023-11-23T02:28:34.237+0000] {processor.py:839} INFO - DAG(s) dict_keys(['example_dynamic_task_mapping_with_no_taskflow_operators']) retrieved from /home/airflow/.local/lib/python3.8/site-packages/airflow/example_dags/example_dynamic_task_mapping_with_no_taskflow_operators.py
[2023-11-23T02:28:34.284+0000] {logging_mixin.py:154} INFO - [2023-11-23T02:28:34.283+0000] {dag.py:2941} INFO - Sync 1 DAGs
[2023-11-23T02:28:34.315+0000] {logging_mixin.py:154} INFO - [2023-11-23T02:28:34.315+0000] {dag.py:3722} INFO - Setting next_dagrun for example_dynamic_task_mapping_with_no_taskflow_operators to 2023-11-22T02:28:34.315011+00:00, run_after=2023-11-23T02:28:34.315011+00:00
[2023-11-23T02:28:34.336+0000] {processor.py:179} INFO - Processing /home/airflow/.local/lib/python3.8/site-packages/airflow/example_dags/example_dynamic_task_mapping_with_no_taskflow_operators.py took 0.154 seconds
[2023-11-23T02:29:04.413+0000] {processor.py:157} INFO - Started process (PID=455) to work on /home/airflow/.local/lib/python3.8/site-packages/airflow/example_dags/example_dynamic_task_mapping_with_no_taskflow_operators.py
[2023-11-23T02:29:04.415+0000] {processor.py:829} INFO - Processing file /home/airflow/.local/lib/python3.8/site-packages/airflow/example_dags/example_dynamic_task_mapping_with_no_taskflow_operators.py for tasks to queue
[2023-11-23T02:29:04.418+0000] {logging_mixin.py:154} INFO - [2023-11-23T02:29:04.417+0000] {dagbag.py:536} INFO - Filling up the DagBag from /home/airflow/.local/lib/python3.8/site-packages/airflow/example_dags/example_dynamic_task_mapping_with_no_taskflow_operators.py
[2023-11-23T02:29:04.426+0000] {processor.py:839} INFO - DAG(s) dict_keys(['example_dynamic_task_mapping_with_no_taskflow_operators']) retrieved from /home/airflow/.local/lib/python3.8/site-packages/airflow/example_dags/example_dynamic_task_mapping_with_no_taskflow_operators.py
[2023-11-23T02:29:04.450+0000] {logging_mixin.py:154} INFO - [2023-11-23T02:29:04.450+0000] {dag.py:2941} INFO - Sync 1 DAGs
[2023-11-23T02:29:04.475+0000] {logging_mixin.py:154} INFO - [2023-11-23T02:29:04.475+0000] {dag.py:3722} INFO - Setting next_dagrun for example_dynamic_task_mapping_with_no_taskflow_operators to 2023-11-22T02:29:04.474785+00:00, run_after=2023-11-23T02:29:04.474785+00:00
[2023-11-23T02:29:04.497+0000] {processor.py:179} INFO - Processing /home/airflow/.local/lib/python3.8/site-packages/airflow/example_dags/example_dynamic_task_mapping_with_no_taskflow_operators.py took 0.089 seconds
[2023-11-23T02:29:34.649+0000] {processor.py:157} INFO - Started process (PID=509) to work on /home/airflow/.local/lib/python3.8/site-packages/airflow/example_dags/example_dynamic_task_mapping_with_no_taskflow_operators.py
[2023-11-23T02:29:34.650+0000] {processor.py:829} INFO - Processing file /home/airflow/.local/lib/python3.8/site-packages/airflow/example_dags/example_dynamic_task_mapping_with_no_taskflow_operators.py for tasks to queue
[2023-11-23T02:29:34.654+0000] {logging_mixin.py:154} INFO - [2023-11-23T02:29:34.653+0000] {dagbag.py:536} INFO - Filling up the DagBag from /home/airflow/.local/lib/python3.8/site-packages/airflow/example_dags/example_dynamic_task_mapping_with_no_taskflow_operators.py
[2023-11-23T02:29:34.662+0000] {processor.py:839} INFO - DAG(s) dict_keys(['example_dynamic_task_mapping_with_no_taskflow_operators']) retrieved from /home/airflow/.local/lib/python3.8/site-packages/airflow/example_dags/example_dynamic_task_mapping_with_no_taskflow_operators.py
[2023-11-23T02:29:34.687+0000] {logging_mixin.py:154} INFO - [2023-11-23T02:29:34.687+0000] {dag.py:2941} INFO - Sync 1 DAGs
[2023-11-23T02:29:34.730+0000] {logging_mixin.py:154} INFO - [2023-11-23T02:29:34.730+0000] {dag.py:3722} INFO - Setting next_dagrun for example_dynamic_task_mapping_with_no_taskflow_operators to 2023-11-22T02:29:34.730038+00:00, run_after=2023-11-23T02:29:34.730038+00:00
[2023-11-23T02:29:34.759+0000] {processor.py:179} INFO - Processing /home/airflow/.local/lib/python3.8/site-packages/airflow/example_dags/example_dynamic_task_mapping_with_no_taskflow_operators.py took 0.115 seconds
[2023-11-23T02:30:05.137+0000] {processor.py:157} INFO - Started process (PID=563) to work on /home/airflow/.local/lib/python3.8/site-packages/airflow/example_dags/example_dynamic_task_mapping_with_no_taskflow_operators.py
[2023-11-23T02:30:05.140+0000] {processor.py:829} INFO - Processing file /home/airflow/.local/lib/python3.8/site-packages/airflow/example_dags/example_dynamic_task_mapping_with_no_taskflow_operators.py for tasks to queue
[2023-11-23T02:30:05.149+0000] {logging_mixin.py:154} INFO - [2023-11-23T02:30:05.149+0000] {dagbag.py:536} INFO - Filling up the DagBag from /home/airflow/.local/lib/python3.8/site-packages/airflow/example_dags/example_dynamic_task_mapping_with_no_taskflow_operators.py
[2023-11-23T02:30:05.187+0000] {processor.py:839} INFO - DAG(s) dict_keys(['example_dynamic_task_mapping_with_no_taskflow_operators']) retrieved from /home/airflow/.local/lib/python3.8/site-packages/airflow/example_dags/example_dynamic_task_mapping_with_no_taskflow_operators.py
[2023-11-23T02:30:05.237+0000] {logging_mixin.py:154} INFO - [2023-11-23T02:30:05.237+0000] {dag.py:2941} INFO - Sync 1 DAGs
[2023-11-23T02:30:05.299+0000] {logging_mixin.py:154} INFO - [2023-11-23T02:30:05.299+0000] {dag.py:3722} INFO - Setting next_dagrun for example_dynamic_task_mapping_with_no_taskflow_operators to 2023-11-22T02:30:05.298702+00:00, run_after=2023-11-23T02:30:05.298702+00:00
[2023-11-23T02:30:05.337+0000] {processor.py:179} INFO - Processing /home/airflow/.local/lib/python3.8/site-packages/airflow/example_dags/example_dynamic_task_mapping_with_no_taskflow_operators.py took 0.214 seconds
[2023-11-23T02:30:35.852+0000] {processor.py:157} INFO - Started process (PID=616) to work on /home/airflow/.local/lib/python3.8/site-packages/airflow/example_dags/example_dynamic_task_mapping_with_no_taskflow_operators.py
[2023-11-23T02:30:35.854+0000] {processor.py:829} INFO - Processing file /home/airflow/.local/lib/python3.8/site-packages/airflow/example_dags/example_dynamic_task_mapping_with_no_taskflow_operators.py for tasks to queue
[2023-11-23T02:30:35.868+0000] {logging_mixin.py:154} INFO - [2023-11-23T02:30:35.868+0000] {dagbag.py:536} INFO - Filling up the DagBag from /home/airflow/.local/lib/python3.8/site-packages/airflow/example_dags/example_dynamic_task_mapping_with_no_taskflow_operators.py
[2023-11-23T02:30:35.883+0000] {processor.py:839} INFO - DAG(s) dict_keys(['example_dynamic_task_mapping_with_no_taskflow_operators']) retrieved from /home/airflow/.local/lib/python3.8/site-packages/airflow/example_dags/example_dynamic_task_mapping_with_no_taskflow_operators.py
[2023-11-23T02:30:35.941+0000] {logging_mixin.py:154} INFO - [2023-11-23T02:30:35.941+0000] {dag.py:2941} INFO - Sync 1 DAGs
[2023-11-23T02:30:36.021+0000] {logging_mixin.py:154} INFO - [2023-11-23T02:30:36.021+0000] {dag.py:3722} INFO - Setting next_dagrun for example_dynamic_task_mapping_with_no_taskflow_operators to 2023-11-22T02:30:36.020466+00:00, run_after=2023-11-23T02:30:36.020466+00:00
[2023-11-23T02:30:36.096+0000] {processor.py:179} INFO - Processing /home/airflow/.local/lib/python3.8/site-packages/airflow/example_dags/example_dynamic_task_mapping_with_no_taskflow_operators.py took 0.253 seconds
[2023-11-23T02:31:06.187+0000] {processor.py:157} INFO - Started process (PID=670) to work on /home/airflow/.local/lib/python3.8/site-packages/airflow/example_dags/example_dynamic_task_mapping_with_no_taskflow_operators.py
[2023-11-23T02:31:06.189+0000] {processor.py:829} INFO - Processing file /home/airflow/.local/lib/python3.8/site-packages/airflow/example_dags/example_dynamic_task_mapping_with_no_taskflow_operators.py for tasks to queue
[2023-11-23T02:31:06.193+0000] {logging_mixin.py:154} INFO - [2023-11-23T02:31:06.193+0000] {dagbag.py:536} INFO - Filling up the DagBag from /home/airflow/.local/lib/python3.8/site-packages/airflow/example_dags/example_dynamic_task_mapping_with_no_taskflow_operators.py
[2023-11-23T02:31:06.211+0000] {processor.py:839} INFO - DAG(s) dict_keys(['example_dynamic_task_mapping_with_no_taskflow_operators']) retrieved from /home/airflow/.local/lib/python3.8/site-packages/airflow/example_dags/example_dynamic_task_mapping_with_no_taskflow_operators.py
[2023-11-23T02:31:06.293+0000] {logging_mixin.py:154} INFO - [2023-11-23T02:31:06.292+0000] {dag.py:2941} INFO - Sync 1 DAGs
[2023-11-23T02:31:06.369+0000] {logging_mixin.py:154} INFO - [2023-11-23T02:31:06.368+0000] {dag.py:3722} INFO - Setting next_dagrun for example_dynamic_task_mapping_with_no_taskflow_operators to 2023-11-22T02:31:06.368157+00:00, run_after=2023-11-23T02:31:06.368157+00:00
[2023-11-23T02:31:06.422+0000] {processor.py:179} INFO - Processing /home/airflow/.local/lib/python3.8/site-packages/airflow/example_dags/example_dynamic_task_mapping_with_no_taskflow_operators.py took 0.244 seconds
[2023-11-23T02:31:37.211+0000] {processor.py:157} INFO - Started process (PID=724) to work on /home/airflow/.local/lib/python3.8/site-packages/airflow/example_dags/example_dynamic_task_mapping_with_no_taskflow_operators.py
[2023-11-23T02:31:37.221+0000] {processor.py:829} INFO - Processing file /home/airflow/.local/lib/python3.8/site-packages/airflow/example_dags/example_dynamic_task_mapping_with_no_taskflow_operators.py for tasks to queue
[2023-11-23T02:31:37.227+0000] {logging_mixin.py:154} INFO - [2023-11-23T02:31:37.226+0000] {dagbag.py:536} INFO - Filling up the DagBag from /home/airflow/.local/lib/python3.8/site-packages/airflow/example_dags/example_dynamic_task_mapping_with_no_taskflow_operators.py
[2023-11-23T02:31:37.245+0000] {processor.py:839} INFO - DAG(s) dict_keys(['example_dynamic_task_mapping_with_no_taskflow_operators']) retrieved from /home/airflow/.local/lib/python3.8/site-packages/airflow/example_dags/example_dynamic_task_mapping_with_no_taskflow_operators.py
[2023-11-23T02:31:37.293+0000] {logging_mixin.py:154} INFO - [2023-11-23T02:31:37.293+0000] {dag.py:2941} INFO - Sync 1 DAGs
[2023-11-23T02:31:37.335+0000] {logging_mixin.py:154} INFO - [2023-11-23T02:31:37.335+0000] {dag.py:3722} INFO - Setting next_dagrun for example_dynamic_task_mapping_with_no_taskflow_operators to 2023-11-22T02:31:37.335282+00:00, run_after=2023-11-23T02:31:37.335282+00:00
[2023-11-23T02:31:37.373+0000] {processor.py:179} INFO - Processing /home/airflow/.local/lib/python3.8/site-packages/airflow/example_dags/example_dynamic_task_mapping_with_no_taskflow_operators.py took 0.182 seconds
[2023-11-23T03:44:25.011+0000] {processor.py:157} INFO - Started process (PID=85) to work on /home/airflow/.local/lib/python3.8/site-packages/airflow/example_dags/example_dynamic_task_mapping_with_no_taskflow_operators.py
[2023-11-23T03:44:25.024+0000] {processor.py:829} INFO - Processing file /home/airflow/.local/lib/python3.8/site-packages/airflow/example_dags/example_dynamic_task_mapping_with_no_taskflow_operators.py for tasks to queue
[2023-11-23T03:44:25.049+0000] {logging_mixin.py:154} INFO - [2023-11-23T03:44:25.048+0000] {dagbag.py:536} INFO - Filling up the DagBag from /home/airflow/.local/lib/python3.8/site-packages/airflow/example_dags/example_dynamic_task_mapping_with_no_taskflow_operators.py
[2023-11-23T03:44:25.080+0000] {processor.py:839} INFO - DAG(s) dict_keys(['example_dynamic_task_mapping_with_no_taskflow_operators']) retrieved from /home/airflow/.local/lib/python3.8/site-packages/airflow/example_dags/example_dynamic_task_mapping_with_no_taskflow_operators.py
[2023-11-23T03:44:25.134+0000] {logging_mixin.py:154} INFO - [2023-11-23T03:44:25.133+0000] {dag.py:2941} INFO - Sync 1 DAGs
[2023-11-23T03:44:25.203+0000] {logging_mixin.py:154} INFO - [2023-11-23T03:44:25.202+0000] {dag.py:3722} INFO - Setting next_dagrun for example_dynamic_task_mapping_with_no_taskflow_operators to 2023-11-22T03:44:25.202393+00:00, run_after=2023-11-23T03:44:25.202393+00:00
[2023-11-23T03:44:25.261+0000] {processor.py:179} INFO - Processing /home/airflow/.local/lib/python3.8/site-packages/airflow/example_dags/example_dynamic_task_mapping_with_no_taskflow_operators.py took 0.274 seconds
[2023-11-23T03:44:55.703+0000] {processor.py:157} INFO - Started process (PID=139) to work on /home/airflow/.local/lib/python3.8/site-packages/airflow/example_dags/example_dynamic_task_mapping_with_no_taskflow_operators.py
[2023-11-23T03:44:55.705+0000] {processor.py:829} INFO - Processing file /home/airflow/.local/lib/python3.8/site-packages/airflow/example_dags/example_dynamic_task_mapping_with_no_taskflow_operators.py for tasks to queue
[2023-11-23T03:44:55.711+0000] {logging_mixin.py:154} INFO - [2023-11-23T03:44:55.710+0000] {dagbag.py:536} INFO - Filling up the DagBag from /home/airflow/.local/lib/python3.8/site-packages/airflow/example_dags/example_dynamic_task_mapping_with_no_taskflow_operators.py
[2023-11-23T03:44:55.731+0000] {processor.py:839} INFO - DAG(s) dict_keys(['example_dynamic_task_mapping_with_no_taskflow_operators']) retrieved from /home/airflow/.local/lib/python3.8/site-packages/airflow/example_dags/example_dynamic_task_mapping_with_no_taskflow_operators.py
[2023-11-23T03:44:55.775+0000] {logging_mixin.py:154} INFO - [2023-11-23T03:44:55.774+0000] {dag.py:2941} INFO - Sync 1 DAGs
[2023-11-23T03:44:55.818+0000] {logging_mixin.py:154} INFO - [2023-11-23T03:44:55.817+0000] {dag.py:3722} INFO - Setting next_dagrun for example_dynamic_task_mapping_with_no_taskflow_operators to 2023-11-22T03:44:55.817395+00:00, run_after=2023-11-23T03:44:55.817395+00:00
[2023-11-23T03:44:55.866+0000] {processor.py:179} INFO - Processing /home/airflow/.local/lib/python3.8/site-packages/airflow/example_dags/example_dynamic_task_mapping_with_no_taskflow_operators.py took 0.176 seconds
[2023-11-23T04:15:43.931+0000] {processor.py:157} INFO - Started process (PID=204) to work on /home/airflow/.local/lib/python3.8/site-packages/airflow/example_dags/example_dynamic_task_mapping_with_no_taskflow_operators.py
[2023-11-23T04:15:43.934+0000] {processor.py:829} INFO - Processing file /home/airflow/.local/lib/python3.8/site-packages/airflow/example_dags/example_dynamic_task_mapping_with_no_taskflow_operators.py for tasks to queue
[2023-11-23T04:15:43.942+0000] {logging_mixin.py:154} INFO - [2023-11-23T04:15:43.942+0000] {dagbag.py:536} INFO - Filling up the DagBag from /home/airflow/.local/lib/python3.8/site-packages/airflow/example_dags/example_dynamic_task_mapping_with_no_taskflow_operators.py
[2023-11-23T04:15:43.954+0000] {processor.py:839} INFO - DAG(s) dict_keys(['example_dynamic_task_mapping_with_no_taskflow_operators']) retrieved from /home/airflow/.local/lib/python3.8/site-packages/airflow/example_dags/example_dynamic_task_mapping_with_no_taskflow_operators.py
[2023-11-23T04:15:43.993+0000] {logging_mixin.py:154} INFO - [2023-11-23T04:15:43.992+0000] {dag.py:2941} INFO - Sync 1 DAGs
[2023-11-23T04:15:44.030+0000] {logging_mixin.py:154} INFO - [2023-11-23T04:15:44.029+0000] {dag.py:3722} INFO - Setting next_dagrun for example_dynamic_task_mapping_with_no_taskflow_operators to 2023-11-22T04:15:44.029198+00:00, run_after=2023-11-23T04:15:44.029198+00:00
[2023-11-23T04:15:44.064+0000] {processor.py:179} INFO - Processing /home/airflow/.local/lib/python3.8/site-packages/airflow/example_dags/example_dynamic_task_mapping_with_no_taskflow_operators.py took 0.140 seconds
[2023-11-23T04:16:14.925+0000] {processor.py:157} INFO - Started process (PID=257) to work on /home/airflow/.local/lib/python3.8/site-packages/airflow/example_dags/example_dynamic_task_mapping_with_no_taskflow_operators.py
[2023-11-23T04:16:14.926+0000] {processor.py:829} INFO - Processing file /home/airflow/.local/lib/python3.8/site-packages/airflow/example_dags/example_dynamic_task_mapping_with_no_taskflow_operators.py for tasks to queue
[2023-11-23T04:16:14.931+0000] {logging_mixin.py:154} INFO - [2023-11-23T04:16:14.930+0000] {dagbag.py:536} INFO - Filling up the DagBag from /home/airflow/.local/lib/python3.8/site-packages/airflow/example_dags/example_dynamic_task_mapping_with_no_taskflow_operators.py
[2023-11-23T04:16:14.941+0000] {processor.py:839} INFO - DAG(s) dict_keys(['example_dynamic_task_mapping_with_no_taskflow_operators']) retrieved from /home/airflow/.local/lib/python3.8/site-packages/airflow/example_dags/example_dynamic_task_mapping_with_no_taskflow_operators.py
[2023-11-23T04:16:14.980+0000] {logging_mixin.py:154} INFO - [2023-11-23T04:16:14.980+0000] {dag.py:2941} INFO - Sync 1 DAGs
[2023-11-23T04:16:15.009+0000] {logging_mixin.py:154} INFO - [2023-11-23T04:16:15.008+0000] {dag.py:3722} INFO - Setting next_dagrun for example_dynamic_task_mapping_with_no_taskflow_operators to 2023-11-22T04:16:15.008438+00:00, run_after=2023-11-23T04:16:15.008438+00:00
[2023-11-23T04:16:15.033+0000] {processor.py:179} INFO - Processing /home/airflow/.local/lib/python3.8/site-packages/airflow/example_dags/example_dynamic_task_mapping_with_no_taskflow_operators.py took 0.120 seconds
[2023-11-23T04:16:45.069+0000] {processor.py:157} INFO - Started process (PID=310) to work on /home/airflow/.local/lib/python3.8/site-packages/airflow/example_dags/example_dynamic_task_mapping_with_no_taskflow_operators.py
[2023-11-23T04:16:45.070+0000] {processor.py:829} INFO - Processing file /home/airflow/.local/lib/python3.8/site-packages/airflow/example_dags/example_dynamic_task_mapping_with_no_taskflow_operators.py for tasks to queue
[2023-11-23T04:16:45.073+0000] {logging_mixin.py:154} INFO - [2023-11-23T04:16:45.073+0000] {dagbag.py:536} INFO - Filling up the DagBag from /home/airflow/.local/lib/python3.8/site-packages/airflow/example_dags/example_dynamic_task_mapping_with_no_taskflow_operators.py
[2023-11-23T04:16:45.082+0000] {processor.py:839} INFO - DAG(s) dict_keys(['example_dynamic_task_mapping_with_no_taskflow_operators']) retrieved from /home/airflow/.local/lib/python3.8/site-packages/airflow/example_dags/example_dynamic_task_mapping_with_no_taskflow_operators.py
[2023-11-23T04:16:45.114+0000] {logging_mixin.py:154} INFO - [2023-11-23T04:16:45.114+0000] {dag.py:2941} INFO - Sync 1 DAGs
[2023-11-23T04:16:45.139+0000] {logging_mixin.py:154} INFO - [2023-11-23T04:16:45.139+0000] {dag.py:3722} INFO - Setting next_dagrun for example_dynamic_task_mapping_with_no_taskflow_operators to 2023-11-22T04:16:45.139281+00:00, run_after=2023-11-23T04:16:45.139281+00:00
[2023-11-23T04:16:45.171+0000] {processor.py:179} INFO - Processing /home/airflow/.local/lib/python3.8/site-packages/airflow/example_dags/example_dynamic_task_mapping_with_no_taskflow_operators.py took 0.108 seconds
[2023-11-23T04:17:15.928+0000] {processor.py:157} INFO - Started process (PID=365) to work on /home/airflow/.local/lib/python3.8/site-packages/airflow/example_dags/example_dynamic_task_mapping_with_no_taskflow_operators.py
[2023-11-23T04:17:15.929+0000] {processor.py:829} INFO - Processing file /home/airflow/.local/lib/python3.8/site-packages/airflow/example_dags/example_dynamic_task_mapping_with_no_taskflow_operators.py for tasks to queue
[2023-11-23T04:17:15.934+0000] {logging_mixin.py:154} INFO - [2023-11-23T04:17:15.933+0000] {dagbag.py:536} INFO - Filling up the DagBag from /home/airflow/.local/lib/python3.8/site-packages/airflow/example_dags/example_dynamic_task_mapping_with_no_taskflow_operators.py
[2023-11-23T04:17:15.947+0000] {processor.py:839} INFO - DAG(s) dict_keys(['example_dynamic_task_mapping_with_no_taskflow_operators']) retrieved from /home/airflow/.local/lib/python3.8/site-packages/airflow/example_dags/example_dynamic_task_mapping_with_no_taskflow_operators.py
[2023-11-23T04:17:15.986+0000] {logging_mixin.py:154} INFO - [2023-11-23T04:17:15.986+0000] {dag.py:2941} INFO - Sync 1 DAGs
[2023-11-23T04:17:16.023+0000] {logging_mixin.py:154} INFO - [2023-11-23T04:17:16.023+0000] {dag.py:3722} INFO - Setting next_dagrun for example_dynamic_task_mapping_with_no_taskflow_operators to 2023-11-22T04:17:16.022718+00:00, run_after=2023-11-23T04:17:16.022718+00:00
[2023-11-23T04:17:16.048+0000] {processor.py:179} INFO - Processing /home/airflow/.local/lib/python3.8/site-packages/airflow/example_dags/example_dynamic_task_mapping_with_no_taskflow_operators.py took 0.127 seconds
[2023-11-23T04:17:46.275+0000] {processor.py:157} INFO - Started process (PID=418) to work on /home/airflow/.local/lib/python3.8/site-packages/airflow/example_dags/example_dynamic_task_mapping_with_no_taskflow_operators.py
[2023-11-23T04:17:46.277+0000] {processor.py:829} INFO - Processing file /home/airflow/.local/lib/python3.8/site-packages/airflow/example_dags/example_dynamic_task_mapping_with_no_taskflow_operators.py for tasks to queue
[2023-11-23T04:17:46.280+0000] {logging_mixin.py:154} INFO - [2023-11-23T04:17:46.280+0000] {dagbag.py:536} INFO - Filling up the DagBag from /home/airflow/.local/lib/python3.8/site-packages/airflow/example_dags/example_dynamic_task_mapping_with_no_taskflow_operators.py
[2023-11-23T04:17:46.291+0000] {processor.py:839} INFO - DAG(s) dict_keys(['example_dynamic_task_mapping_with_no_taskflow_operators']) retrieved from /home/airflow/.local/lib/python3.8/site-packages/airflow/example_dags/example_dynamic_task_mapping_with_no_taskflow_operators.py
[2023-11-23T04:17:46.327+0000] {logging_mixin.py:154} INFO - [2023-11-23T04:17:46.327+0000] {dag.py:2941} INFO - Sync 1 DAGs
[2023-11-23T04:17:46.360+0000] {logging_mixin.py:154} INFO - [2023-11-23T04:17:46.359+0000] {dag.py:3722} INFO - Setting next_dagrun for example_dynamic_task_mapping_with_no_taskflow_operators to 2023-11-22T04:17:46.359382+00:00, run_after=2023-11-23T04:17:46.359382+00:00
[2023-11-23T04:17:46.419+0000] {processor.py:179} INFO - Processing /home/airflow/.local/lib/python3.8/site-packages/airflow/example_dags/example_dynamic_task_mapping_with_no_taskflow_operators.py took 0.151 seconds
[2023-11-23T04:18:18.241+0000] {processor.py:157} INFO - Started process (PID=478) to work on /home/airflow/.local/lib/python3.8/site-packages/airflow/example_dags/example_dynamic_task_mapping_with_no_taskflow_operators.py
[2023-11-23T04:18:18.243+0000] {processor.py:829} INFO - Processing file /home/airflow/.local/lib/python3.8/site-packages/airflow/example_dags/example_dynamic_task_mapping_with_no_taskflow_operators.py for tasks to queue
[2023-11-23T04:18:18.249+0000] {logging_mixin.py:154} INFO - [2023-11-23T04:18:18.248+0000] {dagbag.py:536} INFO - Filling up the DagBag from /home/airflow/.local/lib/python3.8/site-packages/airflow/example_dags/example_dynamic_task_mapping_with_no_taskflow_operators.py
[2023-11-23T04:18:18.296+0000] {processor.py:839} INFO - DAG(s) dict_keys(['example_dynamic_task_mapping_with_no_taskflow_operators']) retrieved from /home/airflow/.local/lib/python3.8/site-packages/airflow/example_dags/example_dynamic_task_mapping_with_no_taskflow_operators.py
[2023-11-23T04:18:18.335+0000] {logging_mixin.py:154} INFO - [2023-11-23T04:18:18.335+0000] {dag.py:2941} INFO - Sync 1 DAGs
[2023-11-23T04:18:18.372+0000] {logging_mixin.py:154} INFO - [2023-11-23T04:18:18.372+0000] {dag.py:3722} INFO - Setting next_dagrun for example_dynamic_task_mapping_with_no_taskflow_operators to 2023-11-22T04:18:18.371962+00:00, run_after=2023-11-23T04:18:18.371962+00:00
[2023-11-23T04:18:18.421+0000] {processor.py:179} INFO - Processing /home/airflow/.local/lib/python3.8/site-packages/airflow/example_dags/example_dynamic_task_mapping_with_no_taskflow_operators.py took 0.190 seconds
[2023-11-23T04:18:50.948+0000] {processor.py:157} INFO - Started process (PID=533) to work on /home/airflow/.local/lib/python3.8/site-packages/airflow/example_dags/example_dynamic_task_mapping_with_no_taskflow_operators.py
[2023-11-23T04:18:50.950+0000] {processor.py:829} INFO - Processing file /home/airflow/.local/lib/python3.8/site-packages/airflow/example_dags/example_dynamic_task_mapping_with_no_taskflow_operators.py for tasks to queue
[2023-11-23T04:18:50.961+0000] {logging_mixin.py:154} INFO - [2023-11-23T04:18:50.961+0000] {dagbag.py:536} INFO - Filling up the DagBag from /home/airflow/.local/lib/python3.8/site-packages/airflow/example_dags/example_dynamic_task_mapping_with_no_taskflow_operators.py
[2023-11-23T04:18:50.974+0000] {processor.py:839} INFO - DAG(s) dict_keys(['example_dynamic_task_mapping_with_no_taskflow_operators']) retrieved from /home/airflow/.local/lib/python3.8/site-packages/airflow/example_dags/example_dynamic_task_mapping_with_no_taskflow_operators.py
[2023-11-23T04:18:51.011+0000] {logging_mixin.py:154} INFO - [2023-11-23T04:18:51.011+0000] {dag.py:2941} INFO - Sync 1 DAGs
[2023-11-23T04:18:51.050+0000] {logging_mixin.py:154} INFO - [2023-11-23T04:18:51.050+0000] {dag.py:3722} INFO - Setting next_dagrun for example_dynamic_task_mapping_with_no_taskflow_operators to 2023-11-22T04:18:51.049748+00:00, run_after=2023-11-23T04:18:51.049748+00:00
[2023-11-23T04:18:51.113+0000] {processor.py:179} INFO - Processing /home/airflow/.local/lib/python3.8/site-packages/airflow/example_dags/example_dynamic_task_mapping_with_no_taskflow_operators.py took 0.171 seconds
[2023-11-23T04:19:23.040+0000] {processor.py:157} INFO - Started process (PID=587) to work on /home/airflow/.local/lib/python3.8/site-packages/airflow/example_dags/example_dynamic_task_mapping_with_no_taskflow_operators.py
[2023-11-23T04:19:23.042+0000] {processor.py:829} INFO - Processing file /home/airflow/.local/lib/python3.8/site-packages/airflow/example_dags/example_dynamic_task_mapping_with_no_taskflow_operators.py for tasks to queue
[2023-11-23T04:19:23.047+0000] {logging_mixin.py:154} INFO - [2023-11-23T04:19:23.046+0000] {dagbag.py:536} INFO - Filling up the DagBag from /home/airflow/.local/lib/python3.8/site-packages/airflow/example_dags/example_dynamic_task_mapping_with_no_taskflow_operators.py
[2023-11-23T04:19:23.061+0000] {processor.py:839} INFO - DAG(s) dict_keys(['example_dynamic_task_mapping_with_no_taskflow_operators']) retrieved from /home/airflow/.local/lib/python3.8/site-packages/airflow/example_dags/example_dynamic_task_mapping_with_no_taskflow_operators.py
[2023-11-23T04:19:23.103+0000] {logging_mixin.py:154} INFO - [2023-11-23T04:19:23.103+0000] {dag.py:2941} INFO - Sync 1 DAGs
[2023-11-23T04:19:23.151+0000] {logging_mixin.py:154} INFO - [2023-11-23T04:19:23.151+0000] {dag.py:3722} INFO - Setting next_dagrun for example_dynamic_task_mapping_with_no_taskflow_operators to 2023-11-22T04:19:23.150506+00:00, run_after=2023-11-23T04:19:23.150506+00:00
[2023-11-23T04:19:23.183+0000] {processor.py:179} INFO - Processing /home/airflow/.local/lib/python3.8/site-packages/airflow/example_dags/example_dynamic_task_mapping_with_no_taskflow_operators.py took 0.149 seconds
[2023-11-23T04:19:54.568+0000] {processor.py:157} INFO - Started process (PID=641) to work on /home/airflow/.local/lib/python3.8/site-packages/airflow/example_dags/example_dynamic_task_mapping_with_no_taskflow_operators.py
[2023-11-23T04:19:54.579+0000] {processor.py:829} INFO - Processing file /home/airflow/.local/lib/python3.8/site-packages/airflow/example_dags/example_dynamic_task_mapping_with_no_taskflow_operators.py for tasks to queue
[2023-11-23T04:19:54.593+0000] {logging_mixin.py:154} INFO - [2023-11-23T04:19:54.593+0000] {dagbag.py:536} INFO - Filling up the DagBag from /home/airflow/.local/lib/python3.8/site-packages/airflow/example_dags/example_dynamic_task_mapping_with_no_taskflow_operators.py
[2023-11-23T04:19:54.629+0000] {processor.py:839} INFO - DAG(s) dict_keys(['example_dynamic_task_mapping_with_no_taskflow_operators']) retrieved from /home/airflow/.local/lib/python3.8/site-packages/airflow/example_dags/example_dynamic_task_mapping_with_no_taskflow_operators.py
[2023-11-23T04:19:54.715+0000] {logging_mixin.py:154} INFO - [2023-11-23T04:19:54.714+0000] {dag.py:2941} INFO - Sync 1 DAGs
[2023-11-23T04:19:54.844+0000] {logging_mixin.py:154} INFO - [2023-11-23T04:19:54.843+0000] {dag.py:3722} INFO - Setting next_dagrun for example_dynamic_task_mapping_with_no_taskflow_operators to 2023-11-22T04:19:54.842463+00:00, run_after=2023-11-23T04:19:54.842463+00:00
[2023-11-23T04:19:54.928+0000] {processor.py:179} INFO - Processing /home/airflow/.local/lib/python3.8/site-packages/airflow/example_dags/example_dynamic_task_mapping_with_no_taskflow_operators.py took 0.376 seconds
[2023-11-23T04:20:25.930+0000] {processor.py:157} INFO - Started process (PID=694) to work on /home/airflow/.local/lib/python3.8/site-packages/airflow/example_dags/example_dynamic_task_mapping_with_no_taskflow_operators.py
[2023-11-23T04:20:25.932+0000] {processor.py:829} INFO - Processing file /home/airflow/.local/lib/python3.8/site-packages/airflow/example_dags/example_dynamic_task_mapping_with_no_taskflow_operators.py for tasks to queue
[2023-11-23T04:20:25.937+0000] {logging_mixin.py:154} INFO - [2023-11-23T04:20:25.936+0000] {dagbag.py:536} INFO - Filling up the DagBag from /home/airflow/.local/lib/python3.8/site-packages/airflow/example_dags/example_dynamic_task_mapping_with_no_taskflow_operators.py
[2023-11-23T04:20:25.947+0000] {processor.py:839} INFO - DAG(s) dict_keys(['example_dynamic_task_mapping_with_no_taskflow_operators']) retrieved from /home/airflow/.local/lib/python3.8/site-packages/airflow/example_dags/example_dynamic_task_mapping_with_no_taskflow_operators.py
[2023-11-23T04:20:25.982+0000] {logging_mixin.py:154} INFO - [2023-11-23T04:20:25.982+0000] {dag.py:2941} INFO - Sync 1 DAGs
[2023-11-23T04:20:26.017+0000] {logging_mixin.py:154} INFO - [2023-11-23T04:20:26.016+0000] {dag.py:3722} INFO - Setting next_dagrun for example_dynamic_task_mapping_with_no_taskflow_operators to 2023-11-22T04:20:26.016580+00:00, run_after=2023-11-23T04:20:26.016580+00:00
[2023-11-23T04:20:26.043+0000] {processor.py:179} INFO - Processing /home/airflow/.local/lib/python3.8/site-packages/airflow/example_dags/example_dynamic_task_mapping_with_no_taskflow_operators.py took 0.118 seconds
[2023-11-23T04:20:56.892+0000] {processor.py:157} INFO - Started process (PID=748) to work on /home/airflow/.local/lib/python3.8/site-packages/airflow/example_dags/example_dynamic_task_mapping_with_no_taskflow_operators.py
[2023-11-23T04:20:56.895+0000] {processor.py:829} INFO - Processing file /home/airflow/.local/lib/python3.8/site-packages/airflow/example_dags/example_dynamic_task_mapping_with_no_taskflow_operators.py for tasks to queue
[2023-11-23T04:20:56.902+0000] {logging_mixin.py:154} INFO - [2023-11-23T04:20:56.901+0000] {dagbag.py:536} INFO - Filling up the DagBag from /home/airflow/.local/lib/python3.8/site-packages/airflow/example_dags/example_dynamic_task_mapping_with_no_taskflow_operators.py
[2023-11-23T04:20:56.920+0000] {processor.py:839} INFO - DAG(s) dict_keys(['example_dynamic_task_mapping_with_no_taskflow_operators']) retrieved from /home/airflow/.local/lib/python3.8/site-packages/airflow/example_dags/example_dynamic_task_mapping_with_no_taskflow_operators.py
[2023-11-23T04:20:57.037+0000] {logging_mixin.py:154} INFO - [2023-11-23T04:20:57.036+0000] {dag.py:2941} INFO - Sync 1 DAGs
[2023-11-23T04:20:57.124+0000] {logging_mixin.py:154} INFO - [2023-11-23T04:20:57.124+0000] {dag.py:3722} INFO - Setting next_dagrun for example_dynamic_task_mapping_with_no_taskflow_operators to 2023-11-22T04:20:57.123805+00:00, run_after=2023-11-23T04:20:57.123805+00:00
[2023-11-23T04:20:57.171+0000] {processor.py:179} INFO - Processing /home/airflow/.local/lib/python3.8/site-packages/airflow/example_dags/example_dynamic_task_mapping_with_no_taskflow_operators.py took 0.288 seconds
[2023-11-23T04:21:34.726+0000] {processor.py:157} INFO - Started process (PID=802) to work on /home/airflow/.local/lib/python3.8/site-packages/airflow/example_dags/example_dynamic_task_mapping_with_no_taskflow_operators.py
[2023-11-23T04:21:34.739+0000] {processor.py:829} INFO - Processing file /home/airflow/.local/lib/python3.8/site-packages/airflow/example_dags/example_dynamic_task_mapping_with_no_taskflow_operators.py for tasks to queue
[2023-11-23T04:21:34.749+0000] {logging_mixin.py:154} INFO - [2023-11-23T04:21:34.748+0000] {dagbag.py:536} INFO - Filling up the DagBag from /home/airflow/.local/lib/python3.8/site-packages/airflow/example_dags/example_dynamic_task_mapping_with_no_taskflow_operators.py
[2023-11-23T04:21:34.806+0000] {processor.py:839} INFO - DAG(s) dict_keys(['example_dynamic_task_mapping_with_no_taskflow_operators']) retrieved from /home/airflow/.local/lib/python3.8/site-packages/airflow/example_dags/example_dynamic_task_mapping_with_no_taskflow_operators.py
[2023-11-23T04:21:34.894+0000] {logging_mixin.py:154} INFO - [2023-11-23T04:21:34.893+0000] {dag.py:2941} INFO - Sync 1 DAGs
[2023-11-23T04:21:34.967+0000] {logging_mixin.py:154} INFO - [2023-11-23T04:21:34.967+0000] {dag.py:3722} INFO - Setting next_dagrun for example_dynamic_task_mapping_with_no_taskflow_operators to 2023-11-22T04:21:34.967182+00:00, run_after=2023-11-23T04:21:34.967182+00:00
[2023-11-23T04:21:35.043+0000] {processor.py:179} INFO - Processing /home/airflow/.local/lib/python3.8/site-packages/airflow/example_dags/example_dynamic_task_mapping_with_no_taskflow_operators.py took 0.334 seconds
[2023-11-23T04:22:11.187+0000] {processor.py:157} INFO - Started process (PID=856) to work on /home/airflow/.local/lib/python3.8/site-packages/airflow/example_dags/example_dynamic_task_mapping_with_no_taskflow_operators.py
[2023-11-23T04:22:11.192+0000] {processor.py:829} INFO - Processing file /home/airflow/.local/lib/python3.8/site-packages/airflow/example_dags/example_dynamic_task_mapping_with_no_taskflow_operators.py for tasks to queue
[2023-11-23T04:22:11.196+0000] {logging_mixin.py:154} INFO - [2023-11-23T04:22:11.195+0000] {dagbag.py:536} INFO - Filling up the DagBag from /home/airflow/.local/lib/python3.8/site-packages/airflow/example_dags/example_dynamic_task_mapping_with_no_taskflow_operators.py
[2023-11-23T04:22:11.215+0000] {processor.py:839} INFO - DAG(s) dict_keys(['example_dynamic_task_mapping_with_no_taskflow_operators']) retrieved from /home/airflow/.local/lib/python3.8/site-packages/airflow/example_dags/example_dynamic_task_mapping_with_no_taskflow_operators.py
[2023-11-23T04:22:11.341+0000] {logging_mixin.py:154} INFO - [2023-11-23T04:22:11.340+0000] {dag.py:2941} INFO - Sync 1 DAGs
[2023-11-23T04:22:11.481+0000] {logging_mixin.py:154} INFO - [2023-11-23T04:22:11.480+0000] {dag.py:3722} INFO - Setting next_dagrun for example_dynamic_task_mapping_with_no_taskflow_operators to 2023-11-22T04:22:11.480674+00:00, run_after=2023-11-23T04:22:11.480674+00:00
[2023-11-23T04:22:11.546+0000] {processor.py:179} INFO - Processing /home/airflow/.local/lib/python3.8/site-packages/airflow/example_dags/example_dynamic_task_mapping_with_no_taskflow_operators.py took 0.384 seconds
