[2023-11-23T02:24:58.159+0000] {processor.py:157} INFO - Started process (PID=39) to work on /home/airflow/.local/lib/python3.8/site-packages/airflow/example_dags/example_branch_python_dop_operator_3.py
[2023-11-23T02:24:58.177+0000] {processor.py:829} INFO - Processing file /home/airflow/.local/lib/python3.8/site-packages/airflow/example_dags/example_branch_python_dop_operator_3.py for tasks to queue
[2023-11-23T02:24:58.192+0000] {logging_mixin.py:154} INFO - [2023-11-23T02:24:58.191+0000] {dagbag.py:536} INFO - Filling up the DagBag from /home/airflow/.local/lib/python3.8/site-packages/airflow/example_dags/example_branch_python_dop_operator_3.py
[2023-11-23T02:24:58.288+0000] {processor.py:839} INFO - DAG(s) dict_keys(['example_branch_dop_operator_v3']) retrieved from /home/airflow/.local/lib/python3.8/site-packages/airflow/example_dags/example_branch_python_dop_operator_3.py
[2023-11-23T02:24:59.116+0000] {logging_mixin.py:154} INFO - [2023-11-23T02:24:59.116+0000] {manager.py:499} INFO - Created Permission View: %s
[2023-11-23T02:24:59.159+0000] {logging_mixin.py:154} INFO - [2023-11-23T02:24:59.159+0000] {manager.py:499} INFO - Created Permission View: %s
[2023-11-23T02:24:59.203+0000] {logging_mixin.py:154} INFO - [2023-11-23T02:24:59.203+0000] {manager.py:499} INFO - Created Permission View: %s
[2023-11-23T02:24:59.210+0000] {logging_mixin.py:154} INFO - [2023-11-23T02:24:59.209+0000] {dag.py:2941} INFO - Sync 1 DAGs
[2023-11-23T02:24:59.376+0000] {logging_mixin.py:154} INFO - [2023-11-23T02:24:59.368+0000] {dag.py:2963} INFO - Creating ORM DAG for example_branch_dop_operator_v3
[2023-11-23T02:24:59.677+0000] {logging_mixin.py:154} INFO - [2023-11-23T02:24:59.674+0000] {dag.py:3722} INFO - Setting next_dagrun for example_branch_dop_operator_v3 to 2023-11-23T02:23:00+00:00, run_after=2023-11-23T02:24:00+00:00
[2023-11-23T02:24:59.908+0000] {processor.py:179} INFO - Processing /home/airflow/.local/lib/python3.8/site-packages/airflow/example_dags/example_branch_python_dop_operator_3.py took 1.799 seconds
[2023-11-23T02:25:30.223+0000] {processor.py:157} INFO - Started process (PID=94) to work on /home/airflow/.local/lib/python3.8/site-packages/airflow/example_dags/example_branch_python_dop_operator_3.py
[2023-11-23T02:25:30.231+0000] {processor.py:829} INFO - Processing file /home/airflow/.local/lib/python3.8/site-packages/airflow/example_dags/example_branch_python_dop_operator_3.py for tasks to queue
[2023-11-23T02:25:30.238+0000] {logging_mixin.py:154} INFO - [2023-11-23T02:25:30.238+0000] {dagbag.py:536} INFO - Filling up the DagBag from /home/airflow/.local/lib/python3.8/site-packages/airflow/example_dags/example_branch_python_dop_operator_3.py
[2023-11-23T02:25:30.420+0000] {processor.py:839} INFO - DAG(s) dict_keys(['example_branch_dop_operator_v3']) retrieved from /home/airflow/.local/lib/python3.8/site-packages/airflow/example_dags/example_branch_python_dop_operator_3.py
[2023-11-23T02:25:30.505+0000] {logging_mixin.py:154} INFO - [2023-11-23T02:25:30.504+0000] {dag.py:2941} INFO - Sync 1 DAGs
[2023-11-23T02:25:30.707+0000] {logging_mixin.py:154} INFO - [2023-11-23T02:25:30.706+0000] {dag.py:3722} INFO - Setting next_dagrun for example_branch_dop_operator_v3 to 2023-11-23T02:24:00+00:00, run_after=2023-11-23T02:25:00+00:00
[2023-11-23T02:25:30.798+0000] {processor.py:179} INFO - Processing /home/airflow/.local/lib/python3.8/site-packages/airflow/example_dags/example_branch_python_dop_operator_3.py took 0.584 seconds
[2023-11-23T02:26:01.722+0000] {processor.py:157} INFO - Started process (PID=148) to work on /home/airflow/.local/lib/python3.8/site-packages/airflow/example_dags/example_branch_python_dop_operator_3.py
[2023-11-23T02:26:01.729+0000] {processor.py:829} INFO - Processing file /home/airflow/.local/lib/python3.8/site-packages/airflow/example_dags/example_branch_python_dop_operator_3.py for tasks to queue
[2023-11-23T02:26:01.735+0000] {logging_mixin.py:154} INFO - [2023-11-23T02:26:01.734+0000] {dagbag.py:536} INFO - Filling up the DagBag from /home/airflow/.local/lib/python3.8/site-packages/airflow/example_dags/example_branch_python_dop_operator_3.py
[2023-11-23T02:26:01.752+0000] {processor.py:839} INFO - DAG(s) dict_keys(['example_branch_dop_operator_v3']) retrieved from /home/airflow/.local/lib/python3.8/site-packages/airflow/example_dags/example_branch_python_dop_operator_3.py
[2023-11-23T02:26:01.816+0000] {logging_mixin.py:154} INFO - [2023-11-23T02:26:01.816+0000] {dag.py:2941} INFO - Sync 1 DAGs
[2023-11-23T02:26:01.883+0000] {logging_mixin.py:154} INFO - [2023-11-23T02:26:01.883+0000] {dag.py:3722} INFO - Setting next_dagrun for example_branch_dop_operator_v3 to 2023-11-23T02:25:00+00:00, run_after=2023-11-23T02:26:00+00:00
[2023-11-23T02:26:01.920+0000] {processor.py:179} INFO - Processing /home/airflow/.local/lib/python3.8/site-packages/airflow/example_dags/example_branch_python_dop_operator_3.py took 0.210 seconds
[2023-11-23T02:26:32.092+0000] {processor.py:157} INFO - Started process (PID=202) to work on /home/airflow/.local/lib/python3.8/site-packages/airflow/example_dags/example_branch_python_dop_operator_3.py
[2023-11-23T02:26:32.094+0000] {processor.py:829} INFO - Processing file /home/airflow/.local/lib/python3.8/site-packages/airflow/example_dags/example_branch_python_dop_operator_3.py for tasks to queue
[2023-11-23T02:26:32.098+0000] {logging_mixin.py:154} INFO - [2023-11-23T02:26:32.098+0000] {dagbag.py:536} INFO - Filling up the DagBag from /home/airflow/.local/lib/python3.8/site-packages/airflow/example_dags/example_branch_python_dop_operator_3.py
[2023-11-23T02:26:32.113+0000] {processor.py:839} INFO - DAG(s) dict_keys(['example_branch_dop_operator_v3']) retrieved from /home/airflow/.local/lib/python3.8/site-packages/airflow/example_dags/example_branch_python_dop_operator_3.py
[2023-11-23T02:26:32.145+0000] {logging_mixin.py:154} INFO - [2023-11-23T02:26:32.144+0000] {dag.py:2941} INFO - Sync 1 DAGs
[2023-11-23T02:26:32.194+0000] {logging_mixin.py:154} INFO - [2023-11-23T02:26:32.194+0000] {dag.py:3722} INFO - Setting next_dagrun for example_branch_dop_operator_v3 to 2023-11-23T02:25:00+00:00, run_after=2023-11-23T02:26:00+00:00
[2023-11-23T02:26:32.227+0000] {processor.py:179} INFO - Processing /home/airflow/.local/lib/python3.8/site-packages/airflow/example_dags/example_branch_python_dop_operator_3.py took 0.140 seconds
[2023-11-23T02:27:03.778+0000] {processor.py:157} INFO - Started process (PID=256) to work on /home/airflow/.local/lib/python3.8/site-packages/airflow/example_dags/example_branch_python_dop_operator_3.py
[2023-11-23T02:27:03.821+0000] {processor.py:829} INFO - Processing file /home/airflow/.local/lib/python3.8/site-packages/airflow/example_dags/example_branch_python_dop_operator_3.py for tasks to queue
[2023-11-23T02:27:03.854+0000] {logging_mixin.py:154} INFO - [2023-11-23T02:27:03.853+0000] {dagbag.py:536} INFO - Filling up the DagBag from /home/airflow/.local/lib/python3.8/site-packages/airflow/example_dags/example_branch_python_dop_operator_3.py
[2023-11-23T02:27:03.899+0000] {processor.py:839} INFO - DAG(s) dict_keys(['example_branch_dop_operator_v3']) retrieved from /home/airflow/.local/lib/python3.8/site-packages/airflow/example_dags/example_branch_python_dop_operator_3.py
[2023-11-23T02:27:03.945+0000] {logging_mixin.py:154} INFO - [2023-11-23T02:27:03.945+0000] {dag.py:2941} INFO - Sync 1 DAGs
[2023-11-23T02:27:04.114+0000] {logging_mixin.py:154} INFO - [2023-11-23T02:27:04.114+0000] {dag.py:3722} INFO - Setting next_dagrun for example_branch_dop_operator_v3 to 2023-11-23T02:26:00+00:00, run_after=2023-11-23T02:27:00+00:00
[2023-11-23T02:27:04.151+0000] {processor.py:179} INFO - Processing /home/airflow/.local/lib/python3.8/site-packages/airflow/example_dags/example_branch_python_dop_operator_3.py took 0.382 seconds
[2023-11-23T02:27:35.510+0000] {processor.py:157} INFO - Started process (PID=308) to work on /home/airflow/.local/lib/python3.8/site-packages/airflow/example_dags/example_branch_python_dop_operator_3.py
[2023-11-23T02:27:35.512+0000] {processor.py:829} INFO - Processing file /home/airflow/.local/lib/python3.8/site-packages/airflow/example_dags/example_branch_python_dop_operator_3.py for tasks to queue
[2023-11-23T02:27:35.521+0000] {logging_mixin.py:154} INFO - [2023-11-23T02:27:35.521+0000] {dagbag.py:536} INFO - Filling up the DagBag from /home/airflow/.local/lib/python3.8/site-packages/airflow/example_dags/example_branch_python_dop_operator_3.py
[2023-11-23T02:27:35.540+0000] {processor.py:839} INFO - DAG(s) dict_keys(['example_branch_dop_operator_v3']) retrieved from /home/airflow/.local/lib/python3.8/site-packages/airflow/example_dags/example_branch_python_dop_operator_3.py
[2023-11-23T02:27:35.614+0000] {logging_mixin.py:154} INFO - [2023-11-23T02:27:35.613+0000] {dag.py:2941} INFO - Sync 1 DAGs
[2023-11-23T02:27:35.675+0000] {logging_mixin.py:154} INFO - [2023-11-23T02:27:35.675+0000] {dag.py:3722} INFO - Setting next_dagrun for example_branch_dop_operator_v3 to 2023-11-23T02:26:00+00:00, run_after=2023-11-23T02:27:00+00:00
[2023-11-23T02:27:35.727+0000] {processor.py:179} INFO - Processing /home/airflow/.local/lib/python3.8/site-packages/airflow/example_dags/example_branch_python_dop_operator_3.py took 0.224 seconds
[2023-11-23T02:28:05.924+0000] {processor.py:157} INFO - Started process (PID=361) to work on /home/airflow/.local/lib/python3.8/site-packages/airflow/example_dags/example_branch_python_dop_operator_3.py
[2023-11-23T02:28:05.926+0000] {processor.py:829} INFO - Processing file /home/airflow/.local/lib/python3.8/site-packages/airflow/example_dags/example_branch_python_dop_operator_3.py for tasks to queue
[2023-11-23T02:28:05.929+0000] {logging_mixin.py:154} INFO - [2023-11-23T02:28:05.928+0000] {dagbag.py:536} INFO - Filling up the DagBag from /home/airflow/.local/lib/python3.8/site-packages/airflow/example_dags/example_branch_python_dop_operator_3.py
[2023-11-23T02:28:05.942+0000] {processor.py:839} INFO - DAG(s) dict_keys(['example_branch_dop_operator_v3']) retrieved from /home/airflow/.local/lib/python3.8/site-packages/airflow/example_dags/example_branch_python_dop_operator_3.py
[2023-11-23T02:28:05.982+0000] {logging_mixin.py:154} INFO - [2023-11-23T02:28:05.982+0000] {dag.py:2941} INFO - Sync 1 DAGs
[2023-11-23T02:28:06.029+0000] {logging_mixin.py:154} INFO - [2023-11-23T02:28:06.029+0000] {dag.py:3722} INFO - Setting next_dagrun for example_branch_dop_operator_v3 to 2023-11-23T02:27:00+00:00, run_after=2023-11-23T02:28:00+00:00
[2023-11-23T02:28:06.054+0000] {processor.py:179} INFO - Processing /home/airflow/.local/lib/python3.8/site-packages/airflow/example_dags/example_branch_python_dop_operator_3.py took 0.135 seconds
[2023-11-23T02:28:36.598+0000] {processor.py:157} INFO - Started process (PID=409) to work on /home/airflow/.local/lib/python3.8/site-packages/airflow/example_dags/example_branch_python_dop_operator_3.py
[2023-11-23T02:28:36.600+0000] {processor.py:829} INFO - Processing file /home/airflow/.local/lib/python3.8/site-packages/airflow/example_dags/example_branch_python_dop_operator_3.py for tasks to queue
[2023-11-23T02:28:36.606+0000] {logging_mixin.py:154} INFO - [2023-11-23T02:28:36.605+0000] {dagbag.py:536} INFO - Filling up the DagBag from /home/airflow/.local/lib/python3.8/site-packages/airflow/example_dags/example_branch_python_dop_operator_3.py
[2023-11-23T02:28:36.628+0000] {processor.py:839} INFO - DAG(s) dict_keys(['example_branch_dop_operator_v3']) retrieved from /home/airflow/.local/lib/python3.8/site-packages/airflow/example_dags/example_branch_python_dop_operator_3.py
[2023-11-23T02:28:36.695+0000] {logging_mixin.py:154} INFO - [2023-11-23T02:28:36.694+0000] {dag.py:2941} INFO - Sync 1 DAGs
[2023-11-23T02:28:36.797+0000] {logging_mixin.py:154} INFO - [2023-11-23T02:28:36.797+0000] {dag.py:3722} INFO - Setting next_dagrun for example_branch_dop_operator_v3 to 2023-11-23T02:27:00+00:00, run_after=2023-11-23T02:28:00+00:00
[2023-11-23T02:28:36.863+0000] {processor.py:179} INFO - Processing /home/airflow/.local/lib/python3.8/site-packages/airflow/example_dags/example_branch_python_dop_operator_3.py took 0.271 seconds
[2023-11-23T02:29:06.965+0000] {processor.py:157} INFO - Started process (PID=461) to work on /home/airflow/.local/lib/python3.8/site-packages/airflow/example_dags/example_branch_python_dop_operator_3.py
[2023-11-23T02:29:06.970+0000] {processor.py:829} INFO - Processing file /home/airflow/.local/lib/python3.8/site-packages/airflow/example_dags/example_branch_python_dop_operator_3.py for tasks to queue
[2023-11-23T02:29:06.976+0000] {logging_mixin.py:154} INFO - [2023-11-23T02:29:06.976+0000] {dagbag.py:536} INFO - Filling up the DagBag from /home/airflow/.local/lib/python3.8/site-packages/airflow/example_dags/example_branch_python_dop_operator_3.py
[2023-11-23T02:29:07.001+0000] {processor.py:839} INFO - DAG(s) dict_keys(['example_branch_dop_operator_v3']) retrieved from /home/airflow/.local/lib/python3.8/site-packages/airflow/example_dags/example_branch_python_dop_operator_3.py
[2023-11-23T02:29:07.032+0000] {logging_mixin.py:154} INFO - [2023-11-23T02:29:07.031+0000] {dag.py:2941} INFO - Sync 1 DAGs
[2023-11-23T02:29:07.069+0000] {logging_mixin.py:154} INFO - [2023-11-23T02:29:07.069+0000] {dag.py:3722} INFO - Setting next_dagrun for example_branch_dop_operator_v3 to 2023-11-23T02:28:00+00:00, run_after=2023-11-23T02:29:00+00:00
[2023-11-23T02:29:07.110+0000] {processor.py:179} INFO - Processing /home/airflow/.local/lib/python3.8/site-packages/airflow/example_dags/example_branch_python_dop_operator_3.py took 0.152 seconds
[2023-11-23T02:29:37.924+0000] {processor.py:157} INFO - Started process (PID=514) to work on /home/airflow/.local/lib/python3.8/site-packages/airflow/example_dags/example_branch_python_dop_operator_3.py
[2023-11-23T02:29:37.925+0000] {processor.py:829} INFO - Processing file /home/airflow/.local/lib/python3.8/site-packages/airflow/example_dags/example_branch_python_dop_operator_3.py for tasks to queue
[2023-11-23T02:29:37.928+0000] {logging_mixin.py:154} INFO - [2023-11-23T02:29:37.928+0000] {dagbag.py:536} INFO - Filling up the DagBag from /home/airflow/.local/lib/python3.8/site-packages/airflow/example_dags/example_branch_python_dop_operator_3.py
[2023-11-23T02:29:37.940+0000] {processor.py:839} INFO - DAG(s) dict_keys(['example_branch_dop_operator_v3']) retrieved from /home/airflow/.local/lib/python3.8/site-packages/airflow/example_dags/example_branch_python_dop_operator_3.py
[2023-11-23T02:29:37.963+0000] {logging_mixin.py:154} INFO - [2023-11-23T02:29:37.963+0000] {dag.py:2941} INFO - Sync 1 DAGs
[2023-11-23T02:29:37.999+0000] {logging_mixin.py:154} INFO - [2023-11-23T02:29:37.999+0000] {dag.py:3722} INFO - Setting next_dagrun for example_branch_dop_operator_v3 to 2023-11-23T02:28:00+00:00, run_after=2023-11-23T02:29:00+00:00
[2023-11-23T02:29:38.023+0000] {processor.py:179} INFO - Processing /home/airflow/.local/lib/python3.8/site-packages/airflow/example_dags/example_branch_python_dop_operator_3.py took 0.103 seconds
[2023-11-23T02:30:08.684+0000] {processor.py:157} INFO - Started process (PID=568) to work on /home/airflow/.local/lib/python3.8/site-packages/airflow/example_dags/example_branch_python_dop_operator_3.py
[2023-11-23T02:30:08.687+0000] {processor.py:829} INFO - Processing file /home/airflow/.local/lib/python3.8/site-packages/airflow/example_dags/example_branch_python_dop_operator_3.py for tasks to queue
[2023-11-23T02:30:08.693+0000] {logging_mixin.py:154} INFO - [2023-11-23T02:30:08.692+0000] {dagbag.py:536} INFO - Filling up the DagBag from /home/airflow/.local/lib/python3.8/site-packages/airflow/example_dags/example_branch_python_dop_operator_3.py
[2023-11-23T02:30:08.713+0000] {processor.py:839} INFO - DAG(s) dict_keys(['example_branch_dop_operator_v3']) retrieved from /home/airflow/.local/lib/python3.8/site-packages/airflow/example_dags/example_branch_python_dop_operator_3.py
[2023-11-23T02:30:08.771+0000] {logging_mixin.py:154} INFO - [2023-11-23T02:30:08.771+0000] {dag.py:2941} INFO - Sync 1 DAGs
[2023-11-23T02:30:08.834+0000] {logging_mixin.py:154} INFO - [2023-11-23T02:30:08.833+0000] {dag.py:3722} INFO - Setting next_dagrun for example_branch_dop_operator_v3 to 2023-11-23T02:29:00+00:00, run_after=2023-11-23T02:30:00+00:00
[2023-11-23T02:30:08.874+0000] {processor.py:179} INFO - Processing /home/airflow/.local/lib/python3.8/site-packages/airflow/example_dags/example_branch_python_dop_operator_3.py took 0.200 seconds
[2023-11-23T02:30:39.331+0000] {processor.py:157} INFO - Started process (PID=621) to work on /home/airflow/.local/lib/python3.8/site-packages/airflow/example_dags/example_branch_python_dop_operator_3.py
[2023-11-23T02:30:39.335+0000] {processor.py:829} INFO - Processing file /home/airflow/.local/lib/python3.8/site-packages/airflow/example_dags/example_branch_python_dop_operator_3.py for tasks to queue
[2023-11-23T02:30:39.339+0000] {logging_mixin.py:154} INFO - [2023-11-23T02:30:39.338+0000] {dagbag.py:536} INFO - Filling up the DagBag from /home/airflow/.local/lib/python3.8/site-packages/airflow/example_dags/example_branch_python_dop_operator_3.py
[2023-11-23T02:30:39.376+0000] {processor.py:839} INFO - DAG(s) dict_keys(['example_branch_dop_operator_v3']) retrieved from /home/airflow/.local/lib/python3.8/site-packages/airflow/example_dags/example_branch_python_dop_operator_3.py
[2023-11-23T02:30:39.437+0000] {logging_mixin.py:154} INFO - [2023-11-23T02:30:39.436+0000] {dag.py:2941} INFO - Sync 1 DAGs
[2023-11-23T02:30:39.518+0000] {logging_mixin.py:154} INFO - [2023-11-23T02:30:39.517+0000] {dag.py:3722} INFO - Setting next_dagrun for example_branch_dop_operator_v3 to 2023-11-23T02:29:00+00:00, run_after=2023-11-23T02:30:00+00:00
[2023-11-23T02:30:39.578+0000] {processor.py:179} INFO - Processing /home/airflow/.local/lib/python3.8/site-packages/airflow/example_dags/example_branch_python_dop_operator_3.py took 0.253 seconds
[2023-11-23T02:31:09.876+0000] {processor.py:157} INFO - Started process (PID=675) to work on /home/airflow/.local/lib/python3.8/site-packages/airflow/example_dags/example_branch_python_dop_operator_3.py
[2023-11-23T02:31:09.879+0000] {processor.py:829} INFO - Processing file /home/airflow/.local/lib/python3.8/site-packages/airflow/example_dags/example_branch_python_dop_operator_3.py for tasks to queue
[2023-11-23T02:31:09.883+0000] {logging_mixin.py:154} INFO - [2023-11-23T02:31:09.883+0000] {dagbag.py:536} INFO - Filling up the DagBag from /home/airflow/.local/lib/python3.8/site-packages/airflow/example_dags/example_branch_python_dop_operator_3.py
[2023-11-23T02:31:09.904+0000] {processor.py:839} INFO - DAG(s) dict_keys(['example_branch_dop_operator_v3']) retrieved from /home/airflow/.local/lib/python3.8/site-packages/airflow/example_dags/example_branch_python_dop_operator_3.py
[2023-11-23T02:31:09.963+0000] {logging_mixin.py:154} INFO - [2023-11-23T02:31:09.963+0000] {dag.py:2941} INFO - Sync 1 DAGs
[2023-11-23T02:31:10.010+0000] {logging_mixin.py:154} INFO - [2023-11-23T02:31:10.010+0000] {dag.py:3722} INFO - Setting next_dagrun for example_branch_dop_operator_v3 to 2023-11-23T02:30:00+00:00, run_after=2023-11-23T02:31:00+00:00
[2023-11-23T02:31:10.039+0000] {processor.py:179} INFO - Processing /home/airflow/.local/lib/python3.8/site-packages/airflow/example_dags/example_branch_python_dop_operator_3.py took 0.167 seconds
[2023-11-23T02:31:40.852+0000] {processor.py:157} INFO - Started process (PID=729) to work on /home/airflow/.local/lib/python3.8/site-packages/airflow/example_dags/example_branch_python_dop_operator_3.py
[2023-11-23T02:31:40.854+0000] {processor.py:829} INFO - Processing file /home/airflow/.local/lib/python3.8/site-packages/airflow/example_dags/example_branch_python_dop_operator_3.py for tasks to queue
[2023-11-23T02:31:40.858+0000] {logging_mixin.py:154} INFO - [2023-11-23T02:31:40.858+0000] {dagbag.py:536} INFO - Filling up the DagBag from /home/airflow/.local/lib/python3.8/site-packages/airflow/example_dags/example_branch_python_dop_operator_3.py
[2023-11-23T02:31:40.883+0000] {processor.py:839} INFO - DAG(s) dict_keys(['example_branch_dop_operator_v3']) retrieved from /home/airflow/.local/lib/python3.8/site-packages/airflow/example_dags/example_branch_python_dop_operator_3.py
[2023-11-23T02:31:40.915+0000] {logging_mixin.py:154} INFO - [2023-11-23T02:31:40.915+0000] {dag.py:2941} INFO - Sync 1 DAGs
[2023-11-23T02:31:40.949+0000] {logging_mixin.py:154} INFO - [2023-11-23T02:31:40.949+0000] {dag.py:3722} INFO - Setting next_dagrun for example_branch_dop_operator_v3 to 2023-11-23T02:30:00+00:00, run_after=2023-11-23T02:31:00+00:00
[2023-11-23T02:31:40.980+0000] {processor.py:179} INFO - Processing /home/airflow/.local/lib/python3.8/site-packages/airflow/example_dags/example_branch_python_dop_operator_3.py took 0.134 seconds
[2023-11-23T03:43:56.527+0000] {processor.py:157} INFO - Started process (PID=45) to work on /home/airflow/.local/lib/python3.8/site-packages/airflow/example_dags/example_branch_python_dop_operator_3.py
[2023-11-23T03:43:56.561+0000] {processor.py:829} INFO - Processing file /home/airflow/.local/lib/python3.8/site-packages/airflow/example_dags/example_branch_python_dop_operator_3.py for tasks to queue
[2023-11-23T03:43:56.587+0000] {logging_mixin.py:154} INFO - [2023-11-23T03:43:56.587+0000] {dagbag.py:536} INFO - Filling up the DagBag from /home/airflow/.local/lib/python3.8/site-packages/airflow/example_dags/example_branch_python_dop_operator_3.py
[2023-11-23T03:43:57.598+0000] {processor.py:839} INFO - DAG(s) dict_keys(['example_branch_dop_operator_v3']) retrieved from /home/airflow/.local/lib/python3.8/site-packages/airflow/example_dags/example_branch_python_dop_operator_3.py
[2023-11-23T03:43:58.809+0000] {logging_mixin.py:154} INFO - [2023-11-23T03:43:58.808+0000] {dag.py:2941} INFO - Sync 1 DAGs
[2023-11-23T03:43:59.354+0000] {logging_mixin.py:154} INFO - [2023-11-23T03:43:59.346+0000] {dag.py:3722} INFO - Setting next_dagrun for example_branch_dop_operator_v3 to 2023-11-23T03:42:00+00:00, run_after=2023-11-23T03:43:00+00:00
[2023-11-23T03:43:59.498+0000] {processor.py:179} INFO - Processing /home/airflow/.local/lib/python3.8/site-packages/airflow/example_dags/example_branch_python_dop_operator_3.py took 3.054 seconds
[2023-11-23T03:44:31.812+0000] {processor.py:157} INFO - Started process (PID=99) to work on /home/airflow/.local/lib/python3.8/site-packages/airflow/example_dags/example_branch_python_dop_operator_3.py
[2023-11-23T03:44:31.815+0000] {processor.py:829} INFO - Processing file /home/airflow/.local/lib/python3.8/site-packages/airflow/example_dags/example_branch_python_dop_operator_3.py for tasks to queue
[2023-11-23T03:44:31.824+0000] {logging_mixin.py:154} INFO - [2023-11-23T03:44:31.823+0000] {dagbag.py:536} INFO - Filling up the DagBag from /home/airflow/.local/lib/python3.8/site-packages/airflow/example_dags/example_branch_python_dop_operator_3.py
[2023-11-23T03:44:31.851+0000] {processor.py:839} INFO - DAG(s) dict_keys(['example_branch_dop_operator_v3']) retrieved from /home/airflow/.local/lib/python3.8/site-packages/airflow/example_dags/example_branch_python_dop_operator_3.py
[2023-11-23T03:44:31.906+0000] {logging_mixin.py:154} INFO - [2023-11-23T03:44:31.905+0000] {dag.py:2941} INFO - Sync 1 DAGs
[2023-11-23T03:44:31.971+0000] {logging_mixin.py:154} INFO - [2023-11-23T03:44:31.971+0000] {dag.py:3722} INFO - Setting next_dagrun for example_branch_dop_operator_v3 to 2023-11-23T03:43:00+00:00, run_after=2023-11-23T03:44:00+00:00
[2023-11-23T03:44:32.036+0000] {processor.py:179} INFO - Processing /home/airflow/.local/lib/python3.8/site-packages/airflow/example_dags/example_branch_python_dop_operator_3.py took 0.230 seconds
[2023-11-23T03:45:02.805+0000] {processor.py:157} INFO - Started process (PID=151) to work on /home/airflow/.local/lib/python3.8/site-packages/airflow/example_dags/example_branch_python_dop_operator_3.py
[2023-11-23T03:45:02.807+0000] {processor.py:829} INFO - Processing file /home/airflow/.local/lib/python3.8/site-packages/airflow/example_dags/example_branch_python_dop_operator_3.py for tasks to queue
[2023-11-23T03:45:02.812+0000] {logging_mixin.py:154} INFO - [2023-11-23T03:45:02.810+0000] {dagbag.py:536} INFO - Filling up the DagBag from /home/airflow/.local/lib/python3.8/site-packages/airflow/example_dags/example_branch_python_dop_operator_3.py
[2023-11-23T03:45:02.825+0000] {processor.py:839} INFO - DAG(s) dict_keys(['example_branch_dop_operator_v3']) retrieved from /home/airflow/.local/lib/python3.8/site-packages/airflow/example_dags/example_branch_python_dop_operator_3.py
[2023-11-23T03:45:02.850+0000] {logging_mixin.py:154} INFO - [2023-11-23T03:45:02.850+0000] {dag.py:2941} INFO - Sync 1 DAGs
[2023-11-23T03:45:02.888+0000] {logging_mixin.py:154} INFO - [2023-11-23T03:45:02.887+0000] {dag.py:3722} INFO - Setting next_dagrun for example_branch_dop_operator_v3 to 2023-11-23T03:44:00+00:00, run_after=2023-11-23T03:45:00+00:00
[2023-11-23T03:45:02.913+0000] {processor.py:179} INFO - Processing /home/airflow/.local/lib/python3.8/site-packages/airflow/example_dags/example_branch_python_dop_operator_3.py took 0.112 seconds
[2023-11-23T04:15:38.112+0000] {processor.py:157} INFO - Started process (PID=171) to work on /home/airflow/.local/lib/python3.8/site-packages/airflow/example_dags/example_branch_python_dop_operator_3.py
[2023-11-23T04:15:38.123+0000] {processor.py:829} INFO - Processing file /home/airflow/.local/lib/python3.8/site-packages/airflow/example_dags/example_branch_python_dop_operator_3.py for tasks to queue
[2023-11-23T04:15:38.136+0000] {logging_mixin.py:154} INFO - [2023-11-23T04:15:38.132+0000] {dagbag.py:536} INFO - Filling up the DagBag from /home/airflow/.local/lib/python3.8/site-packages/airflow/example_dags/example_branch_python_dop_operator_3.py
[2023-11-23T04:15:38.185+0000] {processor.py:839} INFO - DAG(s) dict_keys(['example_branch_dop_operator_v3']) retrieved from /home/airflow/.local/lib/python3.8/site-packages/airflow/example_dags/example_branch_python_dop_operator_3.py
[2023-11-23T04:15:38.470+0000] {logging_mixin.py:154} INFO - [2023-11-23T04:15:38.470+0000] {dag.py:2941} INFO - Sync 1 DAGs
[2023-11-23T04:15:38.641+0000] {logging_mixin.py:154} INFO - [2023-11-23T04:15:38.641+0000] {dag.py:3722} INFO - Setting next_dagrun for example_branch_dop_operator_v3 to 2023-11-23T04:14:00+00:00, run_after=2023-11-23T04:15:00+00:00
[2023-11-23T04:15:38.729+0000] {processor.py:179} INFO - Processing /home/airflow/.local/lib/python3.8/site-packages/airflow/example_dags/example_branch_python_dop_operator_3.py took 0.630 seconds
[2023-11-23T04:16:08.955+0000] {processor.py:157} INFO - Started process (PID=224) to work on /home/airflow/.local/lib/python3.8/site-packages/airflow/example_dags/example_branch_python_dop_operator_3.py
[2023-11-23T04:16:08.962+0000] {processor.py:829} INFO - Processing file /home/airflow/.local/lib/python3.8/site-packages/airflow/example_dags/example_branch_python_dop_operator_3.py for tasks to queue
[2023-11-23T04:16:08.983+0000] {logging_mixin.py:154} INFO - [2023-11-23T04:16:08.982+0000] {dagbag.py:536} INFO - Filling up the DagBag from /home/airflow/.local/lib/python3.8/site-packages/airflow/example_dags/example_branch_python_dop_operator_3.py
[2023-11-23T04:16:09.014+0000] {processor.py:839} INFO - DAG(s) dict_keys(['example_branch_dop_operator_v3']) retrieved from /home/airflow/.local/lib/python3.8/site-packages/airflow/example_dags/example_branch_python_dop_operator_3.py
[2023-11-23T04:16:09.052+0000] {logging_mixin.py:154} INFO - [2023-11-23T04:16:09.052+0000] {dag.py:2941} INFO - Sync 1 DAGs
[2023-11-23T04:16:09.104+0000] {logging_mixin.py:154} INFO - [2023-11-23T04:16:09.103+0000] {dag.py:3722} INFO - Setting next_dagrun for example_branch_dop_operator_v3 to 2023-11-23T04:15:00+00:00, run_after=2023-11-23T04:16:00+00:00
[2023-11-23T04:16:09.135+0000] {processor.py:179} INFO - Processing /home/airflow/.local/lib/python3.8/site-packages/airflow/example_dags/example_branch_python_dop_operator_3.py took 0.190 seconds
[2023-11-23T04:16:39.276+0000] {processor.py:157} INFO - Started process (PID=278) to work on /home/airflow/.local/lib/python3.8/site-packages/airflow/example_dags/example_branch_python_dop_operator_3.py
[2023-11-23T04:16:39.278+0000] {processor.py:829} INFO - Processing file /home/airflow/.local/lib/python3.8/site-packages/airflow/example_dags/example_branch_python_dop_operator_3.py for tasks to queue
[2023-11-23T04:16:39.281+0000] {logging_mixin.py:154} INFO - [2023-11-23T04:16:39.280+0000] {dagbag.py:536} INFO - Filling up the DagBag from /home/airflow/.local/lib/python3.8/site-packages/airflow/example_dags/example_branch_python_dop_operator_3.py
[2023-11-23T04:16:39.292+0000] {processor.py:839} INFO - DAG(s) dict_keys(['example_branch_dop_operator_v3']) retrieved from /home/airflow/.local/lib/python3.8/site-packages/airflow/example_dags/example_branch_python_dop_operator_3.py
[2023-11-23T04:16:39.328+0000] {logging_mixin.py:154} INFO - [2023-11-23T04:16:39.328+0000] {dag.py:2941} INFO - Sync 1 DAGs
[2023-11-23T04:16:39.367+0000] {logging_mixin.py:154} INFO - [2023-11-23T04:16:39.367+0000] {dag.py:3722} INFO - Setting next_dagrun for example_branch_dop_operator_v3 to 2023-11-23T04:15:00+00:00, run_after=2023-11-23T04:16:00+00:00
[2023-11-23T04:16:39.397+0000] {processor.py:179} INFO - Processing /home/airflow/.local/lib/python3.8/site-packages/airflow/example_dags/example_branch_python_dop_operator_3.py took 0.126 seconds
[2023-11-23T04:17:10.308+0000] {processor.py:157} INFO - Started process (PID=332) to work on /home/airflow/.local/lib/python3.8/site-packages/airflow/example_dags/example_branch_python_dop_operator_3.py
[2023-11-23T04:17:10.310+0000] {processor.py:829} INFO - Processing file /home/airflow/.local/lib/python3.8/site-packages/airflow/example_dags/example_branch_python_dop_operator_3.py for tasks to queue
[2023-11-23T04:17:10.314+0000] {logging_mixin.py:154} INFO - [2023-11-23T04:17:10.314+0000] {dagbag.py:536} INFO - Filling up the DagBag from /home/airflow/.local/lib/python3.8/site-packages/airflow/example_dags/example_branch_python_dop_operator_3.py
[2023-11-23T04:17:10.329+0000] {processor.py:839} INFO - DAG(s) dict_keys(['example_branch_dop_operator_v3']) retrieved from /home/airflow/.local/lib/python3.8/site-packages/airflow/example_dags/example_branch_python_dop_operator_3.py
[2023-11-23T04:17:10.366+0000] {logging_mixin.py:154} INFO - [2023-11-23T04:17:10.366+0000] {dag.py:2941} INFO - Sync 1 DAGs
[2023-11-23T04:17:10.408+0000] {logging_mixin.py:154} INFO - [2023-11-23T04:17:10.408+0000] {dag.py:3722} INFO - Setting next_dagrun for example_branch_dop_operator_v3 to 2023-11-23T04:16:00+00:00, run_after=2023-11-23T04:17:00+00:00
[2023-11-23T04:17:10.437+0000] {processor.py:179} INFO - Processing /home/airflow/.local/lib/python3.8/site-packages/airflow/example_dags/example_branch_python_dop_operator_3.py took 0.135 seconds
[2023-11-23T04:17:41.154+0000] {processor.py:157} INFO - Started process (PID=386) to work on /home/airflow/.local/lib/python3.8/site-packages/airflow/example_dags/example_branch_python_dop_operator_3.py
[2023-11-23T04:17:41.156+0000] {processor.py:829} INFO - Processing file /home/airflow/.local/lib/python3.8/site-packages/airflow/example_dags/example_branch_python_dop_operator_3.py for tasks to queue
[2023-11-23T04:17:41.167+0000] {logging_mixin.py:154} INFO - [2023-11-23T04:17:41.166+0000] {dagbag.py:536} INFO - Filling up the DagBag from /home/airflow/.local/lib/python3.8/site-packages/airflow/example_dags/example_branch_python_dop_operator_3.py
[2023-11-23T04:17:41.179+0000] {processor.py:839} INFO - DAG(s) dict_keys(['example_branch_dop_operator_v3']) retrieved from /home/airflow/.local/lib/python3.8/site-packages/airflow/example_dags/example_branch_python_dop_operator_3.py
[2023-11-23T04:17:41.202+0000] {logging_mixin.py:154} INFO - [2023-11-23T04:17:41.202+0000] {dag.py:2941} INFO - Sync 1 DAGs
[2023-11-23T04:17:41.238+0000] {logging_mixin.py:154} INFO - [2023-11-23T04:17:41.238+0000] {dag.py:3722} INFO - Setting next_dagrun for example_branch_dop_operator_v3 to 2023-11-23T04:16:00+00:00, run_after=2023-11-23T04:17:00+00:00
[2023-11-23T04:17:41.263+0000] {processor.py:179} INFO - Processing /home/airflow/.local/lib/python3.8/site-packages/airflow/example_dags/example_branch_python_dop_operator_3.py took 0.115 seconds
[2023-11-23T04:18:11.446+0000] {processor.py:157} INFO - Started process (PID=439) to work on /home/airflow/.local/lib/python3.8/site-packages/airflow/example_dags/example_branch_python_dop_operator_3.py
[2023-11-23T04:18:11.451+0000] {processor.py:829} INFO - Processing file /home/airflow/.local/lib/python3.8/site-packages/airflow/example_dags/example_branch_python_dop_operator_3.py for tasks to queue
[2023-11-23T04:18:11.454+0000] {logging_mixin.py:154} INFO - [2023-11-23T04:18:11.454+0000] {dagbag.py:536} INFO - Filling up the DagBag from /home/airflow/.local/lib/python3.8/site-packages/airflow/example_dags/example_branch_python_dop_operator_3.py
[2023-11-23T04:18:11.473+0000] {processor.py:839} INFO - DAG(s) dict_keys(['example_branch_dop_operator_v3']) retrieved from /home/airflow/.local/lib/python3.8/site-packages/airflow/example_dags/example_branch_python_dop_operator_3.py
[2023-11-23T04:18:11.541+0000] {logging_mixin.py:154} INFO - [2023-11-23T04:18:11.540+0000] {dag.py:2941} INFO - Sync 1 DAGs
[2023-11-23T04:18:11.656+0000] {logging_mixin.py:154} INFO - [2023-11-23T04:18:11.656+0000] {dag.py:3722} INFO - Setting next_dagrun for example_branch_dop_operator_v3 to 2023-11-23T04:17:00+00:00, run_after=2023-11-23T04:18:00+00:00
[2023-11-23T04:18:11.716+0000] {processor.py:179} INFO - Processing /home/airflow/.local/lib/python3.8/site-packages/airflow/example_dags/example_branch_python_dop_operator_3.py took 0.278 seconds
[2023-11-23T04:18:41.909+0000] {processor.py:157} INFO - Started process (PID=493) to work on /home/airflow/.local/lib/python3.8/site-packages/airflow/example_dags/example_branch_python_dop_operator_3.py
[2023-11-23T04:18:41.911+0000] {processor.py:829} INFO - Processing file /home/airflow/.local/lib/python3.8/site-packages/airflow/example_dags/example_branch_python_dop_operator_3.py for tasks to queue
[2023-11-23T04:18:41.925+0000] {logging_mixin.py:154} INFO - [2023-11-23T04:18:41.924+0000] {dagbag.py:536} INFO - Filling up the DagBag from /home/airflow/.local/lib/python3.8/site-packages/airflow/example_dags/example_branch_python_dop_operator_3.py
[2023-11-23T04:18:41.946+0000] {processor.py:839} INFO - DAG(s) dict_keys(['example_branch_dop_operator_v3']) retrieved from /home/airflow/.local/lib/python3.8/site-packages/airflow/example_dags/example_branch_python_dop_operator_3.py
[2023-11-23T04:18:41.981+0000] {logging_mixin.py:154} INFO - [2023-11-23T04:18:41.980+0000] {dag.py:2941} INFO - Sync 1 DAGs
[2023-11-23T04:18:42.016+0000] {logging_mixin.py:154} INFO - [2023-11-23T04:18:42.016+0000] {dag.py:3722} INFO - Setting next_dagrun for example_branch_dop_operator_v3 to 2023-11-23T04:17:00+00:00, run_after=2023-11-23T04:18:00+00:00
[2023-11-23T04:18:42.046+0000] {processor.py:179} INFO - Processing /home/airflow/.local/lib/python3.8/site-packages/airflow/example_dags/example_branch_python_dop_operator_3.py took 0.143 seconds
[2023-11-23T04:19:12.220+0000] {processor.py:157} INFO - Started process (PID=547) to work on /home/airflow/.local/lib/python3.8/site-packages/airflow/example_dags/example_branch_python_dop_operator_3.py
[2023-11-23T04:19:12.222+0000] {processor.py:829} INFO - Processing file /home/airflow/.local/lib/python3.8/site-packages/airflow/example_dags/example_branch_python_dop_operator_3.py for tasks to queue
[2023-11-23T04:19:12.227+0000] {logging_mixin.py:154} INFO - [2023-11-23T04:19:12.226+0000] {dagbag.py:536} INFO - Filling up the DagBag from /home/airflow/.local/lib/python3.8/site-packages/airflow/example_dags/example_branch_python_dop_operator_3.py
[2023-11-23T04:19:12.251+0000] {processor.py:839} INFO - DAG(s) dict_keys(['example_branch_dop_operator_v3']) retrieved from /home/airflow/.local/lib/python3.8/site-packages/airflow/example_dags/example_branch_python_dop_operator_3.py
[2023-11-23T04:19:12.296+0000] {logging_mixin.py:154} INFO - [2023-11-23T04:19:12.296+0000] {dag.py:2941} INFO - Sync 1 DAGs
[2023-11-23T04:19:12.358+0000] {logging_mixin.py:154} INFO - [2023-11-23T04:19:12.357+0000] {dag.py:3722} INFO - Setting next_dagrun for example_branch_dop_operator_v3 to 2023-11-23T04:18:00+00:00, run_after=2023-11-23T04:19:00+00:00
[2023-11-23T04:19:12.397+0000] {processor.py:179} INFO - Processing /home/airflow/.local/lib/python3.8/site-packages/airflow/example_dags/example_branch_python_dop_operator_3.py took 0.187 seconds
[2023-11-23T04:19:42.517+0000] {processor.py:157} INFO - Started process (PID=601) to work on /home/airflow/.local/lib/python3.8/site-packages/airflow/example_dags/example_branch_python_dop_operator_3.py
[2023-11-23T04:19:42.519+0000] {processor.py:829} INFO - Processing file /home/airflow/.local/lib/python3.8/site-packages/airflow/example_dags/example_branch_python_dop_operator_3.py for tasks to queue
[2023-11-23T04:19:42.524+0000] {logging_mixin.py:154} INFO - [2023-11-23T04:19:42.524+0000] {dagbag.py:536} INFO - Filling up the DagBag from /home/airflow/.local/lib/python3.8/site-packages/airflow/example_dags/example_branch_python_dop_operator_3.py
[2023-11-23T04:19:42.561+0000] {processor.py:839} INFO - DAG(s) dict_keys(['example_branch_dop_operator_v3']) retrieved from /home/airflow/.local/lib/python3.8/site-packages/airflow/example_dags/example_branch_python_dop_operator_3.py
[2023-11-23T04:19:42.628+0000] {logging_mixin.py:154} INFO - [2023-11-23T04:19:42.627+0000] {dag.py:2941} INFO - Sync 1 DAGs
[2023-11-23T04:19:42.729+0000] {logging_mixin.py:154} INFO - [2023-11-23T04:19:42.729+0000] {dag.py:3722} INFO - Setting next_dagrun for example_branch_dop_operator_v3 to 2023-11-23T04:18:00+00:00, run_after=2023-11-23T04:19:00+00:00
[2023-11-23T04:19:42.797+0000] {processor.py:179} INFO - Processing /home/airflow/.local/lib/python3.8/site-packages/airflow/example_dags/example_branch_python_dop_operator_3.py took 0.300 seconds
[2023-11-23T04:20:13.270+0000] {processor.py:157} INFO - Started process (PID=655) to work on /home/airflow/.local/lib/python3.8/site-packages/airflow/example_dags/example_branch_python_dop_operator_3.py
[2023-11-23T04:20:13.275+0000] {processor.py:829} INFO - Processing file /home/airflow/.local/lib/python3.8/site-packages/airflow/example_dags/example_branch_python_dop_operator_3.py for tasks to queue
[2023-11-23T04:20:13.283+0000] {logging_mixin.py:154} INFO - [2023-11-23T04:20:13.283+0000] {dagbag.py:536} INFO - Filling up the DagBag from /home/airflow/.local/lib/python3.8/site-packages/airflow/example_dags/example_branch_python_dop_operator_3.py
[2023-11-23T04:20:13.319+0000] {processor.py:839} INFO - DAG(s) dict_keys(['example_branch_dop_operator_v3']) retrieved from /home/airflow/.local/lib/python3.8/site-packages/airflow/example_dags/example_branch_python_dop_operator_3.py
[2023-11-23T04:20:13.404+0000] {logging_mixin.py:154} INFO - [2023-11-23T04:20:13.403+0000] {dag.py:2941} INFO - Sync 1 DAGs
[2023-11-23T04:20:13.506+0000] {logging_mixin.py:154} INFO - [2023-11-23T04:20:13.506+0000] {dag.py:3722} INFO - Setting next_dagrun for example_branch_dop_operator_v3 to 2023-11-23T04:19:00+00:00, run_after=2023-11-23T04:20:00+00:00
[2023-11-23T04:20:13.563+0000] {processor.py:179} INFO - Processing /home/airflow/.local/lib/python3.8/site-packages/airflow/example_dags/example_branch_python_dop_operator_3.py took 0.308 seconds
[2023-11-23T04:20:43.689+0000] {processor.py:157} INFO - Started process (PID=708) to work on /home/airflow/.local/lib/python3.8/site-packages/airflow/example_dags/example_branch_python_dop_operator_3.py
[2023-11-23T04:20:43.691+0000] {processor.py:829} INFO - Processing file /home/airflow/.local/lib/python3.8/site-packages/airflow/example_dags/example_branch_python_dop_operator_3.py for tasks to queue
[2023-11-23T04:20:43.696+0000] {logging_mixin.py:154} INFO - [2023-11-23T04:20:43.696+0000] {dagbag.py:536} INFO - Filling up the DagBag from /home/airflow/.local/lib/python3.8/site-packages/airflow/example_dags/example_branch_python_dop_operator_3.py
[2023-11-23T04:20:43.711+0000] {processor.py:839} INFO - DAG(s) dict_keys(['example_branch_dop_operator_v3']) retrieved from /home/airflow/.local/lib/python3.8/site-packages/airflow/example_dags/example_branch_python_dop_operator_3.py
[2023-11-23T04:20:43.754+0000] {logging_mixin.py:154} INFO - [2023-11-23T04:20:43.754+0000] {dag.py:2941} INFO - Sync 1 DAGs
[2023-11-23T04:20:43.805+0000] {logging_mixin.py:154} INFO - [2023-11-23T04:20:43.804+0000] {dag.py:3722} INFO - Setting next_dagrun for example_branch_dop_operator_v3 to 2023-11-23T04:19:00+00:00, run_after=2023-11-23T04:20:00+00:00
[2023-11-23T04:20:43.833+0000] {processor.py:179} INFO - Processing /home/airflow/.local/lib/python3.8/site-packages/airflow/example_dags/example_branch_python_dop_operator_3.py took 0.149 seconds
[2023-11-23T04:21:15.962+0000] {processor.py:157} INFO - Started process (PID=762) to work on /home/airflow/.local/lib/python3.8/site-packages/airflow/example_dags/example_branch_python_dop_operator_3.py
[2023-11-23T04:21:16.010+0000] {processor.py:829} INFO - Processing file /home/airflow/.local/lib/python3.8/site-packages/airflow/example_dags/example_branch_python_dop_operator_3.py for tasks to queue
[2023-11-23T04:21:16.025+0000] {logging_mixin.py:154} INFO - [2023-11-23T04:21:16.016+0000] {dagbag.py:536} INFO - Filling up the DagBag from /home/airflow/.local/lib/python3.8/site-packages/airflow/example_dags/example_branch_python_dop_operator_3.py
[2023-11-23T04:21:16.242+0000] {processor.py:839} INFO - DAG(s) dict_keys(['example_branch_dop_operator_v3']) retrieved from /home/airflow/.local/lib/python3.8/site-packages/airflow/example_dags/example_branch_python_dop_operator_3.py
[2023-11-23T04:21:16.536+0000] {logging_mixin.py:154} INFO - [2023-11-23T04:21:16.536+0000] {dag.py:2941} INFO - Sync 1 DAGs
[2023-11-23T04:21:16.637+0000] {logging_mixin.py:154} INFO - [2023-11-23T04:21:16.637+0000] {dag.py:3722} INFO - Setting next_dagrun for example_branch_dop_operator_v3 to 2023-11-23T04:20:00+00:00, run_after=2023-11-23T04:21:00+00:00
[2023-11-23T04:21:16.860+0000] {processor.py:179} INFO - Processing /home/airflow/.local/lib/python3.8/site-packages/airflow/example_dags/example_branch_python_dop_operator_3.py took 1.005 seconds
[2023-11-23T04:21:48.176+0000] {processor.py:157} INFO - Started process (PID=816) to work on /home/airflow/.local/lib/python3.8/site-packages/airflow/example_dags/example_branch_python_dop_operator_3.py
[2023-11-23T04:21:48.178+0000] {processor.py:829} INFO - Processing file /home/airflow/.local/lib/python3.8/site-packages/airflow/example_dags/example_branch_python_dop_operator_3.py for tasks to queue
[2023-11-23T04:21:48.203+0000] {logging_mixin.py:154} INFO - [2023-11-23T04:21:48.191+0000] {dagbag.py:536} INFO - Filling up the DagBag from /home/airflow/.local/lib/python3.8/site-packages/airflow/example_dags/example_branch_python_dop_operator_3.py
[2023-11-23T04:21:48.446+0000] {processor.py:839} INFO - DAG(s) dict_keys(['example_branch_dop_operator_v3']) retrieved from /home/airflow/.local/lib/python3.8/site-packages/airflow/example_dags/example_branch_python_dop_operator_3.py
[2023-11-23T04:21:48.892+0000] {logging_mixin.py:154} INFO - [2023-11-23T04:21:48.877+0000] {dag.py:2941} INFO - Sync 1 DAGs
[2023-11-23T04:21:49.216+0000] {logging_mixin.py:154} INFO - [2023-11-23T04:21:49.216+0000] {dag.py:3722} INFO - Setting next_dagrun for example_branch_dop_operator_v3 to 2023-11-23T04:20:00+00:00, run_after=2023-11-23T04:21:00+00:00
[2023-11-23T04:21:49.391+0000] {processor.py:179} INFO - Processing /home/airflow/.local/lib/python3.8/site-packages/airflow/example_dags/example_branch_python_dop_operator_3.py took 1.356 seconds
