[2023-11-23T02:25:13.043+0000] {processor.py:157} INFO - Started process (PID=59) to work on /home/airflow/.local/lib/python3.8/site-packages/airflow/example_dags/example_sensor_decorator.py
[2023-11-23T02:25:13.047+0000] {processor.py:829} INFO - Processing file /home/airflow/.local/lib/python3.8/site-packages/airflow/example_dags/example_sensor_decorator.py for tasks to queue
[2023-11-23T02:25:13.063+0000] {logging_mixin.py:154} INFO - [2023-11-23T02:25:13.062+0000] {dagbag.py:536} INFO - Filling up the DagBag from /home/airflow/.local/lib/python3.8/site-packages/airflow/example_dags/example_sensor_decorator.py
[2023-11-23T02:25:13.264+0000] {processor.py:839} INFO - DAG(s) dict_keys(['example_sensor_decorator']) retrieved from /home/airflow/.local/lib/python3.8/site-packages/airflow/example_dags/example_sensor_decorator.py
[2023-11-23T02:25:14.191+0000] {logging_mixin.py:154} INFO - [2023-11-23T02:25:14.190+0000] {manager.py:499} INFO - Created Permission View: %s
[2023-11-23T02:25:14.297+0000] {logging_mixin.py:154} INFO - [2023-11-23T02:25:14.296+0000] {manager.py:499} INFO - Created Permission View: %s
[2023-11-23T02:25:14.404+0000] {logging_mixin.py:154} INFO - [2023-11-23T02:25:14.404+0000] {manager.py:499} INFO - Created Permission View: %s
[2023-11-23T02:25:14.405+0000] {logging_mixin.py:154} INFO - [2023-11-23T02:25:14.405+0000] {dag.py:2941} INFO - Sync 1 DAGs
[2023-11-23T02:25:14.547+0000] {logging_mixin.py:154} INFO - [2023-11-23T02:25:14.546+0000] {dag.py:2963} INFO - Creating ORM DAG for example_sensor_decorator
[2023-11-23T02:25:14.549+0000] {logging_mixin.py:154} INFO - [2023-11-23T02:25:14.549+0000] {dag.py:3722} INFO - Setting next_dagrun for example_sensor_decorator to None, run_after=None
[2023-11-23T02:25:14.721+0000] {processor.py:179} INFO - Processing /home/airflow/.local/lib/python3.8/site-packages/airflow/example_dags/example_sensor_decorator.py took 1.709 seconds
[2023-11-23T02:25:46.058+0000] {processor.py:157} INFO - Started process (PID=114) to work on /home/airflow/.local/lib/python3.8/site-packages/airflow/example_dags/example_sensor_decorator.py
[2023-11-23T02:25:46.073+0000] {processor.py:829} INFO - Processing file /home/airflow/.local/lib/python3.8/site-packages/airflow/example_dags/example_sensor_decorator.py for tasks to queue
[2023-11-23T02:25:46.097+0000] {logging_mixin.py:154} INFO - [2023-11-23T02:25:46.096+0000] {dagbag.py:536} INFO - Filling up the DagBag from /home/airflow/.local/lib/python3.8/site-packages/airflow/example_dags/example_sensor_decorator.py
[2023-11-23T02:25:46.157+0000] {processor.py:839} INFO - DAG(s) dict_keys(['example_sensor_decorator']) retrieved from /home/airflow/.local/lib/python3.8/site-packages/airflow/example_dags/example_sensor_decorator.py
[2023-11-23T02:25:48.360+0000] {logging_mixin.py:154} INFO - [2023-11-23T02:25:48.359+0000] {dag.py:2941} INFO - Sync 1 DAGs
[2023-11-23T02:25:48.404+0000] {logging_mixin.py:154} INFO - [2023-11-23T02:25:48.403+0000] {dag.py:3722} INFO - Setting next_dagrun for example_sensor_decorator to None, run_after=None
[2023-11-23T02:25:48.858+0000] {processor.py:179} INFO - Processing /home/airflow/.local/lib/python3.8/site-packages/airflow/example_dags/example_sensor_decorator.py took 3.287 seconds
[2023-11-23T02:26:20.245+0000] {processor.py:157} INFO - Started process (PID=174) to work on /home/airflow/.local/lib/python3.8/site-packages/airflow/example_dags/example_sensor_decorator.py
[2023-11-23T02:26:20.265+0000] {processor.py:829} INFO - Processing file /home/airflow/.local/lib/python3.8/site-packages/airflow/example_dags/example_sensor_decorator.py for tasks to queue
[2023-11-23T02:26:20.274+0000] {logging_mixin.py:154} INFO - [2023-11-23T02:26:20.272+0000] {dagbag.py:536} INFO - Filling up the DagBag from /home/airflow/.local/lib/python3.8/site-packages/airflow/example_dags/example_sensor_decorator.py
[2023-11-23T02:26:20.298+0000] {processor.py:839} INFO - DAG(s) dict_keys(['example_sensor_decorator']) retrieved from /home/airflow/.local/lib/python3.8/site-packages/airflow/example_dags/example_sensor_decorator.py
[2023-11-23T02:26:20.388+0000] {logging_mixin.py:154} INFO - [2023-11-23T02:26:20.387+0000] {dag.py:2941} INFO - Sync 1 DAGs
[2023-11-23T02:26:20.430+0000] {logging_mixin.py:154} INFO - [2023-11-23T02:26:20.430+0000] {dag.py:3722} INFO - Setting next_dagrun for example_sensor_decorator to None, run_after=None
[2023-11-23T02:26:20.510+0000] {processor.py:179} INFO - Processing /home/airflow/.local/lib/python3.8/site-packages/airflow/example_dags/example_sensor_decorator.py took 0.274 seconds
[2023-11-23T02:26:51.408+0000] {processor.py:157} INFO - Started process (PID=229) to work on /home/airflow/.local/lib/python3.8/site-packages/airflow/example_dags/example_sensor_decorator.py
[2023-11-23T02:26:51.434+0000] {processor.py:829} INFO - Processing file /home/airflow/.local/lib/python3.8/site-packages/airflow/example_dags/example_sensor_decorator.py for tasks to queue
[2023-11-23T02:26:51.445+0000] {logging_mixin.py:154} INFO - [2023-11-23T02:26:51.444+0000] {dagbag.py:536} INFO - Filling up the DagBag from /home/airflow/.local/lib/python3.8/site-packages/airflow/example_dags/example_sensor_decorator.py
[2023-11-23T02:26:51.464+0000] {processor.py:839} INFO - DAG(s) dict_keys(['example_sensor_decorator']) retrieved from /home/airflow/.local/lib/python3.8/site-packages/airflow/example_dags/example_sensor_decorator.py
[2023-11-23T02:26:51.514+0000] {logging_mixin.py:154} INFO - [2023-11-23T02:26:51.513+0000] {dag.py:2941} INFO - Sync 1 DAGs
[2023-11-23T02:26:51.536+0000] {logging_mixin.py:154} INFO - [2023-11-23T02:26:51.536+0000] {dag.py:3722} INFO - Setting next_dagrun for example_sensor_decorator to None, run_after=None
[2023-11-23T02:26:51.557+0000] {processor.py:179} INFO - Processing /home/airflow/.local/lib/python3.8/site-packages/airflow/example_dags/example_sensor_decorator.py took 0.159 seconds
[2023-11-23T02:27:22.155+0000] {processor.py:157} INFO - Started process (PID=283) to work on /home/airflow/.local/lib/python3.8/site-packages/airflow/example_dags/example_sensor_decorator.py
[2023-11-23T02:27:22.170+0000] {processor.py:829} INFO - Processing file /home/airflow/.local/lib/python3.8/site-packages/airflow/example_dags/example_sensor_decorator.py for tasks to queue
[2023-11-23T02:27:22.183+0000] {logging_mixin.py:154} INFO - [2023-11-23T02:27:22.182+0000] {dagbag.py:536} INFO - Filling up the DagBag from /home/airflow/.local/lib/python3.8/site-packages/airflow/example_dags/example_sensor_decorator.py
[2023-11-23T02:27:22.229+0000] {processor.py:839} INFO - DAG(s) dict_keys(['example_sensor_decorator']) retrieved from /home/airflow/.local/lib/python3.8/site-packages/airflow/example_dags/example_sensor_decorator.py
[2023-11-23T02:27:22.469+0000] {logging_mixin.py:154} INFO - [2023-11-23T02:27:22.469+0000] {dag.py:2941} INFO - Sync 1 DAGs
[2023-11-23T02:27:22.643+0000] {logging_mixin.py:154} INFO - [2023-11-23T02:27:22.643+0000] {dag.py:3722} INFO - Setting next_dagrun for example_sensor_decorator to None, run_after=None
[2023-11-23T02:27:22.864+0000] {processor.py:179} INFO - Processing /home/airflow/.local/lib/python3.8/site-packages/airflow/example_dags/example_sensor_decorator.py took 0.736 seconds
[2023-11-23T02:27:53.622+0000] {processor.py:157} INFO - Started process (PID=336) to work on /home/airflow/.local/lib/python3.8/site-packages/airflow/example_dags/example_sensor_decorator.py
[2023-11-23T02:27:53.632+0000] {processor.py:829} INFO - Processing file /home/airflow/.local/lib/python3.8/site-packages/airflow/example_dags/example_sensor_decorator.py for tasks to queue
[2023-11-23T02:27:53.642+0000] {logging_mixin.py:154} INFO - [2023-11-23T02:27:53.639+0000] {dagbag.py:536} INFO - Filling up the DagBag from /home/airflow/.local/lib/python3.8/site-packages/airflow/example_dags/example_sensor_decorator.py
[2023-11-23T02:27:53.660+0000] {processor.py:839} INFO - DAG(s) dict_keys(['example_sensor_decorator']) retrieved from /home/airflow/.local/lib/python3.8/site-packages/airflow/example_dags/example_sensor_decorator.py
[2023-11-23T02:27:53.715+0000] {logging_mixin.py:154} INFO - [2023-11-23T02:27:53.715+0000] {dag.py:2941} INFO - Sync 1 DAGs
[2023-11-23T02:27:53.760+0000] {logging_mixin.py:154} INFO - [2023-11-23T02:27:53.760+0000] {dag.py:3722} INFO - Setting next_dagrun for example_sensor_decorator to None, run_after=None
[2023-11-23T02:27:53.837+0000] {processor.py:179} INFO - Processing /home/airflow/.local/lib/python3.8/site-packages/airflow/example_dags/example_sensor_decorator.py took 0.223 seconds
[2023-11-23T02:28:24.067+0000] {processor.py:157} INFO - Started process (PID=389) to work on /home/airflow/.local/lib/python3.8/site-packages/airflow/example_dags/example_sensor_decorator.py
[2023-11-23T02:28:24.069+0000] {processor.py:829} INFO - Processing file /home/airflow/.local/lib/python3.8/site-packages/airflow/example_dags/example_sensor_decorator.py for tasks to queue
[2023-11-23T02:28:24.072+0000] {logging_mixin.py:154} INFO - [2023-11-23T02:28:24.071+0000] {dagbag.py:536} INFO - Filling up the DagBag from /home/airflow/.local/lib/python3.8/site-packages/airflow/example_dags/example_sensor_decorator.py
[2023-11-23T02:28:24.082+0000] {processor.py:839} INFO - DAG(s) dict_keys(['example_sensor_decorator']) retrieved from /home/airflow/.local/lib/python3.8/site-packages/airflow/example_dags/example_sensor_decorator.py
[2023-11-23T02:28:24.151+0000] {logging_mixin.py:154} INFO - [2023-11-23T02:28:24.150+0000] {dag.py:2941} INFO - Sync 1 DAGs
[2023-11-23T02:28:24.216+0000] {logging_mixin.py:154} INFO - [2023-11-23T02:28:24.216+0000] {dag.py:3722} INFO - Setting next_dagrun for example_sensor_decorator to None, run_after=None
[2023-11-23T02:28:24.256+0000] {processor.py:179} INFO - Processing /home/airflow/.local/lib/python3.8/site-packages/airflow/example_dags/example_sensor_decorator.py took 0.194 seconds
[2023-11-23T02:28:54.462+0000] {processor.py:157} INFO - Started process (PID=443) to work on /home/airflow/.local/lib/python3.8/site-packages/airflow/example_dags/example_sensor_decorator.py
[2023-11-23T02:28:54.463+0000] {processor.py:829} INFO - Processing file /home/airflow/.local/lib/python3.8/site-packages/airflow/example_dags/example_sensor_decorator.py for tasks to queue
[2023-11-23T02:28:54.466+0000] {logging_mixin.py:154} INFO - [2023-11-23T02:28:54.466+0000] {dagbag.py:536} INFO - Filling up the DagBag from /home/airflow/.local/lib/python3.8/site-packages/airflow/example_dags/example_sensor_decorator.py
[2023-11-23T02:28:54.474+0000] {processor.py:839} INFO - DAG(s) dict_keys(['example_sensor_decorator']) retrieved from /home/airflow/.local/lib/python3.8/site-packages/airflow/example_dags/example_sensor_decorator.py
[2023-11-23T02:28:54.498+0000] {logging_mixin.py:154} INFO - [2023-11-23T02:28:54.498+0000] {dag.py:2941} INFO - Sync 1 DAGs
[2023-11-23T02:28:54.514+0000] {logging_mixin.py:154} INFO - [2023-11-23T02:28:54.514+0000] {dag.py:3722} INFO - Setting next_dagrun for example_sensor_decorator to None, run_after=None
[2023-11-23T02:28:54.536+0000] {processor.py:179} INFO - Processing /home/airflow/.local/lib/python3.8/site-packages/airflow/example_dags/example_sensor_decorator.py took 0.079 seconds
[2023-11-23T02:29:24.646+0000] {processor.py:157} INFO - Started process (PID=497) to work on /home/airflow/.local/lib/python3.8/site-packages/airflow/example_dags/example_sensor_decorator.py
[2023-11-23T02:29:24.647+0000] {processor.py:829} INFO - Processing file /home/airflow/.local/lib/python3.8/site-packages/airflow/example_dags/example_sensor_decorator.py for tasks to queue
[2023-11-23T02:29:24.651+0000] {logging_mixin.py:154} INFO - [2023-11-23T02:29:24.650+0000] {dagbag.py:536} INFO - Filling up the DagBag from /home/airflow/.local/lib/python3.8/site-packages/airflow/example_dags/example_sensor_decorator.py
[2023-11-23T02:29:24.659+0000] {processor.py:839} INFO - DAG(s) dict_keys(['example_sensor_decorator']) retrieved from /home/airflow/.local/lib/python3.8/site-packages/airflow/example_dags/example_sensor_decorator.py
[2023-11-23T02:29:24.690+0000] {logging_mixin.py:154} INFO - [2023-11-23T02:29:24.690+0000] {dag.py:2941} INFO - Sync 1 DAGs
[2023-11-23T02:29:24.705+0000] {logging_mixin.py:154} INFO - [2023-11-23T02:29:24.705+0000] {dag.py:3722} INFO - Setting next_dagrun for example_sensor_decorator to None, run_after=None
[2023-11-23T02:29:24.739+0000] {processor.py:179} INFO - Processing /home/airflow/.local/lib/python3.8/site-packages/airflow/example_dags/example_sensor_decorator.py took 0.097 seconds
[2023-11-23T02:29:54.940+0000] {processor.py:157} INFO - Started process (PID=551) to work on /home/airflow/.local/lib/python3.8/site-packages/airflow/example_dags/example_sensor_decorator.py
[2023-11-23T02:29:54.984+0000] {processor.py:829} INFO - Processing file /home/airflow/.local/lib/python3.8/site-packages/airflow/example_dags/example_sensor_decorator.py for tasks to queue
[2023-11-23T02:29:54.988+0000] {logging_mixin.py:154} INFO - [2023-11-23T02:29:54.988+0000] {dagbag.py:536} INFO - Filling up the DagBag from /home/airflow/.local/lib/python3.8/site-packages/airflow/example_dags/example_sensor_decorator.py
[2023-11-23T02:29:55.003+0000] {processor.py:839} INFO - DAG(s) dict_keys(['example_sensor_decorator']) retrieved from /home/airflow/.local/lib/python3.8/site-packages/airflow/example_dags/example_sensor_decorator.py
[2023-11-23T02:29:55.066+0000] {logging_mixin.py:154} INFO - [2023-11-23T02:29:55.064+0000] {dag.py:2941} INFO - Sync 1 DAGs
[2023-11-23T02:29:55.135+0000] {logging_mixin.py:154} INFO - [2023-11-23T02:29:55.134+0000] {dag.py:3722} INFO - Setting next_dagrun for example_sensor_decorator to None, run_after=None
[2023-11-23T02:29:55.301+0000] {processor.py:179} INFO - Processing /home/airflow/.local/lib/python3.8/site-packages/airflow/example_dags/example_sensor_decorator.py took 0.320 seconds
[2023-11-23T02:30:26.160+0000] {processor.py:157} INFO - Started process (PID=604) to work on /home/airflow/.local/lib/python3.8/site-packages/airflow/example_dags/example_sensor_decorator.py
[2023-11-23T02:30:26.161+0000] {processor.py:829} INFO - Processing file /home/airflow/.local/lib/python3.8/site-packages/airflow/example_dags/example_sensor_decorator.py for tasks to queue
[2023-11-23T02:30:26.167+0000] {logging_mixin.py:154} INFO - [2023-11-23T02:30:26.165+0000] {dagbag.py:536} INFO - Filling up the DagBag from /home/airflow/.local/lib/python3.8/site-packages/airflow/example_dags/example_sensor_decorator.py
[2023-11-23T02:30:26.185+0000] {processor.py:839} INFO - DAG(s) dict_keys(['example_sensor_decorator']) retrieved from /home/airflow/.local/lib/python3.8/site-packages/airflow/example_dags/example_sensor_decorator.py
[2023-11-23T02:30:26.276+0000] {logging_mixin.py:154} INFO - [2023-11-23T02:30:26.276+0000] {dag.py:2941} INFO - Sync 1 DAGs
[2023-11-23T02:30:26.355+0000] {logging_mixin.py:154} INFO - [2023-11-23T02:30:26.355+0000] {dag.py:3722} INFO - Setting next_dagrun for example_sensor_decorator to None, run_after=None
[2023-11-23T02:30:26.390+0000] {processor.py:179} INFO - Processing /home/airflow/.local/lib/python3.8/site-packages/airflow/example_dags/example_sensor_decorator.py took 0.240 seconds
[2023-11-23T02:30:56.539+0000] {processor.py:157} INFO - Started process (PID=658) to work on /home/airflow/.local/lib/python3.8/site-packages/airflow/example_dags/example_sensor_decorator.py
[2023-11-23T02:30:56.543+0000] {processor.py:829} INFO - Processing file /home/airflow/.local/lib/python3.8/site-packages/airflow/example_dags/example_sensor_decorator.py for tasks to queue
[2023-11-23T02:30:56.547+0000] {logging_mixin.py:154} INFO - [2023-11-23T02:30:56.546+0000] {dagbag.py:536} INFO - Filling up the DagBag from /home/airflow/.local/lib/python3.8/site-packages/airflow/example_dags/example_sensor_decorator.py
[2023-11-23T02:30:56.584+0000] {processor.py:839} INFO - DAG(s) dict_keys(['example_sensor_decorator']) retrieved from /home/airflow/.local/lib/python3.8/site-packages/airflow/example_dags/example_sensor_decorator.py
[2023-11-23T02:30:56.810+0000] {logging_mixin.py:154} INFO - [2023-11-23T02:30:56.809+0000] {dag.py:2941} INFO - Sync 1 DAGs
[2023-11-23T02:30:56.985+0000] {logging_mixin.py:154} INFO - [2023-11-23T02:30:56.985+0000] {dag.py:3722} INFO - Setting next_dagrun for example_sensor_decorator to None, run_after=None
[2023-11-23T02:30:57.118+0000] {processor.py:179} INFO - Processing /home/airflow/.local/lib/python3.8/site-packages/airflow/example_dags/example_sensor_decorator.py took 0.588 seconds
[2023-11-23T02:31:27.700+0000] {processor.py:157} INFO - Started process (PID=712) to work on /home/airflow/.local/lib/python3.8/site-packages/airflow/example_dags/example_sensor_decorator.py
[2023-11-23T02:31:27.712+0000] {processor.py:829} INFO - Processing file /home/airflow/.local/lib/python3.8/site-packages/airflow/example_dags/example_sensor_decorator.py for tasks to queue
[2023-11-23T02:31:27.726+0000] {logging_mixin.py:154} INFO - [2023-11-23T02:31:27.726+0000] {dagbag.py:536} INFO - Filling up the DagBag from /home/airflow/.local/lib/python3.8/site-packages/airflow/example_dags/example_sensor_decorator.py
[2023-11-23T02:31:27.780+0000] {processor.py:839} INFO - DAG(s) dict_keys(['example_sensor_decorator']) retrieved from /home/airflow/.local/lib/python3.8/site-packages/airflow/example_dags/example_sensor_decorator.py
[2023-11-23T02:31:27.950+0000] {logging_mixin.py:154} INFO - [2023-11-23T02:31:27.950+0000] {dag.py:2941} INFO - Sync 1 DAGs
[2023-11-23T02:31:28.163+0000] {logging_mixin.py:154} INFO - [2023-11-23T02:31:28.163+0000] {dag.py:3722} INFO - Setting next_dagrun for example_sensor_decorator to None, run_after=None
[2023-11-23T02:31:28.302+0000] {processor.py:179} INFO - Processing /home/airflow/.local/lib/python3.8/site-packages/airflow/example_dags/example_sensor_decorator.py took 0.617 seconds
[2023-11-23T03:44:11.255+0000] {processor.py:157} INFO - Started process (PID=65) to work on /home/airflow/.local/lib/python3.8/site-packages/airflow/example_dags/example_sensor_decorator.py
[2023-11-23T03:44:11.268+0000] {processor.py:829} INFO - Processing file /home/airflow/.local/lib/python3.8/site-packages/airflow/example_dags/example_sensor_decorator.py for tasks to queue
[2023-11-23T03:44:11.291+0000] {logging_mixin.py:154} INFO - [2023-11-23T03:44:11.290+0000] {dagbag.py:536} INFO - Filling up the DagBag from /home/airflow/.local/lib/python3.8/site-packages/airflow/example_dags/example_sensor_decorator.py
[2023-11-23T03:44:11.357+0000] {processor.py:839} INFO - DAG(s) dict_keys(['example_sensor_decorator']) retrieved from /home/airflow/.local/lib/python3.8/site-packages/airflow/example_dags/example_sensor_decorator.py
[2023-11-23T03:44:11.549+0000] {logging_mixin.py:154} INFO - [2023-11-23T03:44:11.548+0000] {dag.py:2941} INFO - Sync 1 DAGs
[2023-11-23T03:44:11.640+0000] {logging_mixin.py:154} INFO - [2023-11-23T03:44:11.640+0000] {dag.py:3722} INFO - Setting next_dagrun for example_sensor_decorator to None, run_after=None
[2023-11-23T03:44:12.032+0000] {processor.py:179} INFO - Processing /home/airflow/.local/lib/python3.8/site-packages/airflow/example_dags/example_sensor_decorator.py took 0.783 seconds
[2023-11-23T03:44:52.324+0000] {processor.py:157} INFO - Started process (PID=126) to work on /home/airflow/.local/lib/python3.8/site-packages/airflow/example_dags/example_sensor_decorator.py
[2023-11-23T03:44:52.326+0000] {processor.py:829} INFO - Processing file /home/airflow/.local/lib/python3.8/site-packages/airflow/example_dags/example_sensor_decorator.py for tasks to queue
[2023-11-23T03:44:52.333+0000] {logging_mixin.py:154} INFO - [2023-11-23T03:44:52.331+0000] {dagbag.py:536} INFO - Filling up the DagBag from /home/airflow/.local/lib/python3.8/site-packages/airflow/example_dags/example_sensor_decorator.py
[2023-11-23T03:44:52.349+0000] {processor.py:839} INFO - DAG(s) dict_keys(['example_sensor_decorator']) retrieved from /home/airflow/.local/lib/python3.8/site-packages/airflow/example_dags/example_sensor_decorator.py
[2023-11-23T03:44:52.410+0000] {logging_mixin.py:154} INFO - [2023-11-23T03:44:52.409+0000] {dag.py:2941} INFO - Sync 1 DAGs
[2023-11-23T03:44:52.441+0000] {logging_mixin.py:154} INFO - [2023-11-23T03:44:52.440+0000] {dag.py:3722} INFO - Setting next_dagrun for example_sensor_decorator to None, run_after=None
[2023-11-23T03:44:52.484+0000] {processor.py:179} INFO - Processing /home/airflow/.local/lib/python3.8/site-packages/airflow/example_dags/example_sensor_decorator.py took 0.169 seconds
[2023-11-23T04:15:42.073+0000] {processor.py:157} INFO - Started process (PID=191) to work on /home/airflow/.local/lib/python3.8/site-packages/airflow/example_dags/example_sensor_decorator.py
[2023-11-23T04:15:42.075+0000] {processor.py:829} INFO - Processing file /home/airflow/.local/lib/python3.8/site-packages/airflow/example_dags/example_sensor_decorator.py for tasks to queue
[2023-11-23T04:15:42.081+0000] {logging_mixin.py:154} INFO - [2023-11-23T04:15:42.080+0000] {dagbag.py:536} INFO - Filling up the DagBag from /home/airflow/.local/lib/python3.8/site-packages/airflow/example_dags/example_sensor_decorator.py
[2023-11-23T04:15:42.097+0000] {processor.py:839} INFO - DAG(s) dict_keys(['example_sensor_decorator']) retrieved from /home/airflow/.local/lib/python3.8/site-packages/airflow/example_dags/example_sensor_decorator.py
[2023-11-23T04:15:42.161+0000] {logging_mixin.py:154} INFO - [2023-11-23T04:15:42.161+0000] {dag.py:2941} INFO - Sync 1 DAGs
[2023-11-23T04:15:42.185+0000] {logging_mixin.py:154} INFO - [2023-11-23T04:15:42.183+0000] {dag.py:3722} INFO - Setting next_dagrun for example_sensor_decorator to None, run_after=None
[2023-11-23T04:15:42.221+0000] {processor.py:179} INFO - Processing /home/airflow/.local/lib/python3.8/site-packages/airflow/example_dags/example_sensor_decorator.py took 0.158 seconds
[2023-11-23T04:16:12.282+0000] {processor.py:157} INFO - Started process (PID=244) to work on /home/airflow/.local/lib/python3.8/site-packages/airflow/example_dags/example_sensor_decorator.py
[2023-11-23T04:16:12.284+0000] {processor.py:829} INFO - Processing file /home/airflow/.local/lib/python3.8/site-packages/airflow/example_dags/example_sensor_decorator.py for tasks to queue
[2023-11-23T04:16:12.292+0000] {logging_mixin.py:154} INFO - [2023-11-23T04:16:12.291+0000] {dagbag.py:536} INFO - Filling up the DagBag from /home/airflow/.local/lib/python3.8/site-packages/airflow/example_dags/example_sensor_decorator.py
[2023-11-23T04:16:12.316+0000] {processor.py:839} INFO - DAG(s) dict_keys(['example_sensor_decorator']) retrieved from /home/airflow/.local/lib/python3.8/site-packages/airflow/example_dags/example_sensor_decorator.py
[2023-11-23T04:16:12.343+0000] {logging_mixin.py:154} INFO - [2023-11-23T04:16:12.343+0000] {dag.py:2941} INFO - Sync 1 DAGs
[2023-11-23T04:16:12.365+0000] {logging_mixin.py:154} INFO - [2023-11-23T04:16:12.364+0000] {dag.py:3722} INFO - Setting next_dagrun for example_sensor_decorator to None, run_after=None
[2023-11-23T04:16:12.393+0000] {processor.py:179} INFO - Processing /home/airflow/.local/lib/python3.8/site-packages/airflow/example_dags/example_sensor_decorator.py took 0.119 seconds
[2023-11-23T04:16:43.232+0000] {processor.py:157} INFO - Started process (PID=298) to work on /home/airflow/.local/lib/python3.8/site-packages/airflow/example_dags/example_sensor_decorator.py
[2023-11-23T04:16:43.234+0000] {processor.py:829} INFO - Processing file /home/airflow/.local/lib/python3.8/site-packages/airflow/example_dags/example_sensor_decorator.py for tasks to queue
[2023-11-23T04:16:43.239+0000] {logging_mixin.py:154} INFO - [2023-11-23T04:16:43.238+0000] {dagbag.py:536} INFO - Filling up the DagBag from /home/airflow/.local/lib/python3.8/site-packages/airflow/example_dags/example_sensor_decorator.py
[2023-11-23T04:16:43.436+0000] {processor.py:839} INFO - DAG(s) dict_keys(['example_sensor_decorator']) retrieved from /home/airflow/.local/lib/python3.8/site-packages/airflow/example_dags/example_sensor_decorator.py
[2023-11-23T04:16:43.531+0000] {logging_mixin.py:154} INFO - [2023-11-23T04:16:43.531+0000] {dag.py:2941} INFO - Sync 1 DAGs
[2023-11-23T04:16:43.590+0000] {logging_mixin.py:154} INFO - [2023-11-23T04:16:43.590+0000] {dag.py:3722} INFO - Setting next_dagrun for example_sensor_decorator to None, run_after=None
[2023-11-23T04:16:43.642+0000] {processor.py:179} INFO - Processing /home/airflow/.local/lib/python3.8/site-packages/airflow/example_dags/example_sensor_decorator.py took 0.415 seconds
[2023-11-23T04:17:14.420+0000] {processor.py:157} INFO - Started process (PID=352) to work on /home/airflow/.local/lib/python3.8/site-packages/airflow/example_dags/example_sensor_decorator.py
[2023-11-23T04:17:14.423+0000] {processor.py:829} INFO - Processing file /home/airflow/.local/lib/python3.8/site-packages/airflow/example_dags/example_sensor_decorator.py for tasks to queue
[2023-11-23T04:17:14.427+0000] {logging_mixin.py:154} INFO - [2023-11-23T04:17:14.426+0000] {dagbag.py:536} INFO - Filling up the DagBag from /home/airflow/.local/lib/python3.8/site-packages/airflow/example_dags/example_sensor_decorator.py
[2023-11-23T04:17:14.436+0000] {processor.py:839} INFO - DAG(s) dict_keys(['example_sensor_decorator']) retrieved from /home/airflow/.local/lib/python3.8/site-packages/airflow/example_dags/example_sensor_decorator.py
[2023-11-23T04:17:14.495+0000] {logging_mixin.py:154} INFO - [2023-11-23T04:17:14.495+0000] {dag.py:2941} INFO - Sync 1 DAGs
[2023-11-23T04:17:14.546+0000] {logging_mixin.py:154} INFO - [2023-11-23T04:17:14.546+0000] {dag.py:3722} INFO - Setting next_dagrun for example_sensor_decorator to None, run_after=None
[2023-11-23T04:17:14.640+0000] {processor.py:179} INFO - Processing /home/airflow/.local/lib/python3.8/site-packages/airflow/example_dags/example_sensor_decorator.py took 0.232 seconds
[2023-11-23T04:17:45.009+0000] {processor.py:157} INFO - Started process (PID=406) to work on /home/airflow/.local/lib/python3.8/site-packages/airflow/example_dags/example_sensor_decorator.py
[2023-11-23T04:17:45.011+0000] {processor.py:829} INFO - Processing file /home/airflow/.local/lib/python3.8/site-packages/airflow/example_dags/example_sensor_decorator.py for tasks to queue
[2023-11-23T04:17:45.016+0000] {logging_mixin.py:154} INFO - [2023-11-23T04:17:45.015+0000] {dagbag.py:536} INFO - Filling up the DagBag from /home/airflow/.local/lib/python3.8/site-packages/airflow/example_dags/example_sensor_decorator.py
[2023-11-23T04:17:45.026+0000] {processor.py:839} INFO - DAG(s) dict_keys(['example_sensor_decorator']) retrieved from /home/airflow/.local/lib/python3.8/site-packages/airflow/example_dags/example_sensor_decorator.py
[2023-11-23T04:17:45.058+0000] {logging_mixin.py:154} INFO - [2023-11-23T04:17:45.058+0000] {dag.py:2941} INFO - Sync 1 DAGs
[2023-11-23T04:17:45.080+0000] {logging_mixin.py:154} INFO - [2023-11-23T04:17:45.080+0000] {dag.py:3722} INFO - Setting next_dagrun for example_sensor_decorator to None, run_after=None
[2023-11-23T04:17:45.106+0000] {processor.py:179} INFO - Processing /home/airflow/.local/lib/python3.8/site-packages/airflow/example_dags/example_sensor_decorator.py took 0.104 seconds
[2023-11-23T04:18:16.393+0000] {processor.py:157} INFO - Started process (PID=459) to work on /home/airflow/.local/lib/python3.8/site-packages/airflow/example_dags/example_sensor_decorator.py
[2023-11-23T04:18:16.395+0000] {processor.py:829} INFO - Processing file /home/airflow/.local/lib/python3.8/site-packages/airflow/example_dags/example_sensor_decorator.py for tasks to queue
[2023-11-23T04:18:16.399+0000] {logging_mixin.py:154} INFO - [2023-11-23T04:18:16.398+0000] {dagbag.py:536} INFO - Filling up the DagBag from /home/airflow/.local/lib/python3.8/site-packages/airflow/example_dags/example_sensor_decorator.py
[2023-11-23T04:18:16.414+0000] {processor.py:839} INFO - DAG(s) dict_keys(['example_sensor_decorator']) retrieved from /home/airflow/.local/lib/python3.8/site-packages/airflow/example_dags/example_sensor_decorator.py
[2023-11-23T04:18:16.459+0000] {logging_mixin.py:154} INFO - [2023-11-23T04:18:16.459+0000] {dag.py:2941} INFO - Sync 1 DAGs
[2023-11-23T04:18:16.481+0000] {logging_mixin.py:154} INFO - [2023-11-23T04:18:16.481+0000] {dag.py:3722} INFO - Setting next_dagrun for example_sensor_decorator to None, run_after=None
[2023-11-23T04:18:16.513+0000] {processor.py:179} INFO - Processing /home/airflow/.local/lib/python3.8/site-packages/airflow/example_dags/example_sensor_decorator.py took 0.125 seconds
[2023-11-23T04:18:48.559+0000] {processor.py:157} INFO - Started process (PID=520) to work on /home/airflow/.local/lib/python3.8/site-packages/airflow/example_dags/example_sensor_decorator.py
[2023-11-23T04:18:48.562+0000] {processor.py:829} INFO - Processing file /home/airflow/.local/lib/python3.8/site-packages/airflow/example_dags/example_sensor_decorator.py for tasks to queue
[2023-11-23T04:18:48.571+0000] {logging_mixin.py:154} INFO - [2023-11-23T04:18:48.569+0000] {dagbag.py:536} INFO - Filling up the DagBag from /home/airflow/.local/lib/python3.8/site-packages/airflow/example_dags/example_sensor_decorator.py
[2023-11-23T04:18:48.596+0000] {processor.py:839} INFO - DAG(s) dict_keys(['example_sensor_decorator']) retrieved from /home/airflow/.local/lib/python3.8/site-packages/airflow/example_dags/example_sensor_decorator.py
[2023-11-23T04:18:48.734+0000] {logging_mixin.py:154} INFO - [2023-11-23T04:18:48.733+0000] {dag.py:2941} INFO - Sync 1 DAGs
[2023-11-23T04:18:48.770+0000] {logging_mixin.py:154} INFO - [2023-11-23T04:18:48.769+0000] {dag.py:3722} INFO - Setting next_dagrun for example_sensor_decorator to None, run_after=None
[2023-11-23T04:18:48.826+0000] {processor.py:179} INFO - Processing /home/airflow/.local/lib/python3.8/site-packages/airflow/example_dags/example_sensor_decorator.py took 0.278 seconds
[2023-11-23T04:19:19.966+0000] {processor.py:157} INFO - Started process (PID=574) to work on /home/airflow/.local/lib/python3.8/site-packages/airflow/example_dags/example_sensor_decorator.py
[2023-11-23T04:19:19.970+0000] {processor.py:829} INFO - Processing file /home/airflow/.local/lib/python3.8/site-packages/airflow/example_dags/example_sensor_decorator.py for tasks to queue
[2023-11-23T04:19:19.979+0000] {logging_mixin.py:154} INFO - [2023-11-23T04:19:19.979+0000] {dagbag.py:536} INFO - Filling up the DagBag from /home/airflow/.local/lib/python3.8/site-packages/airflow/example_dags/example_sensor_decorator.py
[2023-11-23T04:19:20.013+0000] {processor.py:839} INFO - DAG(s) dict_keys(['example_sensor_decorator']) retrieved from /home/airflow/.local/lib/python3.8/site-packages/airflow/example_dags/example_sensor_decorator.py
[2023-11-23T04:19:20.104+0000] {logging_mixin.py:154} INFO - [2023-11-23T04:19:20.104+0000] {dag.py:2941} INFO - Sync 1 DAGs
[2023-11-23T04:19:20.167+0000] {logging_mixin.py:154} INFO - [2023-11-23T04:19:20.167+0000] {dag.py:3722} INFO - Setting next_dagrun for example_sensor_decorator to None, run_after=None
[2023-11-23T04:19:20.251+0000] {processor.py:179} INFO - Processing /home/airflow/.local/lib/python3.8/site-packages/airflow/example_dags/example_sensor_decorator.py took 0.298 seconds
[2023-11-23T04:19:51.182+0000] {processor.py:157} INFO - Started process (PID=628) to work on /home/airflow/.local/lib/python3.8/site-packages/airflow/example_dags/example_sensor_decorator.py
[2023-11-23T04:19:51.197+0000] {processor.py:829} INFO - Processing file /home/airflow/.local/lib/python3.8/site-packages/airflow/example_dags/example_sensor_decorator.py for tasks to queue
[2023-11-23T04:19:51.204+0000] {logging_mixin.py:154} INFO - [2023-11-23T04:19:51.203+0000] {dagbag.py:536} INFO - Filling up the DagBag from /home/airflow/.local/lib/python3.8/site-packages/airflow/example_dags/example_sensor_decorator.py
[2023-11-23T04:19:51.230+0000] {processor.py:839} INFO - DAG(s) dict_keys(['example_sensor_decorator']) retrieved from /home/airflow/.local/lib/python3.8/site-packages/airflow/example_dags/example_sensor_decorator.py
[2023-11-23T04:19:51.274+0000] {logging_mixin.py:154} INFO - [2023-11-23T04:19:51.274+0000] {dag.py:2941} INFO - Sync 1 DAGs
[2023-11-23T04:19:51.299+0000] {logging_mixin.py:154} INFO - [2023-11-23T04:19:51.298+0000] {dag.py:3722} INFO - Setting next_dagrun for example_sensor_decorator to None, run_after=None
[2023-11-23T04:19:51.334+0000] {processor.py:179} INFO - Processing /home/airflow/.local/lib/python3.8/site-packages/airflow/example_dags/example_sensor_decorator.py took 0.157 seconds
[2023-11-23T04:20:22.190+0000] {processor.py:157} INFO - Started process (PID=681) to work on /home/airflow/.local/lib/python3.8/site-packages/airflow/example_dags/example_sensor_decorator.py
[2023-11-23T04:20:22.192+0000] {processor.py:829} INFO - Processing file /home/airflow/.local/lib/python3.8/site-packages/airflow/example_dags/example_sensor_decorator.py for tasks to queue
[2023-11-23T04:20:22.196+0000] {logging_mixin.py:154} INFO - [2023-11-23T04:20:22.195+0000] {dagbag.py:536} INFO - Filling up the DagBag from /home/airflow/.local/lib/python3.8/site-packages/airflow/example_dags/example_sensor_decorator.py
[2023-11-23T04:20:22.219+0000] {processor.py:839} INFO - DAG(s) dict_keys(['example_sensor_decorator']) retrieved from /home/airflow/.local/lib/python3.8/site-packages/airflow/example_dags/example_sensor_decorator.py
[2023-11-23T04:20:22.256+0000] {logging_mixin.py:154} INFO - [2023-11-23T04:20:22.256+0000] {dag.py:2941} INFO - Sync 1 DAGs
[2023-11-23T04:20:22.279+0000] {logging_mixin.py:154} INFO - [2023-11-23T04:20:22.279+0000] {dag.py:3722} INFO - Setting next_dagrun for example_sensor_decorator to None, run_after=None
[2023-11-23T04:20:22.309+0000] {processor.py:179} INFO - Processing /home/airflow/.local/lib/python3.8/site-packages/airflow/example_dags/example_sensor_decorator.py took 0.125 seconds
[2023-11-23T04:20:52.690+0000] {processor.py:157} INFO - Started process (PID=735) to work on /home/airflow/.local/lib/python3.8/site-packages/airflow/example_dags/example_sensor_decorator.py
[2023-11-23T04:20:52.692+0000] {processor.py:829} INFO - Processing file /home/airflow/.local/lib/python3.8/site-packages/airflow/example_dags/example_sensor_decorator.py for tasks to queue
[2023-11-23T04:20:52.697+0000] {logging_mixin.py:154} INFO - [2023-11-23T04:20:52.697+0000] {dagbag.py:536} INFO - Filling up the DagBag from /home/airflow/.local/lib/python3.8/site-packages/airflow/example_dags/example_sensor_decorator.py
[2023-11-23T04:20:52.720+0000] {processor.py:839} INFO - DAG(s) dict_keys(['example_sensor_decorator']) retrieved from /home/airflow/.local/lib/python3.8/site-packages/airflow/example_dags/example_sensor_decorator.py
[2023-11-23T04:20:52.778+0000] {logging_mixin.py:154} INFO - [2023-11-23T04:20:52.778+0000] {dag.py:2941} INFO - Sync 1 DAGs
[2023-11-23T04:20:52.805+0000] {logging_mixin.py:154} INFO - [2023-11-23T04:20:52.805+0000] {dag.py:3722} INFO - Setting next_dagrun for example_sensor_decorator to None, run_after=None
[2023-11-23T04:20:52.845+0000] {processor.py:179} INFO - Processing /home/airflow/.local/lib/python3.8/site-packages/airflow/example_dags/example_sensor_decorator.py took 0.178 seconds
[2023-11-23T04:21:28.650+0000] {processor.py:157} INFO - Started process (PID=789) to work on /home/airflow/.local/lib/python3.8/site-packages/airflow/example_dags/example_sensor_decorator.py
[2023-11-23T04:21:28.654+0000] {processor.py:829} INFO - Processing file /home/airflow/.local/lib/python3.8/site-packages/airflow/example_dags/example_sensor_decorator.py for tasks to queue
[2023-11-23T04:21:28.664+0000] {logging_mixin.py:154} INFO - [2023-11-23T04:21:28.663+0000] {dagbag.py:536} INFO - Filling up the DagBag from /home/airflow/.local/lib/python3.8/site-packages/airflow/example_dags/example_sensor_decorator.py
[2023-11-23T04:21:28.689+0000] {processor.py:839} INFO - DAG(s) dict_keys(['example_sensor_decorator']) retrieved from /home/airflow/.local/lib/python3.8/site-packages/airflow/example_dags/example_sensor_decorator.py
[2023-11-23T04:21:28.820+0000] {logging_mixin.py:154} INFO - [2023-11-23T04:21:28.820+0000] {dag.py:2941} INFO - Sync 1 DAGs
[2023-11-23T04:21:28.908+0000] {logging_mixin.py:154} INFO - [2023-11-23T04:21:28.907+0000] {dag.py:3722} INFO - Setting next_dagrun for example_sensor_decorator to None, run_after=None
[2023-11-23T04:21:28.996+0000] {processor.py:179} INFO - Processing /home/airflow/.local/lib/python3.8/site-packages/airflow/example_dags/example_sensor_decorator.py took 0.375 seconds
[2023-11-23T04:22:00.352+0000] {processor.py:157} INFO - Started process (PID=843) to work on /home/airflow/.local/lib/python3.8/site-packages/airflow/example_dags/example_sensor_decorator.py
[2023-11-23T04:22:00.354+0000] {processor.py:829} INFO - Processing file /home/airflow/.local/lib/python3.8/site-packages/airflow/example_dags/example_sensor_decorator.py for tasks to queue
[2023-11-23T04:22:00.368+0000] {logging_mixin.py:154} INFO - [2023-11-23T04:22:00.367+0000] {dagbag.py:536} INFO - Filling up the DagBag from /home/airflow/.local/lib/python3.8/site-packages/airflow/example_dags/example_sensor_decorator.py
[2023-11-23T04:22:00.393+0000] {processor.py:839} INFO - DAG(s) dict_keys(['example_sensor_decorator']) retrieved from /home/airflow/.local/lib/python3.8/site-packages/airflow/example_dags/example_sensor_decorator.py
[2023-11-23T04:22:00.554+0000] {logging_mixin.py:154} INFO - [2023-11-23T04:22:00.551+0000] {dag.py:2941} INFO - Sync 1 DAGs
[2023-11-23T04:22:00.672+0000] {logging_mixin.py:154} INFO - [2023-11-23T04:22:00.672+0000] {dag.py:3722} INFO - Setting next_dagrun for example_sensor_decorator to None, run_after=None
[2023-11-23T04:22:00.706+0000] {processor.py:179} INFO - Processing /home/airflow/.local/lib/python3.8/site-packages/airflow/example_dags/example_sensor_decorator.py took 0.372 seconds
