[2023-11-23T02:25:20.150+0000] {processor.py:157} INFO - Started process (PID=82) to work on /home/airflow/.local/lib/python3.8/site-packages/airflow/example_dags/example_kubernetes_executor.py
[2023-11-23T02:25:20.154+0000] {processor.py:829} INFO - Processing file /home/airflow/.local/lib/python3.8/site-packages/airflow/example_dags/example_kubernetes_executor.py for tasks to queue
[2023-11-23T02:25:20.160+0000] {logging_mixin.py:154} INFO - [2023-11-23T02:25:20.159+0000] {dagbag.py:536} INFO - Filling up the DagBag from /home/airflow/.local/lib/python3.8/site-packages/airflow/example_dags/example_kubernetes_executor.py
[2023-11-23T02:25:20.187+0000] {processor.py:839} INFO - DAG(s) dict_keys(['example_kubernetes_executor']) retrieved from /home/airflow/.local/lib/python3.8/site-packages/airflow/example_dags/example_kubernetes_executor.py
[2023-11-23T02:25:20.405+0000] {logging_mixin.py:154} INFO - [2023-11-23T02:25:20.405+0000] {manager.py:499} INFO - Created Permission View: %s
[2023-11-23T02:25:20.424+0000] {logging_mixin.py:154} INFO - [2023-11-23T02:25:20.424+0000] {manager.py:499} INFO - Created Permission View: %s
[2023-11-23T02:25:20.438+0000] {logging_mixin.py:154} INFO - [2023-11-23T02:25:20.438+0000] {manager.py:499} INFO - Created Permission View: %s
[2023-11-23T02:25:20.440+0000] {logging_mixin.py:154} INFO - [2023-11-23T02:25:20.439+0000] {dag.py:2941} INFO - Sync 1 DAGs
[2023-11-23T02:25:20.474+0000] {logging_mixin.py:154} INFO - [2023-11-23T02:25:20.474+0000] {dag.py:2963} INFO - Creating ORM DAG for example_kubernetes_executor
[2023-11-23T02:25:20.475+0000] {logging_mixin.py:154} INFO - [2023-11-23T02:25:20.475+0000] {dag.py:3722} INFO - Setting next_dagrun for example_kubernetes_executor to None, run_after=None
[2023-11-23T02:25:20.516+0000] {processor.py:179} INFO - Processing /home/airflow/.local/lib/python3.8/site-packages/airflow/example_dags/example_kubernetes_executor.py took 0.371 seconds
[2023-11-23T02:25:58.579+0000] {processor.py:157} INFO - Started process (PID=136) to work on /home/airflow/.local/lib/python3.8/site-packages/airflow/example_dags/example_kubernetes_executor.py
[2023-11-23T02:25:58.585+0000] {processor.py:829} INFO - Processing file /home/airflow/.local/lib/python3.8/site-packages/airflow/example_dags/example_kubernetes_executor.py for tasks to queue
[2023-11-23T02:25:58.590+0000] {logging_mixin.py:154} INFO - [2023-11-23T02:25:58.589+0000] {dagbag.py:536} INFO - Filling up the DagBag from /home/airflow/.local/lib/python3.8/site-packages/airflow/example_dags/example_kubernetes_executor.py
[2023-11-23T02:25:58.623+0000] {processor.py:839} INFO - DAG(s) dict_keys(['example_kubernetes_executor']) retrieved from /home/airflow/.local/lib/python3.8/site-packages/airflow/example_dags/example_kubernetes_executor.py
[2023-11-23T02:25:58.738+0000] {logging_mixin.py:154} INFO - [2023-11-23T02:25:58.737+0000] {dag.py:2941} INFO - Sync 1 DAGs
[2023-11-23T02:25:58.871+0000] {logging_mixin.py:154} INFO - [2023-11-23T02:25:58.871+0000] {dag.py:3722} INFO - Setting next_dagrun for example_kubernetes_executor to None, run_after=None
[2023-11-23T02:25:58.902+0000] {processor.py:179} INFO - Processing /home/airflow/.local/lib/python3.8/site-packages/airflow/example_dags/example_kubernetes_executor.py took 0.328 seconds
[2023-11-23T02:26:29.501+0000] {processor.py:157} INFO - Started process (PID=190) to work on /home/airflow/.local/lib/python3.8/site-packages/airflow/example_dags/example_kubernetes_executor.py
[2023-11-23T02:26:29.510+0000] {processor.py:829} INFO - Processing file /home/airflow/.local/lib/python3.8/site-packages/airflow/example_dags/example_kubernetes_executor.py for tasks to queue
[2023-11-23T02:26:29.513+0000] {logging_mixin.py:154} INFO - [2023-11-23T02:26:29.512+0000] {dagbag.py:536} INFO - Filling up the DagBag from /home/airflow/.local/lib/python3.8/site-packages/airflow/example_dags/example_kubernetes_executor.py
[2023-11-23T02:26:29.532+0000] {processor.py:839} INFO - DAG(s) dict_keys(['example_kubernetes_executor']) retrieved from /home/airflow/.local/lib/python3.8/site-packages/airflow/example_dags/example_kubernetes_executor.py
[2023-11-23T02:26:29.607+0000] {logging_mixin.py:154} INFO - [2023-11-23T02:26:29.607+0000] {dag.py:2941} INFO - Sync 1 DAGs
[2023-11-23T02:26:29.627+0000] {logging_mixin.py:154} INFO - [2023-11-23T02:26:29.627+0000] {dag.py:3722} INFO - Setting next_dagrun for example_kubernetes_executor to None, run_after=None
[2023-11-23T02:26:29.666+0000] {processor.py:179} INFO - Processing /home/airflow/.local/lib/python3.8/site-packages/airflow/example_dags/example_kubernetes_executor.py took 0.172 seconds
[2023-11-23T02:27:00.504+0000] {processor.py:157} INFO - Started process (PID=244) to work on /home/airflow/.local/lib/python3.8/site-packages/airflow/example_dags/example_kubernetes_executor.py
[2023-11-23T02:27:00.509+0000] {processor.py:829} INFO - Processing file /home/airflow/.local/lib/python3.8/site-packages/airflow/example_dags/example_kubernetes_executor.py for tasks to queue
[2023-11-23T02:27:00.512+0000] {logging_mixin.py:154} INFO - [2023-11-23T02:27:00.512+0000] {dagbag.py:536} INFO - Filling up the DagBag from /home/airflow/.local/lib/python3.8/site-packages/airflow/example_dags/example_kubernetes_executor.py
[2023-11-23T02:27:00.533+0000] {processor.py:839} INFO - DAG(s) dict_keys(['example_kubernetes_executor']) retrieved from /home/airflow/.local/lib/python3.8/site-packages/airflow/example_dags/example_kubernetes_executor.py
[2023-11-23T02:27:00.910+0000] {logging_mixin.py:154} INFO - [2023-11-23T02:27:00.910+0000] {dag.py:2941} INFO - Sync 1 DAGs
[2023-11-23T02:27:00.999+0000] {logging_mixin.py:154} INFO - [2023-11-23T02:27:00.999+0000] {dag.py:3722} INFO - Setting next_dagrun for example_kubernetes_executor to None, run_after=None
[2023-11-23T02:27:01.044+0000] {processor.py:179} INFO - Processing /home/airflow/.local/lib/python3.8/site-packages/airflow/example_dags/example_kubernetes_executor.py took 0.544 seconds
[2023-11-23T02:27:33.525+0000] {processor.py:157} INFO - Started process (PID=298) to work on /home/airflow/.local/lib/python3.8/site-packages/airflow/example_dags/example_kubernetes_executor.py
[2023-11-23T02:27:33.530+0000] {processor.py:829} INFO - Processing file /home/airflow/.local/lib/python3.8/site-packages/airflow/example_dags/example_kubernetes_executor.py for tasks to queue
[2023-11-23T02:27:33.535+0000] {logging_mixin.py:154} INFO - [2023-11-23T02:27:33.534+0000] {dagbag.py:536} INFO - Filling up the DagBag from /home/airflow/.local/lib/python3.8/site-packages/airflow/example_dags/example_kubernetes_executor.py
[2023-11-23T02:27:33.578+0000] {processor.py:839} INFO - DAG(s) dict_keys(['example_kubernetes_executor']) retrieved from /home/airflow/.local/lib/python3.8/site-packages/airflow/example_dags/example_kubernetes_executor.py
[2023-11-23T02:27:33.696+0000] {logging_mixin.py:154} INFO - [2023-11-23T02:27:33.696+0000] {dag.py:2941} INFO - Sync 1 DAGs
[2023-11-23T02:27:33.745+0000] {logging_mixin.py:154} INFO - [2023-11-23T02:27:33.745+0000] {dag.py:3722} INFO - Setting next_dagrun for example_kubernetes_executor to None, run_after=None
[2023-11-23T02:27:33.790+0000] {processor.py:179} INFO - Processing /home/airflow/.local/lib/python3.8/site-packages/airflow/example_dags/example_kubernetes_executor.py took 0.301 seconds
[2023-11-23T02:28:05.400+0000] {processor.py:157} INFO - Started process (PID=354) to work on /home/airflow/.local/lib/python3.8/site-packages/airflow/example_dags/example_kubernetes_executor.py
[2023-11-23T02:28:05.409+0000] {processor.py:829} INFO - Processing file /home/airflow/.local/lib/python3.8/site-packages/airflow/example_dags/example_kubernetes_executor.py for tasks to queue
[2023-11-23T02:28:05.414+0000] {logging_mixin.py:154} INFO - [2023-11-23T02:28:05.413+0000] {dagbag.py:536} INFO - Filling up the DagBag from /home/airflow/.local/lib/python3.8/site-packages/airflow/example_dags/example_kubernetes_executor.py
[2023-11-23T02:28:05.461+0000] {processor.py:839} INFO - DAG(s) dict_keys(['example_kubernetes_executor']) retrieved from /home/airflow/.local/lib/python3.8/site-packages/airflow/example_dags/example_kubernetes_executor.py
[2023-11-23T02:28:05.572+0000] {logging_mixin.py:154} INFO - [2023-11-23T02:28:05.571+0000] {dag.py:2941} INFO - Sync 1 DAGs
[2023-11-23T02:28:05.598+0000] {logging_mixin.py:154} INFO - [2023-11-23T02:28:05.597+0000] {dag.py:3722} INFO - Setting next_dagrun for example_kubernetes_executor to None, run_after=None
[2023-11-23T02:28:05.623+0000] {processor.py:179} INFO - Processing /home/airflow/.local/lib/python3.8/site-packages/airflow/example_dags/example_kubernetes_executor.py took 0.228 seconds
[2023-11-23T02:28:36.115+0000] {processor.py:157} INFO - Started process (PID=407) to work on /home/airflow/.local/lib/python3.8/site-packages/airflow/example_dags/example_kubernetes_executor.py
[2023-11-23T02:28:36.126+0000] {processor.py:829} INFO - Processing file /home/airflow/.local/lib/python3.8/site-packages/airflow/example_dags/example_kubernetes_executor.py for tasks to queue
[2023-11-23T02:28:36.129+0000] {logging_mixin.py:154} INFO - [2023-11-23T02:28:36.129+0000] {dagbag.py:536} INFO - Filling up the DagBag from /home/airflow/.local/lib/python3.8/site-packages/airflow/example_dags/example_kubernetes_executor.py
[2023-11-23T02:28:36.160+0000] {processor.py:839} INFO - DAG(s) dict_keys(['example_kubernetes_executor']) retrieved from /home/airflow/.local/lib/python3.8/site-packages/airflow/example_dags/example_kubernetes_executor.py
[2023-11-23T02:28:36.261+0000] {logging_mixin.py:154} INFO - [2023-11-23T02:28:36.261+0000] {dag.py:2941} INFO - Sync 1 DAGs
[2023-11-23T02:28:36.290+0000] {logging_mixin.py:154} INFO - [2023-11-23T02:28:36.290+0000] {dag.py:3722} INFO - Setting next_dagrun for example_kubernetes_executor to None, run_after=None
[2023-11-23T02:28:36.332+0000] {processor.py:179} INFO - Processing /home/airflow/.local/lib/python3.8/site-packages/airflow/example_dags/example_kubernetes_executor.py took 0.221 seconds
[2023-11-23T02:29:06.795+0000] {processor.py:157} INFO - Started process (PID=460) to work on /home/airflow/.local/lib/python3.8/site-packages/airflow/example_dags/example_kubernetes_executor.py
[2023-11-23T02:29:06.796+0000] {processor.py:829} INFO - Processing file /home/airflow/.local/lib/python3.8/site-packages/airflow/example_dags/example_kubernetes_executor.py for tasks to queue
[2023-11-23T02:29:06.805+0000] {logging_mixin.py:154} INFO - [2023-11-23T02:29:06.805+0000] {dagbag.py:536} INFO - Filling up the DagBag from /home/airflow/.local/lib/python3.8/site-packages/airflow/example_dags/example_kubernetes_executor.py
[2023-11-23T02:29:06.859+0000] {processor.py:839} INFO - DAG(s) dict_keys(['example_kubernetes_executor']) retrieved from /home/airflow/.local/lib/python3.8/site-packages/airflow/example_dags/example_kubernetes_executor.py
[2023-11-23T02:29:06.933+0000] {logging_mixin.py:154} INFO - [2023-11-23T02:29:06.933+0000] {dag.py:2941} INFO - Sync 1 DAGs
[2023-11-23T02:29:06.950+0000] {logging_mixin.py:154} INFO - [2023-11-23T02:29:06.949+0000] {dag.py:3722} INFO - Setting next_dagrun for example_kubernetes_executor to None, run_after=None
[2023-11-23T02:29:06.991+0000] {processor.py:179} INFO - Processing /home/airflow/.local/lib/python3.8/site-packages/airflow/example_dags/example_kubernetes_executor.py took 0.209 seconds
[2023-11-23T02:29:38.184+0000] {processor.py:157} INFO - Started process (PID=517) to work on /home/airflow/.local/lib/python3.8/site-packages/airflow/example_dags/example_kubernetes_executor.py
[2023-11-23T02:29:38.186+0000] {processor.py:829} INFO - Processing file /home/airflow/.local/lib/python3.8/site-packages/airflow/example_dags/example_kubernetes_executor.py for tasks to queue
[2023-11-23T02:29:38.189+0000] {logging_mixin.py:154} INFO - [2023-11-23T02:29:38.188+0000] {dagbag.py:536} INFO - Filling up the DagBag from /home/airflow/.local/lib/python3.8/site-packages/airflow/example_dags/example_kubernetes_executor.py
[2023-11-23T02:29:38.210+0000] {processor.py:839} INFO - DAG(s) dict_keys(['example_kubernetes_executor']) retrieved from /home/airflow/.local/lib/python3.8/site-packages/airflow/example_dags/example_kubernetes_executor.py
[2023-11-23T02:29:38.262+0000] {logging_mixin.py:154} INFO - [2023-11-23T02:29:38.261+0000] {dag.py:2941} INFO - Sync 1 DAGs
[2023-11-23T02:29:38.277+0000] {logging_mixin.py:154} INFO - [2023-11-23T02:29:38.277+0000] {dag.py:3722} INFO - Setting next_dagrun for example_kubernetes_executor to None, run_after=None
[2023-11-23T02:29:38.314+0000] {processor.py:179} INFO - Processing /home/airflow/.local/lib/python3.8/site-packages/airflow/example_dags/example_kubernetes_executor.py took 0.134 seconds
[2023-11-23T02:30:09.187+0000] {processor.py:157} INFO - Started process (PID=571) to work on /home/airflow/.local/lib/python3.8/site-packages/airflow/example_dags/example_kubernetes_executor.py
[2023-11-23T02:30:09.189+0000] {processor.py:829} INFO - Processing file /home/airflow/.local/lib/python3.8/site-packages/airflow/example_dags/example_kubernetes_executor.py for tasks to queue
[2023-11-23T02:30:09.194+0000] {logging_mixin.py:154} INFO - [2023-11-23T02:30:09.194+0000] {dagbag.py:536} INFO - Filling up the DagBag from /home/airflow/.local/lib/python3.8/site-packages/airflow/example_dags/example_kubernetes_executor.py
[2023-11-23T02:30:09.227+0000] {processor.py:839} INFO - DAG(s) dict_keys(['example_kubernetes_executor']) retrieved from /home/airflow/.local/lib/python3.8/site-packages/airflow/example_dags/example_kubernetes_executor.py
[2023-11-23T02:30:09.329+0000] {logging_mixin.py:154} INFO - [2023-11-23T02:30:09.326+0000] {dag.py:2941} INFO - Sync 1 DAGs
[2023-11-23T02:30:09.370+0000] {logging_mixin.py:154} INFO - [2023-11-23T02:30:09.370+0000] {dag.py:3722} INFO - Setting next_dagrun for example_kubernetes_executor to None, run_after=None
[2023-11-23T02:30:09.428+0000] {processor.py:179} INFO - Processing /home/airflow/.local/lib/python3.8/site-packages/airflow/example_dags/example_kubernetes_executor.py took 0.249 seconds
[2023-11-23T02:30:40.080+0000] {processor.py:157} INFO - Started process (PID=624) to work on /home/airflow/.local/lib/python3.8/site-packages/airflow/example_dags/example_kubernetes_executor.py
[2023-11-23T02:30:40.082+0000] {processor.py:829} INFO - Processing file /home/airflow/.local/lib/python3.8/site-packages/airflow/example_dags/example_kubernetes_executor.py for tasks to queue
[2023-11-23T02:30:40.085+0000] {logging_mixin.py:154} INFO - [2023-11-23T02:30:40.085+0000] {dagbag.py:536} INFO - Filling up the DagBag from /home/airflow/.local/lib/python3.8/site-packages/airflow/example_dags/example_kubernetes_executor.py
[2023-11-23T02:30:40.121+0000] {processor.py:839} INFO - DAG(s) dict_keys(['example_kubernetes_executor']) retrieved from /home/airflow/.local/lib/python3.8/site-packages/airflow/example_dags/example_kubernetes_executor.py
[2023-11-23T02:30:40.208+0000] {logging_mixin.py:154} INFO - [2023-11-23T02:30:40.208+0000] {dag.py:2941} INFO - Sync 1 DAGs
[2023-11-23T02:30:40.242+0000] {logging_mixin.py:154} INFO - [2023-11-23T02:30:40.241+0000] {dag.py:3722} INFO - Setting next_dagrun for example_kubernetes_executor to None, run_after=None
[2023-11-23T02:30:40.300+0000] {processor.py:179} INFO - Processing /home/airflow/.local/lib/python3.8/site-packages/airflow/example_dags/example_kubernetes_executor.py took 0.225 seconds
[2023-11-23T02:31:11.283+0000] {processor.py:157} INFO - Started process (PID=678) to work on /home/airflow/.local/lib/python3.8/site-packages/airflow/example_dags/example_kubernetes_executor.py
[2023-11-23T02:31:11.287+0000] {processor.py:829} INFO - Processing file /home/airflow/.local/lib/python3.8/site-packages/airflow/example_dags/example_kubernetes_executor.py for tasks to queue
[2023-11-23T02:31:11.296+0000] {logging_mixin.py:154} INFO - [2023-11-23T02:31:11.296+0000] {dagbag.py:536} INFO - Filling up the DagBag from /home/airflow/.local/lib/python3.8/site-packages/airflow/example_dags/example_kubernetes_executor.py
[2023-11-23T02:31:11.469+0000] {processor.py:839} INFO - DAG(s) dict_keys(['example_kubernetes_executor']) retrieved from /home/airflow/.local/lib/python3.8/site-packages/airflow/example_dags/example_kubernetes_executor.py
[2023-11-23T02:31:11.749+0000] {logging_mixin.py:154} INFO - [2023-11-23T02:31:11.747+0000] {dag.py:2941} INFO - Sync 1 DAGs
[2023-11-23T02:31:11.788+0000] {logging_mixin.py:154} INFO - [2023-11-23T02:31:11.788+0000] {dag.py:3722} INFO - Setting next_dagrun for example_kubernetes_executor to None, run_after=None
[2023-11-23T02:31:11.893+0000] {processor.py:179} INFO - Processing /home/airflow/.local/lib/python3.8/site-packages/airflow/example_dags/example_kubernetes_executor.py took 0.620 seconds
[2023-11-23T02:31:42.256+0000] {processor.py:157} INFO - Started process (PID=732) to work on /home/airflow/.local/lib/python3.8/site-packages/airflow/example_dags/example_kubernetes_executor.py
[2023-11-23T02:31:42.258+0000] {processor.py:829} INFO - Processing file /home/airflow/.local/lib/python3.8/site-packages/airflow/example_dags/example_kubernetes_executor.py for tasks to queue
[2023-11-23T02:31:42.261+0000] {logging_mixin.py:154} INFO - [2023-11-23T02:31:42.261+0000] {dagbag.py:536} INFO - Filling up the DagBag from /home/airflow/.local/lib/python3.8/site-packages/airflow/example_dags/example_kubernetes_executor.py
[2023-11-23T02:31:42.280+0000] {processor.py:839} INFO - DAG(s) dict_keys(['example_kubernetes_executor']) retrieved from /home/airflow/.local/lib/python3.8/site-packages/airflow/example_dags/example_kubernetes_executor.py
[2023-11-23T02:31:42.339+0000] {logging_mixin.py:154} INFO - [2023-11-23T02:31:42.339+0000] {dag.py:2941} INFO - Sync 1 DAGs
[2023-11-23T02:31:42.356+0000] {logging_mixin.py:154} INFO - [2023-11-23T02:31:42.356+0000] {dag.py:3722} INFO - Setting next_dagrun for example_kubernetes_executor to None, run_after=None
[2023-11-23T02:31:42.381+0000] {processor.py:179} INFO - Processing /home/airflow/.local/lib/python3.8/site-packages/airflow/example_dags/example_kubernetes_executor.py took 0.130 seconds
[2023-11-23T03:44:25.312+0000] {processor.py:157} INFO - Started process (PID=87) to work on /home/airflow/.local/lib/python3.8/site-packages/airflow/example_dags/example_kubernetes_executor.py
[2023-11-23T03:44:25.314+0000] {processor.py:829} INFO - Processing file /home/airflow/.local/lib/python3.8/site-packages/airflow/example_dags/example_kubernetes_executor.py for tasks to queue
[2023-11-23T03:44:25.326+0000] {logging_mixin.py:154} INFO - [2023-11-23T03:44:25.323+0000] {dagbag.py:536} INFO - Filling up the DagBag from /home/airflow/.local/lib/python3.8/site-packages/airflow/example_dags/example_kubernetes_executor.py
[2023-11-23T03:44:25.374+0000] {processor.py:839} INFO - DAG(s) dict_keys(['example_kubernetes_executor']) retrieved from /home/airflow/.local/lib/python3.8/site-packages/airflow/example_dags/example_kubernetes_executor.py
[2023-11-23T03:44:25.463+0000] {logging_mixin.py:154} INFO - [2023-11-23T03:44:25.463+0000] {dag.py:2941} INFO - Sync 1 DAGs
[2023-11-23T03:44:25.536+0000] {logging_mixin.py:154} INFO - [2023-11-23T03:44:25.536+0000] {dag.py:3722} INFO - Setting next_dagrun for example_kubernetes_executor to None, run_after=None
[2023-11-23T03:44:25.701+0000] {processor.py:179} INFO - Processing /home/airflow/.local/lib/python3.8/site-packages/airflow/example_dags/example_kubernetes_executor.py took 0.395 seconds
[2023-11-23T03:44:55.921+0000] {processor.py:157} INFO - Started process (PID=141) to work on /home/airflow/.local/lib/python3.8/site-packages/airflow/example_dags/example_kubernetes_executor.py
[2023-11-23T03:44:55.927+0000] {processor.py:829} INFO - Processing file /home/airflow/.local/lib/python3.8/site-packages/airflow/example_dags/example_kubernetes_executor.py for tasks to queue
[2023-11-23T03:44:55.930+0000] {logging_mixin.py:154} INFO - [2023-11-23T03:44:55.930+0000] {dagbag.py:536} INFO - Filling up the DagBag from /home/airflow/.local/lib/python3.8/site-packages/airflow/example_dags/example_kubernetes_executor.py
[2023-11-23T03:44:55.972+0000] {processor.py:839} INFO - DAG(s) dict_keys(['example_kubernetes_executor']) retrieved from /home/airflow/.local/lib/python3.8/site-packages/airflow/example_dags/example_kubernetes_executor.py
[2023-11-23T03:44:56.055+0000] {logging_mixin.py:154} INFO - [2023-11-23T03:44:56.055+0000] {dag.py:2941} INFO - Sync 1 DAGs
[2023-11-23T03:44:56.082+0000] {logging_mixin.py:154} INFO - [2023-11-23T03:44:56.082+0000] {dag.py:3722} INFO - Setting next_dagrun for example_kubernetes_executor to None, run_after=None
[2023-11-23T03:44:56.123+0000] {processor.py:179} INFO - Processing /home/airflow/.local/lib/python3.8/site-packages/airflow/example_dags/example_kubernetes_executor.py took 0.209 seconds
[2023-11-23T04:15:44.119+0000] {processor.py:157} INFO - Started process (PID=206) to work on /home/airflow/.local/lib/python3.8/site-packages/airflow/example_dags/example_kubernetes_executor.py
[2023-11-23T04:15:44.126+0000] {processor.py:829} INFO - Processing file /home/airflow/.local/lib/python3.8/site-packages/airflow/example_dags/example_kubernetes_executor.py for tasks to queue
[2023-11-23T04:15:44.133+0000] {logging_mixin.py:154} INFO - [2023-11-23T04:15:44.132+0000] {dagbag.py:536} INFO - Filling up the DagBag from /home/airflow/.local/lib/python3.8/site-packages/airflow/example_dags/example_kubernetes_executor.py
[2023-11-23T04:15:44.172+0000] {processor.py:839} INFO - DAG(s) dict_keys(['example_kubernetes_executor']) retrieved from /home/airflow/.local/lib/python3.8/site-packages/airflow/example_dags/example_kubernetes_executor.py
[2023-11-23T04:15:44.281+0000] {logging_mixin.py:154} INFO - [2023-11-23T04:15:44.281+0000] {dag.py:2941} INFO - Sync 1 DAGs
[2023-11-23T04:15:44.316+0000] {logging_mixin.py:154} INFO - [2023-11-23T04:15:44.316+0000] {dag.py:3722} INFO - Setting next_dagrun for example_kubernetes_executor to None, run_after=None
[2023-11-23T04:15:44.353+0000] {processor.py:179} INFO - Processing /home/airflow/.local/lib/python3.8/site-packages/airflow/example_dags/example_kubernetes_executor.py took 0.240 seconds
[2023-11-23T04:16:15.200+0000] {processor.py:157} INFO - Started process (PID=259) to work on /home/airflow/.local/lib/python3.8/site-packages/airflow/example_dags/example_kubernetes_executor.py
[2023-11-23T04:16:15.202+0000] {processor.py:829} INFO - Processing file /home/airflow/.local/lib/python3.8/site-packages/airflow/example_dags/example_kubernetes_executor.py for tasks to queue
[2023-11-23T04:16:15.206+0000] {logging_mixin.py:154} INFO - [2023-11-23T04:16:15.205+0000] {dagbag.py:536} INFO - Filling up the DagBag from /home/airflow/.local/lib/python3.8/site-packages/airflow/example_dags/example_kubernetes_executor.py
[2023-11-23T04:16:15.227+0000] {processor.py:839} INFO - DAG(s) dict_keys(['example_kubernetes_executor']) retrieved from /home/airflow/.local/lib/python3.8/site-packages/airflow/example_dags/example_kubernetes_executor.py
[2023-11-23T04:16:15.285+0000] {logging_mixin.py:154} INFO - [2023-11-23T04:16:15.284+0000] {dag.py:2941} INFO - Sync 1 DAGs
[2023-11-23T04:16:15.299+0000] {logging_mixin.py:154} INFO - [2023-11-23T04:16:15.299+0000] {dag.py:3722} INFO - Setting next_dagrun for example_kubernetes_executor to None, run_after=None
[2023-11-23T04:16:15.328+0000] {processor.py:179} INFO - Processing /home/airflow/.local/lib/python3.8/site-packages/airflow/example_dags/example_kubernetes_executor.py took 0.134 seconds
[2023-11-23T04:16:45.771+0000] {processor.py:157} INFO - Started process (PID=313) to work on /home/airflow/.local/lib/python3.8/site-packages/airflow/example_dags/example_kubernetes_executor.py
[2023-11-23T04:16:45.773+0000] {processor.py:829} INFO - Processing file /home/airflow/.local/lib/python3.8/site-packages/airflow/example_dags/example_kubernetes_executor.py for tasks to queue
[2023-11-23T04:16:45.779+0000] {logging_mixin.py:154} INFO - [2023-11-23T04:16:45.778+0000] {dagbag.py:536} INFO - Filling up the DagBag from /home/airflow/.local/lib/python3.8/site-packages/airflow/example_dags/example_kubernetes_executor.py
[2023-11-23T04:16:45.828+0000] {processor.py:839} INFO - DAG(s) dict_keys(['example_kubernetes_executor']) retrieved from /home/airflow/.local/lib/python3.8/site-packages/airflow/example_dags/example_kubernetes_executor.py
[2023-11-23T04:16:45.897+0000] {logging_mixin.py:154} INFO - [2023-11-23T04:16:45.896+0000] {dag.py:2941} INFO - Sync 1 DAGs
[2023-11-23T04:16:45.919+0000] {logging_mixin.py:154} INFO - [2023-11-23T04:16:45.919+0000] {dag.py:3722} INFO - Setting next_dagrun for example_kubernetes_executor to None, run_after=None
[2023-11-23T04:16:45.951+0000] {processor.py:179} INFO - Processing /home/airflow/.local/lib/python3.8/site-packages/airflow/example_dags/example_kubernetes_executor.py took 0.185 seconds
[2023-11-23T04:17:16.283+0000] {processor.py:157} INFO - Started process (PID=367) to work on /home/airflow/.local/lib/python3.8/site-packages/airflow/example_dags/example_kubernetes_executor.py
[2023-11-23T04:17:16.285+0000] {processor.py:829} INFO - Processing file /home/airflow/.local/lib/python3.8/site-packages/airflow/example_dags/example_kubernetes_executor.py for tasks to queue
[2023-11-23T04:17:16.288+0000] {logging_mixin.py:154} INFO - [2023-11-23T04:17:16.287+0000] {dagbag.py:536} INFO - Filling up the DagBag from /home/airflow/.local/lib/python3.8/site-packages/airflow/example_dags/example_kubernetes_executor.py
[2023-11-23T04:17:16.324+0000] {processor.py:839} INFO - DAG(s) dict_keys(['example_kubernetes_executor']) retrieved from /home/airflow/.local/lib/python3.8/site-packages/airflow/example_dags/example_kubernetes_executor.py
[2023-11-23T04:17:16.493+0000] {logging_mixin.py:154} INFO - [2023-11-23T04:17:16.493+0000] {dag.py:2941} INFO - Sync 1 DAGs
[2023-11-23T04:17:16.530+0000] {logging_mixin.py:154} INFO - [2023-11-23T04:17:16.530+0000] {dag.py:3722} INFO - Setting next_dagrun for example_kubernetes_executor to None, run_after=None
[2023-11-23T04:17:16.576+0000] {processor.py:179} INFO - Processing /home/airflow/.local/lib/python3.8/site-packages/airflow/example_dags/example_kubernetes_executor.py took 0.299 seconds
[2023-11-23T04:17:47.497+0000] {processor.py:157} INFO - Started process (PID=427) to work on /home/airflow/.local/lib/python3.8/site-packages/airflow/example_dags/example_kubernetes_executor.py
[2023-11-23T04:17:47.499+0000] {processor.py:829} INFO - Processing file /home/airflow/.local/lib/python3.8/site-packages/airflow/example_dags/example_kubernetes_executor.py for tasks to queue
[2023-11-23T04:17:47.512+0000] {logging_mixin.py:154} INFO - [2023-11-23T04:17:47.512+0000] {dagbag.py:536} INFO - Filling up the DagBag from /home/airflow/.local/lib/python3.8/site-packages/airflow/example_dags/example_kubernetes_executor.py
[2023-11-23T04:17:47.532+0000] {processor.py:839} INFO - DAG(s) dict_keys(['example_kubernetes_executor']) retrieved from /home/airflow/.local/lib/python3.8/site-packages/airflow/example_dags/example_kubernetes_executor.py
[2023-11-23T04:17:47.626+0000] {logging_mixin.py:154} INFO - [2023-11-23T04:17:47.625+0000] {dag.py:2941} INFO - Sync 1 DAGs
[2023-11-23T04:17:47.651+0000] {logging_mixin.py:154} INFO - [2023-11-23T04:17:47.650+0000] {dag.py:3722} INFO - Setting next_dagrun for example_kubernetes_executor to None, run_after=None
[2023-11-23T04:17:47.683+0000] {processor.py:179} INFO - Processing /home/airflow/.local/lib/python3.8/site-packages/airflow/example_dags/example_kubernetes_executor.py took 0.191 seconds
[2023-11-23T04:18:18.695+0000] {processor.py:157} INFO - Started process (PID=481) to work on /home/airflow/.local/lib/python3.8/site-packages/airflow/example_dags/example_kubernetes_executor.py
[2023-11-23T04:18:18.697+0000] {processor.py:829} INFO - Processing file /home/airflow/.local/lib/python3.8/site-packages/airflow/example_dags/example_kubernetes_executor.py for tasks to queue
[2023-11-23T04:18:18.700+0000] {logging_mixin.py:154} INFO - [2023-11-23T04:18:18.700+0000] {dagbag.py:536} INFO - Filling up the DagBag from /home/airflow/.local/lib/python3.8/site-packages/airflow/example_dags/example_kubernetes_executor.py
[2023-11-23T04:18:18.728+0000] {processor.py:839} INFO - DAG(s) dict_keys(['example_kubernetes_executor']) retrieved from /home/airflow/.local/lib/python3.8/site-packages/airflow/example_dags/example_kubernetes_executor.py
[2023-11-23T04:18:18.797+0000] {logging_mixin.py:154} INFO - [2023-11-23T04:18:18.796+0000] {dag.py:2941} INFO - Sync 1 DAGs
[2023-11-23T04:18:18.829+0000] {logging_mixin.py:154} INFO - [2023-11-23T04:18:18.828+0000] {dag.py:3722} INFO - Setting next_dagrun for example_kubernetes_executor to None, run_after=None
[2023-11-23T04:18:18.858+0000] {processor.py:179} INFO - Processing /home/airflow/.local/lib/python3.8/site-packages/airflow/example_dags/example_kubernetes_executor.py took 0.169 seconds
[2023-11-23T04:18:51.185+0000] {processor.py:157} INFO - Started process (PID=535) to work on /home/airflow/.local/lib/python3.8/site-packages/airflow/example_dags/example_kubernetes_executor.py
[2023-11-23T04:18:51.187+0000] {processor.py:829} INFO - Processing file /home/airflow/.local/lib/python3.8/site-packages/airflow/example_dags/example_kubernetes_executor.py for tasks to queue
[2023-11-23T04:18:51.193+0000] {logging_mixin.py:154} INFO - [2023-11-23T04:18:51.192+0000] {dagbag.py:536} INFO - Filling up the DagBag from /home/airflow/.local/lib/python3.8/site-packages/airflow/example_dags/example_kubernetes_executor.py
[2023-11-23T04:18:51.245+0000] {processor.py:839} INFO - DAG(s) dict_keys(['example_kubernetes_executor']) retrieved from /home/airflow/.local/lib/python3.8/site-packages/airflow/example_dags/example_kubernetes_executor.py
[2023-11-23T04:18:51.324+0000] {logging_mixin.py:154} INFO - [2023-11-23T04:18:51.324+0000] {dag.py:2941} INFO - Sync 1 DAGs
[2023-11-23T04:18:51.344+0000] {logging_mixin.py:154} INFO - [2023-11-23T04:18:51.343+0000] {dag.py:3722} INFO - Setting next_dagrun for example_kubernetes_executor to None, run_after=None
[2023-11-23T04:18:51.376+0000] {processor.py:179} INFO - Processing /home/airflow/.local/lib/python3.8/site-packages/airflow/example_dags/example_kubernetes_executor.py took 0.197 seconds
[2023-11-23T04:19:23.333+0000] {processor.py:157} INFO - Started process (PID=589) to work on /home/airflow/.local/lib/python3.8/site-packages/airflow/example_dags/example_kubernetes_executor.py
[2023-11-23T04:19:23.334+0000] {processor.py:829} INFO - Processing file /home/airflow/.local/lib/python3.8/site-packages/airflow/example_dags/example_kubernetes_executor.py for tasks to queue
[2023-11-23T04:19:23.339+0000] {logging_mixin.py:154} INFO - [2023-11-23T04:19:23.339+0000] {dagbag.py:536} INFO - Filling up the DagBag from /home/airflow/.local/lib/python3.8/site-packages/airflow/example_dags/example_kubernetes_executor.py
[2023-11-23T04:19:23.372+0000] {processor.py:839} INFO - DAG(s) dict_keys(['example_kubernetes_executor']) retrieved from /home/airflow/.local/lib/python3.8/site-packages/airflow/example_dags/example_kubernetes_executor.py
[2023-11-23T04:19:23.477+0000] {logging_mixin.py:154} INFO - [2023-11-23T04:19:23.475+0000] {dag.py:2941} INFO - Sync 1 DAGs
[2023-11-23T04:19:23.534+0000] {logging_mixin.py:154} INFO - [2023-11-23T04:19:23.534+0000] {dag.py:3722} INFO - Setting next_dagrun for example_kubernetes_executor to None, run_after=None
[2023-11-23T04:19:23.589+0000] {processor.py:179} INFO - Processing /home/airflow/.local/lib/python3.8/site-packages/airflow/example_dags/example_kubernetes_executor.py took 0.262 seconds
[2023-11-23T04:19:55.266+0000] {processor.py:157} INFO - Started process (PID=643) to work on /home/airflow/.local/lib/python3.8/site-packages/airflow/example_dags/example_kubernetes_executor.py
[2023-11-23T04:19:55.273+0000] {processor.py:829} INFO - Processing file /home/airflow/.local/lib/python3.8/site-packages/airflow/example_dags/example_kubernetes_executor.py for tasks to queue
[2023-11-23T04:19:55.286+0000] {logging_mixin.py:154} INFO - [2023-11-23T04:19:55.284+0000] {dagbag.py:536} INFO - Filling up the DagBag from /home/airflow/.local/lib/python3.8/site-packages/airflow/example_dags/example_kubernetes_executor.py
[2023-11-23T04:19:55.374+0000] {processor.py:839} INFO - DAG(s) dict_keys(['example_kubernetes_executor']) retrieved from /home/airflow/.local/lib/python3.8/site-packages/airflow/example_dags/example_kubernetes_executor.py
[2023-11-23T04:19:55.608+0000] {logging_mixin.py:154} INFO - [2023-11-23T04:19:55.608+0000] {dag.py:2941} INFO - Sync 1 DAGs
[2023-11-23T04:19:55.666+0000] {logging_mixin.py:154} INFO - [2023-11-23T04:19:55.665+0000] {dag.py:3722} INFO - Setting next_dagrun for example_kubernetes_executor to None, run_after=None
[2023-11-23T04:19:55.745+0000] {processor.py:179} INFO - Processing /home/airflow/.local/lib/python3.8/site-packages/airflow/example_dags/example_kubernetes_executor.py took 0.497 seconds
[2023-11-23T04:20:26.313+0000] {processor.py:157} INFO - Started process (PID=696) to work on /home/airflow/.local/lib/python3.8/site-packages/airflow/example_dags/example_kubernetes_executor.py
[2023-11-23T04:20:26.316+0000] {processor.py:829} INFO - Processing file /home/airflow/.local/lib/python3.8/site-packages/airflow/example_dags/example_kubernetes_executor.py for tasks to queue
[2023-11-23T04:20:26.322+0000] {logging_mixin.py:154} INFO - [2023-11-23T04:20:26.321+0000] {dagbag.py:536} INFO - Filling up the DagBag from /home/airflow/.local/lib/python3.8/site-packages/airflow/example_dags/example_kubernetes_executor.py
[2023-11-23T04:20:26.350+0000] {processor.py:839} INFO - DAG(s) dict_keys(['example_kubernetes_executor']) retrieved from /home/airflow/.local/lib/python3.8/site-packages/airflow/example_dags/example_kubernetes_executor.py
[2023-11-23T04:20:26.438+0000] {logging_mixin.py:154} INFO - [2023-11-23T04:20:26.438+0000] {dag.py:2941} INFO - Sync 1 DAGs
[2023-11-23T04:20:26.468+0000] {logging_mixin.py:154} INFO - [2023-11-23T04:20:26.467+0000] {dag.py:3722} INFO - Setting next_dagrun for example_kubernetes_executor to None, run_after=None
[2023-11-23T04:20:26.501+0000] {processor.py:179} INFO - Processing /home/airflow/.local/lib/python3.8/site-packages/airflow/example_dags/example_kubernetes_executor.py took 0.197 seconds
[2023-11-23T04:20:57.534+0000] {processor.py:157} INFO - Started process (PID=750) to work on /home/airflow/.local/lib/python3.8/site-packages/airflow/example_dags/example_kubernetes_executor.py
[2023-11-23T04:20:57.536+0000] {processor.py:829} INFO - Processing file /home/airflow/.local/lib/python3.8/site-packages/airflow/example_dags/example_kubernetes_executor.py for tasks to queue
[2023-11-23T04:20:57.544+0000] {logging_mixin.py:154} INFO - [2023-11-23T04:20:57.543+0000] {dagbag.py:536} INFO - Filling up the DagBag from /home/airflow/.local/lib/python3.8/site-packages/airflow/example_dags/example_kubernetes_executor.py
[2023-11-23T04:20:57.622+0000] {processor.py:839} INFO - DAG(s) dict_keys(['example_kubernetes_executor']) retrieved from /home/airflow/.local/lib/python3.8/site-packages/airflow/example_dags/example_kubernetes_executor.py
[2023-11-23T04:20:57.731+0000] {logging_mixin.py:154} INFO - [2023-11-23T04:20:57.730+0000] {dag.py:2941} INFO - Sync 1 DAGs
[2023-11-23T04:20:57.762+0000] {logging_mixin.py:154} INFO - [2023-11-23T04:20:57.761+0000] {dag.py:3722} INFO - Setting next_dagrun for example_kubernetes_executor to None, run_after=None
[2023-11-23T04:20:57.792+0000] {processor.py:179} INFO - Processing /home/airflow/.local/lib/python3.8/site-packages/airflow/example_dags/example_kubernetes_executor.py took 0.270 seconds
[2023-11-23T04:21:35.169+0000] {processor.py:157} INFO - Started process (PID=804) to work on /home/airflow/.local/lib/python3.8/site-packages/airflow/example_dags/example_kubernetes_executor.py
[2023-11-23T04:21:35.171+0000] {processor.py:829} INFO - Processing file /home/airflow/.local/lib/python3.8/site-packages/airflow/example_dags/example_kubernetes_executor.py for tasks to queue
[2023-11-23T04:21:35.183+0000] {logging_mixin.py:154} INFO - [2023-11-23T04:21:35.183+0000] {dagbag.py:536} INFO - Filling up the DagBag from /home/airflow/.local/lib/python3.8/site-packages/airflow/example_dags/example_kubernetes_executor.py
[2023-11-23T04:21:35.239+0000] {processor.py:839} INFO - DAG(s) dict_keys(['example_kubernetes_executor']) retrieved from /home/airflow/.local/lib/python3.8/site-packages/airflow/example_dags/example_kubernetes_executor.py
[2023-11-23T04:21:35.331+0000] {logging_mixin.py:154} INFO - [2023-11-23T04:21:35.331+0000] {dag.py:2941} INFO - Sync 1 DAGs
[2023-11-23T04:21:35.367+0000] {logging_mixin.py:154} INFO - [2023-11-23T04:21:35.365+0000] {dag.py:3722} INFO - Setting next_dagrun for example_kubernetes_executor to None, run_after=None
[2023-11-23T04:21:35.447+0000] {processor.py:179} INFO - Processing /home/airflow/.local/lib/python3.8/site-packages/airflow/example_dags/example_kubernetes_executor.py took 0.297 seconds
[2023-11-23T04:22:11.748+0000] {processor.py:157} INFO - Started process (PID=858) to work on /home/airflow/.local/lib/python3.8/site-packages/airflow/example_dags/example_kubernetes_executor.py
[2023-11-23T04:22:11.753+0000] {processor.py:829} INFO - Processing file /home/airflow/.local/lib/python3.8/site-packages/airflow/example_dags/example_kubernetes_executor.py for tasks to queue
[2023-11-23T04:22:11.778+0000] {logging_mixin.py:154} INFO - [2023-11-23T04:22:11.778+0000] {dagbag.py:536} INFO - Filling up the DagBag from /home/airflow/.local/lib/python3.8/site-packages/airflow/example_dags/example_kubernetes_executor.py
[2023-11-23T04:22:12.143+0000] {processor.py:839} INFO - DAG(s) dict_keys(['example_kubernetes_executor']) retrieved from /home/airflow/.local/lib/python3.8/site-packages/airflow/example_dags/example_kubernetes_executor.py
[2023-11-23T04:22:12.516+0000] {logging_mixin.py:154} INFO - [2023-11-23T04:22:12.515+0000] {dag.py:2941} INFO - Sync 1 DAGs
[2023-11-23T04:22:12.578+0000] {logging_mixin.py:154} INFO - [2023-11-23T04:22:12.578+0000] {dag.py:3722} INFO - Setting next_dagrun for example_kubernetes_executor to None, run_after=None
[2023-11-23T04:22:12.656+0000] {processor.py:179} INFO - Processing /home/airflow/.local/lib/python3.8/site-packages/airflow/example_dags/example_kubernetes_executor.py took 0.927 seconds
