[2023-11-23T02:25:05.631+0000] {processor.py:157} INFO - Started process (PID=49) to work on /home/airflow/.local/lib/python3.8/site-packages/airflow/example_dags/example_latest_only_with_trigger.py
[2023-11-23T02:25:05.634+0000] {processor.py:829} INFO - Processing file /home/airflow/.local/lib/python3.8/site-packages/airflow/example_dags/example_latest_only_with_trigger.py for tasks to queue
[2023-11-23T02:25:05.641+0000] {logging_mixin.py:154} INFO - [2023-11-23T02:25:05.640+0000] {dagbag.py:536} INFO - Filling up the DagBag from /home/airflow/.local/lib/python3.8/site-packages/airflow/example_dags/example_latest_only_with_trigger.py
[2023-11-23T02:25:05.663+0000] {processor.py:839} INFO - DAG(s) dict_keys(['latest_only_with_trigger']) retrieved from /home/airflow/.local/lib/python3.8/site-packages/airflow/example_dags/example_latest_only_with_trigger.py
[2023-11-23T02:25:06.323+0000] {logging_mixin.py:154} INFO - [2023-11-23T02:25:06.306+0000] {manager.py:499} INFO - Created Permission View: %s
[2023-11-23T02:25:06.369+0000] {logging_mixin.py:154} INFO - [2023-11-23T02:25:06.369+0000] {manager.py:499} INFO - Created Permission View: %s
[2023-11-23T02:25:06.386+0000] {logging_mixin.py:154} INFO - [2023-11-23T02:25:06.386+0000] {manager.py:499} INFO - Created Permission View: %s
[2023-11-23T02:25:06.387+0000] {logging_mixin.py:154} INFO - [2023-11-23T02:25:06.387+0000] {dag.py:2941} INFO - Sync 1 DAGs
[2023-11-23T02:25:06.443+0000] {logging_mixin.py:154} INFO - [2023-11-23T02:25:06.443+0000] {dag.py:2963} INFO - Creating ORM DAG for latest_only_with_trigger
[2023-11-23T02:25:06.477+0000] {logging_mixin.py:154} INFO - [2023-11-23T02:25:06.476+0000] {dag.py:3722} INFO - Setting next_dagrun for latest_only_with_trigger to 2023-11-22T22:25:06.476130+00:00, run_after=2023-11-23T02:25:06.476130+00:00
[2023-11-23T02:25:06.546+0000] {processor.py:179} INFO - Processing /home/airflow/.local/lib/python3.8/site-packages/airflow/example_dags/example_latest_only_with_trigger.py took 0.933 seconds
[2023-11-23T02:25:37.135+0000] {processor.py:157} INFO - Started process (PID=104) to work on /home/airflow/.local/lib/python3.8/site-packages/airflow/example_dags/example_latest_only_with_trigger.py
[2023-11-23T02:25:37.147+0000] {processor.py:829} INFO - Processing file /home/airflow/.local/lib/python3.8/site-packages/airflow/example_dags/example_latest_only_with_trigger.py for tasks to queue
[2023-11-23T02:25:37.152+0000] {logging_mixin.py:154} INFO - [2023-11-23T02:25:37.152+0000] {dagbag.py:536} INFO - Filling up the DagBag from /home/airflow/.local/lib/python3.8/site-packages/airflow/example_dags/example_latest_only_with_trigger.py
[2023-11-23T02:25:37.180+0000] {processor.py:839} INFO - DAG(s) dict_keys(['latest_only_with_trigger']) retrieved from /home/airflow/.local/lib/python3.8/site-packages/airflow/example_dags/example_latest_only_with_trigger.py
[2023-11-23T02:25:37.221+0000] {logging_mixin.py:154} INFO - [2023-11-23T02:25:37.221+0000] {dag.py:2941} INFO - Sync 1 DAGs
[2023-11-23T02:25:37.274+0000] {logging_mixin.py:154} INFO - [2023-11-23T02:25:37.273+0000] {dag.py:3722} INFO - Setting next_dagrun for latest_only_with_trigger to 2023-11-22T22:25:37.273297+00:00, run_after=2023-11-23T02:25:37.273297+00:00
[2023-11-23T02:25:37.361+0000] {processor.py:179} INFO - Processing /home/airflow/.local/lib/python3.8/site-packages/airflow/example_dags/example_latest_only_with_trigger.py took 0.237 seconds
[2023-11-23T02:26:07.489+0000] {processor.py:157} INFO - Started process (PID=158) to work on /home/airflow/.local/lib/python3.8/site-packages/airflow/example_dags/example_latest_only_with_trigger.py
[2023-11-23T02:26:07.497+0000] {processor.py:829} INFO - Processing file /home/airflow/.local/lib/python3.8/site-packages/airflow/example_dags/example_latest_only_with_trigger.py for tasks to queue
[2023-11-23T02:26:07.508+0000] {logging_mixin.py:154} INFO - [2023-11-23T02:26:07.507+0000] {dagbag.py:536} INFO - Filling up the DagBag from /home/airflow/.local/lib/python3.8/site-packages/airflow/example_dags/example_latest_only_with_trigger.py
[2023-11-23T02:26:07.534+0000] {processor.py:839} INFO - DAG(s) dict_keys(['latest_only_with_trigger']) retrieved from /home/airflow/.local/lib/python3.8/site-packages/airflow/example_dags/example_latest_only_with_trigger.py
[2023-11-23T02:26:07.779+0000] {logging_mixin.py:154} INFO - [2023-11-23T02:26:07.779+0000] {dag.py:2941} INFO - Sync 1 DAGs
[2023-11-23T02:26:07.901+0000] {logging_mixin.py:154} INFO - [2023-11-23T02:26:07.901+0000] {dag.py:3722} INFO - Setting next_dagrun for latest_only_with_trigger to 2023-11-22T22:26:07.900745+00:00, run_after=2023-11-23T02:26:07.900745+00:00
[2023-11-23T02:26:08.160+0000] {processor.py:179} INFO - Processing /home/airflow/.local/lib/python3.8/site-packages/airflow/example_dags/example_latest_only_with_trigger.py took 0.677 seconds
[2023-11-23T02:26:39.927+0000] {processor.py:157} INFO - Started process (PID=212) to work on /home/airflow/.local/lib/python3.8/site-packages/airflow/example_dags/example_latest_only_with_trigger.py
[2023-11-23T02:26:39.938+0000] {processor.py:829} INFO - Processing file /home/airflow/.local/lib/python3.8/site-packages/airflow/example_dags/example_latest_only_with_trigger.py for tasks to queue
[2023-11-23T02:26:40.000+0000] {logging_mixin.py:154} INFO - [2023-11-23T02:26:39.999+0000] {dagbag.py:536} INFO - Filling up the DagBag from /home/airflow/.local/lib/python3.8/site-packages/airflow/example_dags/example_latest_only_with_trigger.py
[2023-11-23T02:26:40.087+0000] {processor.py:839} INFO - DAG(s) dict_keys(['latest_only_with_trigger']) retrieved from /home/airflow/.local/lib/python3.8/site-packages/airflow/example_dags/example_latest_only_with_trigger.py
[2023-11-23T02:26:40.359+0000] {logging_mixin.py:154} INFO - [2023-11-23T02:26:40.359+0000] {dag.py:2941} INFO - Sync 1 DAGs
[2023-11-23T02:26:40.438+0000] {logging_mixin.py:154} INFO - [2023-11-23T02:26:40.437+0000] {dag.py:3722} INFO - Setting next_dagrun for latest_only_with_trigger to 2023-11-22T22:26:40.437388+00:00, run_after=2023-11-23T02:26:40.437388+00:00
[2023-11-23T02:26:40.506+0000] {processor.py:179} INFO - Processing /home/airflow/.local/lib/python3.8/site-packages/airflow/example_dags/example_latest_only_with_trigger.py took 0.591 seconds
[2023-11-23T02:27:11.228+0000] {processor.py:157} INFO - Started process (PID=266) to work on /home/airflow/.local/lib/python3.8/site-packages/airflow/example_dags/example_latest_only_with_trigger.py
[2023-11-23T02:27:11.233+0000] {processor.py:829} INFO - Processing file /home/airflow/.local/lib/python3.8/site-packages/airflow/example_dags/example_latest_only_with_trigger.py for tasks to queue
[2023-11-23T02:27:11.241+0000] {logging_mixin.py:154} INFO - [2023-11-23T02:27:11.240+0000] {dagbag.py:536} INFO - Filling up the DagBag from /home/airflow/.local/lib/python3.8/site-packages/airflow/example_dags/example_latest_only_with_trigger.py
[2023-11-23T02:27:11.256+0000] {processor.py:839} INFO - DAG(s) dict_keys(['latest_only_with_trigger']) retrieved from /home/airflow/.local/lib/python3.8/site-packages/airflow/example_dags/example_latest_only_with_trigger.py
[2023-11-23T02:27:11.304+0000] {logging_mixin.py:154} INFO - [2023-11-23T02:27:11.304+0000] {dag.py:2941} INFO - Sync 1 DAGs
[2023-11-23T02:27:11.401+0000] {logging_mixin.py:154} INFO - [2023-11-23T02:27:11.401+0000] {dag.py:3722} INFO - Setting next_dagrun for latest_only_with_trigger to 2023-11-22T22:27:11.399912+00:00, run_after=2023-11-23T02:27:11.399912+00:00
[2023-11-23T02:27:11.589+0000] {processor.py:179} INFO - Processing /home/airflow/.local/lib/python3.8/site-packages/airflow/example_dags/example_latest_only_with_trigger.py took 0.373 seconds
[2023-11-23T02:27:41.960+0000] {processor.py:157} INFO - Started process (PID=320) to work on /home/airflow/.local/lib/python3.8/site-packages/airflow/example_dags/example_latest_only_with_trigger.py
[2023-11-23T02:27:41.963+0000] {processor.py:829} INFO - Processing file /home/airflow/.local/lib/python3.8/site-packages/airflow/example_dags/example_latest_only_with_trigger.py for tasks to queue
[2023-11-23T02:27:41.968+0000] {logging_mixin.py:154} INFO - [2023-11-23T02:27:41.968+0000] {dagbag.py:536} INFO - Filling up the DagBag from /home/airflow/.local/lib/python3.8/site-packages/airflow/example_dags/example_latest_only_with_trigger.py
[2023-11-23T02:27:41.981+0000] {processor.py:839} INFO - DAG(s) dict_keys(['latest_only_with_trigger']) retrieved from /home/airflow/.local/lib/python3.8/site-packages/airflow/example_dags/example_latest_only_with_trigger.py
[2023-11-23T02:27:42.044+0000] {logging_mixin.py:154} INFO - [2023-11-23T02:27:42.043+0000] {dag.py:2941} INFO - Sync 1 DAGs
[2023-11-23T02:27:42.102+0000] {logging_mixin.py:154} INFO - [2023-11-23T02:27:42.102+0000] {dag.py:3722} INFO - Setting next_dagrun for latest_only_with_trigger to 2023-11-22T22:27:42.102203+00:00, run_after=2023-11-23T02:27:42.102203+00:00
[2023-11-23T02:27:42.143+0000] {processor.py:179} INFO - Processing /home/airflow/.local/lib/python3.8/site-packages/airflow/example_dags/example_latest_only_with_trigger.py took 0.191 seconds
[2023-11-23T02:28:12.221+0000] {processor.py:157} INFO - Started process (PID=373) to work on /home/airflow/.local/lib/python3.8/site-packages/airflow/example_dags/example_latest_only_with_trigger.py
[2023-11-23T02:28:12.222+0000] {processor.py:829} INFO - Processing file /home/airflow/.local/lib/python3.8/site-packages/airflow/example_dags/example_latest_only_with_trigger.py for tasks to queue
[2023-11-23T02:28:12.226+0000] {logging_mixin.py:154} INFO - [2023-11-23T02:28:12.225+0000] {dagbag.py:536} INFO - Filling up the DagBag from /home/airflow/.local/lib/python3.8/site-packages/airflow/example_dags/example_latest_only_with_trigger.py
[2023-11-23T02:28:12.232+0000] {processor.py:839} INFO - DAG(s) dict_keys(['latest_only_with_trigger']) retrieved from /home/airflow/.local/lib/python3.8/site-packages/airflow/example_dags/example_latest_only_with_trigger.py
[2023-11-23T02:28:12.267+0000] {logging_mixin.py:154} INFO - [2023-11-23T02:28:12.267+0000] {dag.py:2941} INFO - Sync 1 DAGs
[2023-11-23T02:28:12.296+0000] {logging_mixin.py:154} INFO - [2023-11-23T02:28:12.296+0000] {dag.py:3722} INFO - Setting next_dagrun for latest_only_with_trigger to 2023-11-22T22:28:12.295983+00:00, run_after=2023-11-23T02:28:12.295983+00:00
[2023-11-23T02:28:12.323+0000] {processor.py:179} INFO - Processing /home/airflow/.local/lib/python3.8/site-packages/airflow/example_dags/example_latest_only_with_trigger.py took 0.106 seconds
[2023-11-23T02:28:42.451+0000] {processor.py:157} INFO - Started process (PID=426) to work on /home/airflow/.local/lib/python3.8/site-packages/airflow/example_dags/example_latest_only_with_trigger.py
[2023-11-23T02:28:42.453+0000] {processor.py:829} INFO - Processing file /home/airflow/.local/lib/python3.8/site-packages/airflow/example_dags/example_latest_only_with_trigger.py for tasks to queue
[2023-11-23T02:28:42.460+0000] {logging_mixin.py:154} INFO - [2023-11-23T02:28:42.460+0000] {dagbag.py:536} INFO - Filling up the DagBag from /home/airflow/.local/lib/python3.8/site-packages/airflow/example_dags/example_latest_only_with_trigger.py
[2023-11-23T02:28:42.472+0000] {processor.py:839} INFO - DAG(s) dict_keys(['latest_only_with_trigger']) retrieved from /home/airflow/.local/lib/python3.8/site-packages/airflow/example_dags/example_latest_only_with_trigger.py
[2023-11-23T02:28:42.513+0000] {logging_mixin.py:154} INFO - [2023-11-23T02:28:42.512+0000] {dag.py:2941} INFO - Sync 1 DAGs
[2023-11-23T02:28:42.550+0000] {logging_mixin.py:154} INFO - [2023-11-23T02:28:42.549+0000] {dag.py:3722} INFO - Setting next_dagrun for latest_only_with_trigger to 2023-11-22T22:28:42.549552+00:00, run_after=2023-11-23T02:28:42.549552+00:00
[2023-11-23T02:28:42.570+0000] {processor.py:179} INFO - Processing /home/airflow/.local/lib/python3.8/site-packages/airflow/example_dags/example_latest_only_with_trigger.py took 0.128 seconds
[2023-11-23T02:29:12.993+0000] {processor.py:157} INFO - Started process (PID=480) to work on /home/airflow/.local/lib/python3.8/site-packages/airflow/example_dags/example_latest_only_with_trigger.py
[2023-11-23T02:29:12.994+0000] {processor.py:829} INFO - Processing file /home/airflow/.local/lib/python3.8/site-packages/airflow/example_dags/example_latest_only_with_trigger.py for tasks to queue
[2023-11-23T02:29:12.998+0000] {logging_mixin.py:154} INFO - [2023-11-23T02:29:12.998+0000] {dagbag.py:536} INFO - Filling up the DagBag from /home/airflow/.local/lib/python3.8/site-packages/airflow/example_dags/example_latest_only_with_trigger.py
[2023-11-23T02:29:13.007+0000] {processor.py:839} INFO - DAG(s) dict_keys(['latest_only_with_trigger']) retrieved from /home/airflow/.local/lib/python3.8/site-packages/airflow/example_dags/example_latest_only_with_trigger.py
[2023-11-23T02:29:13.038+0000] {logging_mixin.py:154} INFO - [2023-11-23T02:29:13.038+0000] {dag.py:2941} INFO - Sync 1 DAGs
[2023-11-23T02:29:13.067+0000] {logging_mixin.py:154} INFO - [2023-11-23T02:29:13.067+0000] {dag.py:3722} INFO - Setting next_dagrun for latest_only_with_trigger to 2023-11-22T22:29:13.066943+00:00, run_after=2023-11-23T02:29:13.066943+00:00
[2023-11-23T02:29:13.087+0000] {processor.py:179} INFO - Processing /home/airflow/.local/lib/python3.8/site-packages/airflow/example_dags/example_latest_only_with_trigger.py took 0.100 seconds
[2023-11-23T02:29:43.465+0000] {processor.py:157} INFO - Started process (PID=534) to work on /home/airflow/.local/lib/python3.8/site-packages/airflow/example_dags/example_latest_only_with_trigger.py
[2023-11-23T02:29:43.471+0000] {processor.py:829} INFO - Processing file /home/airflow/.local/lib/python3.8/site-packages/airflow/example_dags/example_latest_only_with_trigger.py for tasks to queue
[2023-11-23T02:29:43.478+0000] {logging_mixin.py:154} INFO - [2023-11-23T02:29:43.478+0000] {dagbag.py:536} INFO - Filling up the DagBag from /home/airflow/.local/lib/python3.8/site-packages/airflow/example_dags/example_latest_only_with_trigger.py
[2023-11-23T02:29:43.498+0000] {processor.py:839} INFO - DAG(s) dict_keys(['latest_only_with_trigger']) retrieved from /home/airflow/.local/lib/python3.8/site-packages/airflow/example_dags/example_latest_only_with_trigger.py
[2023-11-23T02:29:43.580+0000] {logging_mixin.py:154} INFO - [2023-11-23T02:29:43.580+0000] {dag.py:2941} INFO - Sync 1 DAGs
[2023-11-23T02:29:43.637+0000] {logging_mixin.py:154} INFO - [2023-11-23T02:29:43.637+0000] {dag.py:3722} INFO - Setting next_dagrun for latest_only_with_trigger to 2023-11-22T22:29:43.637044+00:00, run_after=2023-11-23T02:29:43.637044+00:00
[2023-11-23T02:29:43.667+0000] {processor.py:179} INFO - Processing /home/airflow/.local/lib/python3.8/site-packages/airflow/example_dags/example_latest_only_with_trigger.py took 0.207 seconds
[2023-11-23T02:30:14.851+0000] {processor.py:157} INFO - Started process (PID=588) to work on /home/airflow/.local/lib/python3.8/site-packages/airflow/example_dags/example_latest_only_with_trigger.py
[2023-11-23T02:30:14.857+0000] {processor.py:829} INFO - Processing file /home/airflow/.local/lib/python3.8/site-packages/airflow/example_dags/example_latest_only_with_trigger.py for tasks to queue
[2023-11-23T02:30:14.862+0000] {logging_mixin.py:154} INFO - [2023-11-23T02:30:14.862+0000] {dagbag.py:536} INFO - Filling up the DagBag from /home/airflow/.local/lib/python3.8/site-packages/airflow/example_dags/example_latest_only_with_trigger.py
[2023-11-23T02:30:14.900+0000] {processor.py:839} INFO - DAG(s) dict_keys(['latest_only_with_trigger']) retrieved from /home/airflow/.local/lib/python3.8/site-packages/airflow/example_dags/example_latest_only_with_trigger.py
[2023-11-23T02:30:14.968+0000] {logging_mixin.py:154} INFO - [2023-11-23T02:30:14.968+0000] {dag.py:2941} INFO - Sync 1 DAGs
[2023-11-23T02:30:15.041+0000] {logging_mixin.py:154} INFO - [2023-11-23T02:30:15.041+0000] {dag.py:3722} INFO - Setting next_dagrun for latest_only_with_trigger to 2023-11-22T22:30:15.036477+00:00, run_after=2023-11-23T02:30:15.036477+00:00
[2023-11-23T02:30:15.105+0000] {processor.py:179} INFO - Processing /home/airflow/.local/lib/python3.8/site-packages/airflow/example_dags/example_latest_only_with_trigger.py took 0.274 seconds
[2023-11-23T02:30:46.672+0000] {processor.py:157} INFO - Started process (PID=639) to work on /home/airflow/.local/lib/python3.8/site-packages/airflow/example_dags/example_latest_only_with_trigger.py
[2023-11-23T02:30:46.678+0000] {processor.py:829} INFO - Processing file /home/airflow/.local/lib/python3.8/site-packages/airflow/example_dags/example_latest_only_with_trigger.py for tasks to queue
[2023-11-23T02:30:46.726+0000] {logging_mixin.py:154} INFO - [2023-11-23T02:30:46.720+0000] {dagbag.py:536} INFO - Filling up the DagBag from /home/airflow/.local/lib/python3.8/site-packages/airflow/example_dags/example_latest_only_with_trigger.py
[2023-11-23T02:30:46.745+0000] {processor.py:839} INFO - DAG(s) dict_keys(['latest_only_with_trigger']) retrieved from /home/airflow/.local/lib/python3.8/site-packages/airflow/example_dags/example_latest_only_with_trigger.py
[2023-11-23T02:30:46.848+0000] {logging_mixin.py:154} INFO - [2023-11-23T02:30:46.848+0000] {dag.py:2941} INFO - Sync 1 DAGs
[2023-11-23T02:30:46.966+0000] {logging_mixin.py:154} INFO - [2023-11-23T02:30:46.966+0000] {dag.py:3722} INFO - Setting next_dagrun for latest_only_with_trigger to 2023-11-22T22:30:46.966023+00:00, run_after=2023-11-23T02:30:46.966023+00:00
[2023-11-23T02:30:47.034+0000] {processor.py:179} INFO - Processing /home/airflow/.local/lib/python3.8/site-packages/airflow/example_dags/example_latest_only_with_trigger.py took 0.373 seconds
[2023-11-23T02:31:17.644+0000] {processor.py:157} INFO - Started process (PID=693) to work on /home/airflow/.local/lib/python3.8/site-packages/airflow/example_dags/example_latest_only_with_trigger.py
[2023-11-23T02:31:17.646+0000] {processor.py:829} INFO - Processing file /home/airflow/.local/lib/python3.8/site-packages/airflow/example_dags/example_latest_only_with_trigger.py for tasks to queue
[2023-11-23T02:31:17.658+0000] {logging_mixin.py:154} INFO - [2023-11-23T02:31:17.658+0000] {dagbag.py:536} INFO - Filling up the DagBag from /home/airflow/.local/lib/python3.8/site-packages/airflow/example_dags/example_latest_only_with_trigger.py
[2023-11-23T02:31:17.671+0000] {processor.py:839} INFO - DAG(s) dict_keys(['latest_only_with_trigger']) retrieved from /home/airflow/.local/lib/python3.8/site-packages/airflow/example_dags/example_latest_only_with_trigger.py
[2023-11-23T02:31:17.722+0000] {logging_mixin.py:154} INFO - [2023-11-23T02:31:17.722+0000] {dag.py:2941} INFO - Sync 1 DAGs
[2023-11-23T02:31:17.793+0000] {logging_mixin.py:154} INFO - [2023-11-23T02:31:17.793+0000] {dag.py:3722} INFO - Setting next_dagrun for latest_only_with_trigger to 2023-11-22T22:31:17.792757+00:00, run_after=2023-11-23T02:31:17.792757+00:00
[2023-11-23T02:31:17.836+0000] {processor.py:179} INFO - Processing /home/airflow/.local/lib/python3.8/site-packages/airflow/example_dags/example_latest_only_with_trigger.py took 0.200 seconds
[2023-11-23T02:31:48.272+0000] {processor.py:157} INFO - Started process (PID=747) to work on /home/airflow/.local/lib/python3.8/site-packages/airflow/example_dags/example_latest_only_with_trigger.py
[2023-11-23T02:31:48.274+0000] {processor.py:829} INFO - Processing file /home/airflow/.local/lib/python3.8/site-packages/airflow/example_dags/example_latest_only_with_trigger.py for tasks to queue
[2023-11-23T02:31:48.279+0000] {logging_mixin.py:154} INFO - [2023-11-23T02:31:48.279+0000] {dagbag.py:536} INFO - Filling up the DagBag from /home/airflow/.local/lib/python3.8/site-packages/airflow/example_dags/example_latest_only_with_trigger.py
[2023-11-23T02:31:48.289+0000] {processor.py:839} INFO - DAG(s) dict_keys(['latest_only_with_trigger']) retrieved from /home/airflow/.local/lib/python3.8/site-packages/airflow/example_dags/example_latest_only_with_trigger.py
[2023-11-23T02:31:48.333+0000] {logging_mixin.py:154} INFO - [2023-11-23T02:31:48.333+0000] {dag.py:2941} INFO - Sync 1 DAGs
[2023-11-23T02:31:48.384+0000] {logging_mixin.py:154} INFO - [2023-11-23T02:31:48.384+0000] {dag.py:3722} INFO - Setting next_dagrun for latest_only_with_trigger to 2023-11-22T22:31:48.384391+00:00, run_after=2023-11-23T02:31:48.384391+00:00
[2023-11-23T02:31:48.423+0000] {processor.py:179} INFO - Processing /home/airflow/.local/lib/python3.8/site-packages/airflow/example_dags/example_latest_only_with_trigger.py took 0.157 seconds
[2023-11-23T03:44:06.365+0000] {processor.py:157} INFO - Started process (PID=55) to work on /home/airflow/.local/lib/python3.8/site-packages/airflow/example_dags/example_latest_only_with_trigger.py
[2023-11-23T03:44:06.383+0000] {processor.py:829} INFO - Processing file /home/airflow/.local/lib/python3.8/site-packages/airflow/example_dags/example_latest_only_with_trigger.py for tasks to queue
[2023-11-23T03:44:06.427+0000] {logging_mixin.py:154} INFO - [2023-11-23T03:44:06.427+0000] {dagbag.py:536} INFO - Filling up the DagBag from /home/airflow/.local/lib/python3.8/site-packages/airflow/example_dags/example_latest_only_with_trigger.py
[2023-11-23T03:44:06.484+0000] {processor.py:839} INFO - DAG(s) dict_keys(['latest_only_with_trigger']) retrieved from /home/airflow/.local/lib/python3.8/site-packages/airflow/example_dags/example_latest_only_with_trigger.py
[2023-11-23T03:44:06.635+0000] {logging_mixin.py:154} INFO - [2023-11-23T03:44:06.635+0000] {dag.py:2941} INFO - Sync 1 DAGs
[2023-11-23T03:44:06.757+0000] {logging_mixin.py:154} INFO - [2023-11-23T03:44:06.757+0000] {dag.py:3722} INFO - Setting next_dagrun for latest_only_with_trigger to 2023-11-22T23:44:06.756836+00:00, run_after=2023-11-23T03:44:06.756836+00:00
[2023-11-23T03:44:06.844+0000] {processor.py:179} INFO - Processing /home/airflow/.local/lib/python3.8/site-packages/airflow/example_dags/example_latest_only_with_trigger.py took 0.511 seconds
[2023-11-23T03:44:48.348+0000] {processor.py:157} INFO - Started process (PID=116) to work on /home/airflow/.local/lib/python3.8/site-packages/airflow/example_dags/example_latest_only_with_trigger.py
[2023-11-23T03:44:48.414+0000] {processor.py:829} INFO - Processing file /home/airflow/.local/lib/python3.8/site-packages/airflow/example_dags/example_latest_only_with_trigger.py for tasks to queue
[2023-11-23T03:44:48.465+0000] {logging_mixin.py:154} INFO - [2023-11-23T03:44:48.456+0000] {dagbag.py:536} INFO - Filling up the DagBag from /home/airflow/.local/lib/python3.8/site-packages/airflow/example_dags/example_latest_only_with_trigger.py
[2023-11-23T03:44:48.583+0000] {processor.py:839} INFO - DAG(s) dict_keys(['latest_only_with_trigger']) retrieved from /home/airflow/.local/lib/python3.8/site-packages/airflow/example_dags/example_latest_only_with_trigger.py
[2023-11-23T03:44:48.923+0000] {logging_mixin.py:154} INFO - [2023-11-23T03:44:48.923+0000] {dag.py:2941} INFO - Sync 1 DAGs
[2023-11-23T03:44:48.998+0000] {logging_mixin.py:154} INFO - [2023-11-23T03:44:48.998+0000] {dag.py:3722} INFO - Setting next_dagrun for latest_only_with_trigger to 2023-11-22T23:44:48.998430+00:00, run_after=2023-11-23T03:44:48.998430+00:00
[2023-11-23T03:44:49.072+0000] {processor.py:179} INFO - Processing /home/airflow/.local/lib/python3.8/site-packages/airflow/example_dags/example_latest_only_with_trigger.py took 0.749 seconds
[2023-11-23T04:15:40.964+0000] {processor.py:157} INFO - Started process (PID=181) to work on /home/airflow/.local/lib/python3.8/site-packages/airflow/example_dags/example_latest_only_with_trigger.py
[2023-11-23T04:15:40.967+0000] {processor.py:829} INFO - Processing file /home/airflow/.local/lib/python3.8/site-packages/airflow/example_dags/example_latest_only_with_trigger.py for tasks to queue
[2023-11-23T04:15:40.971+0000] {logging_mixin.py:154} INFO - [2023-11-23T04:15:40.971+0000] {dagbag.py:536} INFO - Filling up the DagBag from /home/airflow/.local/lib/python3.8/site-packages/airflow/example_dags/example_latest_only_with_trigger.py
[2023-11-23T04:15:40.986+0000] {processor.py:839} INFO - DAG(s) dict_keys(['latest_only_with_trigger']) retrieved from /home/airflow/.local/lib/python3.8/site-packages/airflow/example_dags/example_latest_only_with_trigger.py
[2023-11-23T04:15:41.035+0000] {logging_mixin.py:154} INFO - [2023-11-23T04:15:41.034+0000] {dag.py:2941} INFO - Sync 1 DAGs
[2023-11-23T04:15:41.081+0000] {logging_mixin.py:154} INFO - [2023-11-23T04:15:41.081+0000] {dag.py:3722} INFO - Setting next_dagrun for latest_only_with_trigger to 2023-11-23T00:15:41.080521+00:00, run_after=2023-11-23T04:15:41.080521+00:00
[2023-11-23T04:15:41.126+0000] {processor.py:179} INFO - Processing /home/airflow/.local/lib/python3.8/site-packages/airflow/example_dags/example_latest_only_with_trigger.py took 0.167 seconds
[2023-11-23T04:16:11.246+0000] {processor.py:157} INFO - Started process (PID=234) to work on /home/airflow/.local/lib/python3.8/site-packages/airflow/example_dags/example_latest_only_with_trigger.py
[2023-11-23T04:16:11.250+0000] {processor.py:829} INFO - Processing file /home/airflow/.local/lib/python3.8/site-packages/airflow/example_dags/example_latest_only_with_trigger.py for tasks to queue
[2023-11-23T04:16:11.254+0000] {logging_mixin.py:154} INFO - [2023-11-23T04:16:11.254+0000] {dagbag.py:536} INFO - Filling up the DagBag from /home/airflow/.local/lib/python3.8/site-packages/airflow/example_dags/example_latest_only_with_trigger.py
[2023-11-23T04:16:11.266+0000] {processor.py:839} INFO - DAG(s) dict_keys(['latest_only_with_trigger']) retrieved from /home/airflow/.local/lib/python3.8/site-packages/airflow/example_dags/example_latest_only_with_trigger.py
[2023-11-23T04:16:11.313+0000] {logging_mixin.py:154} INFO - [2023-11-23T04:16:11.312+0000] {dag.py:2941} INFO - Sync 1 DAGs
[2023-11-23T04:16:11.350+0000] {logging_mixin.py:154} INFO - [2023-11-23T04:16:11.350+0000] {dag.py:3722} INFO - Setting next_dagrun for latest_only_with_trigger to 2023-11-23T00:16:11.350412+00:00, run_after=2023-11-23T04:16:11.350412+00:00
[2023-11-23T04:16:11.388+0000] {processor.py:179} INFO - Processing /home/airflow/.local/lib/python3.8/site-packages/airflow/example_dags/example_latest_only_with_trigger.py took 0.149 seconds
[2023-11-23T04:16:42.225+0000] {processor.py:157} INFO - Started process (PID=288) to work on /home/airflow/.local/lib/python3.8/site-packages/airflow/example_dags/example_latest_only_with_trigger.py
[2023-11-23T04:16:42.227+0000] {processor.py:829} INFO - Processing file /home/airflow/.local/lib/python3.8/site-packages/airflow/example_dags/example_latest_only_with_trigger.py for tasks to queue
[2023-11-23T04:16:42.230+0000] {logging_mixin.py:154} INFO - [2023-11-23T04:16:42.230+0000] {dagbag.py:536} INFO - Filling up the DagBag from /home/airflow/.local/lib/python3.8/site-packages/airflow/example_dags/example_latest_only_with_trigger.py
[2023-11-23T04:16:42.238+0000] {processor.py:839} INFO - DAG(s) dict_keys(['latest_only_with_trigger']) retrieved from /home/airflow/.local/lib/python3.8/site-packages/airflow/example_dags/example_latest_only_with_trigger.py
[2023-11-23T04:16:42.278+0000] {logging_mixin.py:154} INFO - [2023-11-23T04:16:42.277+0000] {dag.py:2941} INFO - Sync 1 DAGs
[2023-11-23T04:16:42.315+0000] {logging_mixin.py:154} INFO - [2023-11-23T04:16:42.314+0000] {dag.py:3722} INFO - Setting next_dagrun for latest_only_with_trigger to 2023-11-23T00:16:42.314353+00:00, run_after=2023-11-23T04:16:42.314353+00:00
[2023-11-23T04:16:42.342+0000] {processor.py:179} INFO - Processing /home/airflow/.local/lib/python3.8/site-packages/airflow/example_dags/example_latest_only_with_trigger.py took 0.121 seconds
[2023-11-23T04:17:13.298+0000] {processor.py:157} INFO - Started process (PID=342) to work on /home/airflow/.local/lib/python3.8/site-packages/airflow/example_dags/example_latest_only_with_trigger.py
[2023-11-23T04:17:13.300+0000] {processor.py:829} INFO - Processing file /home/airflow/.local/lib/python3.8/site-packages/airflow/example_dags/example_latest_only_with_trigger.py for tasks to queue
[2023-11-23T04:17:13.311+0000] {logging_mixin.py:154} INFO - [2023-11-23T04:17:13.310+0000] {dagbag.py:536} INFO - Filling up the DagBag from /home/airflow/.local/lib/python3.8/site-packages/airflow/example_dags/example_latest_only_with_trigger.py
[2023-11-23T04:17:13.324+0000] {processor.py:839} INFO - DAG(s) dict_keys(['latest_only_with_trigger']) retrieved from /home/airflow/.local/lib/python3.8/site-packages/airflow/example_dags/example_latest_only_with_trigger.py
[2023-11-23T04:17:13.359+0000] {logging_mixin.py:154} INFO - [2023-11-23T04:17:13.358+0000] {dag.py:2941} INFO - Sync 1 DAGs
[2023-11-23T04:17:13.394+0000] {logging_mixin.py:154} INFO - [2023-11-23T04:17:13.394+0000] {dag.py:3722} INFO - Setting next_dagrun for latest_only_with_trigger to 2023-11-23T00:17:13.393796+00:00, run_after=2023-11-23T04:17:13.393796+00:00
[2023-11-23T04:17:13.422+0000] {processor.py:179} INFO - Processing /home/airflow/.local/lib/python3.8/site-packages/airflow/example_dags/example_latest_only_with_trigger.py took 0.146 seconds
[2023-11-23T04:17:43.974+0000] {processor.py:157} INFO - Started process (PID=396) to work on /home/airflow/.local/lib/python3.8/site-packages/airflow/example_dags/example_latest_only_with_trigger.py
[2023-11-23T04:17:43.976+0000] {processor.py:829} INFO - Processing file /home/airflow/.local/lib/python3.8/site-packages/airflow/example_dags/example_latest_only_with_trigger.py for tasks to queue
[2023-11-23T04:17:43.979+0000] {logging_mixin.py:154} INFO - [2023-11-23T04:17:43.979+0000] {dagbag.py:536} INFO - Filling up the DagBag from /home/airflow/.local/lib/python3.8/site-packages/airflow/example_dags/example_latest_only_with_trigger.py
[2023-11-23T04:17:43.990+0000] {processor.py:839} INFO - DAG(s) dict_keys(['latest_only_with_trigger']) retrieved from /home/airflow/.local/lib/python3.8/site-packages/airflow/example_dags/example_latest_only_with_trigger.py
[2023-11-23T04:17:44.034+0000] {logging_mixin.py:154} INFO - [2023-11-23T04:17:44.034+0000] {dag.py:2941} INFO - Sync 1 DAGs
[2023-11-23T04:17:44.076+0000] {logging_mixin.py:154} INFO - [2023-11-23T04:17:44.075+0000] {dag.py:3722} INFO - Setting next_dagrun for latest_only_with_trigger to 2023-11-23T00:17:44.075534+00:00, run_after=2023-11-23T04:17:44.075534+00:00
[2023-11-23T04:17:44.115+0000] {processor.py:179} INFO - Processing /home/airflow/.local/lib/python3.8/site-packages/airflow/example_dags/example_latest_only_with_trigger.py took 0.152 seconds
[2023-11-23T04:18:14.976+0000] {processor.py:157} INFO - Started process (PID=449) to work on /home/airflow/.local/lib/python3.8/site-packages/airflow/example_dags/example_latest_only_with_trigger.py
[2023-11-23T04:18:14.977+0000] {processor.py:829} INFO - Processing file /home/airflow/.local/lib/python3.8/site-packages/airflow/example_dags/example_latest_only_with_trigger.py for tasks to queue
[2023-11-23T04:18:14.983+0000] {logging_mixin.py:154} INFO - [2023-11-23T04:18:14.981+0000] {dagbag.py:536} INFO - Filling up the DagBag from /home/airflow/.local/lib/python3.8/site-packages/airflow/example_dags/example_latest_only_with_trigger.py
[2023-11-23T04:18:14.997+0000] {processor.py:839} INFO - DAG(s) dict_keys(['latest_only_with_trigger']) retrieved from /home/airflow/.local/lib/python3.8/site-packages/airflow/example_dags/example_latest_only_with_trigger.py
[2023-11-23T04:18:15.042+0000] {logging_mixin.py:154} INFO - [2023-11-23T04:18:15.042+0000] {dag.py:2941} INFO - Sync 1 DAGs
[2023-11-23T04:18:15.083+0000] {logging_mixin.py:154} INFO - [2023-11-23T04:18:15.083+0000] {dag.py:3722} INFO - Setting next_dagrun for latest_only_with_trigger to 2023-11-23T00:18:15.082812+00:00, run_after=2023-11-23T04:18:15.082812+00:00
[2023-11-23T04:18:15.119+0000] {processor.py:179} INFO - Processing /home/airflow/.local/lib/python3.8/site-packages/airflow/example_dags/example_latest_only_with_trigger.py took 0.151 seconds
[2023-11-23T04:18:46.432+0000] {processor.py:157} INFO - Started process (PID=503) to work on /home/airflow/.local/lib/python3.8/site-packages/airflow/example_dags/example_latest_only_with_trigger.py
[2023-11-23T04:18:46.441+0000] {processor.py:829} INFO - Processing file /home/airflow/.local/lib/python3.8/site-packages/airflow/example_dags/example_latest_only_with_trigger.py for tasks to queue
[2023-11-23T04:18:46.452+0000] {logging_mixin.py:154} INFO - [2023-11-23T04:18:46.451+0000] {dagbag.py:536} INFO - Filling up the DagBag from /home/airflow/.local/lib/python3.8/site-packages/airflow/example_dags/example_latest_only_with_trigger.py
[2023-11-23T04:18:46.476+0000] {processor.py:839} INFO - DAG(s) dict_keys(['latest_only_with_trigger']) retrieved from /home/airflow/.local/lib/python3.8/site-packages/airflow/example_dags/example_latest_only_with_trigger.py
[2023-11-23T04:18:46.585+0000] {logging_mixin.py:154} INFO - [2023-11-23T04:18:46.585+0000] {dag.py:2941} INFO - Sync 1 DAGs
[2023-11-23T04:18:46.663+0000] {logging_mixin.py:154} INFO - [2023-11-23T04:18:46.663+0000] {dag.py:3722} INFO - Setting next_dagrun for latest_only_with_trigger to 2023-11-23T00:18:46.662994+00:00, run_after=2023-11-23T04:18:46.662994+00:00
[2023-11-23T04:18:46.840+0000] {processor.py:179} INFO - Processing /home/airflow/.local/lib/python3.8/site-packages/airflow/example_dags/example_latest_only_with_trigger.py took 0.413 seconds
[2023-11-23T04:19:17.739+0000] {processor.py:157} INFO - Started process (PID=563) to work on /home/airflow/.local/lib/python3.8/site-packages/airflow/example_dags/example_latest_only_with_trigger.py
[2023-11-23T04:19:17.757+0000] {processor.py:829} INFO - Processing file /home/airflow/.local/lib/python3.8/site-packages/airflow/example_dags/example_latest_only_with_trigger.py for tasks to queue
[2023-11-23T04:19:17.772+0000] {logging_mixin.py:154} INFO - [2023-11-23T04:19:17.772+0000] {dagbag.py:536} INFO - Filling up the DagBag from /home/airflow/.local/lib/python3.8/site-packages/airflow/example_dags/example_latest_only_with_trigger.py
[2023-11-23T04:19:17.814+0000] {processor.py:839} INFO - DAG(s) dict_keys(['latest_only_with_trigger']) retrieved from /home/airflow/.local/lib/python3.8/site-packages/airflow/example_dags/example_latest_only_with_trigger.py
[2023-11-23T04:19:17.893+0000] {logging_mixin.py:154} INFO - [2023-11-23T04:19:17.893+0000] {dag.py:2941} INFO - Sync 1 DAGs
[2023-11-23T04:19:17.962+0000] {logging_mixin.py:154} INFO - [2023-11-23T04:19:17.961+0000] {dag.py:3722} INFO - Setting next_dagrun for latest_only_with_trigger to 2023-11-23T00:19:17.961551+00:00, run_after=2023-11-23T04:19:17.961551+00:00
[2023-11-23T04:19:18.043+0000] {processor.py:179} INFO - Processing /home/airflow/.local/lib/python3.8/site-packages/airflow/example_dags/example_latest_only_with_trigger.py took 0.329 seconds
[2023-11-23T04:19:48.135+0000] {processor.py:157} INFO - Started process (PID=618) to work on /home/airflow/.local/lib/python3.8/site-packages/airflow/example_dags/example_latest_only_with_trigger.py
[2023-11-23T04:19:48.136+0000] {processor.py:829} INFO - Processing file /home/airflow/.local/lib/python3.8/site-packages/airflow/example_dags/example_latest_only_with_trigger.py for tasks to queue
[2023-11-23T04:19:48.139+0000] {logging_mixin.py:154} INFO - [2023-11-23T04:19:48.139+0000] {dagbag.py:536} INFO - Filling up the DagBag from /home/airflow/.local/lib/python3.8/site-packages/airflow/example_dags/example_latest_only_with_trigger.py
[2023-11-23T04:19:48.148+0000] {processor.py:839} INFO - DAG(s) dict_keys(['latest_only_with_trigger']) retrieved from /home/airflow/.local/lib/python3.8/site-packages/airflow/example_dags/example_latest_only_with_trigger.py
[2023-11-23T04:19:48.192+0000] {logging_mixin.py:154} INFO - [2023-11-23T04:19:48.192+0000] {dag.py:2941} INFO - Sync 1 DAGs
[2023-11-23T04:19:48.227+0000] {logging_mixin.py:154} INFO - [2023-11-23T04:19:48.227+0000] {dag.py:3722} INFO - Setting next_dagrun for latest_only_with_trigger to 2023-11-23T00:19:48.227280+00:00, run_after=2023-11-23T04:19:48.227280+00:00
[2023-11-23T04:19:48.261+0000] {processor.py:179} INFO - Processing /home/airflow/.local/lib/python3.8/site-packages/airflow/example_dags/example_latest_only_with_trigger.py took 0.131 seconds
[2023-11-23T04:20:18.819+0000] {processor.py:157} INFO - Started process (PID=671) to work on /home/airflow/.local/lib/python3.8/site-packages/airflow/example_dags/example_latest_only_with_trigger.py
[2023-11-23T04:20:18.821+0000] {processor.py:829} INFO - Processing file /home/airflow/.local/lib/python3.8/site-packages/airflow/example_dags/example_latest_only_with_trigger.py for tasks to queue
[2023-11-23T04:20:18.830+0000] {logging_mixin.py:154} INFO - [2023-11-23T04:20:18.828+0000] {dagbag.py:536} INFO - Filling up the DagBag from /home/airflow/.local/lib/python3.8/site-packages/airflow/example_dags/example_latest_only_with_trigger.py
[2023-11-23T04:20:18.860+0000] {processor.py:839} INFO - DAG(s) dict_keys(['latest_only_with_trigger']) retrieved from /home/airflow/.local/lib/python3.8/site-packages/airflow/example_dags/example_latest_only_with_trigger.py
[2023-11-23T04:20:18.935+0000] {logging_mixin.py:154} INFO - [2023-11-23T04:20:18.935+0000] {dag.py:2941} INFO - Sync 1 DAGs
[2023-11-23T04:20:18.985+0000] {logging_mixin.py:154} INFO - [2023-11-23T04:20:18.985+0000] {dag.py:3722} INFO - Setting next_dagrun for latest_only_with_trigger to 2023-11-23T00:20:18.984289+00:00, run_after=2023-11-23T04:20:18.984289+00:00
[2023-11-23T04:20:19.029+0000] {processor.py:179} INFO - Processing /home/airflow/.local/lib/python3.8/site-packages/airflow/example_dags/example_latest_only_with_trigger.py took 0.221 seconds
[2023-11-23T04:20:49.677+0000] {processor.py:157} INFO - Started process (PID=725) to work on /home/airflow/.local/lib/python3.8/site-packages/airflow/example_dags/example_latest_only_with_trigger.py
[2023-11-23T04:20:49.686+0000] {processor.py:829} INFO - Processing file /home/airflow/.local/lib/python3.8/site-packages/airflow/example_dags/example_latest_only_with_trigger.py for tasks to queue
[2023-11-23T04:20:49.690+0000] {logging_mixin.py:154} INFO - [2023-11-23T04:20:49.689+0000] {dagbag.py:536} INFO - Filling up the DagBag from /home/airflow/.local/lib/python3.8/site-packages/airflow/example_dags/example_latest_only_with_trigger.py
[2023-11-23T04:20:49.706+0000] {processor.py:839} INFO - DAG(s) dict_keys(['latest_only_with_trigger']) retrieved from /home/airflow/.local/lib/python3.8/site-packages/airflow/example_dags/example_latest_only_with_trigger.py
[2023-11-23T04:20:49.774+0000] {logging_mixin.py:154} INFO - [2023-11-23T04:20:49.774+0000] {dag.py:2941} INFO - Sync 1 DAGs
[2023-11-23T04:20:49.831+0000] {logging_mixin.py:154} INFO - [2023-11-23T04:20:49.831+0000] {dag.py:3722} INFO - Setting next_dagrun for latest_only_with_trigger to 2023-11-23T00:20:49.827736+00:00, run_after=2023-11-23T04:20:49.827736+00:00
[2023-11-23T04:20:49.875+0000] {processor.py:179} INFO - Processing /home/airflow/.local/lib/python3.8/site-packages/airflow/example_dags/example_latest_only_with_trigger.py took 0.224 seconds
[2023-11-23T04:21:23.343+0000] {processor.py:157} INFO - Started process (PID=779) to work on /home/airflow/.local/lib/python3.8/site-packages/airflow/example_dags/example_latest_only_with_trigger.py
[2023-11-23T04:21:23.372+0000] {processor.py:829} INFO - Processing file /home/airflow/.local/lib/python3.8/site-packages/airflow/example_dags/example_latest_only_with_trigger.py for tasks to queue
[2023-11-23T04:21:23.380+0000] {logging_mixin.py:154} INFO - [2023-11-23T04:21:23.377+0000] {dagbag.py:536} INFO - Filling up the DagBag from /home/airflow/.local/lib/python3.8/site-packages/airflow/example_dags/example_latest_only_with_trigger.py
[2023-11-23T04:21:23.518+0000] {processor.py:839} INFO - DAG(s) dict_keys(['latest_only_with_trigger']) retrieved from /home/airflow/.local/lib/python3.8/site-packages/airflow/example_dags/example_latest_only_with_trigger.py
[2023-11-23T04:21:23.837+0000] {logging_mixin.py:154} INFO - [2023-11-23T04:21:23.836+0000] {dag.py:2941} INFO - Sync 1 DAGs
[2023-11-23T04:21:24.156+0000] {logging_mixin.py:154} INFO - [2023-11-23T04:21:24.156+0000] {dag.py:3722} INFO - Setting next_dagrun for latest_only_with_trigger to 2023-11-23T00:21:24.155789+00:00, run_after=2023-11-23T04:21:24.155789+00:00
[2023-11-23T04:21:24.198+0000] {processor.py:179} INFO - Processing /home/airflow/.local/lib/python3.8/site-packages/airflow/example_dags/example_latest_only_with_trigger.py took 0.869 seconds
[2023-11-23T04:21:55.093+0000] {processor.py:157} INFO - Started process (PID=833) to work on /home/airflow/.local/lib/python3.8/site-packages/airflow/example_dags/example_latest_only_with_trigger.py
[2023-11-23T04:21:55.096+0000] {processor.py:829} INFO - Processing file /home/airflow/.local/lib/python3.8/site-packages/airflow/example_dags/example_latest_only_with_trigger.py for tasks to queue
[2023-11-23T04:21:55.116+0000] {logging_mixin.py:154} INFO - [2023-11-23T04:21:55.115+0000] {dagbag.py:536} INFO - Filling up the DagBag from /home/airflow/.local/lib/python3.8/site-packages/airflow/example_dags/example_latest_only_with_trigger.py
[2023-11-23T04:21:55.153+0000] {processor.py:839} INFO - DAG(s) dict_keys(['latest_only_with_trigger']) retrieved from /home/airflow/.local/lib/python3.8/site-packages/airflow/example_dags/example_latest_only_with_trigger.py
[2023-11-23T04:21:55.241+0000] {logging_mixin.py:154} INFO - [2023-11-23T04:21:55.241+0000] {dag.py:2941} INFO - Sync 1 DAGs
[2023-11-23T04:21:55.325+0000] {logging_mixin.py:154} INFO - [2023-11-23T04:21:55.325+0000] {dag.py:3722} INFO - Setting next_dagrun for latest_only_with_trigger to 2023-11-23T00:21:55.323315+00:00, run_after=2023-11-23T04:21:55.323315+00:00
[2023-11-23T04:21:55.379+0000] {processor.py:179} INFO - Processing /home/airflow/.local/lib/python3.8/site-packages/airflow/example_dags/example_latest_only_with_trigger.py took 0.318 seconds
