[2023-11-23T02:25:19.895+0000] {processor.py:157} INFO - Started process (PID=81) to work on /home/airflow/.local/lib/python3.8/site-packages/airflow/example_dags/example_branch_day_of_week_operator.py
[2023-11-23T02:25:19.896+0000] {processor.py:829} INFO - Processing file /home/airflow/.local/lib/python3.8/site-packages/airflow/example_dags/example_branch_day_of_week_operator.py for tasks to queue
[2023-11-23T02:25:19.903+0000] {logging_mixin.py:154} INFO - [2023-11-23T02:25:19.903+0000] {dagbag.py:536} INFO - Filling up the DagBag from /home/airflow/.local/lib/python3.8/site-packages/airflow/example_dags/example_branch_day_of_week_operator.py
[2023-11-23T02:25:19.915+0000] {processor.py:839} INFO - DAG(s) dict_keys(['example_weekday_branch_operator']) retrieved from /home/airflow/.local/lib/python3.8/site-packages/airflow/example_dags/example_branch_day_of_week_operator.py
[2023-11-23T02:25:20.153+0000] {logging_mixin.py:154} INFO - [2023-11-23T02:25:20.153+0000] {manager.py:499} INFO - Created Permission View: %s
[2023-11-23T02:25:20.190+0000] {logging_mixin.py:154} INFO - [2023-11-23T02:25:20.188+0000] {manager.py:499} INFO - Created Permission View: %s
[2023-11-23T02:25:20.207+0000] {logging_mixin.py:154} INFO - [2023-11-23T02:25:20.206+0000] {manager.py:499} INFO - Created Permission View: %s
[2023-11-23T02:25:20.211+0000] {logging_mixin.py:154} INFO - [2023-11-23T02:25:20.211+0000] {dag.py:2941} INFO - Sync 1 DAGs
[2023-11-23T02:25:20.250+0000] {logging_mixin.py:154} INFO - [2023-11-23T02:25:20.248+0000] {dag.py:2963} INFO - Creating ORM DAG for example_weekday_branch_operator
[2023-11-23T02:25:20.299+0000] {logging_mixin.py:154} INFO - [2023-11-23T02:25:20.298+0000] {dag.py:3722} INFO - Setting next_dagrun for example_weekday_branch_operator to 2023-11-22T00:00:00+00:00, run_after=2023-11-23T00:00:00+00:00
[2023-11-23T02:25:20.343+0000] {processor.py:179} INFO - Processing /home/airflow/.local/lib/python3.8/site-packages/airflow/example_dags/example_branch_day_of_week_operator.py took 0.453 seconds
[2023-11-23T02:25:58.481+0000] {processor.py:157} INFO - Started process (PID=135) to work on /home/airflow/.local/lib/python3.8/site-packages/airflow/example_dags/example_branch_day_of_week_operator.py
[2023-11-23T02:25:58.484+0000] {processor.py:829} INFO - Processing file /home/airflow/.local/lib/python3.8/site-packages/airflow/example_dags/example_branch_day_of_week_operator.py for tasks to queue
[2023-11-23T02:25:58.487+0000] {logging_mixin.py:154} INFO - [2023-11-23T02:25:58.487+0000] {dagbag.py:536} INFO - Filling up the DagBag from /home/airflow/.local/lib/python3.8/site-packages/airflow/example_dags/example_branch_day_of_week_operator.py
[2023-11-23T02:25:58.508+0000] {processor.py:839} INFO - DAG(s) dict_keys(['example_weekday_branch_operator']) retrieved from /home/airflow/.local/lib/python3.8/site-packages/airflow/example_dags/example_branch_day_of_week_operator.py
[2023-11-23T02:25:58.585+0000] {logging_mixin.py:154} INFO - [2023-11-23T02:25:58.584+0000] {dag.py:2941} INFO - Sync 1 DAGs
[2023-11-23T02:25:58.680+0000] {logging_mixin.py:154} INFO - [2023-11-23T02:25:58.679+0000] {dag.py:3722} INFO - Setting next_dagrun for example_weekday_branch_operator to 2023-11-22T00:00:00+00:00, run_after=2023-11-23T00:00:00+00:00
[2023-11-23T02:25:58.726+0000] {processor.py:179} INFO - Processing /home/airflow/.local/lib/python3.8/site-packages/airflow/example_dags/example_branch_day_of_week_operator.py took 0.253 seconds
[2023-11-23T02:26:29.343+0000] {processor.py:157} INFO - Started process (PID=189) to work on /home/airflow/.local/lib/python3.8/site-packages/airflow/example_dags/example_branch_day_of_week_operator.py
[2023-11-23T02:26:29.345+0000] {processor.py:829} INFO - Processing file /home/airflow/.local/lib/python3.8/site-packages/airflow/example_dags/example_branch_day_of_week_operator.py for tasks to queue
[2023-11-23T02:26:29.351+0000] {logging_mixin.py:154} INFO - [2023-11-23T02:26:29.349+0000] {dagbag.py:536} INFO - Filling up the DagBag from /home/airflow/.local/lib/python3.8/site-packages/airflow/example_dags/example_branch_day_of_week_operator.py
[2023-11-23T02:26:29.368+0000] {processor.py:839} INFO - DAG(s) dict_keys(['example_weekday_branch_operator']) retrieved from /home/airflow/.local/lib/python3.8/site-packages/airflow/example_dags/example_branch_day_of_week_operator.py
[2023-11-23T02:26:29.409+0000] {logging_mixin.py:154} INFO - [2023-11-23T02:26:29.409+0000] {dag.py:2941} INFO - Sync 1 DAGs
[2023-11-23T02:26:29.443+0000] {logging_mixin.py:154} INFO - [2023-11-23T02:26:29.443+0000] {dag.py:3722} INFO - Setting next_dagrun for example_weekday_branch_operator to 2023-11-22T00:00:00+00:00, run_after=2023-11-23T00:00:00+00:00
[2023-11-23T02:26:29.465+0000] {processor.py:179} INFO - Processing /home/airflow/.local/lib/python3.8/site-packages/airflow/example_dags/example_branch_day_of_week_operator.py took 0.131 seconds
[2023-11-23T02:27:00.348+0000] {processor.py:157} INFO - Started process (PID=243) to work on /home/airflow/.local/lib/python3.8/site-packages/airflow/example_dags/example_branch_day_of_week_operator.py
[2023-11-23T02:27:00.350+0000] {processor.py:829} INFO - Processing file /home/airflow/.local/lib/python3.8/site-packages/airflow/example_dags/example_branch_day_of_week_operator.py for tasks to queue
[2023-11-23T02:27:00.355+0000] {logging_mixin.py:154} INFO - [2023-11-23T02:27:00.355+0000] {dagbag.py:536} INFO - Filling up the DagBag from /home/airflow/.local/lib/python3.8/site-packages/airflow/example_dags/example_branch_day_of_week_operator.py
[2023-11-23T02:27:00.370+0000] {processor.py:839} INFO - DAG(s) dict_keys(['example_weekday_branch_operator']) retrieved from /home/airflow/.local/lib/python3.8/site-packages/airflow/example_dags/example_branch_day_of_week_operator.py
[2023-11-23T02:27:00.405+0000] {logging_mixin.py:154} INFO - [2023-11-23T02:27:00.405+0000] {dag.py:2941} INFO - Sync 1 DAGs
[2023-11-23T02:27:00.446+0000] {logging_mixin.py:154} INFO - [2023-11-23T02:27:00.446+0000] {dag.py:3722} INFO - Setting next_dagrun for example_weekday_branch_operator to 2023-11-22T00:00:00+00:00, run_after=2023-11-23T00:00:00+00:00
[2023-11-23T02:27:00.469+0000] {processor.py:179} INFO - Processing /home/airflow/.local/lib/python3.8/site-packages/airflow/example_dags/example_branch_day_of_week_operator.py took 0.129 seconds
[2023-11-23T02:27:32.823+0000] {processor.py:157} INFO - Started process (PID=297) to work on /home/airflow/.local/lib/python3.8/site-packages/airflow/example_dags/example_branch_day_of_week_operator.py
[2023-11-23T02:27:32.829+0000] {processor.py:829} INFO - Processing file /home/airflow/.local/lib/python3.8/site-packages/airflow/example_dags/example_branch_day_of_week_operator.py for tasks to queue
[2023-11-23T02:27:32.840+0000] {logging_mixin.py:154} INFO - [2023-11-23T02:27:32.840+0000] {dagbag.py:536} INFO - Filling up the DagBag from /home/airflow/.local/lib/python3.8/site-packages/airflow/example_dags/example_branch_day_of_week_operator.py
[2023-11-23T02:27:32.879+0000] {processor.py:839} INFO - DAG(s) dict_keys(['example_weekday_branch_operator']) retrieved from /home/airflow/.local/lib/python3.8/site-packages/airflow/example_dags/example_branch_day_of_week_operator.py
[2023-11-23T02:27:32.937+0000] {logging_mixin.py:154} INFO - [2023-11-23T02:27:32.937+0000] {dag.py:2941} INFO - Sync 1 DAGs
[2023-11-23T02:27:33.078+0000] {logging_mixin.py:154} INFO - [2023-11-23T02:27:33.078+0000] {dag.py:3722} INFO - Setting next_dagrun for example_weekday_branch_operator to 2023-11-22T00:00:00+00:00, run_after=2023-11-23T00:00:00+00:00
[2023-11-23T02:27:33.233+0000] {processor.py:179} INFO - Processing /home/airflow/.local/lib/python3.8/site-packages/airflow/example_dags/example_branch_day_of_week_operator.py took 0.422 seconds
[2023-11-23T02:28:03.529+0000] {processor.py:157} INFO - Started process (PID=349) to work on /home/airflow/.local/lib/python3.8/site-packages/airflow/example_dags/example_branch_day_of_week_operator.py
[2023-11-23T02:28:03.535+0000] {processor.py:829} INFO - Processing file /home/airflow/.local/lib/python3.8/site-packages/airflow/example_dags/example_branch_day_of_week_operator.py for tasks to queue
[2023-11-23T02:28:03.542+0000] {logging_mixin.py:154} INFO - [2023-11-23T02:28:03.542+0000] {dagbag.py:536} INFO - Filling up the DagBag from /home/airflow/.local/lib/python3.8/site-packages/airflow/example_dags/example_branch_day_of_week_operator.py
[2023-11-23T02:28:03.555+0000] {processor.py:839} INFO - DAG(s) dict_keys(['example_weekday_branch_operator']) retrieved from /home/airflow/.local/lib/python3.8/site-packages/airflow/example_dags/example_branch_day_of_week_operator.py
[2023-11-23T02:28:03.609+0000] {logging_mixin.py:154} INFO - [2023-11-23T02:28:03.609+0000] {dag.py:2941} INFO - Sync 1 DAGs
[2023-11-23T02:28:03.667+0000] {logging_mixin.py:154} INFO - [2023-11-23T02:28:03.667+0000] {dag.py:3722} INFO - Setting next_dagrun for example_weekday_branch_operator to 2023-11-22T00:00:00+00:00, run_after=2023-11-23T00:00:00+00:00
[2023-11-23T02:28:03.709+0000] {processor.py:179} INFO - Processing /home/airflow/.local/lib/python3.8/site-packages/airflow/example_dags/example_branch_day_of_week_operator.py took 0.203 seconds
[2023-11-23T02:28:34.217+0000] {processor.py:157} INFO - Started process (PID=402) to work on /home/airflow/.local/lib/python3.8/site-packages/airflow/example_dags/example_branch_day_of_week_operator.py
[2023-11-23T02:28:34.220+0000] {processor.py:829} INFO - Processing file /home/airflow/.local/lib/python3.8/site-packages/airflow/example_dags/example_branch_day_of_week_operator.py for tasks to queue
[2023-11-23T02:28:34.227+0000] {logging_mixin.py:154} INFO - [2023-11-23T02:28:34.227+0000] {dagbag.py:536} INFO - Filling up the DagBag from /home/airflow/.local/lib/python3.8/site-packages/airflow/example_dags/example_branch_day_of_week_operator.py
[2023-11-23T02:28:34.265+0000] {processor.py:839} INFO - DAG(s) dict_keys(['example_weekday_branch_operator']) retrieved from /home/airflow/.local/lib/python3.8/site-packages/airflow/example_dags/example_branch_day_of_week_operator.py
[2023-11-23T02:28:34.351+0000] {logging_mixin.py:154} INFO - [2023-11-23T02:28:34.351+0000] {dag.py:2941} INFO - Sync 1 DAGs
[2023-11-23T02:28:34.393+0000] {logging_mixin.py:154} INFO - [2023-11-23T02:28:34.393+0000] {dag.py:3722} INFO - Setting next_dagrun for example_weekday_branch_operator to 2023-11-22T00:00:00+00:00, run_after=2023-11-23T00:00:00+00:00
[2023-11-23T02:28:34.416+0000] {processor.py:179} INFO - Processing /home/airflow/.local/lib/python3.8/site-packages/airflow/example_dags/example_branch_day_of_week_operator.py took 0.205 seconds
[2023-11-23T02:29:04.524+0000] {processor.py:157} INFO - Started process (PID=456) to work on /home/airflow/.local/lib/python3.8/site-packages/airflow/example_dags/example_branch_day_of_week_operator.py
[2023-11-23T02:29:04.526+0000] {processor.py:829} INFO - Processing file /home/airflow/.local/lib/python3.8/site-packages/airflow/example_dags/example_branch_day_of_week_operator.py for tasks to queue
[2023-11-23T02:29:04.530+0000] {logging_mixin.py:154} INFO - [2023-11-23T02:29:04.530+0000] {dagbag.py:536} INFO - Filling up the DagBag from /home/airflow/.local/lib/python3.8/site-packages/airflow/example_dags/example_branch_day_of_week_operator.py
[2023-11-23T02:29:04.543+0000] {processor.py:839} INFO - DAG(s) dict_keys(['example_weekday_branch_operator']) retrieved from /home/airflow/.local/lib/python3.8/site-packages/airflow/example_dags/example_branch_day_of_week_operator.py
[2023-11-23T02:29:04.573+0000] {logging_mixin.py:154} INFO - [2023-11-23T02:29:04.573+0000] {dag.py:2941} INFO - Sync 1 DAGs
[2023-11-23T02:29:04.600+0000] {logging_mixin.py:154} INFO - [2023-11-23T02:29:04.600+0000] {dag.py:3722} INFO - Setting next_dagrun for example_weekday_branch_operator to 2023-11-22T00:00:00+00:00, run_after=2023-11-23T00:00:00+00:00
[2023-11-23T02:29:04.623+0000] {processor.py:179} INFO - Processing /home/airflow/.local/lib/python3.8/site-packages/airflow/example_dags/example_branch_day_of_week_operator.py took 0.105 seconds
[2023-11-23T02:29:34.657+0000] {processor.py:157} INFO - Started process (PID=510) to work on /home/airflow/.local/lib/python3.8/site-packages/airflow/example_dags/example_branch_day_of_week_operator.py
[2023-11-23T02:29:34.658+0000] {processor.py:829} INFO - Processing file /home/airflow/.local/lib/python3.8/site-packages/airflow/example_dags/example_branch_day_of_week_operator.py for tasks to queue
[2023-11-23T02:29:34.661+0000] {logging_mixin.py:154} INFO - [2023-11-23T02:29:34.661+0000] {dagbag.py:536} INFO - Filling up the DagBag from /home/airflow/.local/lib/python3.8/site-packages/airflow/example_dags/example_branch_day_of_week_operator.py
[2023-11-23T02:29:34.673+0000] {processor.py:839} INFO - DAG(s) dict_keys(['example_weekday_branch_operator']) retrieved from /home/airflow/.local/lib/python3.8/site-packages/airflow/example_dags/example_branch_day_of_week_operator.py
[2023-11-23T02:29:34.698+0000] {logging_mixin.py:154} INFO - [2023-11-23T02:29:34.697+0000] {dag.py:2941} INFO - Sync 1 DAGs
[2023-11-23T02:29:34.729+0000] {logging_mixin.py:154} INFO - [2023-11-23T02:29:34.728+0000] {dag.py:3722} INFO - Setting next_dagrun for example_weekday_branch_operator to 2023-11-22T00:00:00+00:00, run_after=2023-11-23T00:00:00+00:00
[2023-11-23T02:29:34.752+0000] {processor.py:179} INFO - Processing /home/airflow/.local/lib/python3.8/site-packages/airflow/example_dags/example_branch_day_of_week_operator.py took 0.099 seconds
[2023-11-23T02:30:05.148+0000] {processor.py:157} INFO - Started process (PID=564) to work on /home/airflow/.local/lib/python3.8/site-packages/airflow/example_dags/example_branch_day_of_week_operator.py
[2023-11-23T02:30:05.151+0000] {processor.py:829} INFO - Processing file /home/airflow/.local/lib/python3.8/site-packages/airflow/example_dags/example_branch_day_of_week_operator.py for tasks to queue
[2023-11-23T02:30:05.174+0000] {logging_mixin.py:154} INFO - [2023-11-23T02:30:05.173+0000] {dagbag.py:536} INFO - Filling up the DagBag from /home/airflow/.local/lib/python3.8/site-packages/airflow/example_dags/example_branch_day_of_week_operator.py
[2023-11-23T02:30:05.211+0000] {processor.py:839} INFO - DAG(s) dict_keys(['example_weekday_branch_operator']) retrieved from /home/airflow/.local/lib/python3.8/site-packages/airflow/example_dags/example_branch_day_of_week_operator.py
[2023-11-23T02:30:05.270+0000] {logging_mixin.py:154} INFO - [2023-11-23T02:30:05.269+0000] {dag.py:2941} INFO - Sync 1 DAGs
[2023-11-23T02:30:05.325+0000] {logging_mixin.py:154} INFO - [2023-11-23T02:30:05.324+0000] {dag.py:3722} INFO - Setting next_dagrun for example_weekday_branch_operator to 2023-11-22T00:00:00+00:00, run_after=2023-11-23T00:00:00+00:00
[2023-11-23T02:30:05.390+0000] {processor.py:179} INFO - Processing /home/airflow/.local/lib/python3.8/site-packages/airflow/example_dags/example_branch_day_of_week_operator.py took 0.251 seconds
[2023-11-23T02:30:35.878+0000] {processor.py:157} INFO - Started process (PID=617) to work on /home/airflow/.local/lib/python3.8/site-packages/airflow/example_dags/example_branch_day_of_week_operator.py
[2023-11-23T02:30:35.881+0000] {processor.py:829} INFO - Processing file /home/airflow/.local/lib/python3.8/site-packages/airflow/example_dags/example_branch_day_of_week_operator.py for tasks to queue
[2023-11-23T02:30:35.887+0000] {logging_mixin.py:154} INFO - [2023-11-23T02:30:35.887+0000] {dagbag.py:536} INFO - Filling up the DagBag from /home/airflow/.local/lib/python3.8/site-packages/airflow/example_dags/example_branch_day_of_week_operator.py
[2023-11-23T02:30:35.913+0000] {processor.py:839} INFO - DAG(s) dict_keys(['example_weekday_branch_operator']) retrieved from /home/airflow/.local/lib/python3.8/site-packages/airflow/example_dags/example_branch_day_of_week_operator.py
[2023-11-23T02:30:35.974+0000] {logging_mixin.py:154} INFO - [2023-11-23T02:30:35.973+0000] {dag.py:2941} INFO - Sync 1 DAGs
[2023-11-23T02:30:36.043+0000] {logging_mixin.py:154} INFO - [2023-11-23T02:30:36.042+0000] {dag.py:3722} INFO - Setting next_dagrun for example_weekday_branch_operator to 2023-11-22T00:00:00+00:00, run_after=2023-11-23T00:00:00+00:00
[2023-11-23T02:30:36.104+0000] {processor.py:179} INFO - Processing /home/airflow/.local/lib/python3.8/site-packages/airflow/example_dags/example_branch_day_of_week_operator.py took 0.231 seconds
[2023-11-23T02:31:06.201+0000] {processor.py:157} INFO - Started process (PID=671) to work on /home/airflow/.local/lib/python3.8/site-packages/airflow/example_dags/example_branch_day_of_week_operator.py
[2023-11-23T02:31:06.206+0000] {processor.py:829} INFO - Processing file /home/airflow/.local/lib/python3.8/site-packages/airflow/example_dags/example_branch_day_of_week_operator.py for tasks to queue
[2023-11-23T02:31:06.215+0000] {logging_mixin.py:154} INFO - [2023-11-23T02:31:06.214+0000] {dagbag.py:536} INFO - Filling up the DagBag from /home/airflow/.local/lib/python3.8/site-packages/airflow/example_dags/example_branch_day_of_week_operator.py
[2023-11-23T02:31:06.240+0000] {processor.py:839} INFO - DAG(s) dict_keys(['example_weekday_branch_operator']) retrieved from /home/airflow/.local/lib/python3.8/site-packages/airflow/example_dags/example_branch_day_of_week_operator.py
[2023-11-23T02:31:06.334+0000] {logging_mixin.py:154} INFO - [2023-11-23T02:31:06.334+0000] {dag.py:2941} INFO - Sync 1 DAGs
[2023-11-23T02:31:06.409+0000] {logging_mixin.py:154} INFO - [2023-11-23T02:31:06.408+0000] {dag.py:3722} INFO - Setting next_dagrun for example_weekday_branch_operator to 2023-11-22T00:00:00+00:00, run_after=2023-11-23T00:00:00+00:00
[2023-11-23T02:31:06.473+0000] {processor.py:179} INFO - Processing /home/airflow/.local/lib/python3.8/site-packages/airflow/example_dags/example_branch_day_of_week_operator.py took 0.281 seconds
[2023-11-23T02:31:37.197+0000] {processor.py:157} INFO - Started process (PID=725) to work on /home/airflow/.local/lib/python3.8/site-packages/airflow/example_dags/example_branch_day_of_week_operator.py
[2023-11-23T02:31:37.200+0000] {processor.py:829} INFO - Processing file /home/airflow/.local/lib/python3.8/site-packages/airflow/example_dags/example_branch_day_of_week_operator.py for tasks to queue
[2023-11-23T02:31:37.205+0000] {logging_mixin.py:154} INFO - [2023-11-23T02:31:37.205+0000] {dagbag.py:536} INFO - Filling up the DagBag from /home/airflow/.local/lib/python3.8/site-packages/airflow/example_dags/example_branch_day_of_week_operator.py
[2023-11-23T02:31:37.234+0000] {processor.py:839} INFO - DAG(s) dict_keys(['example_weekday_branch_operator']) retrieved from /home/airflow/.local/lib/python3.8/site-packages/airflow/example_dags/example_branch_day_of_week_operator.py
[2023-11-23T02:31:37.292+0000] {logging_mixin.py:154} INFO - [2023-11-23T02:31:37.291+0000] {dag.py:2941} INFO - Sync 1 DAGs
[2023-11-23T02:31:37.337+0000] {logging_mixin.py:154} INFO - [2023-11-23T02:31:37.337+0000] {dag.py:3722} INFO - Setting next_dagrun for example_weekday_branch_operator to 2023-11-22T00:00:00+00:00, run_after=2023-11-23T00:00:00+00:00
[2023-11-23T02:31:37.378+0000] {processor.py:179} INFO - Processing /home/airflow/.local/lib/python3.8/site-packages/airflow/example_dags/example_branch_day_of_week_operator.py took 0.187 seconds
[2023-11-23T03:44:25.239+0000] {processor.py:157} INFO - Started process (PID=86) to work on /home/airflow/.local/lib/python3.8/site-packages/airflow/example_dags/example_branch_day_of_week_operator.py
[2023-11-23T03:44:25.243+0000] {processor.py:829} INFO - Processing file /home/airflow/.local/lib/python3.8/site-packages/airflow/example_dags/example_branch_day_of_week_operator.py for tasks to queue
[2023-11-23T03:44:25.249+0000] {logging_mixin.py:154} INFO - [2023-11-23T03:44:25.248+0000] {dagbag.py:536} INFO - Filling up the DagBag from /home/airflow/.local/lib/python3.8/site-packages/airflow/example_dags/example_branch_day_of_week_operator.py
[2023-11-23T03:44:25.268+0000] {processor.py:839} INFO - DAG(s) dict_keys(['example_weekday_branch_operator']) retrieved from /home/airflow/.local/lib/python3.8/site-packages/airflow/example_dags/example_branch_day_of_week_operator.py
[2023-11-23T03:44:25.335+0000] {logging_mixin.py:154} INFO - [2023-11-23T03:44:25.334+0000] {dag.py:2941} INFO - Sync 1 DAGs
[2023-11-23T03:44:25.378+0000] {logging_mixin.py:154} INFO - [2023-11-23T03:44:25.378+0000] {dag.py:3722} INFO - Setting next_dagrun for example_weekday_branch_operator to 2023-11-22T00:00:00+00:00, run_after=2023-11-23T00:00:00+00:00
[2023-11-23T03:44:25.449+0000] {processor.py:179} INFO - Processing /home/airflow/.local/lib/python3.8/site-packages/airflow/example_dags/example_branch_day_of_week_operator.py took 0.216 seconds
[2023-11-23T03:44:55.890+0000] {processor.py:157} INFO - Started process (PID=140) to work on /home/airflow/.local/lib/python3.8/site-packages/airflow/example_dags/example_branch_day_of_week_operator.py
[2023-11-23T03:44:55.897+0000] {processor.py:829} INFO - Processing file /home/airflow/.local/lib/python3.8/site-packages/airflow/example_dags/example_branch_day_of_week_operator.py for tasks to queue
[2023-11-23T03:44:55.903+0000] {logging_mixin.py:154} INFO - [2023-11-23T03:44:55.903+0000] {dagbag.py:536} INFO - Filling up the DagBag from /home/airflow/.local/lib/python3.8/site-packages/airflow/example_dags/example_branch_day_of_week_operator.py
[2023-11-23T03:44:55.924+0000] {processor.py:839} INFO - DAG(s) dict_keys(['example_weekday_branch_operator']) retrieved from /home/airflow/.local/lib/python3.8/site-packages/airflow/example_dags/example_branch_day_of_week_operator.py
[2023-11-23T03:44:55.975+0000] {logging_mixin.py:154} INFO - [2023-11-23T03:44:55.975+0000] {dag.py:2941} INFO - Sync 1 DAGs
[2023-11-23T03:44:56.038+0000] {logging_mixin.py:154} INFO - [2023-11-23T03:44:56.038+0000] {dag.py:3722} INFO - Setting next_dagrun for example_weekday_branch_operator to 2023-11-22T00:00:00+00:00, run_after=2023-11-23T00:00:00+00:00
[2023-11-23T03:44:56.070+0000] {processor.py:179} INFO - Processing /home/airflow/.local/lib/python3.8/site-packages/airflow/example_dags/example_branch_day_of_week_operator.py took 0.189 seconds
[2023-11-23T04:15:43.983+0000] {processor.py:157} INFO - Started process (PID=205) to work on /home/airflow/.local/lib/python3.8/site-packages/airflow/example_dags/example_branch_day_of_week_operator.py
[2023-11-23T04:15:43.987+0000] {processor.py:829} INFO - Processing file /home/airflow/.local/lib/python3.8/site-packages/airflow/example_dags/example_branch_day_of_week_operator.py for tasks to queue
[2023-11-23T04:15:43.992+0000] {logging_mixin.py:154} INFO - [2023-11-23T04:15:43.992+0000] {dagbag.py:536} INFO - Filling up the DagBag from /home/airflow/.local/lib/python3.8/site-packages/airflow/example_dags/example_branch_day_of_week_operator.py
[2023-11-23T04:15:44.007+0000] {processor.py:839} INFO - DAG(s) dict_keys(['example_weekday_branch_operator']) retrieved from /home/airflow/.local/lib/python3.8/site-packages/airflow/example_dags/example_branch_day_of_week_operator.py
[2023-11-23T04:15:44.045+0000] {logging_mixin.py:154} INFO - [2023-11-23T04:15:44.045+0000] {dag.py:2941} INFO - Sync 1 DAGs
[2023-11-23T04:15:44.087+0000] {logging_mixin.py:154} INFO - [2023-11-23T04:15:44.087+0000] {dag.py:3722} INFO - Setting next_dagrun for example_weekday_branch_operator to 2023-11-22T00:00:00+00:00, run_after=2023-11-23T00:00:00+00:00
[2023-11-23T04:15:44.135+0000] {processor.py:179} INFO - Processing /home/airflow/.local/lib/python3.8/site-packages/airflow/example_dags/example_branch_day_of_week_operator.py took 0.157 seconds
[2023-11-23T04:16:15.070+0000] {processor.py:157} INFO - Started process (PID=258) to work on /home/airflow/.local/lib/python3.8/site-packages/airflow/example_dags/example_branch_day_of_week_operator.py
[2023-11-23T04:16:15.072+0000] {processor.py:829} INFO - Processing file /home/airflow/.local/lib/python3.8/site-packages/airflow/example_dags/example_branch_day_of_week_operator.py for tasks to queue
[2023-11-23T04:16:15.076+0000] {logging_mixin.py:154} INFO - [2023-11-23T04:16:15.075+0000] {dagbag.py:536} INFO - Filling up the DagBag from /home/airflow/.local/lib/python3.8/site-packages/airflow/example_dags/example_branch_day_of_week_operator.py
[2023-11-23T04:16:15.085+0000] {processor.py:839} INFO - DAG(s) dict_keys(['example_weekday_branch_operator']) retrieved from /home/airflow/.local/lib/python3.8/site-packages/airflow/example_dags/example_branch_day_of_week_operator.py
[2023-11-23T04:16:15.117+0000] {logging_mixin.py:154} INFO - [2023-11-23T04:16:15.117+0000] {dag.py:2941} INFO - Sync 1 DAGs
[2023-11-23T04:16:15.147+0000] {logging_mixin.py:154} INFO - [2023-11-23T04:16:15.146+0000] {dag.py:3722} INFO - Setting next_dagrun for example_weekday_branch_operator to 2023-11-22T00:00:00+00:00, run_after=2023-11-23T00:00:00+00:00
[2023-11-23T04:16:15.173+0000] {processor.py:179} INFO - Processing /home/airflow/.local/lib/python3.8/site-packages/airflow/example_dags/example_branch_day_of_week_operator.py took 0.107 seconds
[2023-11-23T04:16:45.762+0000] {processor.py:157} INFO - Started process (PID=312) to work on /home/airflow/.local/lib/python3.8/site-packages/airflow/example_dags/example_branch_day_of_week_operator.py
[2023-11-23T04:16:45.764+0000] {processor.py:829} INFO - Processing file /home/airflow/.local/lib/python3.8/site-packages/airflow/example_dags/example_branch_day_of_week_operator.py for tasks to queue
[2023-11-23T04:16:45.768+0000] {logging_mixin.py:154} INFO - [2023-11-23T04:16:45.767+0000] {dagbag.py:536} INFO - Filling up the DagBag from /home/airflow/.local/lib/python3.8/site-packages/airflow/example_dags/example_branch_day_of_week_operator.py
[2023-11-23T04:16:45.789+0000] {processor.py:839} INFO - DAG(s) dict_keys(['example_weekday_branch_operator']) retrieved from /home/airflow/.local/lib/python3.8/site-packages/airflow/example_dags/example_branch_day_of_week_operator.py
[2023-11-23T04:16:45.831+0000] {logging_mixin.py:154} INFO - [2023-11-23T04:16:45.831+0000] {dag.py:2941} INFO - Sync 1 DAGs
[2023-11-23T04:16:45.871+0000] {logging_mixin.py:154} INFO - [2023-11-23T04:16:45.870+0000] {dag.py:3722} INFO - Setting next_dagrun for example_weekday_branch_operator to 2023-11-22T00:00:00+00:00, run_after=2023-11-23T00:00:00+00:00
[2023-11-23T04:16:45.902+0000] {processor.py:179} INFO - Processing /home/airflow/.local/lib/python3.8/site-packages/airflow/example_dags/example_branch_day_of_week_operator.py took 0.147 seconds
[2023-11-23T04:17:16.098+0000] {processor.py:157} INFO - Started process (PID=366) to work on /home/airflow/.local/lib/python3.8/site-packages/airflow/example_dags/example_branch_day_of_week_operator.py
[2023-11-23T04:17:16.100+0000] {processor.py:829} INFO - Processing file /home/airflow/.local/lib/python3.8/site-packages/airflow/example_dags/example_branch_day_of_week_operator.py for tasks to queue
[2023-11-23T04:17:16.106+0000] {logging_mixin.py:154} INFO - [2023-11-23T04:17:16.105+0000] {dagbag.py:536} INFO - Filling up the DagBag from /home/airflow/.local/lib/python3.8/site-packages/airflow/example_dags/example_branch_day_of_week_operator.py
[2023-11-23T04:17:16.123+0000] {processor.py:839} INFO - DAG(s) dict_keys(['example_weekday_branch_operator']) retrieved from /home/airflow/.local/lib/python3.8/site-packages/airflow/example_dags/example_branch_day_of_week_operator.py
[2023-11-23T04:17:16.160+0000] {logging_mixin.py:154} INFO - [2023-11-23T04:17:16.159+0000] {dag.py:2941} INFO - Sync 1 DAGs
[2023-11-23T04:17:16.198+0000] {logging_mixin.py:154} INFO - [2023-11-23T04:17:16.198+0000] {dag.py:3722} INFO - Setting next_dagrun for example_weekday_branch_operator to 2023-11-22T00:00:00+00:00, run_after=2023-11-23T00:00:00+00:00
[2023-11-23T04:17:16.237+0000] {processor.py:179} INFO - Processing /home/airflow/.local/lib/python3.8/site-packages/airflow/example_dags/example_branch_day_of_week_operator.py took 0.147 seconds
[2023-11-23T04:17:46.307+0000] {processor.py:157} INFO - Started process (PID=419) to work on /home/airflow/.local/lib/python3.8/site-packages/airflow/example_dags/example_branch_day_of_week_operator.py
[2023-11-23T04:17:46.309+0000] {processor.py:829} INFO - Processing file /home/airflow/.local/lib/python3.8/site-packages/airflow/example_dags/example_branch_day_of_week_operator.py for tasks to queue
[2023-11-23T04:17:46.315+0000] {logging_mixin.py:154} INFO - [2023-11-23T04:17:46.314+0000] {dagbag.py:536} INFO - Filling up the DagBag from /home/airflow/.local/lib/python3.8/site-packages/airflow/example_dags/example_branch_day_of_week_operator.py
[2023-11-23T04:17:46.331+0000] {processor.py:839} INFO - DAG(s) dict_keys(['example_weekday_branch_operator']) retrieved from /home/airflow/.local/lib/python3.8/site-packages/airflow/example_dags/example_branch_day_of_week_operator.py
[2023-11-23T04:17:46.366+0000] {logging_mixin.py:154} INFO - [2023-11-23T04:17:46.366+0000] {dag.py:2941} INFO - Sync 1 DAGs
[2023-11-23T04:17:46.425+0000] {logging_mixin.py:154} INFO - [2023-11-23T04:17:46.425+0000] {dag.py:3722} INFO - Setting next_dagrun for example_weekday_branch_operator to 2023-11-22T00:00:00+00:00, run_after=2023-11-23T00:00:00+00:00
[2023-11-23T04:17:46.480+0000] {processor.py:179} INFO - Processing /home/airflow/.local/lib/python3.8/site-packages/airflow/example_dags/example_branch_day_of_week_operator.py took 0.185 seconds
[2023-11-23T04:18:18.486+0000] {processor.py:157} INFO - Started process (PID=479) to work on /home/airflow/.local/lib/python3.8/site-packages/airflow/example_dags/example_branch_day_of_week_operator.py
[2023-11-23T04:18:18.488+0000] {processor.py:829} INFO - Processing file /home/airflow/.local/lib/python3.8/site-packages/airflow/example_dags/example_branch_day_of_week_operator.py for tasks to queue
[2023-11-23T04:18:18.492+0000] {logging_mixin.py:154} INFO - [2023-11-23T04:18:18.492+0000] {dagbag.py:536} INFO - Filling up the DagBag from /home/airflow/.local/lib/python3.8/site-packages/airflow/example_dags/example_branch_day_of_week_operator.py
[2023-11-23T04:18:18.516+0000] {processor.py:839} INFO - DAG(s) dict_keys(['example_weekday_branch_operator']) retrieved from /home/airflow/.local/lib/python3.8/site-packages/airflow/example_dags/example_branch_day_of_week_operator.py
[2023-11-23T04:18:18.552+0000] {logging_mixin.py:154} INFO - [2023-11-23T04:18:18.552+0000] {dag.py:2941} INFO - Sync 1 DAGs
[2023-11-23T04:18:18.598+0000] {logging_mixin.py:154} INFO - [2023-11-23T04:18:18.598+0000] {dag.py:3722} INFO - Setting next_dagrun for example_weekday_branch_operator to 2023-11-22T00:00:00+00:00, run_after=2023-11-23T00:00:00+00:00
[2023-11-23T04:18:18.641+0000] {processor.py:179} INFO - Processing /home/airflow/.local/lib/python3.8/site-packages/airflow/example_dags/example_branch_day_of_week_operator.py took 0.164 seconds
[2023-11-23T04:18:50.990+0000] {processor.py:157} INFO - Started process (PID=534) to work on /home/airflow/.local/lib/python3.8/site-packages/airflow/example_dags/example_branch_day_of_week_operator.py
[2023-11-23T04:18:50.993+0000] {processor.py:829} INFO - Processing file /home/airflow/.local/lib/python3.8/site-packages/airflow/example_dags/example_branch_day_of_week_operator.py for tasks to queue
[2023-11-23T04:18:51.000+0000] {logging_mixin.py:154} INFO - [2023-11-23T04:18:50.999+0000] {dagbag.py:536} INFO - Filling up the DagBag from /home/airflow/.local/lib/python3.8/site-packages/airflow/example_dags/example_branch_day_of_week_operator.py
[2023-11-23T04:18:51.020+0000] {processor.py:839} INFO - DAG(s) dict_keys(['example_weekday_branch_operator']) retrieved from /home/airflow/.local/lib/python3.8/site-packages/airflow/example_dags/example_branch_day_of_week_operator.py
[2023-11-23T04:18:51.070+0000] {logging_mixin.py:154} INFO - [2023-11-23T04:18:51.070+0000] {dag.py:2941} INFO - Sync 1 DAGs
[2023-11-23T04:18:51.135+0000] {logging_mixin.py:154} INFO - [2023-11-23T04:18:51.134+0000] {dag.py:3722} INFO - Setting next_dagrun for example_weekday_branch_operator to 2023-11-22T00:00:00+00:00, run_after=2023-11-23T00:00:00+00:00
[2023-11-23T04:18:51.217+0000] {processor.py:179} INFO - Processing /home/airflow/.local/lib/python3.8/site-packages/airflow/example_dags/example_branch_day_of_week_operator.py took 0.240 seconds
[2023-11-23T04:19:23.241+0000] {processor.py:157} INFO - Started process (PID=588) to work on /home/airflow/.local/lib/python3.8/site-packages/airflow/example_dags/example_branch_day_of_week_operator.py
[2023-11-23T04:19:23.244+0000] {processor.py:829} INFO - Processing file /home/airflow/.local/lib/python3.8/site-packages/airflow/example_dags/example_branch_day_of_week_operator.py for tasks to queue
[2023-11-23T04:19:23.251+0000] {logging_mixin.py:154} INFO - [2023-11-23T04:19:23.250+0000] {dagbag.py:536} INFO - Filling up the DagBag from /home/airflow/.local/lib/python3.8/site-packages/airflow/example_dags/example_branch_day_of_week_operator.py
[2023-11-23T04:19:23.270+0000] {processor.py:839} INFO - DAG(s) dict_keys(['example_weekday_branch_operator']) retrieved from /home/airflow/.local/lib/python3.8/site-packages/airflow/example_dags/example_branch_day_of_week_operator.py
[2023-11-23T04:19:23.322+0000] {logging_mixin.py:154} INFO - [2023-11-23T04:19:23.322+0000] {dag.py:2941} INFO - Sync 1 DAGs
[2023-11-23T04:19:23.399+0000] {logging_mixin.py:154} INFO - [2023-11-23T04:19:23.398+0000] {dag.py:3722} INFO - Setting next_dagrun for example_weekday_branch_operator to 2023-11-22T00:00:00+00:00, run_after=2023-11-23T00:00:00+00:00
[2023-11-23T04:19:23.442+0000] {processor.py:179} INFO - Processing /home/airflow/.local/lib/python3.8/site-packages/airflow/example_dags/example_branch_day_of_week_operator.py took 0.209 seconds
[2023-11-23T04:19:55.018+0000] {processor.py:157} INFO - Started process (PID=642) to work on /home/airflow/.local/lib/python3.8/site-packages/airflow/example_dags/example_branch_day_of_week_operator.py
[2023-11-23T04:19:55.026+0000] {processor.py:829} INFO - Processing file /home/airflow/.local/lib/python3.8/site-packages/airflow/example_dags/example_branch_day_of_week_operator.py for tasks to queue
[2023-11-23T04:19:55.037+0000] {logging_mixin.py:154} INFO - [2023-11-23T04:19:55.037+0000] {dagbag.py:536} INFO - Filling up the DagBag from /home/airflow/.local/lib/python3.8/site-packages/airflow/example_dags/example_branch_day_of_week_operator.py
[2023-11-23T04:19:55.099+0000] {processor.py:839} INFO - DAG(s) dict_keys(['example_weekday_branch_operator']) retrieved from /home/airflow/.local/lib/python3.8/site-packages/airflow/example_dags/example_branch_day_of_week_operator.py
[2023-11-23T04:19:55.229+0000] {logging_mixin.py:154} INFO - [2023-11-23T04:19:55.228+0000] {dag.py:2941} INFO - Sync 1 DAGs
[2023-11-23T04:19:55.342+0000] {logging_mixin.py:154} INFO - [2023-11-23T04:19:55.341+0000] {dag.py:3722} INFO - Setting next_dagrun for example_weekday_branch_operator to 2023-11-22T00:00:00+00:00, run_after=2023-11-23T00:00:00+00:00
[2023-11-23T04:19:55.421+0000] {processor.py:179} INFO - Processing /home/airflow/.local/lib/python3.8/site-packages/airflow/example_dags/example_branch_day_of_week_operator.py took 0.418 seconds
[2023-11-23T04:20:26.108+0000] {processor.py:157} INFO - Started process (PID=695) to work on /home/airflow/.local/lib/python3.8/site-packages/airflow/example_dags/example_branch_day_of_week_operator.py
[2023-11-23T04:20:26.110+0000] {processor.py:829} INFO - Processing file /home/airflow/.local/lib/python3.8/site-packages/airflow/example_dags/example_branch_day_of_week_operator.py for tasks to queue
[2023-11-23T04:20:26.116+0000] {logging_mixin.py:154} INFO - [2023-11-23T04:20:26.115+0000] {dagbag.py:536} INFO - Filling up the DagBag from /home/airflow/.local/lib/python3.8/site-packages/airflow/example_dags/example_branch_day_of_week_operator.py
[2023-11-23T04:20:26.133+0000] {processor.py:839} INFO - DAG(s) dict_keys(['example_weekday_branch_operator']) retrieved from /home/airflow/.local/lib/python3.8/site-packages/airflow/example_dags/example_branch_day_of_week_operator.py
[2023-11-23T04:20:26.184+0000] {logging_mixin.py:154} INFO - [2023-11-23T04:20:26.183+0000] {dag.py:2941} INFO - Sync 1 DAGs
[2023-11-23T04:20:26.236+0000] {logging_mixin.py:154} INFO - [2023-11-23T04:20:26.236+0000] {dag.py:3722} INFO - Setting next_dagrun for example_weekday_branch_operator to 2023-11-22T00:00:00+00:00, run_after=2023-11-23T00:00:00+00:00
[2023-11-23T04:20:26.268+0000] {processor.py:179} INFO - Processing /home/airflow/.local/lib/python3.8/site-packages/airflow/example_dags/example_branch_day_of_week_operator.py took 0.169 seconds
[2023-11-23T04:20:57.251+0000] {processor.py:157} INFO - Started process (PID=749) to work on /home/airflow/.local/lib/python3.8/site-packages/airflow/example_dags/example_branch_day_of_week_operator.py
[2023-11-23T04:20:57.255+0000] {processor.py:829} INFO - Processing file /home/airflow/.local/lib/python3.8/site-packages/airflow/example_dags/example_branch_day_of_week_operator.py for tasks to queue
[2023-11-23T04:20:57.264+0000] {logging_mixin.py:154} INFO - [2023-11-23T04:20:57.263+0000] {dagbag.py:536} INFO - Filling up the DagBag from /home/airflow/.local/lib/python3.8/site-packages/airflow/example_dags/example_branch_day_of_week_operator.py
[2023-11-23T04:20:57.285+0000] {processor.py:839} INFO - DAG(s) dict_keys(['example_weekday_branch_operator']) retrieved from /home/airflow/.local/lib/python3.8/site-packages/airflow/example_dags/example_branch_day_of_week_operator.py
[2023-11-23T04:20:57.340+0000] {logging_mixin.py:154} INFO - [2023-11-23T04:20:57.339+0000] {dag.py:2941} INFO - Sync 1 DAGs
[2023-11-23T04:20:57.392+0000] {logging_mixin.py:154} INFO - [2023-11-23T04:20:57.391+0000] {dag.py:3722} INFO - Setting next_dagrun for example_weekday_branch_operator to 2023-11-22T00:00:00+00:00, run_after=2023-11-23T00:00:00+00:00
[2023-11-23T04:20:57.425+0000] {processor.py:179} INFO - Processing /home/airflow/.local/lib/python3.8/site-packages/airflow/example_dags/example_branch_day_of_week_operator.py took 0.183 seconds
[2023-11-23T04:21:34.911+0000] {processor.py:157} INFO - Started process (PID=803) to work on /home/airflow/.local/lib/python3.8/site-packages/airflow/example_dags/example_branch_day_of_week_operator.py
[2023-11-23T04:21:34.921+0000] {processor.py:829} INFO - Processing file /home/airflow/.local/lib/python3.8/site-packages/airflow/example_dags/example_branch_day_of_week_operator.py for tasks to queue
[2023-11-23T04:21:34.939+0000] {logging_mixin.py:154} INFO - [2023-11-23T04:21:34.938+0000] {dagbag.py:536} INFO - Filling up the DagBag from /home/airflow/.local/lib/python3.8/site-packages/airflow/example_dags/example_branch_day_of_week_operator.py
[2023-11-23T04:21:34.974+0000] {processor.py:839} INFO - DAG(s) dict_keys(['example_weekday_branch_operator']) retrieved from /home/airflow/.local/lib/python3.8/site-packages/airflow/example_dags/example_branch_day_of_week_operator.py
[2023-11-23T04:21:35.073+0000] {logging_mixin.py:154} INFO - [2023-11-23T04:21:35.073+0000] {dag.py:2941} INFO - Sync 1 DAGs
[2023-11-23T04:21:35.181+0000] {logging_mixin.py:154} INFO - [2023-11-23T04:21:35.181+0000] {dag.py:3722} INFO - Setting next_dagrun for example_weekday_branch_operator to 2023-11-22T00:00:00+00:00, run_after=2023-11-23T00:00:00+00:00
[2023-11-23T04:21:35.248+0000] {processor.py:179} INFO - Processing /home/airflow/.local/lib/python3.8/site-packages/airflow/example_dags/example_branch_day_of_week_operator.py took 0.342 seconds
[2023-11-23T04:22:11.725+0000] {processor.py:157} INFO - Started process (PID=857) to work on /home/airflow/.local/lib/python3.8/site-packages/airflow/example_dags/example_branch_day_of_week_operator.py
[2023-11-23T04:22:11.737+0000] {processor.py:829} INFO - Processing file /home/airflow/.local/lib/python3.8/site-packages/airflow/example_dags/example_branch_day_of_week_operator.py for tasks to queue
[2023-11-23T04:22:11.754+0000] {logging_mixin.py:154} INFO - [2023-11-23T04:22:11.754+0000] {dagbag.py:536} INFO - Filling up the DagBag from /home/airflow/.local/lib/python3.8/site-packages/airflow/example_dags/example_branch_day_of_week_operator.py
[2023-11-23T04:22:11.887+0000] {processor.py:839} INFO - DAG(s) dict_keys(['example_weekday_branch_operator']) retrieved from /home/airflow/.local/lib/python3.8/site-packages/airflow/example_dags/example_branch_day_of_week_operator.py
[2023-11-23T04:22:12.105+0000] {logging_mixin.py:154} INFO - [2023-11-23T04:22:12.104+0000] {dag.py:2941} INFO - Sync 1 DAGs
[2023-11-23T04:22:12.247+0000] {logging_mixin.py:154} INFO - [2023-11-23T04:22:12.247+0000] {dag.py:3722} INFO - Setting next_dagrun for example_weekday_branch_operator to 2023-11-22T00:00:00+00:00, run_after=2023-11-23T00:00:00+00:00
[2023-11-23T04:22:12.324+0000] {processor.py:179} INFO - Processing /home/airflow/.local/lib/python3.8/site-packages/airflow/example_dags/example_branch_day_of_week_operator.py took 0.628 seconds
