[2023-11-23T02:25:13.561+0000] {processor.py:157} INFO - Started process (PID=60) to work on /home/airflow/.local/lib/python3.8/site-packages/airflow/example_dags/example_local_kubernetes_executor.py
[2023-11-23T02:25:13.583+0000] {processor.py:829} INFO - Processing file /home/airflow/.local/lib/python3.8/site-packages/airflow/example_dags/example_local_kubernetes_executor.py for tasks to queue
[2023-11-23T02:25:13.616+0000] {logging_mixin.py:154} INFO - [2023-11-23T02:25:13.615+0000] {dagbag.py:536} INFO - Filling up the DagBag from /home/airflow/.local/lib/python3.8/site-packages/airflow/example_dags/example_local_kubernetes_executor.py
[2023-11-23T02:25:13.753+0000] {processor.py:839} INFO - DAG(s) dict_keys(['example_local_kubernetes_executor']) retrieved from /home/airflow/.local/lib/python3.8/site-packages/airflow/example_dags/example_local_kubernetes_executor.py
[2023-11-23T02:25:15.034+0000] {logging_mixin.py:154} INFO - [2023-11-23T02:25:15.033+0000] {manager.py:499} INFO - Created Permission View: %s
[2023-11-23T02:25:15.072+0000] {logging_mixin.py:154} INFO - [2023-11-23T02:25:15.072+0000] {manager.py:499} INFO - Created Permission View: %s
[2023-11-23T02:25:15.112+0000] {logging_mixin.py:154} INFO - [2023-11-23T02:25:15.112+0000] {manager.py:499} INFO - Created Permission View: %s
[2023-11-23T02:25:15.114+0000] {logging_mixin.py:154} INFO - [2023-11-23T02:25:15.114+0000] {dag.py:2941} INFO - Sync 1 DAGs
[2023-11-23T02:25:15.166+0000] {logging_mixin.py:154} INFO - [2023-11-23T02:25:15.165+0000] {dag.py:2963} INFO - Creating ORM DAG for example_local_kubernetes_executor
[2023-11-23T02:25:15.167+0000] {logging_mixin.py:154} INFO - [2023-11-23T02:25:15.167+0000] {dag.py:3722} INFO - Setting next_dagrun for example_local_kubernetes_executor to None, run_after=None
[2023-11-23T02:25:15.215+0000] {processor.py:179} INFO - Processing /home/airflow/.local/lib/python3.8/site-packages/airflow/example_dags/example_local_kubernetes_executor.py took 1.732 seconds
[2023-11-23T02:25:46.086+0000] {processor.py:157} INFO - Started process (PID=115) to work on /home/airflow/.local/lib/python3.8/site-packages/airflow/example_dags/example_local_kubernetes_executor.py
[2023-11-23T02:25:46.115+0000] {processor.py:829} INFO - Processing file /home/airflow/.local/lib/python3.8/site-packages/airflow/example_dags/example_local_kubernetes_executor.py for tasks to queue
[2023-11-23T02:25:46.141+0000] {logging_mixin.py:154} INFO - [2023-11-23T02:25:46.141+0000] {dagbag.py:536} INFO - Filling up the DagBag from /home/airflow/.local/lib/python3.8/site-packages/airflow/example_dags/example_local_kubernetes_executor.py
[2023-11-23T02:25:46.201+0000] {processor.py:839} INFO - DAG(s) dict_keys(['example_local_kubernetes_executor']) retrieved from /home/airflow/.local/lib/python3.8/site-packages/airflow/example_dags/example_local_kubernetes_executor.py
[2023-11-23T02:25:49.395+0000] {logging_mixin.py:154} INFO - [2023-11-23T02:25:49.393+0000] {dag.py:2941} INFO - Sync 1 DAGs
[2023-11-23T02:25:49.700+0000] {logging_mixin.py:154} INFO - [2023-11-23T02:25:49.700+0000] {dag.py:3722} INFO - Setting next_dagrun for example_local_kubernetes_executor to None, run_after=None
[2023-11-23T02:25:50.176+0000] {processor.py:179} INFO - Processing /home/airflow/.local/lib/python3.8/site-packages/airflow/example_dags/example_local_kubernetes_executor.py took 4.146 seconds
[2023-11-23T02:26:20.546+0000] {processor.py:157} INFO - Started process (PID=176) to work on /home/airflow/.local/lib/python3.8/site-packages/airflow/example_dags/example_local_kubernetes_executor.py
[2023-11-23T02:26:20.550+0000] {processor.py:829} INFO - Processing file /home/airflow/.local/lib/python3.8/site-packages/airflow/example_dags/example_local_kubernetes_executor.py for tasks to queue
[2023-11-23T02:26:20.555+0000] {logging_mixin.py:154} INFO - [2023-11-23T02:26:20.555+0000] {dagbag.py:536} INFO - Filling up the DagBag from /home/airflow/.local/lib/python3.8/site-packages/airflow/example_dags/example_local_kubernetes_executor.py
[2023-11-23T02:26:20.597+0000] {processor.py:839} INFO - DAG(s) dict_keys(['example_local_kubernetes_executor']) retrieved from /home/airflow/.local/lib/python3.8/site-packages/airflow/example_dags/example_local_kubernetes_executor.py
[2023-11-23T02:26:20.696+0000] {logging_mixin.py:154} INFO - [2023-11-23T02:26:20.695+0000] {dag.py:2941} INFO - Sync 1 DAGs
[2023-11-23T02:26:20.717+0000] {logging_mixin.py:154} INFO - [2023-11-23T02:26:20.717+0000] {dag.py:3722} INFO - Setting next_dagrun for example_local_kubernetes_executor to None, run_after=None
[2023-11-23T02:26:20.744+0000] {processor.py:179} INFO - Processing /home/airflow/.local/lib/python3.8/site-packages/airflow/example_dags/example_local_kubernetes_executor.py took 0.202 seconds
[2023-11-23T02:26:51.458+0000] {processor.py:157} INFO - Started process (PID=230) to work on /home/airflow/.local/lib/python3.8/site-packages/airflow/example_dags/example_local_kubernetes_executor.py
[2023-11-23T02:26:51.461+0000] {processor.py:829} INFO - Processing file /home/airflow/.local/lib/python3.8/site-packages/airflow/example_dags/example_local_kubernetes_executor.py for tasks to queue
[2023-11-23T02:26:51.473+0000] {logging_mixin.py:154} INFO - [2023-11-23T02:26:51.469+0000] {dagbag.py:536} INFO - Filling up the DagBag from /home/airflow/.local/lib/python3.8/site-packages/airflow/example_dags/example_local_kubernetes_executor.py
[2023-11-23T02:26:51.507+0000] {processor.py:839} INFO - DAG(s) dict_keys(['example_local_kubernetes_executor']) retrieved from /home/airflow/.local/lib/python3.8/site-packages/airflow/example_dags/example_local_kubernetes_executor.py
[2023-11-23T02:26:51.563+0000] {logging_mixin.py:154} INFO - [2023-11-23T02:26:51.562+0000] {dag.py:2941} INFO - Sync 1 DAGs
[2023-11-23T02:26:51.587+0000] {logging_mixin.py:154} INFO - [2023-11-23T02:26:51.587+0000] {dag.py:3722} INFO - Setting next_dagrun for example_local_kubernetes_executor to None, run_after=None
[2023-11-23T02:26:51.613+0000] {processor.py:179} INFO - Processing /home/airflow/.local/lib/python3.8/site-packages/airflow/example_dags/example_local_kubernetes_executor.py took 0.163 seconds
[2023-11-23T02:27:22.196+0000] {processor.py:157} INFO - Started process (PID=284) to work on /home/airflow/.local/lib/python3.8/site-packages/airflow/example_dags/example_local_kubernetes_executor.py
[2023-11-23T02:27:22.209+0000] {processor.py:829} INFO - Processing file /home/airflow/.local/lib/python3.8/site-packages/airflow/example_dags/example_local_kubernetes_executor.py for tasks to queue
[2023-11-23T02:27:22.277+0000] {logging_mixin.py:154} INFO - [2023-11-23T02:27:22.258+0000] {dagbag.py:536} INFO - Filling up the DagBag from /home/airflow/.local/lib/python3.8/site-packages/airflow/example_dags/example_local_kubernetes_executor.py
[2023-11-23T02:27:22.424+0000] {processor.py:839} INFO - DAG(s) dict_keys(['example_local_kubernetes_executor']) retrieved from /home/airflow/.local/lib/python3.8/site-packages/airflow/example_dags/example_local_kubernetes_executor.py
[2023-11-23T02:27:22.860+0000] {logging_mixin.py:154} INFO - [2023-11-23T02:27:22.860+0000] {dag.py:2941} INFO - Sync 1 DAGs
[2023-11-23T02:27:22.967+0000] {logging_mixin.py:154} INFO - [2023-11-23T02:27:22.965+0000] {dag.py:3722} INFO - Setting next_dagrun for example_local_kubernetes_executor to None, run_after=None
[2023-11-23T02:27:23.074+0000] {processor.py:179} INFO - Processing /home/airflow/.local/lib/python3.8/site-packages/airflow/example_dags/example_local_kubernetes_executor.py took 0.903 seconds
[2023-11-23T02:27:53.646+0000] {processor.py:157} INFO - Started process (PID=337) to work on /home/airflow/.local/lib/python3.8/site-packages/airflow/example_dags/example_local_kubernetes_executor.py
[2023-11-23T02:27:53.651+0000] {processor.py:829} INFO - Processing file /home/airflow/.local/lib/python3.8/site-packages/airflow/example_dags/example_local_kubernetes_executor.py for tasks to queue
[2023-11-23T02:27:53.659+0000] {logging_mixin.py:154} INFO - [2023-11-23T02:27:53.658+0000] {dagbag.py:536} INFO - Filling up the DagBag from /home/airflow/.local/lib/python3.8/site-packages/airflow/example_dags/example_local_kubernetes_executor.py
[2023-11-23T02:27:53.688+0000] {processor.py:839} INFO - DAG(s) dict_keys(['example_local_kubernetes_executor']) retrieved from /home/airflow/.local/lib/python3.8/site-packages/airflow/example_dags/example_local_kubernetes_executor.py
[2023-11-23T02:27:53.812+0000] {logging_mixin.py:154} INFO - [2023-11-23T02:27:53.812+0000] {dag.py:2941} INFO - Sync 1 DAGs
[2023-11-23T02:27:53.864+0000] {logging_mixin.py:154} INFO - [2023-11-23T02:27:53.864+0000] {dag.py:3722} INFO - Setting next_dagrun for example_local_kubernetes_executor to None, run_after=None
[2023-11-23T02:27:53.929+0000] {processor.py:179} INFO - Processing /home/airflow/.local/lib/python3.8/site-packages/airflow/example_dags/example_local_kubernetes_executor.py took 0.292 seconds
[2023-11-23T02:28:24.076+0000] {processor.py:157} INFO - Started process (PID=390) to work on /home/airflow/.local/lib/python3.8/site-packages/airflow/example_dags/example_local_kubernetes_executor.py
[2023-11-23T02:28:24.077+0000] {processor.py:829} INFO - Processing file /home/airflow/.local/lib/python3.8/site-packages/airflow/example_dags/example_local_kubernetes_executor.py for tasks to queue
[2023-11-23T02:28:24.081+0000] {logging_mixin.py:154} INFO - [2023-11-23T02:28:24.081+0000] {dagbag.py:536} INFO - Filling up the DagBag from /home/airflow/.local/lib/python3.8/site-packages/airflow/example_dags/example_local_kubernetes_executor.py
[2023-11-23T02:28:24.097+0000] {processor.py:839} INFO - DAG(s) dict_keys(['example_local_kubernetes_executor']) retrieved from /home/airflow/.local/lib/python3.8/site-packages/airflow/example_dags/example_local_kubernetes_executor.py
[2023-11-23T02:28:24.228+0000] {logging_mixin.py:154} INFO - [2023-11-23T02:28:24.228+0000] {dag.py:2941} INFO - Sync 1 DAGs
[2023-11-23T02:28:24.260+0000] {logging_mixin.py:154} INFO - [2023-11-23T02:28:24.260+0000] {dag.py:3722} INFO - Setting next_dagrun for example_local_kubernetes_executor to None, run_after=None
[2023-11-23T02:28:24.309+0000] {processor.py:179} INFO - Processing /home/airflow/.local/lib/python3.8/site-packages/airflow/example_dags/example_local_kubernetes_executor.py took 0.238 seconds
[2023-11-23T02:28:54.476+0000] {processor.py:157} INFO - Started process (PID=444) to work on /home/airflow/.local/lib/python3.8/site-packages/airflow/example_dags/example_local_kubernetes_executor.py
[2023-11-23T02:28:54.477+0000] {processor.py:829} INFO - Processing file /home/airflow/.local/lib/python3.8/site-packages/airflow/example_dags/example_local_kubernetes_executor.py for tasks to queue
[2023-11-23T02:28:54.480+0000] {logging_mixin.py:154} INFO - [2023-11-23T02:28:54.480+0000] {dagbag.py:536} INFO - Filling up the DagBag from /home/airflow/.local/lib/python3.8/site-packages/airflow/example_dags/example_local_kubernetes_executor.py
[2023-11-23T02:28:54.490+0000] {processor.py:839} INFO - DAG(s) dict_keys(['example_local_kubernetes_executor']) retrieved from /home/airflow/.local/lib/python3.8/site-packages/airflow/example_dags/example_local_kubernetes_executor.py
[2023-11-23T02:28:54.531+0000] {logging_mixin.py:154} INFO - [2023-11-23T02:28:54.531+0000] {dag.py:2941} INFO - Sync 1 DAGs
[2023-11-23T02:28:54.547+0000] {logging_mixin.py:154} INFO - [2023-11-23T02:28:54.546+0000] {dag.py:3722} INFO - Setting next_dagrun for example_local_kubernetes_executor to None, run_after=None
[2023-11-23T02:28:54.570+0000] {processor.py:179} INFO - Processing /home/airflow/.local/lib/python3.8/site-packages/airflow/example_dags/example_local_kubernetes_executor.py took 0.099 seconds
[2023-11-23T02:29:24.647+0000] {processor.py:157} INFO - Started process (PID=498) to work on /home/airflow/.local/lib/python3.8/site-packages/airflow/example_dags/example_local_kubernetes_executor.py
[2023-11-23T02:29:24.648+0000] {processor.py:829} INFO - Processing file /home/airflow/.local/lib/python3.8/site-packages/airflow/example_dags/example_local_kubernetes_executor.py for tasks to queue
[2023-11-23T02:29:24.651+0000] {logging_mixin.py:154} INFO - [2023-11-23T02:29:24.651+0000] {dagbag.py:536} INFO - Filling up the DagBag from /home/airflow/.local/lib/python3.8/site-packages/airflow/example_dags/example_local_kubernetes_executor.py
[2023-11-23T02:29:24.662+0000] {processor.py:839} INFO - DAG(s) dict_keys(['example_local_kubernetes_executor']) retrieved from /home/airflow/.local/lib/python3.8/site-packages/airflow/example_dags/example_local_kubernetes_executor.py
[2023-11-23T02:29:24.708+0000] {logging_mixin.py:154} INFO - [2023-11-23T02:29:24.707+0000] {dag.py:2941} INFO - Sync 1 DAGs
[2023-11-23T02:29:24.726+0000] {logging_mixin.py:154} INFO - [2023-11-23T02:29:24.725+0000] {dag.py:3722} INFO - Setting next_dagrun for example_local_kubernetes_executor to None, run_after=None
[2023-11-23T02:29:24.755+0000] {processor.py:179} INFO - Processing /home/airflow/.local/lib/python3.8/site-packages/airflow/example_dags/example_local_kubernetes_executor.py took 0.112 seconds
[2023-11-23T02:29:54.987+0000] {processor.py:157} INFO - Started process (PID=552) to work on /home/airflow/.local/lib/python3.8/site-packages/airflow/example_dags/example_local_kubernetes_executor.py
[2023-11-23T02:29:54.990+0000] {processor.py:829} INFO - Processing file /home/airflow/.local/lib/python3.8/site-packages/airflow/example_dags/example_local_kubernetes_executor.py for tasks to queue
[2023-11-23T02:29:54.996+0000] {logging_mixin.py:154} INFO - [2023-11-23T02:29:54.995+0000] {dagbag.py:536} INFO - Filling up the DagBag from /home/airflow/.local/lib/python3.8/site-packages/airflow/example_dags/example_local_kubernetes_executor.py
[2023-11-23T02:29:55.022+0000] {processor.py:839} INFO - DAG(s) dict_keys(['example_local_kubernetes_executor']) retrieved from /home/airflow/.local/lib/python3.8/site-packages/airflow/example_dags/example_local_kubernetes_executor.py
[2023-11-23T02:29:55.158+0000] {logging_mixin.py:154} INFO - [2023-11-23T02:29:55.157+0000] {dag.py:2941} INFO - Sync 1 DAGs
[2023-11-23T02:29:55.340+0000] {logging_mixin.py:154} INFO - [2023-11-23T02:29:55.337+0000] {dag.py:3722} INFO - Setting next_dagrun for example_local_kubernetes_executor to None, run_after=None
[2023-11-23T02:29:55.473+0000] {processor.py:179} INFO - Processing /home/airflow/.local/lib/python3.8/site-packages/airflow/example_dags/example_local_kubernetes_executor.py took 0.493 seconds
[2023-11-23T02:30:26.175+0000] {processor.py:157} INFO - Started process (PID=605) to work on /home/airflow/.local/lib/python3.8/site-packages/airflow/example_dags/example_local_kubernetes_executor.py
[2023-11-23T02:30:26.178+0000] {processor.py:829} INFO - Processing file /home/airflow/.local/lib/python3.8/site-packages/airflow/example_dags/example_local_kubernetes_executor.py for tasks to queue
[2023-11-23T02:30:26.185+0000] {logging_mixin.py:154} INFO - [2023-11-23T02:30:26.184+0000] {dagbag.py:536} INFO - Filling up the DagBag from /home/airflow/.local/lib/python3.8/site-packages/airflow/example_dags/example_local_kubernetes_executor.py
[2023-11-23T02:30:26.220+0000] {processor.py:839} INFO - DAG(s) dict_keys(['example_local_kubernetes_executor']) retrieved from /home/airflow/.local/lib/python3.8/site-packages/airflow/example_dags/example_local_kubernetes_executor.py
[2023-11-23T02:30:26.380+0000] {logging_mixin.py:154} INFO - [2023-11-23T02:30:26.380+0000] {dag.py:2941} INFO - Sync 1 DAGs
[2023-11-23T02:30:26.408+0000] {logging_mixin.py:154} INFO - [2023-11-23T02:30:26.407+0000] {dag.py:3722} INFO - Setting next_dagrun for example_local_kubernetes_executor to None, run_after=None
[2023-11-23T02:30:26.459+0000] {processor.py:179} INFO - Processing /home/airflow/.local/lib/python3.8/site-packages/airflow/example_dags/example_local_kubernetes_executor.py took 0.295 seconds
[2023-11-23T02:30:56.604+0000] {processor.py:157} INFO - Started process (PID=659) to work on /home/airflow/.local/lib/python3.8/site-packages/airflow/example_dags/example_local_kubernetes_executor.py
[2023-11-23T02:30:56.616+0000] {processor.py:829} INFO - Processing file /home/airflow/.local/lib/python3.8/site-packages/airflow/example_dags/example_local_kubernetes_executor.py for tasks to queue
[2023-11-23T02:30:56.632+0000] {logging_mixin.py:154} INFO - [2023-11-23T02:30:56.629+0000] {dagbag.py:536} INFO - Filling up the DagBag from /home/airflow/.local/lib/python3.8/site-packages/airflow/example_dags/example_local_kubernetes_executor.py
[2023-11-23T02:30:56.693+0000] {processor.py:839} INFO - DAG(s) dict_keys(['example_local_kubernetes_executor']) retrieved from /home/airflow/.local/lib/python3.8/site-packages/airflow/example_dags/example_local_kubernetes_executor.py
[2023-11-23T02:30:56.985+0000] {logging_mixin.py:154} INFO - [2023-11-23T02:30:56.984+0000] {dag.py:2941} INFO - Sync 1 DAGs
[2023-11-23T02:30:57.009+0000] {logging_mixin.py:154} INFO - [2023-11-23T02:30:57.008+0000] {dag.py:3722} INFO - Setting next_dagrun for example_local_kubernetes_executor to None, run_after=None
[2023-11-23T02:30:57.050+0000] {processor.py:179} INFO - Processing /home/airflow/.local/lib/python3.8/site-packages/airflow/example_dags/example_local_kubernetes_executor.py took 0.462 seconds
[2023-11-23T02:31:27.691+0000] {processor.py:157} INFO - Started process (PID=713) to work on /home/airflow/.local/lib/python3.8/site-packages/airflow/example_dags/example_local_kubernetes_executor.py
[2023-11-23T02:31:27.693+0000] {processor.py:829} INFO - Processing file /home/airflow/.local/lib/python3.8/site-packages/airflow/example_dags/example_local_kubernetes_executor.py for tasks to queue
[2023-11-23T02:31:27.699+0000] {logging_mixin.py:154} INFO - [2023-11-23T02:31:27.698+0000] {dagbag.py:536} INFO - Filling up the DagBag from /home/airflow/.local/lib/python3.8/site-packages/airflow/example_dags/example_local_kubernetes_executor.py
[2023-11-23T02:31:27.726+0000] {processor.py:839} INFO - DAG(s) dict_keys(['example_local_kubernetes_executor']) retrieved from /home/airflow/.local/lib/python3.8/site-packages/airflow/example_dags/example_local_kubernetes_executor.py
[2023-11-23T02:31:27.883+0000] {logging_mixin.py:154} INFO - [2023-11-23T02:31:27.883+0000] {dag.py:2941} INFO - Sync 1 DAGs
[2023-11-23T02:31:27.971+0000] {logging_mixin.py:154} INFO - [2023-11-23T02:31:27.970+0000] {dag.py:3722} INFO - Setting next_dagrun for example_local_kubernetes_executor to None, run_after=None
[2023-11-23T02:31:28.120+0000] {processor.py:179} INFO - Processing /home/airflow/.local/lib/python3.8/site-packages/airflow/example_dags/example_local_kubernetes_executor.py took 0.436 seconds
[2023-11-23T03:44:11.965+0000] {processor.py:157} INFO - Started process (PID=66) to work on /home/airflow/.local/lib/python3.8/site-packages/airflow/example_dags/example_local_kubernetes_executor.py
[2023-11-23T03:44:11.993+0000] {processor.py:829} INFO - Processing file /home/airflow/.local/lib/python3.8/site-packages/airflow/example_dags/example_local_kubernetes_executor.py for tasks to queue
[2023-11-23T03:44:12.052+0000] {logging_mixin.py:154} INFO - [2023-11-23T03:44:12.051+0000] {dagbag.py:536} INFO - Filling up the DagBag from /home/airflow/.local/lib/python3.8/site-packages/airflow/example_dags/example_local_kubernetes_executor.py
[2023-11-23T03:44:12.415+0000] {processor.py:839} INFO - DAG(s) dict_keys(['example_local_kubernetes_executor']) retrieved from /home/airflow/.local/lib/python3.8/site-packages/airflow/example_dags/example_local_kubernetes_executor.py
[2023-11-23T03:44:13.823+0000] {logging_mixin.py:154} INFO - [2023-11-23T03:44:13.823+0000] {dag.py:2941} INFO - Sync 1 DAGs
[2023-11-23T03:44:13.949+0000] {logging_mixin.py:154} INFO - [2023-11-23T03:44:13.949+0000] {dag.py:3722} INFO - Setting next_dagrun for example_local_kubernetes_executor to None, run_after=None
[2023-11-23T03:44:14.116+0000] {processor.py:179} INFO - Processing /home/airflow/.local/lib/python3.8/site-packages/airflow/example_dags/example_local_kubernetes_executor.py took 2.304 seconds
[2023-11-23T03:44:52.545+0000] {processor.py:157} INFO - Started process (PID=127) to work on /home/airflow/.local/lib/python3.8/site-packages/airflow/example_dags/example_local_kubernetes_executor.py
[2023-11-23T03:44:52.547+0000] {processor.py:829} INFO - Processing file /home/airflow/.local/lib/python3.8/site-packages/airflow/example_dags/example_local_kubernetes_executor.py for tasks to queue
[2023-11-23T03:44:52.551+0000] {logging_mixin.py:154} INFO - [2023-11-23T03:44:52.550+0000] {dagbag.py:536} INFO - Filling up the DagBag from /home/airflow/.local/lib/python3.8/site-packages/airflow/example_dags/example_local_kubernetes_executor.py
[2023-11-23T03:44:52.605+0000] {processor.py:839} INFO - DAG(s) dict_keys(['example_local_kubernetes_executor']) retrieved from /home/airflow/.local/lib/python3.8/site-packages/airflow/example_dags/example_local_kubernetes_executor.py
[2023-11-23T03:44:52.754+0000] {logging_mixin.py:154} INFO - [2023-11-23T03:44:52.753+0000] {dag.py:2941} INFO - Sync 1 DAGs
[2023-11-23T03:44:52.793+0000] {logging_mixin.py:154} INFO - [2023-11-23T03:44:52.793+0000] {dag.py:3722} INFO - Setting next_dagrun for example_local_kubernetes_executor to None, run_after=None
[2023-11-23T03:44:52.838+0000] {processor.py:179} INFO - Processing /home/airflow/.local/lib/python3.8/site-packages/airflow/example_dags/example_local_kubernetes_executor.py took 0.299 seconds
[2023-11-23T04:15:42.202+0000] {processor.py:157} INFO - Started process (PID=192) to work on /home/airflow/.local/lib/python3.8/site-packages/airflow/example_dags/example_local_kubernetes_executor.py
[2023-11-23T04:15:42.204+0000] {processor.py:829} INFO - Processing file /home/airflow/.local/lib/python3.8/site-packages/airflow/example_dags/example_local_kubernetes_executor.py for tasks to queue
[2023-11-23T04:15:42.209+0000] {logging_mixin.py:154} INFO - [2023-11-23T04:15:42.209+0000] {dagbag.py:536} INFO - Filling up the DagBag from /home/airflow/.local/lib/python3.8/site-packages/airflow/example_dags/example_local_kubernetes_executor.py
[2023-11-23T04:15:42.225+0000] {processor.py:839} INFO - DAG(s) dict_keys(['example_local_kubernetes_executor']) retrieved from /home/airflow/.local/lib/python3.8/site-packages/airflow/example_dags/example_local_kubernetes_executor.py
[2023-11-23T04:15:42.300+0000] {logging_mixin.py:154} INFO - [2023-11-23T04:15:42.300+0000] {dag.py:2941} INFO - Sync 1 DAGs
[2023-11-23T04:15:42.325+0000] {logging_mixin.py:154} INFO - [2023-11-23T04:15:42.324+0000] {dag.py:3722} INFO - Setting next_dagrun for example_local_kubernetes_executor to None, run_after=None
[2023-11-23T04:15:42.357+0000] {processor.py:179} INFO - Processing /home/airflow/.local/lib/python3.8/site-packages/airflow/example_dags/example_local_kubernetes_executor.py took 0.161 seconds
[2023-11-23T04:16:12.433+0000] {processor.py:157} INFO - Started process (PID=245) to work on /home/airflow/.local/lib/python3.8/site-packages/airflow/example_dags/example_local_kubernetes_executor.py
[2023-11-23T04:16:12.435+0000] {processor.py:829} INFO - Processing file /home/airflow/.local/lib/python3.8/site-packages/airflow/example_dags/example_local_kubernetes_executor.py for tasks to queue
[2023-11-23T04:16:12.440+0000] {logging_mixin.py:154} INFO - [2023-11-23T04:16:12.439+0000] {dagbag.py:536} INFO - Filling up the DagBag from /home/airflow/.local/lib/python3.8/site-packages/airflow/example_dags/example_local_kubernetes_executor.py
[2023-11-23T04:16:12.453+0000] {processor.py:839} INFO - DAG(s) dict_keys(['example_local_kubernetes_executor']) retrieved from /home/airflow/.local/lib/python3.8/site-packages/airflow/example_dags/example_local_kubernetes_executor.py
[2023-11-23T04:16:12.517+0000] {logging_mixin.py:154} INFO - [2023-11-23T04:16:12.516+0000] {dag.py:2941} INFO - Sync 1 DAGs
[2023-11-23T04:16:12.534+0000] {logging_mixin.py:154} INFO - [2023-11-23T04:16:12.533+0000] {dag.py:3722} INFO - Setting next_dagrun for example_local_kubernetes_executor to None, run_after=None
[2023-11-23T04:16:12.569+0000] {processor.py:179} INFO - Processing /home/airflow/.local/lib/python3.8/site-packages/airflow/example_dags/example_local_kubernetes_executor.py took 0.142 seconds
[2023-11-23T04:16:43.420+0000] {processor.py:157} INFO - Started process (PID=299) to work on /home/airflow/.local/lib/python3.8/site-packages/airflow/example_dags/example_local_kubernetes_executor.py
[2023-11-23T04:16:43.428+0000] {processor.py:829} INFO - Processing file /home/airflow/.local/lib/python3.8/site-packages/airflow/example_dags/example_local_kubernetes_executor.py for tasks to queue
[2023-11-23T04:16:43.435+0000] {logging_mixin.py:154} INFO - [2023-11-23T04:16:43.435+0000] {dagbag.py:536} INFO - Filling up the DagBag from /home/airflow/.local/lib/python3.8/site-packages/airflow/example_dags/example_local_kubernetes_executor.py
[2023-11-23T04:16:43.462+0000] {processor.py:839} INFO - DAG(s) dict_keys(['example_local_kubernetes_executor']) retrieved from /home/airflow/.local/lib/python3.8/site-packages/airflow/example_dags/example_local_kubernetes_executor.py
[2023-11-23T04:16:43.623+0000] {logging_mixin.py:154} INFO - [2023-11-23T04:16:43.623+0000] {dag.py:2941} INFO - Sync 1 DAGs
[2023-11-23T04:16:43.679+0000] {logging_mixin.py:154} INFO - [2023-11-23T04:16:43.678+0000] {dag.py:3722} INFO - Setting next_dagrun for example_local_kubernetes_executor to None, run_after=None
[2023-11-23T04:16:43.783+0000] {processor.py:179} INFO - Processing /home/airflow/.local/lib/python3.8/site-packages/airflow/example_dags/example_local_kubernetes_executor.py took 0.545 seconds
[2023-11-23T04:17:14.438+0000] {processor.py:157} INFO - Started process (PID=353) to work on /home/airflow/.local/lib/python3.8/site-packages/airflow/example_dags/example_local_kubernetes_executor.py
[2023-11-23T04:17:14.439+0000] {processor.py:829} INFO - Processing file /home/airflow/.local/lib/python3.8/site-packages/airflow/example_dags/example_local_kubernetes_executor.py for tasks to queue
[2023-11-23T04:17:14.452+0000] {logging_mixin.py:154} INFO - [2023-11-23T04:17:14.450+0000] {dagbag.py:536} INFO - Filling up the DagBag from /home/airflow/.local/lib/python3.8/site-packages/airflow/example_dags/example_local_kubernetes_executor.py
[2023-11-23T04:17:14.488+0000] {processor.py:839} INFO - DAG(s) dict_keys(['example_local_kubernetes_executor']) retrieved from /home/airflow/.local/lib/python3.8/site-packages/airflow/example_dags/example_local_kubernetes_executor.py
[2023-11-23T04:17:14.618+0000] {logging_mixin.py:154} INFO - [2023-11-23T04:17:14.617+0000] {dag.py:2941} INFO - Sync 1 DAGs
[2023-11-23T04:17:14.645+0000] {logging_mixin.py:154} INFO - [2023-11-23T04:17:14.644+0000] {dag.py:3722} INFO - Setting next_dagrun for example_local_kubernetes_executor to None, run_after=None
[2023-11-23T04:17:14.679+0000] {processor.py:179} INFO - Processing /home/airflow/.local/lib/python3.8/site-packages/airflow/example_dags/example_local_kubernetes_executor.py took 0.247 seconds
[2023-11-23T04:17:45.020+0000] {processor.py:157} INFO - Started process (PID=407) to work on /home/airflow/.local/lib/python3.8/site-packages/airflow/example_dags/example_local_kubernetes_executor.py
[2023-11-23T04:17:45.022+0000] {processor.py:829} INFO - Processing file /home/airflow/.local/lib/python3.8/site-packages/airflow/example_dags/example_local_kubernetes_executor.py for tasks to queue
[2023-11-23T04:17:45.026+0000] {logging_mixin.py:154} INFO - [2023-11-23T04:17:45.026+0000] {dagbag.py:536} INFO - Filling up the DagBag from /home/airflow/.local/lib/python3.8/site-packages/airflow/example_dags/example_local_kubernetes_executor.py
[2023-11-23T04:17:45.047+0000] {processor.py:839} INFO - DAG(s) dict_keys(['example_local_kubernetes_executor']) retrieved from /home/airflow/.local/lib/python3.8/site-packages/airflow/example_dags/example_local_kubernetes_executor.py
[2023-11-23T04:17:45.123+0000] {logging_mixin.py:154} INFO - [2023-11-23T04:17:45.122+0000] {dag.py:2941} INFO - Sync 1 DAGs
[2023-11-23T04:17:45.162+0000] {logging_mixin.py:154} INFO - [2023-11-23T04:17:45.161+0000] {dag.py:3722} INFO - Setting next_dagrun for example_local_kubernetes_executor to None, run_after=None
[2023-11-23T04:17:45.187+0000] {processor.py:179} INFO - Processing /home/airflow/.local/lib/python3.8/site-packages/airflow/example_dags/example_local_kubernetes_executor.py took 0.175 seconds
[2023-11-23T04:18:16.406+0000] {processor.py:157} INFO - Started process (PID=460) to work on /home/airflow/.local/lib/python3.8/site-packages/airflow/example_dags/example_local_kubernetes_executor.py
[2023-11-23T04:18:16.409+0000] {processor.py:829} INFO - Processing file /home/airflow/.local/lib/python3.8/site-packages/airflow/example_dags/example_local_kubernetes_executor.py for tasks to queue
[2023-11-23T04:18:16.413+0000] {logging_mixin.py:154} INFO - [2023-11-23T04:18:16.413+0000] {dagbag.py:536} INFO - Filling up the DagBag from /home/airflow/.local/lib/python3.8/site-packages/airflow/example_dags/example_local_kubernetes_executor.py
[2023-11-23T04:18:16.431+0000] {processor.py:839} INFO - DAG(s) dict_keys(['example_local_kubernetes_executor']) retrieved from /home/airflow/.local/lib/python3.8/site-packages/airflow/example_dags/example_local_kubernetes_executor.py
[2023-11-23T04:18:16.502+0000] {logging_mixin.py:154} INFO - [2023-11-23T04:18:16.501+0000] {dag.py:2941} INFO - Sync 1 DAGs
[2023-11-23T04:18:16.526+0000] {logging_mixin.py:154} INFO - [2023-11-23T04:18:16.525+0000] {dag.py:3722} INFO - Setting next_dagrun for example_local_kubernetes_executor to None, run_after=None
[2023-11-23T04:18:16.563+0000] {processor.py:179} INFO - Processing /home/airflow/.local/lib/python3.8/site-packages/airflow/example_dags/example_local_kubernetes_executor.py took 0.165 seconds
[2023-11-23T04:18:48.668+0000] {processor.py:157} INFO - Started process (PID=521) to work on /home/airflow/.local/lib/python3.8/site-packages/airflow/example_dags/example_local_kubernetes_executor.py
[2023-11-23T04:18:48.673+0000] {processor.py:829} INFO - Processing file /home/airflow/.local/lib/python3.8/site-packages/airflow/example_dags/example_local_kubernetes_executor.py for tasks to queue
[2023-11-23T04:18:48.682+0000] {logging_mixin.py:154} INFO - [2023-11-23T04:18:48.680+0000] {dagbag.py:536} INFO - Filling up the DagBag from /home/airflow/.local/lib/python3.8/site-packages/airflow/example_dags/example_local_kubernetes_executor.py
[2023-11-23T04:18:48.710+0000] {processor.py:839} INFO - DAG(s) dict_keys(['example_local_kubernetes_executor']) retrieved from /home/airflow/.local/lib/python3.8/site-packages/airflow/example_dags/example_local_kubernetes_executor.py
[2023-11-23T04:18:48.823+0000] {logging_mixin.py:154} INFO - [2023-11-23T04:18:48.823+0000] {dag.py:2941} INFO - Sync 1 DAGs
[2023-11-23T04:18:48.845+0000] {logging_mixin.py:154} INFO - [2023-11-23T04:18:48.844+0000] {dag.py:3722} INFO - Setting next_dagrun for example_local_kubernetes_executor to None, run_after=None
[2023-11-23T04:18:48.881+0000] {processor.py:179} INFO - Processing /home/airflow/.local/lib/python3.8/site-packages/airflow/example_dags/example_local_kubernetes_executor.py took 0.227 seconds
[2023-11-23T04:19:20.313+0000] {processor.py:157} INFO - Started process (PID=575) to work on /home/airflow/.local/lib/python3.8/site-packages/airflow/example_dags/example_local_kubernetes_executor.py
[2023-11-23T04:19:20.331+0000] {processor.py:829} INFO - Processing file /home/airflow/.local/lib/python3.8/site-packages/airflow/example_dags/example_local_kubernetes_executor.py for tasks to queue
[2023-11-23T04:19:20.336+0000] {logging_mixin.py:154} INFO - [2023-11-23T04:19:20.336+0000] {dagbag.py:536} INFO - Filling up the DagBag from /home/airflow/.local/lib/python3.8/site-packages/airflow/example_dags/example_local_kubernetes_executor.py
[2023-11-23T04:19:20.426+0000] {processor.py:839} INFO - DAG(s) dict_keys(['example_local_kubernetes_executor']) retrieved from /home/airflow/.local/lib/python3.8/site-packages/airflow/example_dags/example_local_kubernetes_executor.py
[2023-11-23T04:19:20.638+0000] {logging_mixin.py:154} INFO - [2023-11-23T04:19:20.637+0000] {dag.py:2941} INFO - Sync 1 DAGs
[2023-11-23T04:19:20.681+0000] {logging_mixin.py:154} INFO - [2023-11-23T04:19:20.681+0000] {dag.py:3722} INFO - Setting next_dagrun for example_local_kubernetes_executor to None, run_after=None
[2023-11-23T04:19:20.760+0000] {processor.py:179} INFO - Processing /home/airflow/.local/lib/python3.8/site-packages/airflow/example_dags/example_local_kubernetes_executor.py took 0.493 seconds
[2023-11-23T04:19:51.371+0000] {processor.py:157} INFO - Started process (PID=629) to work on /home/airflow/.local/lib/python3.8/site-packages/airflow/example_dags/example_local_kubernetes_executor.py
[2023-11-23T04:19:51.373+0000] {processor.py:829} INFO - Processing file /home/airflow/.local/lib/python3.8/site-packages/airflow/example_dags/example_local_kubernetes_executor.py for tasks to queue
[2023-11-23T04:19:51.377+0000] {logging_mixin.py:154} INFO - [2023-11-23T04:19:51.376+0000] {dagbag.py:536} INFO - Filling up the DagBag from /home/airflow/.local/lib/python3.8/site-packages/airflow/example_dags/example_local_kubernetes_executor.py
[2023-11-23T04:19:51.393+0000] {processor.py:839} INFO - DAG(s) dict_keys(['example_local_kubernetes_executor']) retrieved from /home/airflow/.local/lib/python3.8/site-packages/airflow/example_dags/example_local_kubernetes_executor.py
[2023-11-23T04:19:51.466+0000] {logging_mixin.py:154} INFO - [2023-11-23T04:19:51.466+0000] {dag.py:2941} INFO - Sync 1 DAGs
[2023-11-23T04:19:51.495+0000] {logging_mixin.py:154} INFO - [2023-11-23T04:19:51.495+0000] {dag.py:3722} INFO - Setting next_dagrun for example_local_kubernetes_executor to None, run_after=None
[2023-11-23T04:19:51.539+0000] {processor.py:179} INFO - Processing /home/airflow/.local/lib/python3.8/site-packages/airflow/example_dags/example_local_kubernetes_executor.py took 0.172 seconds
[2023-11-23T04:20:22.373+0000] {processor.py:157} INFO - Started process (PID=682) to work on /home/airflow/.local/lib/python3.8/site-packages/airflow/example_dags/example_local_kubernetes_executor.py
[2023-11-23T04:20:22.375+0000] {processor.py:829} INFO - Processing file /home/airflow/.local/lib/python3.8/site-packages/airflow/example_dags/example_local_kubernetes_executor.py for tasks to queue
[2023-11-23T04:20:22.379+0000] {logging_mixin.py:154} INFO - [2023-11-23T04:20:22.379+0000] {dagbag.py:536} INFO - Filling up the DagBag from /home/airflow/.local/lib/python3.8/site-packages/airflow/example_dags/example_local_kubernetes_executor.py
[2023-11-23T04:20:22.395+0000] {processor.py:839} INFO - DAG(s) dict_keys(['example_local_kubernetes_executor']) retrieved from /home/airflow/.local/lib/python3.8/site-packages/airflow/example_dags/example_local_kubernetes_executor.py
[2023-11-23T04:20:22.488+0000] {logging_mixin.py:154} INFO - [2023-11-23T04:20:22.487+0000] {dag.py:2941} INFO - Sync 1 DAGs
[2023-11-23T04:20:22.515+0000] {logging_mixin.py:154} INFO - [2023-11-23T04:20:22.515+0000] {dag.py:3722} INFO - Setting next_dagrun for example_local_kubernetes_executor to None, run_after=None
[2023-11-23T04:20:22.548+0000] {processor.py:179} INFO - Processing /home/airflow/.local/lib/python3.8/site-packages/airflow/example_dags/example_local_kubernetes_executor.py took 0.184 seconds
[2023-11-23T04:20:52.780+0000] {processor.py:157} INFO - Started process (PID=736) to work on /home/airflow/.local/lib/python3.8/site-packages/airflow/example_dags/example_local_kubernetes_executor.py
[2023-11-23T04:20:52.782+0000] {processor.py:829} INFO - Processing file /home/airflow/.local/lib/python3.8/site-packages/airflow/example_dags/example_local_kubernetes_executor.py for tasks to queue
[2023-11-23T04:20:52.786+0000] {logging_mixin.py:154} INFO - [2023-11-23T04:20:52.786+0000] {dagbag.py:536} INFO - Filling up the DagBag from /home/airflow/.local/lib/python3.8/site-packages/airflow/example_dags/example_local_kubernetes_executor.py
[2023-11-23T04:20:52.808+0000] {processor.py:839} INFO - DAG(s) dict_keys(['example_local_kubernetes_executor']) retrieved from /home/airflow/.local/lib/python3.8/site-packages/airflow/example_dags/example_local_kubernetes_executor.py
[2023-11-23T04:20:52.907+0000] {logging_mixin.py:154} INFO - [2023-11-23T04:20:52.905+0000] {dag.py:2941} INFO - Sync 1 DAGs
[2023-11-23T04:20:52.945+0000] {logging_mixin.py:154} INFO - [2023-11-23T04:20:52.944+0000] {dag.py:3722} INFO - Setting next_dagrun for example_local_kubernetes_executor to None, run_after=None
[2023-11-23T04:20:53.019+0000] {processor.py:179} INFO - Processing /home/airflow/.local/lib/python3.8/site-packages/airflow/example_dags/example_local_kubernetes_executor.py took 0.245 seconds
[2023-11-23T04:21:28.930+0000] {processor.py:157} INFO - Started process (PID=790) to work on /home/airflow/.local/lib/python3.8/site-packages/airflow/example_dags/example_local_kubernetes_executor.py
[2023-11-23T04:21:28.944+0000] {processor.py:829} INFO - Processing file /home/airflow/.local/lib/python3.8/site-packages/airflow/example_dags/example_local_kubernetes_executor.py for tasks to queue
[2023-11-23T04:21:28.955+0000] {logging_mixin.py:154} INFO - [2023-11-23T04:21:28.954+0000] {dagbag.py:536} INFO - Filling up the DagBag from /home/airflow/.local/lib/python3.8/site-packages/airflow/example_dags/example_local_kubernetes_executor.py
[2023-11-23T04:21:28.993+0000] {processor.py:839} INFO - DAG(s) dict_keys(['example_local_kubernetes_executor']) retrieved from /home/airflow/.local/lib/python3.8/site-packages/airflow/example_dags/example_local_kubernetes_executor.py
[2023-11-23T04:21:29.123+0000] {logging_mixin.py:154} INFO - [2023-11-23T04:21:29.123+0000] {dag.py:2941} INFO - Sync 1 DAGs
[2023-11-23T04:21:29.153+0000] {logging_mixin.py:154} INFO - [2023-11-23T04:21:29.153+0000] {dag.py:3722} INFO - Setting next_dagrun for example_local_kubernetes_executor to None, run_after=None
[2023-11-23T04:21:29.219+0000] {processor.py:179} INFO - Processing /home/airflow/.local/lib/python3.8/site-packages/airflow/example_dags/example_local_kubernetes_executor.py took 0.297 seconds
[2023-11-23T04:22:00.700+0000] {processor.py:157} INFO - Started process (PID=844) to work on /home/airflow/.local/lib/python3.8/site-packages/airflow/example_dags/example_local_kubernetes_executor.py
[2023-11-23T04:22:00.702+0000] {processor.py:829} INFO - Processing file /home/airflow/.local/lib/python3.8/site-packages/airflow/example_dags/example_local_kubernetes_executor.py for tasks to queue
[2023-11-23T04:22:00.706+0000] {logging_mixin.py:154} INFO - [2023-11-23T04:22:00.705+0000] {dagbag.py:536} INFO - Filling up the DagBag from /home/airflow/.local/lib/python3.8/site-packages/airflow/example_dags/example_local_kubernetes_executor.py
[2023-11-23T04:22:00.722+0000] {processor.py:839} INFO - DAG(s) dict_keys(['example_local_kubernetes_executor']) retrieved from /home/airflow/.local/lib/python3.8/site-packages/airflow/example_dags/example_local_kubernetes_executor.py
[2023-11-23T04:22:01.331+0000] {logging_mixin.py:154} INFO - [2023-11-23T04:22:01.331+0000] {dag.py:2941} INFO - Sync 1 DAGs
[2023-11-23T04:22:01.387+0000] {logging_mixin.py:154} INFO - [2023-11-23T04:22:01.383+0000] {dag.py:3722} INFO - Setting next_dagrun for example_local_kubernetes_executor to None, run_after=None
[2023-11-23T04:22:01.479+0000] {processor.py:179} INFO - Processing /home/airflow/.local/lib/python3.8/site-packages/airflow/example_dags/example_local_kubernetes_executor.py took 0.786 seconds
