[2023-11-23T02:25:08.146+0000] {processor.py:157} INFO - Started process (PID=52) to work on /home/airflow/.local/lib/python3.8/site-packages/airflow/example_dags/example_complex.py
[2023-11-23T02:25:08.153+0000] {processor.py:829} INFO - Processing file /home/airflow/.local/lib/python3.8/site-packages/airflow/example_dags/example_complex.py for tasks to queue
[2023-11-23T02:25:08.159+0000] {logging_mixin.py:154} INFO - [2023-11-23T02:25:08.159+0000] {dagbag.py:536} INFO - Filling up the DagBag from /home/airflow/.local/lib/python3.8/site-packages/airflow/example_dags/example_complex.py
[2023-11-23T02:25:08.188+0000] {processor.py:839} INFO - DAG(s) dict_keys(['example_complex']) retrieved from /home/airflow/.local/lib/python3.8/site-packages/airflow/example_dags/example_complex.py
[2023-11-23T02:25:09.281+0000] {logging_mixin.py:154} INFO - [2023-11-23T02:25:09.281+0000] {manager.py:499} INFO - Created Permission View: %s
[2023-11-23T02:25:09.427+0000] {logging_mixin.py:154} INFO - [2023-11-23T02:25:09.426+0000] {manager.py:499} INFO - Created Permission View: %s
[2023-11-23T02:25:09.483+0000] {logging_mixin.py:154} INFO - [2023-11-23T02:25:09.483+0000] {manager.py:499} INFO - Created Permission View: %s
[2023-11-23T02:25:09.484+0000] {logging_mixin.py:154} INFO - [2023-11-23T02:25:09.483+0000] {dag.py:2941} INFO - Sync 1 DAGs
[2023-11-23T02:25:09.513+0000] {logging_mixin.py:154} INFO - [2023-11-23T02:25:09.513+0000] {dag.py:2963} INFO - Creating ORM DAG for example_complex
[2023-11-23T02:25:09.515+0000] {logging_mixin.py:154} INFO - [2023-11-23T02:25:09.515+0000] {dag.py:3722} INFO - Setting next_dagrun for example_complex to None, run_after=None
[2023-11-23T02:25:09.641+0000] {processor.py:179} INFO - Processing /home/airflow/.local/lib/python3.8/site-packages/airflow/example_dags/example_complex.py took 1.499 seconds
[2023-11-23T02:25:39.723+0000] {processor.py:157} INFO - Started process (PID=107) to work on /home/airflow/.local/lib/python3.8/site-packages/airflow/example_dags/example_complex.py
[2023-11-23T02:25:39.725+0000] {processor.py:829} INFO - Processing file /home/airflow/.local/lib/python3.8/site-packages/airflow/example_dags/example_complex.py for tasks to queue
[2023-11-23T02:25:39.729+0000] {logging_mixin.py:154} INFO - [2023-11-23T02:25:39.728+0000] {dagbag.py:536} INFO - Filling up the DagBag from /home/airflow/.local/lib/python3.8/site-packages/airflow/example_dags/example_complex.py
[2023-11-23T02:25:39.745+0000] {processor.py:839} INFO - DAG(s) dict_keys(['example_complex']) retrieved from /home/airflow/.local/lib/python3.8/site-packages/airflow/example_dags/example_complex.py
[2023-11-23T02:25:39.784+0000] {logging_mixin.py:154} INFO - [2023-11-23T02:25:39.784+0000] {dag.py:2941} INFO - Sync 1 DAGs
[2023-11-23T02:25:39.800+0000] {logging_mixin.py:154} INFO - [2023-11-23T02:25:39.800+0000] {dag.py:3722} INFO - Setting next_dagrun for example_complex to None, run_after=None
[2023-11-23T02:25:39.821+0000] {processor.py:179} INFO - Processing /home/airflow/.local/lib/python3.8/site-packages/airflow/example_dags/example_complex.py took 0.102 seconds
[2023-11-23T02:26:09.946+0000] {processor.py:157} INFO - Started process (PID=161) to work on /home/airflow/.local/lib/python3.8/site-packages/airflow/example_dags/example_complex.py
[2023-11-23T02:26:09.955+0000] {processor.py:829} INFO - Processing file /home/airflow/.local/lib/python3.8/site-packages/airflow/example_dags/example_complex.py for tasks to queue
[2023-11-23T02:26:09.961+0000] {logging_mixin.py:154} INFO - [2023-11-23T02:26:09.961+0000] {dagbag.py:536} INFO - Filling up the DagBag from /home/airflow/.local/lib/python3.8/site-packages/airflow/example_dags/example_complex.py
[2023-11-23T02:26:10.023+0000] {processor.py:839} INFO - DAG(s) dict_keys(['example_complex']) retrieved from /home/airflow/.local/lib/python3.8/site-packages/airflow/example_dags/example_complex.py
[2023-11-23T02:26:10.165+0000] {logging_mixin.py:154} INFO - [2023-11-23T02:26:10.165+0000] {dag.py:2941} INFO - Sync 1 DAGs
[2023-11-23T02:26:10.376+0000] {logging_mixin.py:154} INFO - [2023-11-23T02:26:10.375+0000] {dag.py:3722} INFO - Setting next_dagrun for example_complex to None, run_after=None
[2023-11-23T02:26:10.702+0000] {processor.py:179} INFO - Processing /home/airflow/.local/lib/python3.8/site-packages/airflow/example_dags/example_complex.py took 0.769 seconds
[2023-11-23T02:26:41.359+0000] {processor.py:157} INFO - Started process (PID=215) to work on /home/airflow/.local/lib/python3.8/site-packages/airflow/example_dags/example_complex.py
[2023-11-23T02:26:41.370+0000] {processor.py:829} INFO - Processing file /home/airflow/.local/lib/python3.8/site-packages/airflow/example_dags/example_complex.py for tasks to queue
[2023-11-23T02:26:41.374+0000] {logging_mixin.py:154} INFO - [2023-11-23T02:26:41.374+0000] {dagbag.py:536} INFO - Filling up the DagBag from /home/airflow/.local/lib/python3.8/site-packages/airflow/example_dags/example_complex.py
[2023-11-23T02:26:41.420+0000] {processor.py:839} INFO - DAG(s) dict_keys(['example_complex']) retrieved from /home/airflow/.local/lib/python3.8/site-packages/airflow/example_dags/example_complex.py
[2023-11-23T02:26:41.701+0000] {logging_mixin.py:154} INFO - [2023-11-23T02:26:41.699+0000] {dag.py:2941} INFO - Sync 1 DAGs
[2023-11-23T02:26:41.778+0000] {logging_mixin.py:154} INFO - [2023-11-23T02:26:41.778+0000] {dag.py:3722} INFO - Setting next_dagrun for example_complex to None, run_after=None
[2023-11-23T02:26:41.819+0000] {processor.py:179} INFO - Processing /home/airflow/.local/lib/python3.8/site-packages/airflow/example_dags/example_complex.py took 0.493 seconds
[2023-11-23T02:27:12.024+0000] {processor.py:157} INFO - Started process (PID=269) to work on /home/airflow/.local/lib/python3.8/site-packages/airflow/example_dags/example_complex.py
[2023-11-23T02:27:12.026+0000] {processor.py:829} INFO - Processing file /home/airflow/.local/lib/python3.8/site-packages/airflow/example_dags/example_complex.py for tasks to queue
[2023-11-23T02:27:12.031+0000] {logging_mixin.py:154} INFO - [2023-11-23T02:27:12.031+0000] {dagbag.py:536} INFO - Filling up the DagBag from /home/airflow/.local/lib/python3.8/site-packages/airflow/example_dags/example_complex.py
[2023-11-23T02:27:12.057+0000] {processor.py:839} INFO - DAG(s) dict_keys(['example_complex']) retrieved from /home/airflow/.local/lib/python3.8/site-packages/airflow/example_dags/example_complex.py
[2023-11-23T02:27:12.130+0000] {logging_mixin.py:154} INFO - [2023-11-23T02:27:12.130+0000] {dag.py:2941} INFO - Sync 1 DAGs
[2023-11-23T02:27:12.170+0000] {logging_mixin.py:154} INFO - [2023-11-23T02:27:12.170+0000] {dag.py:3722} INFO - Setting next_dagrun for example_complex to None, run_after=None
[2023-11-23T02:27:12.213+0000] {processor.py:179} INFO - Processing /home/airflow/.local/lib/python3.8/site-packages/airflow/example_dags/example_complex.py took 0.197 seconds
[2023-11-23T02:27:42.290+0000] {processor.py:157} INFO - Started process (PID=322) to work on /home/airflow/.local/lib/python3.8/site-packages/airflow/example_dags/example_complex.py
[2023-11-23T02:27:42.294+0000] {processor.py:829} INFO - Processing file /home/airflow/.local/lib/python3.8/site-packages/airflow/example_dags/example_complex.py for tasks to queue
[2023-11-23T02:27:42.300+0000] {logging_mixin.py:154} INFO - [2023-11-23T02:27:42.298+0000] {dagbag.py:536} INFO - Filling up the DagBag from /home/airflow/.local/lib/python3.8/site-packages/airflow/example_dags/example_complex.py
[2023-11-23T02:27:42.326+0000] {processor.py:839} INFO - DAG(s) dict_keys(['example_complex']) retrieved from /home/airflow/.local/lib/python3.8/site-packages/airflow/example_dags/example_complex.py
[2023-11-23T02:27:42.420+0000] {logging_mixin.py:154} INFO - [2023-11-23T02:27:42.419+0000] {dag.py:2941} INFO - Sync 1 DAGs
[2023-11-23T02:27:42.442+0000] {logging_mixin.py:154} INFO - [2023-11-23T02:27:42.442+0000] {dag.py:3722} INFO - Setting next_dagrun for example_complex to None, run_after=None
[2023-11-23T02:27:42.480+0000] {processor.py:179} INFO - Processing /home/airflow/.local/lib/python3.8/site-packages/airflow/example_dags/example_complex.py took 0.196 seconds
[2023-11-23T02:28:13.372+0000] {processor.py:157} INFO - Started process (PID=376) to work on /home/airflow/.local/lib/python3.8/site-packages/airflow/example_dags/example_complex.py
[2023-11-23T02:28:13.374+0000] {processor.py:829} INFO - Processing file /home/airflow/.local/lib/python3.8/site-packages/airflow/example_dags/example_complex.py for tasks to queue
[2023-11-23T02:28:13.377+0000] {logging_mixin.py:154} INFO - [2023-11-23T02:28:13.376+0000] {dagbag.py:536} INFO - Filling up the DagBag from /home/airflow/.local/lib/python3.8/site-packages/airflow/example_dags/example_complex.py
[2023-11-23T02:28:13.391+0000] {processor.py:839} INFO - DAG(s) dict_keys(['example_complex']) retrieved from /home/airflow/.local/lib/python3.8/site-packages/airflow/example_dags/example_complex.py
[2023-11-23T02:28:13.432+0000] {logging_mixin.py:154} INFO - [2023-11-23T02:28:13.432+0000] {dag.py:2941} INFO - Sync 1 DAGs
[2023-11-23T02:28:13.448+0000] {logging_mixin.py:154} INFO - [2023-11-23T02:28:13.447+0000] {dag.py:3722} INFO - Setting next_dagrun for example_complex to None, run_after=None
[2023-11-23T02:28:13.479+0000] {processor.py:179} INFO - Processing /home/airflow/.local/lib/python3.8/site-packages/airflow/example_dags/example_complex.py took 0.110 seconds
[2023-11-23T02:28:43.628+0000] {processor.py:157} INFO - Started process (PID=429) to work on /home/airflow/.local/lib/python3.8/site-packages/airflow/example_dags/example_complex.py
[2023-11-23T02:28:43.638+0000] {processor.py:829} INFO - Processing file /home/airflow/.local/lib/python3.8/site-packages/airflow/example_dags/example_complex.py for tasks to queue
[2023-11-23T02:28:43.646+0000] {logging_mixin.py:154} INFO - [2023-11-23T02:28:43.645+0000] {dagbag.py:536} INFO - Filling up the DagBag from /home/airflow/.local/lib/python3.8/site-packages/airflow/example_dags/example_complex.py
[2023-11-23T02:28:43.670+0000] {processor.py:839} INFO - DAG(s) dict_keys(['example_complex']) retrieved from /home/airflow/.local/lib/python3.8/site-packages/airflow/example_dags/example_complex.py
[2023-11-23T02:28:43.756+0000] {logging_mixin.py:154} INFO - [2023-11-23T02:28:43.756+0000] {dag.py:2941} INFO - Sync 1 DAGs
[2023-11-23T02:28:43.800+0000] {logging_mixin.py:154} INFO - [2023-11-23T02:28:43.800+0000] {dag.py:3722} INFO - Setting next_dagrun for example_complex to None, run_after=None
[2023-11-23T02:28:43.884+0000] {processor.py:179} INFO - Processing /home/airflow/.local/lib/python3.8/site-packages/airflow/example_dags/example_complex.py took 0.262 seconds
[2023-11-23T02:29:14.154+0000] {processor.py:157} INFO - Started process (PID=483) to work on /home/airflow/.local/lib/python3.8/site-packages/airflow/example_dags/example_complex.py
[2023-11-23T02:29:14.158+0000] {processor.py:829} INFO - Processing file /home/airflow/.local/lib/python3.8/site-packages/airflow/example_dags/example_complex.py for tasks to queue
[2023-11-23T02:29:14.163+0000] {logging_mixin.py:154} INFO - [2023-11-23T02:29:14.163+0000] {dagbag.py:536} INFO - Filling up the DagBag from /home/airflow/.local/lib/python3.8/site-packages/airflow/example_dags/example_complex.py
[2023-11-23T02:29:14.190+0000] {processor.py:839} INFO - DAG(s) dict_keys(['example_complex']) retrieved from /home/airflow/.local/lib/python3.8/site-packages/airflow/example_dags/example_complex.py
[2023-11-23T02:29:14.281+0000] {logging_mixin.py:154} INFO - [2023-11-23T02:29:14.281+0000] {dag.py:2941} INFO - Sync 1 DAGs
[2023-11-23T02:29:14.297+0000] {logging_mixin.py:154} INFO - [2023-11-23T02:29:14.296+0000] {dag.py:3722} INFO - Setting next_dagrun for example_complex to None, run_after=None
[2023-11-23T02:29:14.324+0000] {processor.py:179} INFO - Processing /home/airflow/.local/lib/python3.8/site-packages/airflow/example_dags/example_complex.py took 0.174 seconds
[2023-11-23T02:29:44.732+0000] {processor.py:157} INFO - Started process (PID=537) to work on /home/airflow/.local/lib/python3.8/site-packages/airflow/example_dags/example_complex.py
[2023-11-23T02:29:44.734+0000] {processor.py:829} INFO - Processing file /home/airflow/.local/lib/python3.8/site-packages/airflow/example_dags/example_complex.py for tasks to queue
[2023-11-23T02:29:44.739+0000] {logging_mixin.py:154} INFO - [2023-11-23T02:29:44.739+0000] {dagbag.py:536} INFO - Filling up the DagBag from /home/airflow/.local/lib/python3.8/site-packages/airflow/example_dags/example_complex.py
[2023-11-23T02:29:44.778+0000] {processor.py:839} INFO - DAG(s) dict_keys(['example_complex']) retrieved from /home/airflow/.local/lib/python3.8/site-packages/airflow/example_dags/example_complex.py
[2023-11-23T02:29:44.847+0000] {logging_mixin.py:154} INFO - [2023-11-23T02:29:44.847+0000] {dag.py:2941} INFO - Sync 1 DAGs
[2023-11-23T02:29:44.878+0000] {logging_mixin.py:154} INFO - [2023-11-23T02:29:44.878+0000] {dag.py:3722} INFO - Setting next_dagrun for example_complex to None, run_after=None
[2023-11-23T02:29:44.926+0000] {processor.py:179} INFO - Processing /home/airflow/.local/lib/python3.8/site-packages/airflow/example_dags/example_complex.py took 0.204 seconds
[2023-11-23T02:30:15.864+0000] {processor.py:157} INFO - Started process (PID=591) to work on /home/airflow/.local/lib/python3.8/site-packages/airflow/example_dags/example_complex.py
[2023-11-23T02:30:15.870+0000] {processor.py:829} INFO - Processing file /home/airflow/.local/lib/python3.8/site-packages/airflow/example_dags/example_complex.py for tasks to queue
[2023-11-23T02:30:15.884+0000] {logging_mixin.py:154} INFO - [2023-11-23T02:30:15.884+0000] {dagbag.py:536} INFO - Filling up the DagBag from /home/airflow/.local/lib/python3.8/site-packages/airflow/example_dags/example_complex.py
[2023-11-23T02:30:16.006+0000] {processor.py:839} INFO - DAG(s) dict_keys(['example_complex']) retrieved from /home/airflow/.local/lib/python3.8/site-packages/airflow/example_dags/example_complex.py
[2023-11-23T02:30:16.351+0000] {logging_mixin.py:154} INFO - [2023-11-23T02:30:16.351+0000] {dag.py:2941} INFO - Sync 1 DAGs
[2023-11-23T02:30:16.484+0000] {logging_mixin.py:154} INFO - [2023-11-23T02:30:16.483+0000] {dag.py:3722} INFO - Setting next_dagrun for example_complex to None, run_after=None
[2023-11-23T02:30:16.614+0000] {processor.py:179} INFO - Processing /home/airflow/.local/lib/python3.8/site-packages/airflow/example_dags/example_complex.py took 0.786 seconds
[2023-11-23T02:30:47.861+0000] {processor.py:157} INFO - Started process (PID=644) to work on /home/airflow/.local/lib/python3.8/site-packages/airflow/example_dags/example_complex.py
[2023-11-23T02:30:47.864+0000] {processor.py:829} INFO - Processing file /home/airflow/.local/lib/python3.8/site-packages/airflow/example_dags/example_complex.py for tasks to queue
[2023-11-23T02:30:47.868+0000] {logging_mixin.py:154} INFO - [2023-11-23T02:30:47.868+0000] {dagbag.py:536} INFO - Filling up the DagBag from /home/airflow/.local/lib/python3.8/site-packages/airflow/example_dags/example_complex.py
[2023-11-23T02:30:47.890+0000] {processor.py:839} INFO - DAG(s) dict_keys(['example_complex']) retrieved from /home/airflow/.local/lib/python3.8/site-packages/airflow/example_dags/example_complex.py
[2023-11-23T02:30:47.950+0000] {logging_mixin.py:154} INFO - [2023-11-23T02:30:47.949+0000] {dag.py:2941} INFO - Sync 1 DAGs
[2023-11-23T02:30:47.972+0000] {logging_mixin.py:154} INFO - [2023-11-23T02:30:47.971+0000] {dag.py:3722} INFO - Setting next_dagrun for example_complex to None, run_after=None
[2023-11-23T02:30:48.010+0000] {processor.py:179} INFO - Processing /home/airflow/.local/lib/python3.8/site-packages/airflow/example_dags/example_complex.py took 0.155 seconds
[2023-11-23T02:31:18.121+0000] {processor.py:157} INFO - Started process (PID=696) to work on /home/airflow/.local/lib/python3.8/site-packages/airflow/example_dags/example_complex.py
[2023-11-23T02:31:18.123+0000] {processor.py:829} INFO - Processing file /home/airflow/.local/lib/python3.8/site-packages/airflow/example_dags/example_complex.py for tasks to queue
[2023-11-23T02:31:18.129+0000] {logging_mixin.py:154} INFO - [2023-11-23T02:31:18.128+0000] {dagbag.py:536} INFO - Filling up the DagBag from /home/airflow/.local/lib/python3.8/site-packages/airflow/example_dags/example_complex.py
[2023-11-23T02:31:18.186+0000] {processor.py:839} INFO - DAG(s) dict_keys(['example_complex']) retrieved from /home/airflow/.local/lib/python3.8/site-packages/airflow/example_dags/example_complex.py
[2023-11-23T02:31:18.474+0000] {logging_mixin.py:154} INFO - [2023-11-23T02:31:18.474+0000] {dag.py:2941} INFO - Sync 1 DAGs
[2023-11-23T02:31:18.661+0000] {logging_mixin.py:154} INFO - [2023-11-23T02:31:18.661+0000] {dag.py:3722} INFO - Setting next_dagrun for example_complex to None, run_after=None
[2023-11-23T02:31:18.699+0000] {processor.py:179} INFO - Processing /home/airflow/.local/lib/python3.8/site-packages/airflow/example_dags/example_complex.py took 0.582 seconds
[2023-11-23T02:31:49.485+0000] {processor.py:157} INFO - Started process (PID=750) to work on /home/airflow/.local/lib/python3.8/site-packages/airflow/example_dags/example_complex.py
[2023-11-23T02:31:49.486+0000] {processor.py:829} INFO - Processing file /home/airflow/.local/lib/python3.8/site-packages/airflow/example_dags/example_complex.py for tasks to queue
[2023-11-23T02:31:49.489+0000] {logging_mixin.py:154} INFO - [2023-11-23T02:31:49.489+0000] {dagbag.py:536} INFO - Filling up the DagBag from /home/airflow/.local/lib/python3.8/site-packages/airflow/example_dags/example_complex.py
[2023-11-23T02:31:49.505+0000] {processor.py:839} INFO - DAG(s) dict_keys(['example_complex']) retrieved from /home/airflow/.local/lib/python3.8/site-packages/airflow/example_dags/example_complex.py
[2023-11-23T02:31:49.550+0000] {logging_mixin.py:154} INFO - [2023-11-23T02:31:49.549+0000] {dag.py:2941} INFO - Sync 1 DAGs
[2023-11-23T02:31:49.571+0000] {logging_mixin.py:154} INFO - [2023-11-23T02:31:49.571+0000] {dag.py:3722} INFO - Setting next_dagrun for example_complex to None, run_after=None
[2023-11-23T02:31:49.597+0000] {processor.py:179} INFO - Processing /home/airflow/.local/lib/python3.8/site-packages/airflow/example_dags/example_complex.py took 0.116 seconds
[2023-11-23T03:44:07.135+0000] {processor.py:157} INFO - Started process (PID=58) to work on /home/airflow/.local/lib/python3.8/site-packages/airflow/example_dags/example_complex.py
[2023-11-23T03:44:07.138+0000] {processor.py:829} INFO - Processing file /home/airflow/.local/lib/python3.8/site-packages/airflow/example_dags/example_complex.py for tasks to queue
[2023-11-23T03:44:07.155+0000] {logging_mixin.py:154} INFO - [2023-11-23T03:44:07.154+0000] {dagbag.py:536} INFO - Filling up the DagBag from /home/airflow/.local/lib/python3.8/site-packages/airflow/example_dags/example_complex.py
[2023-11-23T03:44:07.225+0000] {processor.py:839} INFO - DAG(s) dict_keys(['example_complex']) retrieved from /home/airflow/.local/lib/python3.8/site-packages/airflow/example_dags/example_complex.py
[2023-11-23T03:44:07.452+0000] {logging_mixin.py:154} INFO - [2023-11-23T03:44:07.452+0000] {dag.py:2941} INFO - Sync 1 DAGs
[2023-11-23T03:44:07.545+0000] {logging_mixin.py:154} INFO - [2023-11-23T03:44:07.544+0000] {dag.py:3722} INFO - Setting next_dagrun for example_complex to None, run_after=None
[2023-11-23T03:44:08.257+0000] {processor.py:179} INFO - Processing /home/airflow/.local/lib/python3.8/site-packages/airflow/example_dags/example_complex.py took 1.157 seconds
[2023-11-23T03:44:49.876+0000] {processor.py:157} INFO - Started process (PID=119) to work on /home/airflow/.local/lib/python3.8/site-packages/airflow/example_dags/example_complex.py
[2023-11-23T03:44:49.888+0000] {processor.py:829} INFO - Processing file /home/airflow/.local/lib/python3.8/site-packages/airflow/example_dags/example_complex.py for tasks to queue
[2023-11-23T03:44:49.899+0000] {logging_mixin.py:154} INFO - [2023-11-23T03:44:49.898+0000] {dagbag.py:536} INFO - Filling up the DagBag from /home/airflow/.local/lib/python3.8/site-packages/airflow/example_dags/example_complex.py
[2023-11-23T03:44:50.024+0000] {processor.py:839} INFO - DAG(s) dict_keys(['example_complex']) retrieved from /home/airflow/.local/lib/python3.8/site-packages/airflow/example_dags/example_complex.py
[2023-11-23T03:44:50.217+0000] {logging_mixin.py:154} INFO - [2023-11-23T03:44:50.217+0000] {dag.py:2941} INFO - Sync 1 DAGs
[2023-11-23T03:44:50.305+0000] {logging_mixin.py:154} INFO - [2023-11-23T03:44:50.304+0000] {dag.py:3722} INFO - Setting next_dagrun for example_complex to None, run_after=None
[2023-11-23T03:44:50.416+0000] {processor.py:179} INFO - Processing /home/airflow/.local/lib/python3.8/site-packages/airflow/example_dags/example_complex.py took 0.563 seconds
[2023-11-23T04:15:41.243+0000] {processor.py:157} INFO - Started process (PID=184) to work on /home/airflow/.local/lib/python3.8/site-packages/airflow/example_dags/example_complex.py
[2023-11-23T04:15:41.244+0000] {processor.py:829} INFO - Processing file /home/airflow/.local/lib/python3.8/site-packages/airflow/example_dags/example_complex.py for tasks to queue
[2023-11-23T04:15:41.248+0000] {logging_mixin.py:154} INFO - [2023-11-23T04:15:41.248+0000] {dagbag.py:536} INFO - Filling up the DagBag from /home/airflow/.local/lib/python3.8/site-packages/airflow/example_dags/example_complex.py
[2023-11-23T04:15:41.277+0000] {processor.py:839} INFO - DAG(s) dict_keys(['example_complex']) retrieved from /home/airflow/.local/lib/python3.8/site-packages/airflow/example_dags/example_complex.py
[2023-11-23T04:15:41.349+0000] {logging_mixin.py:154} INFO - [2023-11-23T04:15:41.348+0000] {dag.py:2941} INFO - Sync 1 DAGs
[2023-11-23T04:15:41.372+0000] {logging_mixin.py:154} INFO - [2023-11-23T04:15:41.371+0000] {dag.py:3722} INFO - Setting next_dagrun for example_complex to None, run_after=None
[2023-11-23T04:15:41.404+0000] {processor.py:179} INFO - Processing /home/airflow/.local/lib/python3.8/site-packages/airflow/example_dags/example_complex.py took 0.168 seconds
[2023-11-23T04:16:11.579+0000] {processor.py:157} INFO - Started process (PID=237) to work on /home/airflow/.local/lib/python3.8/site-packages/airflow/example_dags/example_complex.py
[2023-11-23T04:16:11.581+0000] {processor.py:829} INFO - Processing file /home/airflow/.local/lib/python3.8/site-packages/airflow/example_dags/example_complex.py for tasks to queue
[2023-11-23T04:16:11.585+0000] {logging_mixin.py:154} INFO - [2023-11-23T04:16:11.585+0000] {dagbag.py:536} INFO - Filling up the DagBag from /home/airflow/.local/lib/python3.8/site-packages/airflow/example_dags/example_complex.py
[2023-11-23T04:16:11.604+0000] {processor.py:839} INFO - DAG(s) dict_keys(['example_complex']) retrieved from /home/airflow/.local/lib/python3.8/site-packages/airflow/example_dags/example_complex.py
[2023-11-23T04:16:11.661+0000] {logging_mixin.py:154} INFO - [2023-11-23T04:16:11.661+0000] {dag.py:2941} INFO - Sync 1 DAGs
[2023-11-23T04:16:11.678+0000] {logging_mixin.py:154} INFO - [2023-11-23T04:16:11.678+0000] {dag.py:3722} INFO - Setting next_dagrun for example_complex to None, run_after=None
[2023-11-23T04:16:11.706+0000] {processor.py:179} INFO - Processing /home/airflow/.local/lib/python3.8/site-packages/airflow/example_dags/example_complex.py took 0.134 seconds
[2023-11-23T04:16:42.508+0000] {processor.py:157} INFO - Started process (PID=291) to work on /home/airflow/.local/lib/python3.8/site-packages/airflow/example_dags/example_complex.py
[2023-11-23T04:16:42.510+0000] {processor.py:829} INFO - Processing file /home/airflow/.local/lib/python3.8/site-packages/airflow/example_dags/example_complex.py for tasks to queue
[2023-11-23T04:16:42.513+0000] {logging_mixin.py:154} INFO - [2023-11-23T04:16:42.513+0000] {dagbag.py:536} INFO - Filling up the DagBag from /home/airflow/.local/lib/python3.8/site-packages/airflow/example_dags/example_complex.py
[2023-11-23T04:16:42.529+0000] {processor.py:839} INFO - DAG(s) dict_keys(['example_complex']) retrieved from /home/airflow/.local/lib/python3.8/site-packages/airflow/example_dags/example_complex.py
[2023-11-23T04:16:42.580+0000] {logging_mixin.py:154} INFO - [2023-11-23T04:16:42.580+0000] {dag.py:2941} INFO - Sync 1 DAGs
[2023-11-23T04:16:42.597+0000] {logging_mixin.py:154} INFO - [2023-11-23T04:16:42.596+0000] {dag.py:3722} INFO - Setting next_dagrun for example_complex to None, run_after=None
[2023-11-23T04:16:42.641+0000] {processor.py:179} INFO - Processing /home/airflow/.local/lib/python3.8/site-packages/airflow/example_dags/example_complex.py took 0.140 seconds
[2023-11-23T04:17:13.529+0000] {processor.py:157} INFO - Started process (PID=345) to work on /home/airflow/.local/lib/python3.8/site-packages/airflow/example_dags/example_complex.py
[2023-11-23T04:17:13.530+0000] {processor.py:829} INFO - Processing file /home/airflow/.local/lib/python3.8/site-packages/airflow/example_dags/example_complex.py for tasks to queue
[2023-11-23T04:17:13.534+0000] {logging_mixin.py:154} INFO - [2023-11-23T04:17:13.534+0000] {dagbag.py:536} INFO - Filling up the DagBag from /home/airflow/.local/lib/python3.8/site-packages/airflow/example_dags/example_complex.py
[2023-11-23T04:17:13.559+0000] {processor.py:839} INFO - DAG(s) dict_keys(['example_complex']) retrieved from /home/airflow/.local/lib/python3.8/site-packages/airflow/example_dags/example_complex.py
[2023-11-23T04:17:13.611+0000] {logging_mixin.py:154} INFO - [2023-11-23T04:17:13.611+0000] {dag.py:2941} INFO - Sync 1 DAGs
[2023-11-23T04:17:13.632+0000] {logging_mixin.py:154} INFO - [2023-11-23T04:17:13.632+0000] {dag.py:3722} INFO - Setting next_dagrun for example_complex to None, run_after=None
[2023-11-23T04:17:13.664+0000] {processor.py:179} INFO - Processing /home/airflow/.local/lib/python3.8/site-packages/airflow/example_dags/example_complex.py took 0.141 seconds
[2023-11-23T04:17:44.248+0000] {processor.py:157} INFO - Started process (PID=399) to work on /home/airflow/.local/lib/python3.8/site-packages/airflow/example_dags/example_complex.py
[2023-11-23T04:17:44.249+0000] {processor.py:829} INFO - Processing file /home/airflow/.local/lib/python3.8/site-packages/airflow/example_dags/example_complex.py for tasks to queue
[2023-11-23T04:17:44.253+0000] {logging_mixin.py:154} INFO - [2023-11-23T04:17:44.253+0000] {dagbag.py:536} INFO - Filling up the DagBag from /home/airflow/.local/lib/python3.8/site-packages/airflow/example_dags/example_complex.py
[2023-11-23T04:17:44.274+0000] {processor.py:839} INFO - DAG(s) dict_keys(['example_complex']) retrieved from /home/airflow/.local/lib/python3.8/site-packages/airflow/example_dags/example_complex.py
[2023-11-23T04:17:44.333+0000] {logging_mixin.py:154} INFO - [2023-11-23T04:17:44.333+0000] {dag.py:2941} INFO - Sync 1 DAGs
[2023-11-23T04:17:44.371+0000] {logging_mixin.py:154} INFO - [2023-11-23T04:17:44.370+0000] {dag.py:3722} INFO - Setting next_dagrun for example_complex to None, run_after=None
[2023-11-23T04:17:44.400+0000] {processor.py:179} INFO - Processing /home/airflow/.local/lib/python3.8/site-packages/airflow/example_dags/example_complex.py took 0.160 seconds
[2023-11-23T04:18:15.243+0000] {processor.py:157} INFO - Started process (PID=452) to work on /home/airflow/.local/lib/python3.8/site-packages/airflow/example_dags/example_complex.py
[2023-11-23T04:18:15.245+0000] {processor.py:829} INFO - Processing file /home/airflow/.local/lib/python3.8/site-packages/airflow/example_dags/example_complex.py for tasks to queue
[2023-11-23T04:18:15.249+0000] {logging_mixin.py:154} INFO - [2023-11-23T04:18:15.248+0000] {dagbag.py:536} INFO - Filling up the DagBag from /home/airflow/.local/lib/python3.8/site-packages/airflow/example_dags/example_complex.py
[2023-11-23T04:18:15.276+0000] {processor.py:839} INFO - DAG(s) dict_keys(['example_complex']) retrieved from /home/airflow/.local/lib/python3.8/site-packages/airflow/example_dags/example_complex.py
[2023-11-23T04:18:15.341+0000] {logging_mixin.py:154} INFO - [2023-11-23T04:18:15.341+0000] {dag.py:2941} INFO - Sync 1 DAGs
[2023-11-23T04:18:15.367+0000] {logging_mixin.py:154} INFO - [2023-11-23T04:18:15.367+0000] {dag.py:3722} INFO - Setting next_dagrun for example_complex to None, run_after=None
[2023-11-23T04:18:15.404+0000] {processor.py:179} INFO - Processing /home/airflow/.local/lib/python3.8/site-packages/airflow/example_dags/example_complex.py took 0.166 seconds
[2023-11-23T04:18:47.787+0000] {processor.py:157} INFO - Started process (PID=513) to work on /home/airflow/.local/lib/python3.8/site-packages/airflow/example_dags/example_complex.py
[2023-11-23T04:18:47.789+0000] {processor.py:829} INFO - Processing file /home/airflow/.local/lib/python3.8/site-packages/airflow/example_dags/example_complex.py for tasks to queue
[2023-11-23T04:18:47.793+0000] {logging_mixin.py:154} INFO - [2023-11-23T04:18:47.793+0000] {dagbag.py:536} INFO - Filling up the DagBag from /home/airflow/.local/lib/python3.8/site-packages/airflow/example_dags/example_complex.py
[2023-11-23T04:18:47.820+0000] {processor.py:839} INFO - DAG(s) dict_keys(['example_complex']) retrieved from /home/airflow/.local/lib/python3.8/site-packages/airflow/example_dags/example_complex.py
[2023-11-23T04:18:47.884+0000] {logging_mixin.py:154} INFO - [2023-11-23T04:18:47.883+0000] {dag.py:2941} INFO - Sync 1 DAGs
[2023-11-23T04:18:47.913+0000] {logging_mixin.py:154} INFO - [2023-11-23T04:18:47.913+0000] {dag.py:3722} INFO - Setting next_dagrun for example_complex to None, run_after=None
[2023-11-23T04:18:47.943+0000] {processor.py:179} INFO - Processing /home/airflow/.local/lib/python3.8/site-packages/airflow/example_dags/example_complex.py took 0.162 seconds
[2023-11-23T04:19:18.424+0000] {processor.py:157} INFO - Started process (PID=567) to work on /home/airflow/.local/lib/python3.8/site-packages/airflow/example_dags/example_complex.py
[2023-11-23T04:19:18.434+0000] {processor.py:829} INFO - Processing file /home/airflow/.local/lib/python3.8/site-packages/airflow/example_dags/example_complex.py for tasks to queue
[2023-11-23T04:19:18.450+0000] {logging_mixin.py:154} INFO - [2023-11-23T04:19:18.449+0000] {dagbag.py:536} INFO - Filling up the DagBag from /home/airflow/.local/lib/python3.8/site-packages/airflow/example_dags/example_complex.py
[2023-11-23T04:19:18.719+0000] {processor.py:839} INFO - DAG(s) dict_keys(['example_complex']) retrieved from /home/airflow/.local/lib/python3.8/site-packages/airflow/example_dags/example_complex.py
[2023-11-23T04:19:18.879+0000] {logging_mixin.py:154} INFO - [2023-11-23T04:19:18.878+0000] {dag.py:2941} INFO - Sync 1 DAGs
[2023-11-23T04:19:18.936+0000] {logging_mixin.py:154} INFO - [2023-11-23T04:19:18.936+0000] {dag.py:3722} INFO - Setting next_dagrun for example_complex to None, run_after=None
[2023-11-23T04:19:19.017+0000] {processor.py:179} INFO - Processing /home/airflow/.local/lib/python3.8/site-packages/airflow/example_dags/example_complex.py took 0.619 seconds
[2023-11-23T04:19:49.325+0000] {processor.py:157} INFO - Started process (PID=621) to work on /home/airflow/.local/lib/python3.8/site-packages/airflow/example_dags/example_complex.py
[2023-11-23T04:19:49.327+0000] {processor.py:829} INFO - Processing file /home/airflow/.local/lib/python3.8/site-packages/airflow/example_dags/example_complex.py for tasks to queue
[2023-11-23T04:19:49.330+0000] {logging_mixin.py:154} INFO - [2023-11-23T04:19:49.330+0000] {dagbag.py:536} INFO - Filling up the DagBag from /home/airflow/.local/lib/python3.8/site-packages/airflow/example_dags/example_complex.py
[2023-11-23T04:19:49.375+0000] {processor.py:839} INFO - DAG(s) dict_keys(['example_complex']) retrieved from /home/airflow/.local/lib/python3.8/site-packages/airflow/example_dags/example_complex.py
[2023-11-23T04:19:49.527+0000] {logging_mixin.py:154} INFO - [2023-11-23T04:19:49.526+0000] {dag.py:2941} INFO - Sync 1 DAGs
[2023-11-23T04:19:49.570+0000] {logging_mixin.py:154} INFO - [2023-11-23T04:19:49.569+0000] {dag.py:3722} INFO - Setting next_dagrun for example_complex to None, run_after=None
[2023-11-23T04:19:49.607+0000] {processor.py:179} INFO - Processing /home/airflow/.local/lib/python3.8/site-packages/airflow/example_dags/example_complex.py took 0.288 seconds
[2023-11-23T04:20:20.428+0000] {processor.py:157} INFO - Started process (PID=674) to work on /home/airflow/.local/lib/python3.8/site-packages/airflow/example_dags/example_complex.py
[2023-11-23T04:20:20.431+0000] {processor.py:829} INFO - Processing file /home/airflow/.local/lib/python3.8/site-packages/airflow/example_dags/example_complex.py for tasks to queue
[2023-11-23T04:20:20.436+0000] {logging_mixin.py:154} INFO - [2023-11-23T04:20:20.435+0000] {dagbag.py:536} INFO - Filling up the DagBag from /home/airflow/.local/lib/python3.8/site-packages/airflow/example_dags/example_complex.py
[2023-11-23T04:20:20.464+0000] {processor.py:839} INFO - DAG(s) dict_keys(['example_complex']) retrieved from /home/airflow/.local/lib/python3.8/site-packages/airflow/example_dags/example_complex.py
[2023-11-23T04:20:20.568+0000] {logging_mixin.py:154} INFO - [2023-11-23T04:20:20.568+0000] {dag.py:2941} INFO - Sync 1 DAGs
[2023-11-23T04:20:20.633+0000] {logging_mixin.py:154} INFO - [2023-11-23T04:20:20.632+0000] {dag.py:3722} INFO - Setting next_dagrun for example_complex to None, run_after=None
[2023-11-23T04:20:20.691+0000] {processor.py:179} INFO - Processing /home/airflow/.local/lib/python3.8/site-packages/airflow/example_dags/example_complex.py took 0.305 seconds
[2023-11-23T04:20:51.312+0000] {processor.py:157} INFO - Started process (PID=728) to work on /home/airflow/.local/lib/python3.8/site-packages/airflow/example_dags/example_complex.py
[2023-11-23T04:20:51.323+0000] {processor.py:829} INFO - Processing file /home/airflow/.local/lib/python3.8/site-packages/airflow/example_dags/example_complex.py for tasks to queue
[2023-11-23T04:20:51.333+0000] {logging_mixin.py:154} INFO - [2023-11-23T04:20:51.333+0000] {dagbag.py:536} INFO - Filling up the DagBag from /home/airflow/.local/lib/python3.8/site-packages/airflow/example_dags/example_complex.py
[2023-11-23T04:20:51.379+0000] {processor.py:839} INFO - DAG(s) dict_keys(['example_complex']) retrieved from /home/airflow/.local/lib/python3.8/site-packages/airflow/example_dags/example_complex.py
[2023-11-23T04:20:51.494+0000] {logging_mixin.py:154} INFO - [2023-11-23T04:20:51.494+0000] {dag.py:2941} INFO - Sync 1 DAGs
[2023-11-23T04:20:51.547+0000] {logging_mixin.py:154} INFO - [2023-11-23T04:20:51.543+0000] {dag.py:3722} INFO - Setting next_dagrun for example_complex to None, run_after=None
[2023-11-23T04:20:51.617+0000] {processor.py:179} INFO - Processing /home/airflow/.local/lib/python3.8/site-packages/airflow/example_dags/example_complex.py took 0.326 seconds
[2023-11-23T04:21:24.568+0000] {processor.py:157} INFO - Started process (PID=782) to work on /home/airflow/.local/lib/python3.8/site-packages/airflow/example_dags/example_complex.py
[2023-11-23T04:21:24.570+0000] {processor.py:829} INFO - Processing file /home/airflow/.local/lib/python3.8/site-packages/airflow/example_dags/example_complex.py for tasks to queue
[2023-11-23T04:21:24.576+0000] {logging_mixin.py:154} INFO - [2023-11-23T04:21:24.575+0000] {dagbag.py:536} INFO - Filling up the DagBag from /home/airflow/.local/lib/python3.8/site-packages/airflow/example_dags/example_complex.py
[2023-11-23T04:21:24.623+0000] {processor.py:839} INFO - DAG(s) dict_keys(['example_complex']) retrieved from /home/airflow/.local/lib/python3.8/site-packages/airflow/example_dags/example_complex.py
[2023-11-23T04:21:25.837+0000] {logging_mixin.py:154} INFO - [2023-11-23T04:21:25.836+0000] {dag.py:2941} INFO - Sync 1 DAGs
[2023-11-23T04:21:26.320+0000] {logging_mixin.py:154} INFO - [2023-11-23T04:21:26.319+0000] {dag.py:3722} INFO - Setting next_dagrun for example_complex to None, run_after=None
[2023-11-23T04:21:26.529+0000] {processor.py:179} INFO - Processing /home/airflow/.local/lib/python3.8/site-packages/airflow/example_dags/example_complex.py took 1.966 seconds
[2023-11-23T04:21:56.654+0000] {processor.py:157} INFO - Started process (PID=836) to work on /home/airflow/.local/lib/python3.8/site-packages/airflow/example_dags/example_complex.py
[2023-11-23T04:21:56.655+0000] {processor.py:829} INFO - Processing file /home/airflow/.local/lib/python3.8/site-packages/airflow/example_dags/example_complex.py for tasks to queue
[2023-11-23T04:21:56.660+0000] {logging_mixin.py:154} INFO - [2023-11-23T04:21:56.659+0000] {dagbag.py:536} INFO - Filling up the DagBag from /home/airflow/.local/lib/python3.8/site-packages/airflow/example_dags/example_complex.py
[2023-11-23T04:21:56.682+0000] {processor.py:839} INFO - DAG(s) dict_keys(['example_complex']) retrieved from /home/airflow/.local/lib/python3.8/site-packages/airflow/example_dags/example_complex.py
[2023-11-23T04:21:56.738+0000] {logging_mixin.py:154} INFO - [2023-11-23T04:21:56.738+0000] {dag.py:2941} INFO - Sync 1 DAGs
[2023-11-23T04:21:56.754+0000] {logging_mixin.py:154} INFO - [2023-11-23T04:21:56.754+0000] {dag.py:3722} INFO - Setting next_dagrun for example_complex to None, run_after=None
[2023-11-23T04:21:56.786+0000] {processor.py:179} INFO - Processing /home/airflow/.local/lib/python3.8/site-packages/airflow/example_dags/example_complex.py took 0.138 seconds
