[2023-11-26T03:04:55.226+0000] {taskinstance.py:1159} INFO - Dependencies all met for dep_context=non-requeueable deps ti=<TaskInstance: outcomes_dag.load_outcome_types_dim scheduled__2023-11-22T00:00:00+00:00 [queued]>
[2023-11-26T03:04:55.243+0000] {taskinstance.py:1159} INFO - Dependencies all met for dep_context=requeueable deps ti=<TaskInstance: outcomes_dag.load_outcome_types_dim scheduled__2023-11-22T00:00:00+00:00 [queued]>
[2023-11-26T03:04:55.243+0000] {taskinstance.py:1361} INFO - Starting attempt 1 of 1
[2023-11-26T03:04:55.269+0000] {taskinstance.py:1382} INFO - Executing <Task(PythonOperator): load_outcome_types_dim> on 2023-11-22 00:00:00+00:00
[2023-11-26T03:04:55.283+0000] {standard_task_runner.py:57} INFO - Started process 825 to run task
[2023-11-26T03:04:55.297+0000] {standard_task_runner.py:84} INFO - Running: ['***', 'tasks', 'run', 'outcomes_dag', 'load_outcome_types_dim', 'scheduled__2023-11-22T00:00:00+00:00', '--job-id', '139', '--raw', '--subdir', 'DAGS_FOLDER/outcomes_dag.py', '--cfg-path', '/tmp/tmp1q1cz0lx']
[2023-11-26T03:04:55.303+0000] {standard_task_runner.py:85} INFO - Job 139: Subtask load_outcome_types_dim
[2023-11-26T03:04:55.428+0000] {task_command.py:416} INFO - Running <TaskInstance: outcomes_dag.load_outcome_types_dim scheduled__2023-11-22T00:00:00+00:00 [running]> on host d8c33f99ee50
[2023-11-26T03:04:55.657+0000] {taskinstance.py:1662} INFO - Exporting env vars: AIRFLOW_CTX_DAG_OWNER='***' AIRFLOW_CTX_DAG_ID='outcomes_dag' AIRFLOW_CTX_TASK_ID='load_outcome_types_dim' AIRFLOW_CTX_EXECUTION_DATE='2023-11-22T00:00:00+00:00' AIRFLOW_CTX_TRY_NUMBER='1' AIRFLOW_CTX_DAG_RUN_ID='scheduled__2023-11-22T00:00:00+00:00'
[2023-11-26T03:04:56.861+0000] {python.py:194} INFO - Done. Returned value was: None
[2023-11-26T03:04:57.096+0000] {taskinstance.py:1400} INFO - Marking task as SUCCESS. dag_id=outcomes_dag, task_id=load_outcome_types_dim, execution_date=20231122T000000, start_date=20231126T030455, end_date=20231126T030457
[2023-11-26T03:04:57.181+0000] {local_task_job_runner.py:228} INFO - Task exited with return code 0
[2023-11-26T03:04:57.212+0000] {taskinstance.py:2778} INFO - 0 downstream tasks scheduled from follow-on schedule check
[2023-12-17T15:13:23.144+0000] {taskinstance.py:1159} INFO - Dependencies all met for dep_context=non-requeueable deps ti=<TaskInstance: outcomes_dag.load_outcome_types_dim scheduled__2023-11-22T00:00:00+00:00 [queued]>
[2023-12-17T15:13:23.160+0000] {taskinstance.py:1159} INFO - Dependencies all met for dep_context=requeueable deps ti=<TaskInstance: outcomes_dag.load_outcome_types_dim scheduled__2023-11-22T00:00:00+00:00 [queued]>
[2023-12-17T15:13:23.161+0000] {taskinstance.py:1361} INFO - Starting attempt 1 of 1
[2023-12-17T15:13:23.181+0000] {taskinstance.py:1382} INFO - Executing <Task(PythonOperator): load_outcome_types_dim> on 2023-11-22 00:00:00+00:00
[2023-12-17T15:13:23.194+0000] {standard_task_runner.py:57} INFO - Started process 670 to run task
[2023-12-17T15:13:23.204+0000] {standard_task_runner.py:84} INFO - Running: ['***', 'tasks', 'run', 'outcomes_dag', 'load_outcome_types_dim', 'scheduled__2023-11-22T00:00:00+00:00', '--job-id', '135', '--raw', '--subdir', 'DAGS_FOLDER/outcomes_dag.py', '--cfg-path', '/tmp/tmp35z422m1']
[2023-12-17T15:13:23.209+0000] {standard_task_runner.py:85} INFO - Job 135: Subtask load_outcome_types_dim
[2023-12-17T15:13:23.298+0000] {task_command.py:416} INFO - Running <TaskInstance: outcomes_dag.load_outcome_types_dim scheduled__2023-11-22T00:00:00+00:00 [running]> on host 7f0547651eb4
[2023-12-17T15:13:23.475+0000] {taskinstance.py:1662} INFO - Exporting env vars: AIRFLOW_CTX_DAG_OWNER='***' AIRFLOW_CTX_DAG_ID='outcomes_dag' AIRFLOW_CTX_TASK_ID='load_outcome_types_dim' AIRFLOW_CTX_EXECUTION_DATE='2023-11-22T00:00:00+00:00' AIRFLOW_CTX_TRY_NUMBER='1' AIRFLOW_CTX_DAG_RUN_ID='scheduled__2023-11-22T00:00:00+00:00'
[2023-12-17T15:13:26.049+0000] {python.py:194} INFO - Done. Returned value was: None
[2023-12-17T15:13:26.064+0000] {taskinstance.py:1400} INFO - Marking task as SUCCESS. dag_id=outcomes_dag, task_id=load_outcome_types_dim, execution_date=20231122T000000, start_date=20231217T151323, end_date=20231217T151326
[2023-12-17T15:13:26.092+0000] {local_task_job_runner.py:228} INFO - Task exited with return code 0
[2023-12-17T15:13:26.111+0000] {taskinstance.py:2778} INFO - 0 downstream tasks scheduled from follow-on schedule check
