[2023-11-25T20:36:33.884+0000] {taskinstance.py:1159} INFO - Dependencies all met for dep_context=non-requeueable deps ti=<TaskInstance: outcomes_dag.transform scheduled__2023-11-21T00:00:00+00:00 [queued]>
[2023-11-25T20:36:33.898+0000] {taskinstance.py:1159} INFO - Dependencies all met for dep_context=requeueable deps ti=<TaskInstance: outcomes_dag.transform scheduled__2023-11-21T00:00:00+00:00 [queued]>
[2023-11-25T20:36:33.899+0000] {taskinstance.py:1361} INFO - Starting attempt 2 of 2
[2023-11-25T20:36:33.915+0000] {taskinstance.py:1382} INFO - Executing <Task(PythonOperator): transform> on 2023-11-21 00:00:00+00:00
[2023-11-25T20:36:33.920+0000] {standard_task_runner.py:57} INFO - Started process 265 to run task
[2023-11-25T20:36:33.924+0000] {standard_task_runner.py:84} INFO - Running: ['***', 'tasks', 'run', 'outcomes_dag', 'transform', 'scheduled__2023-11-21T00:00:00+00:00', '--job-id', '22', '--raw', '--subdir', 'DAGS_FOLDER/outcomes_dag.py', '--cfg-path', '/tmp/tmppm46jjm2']
[2023-11-25T20:36:33.928+0000] {standard_task_runner.py:85} INFO - Job 22: Subtask transform
[2023-11-25T20:36:33.977+0000] {task_command.py:416} INFO - Running <TaskInstance: outcomes_dag.transform scheduled__2023-11-21T00:00:00+00:00 [running]> on host 17ac1e2d02c6
[2023-11-25T20:36:34.076+0000] {taskinstance.py:1662} INFO - Exporting env vars: AIRFLOW_CTX_DAG_OWNER='***' AIRFLOW_CTX_DAG_ID='outcomes_dag' AIRFLOW_CTX_TASK_ID='transform' AIRFLOW_CTX_EXECUTION_DATE='2023-11-21T00:00:00+00:00' AIRFLOW_CTX_TRY_NUMBER='2' AIRFLOW_CTX_DAG_RUN_ID='scheduled__2023-11-21T00:00:00+00:00'
[2023-11-25T20:36:34.835+0000] {python.py:194} INFO - Done. Returned value was: None
[2023-11-25T20:36:34.849+0000] {taskinstance.py:1400} INFO - Marking task as SUCCESS. dag_id=outcomes_dag, task_id=transform, execution_date=20231121T000000, start_date=20231125T203633, end_date=20231125T203634
[2023-11-25T20:36:34.875+0000] {local_task_job_runner.py:228} INFO - Task exited with return code 0
[2023-11-25T20:36:34.893+0000] {taskinstance.py:2778} INFO - 0 downstream tasks scheduled from follow-on schedule check
[2023-11-26T02:23:09.055+0000] {taskinstance.py:1159} INFO - Dependencies all met for dep_context=non-requeueable deps ti=<TaskInstance: outcomes_dag.transform scheduled__2023-11-21T00:00:00+00:00 [queued]>
[2023-11-26T02:23:09.067+0000] {taskinstance.py:1159} INFO - Dependencies all met for dep_context=requeueable deps ti=<TaskInstance: outcomes_dag.transform scheduled__2023-11-21T00:00:00+00:00 [queued]>
[2023-11-26T02:23:09.068+0000] {taskinstance.py:1361} INFO - Starting attempt 2 of 2
[2023-11-26T02:23:09.083+0000] {taskinstance.py:1382} INFO - Executing <Task(PythonOperator): transform> on 2023-11-21 00:00:00+00:00
[2023-11-26T02:23:09.089+0000] {standard_task_runner.py:57} INFO - Started process 732 to run task
[2023-11-26T02:23:09.093+0000] {standard_task_runner.py:84} INFO - Running: ['***', 'tasks', 'run', 'outcomes_dag', 'transform', 'scheduled__2023-11-21T00:00:00+00:00', '--job-id', '64', '--raw', '--subdir', 'DAGS_FOLDER/outcomes_dag.py', '--cfg-path', '/tmp/tmplxmusw7d']
[2023-11-26T02:23:09.097+0000] {standard_task_runner.py:85} INFO - Job 64: Subtask transform
[2023-11-26T02:23:09.150+0000] {task_command.py:416} INFO - Running <TaskInstance: outcomes_dag.transform scheduled__2023-11-21T00:00:00+00:00 [running]> on host 2011df1a4519
[2023-11-26T02:23:09.242+0000] {taskinstance.py:1662} INFO - Exporting env vars: AIRFLOW_CTX_DAG_OWNER='***' AIRFLOW_CTX_DAG_ID='outcomes_dag' AIRFLOW_CTX_TASK_ID='transform' AIRFLOW_CTX_EXECUTION_DATE='2023-11-21T00:00:00+00:00' AIRFLOW_CTX_TRY_NUMBER='2' AIRFLOW_CTX_DAG_RUN_ID='scheduled__2023-11-21T00:00:00+00:00'
[2023-11-26T02:23:10.125+0000] {python.py:194} INFO - Done. Returned value was: None
[2023-11-26T02:23:10.138+0000] {taskinstance.py:1400} INFO - Marking task as SUCCESS. dag_id=outcomes_dag, task_id=transform, execution_date=20231121T000000, start_date=20231126T022309, end_date=20231126T022310
[2023-11-26T02:23:10.161+0000] {local_task_job_runner.py:228} INFO - Task exited with return code 0
[2023-11-26T02:23:10.188+0000] {taskinstance.py:2778} INFO - 4 downstream tasks scheduled from follow-on schedule check
[2023-11-26T02:50:24.273+0000] {taskinstance.py:1159} INFO - Dependencies all met for dep_context=non-requeueable deps ti=<TaskInstance: outcomes_dag.transform scheduled__2023-11-21T00:00:00+00:00 [queued]>
[2023-11-26T02:50:24.301+0000] {taskinstance.py:1159} INFO - Dependencies all met for dep_context=requeueable deps ti=<TaskInstance: outcomes_dag.transform scheduled__2023-11-21T00:00:00+00:00 [queued]>
[2023-11-26T02:50:24.302+0000] {taskinstance.py:1361} INFO - Starting attempt 2 of 2
[2023-11-26T02:50:24.336+0000] {taskinstance.py:1382} INFO - Executing <Task(PythonOperator): transform> on 2023-11-21 00:00:00+00:00
[2023-11-26T02:50:24.344+0000] {standard_task_runner.py:57} INFO - Started process 419 to run task
[2023-11-26T02:50:24.353+0000] {standard_task_runner.py:84} INFO - Running: ['***', 'tasks', 'run', 'outcomes_dag', 'transform', 'scheduled__2023-11-21T00:00:00+00:00', '--job-id', '78', '--raw', '--subdir', 'DAGS_FOLDER/outcomes_dag.py', '--cfg-path', '/tmp/tmp3ezffozc']
[2023-11-26T02:50:24.360+0000] {standard_task_runner.py:85} INFO - Job 78: Subtask transform
[2023-11-26T02:50:24.441+0000] {task_command.py:416} INFO - Running <TaskInstance: outcomes_dag.transform scheduled__2023-11-21T00:00:00+00:00 [running]> on host d8c33f99ee50
[2023-11-26T02:50:24.582+0000] {taskinstance.py:1662} INFO - Exporting env vars: AIRFLOW_CTX_DAG_OWNER='***' AIRFLOW_CTX_DAG_ID='outcomes_dag' AIRFLOW_CTX_TASK_ID='transform' AIRFLOW_CTX_EXECUTION_DATE='2023-11-21T00:00:00+00:00' AIRFLOW_CTX_TRY_NUMBER='2' AIRFLOW_CTX_DAG_RUN_ID='scheduled__2023-11-21T00:00:00+00:00'
[2023-11-26T02:50:34.266+0000] {python.py:194} INFO - Done. Returned value was: None
[2023-11-26T02:50:34.282+0000] {taskinstance.py:1400} INFO - Marking task as SUCCESS. dag_id=outcomes_dag, task_id=transform, execution_date=20231121T000000, start_date=20231126T025024, end_date=20231126T025034
[2023-11-26T02:50:34.345+0000] {local_task_job_runner.py:228} INFO - Task exited with return code 0
[2023-11-26T02:50:34.381+0000] {taskinstance.py:2778} INFO - 4 downstream tasks scheduled from follow-on schedule check
