[2023-11-23T22:03:52.041+0000] {taskinstance.py:1159} INFO - Dependencies all met for dep_context=non-requeueable deps ti=<TaskInstance: outcomes_dag.extract scheduled__2023-11-20T00:00:00+00:00 [queued]>
[2023-11-23T22:03:52.123+0000] {taskinstance.py:1159} INFO - Dependencies all met for dep_context=requeueable deps ti=<TaskInstance: outcomes_dag.extract scheduled__2023-11-20T00:00:00+00:00 [queued]>
[2023-11-23T22:03:52.127+0000] {taskinstance.py:1361} INFO - Starting attempt 1 of 1
[2023-11-23T22:03:52.177+0000] {taskinstance.py:1382} INFO - Executing <Task(PythonOperator): extract> on 2023-11-20 00:00:00+00:00
[2023-11-23T22:03:52.196+0000] {standard_task_runner.py:57} INFO - Started process 203 to run task
[2023-11-23T22:03:52.227+0000] {standard_task_runner.py:84} INFO - Running: ['***', 'tasks', 'run', 'outcomes_dag', 'extract', 'scheduled__2023-11-20T00:00:00+00:00', '--job-id', '23', '--raw', '--subdir', 'DAGS_FOLDER/outcomes_dag.py', '--cfg-path', '/tmp/tmpy7lkm6g4']
[2023-11-23T22:03:52.244+0000] {standard_task_runner.py:85} INFO - Job 23: Subtask extract
[2023-11-23T22:03:52.362+0000] {task_command.py:416} INFO - Running <TaskInstance: outcomes_dag.extract scheduled__2023-11-20T00:00:00+00:00 [running]> on host 05b2ff981133
[2023-11-23T22:03:58.741+0000] {taskinstance.py:1662} INFO - Exporting env vars: AIRFLOW_CTX_DAG_OWNER='***' AIRFLOW_CTX_DAG_ID='outcomes_dag' AIRFLOW_CTX_TASK_ID='extract' AIRFLOW_CTX_EXECUTION_DATE='2023-11-20T00:00:00+00:00' AIRFLOW_CTX_TRY_NUMBER='1' AIRFLOW_CTX_DAG_RUN_ID='scheduled__2023-11-20T00:00:00+00:00'
[2023-11-23T22:03:59.538+0000] {python.py:194} INFO - Done. Returned value was: None
[2023-11-23T22:03:59.593+0000] {taskinstance.py:1400} INFO - Marking task as SUCCESS. dag_id=outcomes_dag, task_id=extract, execution_date=20231120T000000, start_date=20231123T220352, end_date=20231123T220359
[2023-11-23T22:03:59.711+0000] {local_task_job_runner.py:228} INFO - Task exited with return code 0
[2023-11-23T22:03:59.744+0000] {taskinstance.py:2778} INFO - 0 downstream tasks scheduled from follow-on schedule check
[2023-11-23T22:10:43.389+0000] {taskinstance.py:1159} INFO - Dependencies all met for dep_context=non-requeueable deps ti=<TaskInstance: outcomes_dag.extract scheduled__2023-11-20T00:00:00+00:00 [queued]>
[2023-11-23T22:10:43.403+0000] {taskinstance.py:1159} INFO - Dependencies all met for dep_context=requeueable deps ti=<TaskInstance: outcomes_dag.extract scheduled__2023-11-20T00:00:00+00:00 [queued]>
[2023-11-23T22:10:43.404+0000] {taskinstance.py:1361} INFO - Starting attempt 1 of 1
[2023-11-23T22:10:43.420+0000] {taskinstance.py:1382} INFO - Executing <Task(PythonOperator): extract> on 2023-11-20 00:00:00+00:00
[2023-11-23T22:10:43.426+0000] {standard_task_runner.py:57} INFO - Started process 100 to run task
[2023-11-23T22:10:43.429+0000] {standard_task_runner.py:84} INFO - Running: ['***', 'tasks', 'run', 'outcomes_dag', 'extract', 'scheduled__2023-11-20T00:00:00+00:00', '--job-id', '6', '--raw', '--subdir', 'DAGS_FOLDER/outcomes_dag.py', '--cfg-path', '/tmp/tmpeydk8oyq']
[2023-11-23T22:10:43.433+0000] {standard_task_runner.py:85} INFO - Job 6: Subtask extract
[2023-11-23T22:10:43.510+0000] {task_command.py:416} INFO - Running <TaskInstance: outcomes_dag.extract scheduled__2023-11-20T00:00:00+00:00 [running]> on host 3c6bdd9606b4
[2023-11-23T22:10:43.806+0000] {taskinstance.py:1662} INFO - Exporting env vars: AIRFLOW_CTX_DAG_OWNER='***' AIRFLOW_CTX_DAG_ID='outcomes_dag' AIRFLOW_CTX_TASK_ID='extract' AIRFLOW_CTX_EXECUTION_DATE='2023-11-20T00:00:00+00:00' AIRFLOW_CTX_TRY_NUMBER='1' AIRFLOW_CTX_DAG_RUN_ID='scheduled__2023-11-20T00:00:00+00:00'
[2023-11-23T22:10:44.479+0000] {python.py:194} INFO - Done. Returned value was: None
[2023-11-23T22:10:44.491+0000] {taskinstance.py:1400} INFO - Marking task as SUCCESS. dag_id=outcomes_dag, task_id=extract, execution_date=20231120T000000, start_date=20231123T221043, end_date=20231123T221044
[2023-11-23T22:10:44.532+0000] {local_task_job_runner.py:228} INFO - Task exited with return code 0
[2023-11-23T22:10:44.553+0000] {taskinstance.py:2778} INFO - 0 downstream tasks scheduled from follow-on schedule check
