[2023-11-25T20:36:43.422+0000] {taskinstance.py:1159} INFO - Dependencies all met for dep_context=non-requeueable deps ti=<TaskInstance: outcomes_dag.transform scheduled__2023-11-24T00:00:00+00:00 [queued]>
[2023-11-25T20:36:43.434+0000] {taskinstance.py:1159} INFO - Dependencies all met for dep_context=requeueable deps ti=<TaskInstance: outcomes_dag.transform scheduled__2023-11-24T00:00:00+00:00 [queued]>
[2023-11-25T20:36:43.434+0000] {taskinstance.py:1361} INFO - Starting attempt 2 of 2
[2023-11-25T20:36:43.449+0000] {taskinstance.py:1382} INFO - Executing <Task(PythonOperator): transform> on 2023-11-24 00:00:00+00:00
[2023-11-25T20:36:43.455+0000] {standard_task_runner.py:57} INFO - Started process 274 to run task
[2023-11-25T20:36:43.458+0000] {standard_task_runner.py:84} INFO - Running: ['***', 'tasks', 'run', 'outcomes_dag', 'transform', 'scheduled__2023-11-24T00:00:00+00:00', '--job-id', '25', '--raw', '--subdir', 'DAGS_FOLDER/outcomes_dag.py', '--cfg-path', '/tmp/tmpoc2ugbfv']
[2023-11-25T20:36:43.463+0000] {standard_task_runner.py:85} INFO - Job 25: Subtask transform
[2023-11-25T20:36:43.524+0000] {task_command.py:416} INFO - Running <TaskInstance: outcomes_dag.transform scheduled__2023-11-24T00:00:00+00:00 [running]> on host 17ac1e2d02c6
[2023-11-25T20:36:43.623+0000] {taskinstance.py:1662} INFO - Exporting env vars: AIRFLOW_CTX_DAG_OWNER='***' AIRFLOW_CTX_DAG_ID='outcomes_dag' AIRFLOW_CTX_TASK_ID='transform' AIRFLOW_CTX_EXECUTION_DATE='2023-11-24T00:00:00+00:00' AIRFLOW_CTX_TRY_NUMBER='2' AIRFLOW_CTX_DAG_RUN_ID='scheduled__2023-11-24T00:00:00+00:00'
[2023-11-25T20:36:44.364+0000] {python.py:194} INFO - Done. Returned value was: None
[2023-11-25T20:36:44.376+0000] {taskinstance.py:1400} INFO - Marking task as SUCCESS. dag_id=outcomes_dag, task_id=transform, execution_date=20231124T000000, start_date=20231125T203643, end_date=20231125T203644
[2023-11-25T20:36:44.400+0000] {local_task_job_runner.py:228} INFO - Task exited with return code 0
[2023-11-25T20:36:44.423+0000] {taskinstance.py:2778} INFO - 0 downstream tasks scheduled from follow-on schedule check
[2023-11-26T02:23:50.334+0000] {taskinstance.py:1159} INFO - Dependencies all met for dep_context=non-requeueable deps ti=<TaskInstance: outcomes_dag.transform scheduled__2023-11-24T00:00:00+00:00 [queued]>
[2023-11-26T02:23:50.346+0000] {taskinstance.py:1159} INFO - Dependencies all met for dep_context=requeueable deps ti=<TaskInstance: outcomes_dag.transform scheduled__2023-11-24T00:00:00+00:00 [queued]>
[2023-11-26T02:23:50.347+0000] {taskinstance.py:1361} INFO - Starting attempt 2 of 2
[2023-11-26T02:23:50.363+0000] {taskinstance.py:1382} INFO - Executing <Task(PythonOperator): transform> on 2023-11-24 00:00:00+00:00
[2023-11-26T02:23:50.370+0000] {standard_task_runner.py:57} INFO - Started process 794 to run task
[2023-11-26T02:23:50.374+0000] {standard_task_runner.py:84} INFO - Running: ['***', 'tasks', 'run', 'outcomes_dag', 'transform', 'scheduled__2023-11-24T00:00:00+00:00', '--job-id', '82', '--raw', '--subdir', 'DAGS_FOLDER/outcomes_dag.py', '--cfg-path', '/tmp/tmp5ug8g6v6']
[2023-11-26T02:23:50.379+0000] {standard_task_runner.py:85} INFO - Job 82: Subtask transform
[2023-11-26T02:23:50.432+0000] {task_command.py:416} INFO - Running <TaskInstance: outcomes_dag.transform scheduled__2023-11-24T00:00:00+00:00 [running]> on host 2011df1a4519
[2023-11-26T02:23:50.531+0000] {taskinstance.py:1662} INFO - Exporting env vars: AIRFLOW_CTX_DAG_OWNER='***' AIRFLOW_CTX_DAG_ID='outcomes_dag' AIRFLOW_CTX_TASK_ID='transform' AIRFLOW_CTX_EXECUTION_DATE='2023-11-24T00:00:00+00:00' AIRFLOW_CTX_TRY_NUMBER='2' AIRFLOW_CTX_DAG_RUN_ID='scheduled__2023-11-24T00:00:00+00:00'
[2023-11-26T02:23:51.340+0000] {python.py:194} INFO - Done. Returned value was: None
[2023-11-26T02:23:51.354+0000] {taskinstance.py:1400} INFO - Marking task as SUCCESS. dag_id=outcomes_dag, task_id=transform, execution_date=20231124T000000, start_date=20231126T022350, end_date=20231126T022351
[2023-11-26T02:23:51.394+0000] {local_task_job_runner.py:228} INFO - Task exited with return code 0
[2023-11-26T02:23:51.418+0000] {taskinstance.py:2778} INFO - 4 downstream tasks scheduled from follow-on schedule check
[2023-11-26T02:51:42.065+0000] {taskinstance.py:1159} INFO - Dependencies all met for dep_context=non-requeueable deps ti=<TaskInstance: outcomes_dag.transform scheduled__2023-11-24T00:00:00+00:00 [queued]>
[2023-11-26T02:51:42.076+0000] {taskinstance.py:1159} INFO - Dependencies all met for dep_context=requeueable deps ti=<TaskInstance: outcomes_dag.transform scheduled__2023-11-24T00:00:00+00:00 [queued]>
[2023-11-26T02:51:42.076+0000] {taskinstance.py:1361} INFO - Starting attempt 2 of 2
[2023-11-26T02:51:42.090+0000] {taskinstance.py:1382} INFO - Executing <Task(PythonOperator): transform> on 2023-11-24 00:00:00+00:00
[2023-11-26T02:51:42.096+0000] {standard_task_runner.py:57} INFO - Started process 498 to run task
[2023-11-26T02:51:42.100+0000] {standard_task_runner.py:84} INFO - Running: ['***', 'tasks', 'run', 'outcomes_dag', 'transform', 'scheduled__2023-11-24T00:00:00+00:00', '--job-id', '96', '--raw', '--subdir', 'DAGS_FOLDER/outcomes_dag.py', '--cfg-path', '/tmp/tmprb8mvv_r']
[2023-11-26T02:51:42.103+0000] {standard_task_runner.py:85} INFO - Job 96: Subtask transform
[2023-11-26T02:51:42.153+0000] {task_command.py:416} INFO - Running <TaskInstance: outcomes_dag.transform scheduled__2023-11-24T00:00:00+00:00 [running]> on host d8c33f99ee50
[2023-11-26T02:51:42.237+0000] {taskinstance.py:1662} INFO - Exporting env vars: AIRFLOW_CTX_DAG_OWNER='***' AIRFLOW_CTX_DAG_ID='outcomes_dag' AIRFLOW_CTX_TASK_ID='transform' AIRFLOW_CTX_EXECUTION_DATE='2023-11-24T00:00:00+00:00' AIRFLOW_CTX_TRY_NUMBER='2' AIRFLOW_CTX_DAG_RUN_ID='scheduled__2023-11-24T00:00:00+00:00'
[2023-11-26T02:51:52.093+0000] {python.py:194} INFO - Done. Returned value was: None
[2023-11-26T02:51:52.115+0000] {taskinstance.py:1400} INFO - Marking task as SUCCESS. dag_id=outcomes_dag, task_id=transform, execution_date=20231124T000000, start_date=20231126T025142, end_date=20231126T025152
[2023-11-26T02:51:52.175+0000] {local_task_job_runner.py:228} INFO - Task exited with return code 0
[2023-11-26T02:51:52.211+0000] {taskinstance.py:2778} INFO - 4 downstream tasks scheduled from follow-on schedule check
