[2023-11-26T01:53:02.911+0000] {taskinstance.py:1159} INFO - Dependencies all met for dep_context=non-requeueable deps ti=<TaskInstance: outcomes_dag.load_dim_dates scheduled__2023-11-20T00:00:00+00:00 [queued]>
[2023-11-26T01:53:02.924+0000] {taskinstance.py:1159} INFO - Dependencies all met for dep_context=requeueable deps ti=<TaskInstance: outcomes_dag.load_dim_dates scheduled__2023-11-20T00:00:00+00:00 [queued]>
[2023-11-26T01:53:02.925+0000] {taskinstance.py:1361} INFO - Starting attempt 1 of 1
[2023-11-26T01:53:02.949+0000] {taskinstance.py:1382} INFO - Executing <Task(PythonOperator): load_dim_dates> on 2023-11-20 00:00:00+00:00
[2023-11-26T01:53:02.960+0000] {standard_task_runner.py:57} INFO - Started process 158 to run task
[2023-11-26T01:53:02.965+0000] {standard_task_runner.py:84} INFO - Running: ['***', 'tasks', 'run', 'outcomes_dag', 'load_dim_dates', 'scheduled__2023-11-20T00:00:00+00:00', '--job-id', '17', '--raw', '--subdir', 'DAGS_FOLDER/outcomes_dag.py', '--cfg-path', '/tmp/tmp4pysuezk']
[2023-11-26T01:53:02.972+0000] {standard_task_runner.py:85} INFO - Job 17: Subtask load_dim_dates
[2023-11-26T01:53:03.104+0000] {task_command.py:416} INFO - Running <TaskInstance: outcomes_dag.load_dim_dates scheduled__2023-11-20T00:00:00+00:00 [running]> on host 2011df1a4519
[2023-11-26T01:53:03.585+0000] {taskinstance.py:1662} INFO - Exporting env vars: AIRFLOW_CTX_DAG_OWNER='***' AIRFLOW_CTX_DAG_ID='outcomes_dag' AIRFLOW_CTX_TASK_ID='load_dim_dates' AIRFLOW_CTX_EXECUTION_DATE='2023-11-20T00:00:00+00:00' AIRFLOW_CTX_TRY_NUMBER='1' AIRFLOW_CTX_DAG_RUN_ID='scheduled__2023-11-20T00:00:00+00:00'
[2023-11-26T01:53:06.482+0000] {python.py:194} INFO - Done. Returned value was: None
[2023-11-26T01:53:06.505+0000] {taskinstance.py:1400} INFO - Marking task as SUCCESS. dag_id=outcomes_dag, task_id=load_dim_dates, execution_date=20231120T000000, start_date=20231126T015302, end_date=20231126T015306
[2023-11-26T01:53:06.579+0000] {local_task_job_runner.py:228} INFO - Task exited with return code 0
[2023-11-26T01:53:06.620+0000] {taskinstance.py:2778} INFO - 0 downstream tasks scheduled from follow-on schedule check
[2023-11-26T02:42:46.041+0000] {taskinstance.py:1159} INFO - Dependencies all met for dep_context=non-requeueable deps ti=<TaskInstance: outcomes_dag.load_dim_dates scheduled__2023-11-20T00:00:00+00:00 [queued]>
[2023-11-26T02:42:46.056+0000] {taskinstance.py:1159} INFO - Dependencies all met for dep_context=requeueable deps ti=<TaskInstance: outcomes_dag.load_dim_dates scheduled__2023-11-20T00:00:00+00:00 [queued]>
[2023-11-26T02:42:46.057+0000] {taskinstance.py:1361} INFO - Starting attempt 1 of 1
[2023-11-26T02:42:46.081+0000] {taskinstance.py:1382} INFO - Executing <Task(PythonOperator): load_dim_dates> on 2023-11-20 00:00:00+00:00
[2023-11-26T02:42:46.092+0000] {standard_task_runner.py:57} INFO - Started process 164 to run task
[2023-11-26T02:42:46.102+0000] {standard_task_runner.py:84} INFO - Running: ['***', 'tasks', 'run', 'outcomes_dag', 'load_dim_dates', 'scheduled__2023-11-20T00:00:00+00:00', '--job-id', '26', '--raw', '--subdir', 'DAGS_FOLDER/outcomes_dag.py', '--cfg-path', '/tmp/tmpyluo04_4']
[2023-11-26T02:42:46.126+0000] {standard_task_runner.py:85} INFO - Job 26: Subtask load_dim_dates
[2023-11-26T02:42:46.223+0000] {task_command.py:416} INFO - Running <TaskInstance: outcomes_dag.load_dim_dates scheduled__2023-11-20T00:00:00+00:00 [running]> on host d8c33f99ee50
[2023-11-26T02:42:46.415+0000] {taskinstance.py:1662} INFO - Exporting env vars: AIRFLOW_CTX_DAG_OWNER='***' AIRFLOW_CTX_DAG_ID='outcomes_dag' AIRFLOW_CTX_TASK_ID='load_dim_dates' AIRFLOW_CTX_EXECUTION_DATE='2023-11-20T00:00:00+00:00' AIRFLOW_CTX_TRY_NUMBER='1' AIRFLOW_CTX_DAG_RUN_ID='scheduled__2023-11-20T00:00:00+00:00'
[2023-11-26T02:42:49.252+0000] {python.py:194} INFO - Done. Returned value was: None
[2023-11-26T02:42:49.268+0000] {taskinstance.py:1400} INFO - Marking task as SUCCESS. dag_id=outcomes_dag, task_id=load_dim_dates, execution_date=20231120T000000, start_date=20231126T024246, end_date=20231126T024249
[2023-11-26T02:42:49.319+0000] {local_task_job_runner.py:228} INFO - Task exited with return code 0
[2023-11-26T02:42:49.349+0000] {taskinstance.py:2778} INFO - 0 downstream tasks scheduled from follow-on schedule check
