[2023-11-26T01:53:50.963+0000] {taskinstance.py:1159} INFO - Dependencies all met for dep_context=non-requeueable deps ti=<TaskInstance: outcomes_dag.load_fct_outcomes scheduled__2023-11-24T00:00:00+00:00 [queued]>
[2023-11-26T01:53:50.976+0000] {taskinstance.py:1159} INFO - Dependencies all met for dep_context=requeueable deps ti=<TaskInstance: outcomes_dag.load_fct_outcomes scheduled__2023-11-24T00:00:00+00:00 [queued]>
[2023-11-26T01:53:50.977+0000] {taskinstance.py:1361} INFO - Starting attempt 1 of 1
[2023-11-26T01:53:51.003+0000] {taskinstance.py:1382} INFO - Executing <Task(PythonOperator): load_fct_outcomes> on 2023-11-24 00:00:00+00:00
[2023-11-26T01:53:51.009+0000] {standard_task_runner.py:57} INFO - Started process 222 to run task
[2023-11-26T01:53:51.015+0000] {standard_task_runner.py:84} INFO - Running: ['***', 'tasks', 'run', 'outcomes_dag', 'load_fct_outcomes', 'scheduled__2023-11-24T00:00:00+00:00', '--job-id', '34', '--raw', '--subdir', 'DAGS_FOLDER/outcomes_dag.py', '--cfg-path', '/tmp/tmphxbpirq8']
[2023-11-26T01:53:51.019+0000] {standard_task_runner.py:85} INFO - Job 34: Subtask load_fct_outcomes
[2023-11-26T01:53:51.077+0000] {task_command.py:416} INFO - Running <TaskInstance: outcomes_dag.load_fct_outcomes scheduled__2023-11-24T00:00:00+00:00 [running]> on host 2011df1a4519
[2023-11-26T01:53:51.173+0000] {taskinstance.py:1662} INFO - Exporting env vars: AIRFLOW_CTX_DAG_OWNER='***' AIRFLOW_CTX_DAG_ID='outcomes_dag' AIRFLOW_CTX_TASK_ID='load_fct_outcomes' AIRFLOW_CTX_EXECUTION_DATE='2023-11-24T00:00:00+00:00' AIRFLOW_CTX_TRY_NUMBER='1' AIRFLOW_CTX_DAG_RUN_ID='scheduled__2023-11-24T00:00:00+00:00'
[2023-11-26T01:53:54.491+0000] {python.py:194} INFO - Done. Returned value was: None
[2023-11-26T01:53:54.508+0000] {taskinstance.py:1400} INFO - Marking task as SUCCESS. dag_id=outcomes_dag, task_id=load_fct_outcomes, execution_date=20231124T000000, start_date=20231126T015350, end_date=20231126T015354
[2023-11-26T01:53:54.540+0000] {local_task_job_runner.py:228} INFO - Task exited with return code 0
[2023-11-26T01:53:54.557+0000] {taskinstance.py:2778} INFO - 0 downstream tasks scheduled from follow-on schedule check
[2023-11-26T02:45:03.274+0000] {taskinstance.py:1159} INFO - Dependencies all met for dep_context=non-requeueable deps ti=<TaskInstance: outcomes_dag.load_fct_outcomes scheduled__2023-11-24T00:00:00+00:00 [queued]>
[2023-11-26T02:45:03.292+0000] {taskinstance.py:1159} INFO - Dependencies all met for dep_context=requeueable deps ti=<TaskInstance: outcomes_dag.load_fct_outcomes scheduled__2023-11-24T00:00:00+00:00 [queued]>
[2023-11-26T02:45:03.292+0000] {taskinstance.py:1361} INFO - Starting attempt 1 of 1
[2023-11-26T02:45:03.320+0000] {taskinstance.py:1382} INFO - Executing <Task(PythonOperator): load_fct_outcomes> on 2023-11-24 00:00:00+00:00
[2023-11-26T02:45:03.329+0000] {standard_task_runner.py:57} INFO - Started process 268 to run task
[2023-11-26T02:45:03.342+0000] {standard_task_runner.py:84} INFO - Running: ['***', 'tasks', 'run', 'outcomes_dag', 'load_fct_outcomes', 'scheduled__2023-11-24T00:00:00+00:00', '--job-id', '51', '--raw', '--subdir', 'DAGS_FOLDER/outcomes_dag.py', '--cfg-path', '/tmp/tmp4hy3ufwd']
[2023-11-26T02:45:03.347+0000] {standard_task_runner.py:85} INFO - Job 51: Subtask load_fct_outcomes
[2023-11-26T02:45:03.437+0000] {task_command.py:416} INFO - Running <TaskInstance: outcomes_dag.load_fct_outcomes scheduled__2023-11-24T00:00:00+00:00 [running]> on host d8c33f99ee50
[2023-11-26T02:45:03.635+0000] {taskinstance.py:1662} INFO - Exporting env vars: AIRFLOW_CTX_DAG_OWNER='***' AIRFLOW_CTX_DAG_ID='outcomes_dag' AIRFLOW_CTX_TASK_ID='load_fct_outcomes' AIRFLOW_CTX_EXECUTION_DATE='2023-11-24T00:00:00+00:00' AIRFLOW_CTX_TRY_NUMBER='1' AIRFLOW_CTX_DAG_RUN_ID='scheduled__2023-11-24T00:00:00+00:00'
[2023-11-26T02:45:06.302+0000] {python.py:194} INFO - Done. Returned value was: None
[2023-11-26T02:45:06.333+0000] {taskinstance.py:1400} INFO - Marking task as SUCCESS. dag_id=outcomes_dag, task_id=load_fct_outcomes, execution_date=20231124T000000, start_date=20231126T024503, end_date=20231126T024506
[2023-11-26T02:45:06.387+0000] {local_task_job_runner.py:228} INFO - Task exited with return code 0
[2023-11-26T02:45:06.407+0000] {taskinstance.py:2778} INFO - 0 downstream tasks scheduled from follow-on schedule check
