[2023-11-24T21:56:38.978+0000] {taskinstance.py:1159} INFO - Dependencies all met for dep_context=non-requeueable deps ti=<TaskInstance: outcomes_dag.extract scheduled__2023-11-18T00:00:00+00:00 [queued]>
[2023-11-24T21:56:39.013+0000] {taskinstance.py:1159} INFO - Dependencies all met for dep_context=requeueable deps ti=<TaskInstance: outcomes_dag.extract scheduled__2023-11-18T00:00:00+00:00 [queued]>
[2023-11-24T21:56:39.014+0000] {taskinstance.py:1361} INFO - Starting attempt 3 of 3
[2023-11-24T21:56:39.587+0000] {taskinstance.py:1382} INFO - Executing <Task(PythonOperator): extract> on 2023-11-18 00:00:00+00:00
[2023-11-24T21:56:39.596+0000] {standard_task_runner.py:57} INFO - Started process 240 to run task
[2023-11-24T21:56:39.604+0000] {standard_task_runner.py:84} INFO - Running: ['***', 'tasks', 'run', 'outcomes_dag', 'extract', 'scheduled__2023-11-18T00:00:00+00:00', '--job-id', '17', '--raw', '--subdir', 'DAGS_FOLDER/outcomes_dag.py', '--cfg-path', '/tmp/tmpf5rsksse']
[2023-11-24T21:56:39.611+0000] {standard_task_runner.py:85} INFO - Job 17: Subtask extract
[2023-11-24T21:56:39.754+0000] {task_command.py:416} INFO - Running <TaskInstance: outcomes_dag.extract scheduled__2023-11-18T00:00:00+00:00 [running]> on host 30eca782d34c
[2023-11-24T21:56:39.858+0000] {taskinstance.py:1662} INFO - Exporting env vars: AIRFLOW_CTX_DAG_OWNER='***' AIRFLOW_CTX_DAG_ID='outcomes_dag' AIRFLOW_CTX_TASK_ID='extract' AIRFLOW_CTX_EXECUTION_DATE='2023-11-18T00:00:00+00:00' AIRFLOW_CTX_TRY_NUMBER='3' AIRFLOW_CTX_DAG_RUN_ID='scheduled__2023-11-18T00:00:00+00:00'
[2023-11-24T21:56:42.654+0000] {python.py:194} INFO - Done. Returned value was: None
[2023-11-24T21:56:42.678+0000] {taskinstance.py:1400} INFO - Marking task as SUCCESS. dag_id=outcomes_dag, task_id=extract, execution_date=20231118T000000, start_date=20231124T215638, end_date=20231124T215642
[2023-11-24T21:56:42.730+0000] {local_task_job_runner.py:228} INFO - Task exited with return code 0
[2023-11-24T21:56:42.754+0000] {taskinstance.py:2778} INFO - 0 downstream tasks scheduled from follow-on schedule check
[2023-11-25T01:43:48.736+0000] {taskinstance.py:1159} INFO - Dependencies all met for dep_context=non-requeueable deps ti=<TaskInstance: outcomes_dag.extract scheduled__2023-11-18T00:00:00+00:00 [queued]>
[2023-11-25T01:43:49.303+0000] {taskinstance.py:1159} INFO - Dependencies all met for dep_context=requeueable deps ti=<TaskInstance: outcomes_dag.extract scheduled__2023-11-18T00:00:00+00:00 [queued]>
[2023-11-25T01:43:49.305+0000] {taskinstance.py:1361} INFO - Starting attempt 3 of 3
[2023-11-25T01:43:49.327+0000] {taskinstance.py:1382} INFO - Executing <Task(PythonOperator): extract> on 2023-11-18 00:00:00+00:00
[2023-11-25T01:43:49.347+0000] {standard_task_runner.py:57} INFO - Started process 944 to run task
[2023-11-25T01:43:49.354+0000] {standard_task_runner.py:84} INFO - Running: ['***', 'tasks', 'run', 'outcomes_dag', 'extract', 'scheduled__2023-11-18T00:00:00+00:00', '--job-id', '19', '--raw', '--subdir', 'DAGS_FOLDER/outcomes_dag.py', '--cfg-path', '/tmp/tmp2kmfw53h']
[2023-11-25T01:43:49.360+0000] {standard_task_runner.py:85} INFO - Job 19: Subtask extract
[2023-11-25T01:43:49.455+0000] {task_command.py:416} INFO - Running <TaskInstance: outcomes_dag.extract scheduled__2023-11-18T00:00:00+00:00 [running]> on host 8e76b4343da0
[2023-11-25T01:43:49.577+0000] {taskinstance.py:1662} INFO - Exporting env vars: AIRFLOW_CTX_DAG_OWNER='***' AIRFLOW_CTX_DAG_ID='outcomes_dag' AIRFLOW_CTX_TASK_ID='extract' AIRFLOW_CTX_EXECUTION_DATE='2023-11-18T00:00:00+00:00' AIRFLOW_CTX_TRY_NUMBER='3' AIRFLOW_CTX_DAG_RUN_ID='scheduled__2023-11-18T00:00:00+00:00'
[2023-11-25T01:43:52.436+0000] {python.py:194} INFO - Done. Returned value was: None
[2023-11-25T01:43:52.450+0000] {taskinstance.py:1400} INFO - Marking task as SUCCESS. dag_id=outcomes_dag, task_id=extract, execution_date=20231118T000000, start_date=20231125T014348, end_date=20231125T014352
[2023-11-25T01:43:52.540+0000] {local_task_job_runner.py:228} INFO - Task exited with return code 0
[2023-11-25T01:43:52.580+0000] {taskinstance.py:2778} INFO - 0 downstream tasks scheduled from follow-on schedule check
[2023-11-25T20:52:24.962+0000] {taskinstance.py:1159} INFO - Dependencies all met for dep_context=non-requeueable deps ti=<TaskInstance: outcomes_dag.extract scheduled__2023-11-18T00:00:00+00:00 [queued]>
[2023-11-25T20:52:25.389+0000] {taskinstance.py:1159} INFO - Dependencies all met for dep_context=requeueable deps ti=<TaskInstance: outcomes_dag.extract scheduled__2023-11-18T00:00:00+00:00 [queued]>
[2023-11-25T20:52:25.390+0000] {taskinstance.py:1361} INFO - Starting attempt 3 of 3
[2023-11-25T20:52:25.411+0000] {taskinstance.py:1382} INFO - Executing <Task(PythonOperator): extract> on 2023-11-18 00:00:00+00:00
[2023-11-25T20:52:25.417+0000] {standard_task_runner.py:57} INFO - Started process 560 to run task
[2023-11-25T20:52:25.421+0000] {standard_task_runner.py:84} INFO - Running: ['***', 'tasks', 'run', 'outcomes_dag', 'extract', 'scheduled__2023-11-18T00:00:00+00:00', '--job-id', '43', '--raw', '--subdir', 'DAGS_FOLDER/outcomes_dag.py', '--cfg-path', '/tmp/tmpydltvwoa']
[2023-11-25T20:52:25.425+0000] {standard_task_runner.py:85} INFO - Job 43: Subtask extract
[2023-11-25T20:52:25.486+0000] {task_command.py:416} INFO - Running <TaskInstance: outcomes_dag.extract scheduled__2023-11-18T00:00:00+00:00 [running]> on host 17ac1e2d02c6
[2023-11-25T20:52:25.631+0000] {taskinstance.py:1662} INFO - Exporting env vars: AIRFLOW_CTX_DAG_OWNER='***' AIRFLOW_CTX_DAG_ID='outcomes_dag' AIRFLOW_CTX_TASK_ID='extract' AIRFLOW_CTX_EXECUTION_DATE='2023-11-18T00:00:00+00:00' AIRFLOW_CTX_TRY_NUMBER='3' AIRFLOW_CTX_DAG_RUN_ID='scheduled__2023-11-18T00:00:00+00:00'
[2023-11-25T20:52:26.774+0000] {python.py:194} INFO - Done. Returned value was: None
[2023-11-25T20:52:26.792+0000] {taskinstance.py:1400} INFO - Marking task as SUCCESS. dag_id=outcomes_dag, task_id=extract, execution_date=20231118T000000, start_date=20231125T205224, end_date=20231125T205226
[2023-11-25T20:52:26.849+0000] {local_task_job_runner.py:228} INFO - Task exited with return code 0
[2023-11-25T20:52:26.881+0000] {taskinstance.py:2778} INFO - 1 downstream tasks scheduled from follow-on schedule check
[2023-11-26T03:02:49.315+0000] {taskinstance.py:1159} INFO - Dependencies all met for dep_context=non-requeueable deps ti=<TaskInstance: outcomes_dag.extract scheduled__2023-11-18T00:00:00+00:00 [queued]>
[2023-11-26T03:02:49.328+0000] {taskinstance.py:1159} INFO - Dependencies all met for dep_context=requeueable deps ti=<TaskInstance: outcomes_dag.extract scheduled__2023-11-18T00:00:00+00:00 [queued]>
[2023-11-26T03:02:49.329+0000] {taskinstance.py:1361} INFO - Starting attempt 3 of 3
[2023-11-26T03:02:49.344+0000] {taskinstance.py:1382} INFO - Executing <Task(PythonOperator): extract> on 2023-11-18 00:00:00+00:00
[2023-11-26T03:02:49.354+0000] {standard_task_runner.py:57} INFO - Started process 710 to run task
[2023-11-26T03:02:49.360+0000] {standard_task_runner.py:84} INFO - Running: ['***', 'tasks', 'run', 'outcomes_dag', 'extract', 'scheduled__2023-11-18T00:00:00+00:00', '--job-id', '113', '--raw', '--subdir', 'DAGS_FOLDER/outcomes_dag.py', '--cfg-path', '/tmp/tmptx4w4g41']
[2023-11-26T03:02:49.365+0000] {standard_task_runner.py:85} INFO - Job 113: Subtask extract
[2023-11-26T03:02:49.464+0000] {task_command.py:416} INFO - Running <TaskInstance: outcomes_dag.extract scheduled__2023-11-18T00:00:00+00:00 [running]> on host d8c33f99ee50
[2023-11-26T03:02:49.557+0000] {taskinstance.py:1662} INFO - Exporting env vars: AIRFLOW_CTX_DAG_OWNER='***' AIRFLOW_CTX_DAG_ID='outcomes_dag' AIRFLOW_CTX_TASK_ID='extract' AIRFLOW_CTX_EXECUTION_DATE='2023-11-18T00:00:00+00:00' AIRFLOW_CTX_TRY_NUMBER='3' AIRFLOW_CTX_DAG_RUN_ID='scheduled__2023-11-18T00:00:00+00:00'
[2023-11-26T03:02:53.317+0000] {python.py:194} INFO - Done. Returned value was: None
[2023-11-26T03:02:53.330+0000] {taskinstance.py:1400} INFO - Marking task as SUCCESS. dag_id=outcomes_dag, task_id=extract, execution_date=20231118T000000, start_date=20231126T030249, end_date=20231126T030253
[2023-11-26T03:02:53.357+0000] {local_task_job_runner.py:228} INFO - Task exited with return code 0
[2023-11-26T03:02:53.426+0000] {taskinstance.py:2778} INFO - 1 downstream tasks scheduled from follow-on schedule check
