[2023-11-23T22:12:19.627+0000] {taskinstance.py:1159} INFO - Dependencies all met for dep_context=non-requeueable deps ti=<TaskInstance: outcomes_dag.extract scheduled__2023-11-18T00:00:00+00:00 [queued]>
[2023-11-23T22:12:19.639+0000] {taskinstance.py:1159} INFO - Dependencies all met for dep_context=requeueable deps ti=<TaskInstance: outcomes_dag.extract scheduled__2023-11-18T00:00:00+00:00 [queued]>
[2023-11-23T22:12:19.640+0000] {taskinstance.py:1361} INFO - Starting attempt 2 of 2
[2023-11-23T22:12:19.655+0000] {taskinstance.py:1382} INFO - Executing <Task(PythonOperator): extract> on 2023-11-18 00:00:00+00:00
[2023-11-23T22:12:19.660+0000] {standard_task_runner.py:57} INFO - Started process 133 to run task
[2023-11-23T22:12:19.664+0000] {standard_task_runner.py:84} INFO - Running: ['***', 'tasks', 'run', 'outcomes_dag', 'extract', 'scheduled__2023-11-18T00:00:00+00:00', '--job-id', '9', '--raw', '--subdir', 'DAGS_FOLDER/outcomes_dag.py', '--cfg-path', '/tmp/tmp9mo1z5l4']
[2023-11-23T22:12:19.670+0000] {standard_task_runner.py:85} INFO - Job 9: Subtask extract
[2023-11-23T22:12:19.746+0000] {task_command.py:416} INFO - Running <TaskInstance: outcomes_dag.extract scheduled__2023-11-18T00:00:00+00:00 [running]> on host 3c6bdd9606b4
[2023-11-23T22:12:20.085+0000] {taskinstance.py:1662} INFO - Exporting env vars: AIRFLOW_CTX_DAG_OWNER='***' AIRFLOW_CTX_DAG_ID='outcomes_dag' AIRFLOW_CTX_TASK_ID='extract' AIRFLOW_CTX_EXECUTION_DATE='2023-11-18T00:00:00+00:00' AIRFLOW_CTX_TRY_NUMBER='2' AIRFLOW_CTX_DAG_RUN_ID='scheduled__2023-11-18T00:00:00+00:00'
[2023-11-23T22:12:20.621+0000] {python.py:194} INFO - Done. Returned value was: None
[2023-11-23T22:12:20.633+0000] {taskinstance.py:1400} INFO - Marking task as SUCCESS. dag_id=outcomes_dag, task_id=extract, execution_date=20231118T000000, start_date=20231123T221219, end_date=20231123T221220
[2023-11-23T22:12:20.686+0000] {local_task_job_runner.py:228} INFO - Task exited with return code 0
[2023-11-23T22:12:20.720+0000] {taskinstance.py:2778} INFO - 0 downstream tasks scheduled from follow-on schedule check
[2023-11-24T21:55:00.141+0000] {taskinstance.py:1159} INFO - Dependencies all met for dep_context=non-requeueable deps ti=<TaskInstance: outcomes_dag.extract scheduled__2023-11-18T00:00:00+00:00 [queued]>
[2023-11-24T21:55:00.167+0000] {taskinstance.py:1159} INFO - Dependencies all met for dep_context=requeueable deps ti=<TaskInstance: outcomes_dag.extract scheduled__2023-11-18T00:00:00+00:00 [queued]>
[2023-11-24T21:55:00.168+0000] {taskinstance.py:1361} INFO - Starting attempt 2 of 2
[2023-11-24T21:55:00.549+0000] {taskinstance.py:1382} INFO - Executing <Task(PythonOperator): extract> on 2023-11-18 00:00:00+00:00
[2023-11-24T21:55:00.554+0000] {standard_task_runner.py:57} INFO - Started process 193 to run task
[2023-11-24T21:55:00.558+0000] {standard_task_runner.py:84} INFO - Running: ['***', 'tasks', 'run', 'outcomes_dag', 'extract', 'scheduled__2023-11-18T00:00:00+00:00', '--job-id', '10', '--raw', '--subdir', 'DAGS_FOLDER/outcomes_dag.py', '--cfg-path', '/tmp/tmpdyazt26a']
[2023-11-24T21:55:00.563+0000] {standard_task_runner.py:85} INFO - Job 10: Subtask extract
[2023-11-24T21:55:00.619+0000] {task_command.py:416} INFO - Running <TaskInstance: outcomes_dag.extract scheduled__2023-11-18T00:00:00+00:00 [running]> on host 30eca782d34c
[2023-11-24T21:55:00.712+0000] {taskinstance.py:1662} INFO - Exporting env vars: AIRFLOW_CTX_DAG_OWNER='***' AIRFLOW_CTX_DAG_ID='outcomes_dag' AIRFLOW_CTX_TASK_ID='extract' AIRFLOW_CTX_EXECUTION_DATE='2023-11-18T00:00:00+00:00' AIRFLOW_CTX_TRY_NUMBER='2' AIRFLOW_CTX_DAG_RUN_ID='scheduled__2023-11-18T00:00:00+00:00'
[2023-11-24T21:55:02.908+0000] {taskinstance.py:1937} ERROR - Task failed with exception
Traceback (most recent call last):
  File "/home/airflow/.local/lib/python3.8/site-packages/airflow/operators/python.py", line 192, in execute
    return_value = self.execute_callable()
  File "/home/airflow/.local/lib/python3.8/site-packages/airflow/operators/python.py", line 209, in execute_callable
    return self.python_callable(*self.op_args, **self.op_kwargs)
  File "/opt/airflow/dags/etl_scripts/extract.py", line 35, in extract_data
    storage_client = storage.Client('oceanic-hangout-406022')
  File "/home/airflow/.local/lib/python3.8/site-packages/google/cloud/storage/client.py", line 172, in __init__
    super(Client, self).__init__(
  File "/home/airflow/.local/lib/python3.8/site-packages/google/cloud/client/__init__.py", line 321, in __init__
    Client.__init__(
  File "/home/airflow/.local/lib/python3.8/site-packages/google/cloud/client/__init__.py", line 178, in __init__
    credentials, _ = google.auth.default(scopes=scopes)
  File "/home/airflow/.local/lib/python3.8/site-packages/google/auth/_default.py", line 657, in default
    credentials, project_id = checker()
  File "/home/airflow/.local/lib/python3.8/site-packages/google/auth/_default.py", line 650, in <lambda>
    lambda: _get_explicit_environ_credentials(quota_project_id=quota_project_id),
  File "/home/airflow/.local/lib/python3.8/site-packages/google/auth/_default.py", line 270, in _get_explicit_environ_credentials
    credentials, project_id = load_credentials_from_file(
  File "/home/airflow/.local/lib/python3.8/site-packages/google/auth/_default.py", line 114, in load_credentials_from_file
    raise exceptions.DefaultCredentialsError(
google.auth.exceptions.DefaultCredentialsError: File opt/***/dags/etl_scripts/oceanic-hangout-406022-fd958fa4d302.json was not found.
[2023-11-24T21:55:02.927+0000] {taskinstance.py:1400} INFO - Marking task as FAILED. dag_id=outcomes_dag, task_id=extract, execution_date=20231118T000000, start_date=20231124T215500, end_date=20231124T215502
[2023-11-24T21:55:02.947+0000] {standard_task_runner.py:104} ERROR - Failed to execute job 10 for task extract (File opt/***/dags/etl_scripts/oceanic-hangout-406022-fd958fa4d302.json was not found.; 193)
[2023-11-24T21:55:02.987+0000] {local_task_job_runner.py:228} INFO - Task exited with return code 1
[2023-11-24T21:55:03.014+0000] {taskinstance.py:2778} INFO - 0 downstream tasks scheduled from follow-on schedule check
[2023-11-24T23:01:28.238+0000] {taskinstance.py:1159} INFO - Dependencies all met for dep_context=non-requeueable deps ti=<TaskInstance: outcomes_dag.extract scheduled__2023-11-18T00:00:00+00:00 [queued]>
[2023-11-24T23:01:28.258+0000] {taskinstance.py:1159} INFO - Dependencies all met for dep_context=requeueable deps ti=<TaskInstance: outcomes_dag.extract scheduled__2023-11-18T00:00:00+00:00 [queued]>
[2023-11-24T23:01:28.260+0000] {taskinstance.py:1361} INFO - Starting attempt 2 of 2
[2023-11-24T23:01:28.298+0000] {taskinstance.py:1382} INFO - Executing <Task(PythonOperator): extract> on 2023-11-18 00:00:00+00:00
[2023-11-24T23:01:28.338+0000] {standard_task_runner.py:57} INFO - Started process 99 to run task
[2023-11-24T23:01:28.352+0000] {standard_task_runner.py:84} INFO - Running: ['***', 'tasks', 'run', 'outcomes_dag', 'extract', 'scheduled__2023-11-18T00:00:00+00:00', '--job-id', '12', '--raw', '--subdir', 'DAGS_FOLDER/outcomes_dag.py', '--cfg-path', '/tmp/tmp3i4zofnm']
[2023-11-24T23:01:28.425+0000] {standard_task_runner.py:85} INFO - Job 12: Subtask extract
[2023-11-24T23:01:29.042+0000] {task_command.py:416} INFO - Running <TaskInstance: outcomes_dag.extract scheduled__2023-11-18T00:00:00+00:00 [running]> on host 69a30b58663a
[2023-11-24T23:01:29.569+0000] {taskinstance.py:1662} INFO - Exporting env vars: AIRFLOW_CTX_DAG_OWNER='***' AIRFLOW_CTX_DAG_ID='outcomes_dag' AIRFLOW_CTX_TASK_ID='extract' AIRFLOW_CTX_EXECUTION_DATE='2023-11-18T00:00:00+00:00' AIRFLOW_CTX_TRY_NUMBER='2' AIRFLOW_CTX_DAG_RUN_ID='scheduled__2023-11-18T00:00:00+00:00'
[2023-11-24T23:01:31.977+0000] {python.py:194} INFO - Done. Returned value was: None
[2023-11-24T23:01:31.996+0000] {taskinstance.py:1400} INFO - Marking task as SUCCESS. dag_id=outcomes_dag, task_id=extract, execution_date=20231118T000000, start_date=20231124T230128, end_date=20231124T230131
[2023-11-24T23:01:32.047+0000] {local_task_job_runner.py:228} INFO - Task exited with return code 0
[2023-11-24T23:01:32.103+0000] {taskinstance.py:2778} INFO - 0 downstream tasks scheduled from follow-on schedule check
