[2023-12-17T08:17:30.577+0000] {taskinstance.py:1159} INFO - Dependencies all met for dep_context=non-requeueable deps ti=<TaskInstance: outcomes_dag.load_animal_dim scheduled__2023-11-06T00:00:00+00:00 [queued]>
[2023-12-17T08:17:30.603+0000] {taskinstance.py:1159} INFO - Dependencies all met for dep_context=requeueable deps ti=<TaskInstance: outcomes_dag.load_animal_dim scheduled__2023-11-06T00:00:00+00:00 [queued]>
[2023-12-17T08:17:30.604+0000] {taskinstance.py:1361} INFO - Starting attempt 1 of 1
[2023-12-17T08:17:30.653+0000] {taskinstance.py:1382} INFO - Executing <Task(PythonOperator): load_animal_dim> on 2023-11-06 00:00:00+00:00
[2023-12-17T08:17:30.662+0000] {standard_task_runner.py:57} INFO - Started process 295 to run task
[2023-12-17T08:17:30.674+0000] {standard_task_runner.py:84} INFO - Running: ['***', 'tasks', 'run', 'outcomes_dag', 'load_animal_dim', 'scheduled__2023-11-06T00:00:00+00:00', '--job-id', '39', '--raw', '--subdir', 'DAGS_FOLDER/outcomes_dag.py', '--cfg-path', '/tmp/tmp9fvpjyi1']
[2023-12-17T08:17:30.682+0000] {standard_task_runner.py:85} INFO - Job 39: Subtask load_animal_dim
[2023-12-17T08:17:30.815+0000] {task_command.py:416} INFO - Running <TaskInstance: outcomes_dag.load_animal_dim scheduled__2023-11-06T00:00:00+00:00 [running]> on host 0cbaf6db6843
[2023-12-17T08:17:30.964+0000] {taskinstance.py:1662} INFO - Exporting env vars: AIRFLOW_CTX_DAG_OWNER='***' AIRFLOW_CTX_DAG_ID='outcomes_dag' AIRFLOW_CTX_TASK_ID='load_animal_dim' AIRFLOW_CTX_EXECUTION_DATE='2023-11-06T00:00:00+00:00' AIRFLOW_CTX_TRY_NUMBER='1' AIRFLOW_CTX_DAG_RUN_ID='scheduled__2023-11-06T00:00:00+00:00'
[2023-12-17T08:17:34.171+0000] {python.py:194} INFO - Done. Returned value was: None
[2023-12-17T08:17:34.182+0000] {taskinstance.py:1400} INFO - Marking task as SUCCESS. dag_id=outcomes_dag, task_id=load_animal_dim, execution_date=20231106T000000, start_date=20231217T081730, end_date=20231217T081734
[2023-12-17T08:17:34.212+0000] {local_task_job_runner.py:228} INFO - Task exited with return code 0
[2023-12-17T08:17:34.233+0000] {taskinstance.py:2778} INFO - 0 downstream tasks scheduled from follow-on schedule check
[2023-12-17T15:03:20.460+0000] {taskinstance.py:1159} INFO - Dependencies all met for dep_context=non-requeueable deps ti=<TaskInstance: outcomes_dag.load_animal_dim scheduled__2023-11-06T00:00:00+00:00 [queued]>
[2023-12-17T15:03:20.481+0000] {taskinstance.py:1159} INFO - Dependencies all met for dep_context=requeueable deps ti=<TaskInstance: outcomes_dag.load_animal_dim scheduled__2023-11-06T00:00:00+00:00 [queued]>
[2023-12-17T15:03:20.482+0000] {taskinstance.py:1361} INFO - Starting attempt 1 of 1
[2023-12-17T15:03:20.524+0000] {taskinstance.py:1382} INFO - Executing <Task(PythonOperator): load_animal_dim> on 2023-11-06 00:00:00+00:00
[2023-12-17T15:03:20.539+0000] {standard_task_runner.py:57} INFO - Started process 247 to run task
[2023-12-17T15:03:20.550+0000] {standard_task_runner.py:84} INFO - Running: ['***', 'tasks', 'run', 'outcomes_dag', 'load_animal_dim', 'scheduled__2023-11-06T00:00:00+00:00', '--job-id', '39', '--raw', '--subdir', 'DAGS_FOLDER/outcomes_dag.py', '--cfg-path', '/tmp/tmpg7ep07w0']
[2023-12-17T15:03:20.555+0000] {standard_task_runner.py:85} INFO - Job 39: Subtask load_animal_dim
[2023-12-17T15:03:20.717+0000] {task_command.py:416} INFO - Running <TaskInstance: outcomes_dag.load_animal_dim scheduled__2023-11-06T00:00:00+00:00 [running]> on host 7f0547651eb4
[2023-12-17T15:03:20.990+0000] {taskinstance.py:1662} INFO - Exporting env vars: AIRFLOW_CTX_DAG_OWNER='***' AIRFLOW_CTX_DAG_ID='outcomes_dag' AIRFLOW_CTX_TASK_ID='load_animal_dim' AIRFLOW_CTX_EXECUTION_DATE='2023-11-06T00:00:00+00:00' AIRFLOW_CTX_TRY_NUMBER='1' AIRFLOW_CTX_DAG_RUN_ID='scheduled__2023-11-06T00:00:00+00:00'
[2023-12-17T15:03:24.838+0000] {python.py:194} INFO - Done. Returned value was: None
[2023-12-17T15:03:24.854+0000] {taskinstance.py:1400} INFO - Marking task as SUCCESS. dag_id=outcomes_dag, task_id=load_animal_dim, execution_date=20231106T000000, start_date=20231217T150320, end_date=20231217T150324
[2023-12-17T15:03:24.901+0000] {local_task_job_runner.py:228} INFO - Task exited with return code 0
[2023-12-17T15:03:24.942+0000] {taskinstance.py:2778} INFO - 0 downstream tasks scheduled from follow-on schedule check
