[2023-11-26T02:22:23.939+0000] {taskinstance.py:1159} INFO - Dependencies all met for dep_context=non-requeueable deps ti=<TaskInstance: outcomes_dag.load_dim_animal scheduled__2023-11-18T00:00:00+00:00 [queued]>
[2023-11-26T02:22:23.962+0000] {taskinstance.py:1159} INFO - Dependencies all met for dep_context=requeueable deps ti=<TaskInstance: outcomes_dag.load_dim_animal scheduled__2023-11-18T00:00:00+00:00 [queued]>
[2023-11-26T02:22:23.963+0000] {taskinstance.py:1361} INFO - Starting attempt 1 of 1
[2023-11-26T02:22:24.035+0000] {taskinstance.py:1382} INFO - Executing <Task(PythonOperator): load_dim_animal> on 2023-11-18 00:00:00+00:00
[2023-11-26T02:22:24.062+0000] {standard_task_runner.py:57} INFO - Started process 682 to run task
[2023-11-26T02:22:24.110+0000] {standard_task_runner.py:84} INFO - Running: ['***', 'tasks', 'run', 'outcomes_dag', 'load_dim_animal', 'scheduled__2023-11-18T00:00:00+00:00', '--job-id', '49', '--raw', '--subdir', 'DAGS_FOLDER/outcomes_dag.py', '--cfg-path', '/tmp/tmputc2s9zq']
[2023-11-26T02:22:24.289+0000] {standard_task_runner.py:85} INFO - Job 49: Subtask load_dim_animal
[2023-11-26T02:22:25.128+0000] {task_command.py:416} INFO - Running <TaskInstance: outcomes_dag.load_dim_animal scheduled__2023-11-18T00:00:00+00:00 [running]> on host 2011df1a4519
[2023-11-26T02:22:25.824+0000] {taskinstance.py:1662} INFO - Exporting env vars: AIRFLOW_CTX_DAG_OWNER='***' AIRFLOW_CTX_DAG_ID='outcomes_dag' AIRFLOW_CTX_TASK_ID='load_dim_animal' AIRFLOW_CTX_EXECUTION_DATE='2023-11-18T00:00:00+00:00' AIRFLOW_CTX_TRY_NUMBER='1' AIRFLOW_CTX_DAG_RUN_ID='scheduled__2023-11-18T00:00:00+00:00'
[2023-11-26T02:22:28.293+0000] {python.py:194} INFO - Done. Returned value was: None
[2023-11-26T02:22:28.318+0000] {taskinstance.py:1400} INFO - Marking task as SUCCESS. dag_id=outcomes_dag, task_id=load_dim_animal, execution_date=20231118T000000, start_date=20231126T022223, end_date=20231126T022228
[2023-11-26T02:22:28.406+0000] {local_task_job_runner.py:228} INFO - Task exited with return code 0
[2023-11-26T02:22:28.465+0000] {taskinstance.py:2778} INFO - 0 downstream tasks scheduled from follow-on schedule check
[2023-11-26T02:41:21.242+0000] {taskinstance.py:1159} INFO - Dependencies all met for dep_context=non-requeueable deps ti=<TaskInstance: outcomes_dag.load_dim_animal scheduled__2023-11-18T00:00:00+00:00 [queued]>
[2023-11-26T02:41:21.264+0000] {taskinstance.py:1159} INFO - Dependencies all met for dep_context=requeueable deps ti=<TaskInstance: outcomes_dag.load_dim_animal scheduled__2023-11-18T00:00:00+00:00 [queued]>
[2023-11-26T02:41:21.265+0000] {taskinstance.py:1361} INFO - Starting attempt 1 of 1
[2023-11-26T02:41:21.297+0000] {taskinstance.py:1382} INFO - Executing <Task(PythonOperator): load_dim_animal> on 2023-11-18 00:00:00+00:00
[2023-11-26T02:41:21.310+0000] {standard_task_runner.py:57} INFO - Started process 113 to run task
[2023-11-26T02:41:21.318+0000] {standard_task_runner.py:84} INFO - Running: ['***', 'tasks', 'run', 'outcomes_dag', 'load_dim_animal', 'scheduled__2023-11-18T00:00:00+00:00', '--job-id', '15', '--raw', '--subdir', 'DAGS_FOLDER/outcomes_dag.py', '--cfg-path', '/tmp/tmpddf0dgo2']
[2023-11-26T02:41:21.329+0000] {standard_task_runner.py:85} INFO - Job 15: Subtask load_dim_animal
[2023-11-26T02:41:22.574+0000] {task_command.py:416} INFO - Running <TaskInstance: outcomes_dag.load_dim_animal scheduled__2023-11-18T00:00:00+00:00 [running]> on host d8c33f99ee50
[2023-11-26T02:41:23.735+0000] {taskinstance.py:1662} INFO - Exporting env vars: AIRFLOW_CTX_DAG_OWNER='***' AIRFLOW_CTX_DAG_ID='outcomes_dag' AIRFLOW_CTX_TASK_ID='load_dim_animal' AIRFLOW_CTX_EXECUTION_DATE='2023-11-18T00:00:00+00:00' AIRFLOW_CTX_TRY_NUMBER='1' AIRFLOW_CTX_DAG_RUN_ID='scheduled__2023-11-18T00:00:00+00:00'
[2023-11-26T02:41:27.600+0000] {python.py:194} INFO - Done. Returned value was: None
[2023-11-26T02:41:27.616+0000] {taskinstance.py:1400} INFO - Marking task as SUCCESS. dag_id=outcomes_dag, task_id=load_dim_animal, execution_date=20231118T000000, start_date=20231126T024121, end_date=20231126T024127
[2023-11-26T02:41:27.699+0000] {local_task_job_runner.py:228} INFO - Task exited with return code 0
[2023-11-26T02:41:27.745+0000] {taskinstance.py:2778} INFO - 0 downstream tasks scheduled from follow-on schedule check
