[2023-12-17T08:13:57.124+0000] {taskinstance.py:1159} INFO - Dependencies all met for dep_context=non-requeueable deps ti=<TaskInstance: outcomes_dag.load_animal_dim scheduled__2023-11-01T00:00:00+00:00 [queued]>
[2023-12-17T08:13:57.148+0000] {taskinstance.py:1159} INFO - Dependencies all met for dep_context=requeueable deps ti=<TaskInstance: outcomes_dag.load_animal_dim scheduled__2023-11-01T00:00:00+00:00 [queued]>
[2023-12-17T08:13:57.149+0000] {taskinstance.py:1361} INFO - Starting attempt 1 of 1
[2023-12-17T08:13:57.170+0000] {taskinstance.py:1382} INFO - Executing <Task(PythonOperator): load_animal_dim> on 2023-11-01 00:00:00+00:00
[2023-12-17T08:13:57.180+0000] {standard_task_runner.py:57} INFO - Started process 151 to run task
[2023-12-17T08:13:57.187+0000] {standard_task_runner.py:84} INFO - Running: ['***', 'tasks', 'run', 'outcomes_dag', 'load_animal_dim', 'scheduled__2023-11-01T00:00:00+00:00', '--job-id', '8', '--raw', '--subdir', 'DAGS_FOLDER/outcomes_dag.py', '--cfg-path', '/tmp/tmps3on_ut9']
[2023-12-17T08:13:57.193+0000] {standard_task_runner.py:85} INFO - Job 8: Subtask load_animal_dim
[2023-12-17T08:13:57.281+0000] {task_command.py:416} INFO - Running <TaskInstance: outcomes_dag.load_animal_dim scheduled__2023-11-01T00:00:00+00:00 [running]> on host 0cbaf6db6843
[2023-12-17T08:13:57.411+0000] {taskinstance.py:1662} INFO - Exporting env vars: AIRFLOW_CTX_DAG_OWNER='***' AIRFLOW_CTX_DAG_ID='outcomes_dag' AIRFLOW_CTX_TASK_ID='load_animal_dim' AIRFLOW_CTX_EXECUTION_DATE='2023-11-01T00:00:00+00:00' AIRFLOW_CTX_TRY_NUMBER='1' AIRFLOW_CTX_DAG_RUN_ID='scheduled__2023-11-01T00:00:00+00:00'
[2023-12-17T08:14:01.856+0000] {python.py:194} INFO - Done. Returned value was: None
[2023-12-17T08:14:01.869+0000] {taskinstance.py:1400} INFO - Marking task as SUCCESS. dag_id=outcomes_dag, task_id=load_animal_dim, execution_date=20231101T000000, start_date=20231217T081357, end_date=20231217T081401
[2023-12-17T08:14:01.923+0000] {local_task_job_runner.py:228} INFO - Task exited with return code 0
[2023-12-17T08:14:01.950+0000] {taskinstance.py:2778} INFO - 0 downstream tasks scheduled from follow-on schedule check
[2023-12-17T14:59:37.490+0000] {taskinstance.py:1159} INFO - Dependencies all met for dep_context=non-requeueable deps ti=<TaskInstance: outcomes_dag.load_animal_dim scheduled__2023-11-01T00:00:00+00:00 [queued]>
[2023-12-17T14:59:37.501+0000] {taskinstance.py:1159} INFO - Dependencies all met for dep_context=requeueable deps ti=<TaskInstance: outcomes_dag.load_animal_dim scheduled__2023-11-01T00:00:00+00:00 [queued]>
[2023-12-17T14:59:37.501+0000] {taskinstance.py:1361} INFO - Starting attempt 1 of 1
[2023-12-17T14:59:37.516+0000] {taskinstance.py:1382} INFO - Executing <Task(PythonOperator): load_animal_dim> on 2023-11-01 00:00:00+00:00
[2023-12-17T14:59:37.528+0000] {standard_task_runner.py:57} INFO - Started process 96 to run task
[2023-12-17T14:59:37.533+0000] {standard_task_runner.py:84} INFO - Running: ['***', 'tasks', 'run', 'outcomes_dag', 'load_animal_dim', 'scheduled__2023-11-01T00:00:00+00:00', '--job-id', '9', '--raw', '--subdir', 'DAGS_FOLDER/outcomes_dag.py', '--cfg-path', '/tmp/tmpf9dd3_0g']
[2023-12-17T14:59:37.543+0000] {standard_task_runner.py:85} INFO - Job 9: Subtask load_animal_dim
[2023-12-17T14:59:37.703+0000] {task_command.py:416} INFO - Running <TaskInstance: outcomes_dag.load_animal_dim scheduled__2023-11-01T00:00:00+00:00 [running]> on host 7f0547651eb4
[2023-12-17T14:59:37.831+0000] {taskinstance.py:1662} INFO - Exporting env vars: AIRFLOW_CTX_DAG_OWNER='***' AIRFLOW_CTX_DAG_ID='outcomes_dag' AIRFLOW_CTX_TASK_ID='load_animal_dim' AIRFLOW_CTX_EXECUTION_DATE='2023-11-01T00:00:00+00:00' AIRFLOW_CTX_TRY_NUMBER='1' AIRFLOW_CTX_DAG_RUN_ID='scheduled__2023-11-01T00:00:00+00:00'
[2023-12-17T14:59:41.606+0000] {python.py:194} INFO - Done. Returned value was: None
[2023-12-17T14:59:41.630+0000] {taskinstance.py:1400} INFO - Marking task as SUCCESS. dag_id=outcomes_dag, task_id=load_animal_dim, execution_date=20231101T000000, start_date=20231217T145937, end_date=20231217T145941
[2023-12-17T14:59:41.678+0000] {local_task_job_runner.py:228} INFO - Task exited with return code 0
[2023-12-17T14:59:41.765+0000] {taskinstance.py:2778} INFO - 0 downstream tasks scheduled from follow-on schedule check
