[2023-11-23T21:57:45.264+0000] {taskinstance.py:1159} INFO - Dependencies all met for dep_context=non-requeueable deps ti=<TaskInstance: outcomes_dag.extract scheduled__2023-11-13T00:00:00+00:00 [queued]>
[2023-11-23T21:57:46.044+0000] {taskinstance.py:1159} INFO - Dependencies all met for dep_context=requeueable deps ti=<TaskInstance: outcomes_dag.extract scheduled__2023-11-13T00:00:00+00:00 [queued]>
[2023-11-23T21:57:46.052+0000] {taskinstance.py:1361} INFO - Starting attempt 1 of 1
[2023-11-23T21:57:46.511+0000] {taskinstance.py:1382} INFO - Executing <Task(PythonOperator): extract> on 2023-11-13 00:00:00+00:00
[2023-11-23T21:57:46.576+0000] {standard_task_runner.py:84} INFO - Running: ['***', 'tasks', 'run', 'outcomes_dag', 'extract', 'scheduled__2023-11-13T00:00:00+00:00', '--job-id', '3', '--raw', '--subdir', 'DAGS_FOLDER/outcomes_dag.py', '--cfg-path', '/tmp/tmple09lp_w']
[2023-11-23T21:57:46.616+0000] {standard_task_runner.py:85} INFO - Job 3: Subtask extract
[2023-11-23T21:57:46.588+0000] {standard_task_runner.py:57} INFO - Started process 122 to run task
[2023-11-23T21:57:48.599+0000] {task_command.py:416} INFO - Running <TaskInstance: outcomes_dag.extract scheduled__2023-11-13T00:00:00+00:00 [running]> on host 05b2ff981133
[2023-11-23T21:59:55.465+0000] {taskinstance.py:1662} INFO - Exporting env vars: AIRFLOW_CTX_DAG_OWNER='***' AIRFLOW_CTX_DAG_ID='outcomes_dag' AIRFLOW_CTX_TASK_ID='extract' AIRFLOW_CTX_EXECUTION_DATE='2023-11-13T00:00:00+00:00' AIRFLOW_CTX_TRY_NUMBER='1' AIRFLOW_CTX_DAG_RUN_ID='scheduled__2023-11-13T00:00:00+00:00'
[2023-11-23T22:01:00.030+0000] {python.py:194} INFO - Done. Returned value was: None
[2023-11-23T22:01:05.402+0000] {taskinstance.py:1400} INFO - Marking task as SUCCESS. dag_id=outcomes_dag, task_id=extract, execution_date=20231113T000000, start_date=20231123T215745, end_date=20231123T220105
[2023-11-23T22:01:06.643+0000] {local_task_job_runner.py:228} INFO - Task exited with return code 0
[2023-11-23T22:01:18.337+0000] {taskinstance.py:2778} INFO - 0 downstream tasks scheduled from follow-on schedule check
[2023-12-17T15:07:12.567+0000] {taskinstance.py:1159} INFO - Dependencies all met for dep_context=non-requeueable deps ti=<TaskInstance: outcomes_dag.extract scheduled__2023-11-13T00:00:00+00:00 [queued]>
[2023-12-17T15:07:12.657+0000] {taskinstance.py:1159} INFO - Dependencies all met for dep_context=requeueable deps ti=<TaskInstance: outcomes_dag.extract scheduled__2023-11-13T00:00:00+00:00 [queued]>
[2023-12-17T15:07:12.659+0000] {taskinstance.py:1361} INFO - Starting attempt 1 of 1
[2023-12-17T15:07:12.706+0000] {taskinstance.py:1382} INFO - Executing <Task(PythonOperator): extract> on 2023-11-13 00:00:00+00:00
[2023-12-17T15:07:12.719+0000] {standard_task_runner.py:57} INFO - Started process 407 to run task
[2023-12-17T15:07:12.727+0000] {standard_task_runner.py:84} INFO - Running: ['***', 'tasks', 'run', 'outcomes_dag', 'extract', 'scheduled__2023-11-13T00:00:00+00:00', '--job-id', '78', '--raw', '--subdir', 'DAGS_FOLDER/outcomes_dag.py', '--cfg-path', '/tmp/tmpe1fssz14']
[2023-12-17T15:07:12.733+0000] {standard_task_runner.py:85} INFO - Job 78: Subtask extract
[2023-12-17T15:07:12.868+0000] {task_command.py:416} INFO - Running <TaskInstance: outcomes_dag.extract scheduled__2023-11-13T00:00:00+00:00 [running]> on host 7f0547651eb4
[2023-12-17T15:07:13.024+0000] {taskinstance.py:1662} INFO - Exporting env vars: AIRFLOW_CTX_DAG_OWNER='***' AIRFLOW_CTX_DAG_ID='outcomes_dag' AIRFLOW_CTX_TASK_ID='extract' AIRFLOW_CTX_EXECUTION_DATE='2023-11-13T00:00:00+00:00' AIRFLOW_CTX_TRY_NUMBER='1' AIRFLOW_CTX_DAG_RUN_ID='scheduled__2023-11-13T00:00:00+00:00'
[2023-12-17T15:07:17.089+0000] {python.py:194} INFO - Done. Returned value was: None
[2023-12-17T15:07:17.109+0000] {taskinstance.py:1400} INFO - Marking task as SUCCESS. dag_id=outcomes_dag, task_id=extract, execution_date=20231113T000000, start_date=20231217T150712, end_date=20231217T150717
[2023-12-17T15:07:17.168+0000] {local_task_job_runner.py:228} INFO - Task exited with return code 0
[2023-12-17T15:07:17.206+0000] {taskinstance.py:2778} INFO - 1 downstream tasks scheduled from follow-on schedule check
