[2023-11-23T21:58:01.440+0000] {taskinstance.py:1159} INFO - Dependencies all met for dep_context=non-requeueable deps ti=<TaskInstance: outcomes_dag.extract scheduled__2023-11-04T00:00:00+00:00 [queued]>
[2023-11-23T21:58:05.579+0000] {taskinstance.py:1159} INFO - Dependencies all met for dep_context=requeueable deps ti=<TaskInstance: outcomes_dag.extract scheduled__2023-11-04T00:00:00+00:00 [queued]>
[2023-11-23T21:58:05.812+0000] {taskinstance.py:1361} INFO - Starting attempt 1 of 1
[2023-11-23T21:58:08.982+0000] {taskinstance.py:1382} INFO - Executing <Task(PythonOperator): extract> on 2023-11-04 00:00:00+00:00
[2023-11-23T21:58:09.095+0000] {standard_task_runner.py:57} INFO - Started process 135 to run task
[2023-11-23T21:58:09.128+0000] {standard_task_runner.py:84} INFO - Running: ['***', 'tasks', 'run', 'outcomes_dag', 'extract', 'scheduled__2023-11-04T00:00:00+00:00', '--job-id', '12', '--raw', '--subdir', 'DAGS_FOLDER/outcomes_dag.py', '--cfg-path', '/tmp/tmpnmzs7hyb']
[2023-11-23T21:58:09.371+0000] {standard_task_runner.py:85} INFO - Job 12: Subtask extract
[2023-11-23T21:58:12.686+0000] {task_command.py:416} INFO - Running <TaskInstance: outcomes_dag.extract scheduled__2023-11-04T00:00:00+00:00 [running]> on host 05b2ff981133
[2023-11-23T22:01:05.935+0000] {taskinstance.py:1662} INFO - Exporting env vars: AIRFLOW_CTX_DAG_OWNER='***' AIRFLOW_CTX_DAG_ID='outcomes_dag' AIRFLOW_CTX_TASK_ID='extract' AIRFLOW_CTX_EXECUTION_DATE='2023-11-04T00:00:00+00:00' AIRFLOW_CTX_TRY_NUMBER='1' AIRFLOW_CTX_DAG_RUN_ID='scheduled__2023-11-04T00:00:00+00:00'
[2023-11-23T22:01:21.761+0000] {python.py:194} INFO - Done. Returned value was: None
[2023-11-23T22:01:26.496+0000] {taskinstance.py:1400} INFO - Marking task as SUCCESS. dag_id=outcomes_dag, task_id=extract, execution_date=20231104T000000, start_date=20231123T215801, end_date=20231123T220126
[2023-11-23T22:01:30.479+0000] {local_task_job_runner.py:228} INFO - Task exited with return code 0
[2023-11-23T22:01:37.270+0000] {taskinstance.py:2778} INFO - 0 downstream tasks scheduled from follow-on schedule check
[2023-12-17T15:01:27.822+0000] {taskinstance.py:1159} INFO - Dependencies all met for dep_context=non-requeueable deps ti=<TaskInstance: outcomes_dag.extract scheduled__2023-11-04T00:00:00+00:00 [queued]>
[2023-12-17T15:01:27.834+0000] {taskinstance.py:1159} INFO - Dependencies all met for dep_context=requeueable deps ti=<TaskInstance: outcomes_dag.extract scheduled__2023-11-04T00:00:00+00:00 [queued]>
[2023-12-17T15:01:27.835+0000] {taskinstance.py:1361} INFO - Starting attempt 1 of 1
[2023-12-17T15:01:27.853+0000] {taskinstance.py:1382} INFO - Executing <Task(PythonOperator): extract> on 2023-11-04 00:00:00+00:00
[2023-12-17T15:01:27.862+0000] {standard_task_runner.py:57} INFO - Started process 174 to run task
[2023-12-17T15:01:27.866+0000] {standard_task_runner.py:84} INFO - Running: ['***', 'tasks', 'run', 'outcomes_dag', 'extract', 'scheduled__2023-11-04T00:00:00+00:00', '--job-id', '24', '--raw', '--subdir', 'DAGS_FOLDER/outcomes_dag.py', '--cfg-path', '/tmp/tmp2clv0mpt']
[2023-12-17T15:01:27.871+0000] {standard_task_runner.py:85} INFO - Job 24: Subtask extract
[2023-12-17T15:01:27.932+0000] {task_command.py:416} INFO - Running <TaskInstance: outcomes_dag.extract scheduled__2023-11-04T00:00:00+00:00 [running]> on host 7f0547651eb4
[2023-12-17T15:01:28.043+0000] {taskinstance.py:1662} INFO - Exporting env vars: AIRFLOW_CTX_DAG_OWNER='***' AIRFLOW_CTX_DAG_ID='outcomes_dag' AIRFLOW_CTX_TASK_ID='extract' AIRFLOW_CTX_EXECUTION_DATE='2023-11-04T00:00:00+00:00' AIRFLOW_CTX_TRY_NUMBER='1' AIRFLOW_CTX_DAG_RUN_ID='scheduled__2023-11-04T00:00:00+00:00'
[2023-12-17T15:01:34.212+0000] {python.py:194} INFO - Done. Returned value was: None
[2023-12-17T15:01:34.226+0000] {taskinstance.py:1400} INFO - Marking task as SUCCESS. dag_id=outcomes_dag, task_id=extract, execution_date=20231104T000000, start_date=20231217T150127, end_date=20231217T150134
[2023-12-17T15:01:34.300+0000] {local_task_job_runner.py:228} INFO - Task exited with return code 0
[2023-12-17T15:01:34.332+0000] {taskinstance.py:2778} INFO - 1 downstream tasks scheduled from follow-on schedule check
