[2023-11-26T02:22:43.683+0000] {taskinstance.py:1159} INFO - Dependencies all met for dep_context=non-requeueable deps ti=<TaskInstance: outcomes_dag.load_dim_animal scheduled__2023-11-19T00:00:00+00:00 [queued]>
[2023-11-26T02:22:43.698+0000] {taskinstance.py:1159} INFO - Dependencies all met for dep_context=requeueable deps ti=<TaskInstance: outcomes_dag.load_dim_animal scheduled__2023-11-19T00:00:00+00:00 [queued]>
[2023-11-26T02:22:43.703+0000] {taskinstance.py:1361} INFO - Starting attempt 1 of 1
[2023-11-26T02:22:43.730+0000] {taskinstance.py:1382} INFO - Executing <Task(PythonOperator): load_dim_animal> on 2023-11-19 00:00:00+00:00
[2023-11-26T02:22:43.749+0000] {standard_task_runner.py:57} INFO - Started process 699 to run task
[2023-11-26T02:22:43.780+0000] {standard_task_runner.py:84} INFO - Running: ['***', 'tasks', 'run', 'outcomes_dag', 'load_dim_animal', 'scheduled__2023-11-19T00:00:00+00:00', '--job-id', '55', '--raw', '--subdir', 'DAGS_FOLDER/outcomes_dag.py', '--cfg-path', '/tmp/tmp_hc69_pf']
[2023-11-26T02:22:43.789+0000] {standard_task_runner.py:85} INFO - Job 55: Subtask load_dim_animal
[2023-11-26T02:22:44.286+0000] {task_command.py:416} INFO - Running <TaskInstance: outcomes_dag.load_dim_animal scheduled__2023-11-19T00:00:00+00:00 [running]> on host 2011df1a4519
[2023-11-26T02:22:44.944+0000] {taskinstance.py:1662} INFO - Exporting env vars: AIRFLOW_CTX_DAG_OWNER='***' AIRFLOW_CTX_DAG_ID='outcomes_dag' AIRFLOW_CTX_TASK_ID='load_dim_animal' AIRFLOW_CTX_EXECUTION_DATE='2023-11-19T00:00:00+00:00' AIRFLOW_CTX_TRY_NUMBER='1' AIRFLOW_CTX_DAG_RUN_ID='scheduled__2023-11-19T00:00:00+00:00'
[2023-11-26T02:22:46.969+0000] {python.py:194} INFO - Done. Returned value was: None
[2023-11-26T02:22:47.057+0000] {taskinstance.py:1400} INFO - Marking task as SUCCESS. dag_id=outcomes_dag, task_id=load_dim_animal, execution_date=20231119T000000, start_date=20231126T022243, end_date=20231126T022247
[2023-11-26T02:22:47.140+0000] {local_task_job_runner.py:228} INFO - Task exited with return code 0
[2023-11-26T02:22:47.193+0000] {taskinstance.py:2778} INFO - 0 downstream tasks scheduled from follow-on schedule check
[2023-11-26T02:42:07.159+0000] {taskinstance.py:1159} INFO - Dependencies all met for dep_context=non-requeueable deps ti=<TaskInstance: outcomes_dag.load_dim_animal scheduled__2023-11-19T00:00:00+00:00 [queued]>
[2023-11-26T02:42:07.174+0000] {taskinstance.py:1159} INFO - Dependencies all met for dep_context=requeueable deps ti=<TaskInstance: outcomes_dag.load_dim_animal scheduled__2023-11-19T00:00:00+00:00 [queued]>
[2023-11-26T02:42:07.175+0000] {taskinstance.py:1361} INFO - Starting attempt 1 of 1
[2023-11-26T02:42:07.224+0000] {taskinstance.py:1382} INFO - Executing <Task(PythonOperator): load_dim_animal> on 2023-11-19 00:00:00+00:00
[2023-11-26T02:42:07.238+0000] {standard_task_runner.py:57} INFO - Started process 138 to run task
[2023-11-26T02:42:07.258+0000] {standard_task_runner.py:84} INFO - Running: ['***', 'tasks', 'run', 'outcomes_dag', 'load_dim_animal', 'scheduled__2023-11-19T00:00:00+00:00', '--job-id', '20', '--raw', '--subdir', 'DAGS_FOLDER/outcomes_dag.py', '--cfg-path', '/tmp/tmp4cohhywi']
[2023-11-26T02:42:07.270+0000] {standard_task_runner.py:85} INFO - Job 20: Subtask load_dim_animal
[2023-11-26T02:42:07.555+0000] {task_command.py:416} INFO - Running <TaskInstance: outcomes_dag.load_dim_animal scheduled__2023-11-19T00:00:00+00:00 [running]> on host d8c33f99ee50
[2023-11-26T02:42:08.438+0000] {taskinstance.py:1662} INFO - Exporting env vars: AIRFLOW_CTX_DAG_OWNER='***' AIRFLOW_CTX_DAG_ID='outcomes_dag' AIRFLOW_CTX_TASK_ID='load_dim_animal' AIRFLOW_CTX_EXECUTION_DATE='2023-11-19T00:00:00+00:00' AIRFLOW_CTX_TRY_NUMBER='1' AIRFLOW_CTX_DAG_RUN_ID='scheduled__2023-11-19T00:00:00+00:00'
[2023-11-26T02:42:13.005+0000] {python.py:194} INFO - Done. Returned value was: None
[2023-11-26T02:42:13.052+0000] {taskinstance.py:1400} INFO - Marking task as SUCCESS. dag_id=outcomes_dag, task_id=load_dim_animal, execution_date=20231119T000000, start_date=20231126T024207, end_date=20231126T024213
[2023-11-26T02:42:13.130+0000] {local_task_job_runner.py:228} INFO - Task exited with return code 0
[2023-11-26T02:42:13.154+0000] {taskinstance.py:2778} INFO - 0 downstream tasks scheduled from follow-on schedule check
