[2023-11-23T02:25:02.886+0000] {processor.py:157} INFO - Started process (PID=44) to work on /home/airflow/.local/lib/python3.8/site-packages/airflow/example_dags/example_setup_teardown_taskflow.py
[2023-11-23T02:25:02.903+0000] {processor.py:829} INFO - Processing file /home/airflow/.local/lib/python3.8/site-packages/airflow/example_dags/example_setup_teardown_taskflow.py for tasks to queue
[2023-11-23T02:25:02.908+0000] {logging_mixin.py:154} INFO - [2023-11-23T02:25:02.908+0000] {dagbag.py:536} INFO - Filling up the DagBag from /home/airflow/.local/lib/python3.8/site-packages/airflow/example_dags/example_setup_teardown_taskflow.py
[2023-11-23T02:25:02.943+0000] {processor.py:839} INFO - DAG(s) dict_keys(['example_setup_teardown_taskflow']) retrieved from /home/airflow/.local/lib/python3.8/site-packages/airflow/example_dags/example_setup_teardown_taskflow.py
[2023-11-23T02:25:03.497+0000] {logging_mixin.py:154} INFO - [2023-11-23T02:25:03.497+0000] {manager.py:499} INFO - Created Permission View: %s
[2023-11-23T02:25:03.549+0000] {logging_mixin.py:154} INFO - [2023-11-23T02:25:03.548+0000] {manager.py:499} INFO - Created Permission View: %s
[2023-11-23T02:25:03.569+0000] {logging_mixin.py:154} INFO - [2023-11-23T02:25:03.569+0000] {manager.py:499} INFO - Created Permission View: %s
[2023-11-23T02:25:03.570+0000] {logging_mixin.py:154} INFO - [2023-11-23T02:25:03.570+0000] {dag.py:2941} INFO - Sync 1 DAGs
[2023-11-23T02:25:03.615+0000] {logging_mixin.py:154} INFO - [2023-11-23T02:25:03.614+0000] {dag.py:2963} INFO - Creating ORM DAG for example_setup_teardown_taskflow
[2023-11-23T02:25:03.640+0000] {logging_mixin.py:154} INFO - [2023-11-23T02:25:03.640+0000] {dag.py:3722} INFO - Setting next_dagrun for example_setup_teardown_taskflow to 2023-11-22T02:25:03.639595+00:00, run_after=2023-11-23T02:25:03.639595+00:00
[2023-11-23T02:25:03.737+0000] {processor.py:179} INFO - Processing /home/airflow/.local/lib/python3.8/site-packages/airflow/example_dags/example_setup_teardown_taskflow.py took 0.855 seconds
[2023-11-23T02:25:33.898+0000] {processor.py:157} INFO - Started process (PID=99) to work on /home/airflow/.local/lib/python3.8/site-packages/airflow/example_dags/example_setup_teardown_taskflow.py
[2023-11-23T02:25:33.899+0000] {processor.py:829} INFO - Processing file /home/airflow/.local/lib/python3.8/site-packages/airflow/example_dags/example_setup_teardown_taskflow.py for tasks to queue
[2023-11-23T02:25:33.902+0000] {logging_mixin.py:154} INFO - [2023-11-23T02:25:33.902+0000] {dagbag.py:536} INFO - Filling up the DagBag from /home/airflow/.local/lib/python3.8/site-packages/airflow/example_dags/example_setup_teardown_taskflow.py
[2023-11-23T02:25:33.914+0000] {processor.py:839} INFO - DAG(s) dict_keys(['example_setup_teardown_taskflow']) retrieved from /home/airflow/.local/lib/python3.8/site-packages/airflow/example_dags/example_setup_teardown_taskflow.py
[2023-11-23T02:25:33.949+0000] {logging_mixin.py:154} INFO - [2023-11-23T02:25:33.949+0000] {dag.py:2941} INFO - Sync 1 DAGs
[2023-11-23T02:25:34.014+0000] {logging_mixin.py:154} INFO - [2023-11-23T02:25:34.011+0000] {dag.py:3722} INFO - Setting next_dagrun for example_setup_teardown_taskflow to 2023-11-22T02:25:34.010801+00:00, run_after=2023-11-23T02:25:34.010801+00:00
[2023-11-23T02:25:34.055+0000] {processor.py:179} INFO - Processing /home/airflow/.local/lib/python3.8/site-packages/airflow/example_dags/example_setup_teardown_taskflow.py took 0.161 seconds
[2023-11-23T02:26:05.314+0000] {processor.py:157} INFO - Started process (PID=153) to work on /home/airflow/.local/lib/python3.8/site-packages/airflow/example_dags/example_setup_teardown_taskflow.py
[2023-11-23T02:26:05.319+0000] {processor.py:829} INFO - Processing file /home/airflow/.local/lib/python3.8/site-packages/airflow/example_dags/example_setup_teardown_taskflow.py for tasks to queue
[2023-11-23T02:26:05.325+0000] {logging_mixin.py:154} INFO - [2023-11-23T02:26:05.325+0000] {dagbag.py:536} INFO - Filling up the DagBag from /home/airflow/.local/lib/python3.8/site-packages/airflow/example_dags/example_setup_teardown_taskflow.py
[2023-11-23T02:26:05.363+0000] {processor.py:839} INFO - DAG(s) dict_keys(['example_setup_teardown_taskflow']) retrieved from /home/airflow/.local/lib/python3.8/site-packages/airflow/example_dags/example_setup_teardown_taskflow.py
[2023-11-23T02:26:05.402+0000] {logging_mixin.py:154} INFO - [2023-11-23T02:26:05.401+0000] {dag.py:2941} INFO - Sync 1 DAGs
[2023-11-23T02:26:05.463+0000] {logging_mixin.py:154} INFO - [2023-11-23T02:26:05.462+0000] {dag.py:3722} INFO - Setting next_dagrun for example_setup_teardown_taskflow to 2023-11-22T02:26:05.462405+00:00, run_after=2023-11-23T02:26:05.462405+00:00
[2023-11-23T02:26:05.508+0000] {processor.py:179} INFO - Processing /home/airflow/.local/lib/python3.8/site-packages/airflow/example_dags/example_setup_teardown_taskflow.py took 0.208 seconds
[2023-11-23T02:26:36.552+0000] {processor.py:157} INFO - Started process (PID=207) to work on /home/airflow/.local/lib/python3.8/site-packages/airflow/example_dags/example_setup_teardown_taskflow.py
[2023-11-23T02:26:36.594+0000] {processor.py:829} INFO - Processing file /home/airflow/.local/lib/python3.8/site-packages/airflow/example_dags/example_setup_teardown_taskflow.py for tasks to queue
[2023-11-23T02:26:36.621+0000] {logging_mixin.py:154} INFO - [2023-11-23T02:26:36.620+0000] {dagbag.py:536} INFO - Filling up the DagBag from /home/airflow/.local/lib/python3.8/site-packages/airflow/example_dags/example_setup_teardown_taskflow.py
[2023-11-23T02:26:36.660+0000] {processor.py:839} INFO - DAG(s) dict_keys(['example_setup_teardown_taskflow']) retrieved from /home/airflow/.local/lib/python3.8/site-packages/airflow/example_dags/example_setup_teardown_taskflow.py
[2023-11-23T02:26:36.726+0000] {logging_mixin.py:154} INFO - [2023-11-23T02:26:36.726+0000] {dag.py:2941} INFO - Sync 1 DAGs
[2023-11-23T02:26:36.811+0000] {logging_mixin.py:154} INFO - [2023-11-23T02:26:36.810+0000] {dag.py:3722} INFO - Setting next_dagrun for example_setup_teardown_taskflow to 2023-11-22T02:26:36.809265+00:00, run_after=2023-11-23T02:26:36.809265+00:00
[2023-11-23T02:26:37.278+0000] {processor.py:179} INFO - Processing /home/airflow/.local/lib/python3.8/site-packages/airflow/example_dags/example_setup_teardown_taskflow.py took 0.736 seconds
[2023-11-23T02:27:08.781+0000] {processor.py:157} INFO - Started process (PID=261) to work on /home/airflow/.local/lib/python3.8/site-packages/airflow/example_dags/example_setup_teardown_taskflow.py
[2023-11-23T02:27:08.785+0000] {processor.py:829} INFO - Processing file /home/airflow/.local/lib/python3.8/site-packages/airflow/example_dags/example_setup_teardown_taskflow.py for tasks to queue
[2023-11-23T02:27:08.793+0000] {logging_mixin.py:154} INFO - [2023-11-23T02:27:08.793+0000] {dagbag.py:536} INFO - Filling up the DagBag from /home/airflow/.local/lib/python3.8/site-packages/airflow/example_dags/example_setup_teardown_taskflow.py
[2023-11-23T02:27:08.819+0000] {processor.py:839} INFO - DAG(s) dict_keys(['example_setup_teardown_taskflow']) retrieved from /home/airflow/.local/lib/python3.8/site-packages/airflow/example_dags/example_setup_teardown_taskflow.py
[2023-11-23T02:27:08.936+0000] {logging_mixin.py:154} INFO - [2023-11-23T02:27:08.935+0000] {dag.py:2941} INFO - Sync 1 DAGs
[2023-11-23T02:27:09.204+0000] {logging_mixin.py:154} INFO - [2023-11-23T02:27:09.203+0000] {dag.py:3722} INFO - Setting next_dagrun for example_setup_teardown_taskflow to 2023-11-22T02:27:09.202325+00:00, run_after=2023-11-23T02:27:09.202325+00:00
[2023-11-23T02:27:09.440+0000] {processor.py:179} INFO - Processing /home/airflow/.local/lib/python3.8/site-packages/airflow/example_dags/example_setup_teardown_taskflow.py took 0.826 seconds
[2023-11-23T02:27:39.837+0000] {processor.py:157} INFO - Started process (PID=315) to work on /home/airflow/.local/lib/python3.8/site-packages/airflow/example_dags/example_setup_teardown_taskflow.py
[2023-11-23T02:27:39.847+0000] {processor.py:829} INFO - Processing file /home/airflow/.local/lib/python3.8/site-packages/airflow/example_dags/example_setup_teardown_taskflow.py for tasks to queue
[2023-11-23T02:27:39.899+0000] {logging_mixin.py:154} INFO - [2023-11-23T02:27:39.863+0000] {dagbag.py:536} INFO - Filling up the DagBag from /home/airflow/.local/lib/python3.8/site-packages/airflow/example_dags/example_setup_teardown_taskflow.py
[2023-11-23T02:27:39.947+0000] {processor.py:839} INFO - DAG(s) dict_keys(['example_setup_teardown_taskflow']) retrieved from /home/airflow/.local/lib/python3.8/site-packages/airflow/example_dags/example_setup_teardown_taskflow.py
[2023-11-23T02:27:40.150+0000] {logging_mixin.py:154} INFO - [2023-11-23T02:27:40.148+0000] {dag.py:2941} INFO - Sync 1 DAGs
[2023-11-23T02:27:40.245+0000] {logging_mixin.py:154} INFO - [2023-11-23T02:27:40.245+0000] {dag.py:3722} INFO - Setting next_dagrun for example_setup_teardown_taskflow to 2023-11-22T02:27:40.245413+00:00, run_after=2023-11-23T02:27:40.245413+00:00
[2023-11-23T02:27:40.302+0000] {processor.py:179} INFO - Processing /home/airflow/.local/lib/python3.8/site-packages/airflow/example_dags/example_setup_teardown_taskflow.py took 0.473 seconds
[2023-11-23T02:28:10.699+0000] {processor.py:157} INFO - Started process (PID=368) to work on /home/airflow/.local/lib/python3.8/site-packages/airflow/example_dags/example_setup_teardown_taskflow.py
[2023-11-23T02:28:10.700+0000] {processor.py:829} INFO - Processing file /home/airflow/.local/lib/python3.8/site-packages/airflow/example_dags/example_setup_teardown_taskflow.py for tasks to queue
[2023-11-23T02:28:10.704+0000] {logging_mixin.py:154} INFO - [2023-11-23T02:28:10.703+0000] {dagbag.py:536} INFO - Filling up the DagBag from /home/airflow/.local/lib/python3.8/site-packages/airflow/example_dags/example_setup_teardown_taskflow.py
[2023-11-23T02:28:10.718+0000] {processor.py:839} INFO - DAG(s) dict_keys(['example_setup_teardown_taskflow']) retrieved from /home/airflow/.local/lib/python3.8/site-packages/airflow/example_dags/example_setup_teardown_taskflow.py
[2023-11-23T02:28:10.745+0000] {logging_mixin.py:154} INFO - [2023-11-23T02:28:10.745+0000] {dag.py:2941} INFO - Sync 1 DAGs
[2023-11-23T02:28:10.771+0000] {logging_mixin.py:154} INFO - [2023-11-23T02:28:10.771+0000] {dag.py:3722} INFO - Setting next_dagrun for example_setup_teardown_taskflow to 2023-11-22T02:28:10.771023+00:00, run_after=2023-11-23T02:28:10.771023+00:00
[2023-11-23T02:28:10.792+0000] {processor.py:179} INFO - Processing /home/airflow/.local/lib/python3.8/site-packages/airflow/example_dags/example_setup_teardown_taskflow.py took 0.097 seconds
[2023-11-23T02:28:40.987+0000] {processor.py:157} INFO - Started process (PID=421) to work on /home/airflow/.local/lib/python3.8/site-packages/airflow/example_dags/example_setup_teardown_taskflow.py
[2023-11-23T02:28:40.998+0000] {processor.py:829} INFO - Processing file /home/airflow/.local/lib/python3.8/site-packages/airflow/example_dags/example_setup_teardown_taskflow.py for tasks to queue
[2023-11-23T02:28:41.002+0000] {logging_mixin.py:154} INFO - [2023-11-23T02:28:41.001+0000] {dagbag.py:536} INFO - Filling up the DagBag from /home/airflow/.local/lib/python3.8/site-packages/airflow/example_dags/example_setup_teardown_taskflow.py
[2023-11-23T02:28:41.022+0000] {processor.py:839} INFO - DAG(s) dict_keys(['example_setup_teardown_taskflow']) retrieved from /home/airflow/.local/lib/python3.8/site-packages/airflow/example_dags/example_setup_teardown_taskflow.py
[2023-11-23T02:28:41.073+0000] {logging_mixin.py:154} INFO - [2023-11-23T02:28:41.072+0000] {dag.py:2941} INFO - Sync 1 DAGs
[2023-11-23T02:28:41.114+0000] {logging_mixin.py:154} INFO - [2023-11-23T02:28:41.114+0000] {dag.py:3722} INFO - Setting next_dagrun for example_setup_teardown_taskflow to 2023-11-22T02:28:41.108049+00:00, run_after=2023-11-23T02:28:41.108049+00:00
[2023-11-23T02:28:41.149+0000] {processor.py:179} INFO - Processing /home/airflow/.local/lib/python3.8/site-packages/airflow/example_dags/example_setup_teardown_taskflow.py took 0.167 seconds
[2023-11-23T02:29:11.362+0000] {processor.py:157} INFO - Started process (PID=475) to work on /home/airflow/.local/lib/python3.8/site-packages/airflow/example_dags/example_setup_teardown_taskflow.py
[2023-11-23T02:29:11.369+0000] {processor.py:829} INFO - Processing file /home/airflow/.local/lib/python3.8/site-packages/airflow/example_dags/example_setup_teardown_taskflow.py for tasks to queue
[2023-11-23T02:29:11.379+0000] {logging_mixin.py:154} INFO - [2023-11-23T02:29:11.378+0000] {dagbag.py:536} INFO - Filling up the DagBag from /home/airflow/.local/lib/python3.8/site-packages/airflow/example_dags/example_setup_teardown_taskflow.py
[2023-11-23T02:29:11.437+0000] {processor.py:839} INFO - DAG(s) dict_keys(['example_setup_teardown_taskflow']) retrieved from /home/airflow/.local/lib/python3.8/site-packages/airflow/example_dags/example_setup_teardown_taskflow.py
[2023-11-23T02:29:11.532+0000] {logging_mixin.py:154} INFO - [2023-11-23T02:29:11.532+0000] {dag.py:2941} INFO - Sync 1 DAGs
[2023-11-23T02:29:11.594+0000] {logging_mixin.py:154} INFO - [2023-11-23T02:29:11.594+0000] {dag.py:3722} INFO - Setting next_dagrun for example_setup_teardown_taskflow to 2023-11-22T02:29:11.594295+00:00, run_after=2023-11-23T02:29:11.594295+00:00
[2023-11-23T02:29:11.640+0000] {processor.py:179} INFO - Processing /home/airflow/.local/lib/python3.8/site-packages/airflow/example_dags/example_setup_teardown_taskflow.py took 0.292 seconds
[2023-11-23T02:29:41.962+0000] {processor.py:157} INFO - Started process (PID=527) to work on /home/airflow/.local/lib/python3.8/site-packages/airflow/example_dags/example_setup_teardown_taskflow.py
[2023-11-23T02:29:41.963+0000] {processor.py:829} INFO - Processing file /home/airflow/.local/lib/python3.8/site-packages/airflow/example_dags/example_setup_teardown_taskflow.py for tasks to queue
[2023-11-23T02:29:41.967+0000] {logging_mixin.py:154} INFO - [2023-11-23T02:29:41.967+0000] {dagbag.py:536} INFO - Filling up the DagBag from /home/airflow/.local/lib/python3.8/site-packages/airflow/example_dags/example_setup_teardown_taskflow.py
[2023-11-23T02:29:41.984+0000] {processor.py:839} INFO - DAG(s) dict_keys(['example_setup_teardown_taskflow']) retrieved from /home/airflow/.local/lib/python3.8/site-packages/airflow/example_dags/example_setup_teardown_taskflow.py
[2023-11-23T02:29:42.015+0000] {logging_mixin.py:154} INFO - [2023-11-23T02:29:42.015+0000] {dag.py:2941} INFO - Sync 1 DAGs
[2023-11-23T02:29:42.041+0000] {logging_mixin.py:154} INFO - [2023-11-23T02:29:42.041+0000] {dag.py:3722} INFO - Setting next_dagrun for example_setup_teardown_taskflow to 2023-11-22T02:29:42.040888+00:00, run_after=2023-11-23T02:29:42.040888+00:00
[2023-11-23T02:29:42.062+0000] {processor.py:179} INFO - Processing /home/airflow/.local/lib/python3.8/site-packages/airflow/example_dags/example_setup_teardown_taskflow.py took 0.104 seconds
[2023-11-23T02:30:12.180+0000] {processor.py:157} INFO - Started process (PID=581) to work on /home/airflow/.local/lib/python3.8/site-packages/airflow/example_dags/example_setup_teardown_taskflow.py
[2023-11-23T02:30:12.186+0000] {processor.py:829} INFO - Processing file /home/airflow/.local/lib/python3.8/site-packages/airflow/example_dags/example_setup_teardown_taskflow.py for tasks to queue
[2023-11-23T02:30:12.195+0000] {logging_mixin.py:154} INFO - [2023-11-23T02:30:12.194+0000] {dagbag.py:536} INFO - Filling up the DagBag from /home/airflow/.local/lib/python3.8/site-packages/airflow/example_dags/example_setup_teardown_taskflow.py
[2023-11-23T02:30:12.250+0000] {processor.py:839} INFO - DAG(s) dict_keys(['example_setup_teardown_taskflow']) retrieved from /home/airflow/.local/lib/python3.8/site-packages/airflow/example_dags/example_setup_teardown_taskflow.py
[2023-11-23T02:30:12.335+0000] {logging_mixin.py:154} INFO - [2023-11-23T02:30:12.335+0000] {dag.py:2941} INFO - Sync 1 DAGs
[2023-11-23T02:30:12.429+0000] {logging_mixin.py:154} INFO - [2023-11-23T02:30:12.428+0000] {dag.py:3722} INFO - Setting next_dagrun for example_setup_teardown_taskflow to 2023-11-22T02:30:12.428530+00:00, run_after=2023-11-23T02:30:12.428530+00:00
[2023-11-23T02:30:12.518+0000] {processor.py:179} INFO - Processing /home/airflow/.local/lib/python3.8/site-packages/airflow/example_dags/example_setup_teardown_taskflow.py took 0.359 seconds
[2023-11-23T02:30:43.124+0000] {processor.py:157} INFO - Started process (PID=634) to work on /home/airflow/.local/lib/python3.8/site-packages/airflow/example_dags/example_setup_teardown_taskflow.py
[2023-11-23T02:30:43.130+0000] {processor.py:829} INFO - Processing file /home/airflow/.local/lib/python3.8/site-packages/airflow/example_dags/example_setup_teardown_taskflow.py for tasks to queue
[2023-11-23T02:30:43.140+0000] {logging_mixin.py:154} INFO - [2023-11-23T02:30:43.139+0000] {dagbag.py:536} INFO - Filling up the DagBag from /home/airflow/.local/lib/python3.8/site-packages/airflow/example_dags/example_setup_teardown_taskflow.py
[2023-11-23T02:30:43.170+0000] {processor.py:839} INFO - DAG(s) dict_keys(['example_setup_teardown_taskflow']) retrieved from /home/airflow/.local/lib/python3.8/site-packages/airflow/example_dags/example_setup_teardown_taskflow.py
[2023-11-23T02:30:43.296+0000] {logging_mixin.py:154} INFO - [2023-11-23T02:30:43.295+0000] {dag.py:2941} INFO - Sync 1 DAGs
[2023-11-23T02:30:43.349+0000] {logging_mixin.py:154} INFO - [2023-11-23T02:30:43.348+0000] {dag.py:3722} INFO - Setting next_dagrun for example_setup_teardown_taskflow to 2023-11-22T02:30:43.348261+00:00, run_after=2023-11-23T02:30:43.348261+00:00
[2023-11-23T02:30:43.417+0000] {processor.py:179} INFO - Processing /home/airflow/.local/lib/python3.8/site-packages/airflow/example_dags/example_setup_teardown_taskflow.py took 0.310 seconds
[2023-11-23T02:31:13.896+0000] {processor.py:157} INFO - Started process (PID=687) to work on /home/airflow/.local/lib/python3.8/site-packages/airflow/example_dags/example_setup_teardown_taskflow.py
[2023-11-23T02:31:13.899+0000] {processor.py:829} INFO - Processing file /home/airflow/.local/lib/python3.8/site-packages/airflow/example_dags/example_setup_teardown_taskflow.py for tasks to queue
[2023-11-23T02:31:13.907+0000] {logging_mixin.py:154} INFO - [2023-11-23T02:31:13.905+0000] {dagbag.py:536} INFO - Filling up the DagBag from /home/airflow/.local/lib/python3.8/site-packages/airflow/example_dags/example_setup_teardown_taskflow.py
[2023-11-23T02:31:14.006+0000] {processor.py:839} INFO - DAG(s) dict_keys(['example_setup_teardown_taskflow']) retrieved from /home/airflow/.local/lib/python3.8/site-packages/airflow/example_dags/example_setup_teardown_taskflow.py
[2023-11-23T02:31:14.213+0000] {logging_mixin.py:154} INFO - [2023-11-23T02:31:14.213+0000] {dag.py:2941} INFO - Sync 1 DAGs
[2023-11-23T02:31:14.286+0000] {logging_mixin.py:154} INFO - [2023-11-23T02:31:14.286+0000] {dag.py:3722} INFO - Setting next_dagrun for example_setup_teardown_taskflow to 2023-11-22T02:31:14.286034+00:00, run_after=2023-11-23T02:31:14.286034+00:00
[2023-11-23T02:31:14.338+0000] {processor.py:179} INFO - Processing /home/airflow/.local/lib/python3.8/site-packages/airflow/example_dags/example_setup_teardown_taskflow.py took 0.473 seconds
[2023-11-23T02:31:44.824+0000] {processor.py:157} INFO - Started process (PID=741) to work on /home/airflow/.local/lib/python3.8/site-packages/airflow/example_dags/example_setup_teardown_taskflow.py
[2023-11-23T02:31:44.825+0000] {processor.py:829} INFO - Processing file /home/airflow/.local/lib/python3.8/site-packages/airflow/example_dags/example_setup_teardown_taskflow.py for tasks to queue
[2023-11-23T02:31:44.829+0000] {logging_mixin.py:154} INFO - [2023-11-23T02:31:44.828+0000] {dagbag.py:536} INFO - Filling up the DagBag from /home/airflow/.local/lib/python3.8/site-packages/airflow/example_dags/example_setup_teardown_taskflow.py
[2023-11-23T02:31:44.850+0000] {processor.py:839} INFO - DAG(s) dict_keys(['example_setup_teardown_taskflow']) retrieved from /home/airflow/.local/lib/python3.8/site-packages/airflow/example_dags/example_setup_teardown_taskflow.py
[2023-11-23T02:31:44.885+0000] {logging_mixin.py:154} INFO - [2023-11-23T02:31:44.885+0000] {dag.py:2941} INFO - Sync 1 DAGs
[2023-11-23T02:31:44.919+0000] {logging_mixin.py:154} INFO - [2023-11-23T02:31:44.918+0000] {dag.py:3722} INFO - Setting next_dagrun for example_setup_teardown_taskflow to 2023-11-22T02:31:44.918360+00:00, run_after=2023-11-23T02:31:44.918360+00:00
[2023-11-23T02:31:44.944+0000] {processor.py:179} INFO - Processing /home/airflow/.local/lib/python3.8/site-packages/airflow/example_dags/example_setup_teardown_taskflow.py took 0.125 seconds
[2023-11-23T03:44:03.201+0000] {processor.py:157} INFO - Started process (PID=50) to work on /home/airflow/.local/lib/python3.8/site-packages/airflow/example_dags/example_setup_teardown_taskflow.py
[2023-11-23T03:44:03.213+0000] {processor.py:829} INFO - Processing file /home/airflow/.local/lib/python3.8/site-packages/airflow/example_dags/example_setup_teardown_taskflow.py for tasks to queue
[2023-11-23T03:44:03.231+0000] {logging_mixin.py:154} INFO - [2023-11-23T03:44:03.229+0000] {dagbag.py:536} INFO - Filling up the DagBag from /home/airflow/.local/lib/python3.8/site-packages/airflow/example_dags/example_setup_teardown_taskflow.py
[2023-11-23T03:44:03.358+0000] {processor.py:839} INFO - DAG(s) dict_keys(['example_setup_teardown_taskflow']) retrieved from /home/airflow/.local/lib/python3.8/site-packages/airflow/example_dags/example_setup_teardown_taskflow.py
[2023-11-23T03:44:03.556+0000] {logging_mixin.py:154} INFO - [2023-11-23T03:44:03.556+0000] {dag.py:2941} INFO - Sync 1 DAGs
[2023-11-23T03:44:03.732+0000] {logging_mixin.py:154} INFO - [2023-11-23T03:44:03.719+0000] {dag.py:3722} INFO - Setting next_dagrun for example_setup_teardown_taskflow to 2023-11-22T03:44:03.718408+00:00, run_after=2023-11-23T03:44:03.718408+00:00
[2023-11-23T03:44:03.836+0000] {processor.py:179} INFO - Processing /home/airflow/.local/lib/python3.8/site-packages/airflow/example_dags/example_setup_teardown_taskflow.py took 0.667 seconds
[2023-11-23T03:44:41.196+0000] {processor.py:157} INFO - Started process (PID=104) to work on /home/airflow/.local/lib/python3.8/site-packages/airflow/example_dags/example_setup_teardown_taskflow.py
[2023-11-23T03:44:41.255+0000] {processor.py:829} INFO - Processing file /home/airflow/.local/lib/python3.8/site-packages/airflow/example_dags/example_setup_teardown_taskflow.py for tasks to queue
[2023-11-23T03:44:41.316+0000] {logging_mixin.py:154} INFO - [2023-11-23T03:44:41.314+0000] {dagbag.py:536} INFO - Filling up the DagBag from /home/airflow/.local/lib/python3.8/site-packages/airflow/example_dags/example_setup_teardown_taskflow.py
[2023-11-23T03:44:41.550+0000] {processor.py:839} INFO - DAG(s) dict_keys(['example_setup_teardown_taskflow']) retrieved from /home/airflow/.local/lib/python3.8/site-packages/airflow/example_dags/example_setup_teardown_taskflow.py
[2023-11-23T03:44:42.059+0000] {logging_mixin.py:154} INFO - [2023-11-23T03:44:42.059+0000] {dag.py:2941} INFO - Sync 1 DAGs
[2023-11-23T03:44:42.675+0000] {logging_mixin.py:154} INFO - [2023-11-23T03:44:42.671+0000] {dag.py:3722} INFO - Setting next_dagrun for example_setup_teardown_taskflow to 2023-11-22T03:44:42.538142+00:00, run_after=2023-11-23T03:44:42.538142+00:00
[2023-11-23T03:44:43.015+0000] {processor.py:179} INFO - Processing /home/airflow/.local/lib/python3.8/site-packages/airflow/example_dags/example_setup_teardown_taskflow.py took 1.861 seconds
[2023-11-23T03:45:14.157+0000] {processor.py:157} INFO - Started process (PID=156) to work on /home/airflow/.local/lib/python3.8/site-packages/airflow/example_dags/example_setup_teardown_taskflow.py
[2023-11-23T03:45:14.158+0000] {processor.py:829} INFO - Processing file /home/airflow/.local/lib/python3.8/site-packages/airflow/example_dags/example_setup_teardown_taskflow.py for tasks to queue
[2023-11-23T03:45:14.166+0000] {logging_mixin.py:154} INFO - [2023-11-23T03:45:14.165+0000] {dagbag.py:536} INFO - Filling up the DagBag from /home/airflow/.local/lib/python3.8/site-packages/airflow/example_dags/example_setup_teardown_taskflow.py
[2023-11-23T03:45:14.190+0000] {processor.py:839} INFO - DAG(s) dict_keys(['example_setup_teardown_taskflow']) retrieved from /home/airflow/.local/lib/python3.8/site-packages/airflow/example_dags/example_setup_teardown_taskflow.py
[2023-11-23T03:45:14.243+0000] {logging_mixin.py:154} INFO - [2023-11-23T03:45:14.243+0000] {dag.py:2941} INFO - Sync 1 DAGs
[2023-11-23T03:45:14.293+0000] {logging_mixin.py:154} INFO - [2023-11-23T03:45:14.293+0000] {dag.py:3722} INFO - Setting next_dagrun for example_setup_teardown_taskflow to 2023-11-22T03:45:14.293069+00:00, run_after=2023-11-23T03:45:14.293069+00:00
[2023-11-23T03:45:14.335+0000] {processor.py:179} INFO - Processing /home/airflow/.local/lib/python3.8/site-packages/airflow/example_dags/example_setup_teardown_taskflow.py took 0.191 seconds
[2023-11-23T04:15:39.781+0000] {processor.py:157} INFO - Started process (PID=176) to work on /home/airflow/.local/lib/python3.8/site-packages/airflow/example_dags/example_setup_teardown_taskflow.py
[2023-11-23T04:15:39.785+0000] {processor.py:829} INFO - Processing file /home/airflow/.local/lib/python3.8/site-packages/airflow/example_dags/example_setup_teardown_taskflow.py for tasks to queue
[2023-11-23T04:15:39.793+0000] {logging_mixin.py:154} INFO - [2023-11-23T04:15:39.792+0000] {dagbag.py:536} INFO - Filling up the DagBag from /home/airflow/.local/lib/python3.8/site-packages/airflow/example_dags/example_setup_teardown_taskflow.py
[2023-11-23T04:15:39.857+0000] {processor.py:839} INFO - DAG(s) dict_keys(['example_setup_teardown_taskflow']) retrieved from /home/airflow/.local/lib/python3.8/site-packages/airflow/example_dags/example_setup_teardown_taskflow.py
[2023-11-23T04:15:39.991+0000] {logging_mixin.py:154} INFO - [2023-11-23T04:15:39.988+0000] {dag.py:2941} INFO - Sync 1 DAGs
[2023-11-23T04:15:40.056+0000] {logging_mixin.py:154} INFO - [2023-11-23T04:15:40.055+0000] {dag.py:3722} INFO - Setting next_dagrun for example_setup_teardown_taskflow to 2023-11-22T04:15:40.055450+00:00, run_after=2023-11-23T04:15:40.055450+00:00
[2023-11-23T04:15:40.142+0000] {processor.py:179} INFO - Processing /home/airflow/.local/lib/python3.8/site-packages/airflow/example_dags/example_setup_teardown_taskflow.py took 0.376 seconds
[2023-11-23T04:16:10.523+0000] {processor.py:157} INFO - Started process (PID=229) to work on /home/airflow/.local/lib/python3.8/site-packages/airflow/example_dags/example_setup_teardown_taskflow.py
[2023-11-23T04:16:10.525+0000] {processor.py:829} INFO - Processing file /home/airflow/.local/lib/python3.8/site-packages/airflow/example_dags/example_setup_teardown_taskflow.py for tasks to queue
[2023-11-23T04:16:10.529+0000] {logging_mixin.py:154} INFO - [2023-11-23T04:16:10.529+0000] {dagbag.py:536} INFO - Filling up the DagBag from /home/airflow/.local/lib/python3.8/site-packages/airflow/example_dags/example_setup_teardown_taskflow.py
[2023-11-23T04:16:10.548+0000] {processor.py:839} INFO - DAG(s) dict_keys(['example_setup_teardown_taskflow']) retrieved from /home/airflow/.local/lib/python3.8/site-packages/airflow/example_dags/example_setup_teardown_taskflow.py
[2023-11-23T04:16:10.602+0000] {logging_mixin.py:154} INFO - [2023-11-23T04:16:10.602+0000] {dag.py:2941} INFO - Sync 1 DAGs
[2023-11-23T04:16:10.648+0000] {logging_mixin.py:154} INFO - [2023-11-23T04:16:10.647+0000] {dag.py:3722} INFO - Setting next_dagrun for example_setup_teardown_taskflow to 2023-11-22T04:16:10.645812+00:00, run_after=2023-11-23T04:16:10.645812+00:00
[2023-11-23T04:16:10.675+0000] {processor.py:179} INFO - Processing /home/airflow/.local/lib/python3.8/site-packages/airflow/example_dags/example_setup_teardown_taskflow.py took 0.159 seconds
[2023-11-23T04:16:40.760+0000] {processor.py:157} INFO - Started process (PID=283) to work on /home/airflow/.local/lib/python3.8/site-packages/airflow/example_dags/example_setup_teardown_taskflow.py
[2023-11-23T04:16:40.761+0000] {processor.py:829} INFO - Processing file /home/airflow/.local/lib/python3.8/site-packages/airflow/example_dags/example_setup_teardown_taskflow.py for tasks to queue
[2023-11-23T04:16:40.765+0000] {logging_mixin.py:154} INFO - [2023-11-23T04:16:40.765+0000] {dagbag.py:536} INFO - Filling up the DagBag from /home/airflow/.local/lib/python3.8/site-packages/airflow/example_dags/example_setup_teardown_taskflow.py
[2023-11-23T04:16:40.777+0000] {processor.py:839} INFO - DAG(s) dict_keys(['example_setup_teardown_taskflow']) retrieved from /home/airflow/.local/lib/python3.8/site-packages/airflow/example_dags/example_setup_teardown_taskflow.py
[2023-11-23T04:16:40.812+0000] {logging_mixin.py:154} INFO - [2023-11-23T04:16:40.812+0000] {dag.py:2941} INFO - Sync 1 DAGs
[2023-11-23T04:16:40.849+0000] {logging_mixin.py:154} INFO - [2023-11-23T04:16:40.849+0000] {dag.py:3722} INFO - Setting next_dagrun for example_setup_teardown_taskflow to 2023-11-22T04:16:40.848274+00:00, run_after=2023-11-23T04:16:40.848274+00:00
[2023-11-23T04:16:40.889+0000] {processor.py:179} INFO - Processing /home/airflow/.local/lib/python3.8/site-packages/airflow/example_dags/example_setup_teardown_taskflow.py took 0.136 seconds
[2023-11-23T04:17:11.724+0000] {processor.py:157} INFO - Started process (PID=337) to work on /home/airflow/.local/lib/python3.8/site-packages/airflow/example_dags/example_setup_teardown_taskflow.py
[2023-11-23T04:17:11.726+0000] {processor.py:829} INFO - Processing file /home/airflow/.local/lib/python3.8/site-packages/airflow/example_dags/example_setup_teardown_taskflow.py for tasks to queue
[2023-11-23T04:17:11.730+0000] {logging_mixin.py:154} INFO - [2023-11-23T04:17:11.729+0000] {dagbag.py:536} INFO - Filling up the DagBag from /home/airflow/.local/lib/python3.8/site-packages/airflow/example_dags/example_setup_teardown_taskflow.py
[2023-11-23T04:17:11.745+0000] {processor.py:839} INFO - DAG(s) dict_keys(['example_setup_teardown_taskflow']) retrieved from /home/airflow/.local/lib/python3.8/site-packages/airflow/example_dags/example_setup_teardown_taskflow.py
[2023-11-23T04:17:11.790+0000] {logging_mixin.py:154} INFO - [2023-11-23T04:17:11.789+0000] {dag.py:2941} INFO - Sync 1 DAGs
[2023-11-23T04:17:11.822+0000] {logging_mixin.py:154} INFO - [2023-11-23T04:17:11.822+0000] {dag.py:3722} INFO - Setting next_dagrun for example_setup_teardown_taskflow to 2023-11-22T04:17:11.821663+00:00, run_after=2023-11-23T04:17:11.821663+00:00
[2023-11-23T04:17:11.847+0000] {processor.py:179} INFO - Processing /home/airflow/.local/lib/python3.8/site-packages/airflow/example_dags/example_setup_teardown_taskflow.py took 0.129 seconds
[2023-11-23T04:17:42.483+0000] {processor.py:157} INFO - Started process (PID=391) to work on /home/airflow/.local/lib/python3.8/site-packages/airflow/example_dags/example_setup_teardown_taskflow.py
[2023-11-23T04:17:42.484+0000] {processor.py:829} INFO - Processing file /home/airflow/.local/lib/python3.8/site-packages/airflow/example_dags/example_setup_teardown_taskflow.py for tasks to queue
[2023-11-23T04:17:42.487+0000] {logging_mixin.py:154} INFO - [2023-11-23T04:17:42.486+0000] {dagbag.py:536} INFO - Filling up the DagBag from /home/airflow/.local/lib/python3.8/site-packages/airflow/example_dags/example_setup_teardown_taskflow.py
[2023-11-23T04:17:42.510+0000] {processor.py:839} INFO - DAG(s) dict_keys(['example_setup_teardown_taskflow']) retrieved from /home/airflow/.local/lib/python3.8/site-packages/airflow/example_dags/example_setup_teardown_taskflow.py
[2023-11-23T04:17:42.573+0000] {logging_mixin.py:154} INFO - [2023-11-23T04:17:42.572+0000] {dag.py:2941} INFO - Sync 1 DAGs
[2023-11-23T04:17:42.608+0000] {logging_mixin.py:154} INFO - [2023-11-23T04:17:42.607+0000] {dag.py:3722} INFO - Setting next_dagrun for example_setup_teardown_taskflow to 2023-11-22T04:17:42.607501+00:00, run_after=2023-11-23T04:17:42.607501+00:00
[2023-11-23T04:17:42.634+0000] {processor.py:179} INFO - Processing /home/airflow/.local/lib/python3.8/site-packages/airflow/example_dags/example_setup_teardown_taskflow.py took 0.155 seconds
[2023-11-23T04:18:13.342+0000] {processor.py:157} INFO - Started process (PID=444) to work on /home/airflow/.local/lib/python3.8/site-packages/airflow/example_dags/example_setup_teardown_taskflow.py
[2023-11-23T04:18:13.344+0000] {processor.py:829} INFO - Processing file /home/airflow/.local/lib/python3.8/site-packages/airflow/example_dags/example_setup_teardown_taskflow.py for tasks to queue
[2023-11-23T04:18:13.350+0000] {logging_mixin.py:154} INFO - [2023-11-23T04:18:13.349+0000] {dagbag.py:536} INFO - Filling up the DagBag from /home/airflow/.local/lib/python3.8/site-packages/airflow/example_dags/example_setup_teardown_taskflow.py
[2023-11-23T04:18:13.376+0000] {processor.py:839} INFO - DAG(s) dict_keys(['example_setup_teardown_taskflow']) retrieved from /home/airflow/.local/lib/python3.8/site-packages/airflow/example_dags/example_setup_teardown_taskflow.py
[2023-11-23T04:18:13.422+0000] {logging_mixin.py:154} INFO - [2023-11-23T04:18:13.422+0000] {dag.py:2941} INFO - Sync 1 DAGs
[2023-11-23T04:18:13.484+0000] {logging_mixin.py:154} INFO - [2023-11-23T04:18:13.484+0000] {dag.py:3722} INFO - Setting next_dagrun for example_setup_teardown_taskflow to 2023-11-22T04:18:13.484183+00:00, run_after=2023-11-23T04:18:13.484183+00:00
[2023-11-23T04:18:13.530+0000] {processor.py:179} INFO - Processing /home/airflow/.local/lib/python3.8/site-packages/airflow/example_dags/example_setup_teardown_taskflow.py took 0.207 seconds
[2023-11-23T04:18:44.430+0000] {processor.py:157} INFO - Started process (PID=498) to work on /home/airflow/.local/lib/python3.8/site-packages/airflow/example_dags/example_setup_teardown_taskflow.py
[2023-11-23T04:18:44.435+0000] {processor.py:829} INFO - Processing file /home/airflow/.local/lib/python3.8/site-packages/airflow/example_dags/example_setup_teardown_taskflow.py for tasks to queue
[2023-11-23T04:18:44.440+0000] {logging_mixin.py:154} INFO - [2023-11-23T04:18:44.440+0000] {dagbag.py:536} INFO - Filling up the DagBag from /home/airflow/.local/lib/python3.8/site-packages/airflow/example_dags/example_setup_teardown_taskflow.py
[2023-11-23T04:18:44.475+0000] {processor.py:839} INFO - DAG(s) dict_keys(['example_setup_teardown_taskflow']) retrieved from /home/airflow/.local/lib/python3.8/site-packages/airflow/example_dags/example_setup_teardown_taskflow.py
[2023-11-23T04:18:44.535+0000] {logging_mixin.py:154} INFO - [2023-11-23T04:18:44.534+0000] {dag.py:2941} INFO - Sync 1 DAGs
[2023-11-23T04:18:44.606+0000] {logging_mixin.py:154} INFO - [2023-11-23T04:18:44.605+0000] {dag.py:3722} INFO - Setting next_dagrun for example_setup_teardown_taskflow to 2023-11-22T04:18:44.605055+00:00, run_after=2023-11-23T04:18:44.605055+00:00
[2023-11-23T04:18:44.633+0000] {processor.py:179} INFO - Processing /home/airflow/.local/lib/python3.8/site-packages/airflow/example_dags/example_setup_teardown_taskflow.py took 0.214 seconds
[2023-11-23T04:19:14.728+0000] {processor.py:157} INFO - Started process (PID=552) to work on /home/airflow/.local/lib/python3.8/site-packages/airflow/example_dags/example_setup_teardown_taskflow.py
[2023-11-23T04:19:14.732+0000] {processor.py:829} INFO - Processing file /home/airflow/.local/lib/python3.8/site-packages/airflow/example_dags/example_setup_teardown_taskflow.py for tasks to queue
[2023-11-23T04:19:14.737+0000] {logging_mixin.py:154} INFO - [2023-11-23T04:19:14.736+0000] {dagbag.py:536} INFO - Filling up the DagBag from /home/airflow/.local/lib/python3.8/site-packages/airflow/example_dags/example_setup_teardown_taskflow.py
[2023-11-23T04:19:14.764+0000] {processor.py:839} INFO - DAG(s) dict_keys(['example_setup_teardown_taskflow']) retrieved from /home/airflow/.local/lib/python3.8/site-packages/airflow/example_dags/example_setup_teardown_taskflow.py
[2023-11-23T04:19:14.796+0000] {logging_mixin.py:154} INFO - [2023-11-23T04:19:14.796+0000] {dag.py:2941} INFO - Sync 1 DAGs
[2023-11-23T04:19:14.832+0000] {logging_mixin.py:154} INFO - [2023-11-23T04:19:14.832+0000] {dag.py:3722} INFO - Setting next_dagrun for example_setup_teardown_taskflow to 2023-11-22T04:19:14.832015+00:00, run_after=2023-11-23T04:19:14.832015+00:00
[2023-11-23T04:19:14.866+0000] {processor.py:179} INFO - Processing /home/airflow/.local/lib/python3.8/site-packages/airflow/example_dags/example_setup_teardown_taskflow.py took 0.146 seconds
[2023-11-23T04:19:45.200+0000] {processor.py:157} INFO - Started process (PID=606) to work on /home/airflow/.local/lib/python3.8/site-packages/airflow/example_dags/example_setup_teardown_taskflow.py
[2023-11-23T04:19:45.202+0000] {processor.py:829} INFO - Processing file /home/airflow/.local/lib/python3.8/site-packages/airflow/example_dags/example_setup_teardown_taskflow.py for tasks to queue
[2023-11-23T04:19:45.207+0000] {logging_mixin.py:154} INFO - [2023-11-23T04:19:45.207+0000] {dagbag.py:536} INFO - Filling up the DagBag from /home/airflow/.local/lib/python3.8/site-packages/airflow/example_dags/example_setup_teardown_taskflow.py
[2023-11-23T04:19:45.230+0000] {processor.py:839} INFO - DAG(s) dict_keys(['example_setup_teardown_taskflow']) retrieved from /home/airflow/.local/lib/python3.8/site-packages/airflow/example_dags/example_setup_teardown_taskflow.py
[2023-11-23T04:19:45.272+0000] {logging_mixin.py:154} INFO - [2023-11-23T04:19:45.271+0000] {dag.py:2941} INFO - Sync 1 DAGs
[2023-11-23T04:19:45.303+0000] {logging_mixin.py:154} INFO - [2023-11-23T04:19:45.302+0000] {dag.py:3722} INFO - Setting next_dagrun for example_setup_teardown_taskflow to 2023-11-22T04:19:45.301212+00:00, run_after=2023-11-23T04:19:45.301212+00:00
[2023-11-23T04:19:45.332+0000] {processor.py:179} INFO - Processing /home/airflow/.local/lib/python3.8/site-packages/airflow/example_dags/example_setup_teardown_taskflow.py took 0.138 seconds
[2023-11-23T04:20:16.006+0000] {processor.py:157} INFO - Started process (PID=660) to work on /home/airflow/.local/lib/python3.8/site-packages/airflow/example_dags/example_setup_teardown_taskflow.py
[2023-11-23T04:20:16.013+0000] {processor.py:829} INFO - Processing file /home/airflow/.local/lib/python3.8/site-packages/airflow/example_dags/example_setup_teardown_taskflow.py for tasks to queue
[2023-11-23T04:20:16.026+0000] {logging_mixin.py:154} INFO - [2023-11-23T04:20:16.025+0000] {dagbag.py:536} INFO - Filling up the DagBag from /home/airflow/.local/lib/python3.8/site-packages/airflow/example_dags/example_setup_teardown_taskflow.py
[2023-11-23T04:20:16.066+0000] {processor.py:839} INFO - DAG(s) dict_keys(['example_setup_teardown_taskflow']) retrieved from /home/airflow/.local/lib/python3.8/site-packages/airflow/example_dags/example_setup_teardown_taskflow.py
[2023-11-23T04:20:16.156+0000] {logging_mixin.py:154} INFO - [2023-11-23T04:20:16.156+0000] {dag.py:2941} INFO - Sync 1 DAGs
[2023-11-23T04:20:16.256+0000] {logging_mixin.py:154} INFO - [2023-11-23T04:20:16.255+0000] {dag.py:3722} INFO - Setting next_dagrun for example_setup_teardown_taskflow to 2023-11-22T04:20:16.255498+00:00, run_after=2023-11-23T04:20:16.255498+00:00
[2023-11-23T04:20:16.312+0000] {processor.py:179} INFO - Processing /home/airflow/.local/lib/python3.8/site-packages/airflow/example_dags/example_setup_teardown_taskflow.py took 0.331 seconds
[2023-11-23T04:20:47.053+0000] {processor.py:157} INFO - Started process (PID=713) to work on /home/airflow/.local/lib/python3.8/site-packages/airflow/example_dags/example_setup_teardown_taskflow.py
[2023-11-23T04:20:47.055+0000] {processor.py:829} INFO - Processing file /home/airflow/.local/lib/python3.8/site-packages/airflow/example_dags/example_setup_teardown_taskflow.py for tasks to queue
[2023-11-23T04:20:47.061+0000] {logging_mixin.py:154} INFO - [2023-11-23T04:20:47.059+0000] {dagbag.py:536} INFO - Filling up the DagBag from /home/airflow/.local/lib/python3.8/site-packages/airflow/example_dags/example_setup_teardown_taskflow.py
[2023-11-23T04:20:47.076+0000] {processor.py:839} INFO - DAG(s) dict_keys(['example_setup_teardown_taskflow']) retrieved from /home/airflow/.local/lib/python3.8/site-packages/airflow/example_dags/example_setup_teardown_taskflow.py
[2023-11-23T04:20:47.102+0000] {logging_mixin.py:154} INFO - [2023-11-23T04:20:47.102+0000] {dag.py:2941} INFO - Sync 1 DAGs
[2023-11-23T04:20:47.131+0000] {logging_mixin.py:154} INFO - [2023-11-23T04:20:47.131+0000] {dag.py:3722} INFO - Setting next_dagrun for example_setup_teardown_taskflow to 2023-11-22T04:20:47.130826+00:00, run_after=2023-11-23T04:20:47.130826+00:00
[2023-11-23T04:20:47.157+0000] {processor.py:179} INFO - Processing /home/airflow/.local/lib/python3.8/site-packages/airflow/example_dags/example_setup_teardown_taskflow.py took 0.110 seconds
[2023-11-23T04:21:20.923+0000] {processor.py:157} INFO - Started process (PID=774) to work on /home/airflow/.local/lib/python3.8/site-packages/airflow/example_dags/example_setup_teardown_taskflow.py
[2023-11-23T04:21:20.936+0000] {processor.py:829} INFO - Processing file /home/airflow/.local/lib/python3.8/site-packages/airflow/example_dags/example_setup_teardown_taskflow.py for tasks to queue
[2023-11-23T04:21:20.959+0000] {logging_mixin.py:154} INFO - [2023-11-23T04:21:20.957+0000] {dagbag.py:536} INFO - Filling up the DagBag from /home/airflow/.local/lib/python3.8/site-packages/airflow/example_dags/example_setup_teardown_taskflow.py
[2023-11-23T04:21:21.045+0000] {processor.py:839} INFO - DAG(s) dict_keys(['example_setup_teardown_taskflow']) retrieved from /home/airflow/.local/lib/python3.8/site-packages/airflow/example_dags/example_setup_teardown_taskflow.py
[2023-11-23T04:21:21.133+0000] {logging_mixin.py:154} INFO - [2023-11-23T04:21:21.132+0000] {dag.py:2941} INFO - Sync 1 DAGs
[2023-11-23T04:21:21.541+0000] {logging_mixin.py:154} INFO - [2023-11-23T04:21:21.540+0000] {dag.py:3722} INFO - Setting next_dagrun for example_setup_teardown_taskflow to 2023-11-22T04:21:21.540345+00:00, run_after=2023-11-23T04:21:21.540345+00:00
[2023-11-23T04:21:22.173+0000] {processor.py:179} INFO - Processing /home/airflow/.local/lib/python3.8/site-packages/airflow/example_dags/example_setup_teardown_taskflow.py took 1.362 seconds
[2023-11-23T04:21:53.600+0000] {processor.py:157} INFO - Started process (PID=828) to work on /home/airflow/.local/lib/python3.8/site-packages/airflow/example_dags/example_setup_teardown_taskflow.py
[2023-11-23T04:21:53.624+0000] {processor.py:829} INFO - Processing file /home/airflow/.local/lib/python3.8/site-packages/airflow/example_dags/example_setup_teardown_taskflow.py for tasks to queue
[2023-11-23T04:21:53.632+0000] {logging_mixin.py:154} INFO - [2023-11-23T04:21:53.631+0000] {dagbag.py:536} INFO - Filling up the DagBag from /home/airflow/.local/lib/python3.8/site-packages/airflow/example_dags/example_setup_teardown_taskflow.py
[2023-11-23T04:21:53.698+0000] {processor.py:839} INFO - DAG(s) dict_keys(['example_setup_teardown_taskflow']) retrieved from /home/airflow/.local/lib/python3.8/site-packages/airflow/example_dags/example_setup_teardown_taskflow.py
[2023-11-23T04:21:53.803+0000] {logging_mixin.py:154} INFO - [2023-11-23T04:21:53.802+0000] {dag.py:2941} INFO - Sync 1 DAGs
[2023-11-23T04:21:53.962+0000] {logging_mixin.py:154} INFO - [2023-11-23T04:21:53.962+0000] {dag.py:3722} INFO - Setting next_dagrun for example_setup_teardown_taskflow to 2023-11-22T04:21:53.960257+00:00, run_after=2023-11-23T04:21:53.960257+00:00
[2023-11-23T04:21:54.112+0000] {processor.py:179} INFO - Processing /home/airflow/.local/lib/python3.8/site-packages/airflow/example_dags/example_setup_teardown_taskflow.py took 0.578 seconds
