[2023-11-23T02:25:17.915+0000] {processor.py:157} INFO - Started process (PID=75) to work on /home/airflow/.local/lib/python3.8/site-packages/airflow/example_dags/example_dag_decorator.py
[2023-11-23T02:25:17.918+0000] {processor.py:829} INFO - Processing file /home/airflow/.local/lib/python3.8/site-packages/airflow/example_dags/example_dag_decorator.py for tasks to queue
[2023-11-23T02:25:17.924+0000] {logging_mixin.py:154} INFO - [2023-11-23T02:25:17.923+0000] {dagbag.py:536} INFO - Filling up the DagBag from /home/airflow/.local/lib/python3.8/site-packages/airflow/example_dags/example_dag_decorator.py
[2023-11-23T02:25:18.132+0000] {processor.py:839} INFO - DAG(s) dict_keys(['example_dag_decorator']) retrieved from /home/airflow/.local/lib/python3.8/site-packages/airflow/example_dags/example_dag_decorator.py
[2023-11-23T02:25:18.322+0000] {logging_mixin.py:154} INFO - [2023-11-23T02:25:18.322+0000] {manager.py:499} INFO - Created Permission View: %s
[2023-11-23T02:25:19.157+0000] {logging_mixin.py:154} INFO - [2023-11-23T02:25:19.157+0000] {manager.py:499} INFO - Created Permission View: %s
[2023-11-23T02:25:19.168+0000] {logging_mixin.py:154} INFO - [2023-11-23T02:25:19.168+0000] {manager.py:499} INFO - Created Permission View: %s
[2023-11-23T02:25:19.170+0000] {logging_mixin.py:154} INFO - [2023-11-23T02:25:19.169+0000] {dag.py:2941} INFO - Sync 1 DAGs
[2023-11-23T02:25:19.195+0000] {logging_mixin.py:154} INFO - [2023-11-23T02:25:19.195+0000] {dag.py:2963} INFO - Creating ORM DAG for example_dag_decorator
[2023-11-23T02:25:19.197+0000] {logging_mixin.py:154} INFO - [2023-11-23T02:25:19.196+0000] {dag.py:3722} INFO - Setting next_dagrun for example_dag_decorator to None, run_after=None
[2023-11-23T02:25:19.247+0000] {processor.py:179} INFO - Processing /home/airflow/.local/lib/python3.8/site-packages/airflow/example_dags/example_dag_decorator.py took 1.339 seconds
[2023-11-23T02:25:52.933+0000] {processor.py:157} INFO - Started process (PID=129) to work on /home/airflow/.local/lib/python3.8/site-packages/airflow/example_dags/example_dag_decorator.py
[2023-11-23T02:25:52.963+0000] {processor.py:829} INFO - Processing file /home/airflow/.local/lib/python3.8/site-packages/airflow/example_dags/example_dag_decorator.py for tasks to queue
[2023-11-23T02:25:52.968+0000] {logging_mixin.py:154} INFO - [2023-11-23T02:25:52.967+0000] {dagbag.py:536} INFO - Filling up the DagBag from /home/airflow/.local/lib/python3.8/site-packages/airflow/example_dags/example_dag_decorator.py
[2023-11-23T02:25:55.942+0000] {processor.py:839} INFO - DAG(s) dict_keys(['example_dag_decorator']) retrieved from /home/airflow/.local/lib/python3.8/site-packages/airflow/example_dags/example_dag_decorator.py
[2023-11-23T02:25:57.116+0000] {logging_mixin.py:154} INFO - [2023-11-23T02:25:57.116+0000] {dag.py:2941} INFO - Sync 1 DAGs
[2023-11-23T02:25:58.452+0000] {logging_mixin.py:154} INFO - [2023-11-23T02:25:58.451+0000] {dag.py:3722} INFO - Setting next_dagrun for example_dag_decorator to None, run_after=None
[2023-11-23T02:25:58.494+0000] {processor.py:179} INFO - Processing /home/airflow/.local/lib/python3.8/site-packages/airflow/example_dags/example_dag_decorator.py took 5.593 seconds
[2023-11-23T02:26:29.213+0000] {processor.py:157} INFO - Started process (PID=187) to work on /home/airflow/.local/lib/python3.8/site-packages/airflow/example_dags/example_dag_decorator.py
[2023-11-23T02:26:29.215+0000] {processor.py:829} INFO - Processing file /home/airflow/.local/lib/python3.8/site-packages/airflow/example_dags/example_dag_decorator.py for tasks to queue
[2023-11-23T02:26:29.220+0000] {logging_mixin.py:154} INFO - [2023-11-23T02:26:29.220+0000] {dagbag.py:536} INFO - Filling up the DagBag from /home/airflow/.local/lib/python3.8/site-packages/airflow/example_dags/example_dag_decorator.py
[2023-11-23T02:26:29.344+0000] {processor.py:839} INFO - DAG(s) dict_keys(['example_dag_decorator']) retrieved from /home/airflow/.local/lib/python3.8/site-packages/airflow/example_dags/example_dag_decorator.py
[2023-11-23T02:26:29.500+0000] {logging_mixin.py:154} INFO - [2023-11-23T02:26:29.500+0000] {dag.py:2941} INFO - Sync 1 DAGs
[2023-11-23T02:26:29.518+0000] {logging_mixin.py:154} INFO - [2023-11-23T02:26:29.517+0000] {dag.py:3722} INFO - Setting next_dagrun for example_dag_decorator to None, run_after=None
[2023-11-23T02:26:29.545+0000] {processor.py:179} INFO - Processing /home/airflow/.local/lib/python3.8/site-packages/airflow/example_dags/example_dag_decorator.py took 0.336 seconds
[2023-11-23T02:27:00.160+0000] {processor.py:157} INFO - Started process (PID=241) to work on /home/airflow/.local/lib/python3.8/site-packages/airflow/example_dags/example_dag_decorator.py
[2023-11-23T02:27:00.164+0000] {processor.py:829} INFO - Processing file /home/airflow/.local/lib/python3.8/site-packages/airflow/example_dags/example_dag_decorator.py for tasks to queue
[2023-11-23T02:27:00.169+0000] {logging_mixin.py:154} INFO - [2023-11-23T02:27:00.168+0000] {dagbag.py:536} INFO - Filling up the DagBag from /home/airflow/.local/lib/python3.8/site-packages/airflow/example_dags/example_dag_decorator.py
[2023-11-23T02:27:00.315+0000] {processor.py:839} INFO - DAG(s) dict_keys(['example_dag_decorator']) retrieved from /home/airflow/.local/lib/python3.8/site-packages/airflow/example_dags/example_dag_decorator.py
[2023-11-23T02:27:01.229+0000] {logging_mixin.py:154} INFO - [2023-11-23T02:27:01.229+0000] {dag.py:2941} INFO - Sync 1 DAGs
[2023-11-23T02:27:01.257+0000] {logging_mixin.py:154} INFO - [2023-11-23T02:27:01.257+0000] {dag.py:3722} INFO - Setting next_dagrun for example_dag_decorator to None, run_after=None
[2023-11-23T02:27:01.289+0000] {processor.py:179} INFO - Processing /home/airflow/.local/lib/python3.8/site-packages/airflow/example_dags/example_dag_decorator.py took 1.136 seconds
[2023-11-23T02:27:31.620+0000] {processor.py:157} INFO - Started process (PID=295) to work on /home/airflow/.local/lib/python3.8/site-packages/airflow/example_dags/example_dag_decorator.py
[2023-11-23T02:27:31.629+0000] {processor.py:829} INFO - Processing file /home/airflow/.local/lib/python3.8/site-packages/airflow/example_dags/example_dag_decorator.py for tasks to queue
[2023-11-23T02:27:31.645+0000] {logging_mixin.py:154} INFO - [2023-11-23T02:27:31.645+0000] {dagbag.py:536} INFO - Filling up the DagBag from /home/airflow/.local/lib/python3.8/site-packages/airflow/example_dags/example_dag_decorator.py
[2023-11-23T02:27:32.288+0000] {processor.py:839} INFO - DAG(s) dict_keys(['example_dag_decorator']) retrieved from /home/airflow/.local/lib/python3.8/site-packages/airflow/example_dags/example_dag_decorator.py
[2023-11-23T02:27:32.884+0000] {logging_mixin.py:154} INFO - [2023-11-23T02:27:32.883+0000] {dag.py:2941} INFO - Sync 1 DAGs
[2023-11-23T02:27:33.695+0000] {logging_mixin.py:154} INFO - [2023-11-23T02:27:33.694+0000] {dag.py:3722} INFO - Setting next_dagrun for example_dag_decorator to None, run_after=None
[2023-11-23T02:27:33.744+0000] {processor.py:179} INFO - Processing /home/airflow/.local/lib/python3.8/site-packages/airflow/example_dags/example_dag_decorator.py took 2.157 seconds
[2023-11-23T02:28:04.988+0000] {processor.py:157} INFO - Started process (PID=353) to work on /home/airflow/.local/lib/python3.8/site-packages/airflow/example_dags/example_dag_decorator.py
[2023-11-23T02:28:04.989+0000] {processor.py:829} INFO - Processing file /home/airflow/.local/lib/python3.8/site-packages/airflow/example_dags/example_dag_decorator.py for tasks to queue
[2023-11-23T02:28:04.992+0000] {logging_mixin.py:154} INFO - [2023-11-23T02:28:04.992+0000] {dagbag.py:536} INFO - Filling up the DagBag from /home/airflow/.local/lib/python3.8/site-packages/airflow/example_dags/example_dag_decorator.py
[2023-11-23T02:28:05.192+0000] {processor.py:839} INFO - DAG(s) dict_keys(['example_dag_decorator']) retrieved from /home/airflow/.local/lib/python3.8/site-packages/airflow/example_dags/example_dag_decorator.py
[2023-11-23T02:28:05.345+0000] {logging_mixin.py:154} INFO - [2023-11-23T02:28:05.344+0000] {dag.py:2941} INFO - Sync 1 DAGs
[2023-11-23T02:28:05.390+0000] {logging_mixin.py:154} INFO - [2023-11-23T02:28:05.389+0000] {dag.py:3722} INFO - Setting next_dagrun for example_dag_decorator to None, run_after=None
[2023-11-23T02:28:05.434+0000] {processor.py:179} INFO - Processing /home/airflow/.local/lib/python3.8/site-packages/airflow/example_dags/example_dag_decorator.py took 0.451 seconds
[2023-11-23T02:28:35.788+0000] {processor.py:157} INFO - Started process (PID=406) to work on /home/airflow/.local/lib/python3.8/site-packages/airflow/example_dags/example_dag_decorator.py
[2023-11-23T02:28:35.789+0000] {processor.py:829} INFO - Processing file /home/airflow/.local/lib/python3.8/site-packages/airflow/example_dags/example_dag_decorator.py for tasks to queue
[2023-11-23T02:28:35.801+0000] {logging_mixin.py:154} INFO - [2023-11-23T02:28:35.801+0000] {dagbag.py:536} INFO - Filling up the DagBag from /home/airflow/.local/lib/python3.8/site-packages/airflow/example_dags/example_dag_decorator.py
[2023-11-23T02:28:36.034+0000] {processor.py:839} INFO - DAG(s) dict_keys(['example_dag_decorator']) retrieved from /home/airflow/.local/lib/python3.8/site-packages/airflow/example_dags/example_dag_decorator.py
[2023-11-23T02:28:36.599+0000] {logging_mixin.py:154} INFO - [2023-11-23T02:28:36.598+0000] {dag.py:2941} INFO - Sync 1 DAGs
[2023-11-23T02:28:36.623+0000] {logging_mixin.py:154} INFO - [2023-11-23T02:28:36.623+0000] {dag.py:3722} INFO - Setting next_dagrun for example_dag_decorator to None, run_after=None
[2023-11-23T02:28:36.663+0000] {processor.py:179} INFO - Processing /home/airflow/.local/lib/python3.8/site-packages/airflow/example_dags/example_dag_decorator.py took 0.891 seconds
[2023-11-23T02:29:07.159+0000] {processor.py:157} INFO - Started process (PID=463) to work on /home/airflow/.local/lib/python3.8/site-packages/airflow/example_dags/example_dag_decorator.py
[2023-11-23T02:29:07.160+0000] {processor.py:829} INFO - Processing file /home/airflow/.local/lib/python3.8/site-packages/airflow/example_dags/example_dag_decorator.py for tasks to queue
[2023-11-23T02:29:07.164+0000] {logging_mixin.py:154} INFO - [2023-11-23T02:29:07.163+0000] {dagbag.py:536} INFO - Filling up the DagBag from /home/airflow/.local/lib/python3.8/site-packages/airflow/example_dags/example_dag_decorator.py
[2023-11-23T02:29:07.294+0000] {processor.py:839} INFO - DAG(s) dict_keys(['example_dag_decorator']) retrieved from /home/airflow/.local/lib/python3.8/site-packages/airflow/example_dags/example_dag_decorator.py
[2023-11-23T02:29:07.563+0000] {logging_mixin.py:154} INFO - [2023-11-23T02:29:07.563+0000] {dag.py:2941} INFO - Sync 1 DAGs
[2023-11-23T02:29:07.918+0000] {logging_mixin.py:154} INFO - [2023-11-23T02:29:07.918+0000] {dag.py:3722} INFO - Setting next_dagrun for example_dag_decorator to None, run_after=None
[2023-11-23T02:29:07.965+0000] {processor.py:179} INFO - Processing /home/airflow/.local/lib/python3.8/site-packages/airflow/example_dags/example_dag_decorator.py took 0.812 seconds
[2023-11-23T02:29:38.348+0000] {processor.py:157} INFO - Started process (PID=519) to work on /home/airflow/.local/lib/python3.8/site-packages/airflow/example_dags/example_dag_decorator.py
[2023-11-23T02:29:38.350+0000] {processor.py:829} INFO - Processing file /home/airflow/.local/lib/python3.8/site-packages/airflow/example_dags/example_dag_decorator.py for tasks to queue
[2023-11-23T02:29:38.353+0000] {logging_mixin.py:154} INFO - [2023-11-23T02:29:38.353+0000] {dagbag.py:536} INFO - Filling up the DagBag from /home/airflow/.local/lib/python3.8/site-packages/airflow/example_dags/example_dag_decorator.py
[2023-11-23T02:29:38.449+0000] {processor.py:839} INFO - DAG(s) dict_keys(['example_dag_decorator']) retrieved from /home/airflow/.local/lib/python3.8/site-packages/airflow/example_dags/example_dag_decorator.py
[2023-11-23T02:29:38.768+0000] {logging_mixin.py:154} INFO - [2023-11-23T02:29:38.767+0000] {dag.py:2941} INFO - Sync 1 DAGs
[2023-11-23T02:29:38.783+0000] {logging_mixin.py:154} INFO - [2023-11-23T02:29:38.783+0000] {dag.py:3722} INFO - Setting next_dagrun for example_dag_decorator to None, run_after=None
[2023-11-23T02:29:38.807+0000] {processor.py:179} INFO - Processing /home/airflow/.local/lib/python3.8/site-packages/airflow/example_dags/example_dag_decorator.py took 0.463 seconds
[2023-11-23T02:30:09.555+0000] {processor.py:157} INFO - Started process (PID=574) to work on /home/airflow/.local/lib/python3.8/site-packages/airflow/example_dags/example_dag_decorator.py
[2023-11-23T02:30:09.558+0000] {processor.py:829} INFO - Processing file /home/airflow/.local/lib/python3.8/site-packages/airflow/example_dags/example_dag_decorator.py for tasks to queue
[2023-11-23T02:30:09.569+0000] {logging_mixin.py:154} INFO - [2023-11-23T02:30:09.563+0000] {dagbag.py:536} INFO - Filling up the DagBag from /home/airflow/.local/lib/python3.8/site-packages/airflow/example_dags/example_dag_decorator.py
[2023-11-23T02:30:09.745+0000] {processor.py:839} INFO - DAG(s) dict_keys(['example_dag_decorator']) retrieved from /home/airflow/.local/lib/python3.8/site-packages/airflow/example_dags/example_dag_decorator.py
[2023-11-23T02:30:10.852+0000] {logging_mixin.py:154} INFO - [2023-11-23T02:30:10.852+0000] {dag.py:2941} INFO - Sync 1 DAGs
[2023-11-23T02:30:10.871+0000] {logging_mixin.py:154} INFO - [2023-11-23T02:30:10.871+0000] {dag.py:3722} INFO - Setting next_dagrun for example_dag_decorator to None, run_after=None
[2023-11-23T02:30:10.912+0000] {processor.py:179} INFO - Processing /home/airflow/.local/lib/python3.8/site-packages/airflow/example_dags/example_dag_decorator.py took 1.364 seconds
[2023-11-23T02:30:41.927+0000] {processor.py:157} INFO - Started process (PID=631) to work on /home/airflow/.local/lib/python3.8/site-packages/airflow/example_dags/example_dag_decorator.py
[2023-11-23T02:30:41.930+0000] {processor.py:829} INFO - Processing file /home/airflow/.local/lib/python3.8/site-packages/airflow/example_dags/example_dag_decorator.py for tasks to queue
[2023-11-23T02:30:41.935+0000] {logging_mixin.py:154} INFO - [2023-11-23T02:30:41.934+0000] {dagbag.py:536} INFO - Filling up the DagBag from /home/airflow/.local/lib/python3.8/site-packages/airflow/example_dags/example_dag_decorator.py
[2023-11-23T02:30:42.097+0000] {processor.py:839} INFO - DAG(s) dict_keys(['example_dag_decorator']) retrieved from /home/airflow/.local/lib/python3.8/site-packages/airflow/example_dags/example_dag_decorator.py
[2023-11-23T02:30:42.727+0000] {logging_mixin.py:154} INFO - [2023-11-23T02:30:42.726+0000] {dag.py:2941} INFO - Sync 1 DAGs
[2023-11-23T02:30:42.754+0000] {logging_mixin.py:154} INFO - [2023-11-23T02:30:42.754+0000] {dag.py:3722} INFO - Setting next_dagrun for example_dag_decorator to None, run_after=None
[2023-11-23T02:30:42.797+0000] {processor.py:179} INFO - Processing /home/airflow/.local/lib/python3.8/site-packages/airflow/example_dags/example_dag_decorator.py took 0.876 seconds
[2023-11-23T02:31:14.389+0000] {processor.py:157} INFO - Started process (PID=689) to work on /home/airflow/.local/lib/python3.8/site-packages/airflow/example_dags/example_dag_decorator.py
[2023-11-23T02:31:14.391+0000] {processor.py:829} INFO - Processing file /home/airflow/.local/lib/python3.8/site-packages/airflow/example_dags/example_dag_decorator.py for tasks to queue
[2023-11-23T02:31:14.395+0000] {logging_mixin.py:154} INFO - [2023-11-23T02:31:14.394+0000] {dagbag.py:536} INFO - Filling up the DagBag from /home/airflow/.local/lib/python3.8/site-packages/airflow/example_dags/example_dag_decorator.py
[2023-11-23T02:31:14.516+0000] {processor.py:839} INFO - DAG(s) dict_keys(['example_dag_decorator']) retrieved from /home/airflow/.local/lib/python3.8/site-packages/airflow/example_dags/example_dag_decorator.py
[2023-11-23T02:31:15.282+0000] {logging_mixin.py:154} INFO - [2023-11-23T02:31:15.281+0000] {dag.py:2941} INFO - Sync 1 DAGs
[2023-11-23T02:31:15.302+0000] {logging_mixin.py:154} INFO - [2023-11-23T02:31:15.302+0000] {dag.py:3722} INFO - Setting next_dagrun for example_dag_decorator to None, run_after=None
[2023-11-23T02:31:15.434+0000] {processor.py:179} INFO - Processing /home/airflow/.local/lib/python3.8/site-packages/airflow/example_dags/example_dag_decorator.py took 1.049 seconds
[2023-11-23T02:31:45.992+0000] {processor.py:157} INFO - Started process (PID=743) to work on /home/airflow/.local/lib/python3.8/site-packages/airflow/example_dags/example_dag_decorator.py
[2023-11-23T02:31:45.996+0000] {processor.py:829} INFO - Processing file /home/airflow/.local/lib/python3.8/site-packages/airflow/example_dags/example_dag_decorator.py for tasks to queue
[2023-11-23T02:31:45.999+0000] {logging_mixin.py:154} INFO - [2023-11-23T02:31:45.999+0000] {dagbag.py:536} INFO - Filling up the DagBag from /home/airflow/.local/lib/python3.8/site-packages/airflow/example_dags/example_dag_decorator.py
[2023-11-23T02:31:46.087+0000] {processor.py:839} INFO - DAG(s) dict_keys(['example_dag_decorator']) retrieved from /home/airflow/.local/lib/python3.8/site-packages/airflow/example_dags/example_dag_decorator.py
[2023-11-23T02:31:46.372+0000] {logging_mixin.py:154} INFO - [2023-11-23T02:31:46.371+0000] {dag.py:2941} INFO - Sync 1 DAGs
[2023-11-23T02:31:46.383+0000] {logging_mixin.py:154} INFO - [2023-11-23T02:31:46.383+0000] {dag.py:3722} INFO - Setting next_dagrun for example_dag_decorator to None, run_after=None
[2023-11-23T02:31:46.409+0000] {processor.py:179} INFO - Processing /home/airflow/.local/lib/python3.8/site-packages/airflow/example_dags/example_dag_decorator.py took 0.422 seconds
[2023-11-23T03:44:18.186+0000] {processor.py:157} INFO - Started process (PID=80) to work on /home/airflow/.local/lib/python3.8/site-packages/airflow/example_dags/example_dag_decorator.py
[2023-11-23T03:44:18.200+0000] {processor.py:829} INFO - Processing file /home/airflow/.local/lib/python3.8/site-packages/airflow/example_dags/example_dag_decorator.py for tasks to queue
[2023-11-23T03:44:18.263+0000] {logging_mixin.py:154} INFO - [2023-11-23T03:44:18.262+0000] {dagbag.py:536} INFO - Filling up the DagBag from /home/airflow/.local/lib/python3.8/site-packages/airflow/example_dags/example_dag_decorator.py
[2023-11-23T03:44:20.568+0000] {processor.py:839} INFO - DAG(s) dict_keys(['example_dag_decorator']) retrieved from /home/airflow/.local/lib/python3.8/site-packages/airflow/example_dags/example_dag_decorator.py
[2023-11-23T03:44:24.493+0000] {logging_mixin.py:154} INFO - [2023-11-23T03:44:24.490+0000] {dag.py:2941} INFO - Sync 1 DAGs
[2023-11-23T03:44:24.568+0000] {logging_mixin.py:154} INFO - [2023-11-23T03:44:24.568+0000] {dag.py:3722} INFO - Setting next_dagrun for example_dag_decorator to None, run_after=None
[2023-11-23T03:44:24.635+0000] {processor.py:179} INFO - Processing /home/airflow/.local/lib/python3.8/site-packages/airflow/example_dags/example_dag_decorator.py took 6.502 seconds
[2023-11-23T03:44:55.019+0000] {processor.py:157} INFO - Started process (PID=137) to work on /home/airflow/.local/lib/python3.8/site-packages/airflow/example_dags/example_dag_decorator.py
[2023-11-23T03:44:55.022+0000] {processor.py:829} INFO - Processing file /home/airflow/.local/lib/python3.8/site-packages/airflow/example_dags/example_dag_decorator.py for tasks to queue
[2023-11-23T03:44:55.028+0000] {logging_mixin.py:154} INFO - [2023-11-23T03:44:55.027+0000] {dagbag.py:536} INFO - Filling up the DagBag from /home/airflow/.local/lib/python3.8/site-packages/airflow/example_dags/example_dag_decorator.py
[2023-11-23T03:44:55.243+0000] {processor.py:839} INFO - DAG(s) dict_keys(['example_dag_decorator']) retrieved from /home/airflow/.local/lib/python3.8/site-packages/airflow/example_dags/example_dag_decorator.py
[2023-11-23T03:44:55.561+0000] {logging_mixin.py:154} INFO - [2023-11-23T03:44:55.560+0000] {dag.py:2941} INFO - Sync 1 DAGs
[2023-11-23T03:44:55.580+0000] {logging_mixin.py:154} INFO - [2023-11-23T03:44:55.580+0000] {dag.py:3722} INFO - Setting next_dagrun for example_dag_decorator to None, run_after=None
[2023-11-23T03:44:55.621+0000] {processor.py:179} INFO - Processing /home/airflow/.local/lib/python3.8/site-packages/airflow/example_dags/example_dag_decorator.py took 0.611 seconds
[2023-11-23T04:15:42.995+0000] {processor.py:157} INFO - Started process (PID=199) to work on /home/airflow/.local/lib/python3.8/site-packages/airflow/example_dags/example_dag_decorator.py
[2023-11-23T04:15:42.997+0000] {processor.py:829} INFO - Processing file /home/airflow/.local/lib/python3.8/site-packages/airflow/example_dags/example_dag_decorator.py for tasks to queue
[2023-11-23T04:15:43.002+0000] {logging_mixin.py:154} INFO - [2023-11-23T04:15:43.001+0000] {dagbag.py:536} INFO - Filling up the DagBag from /home/airflow/.local/lib/python3.8/site-packages/airflow/example_dags/example_dag_decorator.py
[2023-11-23T04:15:43.164+0000] {processor.py:839} INFO - DAG(s) dict_keys(['example_dag_decorator']) retrieved from /home/airflow/.local/lib/python3.8/site-packages/airflow/example_dags/example_dag_decorator.py
[2023-11-23T04:15:43.873+0000] {logging_mixin.py:154} INFO - [2023-11-23T04:15:43.873+0000] {dag.py:2941} INFO - Sync 1 DAGs
[2023-11-23T04:15:43.894+0000] {logging_mixin.py:154} INFO - [2023-11-23T04:15:43.894+0000] {dag.py:3722} INFO - Setting next_dagrun for example_dag_decorator to None, run_after=None
[2023-11-23T04:15:43.933+0000] {processor.py:179} INFO - Processing /home/airflow/.local/lib/python3.8/site-packages/airflow/example_dags/example_dag_decorator.py took 0.945 seconds
[2023-11-23T04:16:14.460+0000] {processor.py:157} INFO - Started process (PID=254) to work on /home/airflow/.local/lib/python3.8/site-packages/airflow/example_dags/example_dag_decorator.py
[2023-11-23T04:16:14.462+0000] {processor.py:829} INFO - Processing file /home/airflow/.local/lib/python3.8/site-packages/airflow/example_dags/example_dag_decorator.py for tasks to queue
[2023-11-23T04:16:14.467+0000] {logging_mixin.py:154} INFO - [2023-11-23T04:16:14.467+0000] {dagbag.py:536} INFO - Filling up the DagBag from /home/airflow/.local/lib/python3.8/site-packages/airflow/example_dags/example_dag_decorator.py
[2023-11-23T04:16:14.696+0000] {processor.py:839} INFO - DAG(s) dict_keys(['example_dag_decorator']) retrieved from /home/airflow/.local/lib/python3.8/site-packages/airflow/example_dags/example_dag_decorator.py
[2023-11-23T04:16:15.125+0000] {logging_mixin.py:154} INFO - [2023-11-23T04:16:15.124+0000] {dag.py:2941} INFO - Sync 1 DAGs
[2023-11-23T04:16:15.136+0000] {logging_mixin.py:154} INFO - [2023-11-23T04:16:15.136+0000] {dag.py:3722} INFO - Setting next_dagrun for example_dag_decorator to None, run_after=None
[2023-11-23T04:16:15.161+0000] {processor.py:179} INFO - Processing /home/airflow/.local/lib/python3.8/site-packages/airflow/example_dags/example_dag_decorator.py took 0.710 seconds
[2023-11-23T04:16:45.205+0000] {processor.py:157} INFO - Started process (PID=311) to work on /home/airflow/.local/lib/python3.8/site-packages/airflow/example_dags/example_dag_decorator.py
[2023-11-23T04:16:45.207+0000] {processor.py:829} INFO - Processing file /home/airflow/.local/lib/python3.8/site-packages/airflow/example_dags/example_dag_decorator.py for tasks to queue
[2023-11-23T04:16:45.211+0000] {logging_mixin.py:154} INFO - [2023-11-23T04:16:45.210+0000] {dagbag.py:536} INFO - Filling up the DagBag from /home/airflow/.local/lib/python3.8/site-packages/airflow/example_dags/example_dag_decorator.py
[2023-11-23T04:16:45.321+0000] {processor.py:839} INFO - DAG(s) dict_keys(['example_dag_decorator']) retrieved from /home/airflow/.local/lib/python3.8/site-packages/airflow/example_dags/example_dag_decorator.py
[2023-11-23T04:16:45.678+0000] {logging_mixin.py:154} INFO - [2023-11-23T04:16:45.678+0000] {dag.py:2941} INFO - Sync 1 DAGs
[2023-11-23T04:16:45.690+0000] {logging_mixin.py:154} INFO - [2023-11-23T04:16:45.690+0000] {dag.py:3722} INFO - Setting next_dagrun for example_dag_decorator to None, run_after=None
[2023-11-23T04:16:45.721+0000] {processor.py:179} INFO - Processing /home/airflow/.local/lib/python3.8/site-packages/airflow/example_dags/example_dag_decorator.py took 0.522 seconds
[2023-11-23T04:17:15.809+0000] {processor.py:157} INFO - Started process (PID=364) to work on /home/airflow/.local/lib/python3.8/site-packages/airflow/example_dags/example_dag_decorator.py
[2023-11-23T04:17:15.811+0000] {processor.py:829} INFO - Processing file /home/airflow/.local/lib/python3.8/site-packages/airflow/example_dags/example_dag_decorator.py for tasks to queue
[2023-11-23T04:17:15.816+0000] {logging_mixin.py:154} INFO - [2023-11-23T04:17:15.816+0000] {dagbag.py:536} INFO - Filling up the DagBag from /home/airflow/.local/lib/python3.8/site-packages/airflow/example_dags/example_dag_decorator.py
[2023-11-23T04:17:15.967+0000] {processor.py:839} INFO - DAG(s) dict_keys(['example_dag_decorator']) retrieved from /home/airflow/.local/lib/python3.8/site-packages/airflow/example_dags/example_dag_decorator.py
[2023-11-23T04:17:16.457+0000] {logging_mixin.py:154} INFO - [2023-11-23T04:17:16.456+0000] {dag.py:2941} INFO - Sync 1 DAGs
[2023-11-23T04:17:16.508+0000] {logging_mixin.py:154} INFO - [2023-11-23T04:17:16.507+0000] {dag.py:3722} INFO - Setting next_dagrun for example_dag_decorator to None, run_after=None
[2023-11-23T04:17:16.557+0000] {processor.py:179} INFO - Processing /home/airflow/.local/lib/python3.8/site-packages/airflow/example_dags/example_dag_decorator.py took 0.754 seconds
[2023-11-23T04:17:47.483+0000] {processor.py:157} INFO - Started process (PID=426) to work on /home/airflow/.local/lib/python3.8/site-packages/airflow/example_dags/example_dag_decorator.py
[2023-11-23T04:17:47.484+0000] {processor.py:829} INFO - Processing file /home/airflow/.local/lib/python3.8/site-packages/airflow/example_dags/example_dag_decorator.py for tasks to queue
[2023-11-23T04:17:47.490+0000] {logging_mixin.py:154} INFO - [2023-11-23T04:17:47.489+0000] {dagbag.py:536} INFO - Filling up the DagBag from /home/airflow/.local/lib/python3.8/site-packages/airflow/example_dags/example_dag_decorator.py
[2023-11-23T04:17:47.625+0000] {processor.py:839} INFO - DAG(s) dict_keys(['example_dag_decorator']) retrieved from /home/airflow/.local/lib/python3.8/site-packages/airflow/example_dags/example_dag_decorator.py
[2023-11-23T04:17:48.050+0000] {logging_mixin.py:154} INFO - [2023-11-23T04:17:48.049+0000] {dag.py:2941} INFO - Sync 1 DAGs
[2023-11-23T04:17:48.073+0000] {logging_mixin.py:154} INFO - [2023-11-23T04:17:48.073+0000] {dag.py:3722} INFO - Setting next_dagrun for example_dag_decorator to None, run_after=None
[2023-11-23T04:17:48.110+0000] {processor.py:179} INFO - Processing /home/airflow/.local/lib/python3.8/site-packages/airflow/example_dags/example_dag_decorator.py took 0.632 seconds
[2023-11-23T04:18:18.530+0000] {processor.py:157} INFO - Started process (PID=480) to work on /home/airflow/.local/lib/python3.8/site-packages/airflow/example_dags/example_dag_decorator.py
[2023-11-23T04:18:18.532+0000] {processor.py:829} INFO - Processing file /home/airflow/.local/lib/python3.8/site-packages/airflow/example_dags/example_dag_decorator.py for tasks to queue
[2023-11-23T04:18:18.538+0000] {logging_mixin.py:154} INFO - [2023-11-23T04:18:18.538+0000] {dagbag.py:536} INFO - Filling up the DagBag from /home/airflow/.local/lib/python3.8/site-packages/airflow/example_dags/example_dag_decorator.py
[2023-11-23T04:18:18.711+0000] {processor.py:839} INFO - DAG(s) dict_keys(['example_dag_decorator']) retrieved from /home/airflow/.local/lib/python3.8/site-packages/airflow/example_dags/example_dag_decorator.py
[2023-11-23T04:18:19.178+0000] {logging_mixin.py:154} INFO - [2023-11-23T04:18:19.178+0000] {dag.py:2941} INFO - Sync 1 DAGs
[2023-11-23T04:18:19.192+0000] {logging_mixin.py:154} INFO - [2023-11-23T04:18:19.191+0000] {dag.py:3722} INFO - Setting next_dagrun for example_dag_decorator to None, run_after=None
[2023-11-23T04:18:19.229+0000] {processor.py:179} INFO - Processing /home/airflow/.local/lib/python3.8/site-packages/airflow/example_dags/example_dag_decorator.py took 0.711 seconds
[2023-11-23T04:18:49.852+0000] {processor.py:157} INFO - Started process (PID=529) to work on /home/airflow/.local/lib/python3.8/site-packages/airflow/example_dags/example_dag_decorator.py
[2023-11-23T04:18:49.854+0000] {processor.py:829} INFO - Processing file /home/airflow/.local/lib/python3.8/site-packages/airflow/example_dags/example_dag_decorator.py for tasks to queue
[2023-11-23T04:18:49.860+0000] {logging_mixin.py:154} INFO - [2023-11-23T04:18:49.859+0000] {dagbag.py:536} INFO - Filling up the DagBag from /home/airflow/.local/lib/python3.8/site-packages/airflow/example_dags/example_dag_decorator.py
[2023-11-23T04:18:50.084+0000] {processor.py:839} INFO - DAG(s) dict_keys(['example_dag_decorator']) retrieved from /home/airflow/.local/lib/python3.8/site-packages/airflow/example_dags/example_dag_decorator.py
[2023-11-23T04:18:50.863+0000] {logging_mixin.py:154} INFO - [2023-11-23T04:18:50.862+0000] {dag.py:2941} INFO - Sync 1 DAGs
[2023-11-23T04:18:50.881+0000] {logging_mixin.py:154} INFO - [2023-11-23T04:18:50.880+0000] {dag.py:3722} INFO - Setting next_dagrun for example_dag_decorator to None, run_after=None
[2023-11-23T04:18:50.918+0000] {processor.py:179} INFO - Processing /home/airflow/.local/lib/python3.8/site-packages/airflow/example_dags/example_dag_decorator.py took 1.075 seconds
[2023-11-23T04:19:22.258+0000] {processor.py:157} INFO - Started process (PID=584) to work on /home/airflow/.local/lib/python3.8/site-packages/airflow/example_dags/example_dag_decorator.py
[2023-11-23T04:19:22.261+0000] {processor.py:829} INFO - Processing file /home/airflow/.local/lib/python3.8/site-packages/airflow/example_dags/example_dag_decorator.py for tasks to queue
[2023-11-23T04:19:22.278+0000] {logging_mixin.py:154} INFO - [2023-11-23T04:19:22.277+0000] {dagbag.py:536} INFO - Filling up the DagBag from /home/airflow/.local/lib/python3.8/site-packages/airflow/example_dags/example_dag_decorator.py
[2023-11-23T04:19:22.773+0000] {processor.py:839} INFO - DAG(s) dict_keys(['example_dag_decorator']) retrieved from /home/airflow/.local/lib/python3.8/site-packages/airflow/example_dags/example_dag_decorator.py
[2023-11-23T04:19:23.216+0000] {logging_mixin.py:154} INFO - [2023-11-23T04:19:23.216+0000] {dag.py:2941} INFO - Sync 1 DAGs
[2023-11-23T04:19:23.241+0000] {logging_mixin.py:154} INFO - [2023-11-23T04:19:23.241+0000] {dag.py:3722} INFO - Setting next_dagrun for example_dag_decorator to None, run_after=None
[2023-11-23T04:19:23.278+0000] {processor.py:179} INFO - Processing /home/airflow/.local/lib/python3.8/site-packages/airflow/example_dags/example_dag_decorator.py took 1.030 seconds
[2023-11-23T04:19:53.487+0000] {processor.py:157} INFO - Started process (PID=638) to work on /home/airflow/.local/lib/python3.8/site-packages/airflow/example_dags/example_dag_decorator.py
[2023-11-23T04:19:53.490+0000] {processor.py:829} INFO - Processing file /home/airflow/.local/lib/python3.8/site-packages/airflow/example_dags/example_dag_decorator.py for tasks to queue
[2023-11-23T04:19:53.499+0000] {logging_mixin.py:154} INFO - [2023-11-23T04:19:53.499+0000] {dagbag.py:536} INFO - Filling up the DagBag from /home/airflow/.local/lib/python3.8/site-packages/airflow/example_dags/example_dag_decorator.py
[2023-11-23T04:19:53.842+0000] {processor.py:839} INFO - DAG(s) dict_keys(['example_dag_decorator']) retrieved from /home/airflow/.local/lib/python3.8/site-packages/airflow/example_dags/example_dag_decorator.py
[2023-11-23T04:19:54.978+0000] {logging_mixin.py:154} INFO - [2023-11-23T04:19:54.977+0000] {dag.py:2941} INFO - Sync 1 DAGs
[2023-11-23T04:19:55.035+0000] {logging_mixin.py:154} INFO - [2023-11-23T04:19:55.035+0000] {dag.py:3722} INFO - Setting next_dagrun for example_dag_decorator to None, run_after=None
[2023-11-23T04:19:55.148+0000] {processor.py:179} INFO - Processing /home/airflow/.local/lib/python3.8/site-packages/airflow/example_dags/example_dag_decorator.py took 1.676 seconds
[2023-11-23T04:20:25.908+0000] {processor.py:157} INFO - Started process (PID=693) to work on /home/airflow/.local/lib/python3.8/site-packages/airflow/example_dags/example_dag_decorator.py
[2023-11-23T04:20:25.911+0000] {processor.py:829} INFO - Processing file /home/airflow/.local/lib/python3.8/site-packages/airflow/example_dags/example_dag_decorator.py for tasks to queue
[2023-11-23T04:20:25.917+0000] {logging_mixin.py:154} INFO - [2023-11-23T04:20:25.916+0000] {dagbag.py:536} INFO - Filling up the DagBag from /home/airflow/.local/lib/python3.8/site-packages/airflow/example_dags/example_dag_decorator.py
[2023-11-23T04:20:26.068+0000] {processor.py:839} INFO - DAG(s) dict_keys(['example_dag_decorator']) retrieved from /home/airflow/.local/lib/python3.8/site-packages/airflow/example_dags/example_dag_decorator.py
[2023-11-23T04:20:26.576+0000] {logging_mixin.py:154} INFO - [2023-11-23T04:20:26.576+0000] {dag.py:2941} INFO - Sync 1 DAGs
[2023-11-23T04:20:26.595+0000] {logging_mixin.py:154} INFO - [2023-11-23T04:20:26.595+0000] {dag.py:3722} INFO - Setting next_dagrun for example_dag_decorator to None, run_after=None
[2023-11-23T04:20:26.631+0000] {processor.py:179} INFO - Processing /home/airflow/.local/lib/python3.8/site-packages/airflow/example_dags/example_dag_decorator.py took 0.730 seconds
[2023-11-23T04:20:56.830+0000] {processor.py:157} INFO - Started process (PID=747) to work on /home/airflow/.local/lib/python3.8/site-packages/airflow/example_dags/example_dag_decorator.py
[2023-11-23T04:20:56.839+0000] {processor.py:829} INFO - Processing file /home/airflow/.local/lib/python3.8/site-packages/airflow/example_dags/example_dag_decorator.py for tasks to queue
[2023-11-23T04:20:56.890+0000] {logging_mixin.py:154} INFO - [2023-11-23T04:20:56.889+0000] {dagbag.py:536} INFO - Filling up the DagBag from /home/airflow/.local/lib/python3.8/site-packages/airflow/example_dags/example_dag_decorator.py
[2023-11-23T04:20:57.233+0000] {processor.py:839} INFO - DAG(s) dict_keys(['example_dag_decorator']) retrieved from /home/airflow/.local/lib/python3.8/site-packages/airflow/example_dags/example_dag_decorator.py
[2023-11-23T04:20:57.953+0000] {logging_mixin.py:154} INFO - [2023-11-23T04:20:57.953+0000] {dag.py:2941} INFO - Sync 1 DAGs
[2023-11-23T04:20:57.991+0000] {logging_mixin.py:154} INFO - [2023-11-23T04:20:57.990+0000] {dag.py:3722} INFO - Setting next_dagrun for example_dag_decorator to None, run_after=None
[2023-11-23T04:20:58.031+0000] {processor.py:179} INFO - Processing /home/airflow/.local/lib/python3.8/site-packages/airflow/example_dags/example_dag_decorator.py took 1.212 seconds
[2023-11-23T04:21:31.105+0000] {processor.py:157} INFO - Started process (PID=797) to work on /home/airflow/.local/lib/python3.8/site-packages/airflow/example_dags/example_dag_decorator.py
[2023-11-23T04:21:31.118+0000] {processor.py:829} INFO - Processing file /home/airflow/.local/lib/python3.8/site-packages/airflow/example_dags/example_dag_decorator.py for tasks to queue
[2023-11-23T04:21:31.167+0000] {logging_mixin.py:154} INFO - [2023-11-23T04:21:31.166+0000] {dagbag.py:536} INFO - Filling up the DagBag from /home/airflow/.local/lib/python3.8/site-packages/airflow/example_dags/example_dag_decorator.py
[2023-11-23T04:21:31.463+0000] {processor.py:839} INFO - DAG(s) dict_keys(['example_dag_decorator']) retrieved from /home/airflow/.local/lib/python3.8/site-packages/airflow/example_dags/example_dag_decorator.py
[2023-11-23T04:21:33.869+0000] {logging_mixin.py:154} INFO - [2023-11-23T04:21:33.869+0000] {dag.py:2941} INFO - Sync 1 DAGs
[2023-11-23T04:21:33.921+0000] {logging_mixin.py:154} INFO - [2023-11-23T04:21:33.921+0000] {dag.py:3722} INFO - Setting next_dagrun for example_dag_decorator to None, run_after=None
[2023-11-23T04:21:34.135+0000] {processor.py:179} INFO - Processing /home/airflow/.local/lib/python3.8/site-packages/airflow/example_dags/example_dag_decorator.py took 3.049 seconds
[2023-11-23T04:22:04.543+0000] {processor.py:157} INFO - Started process (PID=852) to work on /home/airflow/.local/lib/python3.8/site-packages/airflow/example_dags/example_dag_decorator.py
[2023-11-23T04:22:04.562+0000] {processor.py:829} INFO - Processing file /home/airflow/.local/lib/python3.8/site-packages/airflow/example_dags/example_dag_decorator.py for tasks to queue
[2023-11-23T04:22:04.569+0000] {logging_mixin.py:154} INFO - [2023-11-23T04:22:04.568+0000] {dagbag.py:536} INFO - Filling up the DagBag from /home/airflow/.local/lib/python3.8/site-packages/airflow/example_dags/example_dag_decorator.py
[2023-11-23T04:22:06.720+0000] {processor.py:839} INFO - DAG(s) dict_keys(['example_dag_decorator']) retrieved from /home/airflow/.local/lib/python3.8/site-packages/airflow/example_dags/example_dag_decorator.py
[2023-11-23T04:22:10.885+0000] {logging_mixin.py:154} INFO - [2023-11-23T04:22:10.885+0000] {dag.py:2941} INFO - Sync 1 DAGs
[2023-11-23T04:22:10.928+0000] {logging_mixin.py:154} INFO - [2023-11-23T04:22:10.928+0000] {dag.py:3722} INFO - Setting next_dagrun for example_dag_decorator to None, run_after=None
[2023-11-23T04:22:11.023+0000] {processor.py:179} INFO - Processing /home/airflow/.local/lib/python3.8/site-packages/airflow/example_dags/example_dag_decorator.py took 6.489 seconds
