[2023-11-23T02:25:10.707+0000] {processor.py:157} INFO - Started process (PID=56) to work on /home/airflow/.local/lib/python3.8/site-packages/airflow/example_dags/example_short_circuit_operator.py
[2023-11-23T02:25:10.728+0000] {processor.py:829} INFO - Processing file /home/airflow/.local/lib/python3.8/site-packages/airflow/example_dags/example_short_circuit_operator.py for tasks to queue
[2023-11-23T02:25:10.739+0000] {logging_mixin.py:154} INFO - [2023-11-23T02:25:10.739+0000] {dagbag.py:536} INFO - Filling up the DagBag from /home/airflow/.local/lib/python3.8/site-packages/airflow/example_dags/example_short_circuit_operator.py
[2023-11-23T02:25:10.804+0000] {processor.py:839} INFO - DAG(s) dict_keys(['example_short_circuit_operator']) retrieved from /home/airflow/.local/lib/python3.8/site-packages/airflow/example_dags/example_short_circuit_operator.py
[2023-11-23T02:25:11.759+0000] {logging_mixin.py:154} INFO - [2023-11-23T02:25:11.759+0000] {manager.py:499} INFO - Created Permission View: %s
[2023-11-23T02:25:11.799+0000] {logging_mixin.py:154} INFO - [2023-11-23T02:25:11.799+0000] {manager.py:499} INFO - Created Permission View: %s
[2023-11-23T02:25:11.831+0000] {logging_mixin.py:154} INFO - [2023-11-23T02:25:11.831+0000] {manager.py:499} INFO - Created Permission View: %s
[2023-11-23T02:25:11.834+0000] {logging_mixin.py:154} INFO - [2023-11-23T02:25:11.834+0000] {dag.py:2941} INFO - Sync 1 DAGs
[2023-11-23T02:25:11.883+0000] {logging_mixin.py:154} INFO - [2023-11-23T02:25:11.882+0000] {dag.py:2963} INFO - Creating ORM DAG for example_short_circuit_operator
[2023-11-23T02:25:11.936+0000] {logging_mixin.py:154} INFO - [2023-11-23T02:25:11.935+0000] {dag.py:3722} INFO - Setting next_dagrun for example_short_circuit_operator to 2023-11-22T02:25:11.935293+00:00, run_after=2023-11-23T02:25:11.935293+00:00
[2023-11-23T02:25:12.002+0000] {processor.py:179} INFO - Processing /home/airflow/.local/lib/python3.8/site-packages/airflow/example_dags/example_short_circuit_operator.py took 1.300 seconds
[2023-11-23T02:25:42.122+0000] {processor.py:157} INFO - Started process (PID=111) to work on /home/airflow/.local/lib/python3.8/site-packages/airflow/example_dags/example_short_circuit_operator.py
[2023-11-23T02:25:42.133+0000] {processor.py:829} INFO - Processing file /home/airflow/.local/lib/python3.8/site-packages/airflow/example_dags/example_short_circuit_operator.py for tasks to queue
[2023-11-23T02:25:42.137+0000] {logging_mixin.py:154} INFO - [2023-11-23T02:25:42.136+0000] {dagbag.py:536} INFO - Filling up the DagBag from /home/airflow/.local/lib/python3.8/site-packages/airflow/example_dags/example_short_circuit_operator.py
[2023-11-23T02:25:42.167+0000] {processor.py:839} INFO - DAG(s) dict_keys(['example_short_circuit_operator']) retrieved from /home/airflow/.local/lib/python3.8/site-packages/airflow/example_dags/example_short_circuit_operator.py
[2023-11-23T02:25:42.225+0000] {logging_mixin.py:154} INFO - [2023-11-23T02:25:42.225+0000] {dag.py:2941} INFO - Sync 1 DAGs
[2023-11-23T02:25:42.279+0000] {logging_mixin.py:154} INFO - [2023-11-23T02:25:42.279+0000] {dag.py:3722} INFO - Setting next_dagrun for example_short_circuit_operator to 2023-11-22T02:25:42.279099+00:00, run_after=2023-11-23T02:25:42.279099+00:00
[2023-11-23T02:25:42.316+0000] {processor.py:179} INFO - Processing /home/airflow/.local/lib/python3.8/site-packages/airflow/example_dags/example_short_circuit_operator.py took 0.199 seconds
[2023-11-23T02:26:13.212+0000] {processor.py:157} INFO - Started process (PID=165) to work on /home/airflow/.local/lib/python3.8/site-packages/airflow/example_dags/example_short_circuit_operator.py
[2023-11-23T02:26:13.248+0000] {processor.py:829} INFO - Processing file /home/airflow/.local/lib/python3.8/site-packages/airflow/example_dags/example_short_circuit_operator.py for tasks to queue
[2023-11-23T02:26:13.295+0000] {logging_mixin.py:154} INFO - [2023-11-23T02:26:13.294+0000] {dagbag.py:536} INFO - Filling up the DagBag from /home/airflow/.local/lib/python3.8/site-packages/airflow/example_dags/example_short_circuit_operator.py
[2023-11-23T02:26:13.321+0000] {processor.py:839} INFO - DAG(s) dict_keys(['example_short_circuit_operator']) retrieved from /home/airflow/.local/lib/python3.8/site-packages/airflow/example_dags/example_short_circuit_operator.py
[2023-11-23T02:26:13.389+0000] {logging_mixin.py:154} INFO - [2023-11-23T02:26:13.389+0000] {dag.py:2941} INFO - Sync 1 DAGs
[2023-11-23T02:26:13.602+0000] {logging_mixin.py:154} INFO - [2023-11-23T02:26:13.601+0000] {dag.py:3722} INFO - Setting next_dagrun for example_short_circuit_operator to 2023-11-22T02:26:13.601057+00:00, run_after=2023-11-23T02:26:13.601057+00:00
[2023-11-23T02:26:13.768+0000] {processor.py:179} INFO - Processing /home/airflow/.local/lib/python3.8/site-packages/airflow/example_dags/example_short_circuit_operator.py took 0.605 seconds
[2023-11-23T02:26:44.600+0000] {processor.py:157} INFO - Started process (PID=219) to work on /home/airflow/.local/lib/python3.8/site-packages/airflow/example_dags/example_short_circuit_operator.py
[2023-11-23T02:26:44.650+0000] {processor.py:829} INFO - Processing file /home/airflow/.local/lib/python3.8/site-packages/airflow/example_dags/example_short_circuit_operator.py for tasks to queue
[2023-11-23T02:26:44.697+0000] {logging_mixin.py:154} INFO - [2023-11-23T02:26:44.696+0000] {dagbag.py:536} INFO - Filling up the DagBag from /home/airflow/.local/lib/python3.8/site-packages/airflow/example_dags/example_short_circuit_operator.py
[2023-11-23T02:26:44.769+0000] {processor.py:839} INFO - DAG(s) dict_keys(['example_short_circuit_operator']) retrieved from /home/airflow/.local/lib/python3.8/site-packages/airflow/example_dags/example_short_circuit_operator.py
[2023-11-23T02:26:45.408+0000] {logging_mixin.py:154} INFO - [2023-11-23T02:26:45.406+0000] {dag.py:2941} INFO - Sync 1 DAGs
[2023-11-23T02:26:46.782+0000] {logging_mixin.py:154} INFO - [2023-11-23T02:26:46.781+0000] {dag.py:3722} INFO - Setting next_dagrun for example_short_circuit_operator to 2023-11-22T02:26:46.780492+00:00, run_after=2023-11-23T02:26:46.780492+00:00
[2023-11-23T02:26:47.079+0000] {processor.py:179} INFO - Processing /home/airflow/.local/lib/python3.8/site-packages/airflow/example_dags/example_short_circuit_operator.py took 2.498 seconds
[2023-11-23T02:27:17.746+0000] {processor.py:157} INFO - Started process (PID=273) to work on /home/airflow/.local/lib/python3.8/site-packages/airflow/example_dags/example_short_circuit_operator.py
[2023-11-23T02:27:17.754+0000] {processor.py:829} INFO - Processing file /home/airflow/.local/lib/python3.8/site-packages/airflow/example_dags/example_short_circuit_operator.py for tasks to queue
[2023-11-23T02:27:17.762+0000] {logging_mixin.py:154} INFO - [2023-11-23T02:27:17.761+0000] {dagbag.py:536} INFO - Filling up the DagBag from /home/airflow/.local/lib/python3.8/site-packages/airflow/example_dags/example_short_circuit_operator.py
[2023-11-23T02:27:17.787+0000] {processor.py:839} INFO - DAG(s) dict_keys(['example_short_circuit_operator']) retrieved from /home/airflow/.local/lib/python3.8/site-packages/airflow/example_dags/example_short_circuit_operator.py
[2023-11-23T02:27:17.881+0000] {logging_mixin.py:154} INFO - [2023-11-23T02:27:17.879+0000] {dag.py:2941} INFO - Sync 1 DAGs
[2023-11-23T02:27:17.945+0000] {logging_mixin.py:154} INFO - [2023-11-23T02:27:17.945+0000] {dag.py:3722} INFO - Setting next_dagrun for example_short_circuit_operator to 2023-11-22T02:27:17.944100+00:00, run_after=2023-11-23T02:27:17.944100+00:00
[2023-11-23T02:27:17.983+0000] {processor.py:179} INFO - Processing /home/airflow/.local/lib/python3.8/site-packages/airflow/example_dags/example_short_circuit_operator.py took 0.244 seconds
[2023-11-23T02:27:48.193+0000] {processor.py:157} INFO - Started process (PID=327) to work on /home/airflow/.local/lib/python3.8/site-packages/airflow/example_dags/example_short_circuit_operator.py
[2023-11-23T02:27:48.202+0000] {processor.py:829} INFO - Processing file /home/airflow/.local/lib/python3.8/site-packages/airflow/example_dags/example_short_circuit_operator.py for tasks to queue
[2023-11-23T02:27:48.208+0000] {logging_mixin.py:154} INFO - [2023-11-23T02:27:48.207+0000] {dagbag.py:536} INFO - Filling up the DagBag from /home/airflow/.local/lib/python3.8/site-packages/airflow/example_dags/example_short_circuit_operator.py
[2023-11-23T02:27:48.247+0000] {processor.py:839} INFO - DAG(s) dict_keys(['example_short_circuit_operator']) retrieved from /home/airflow/.local/lib/python3.8/site-packages/airflow/example_dags/example_short_circuit_operator.py
[2023-11-23T02:27:48.333+0000] {logging_mixin.py:154} INFO - [2023-11-23T02:27:48.333+0000] {dag.py:2941} INFO - Sync 1 DAGs
[2023-11-23T02:27:48.395+0000] {logging_mixin.py:154} INFO - [2023-11-23T02:27:48.394+0000] {dag.py:3722} INFO - Setting next_dagrun for example_short_circuit_operator to 2023-11-22T02:27:48.394298+00:00, run_after=2023-11-23T02:27:48.394298+00:00
[2023-11-23T02:27:48.445+0000] {processor.py:179} INFO - Processing /home/airflow/.local/lib/python3.8/site-packages/airflow/example_dags/example_short_circuit_operator.py took 0.260 seconds
[2023-11-23T02:28:18.741+0000] {processor.py:157} INFO - Started process (PID=380) to work on /home/airflow/.local/lib/python3.8/site-packages/airflow/example_dags/example_short_circuit_operator.py
[2023-11-23T02:28:18.747+0000] {processor.py:829} INFO - Processing file /home/airflow/.local/lib/python3.8/site-packages/airflow/example_dags/example_short_circuit_operator.py for tasks to queue
[2023-11-23T02:28:18.761+0000] {logging_mixin.py:154} INFO - [2023-11-23T02:28:18.761+0000] {dagbag.py:536} INFO - Filling up the DagBag from /home/airflow/.local/lib/python3.8/site-packages/airflow/example_dags/example_short_circuit_operator.py
[2023-11-23T02:28:18.775+0000] {processor.py:839} INFO - DAG(s) dict_keys(['example_short_circuit_operator']) retrieved from /home/airflow/.local/lib/python3.8/site-packages/airflow/example_dags/example_short_circuit_operator.py
[2023-11-23T02:28:18.848+0000] {logging_mixin.py:154} INFO - [2023-11-23T02:28:18.847+0000] {dag.py:2941} INFO - Sync 1 DAGs
[2023-11-23T02:28:18.919+0000] {logging_mixin.py:154} INFO - [2023-11-23T02:28:18.918+0000] {dag.py:3722} INFO - Setting next_dagrun for example_short_circuit_operator to 2023-11-22T02:28:18.918589+00:00, run_after=2023-11-23T02:28:18.918589+00:00
[2023-11-23T02:28:18.956+0000] {processor.py:179} INFO - Processing /home/airflow/.local/lib/python3.8/site-packages/airflow/example_dags/example_short_circuit_operator.py took 0.220 seconds
[2023-11-23T02:28:49.295+0000] {processor.py:157} INFO - Started process (PID=433) to work on /home/airflow/.local/lib/python3.8/site-packages/airflow/example_dags/example_short_circuit_operator.py
[2023-11-23T02:28:49.297+0000] {processor.py:829} INFO - Processing file /home/airflow/.local/lib/python3.8/site-packages/airflow/example_dags/example_short_circuit_operator.py for tasks to queue
[2023-11-23T02:28:49.300+0000] {logging_mixin.py:154} INFO - [2023-11-23T02:28:49.300+0000] {dagbag.py:536} INFO - Filling up the DagBag from /home/airflow/.local/lib/python3.8/site-packages/airflow/example_dags/example_short_circuit_operator.py
[2023-11-23T02:28:49.310+0000] {processor.py:839} INFO - DAG(s) dict_keys(['example_short_circuit_operator']) retrieved from /home/airflow/.local/lib/python3.8/site-packages/airflow/example_dags/example_short_circuit_operator.py
[2023-11-23T02:28:49.342+0000] {logging_mixin.py:154} INFO - [2023-11-23T02:28:49.341+0000] {dag.py:2941} INFO - Sync 1 DAGs
[2023-11-23T02:28:49.369+0000] {logging_mixin.py:154} INFO - [2023-11-23T02:28:49.368+0000] {dag.py:3722} INFO - Setting next_dagrun for example_short_circuit_operator to 2023-11-22T02:28:49.368442+00:00, run_after=2023-11-23T02:28:49.368442+00:00
[2023-11-23T02:28:49.396+0000] {processor.py:179} INFO - Processing /home/airflow/.local/lib/python3.8/site-packages/airflow/example_dags/example_short_circuit_operator.py took 0.105 seconds
[2023-11-23T02:29:19.573+0000] {processor.py:157} INFO - Started process (PID=487) to work on /home/airflow/.local/lib/python3.8/site-packages/airflow/example_dags/example_short_circuit_operator.py
[2023-11-23T02:29:19.584+0000] {processor.py:829} INFO - Processing file /home/airflow/.local/lib/python3.8/site-packages/airflow/example_dags/example_short_circuit_operator.py for tasks to queue
[2023-11-23T02:29:19.588+0000] {logging_mixin.py:154} INFO - [2023-11-23T02:29:19.588+0000] {dagbag.py:536} INFO - Filling up the DagBag from /home/airflow/.local/lib/python3.8/site-packages/airflow/example_dags/example_short_circuit_operator.py
[2023-11-23T02:29:19.598+0000] {processor.py:839} INFO - DAG(s) dict_keys(['example_short_circuit_operator']) retrieved from /home/airflow/.local/lib/python3.8/site-packages/airflow/example_dags/example_short_circuit_operator.py
[2023-11-23T02:29:19.626+0000] {logging_mixin.py:154} INFO - [2023-11-23T02:29:19.626+0000] {dag.py:2941} INFO - Sync 1 DAGs
[2023-11-23T02:29:19.652+0000] {logging_mixin.py:154} INFO - [2023-11-23T02:29:19.651+0000] {dag.py:3722} INFO - Setting next_dagrun for example_short_circuit_operator to 2023-11-22T02:29:19.651342+00:00, run_after=2023-11-23T02:29:19.651342+00:00
[2023-11-23T02:29:19.677+0000] {processor.py:179} INFO - Processing /home/airflow/.local/lib/python3.8/site-packages/airflow/example_dags/example_short_circuit_operator.py took 0.114 seconds
[2023-11-23T02:29:50.415+0000] {processor.py:157} INFO - Started process (PID=541) to work on /home/airflow/.local/lib/python3.8/site-packages/airflow/example_dags/example_short_circuit_operator.py
[2023-11-23T02:29:50.421+0000] {processor.py:829} INFO - Processing file /home/airflow/.local/lib/python3.8/site-packages/airflow/example_dags/example_short_circuit_operator.py for tasks to queue
[2023-11-23T02:29:50.439+0000] {logging_mixin.py:154} INFO - [2023-11-23T02:29:50.438+0000] {dagbag.py:536} INFO - Filling up the DagBag from /home/airflow/.local/lib/python3.8/site-packages/airflow/example_dags/example_short_circuit_operator.py
[2023-11-23T02:29:50.473+0000] {processor.py:839} INFO - DAG(s) dict_keys(['example_short_circuit_operator']) retrieved from /home/airflow/.local/lib/python3.8/site-packages/airflow/example_dags/example_short_circuit_operator.py
[2023-11-23T02:29:50.570+0000] {logging_mixin.py:154} INFO - [2023-11-23T02:29:50.570+0000] {dag.py:2941} INFO - Sync 1 DAGs
[2023-11-23T02:29:50.628+0000] {logging_mixin.py:154} INFO - [2023-11-23T02:29:50.628+0000] {dag.py:3722} INFO - Setting next_dagrun for example_short_circuit_operator to 2023-11-22T02:29:50.627400+00:00, run_after=2023-11-23T02:29:50.627400+00:00
[2023-11-23T02:29:50.666+0000] {processor.py:179} INFO - Processing /home/airflow/.local/lib/python3.8/site-packages/airflow/example_dags/example_short_circuit_operator.py took 0.308 seconds
[2023-11-23T02:30:21.727+0000] {processor.py:157} INFO - Started process (PID=595) to work on /home/airflow/.local/lib/python3.8/site-packages/airflow/example_dags/example_short_circuit_operator.py
[2023-11-23T02:30:21.734+0000] {processor.py:829} INFO - Processing file /home/airflow/.local/lib/python3.8/site-packages/airflow/example_dags/example_short_circuit_operator.py for tasks to queue
[2023-11-23T02:30:21.746+0000] {logging_mixin.py:154} INFO - [2023-11-23T02:30:21.746+0000] {dagbag.py:536} INFO - Filling up the DagBag from /home/airflow/.local/lib/python3.8/site-packages/airflow/example_dags/example_short_circuit_operator.py
[2023-11-23T02:30:21.783+0000] {processor.py:839} INFO - DAG(s) dict_keys(['example_short_circuit_operator']) retrieved from /home/airflow/.local/lib/python3.8/site-packages/airflow/example_dags/example_short_circuit_operator.py
[2023-11-23T02:30:21.945+0000] {logging_mixin.py:154} INFO - [2023-11-23T02:30:21.944+0000] {dag.py:2941} INFO - Sync 1 DAGs
[2023-11-23T02:30:22.023+0000] {logging_mixin.py:154} INFO - [2023-11-23T02:30:22.022+0000] {dag.py:3722} INFO - Setting next_dagrun for example_short_circuit_operator to 2023-11-22T02:30:22.021970+00:00, run_after=2023-11-23T02:30:22.021970+00:00
[2023-11-23T02:30:22.074+0000] {processor.py:179} INFO - Processing /home/airflow/.local/lib/python3.8/site-packages/airflow/example_dags/example_short_circuit_operator.py took 0.363 seconds
[2023-11-23T02:30:52.493+0000] {processor.py:157} INFO - Started process (PID=648) to work on /home/airflow/.local/lib/python3.8/site-packages/airflow/example_dags/example_short_circuit_operator.py
[2023-11-23T02:30:52.548+0000] {processor.py:829} INFO - Processing file /home/airflow/.local/lib/python3.8/site-packages/airflow/example_dags/example_short_circuit_operator.py for tasks to queue
[2023-11-23T02:30:52.555+0000] {logging_mixin.py:154} INFO - [2023-11-23T02:30:52.555+0000] {dagbag.py:536} INFO - Filling up the DagBag from /home/airflow/.local/lib/python3.8/site-packages/airflow/example_dags/example_short_circuit_operator.py
[2023-11-23T02:30:52.697+0000] {processor.py:839} INFO - DAG(s) dict_keys(['example_short_circuit_operator']) retrieved from /home/airflow/.local/lib/python3.8/site-packages/airflow/example_dags/example_short_circuit_operator.py
[2023-11-23T02:30:52.908+0000] {logging_mixin.py:154} INFO - [2023-11-23T02:30:52.908+0000] {dag.py:2941} INFO - Sync 1 DAGs
[2023-11-23T02:30:53.042+0000] {logging_mixin.py:154} INFO - [2023-11-23T02:30:53.042+0000] {dag.py:3722} INFO - Setting next_dagrun for example_short_circuit_operator to 2023-11-22T02:30:53.042146+00:00, run_after=2023-11-23T02:30:53.042146+00:00
[2023-11-23T02:30:53.156+0000] {processor.py:179} INFO - Processing /home/airflow/.local/lib/python3.8/site-packages/airflow/example_dags/example_short_circuit_operator.py took 0.668 seconds
[2023-11-23T02:31:23.250+0000] {processor.py:157} INFO - Started process (PID=702) to work on /home/airflow/.local/lib/python3.8/site-packages/airflow/example_dags/example_short_circuit_operator.py
[2023-11-23T02:31:23.252+0000] {processor.py:829} INFO - Processing file /home/airflow/.local/lib/python3.8/site-packages/airflow/example_dags/example_short_circuit_operator.py for tasks to queue
[2023-11-23T02:31:23.257+0000] {logging_mixin.py:154} INFO - [2023-11-23T02:31:23.257+0000] {dagbag.py:536} INFO - Filling up the DagBag from /home/airflow/.local/lib/python3.8/site-packages/airflow/example_dags/example_short_circuit_operator.py
[2023-11-23T02:31:23.269+0000] {processor.py:839} INFO - DAG(s) dict_keys(['example_short_circuit_operator']) retrieved from /home/airflow/.local/lib/python3.8/site-packages/airflow/example_dags/example_short_circuit_operator.py
[2023-11-23T02:31:23.310+0000] {logging_mixin.py:154} INFO - [2023-11-23T02:31:23.310+0000] {dag.py:2941} INFO - Sync 1 DAGs
[2023-11-23T02:31:23.360+0000] {logging_mixin.py:154} INFO - [2023-11-23T02:31:23.360+0000] {dag.py:3722} INFO - Setting next_dagrun for example_short_circuit_operator to 2023-11-22T02:31:23.360134+00:00, run_after=2023-11-23T02:31:23.360134+00:00
[2023-11-23T02:31:23.456+0000] {processor.py:179} INFO - Processing /home/airflow/.local/lib/python3.8/site-packages/airflow/example_dags/example_short_circuit_operator.py took 0.214 seconds
[2023-11-23T03:44:10.269+0000] {processor.py:157} INFO - Started process (PID=62) to work on /home/airflow/.local/lib/python3.8/site-packages/airflow/example_dags/example_short_circuit_operator.py
[2023-11-23T03:44:10.305+0000] {processor.py:829} INFO - Processing file /home/airflow/.local/lib/python3.8/site-packages/airflow/example_dags/example_short_circuit_operator.py for tasks to queue
[2023-11-23T03:44:10.354+0000] {logging_mixin.py:154} INFO - [2023-11-23T03:44:10.354+0000] {dagbag.py:536} INFO - Filling up the DagBag from /home/airflow/.local/lib/python3.8/site-packages/airflow/example_dags/example_short_circuit_operator.py
[2023-11-23T03:44:10.438+0000] {processor.py:839} INFO - DAG(s) dict_keys(['example_short_circuit_operator']) retrieved from /home/airflow/.local/lib/python3.8/site-packages/airflow/example_dags/example_short_circuit_operator.py
[2023-11-23T03:44:10.678+0000] {logging_mixin.py:154} INFO - [2023-11-23T03:44:10.677+0000] {dag.py:2941} INFO - Sync 1 DAGs
[2023-11-23T03:44:10.810+0000] {logging_mixin.py:154} INFO - [2023-11-23T03:44:10.809+0000] {dag.py:3722} INFO - Setting next_dagrun for example_short_circuit_operator to 2023-11-22T03:44:10.808321+00:00, run_after=2023-11-23T03:44:10.808321+00:00
[2023-11-23T03:44:10.939+0000] {processor.py:179} INFO - Processing /home/airflow/.local/lib/python3.8/site-packages/airflow/example_dags/example_short_circuit_operator.py took 0.732 seconds
[2023-11-23T03:44:51.760+0000] {processor.py:157} INFO - Started process (PID=123) to work on /home/airflow/.local/lib/python3.8/site-packages/airflow/example_dags/example_short_circuit_operator.py
[2023-11-23T03:44:51.769+0000] {processor.py:829} INFO - Processing file /home/airflow/.local/lib/python3.8/site-packages/airflow/example_dags/example_short_circuit_operator.py for tasks to queue
[2023-11-23T03:44:51.782+0000] {logging_mixin.py:154} INFO - [2023-11-23T03:44:51.781+0000] {dagbag.py:536} INFO - Filling up the DagBag from /home/airflow/.local/lib/python3.8/site-packages/airflow/example_dags/example_short_circuit_operator.py
[2023-11-23T03:44:51.825+0000] {processor.py:839} INFO - DAG(s) dict_keys(['example_short_circuit_operator']) retrieved from /home/airflow/.local/lib/python3.8/site-packages/airflow/example_dags/example_short_circuit_operator.py
[2023-11-23T03:44:51.926+0000] {logging_mixin.py:154} INFO - [2023-11-23T03:44:51.925+0000] {dag.py:2941} INFO - Sync 1 DAGs
[2023-11-23T03:44:51.999+0000] {logging_mixin.py:154} INFO - [2023-11-23T03:44:51.999+0000] {dag.py:3722} INFO - Setting next_dagrun for example_short_circuit_operator to 2023-11-22T03:44:51.998874+00:00, run_after=2023-11-23T03:44:51.998874+00:00
[2023-11-23T03:44:52.034+0000] {processor.py:179} INFO - Processing /home/airflow/.local/lib/python3.8/site-packages/airflow/example_dags/example_short_circuit_operator.py took 0.288 seconds
[2023-11-23T04:15:41.755+0000] {processor.py:157} INFO - Started process (PID=188) to work on /home/airflow/.local/lib/python3.8/site-packages/airflow/example_dags/example_short_circuit_operator.py
[2023-11-23T04:15:41.757+0000] {processor.py:829} INFO - Processing file /home/airflow/.local/lib/python3.8/site-packages/airflow/example_dags/example_short_circuit_operator.py for tasks to queue
[2023-11-23T04:15:41.761+0000] {logging_mixin.py:154} INFO - [2023-11-23T04:15:41.760+0000] {dagbag.py:536} INFO - Filling up the DagBag from /home/airflow/.local/lib/python3.8/site-packages/airflow/example_dags/example_short_circuit_operator.py
[2023-11-23T04:15:41.777+0000] {processor.py:839} INFO - DAG(s) dict_keys(['example_short_circuit_operator']) retrieved from /home/airflow/.local/lib/python3.8/site-packages/airflow/example_dags/example_short_circuit_operator.py
[2023-11-23T04:15:41.836+0000] {logging_mixin.py:154} INFO - [2023-11-23T04:15:41.836+0000] {dag.py:2941} INFO - Sync 1 DAGs
[2023-11-23T04:15:41.886+0000] {logging_mixin.py:154} INFO - [2023-11-23T04:15:41.886+0000] {dag.py:3722} INFO - Setting next_dagrun for example_short_circuit_operator to 2023-11-22T04:15:41.885450+00:00, run_after=2023-11-23T04:15:41.885450+00:00
[2023-11-23T04:15:41.921+0000] {processor.py:179} INFO - Processing /home/airflow/.local/lib/python3.8/site-packages/airflow/example_dags/example_short_circuit_operator.py took 0.173 seconds
[2023-11-23T04:16:12.006+0000] {processor.py:157} INFO - Started process (PID=241) to work on /home/airflow/.local/lib/python3.8/site-packages/airflow/example_dags/example_short_circuit_operator.py
[2023-11-23T04:16:12.009+0000] {processor.py:829} INFO - Processing file /home/airflow/.local/lib/python3.8/site-packages/airflow/example_dags/example_short_circuit_operator.py for tasks to queue
[2023-11-23T04:16:12.013+0000] {logging_mixin.py:154} INFO - [2023-11-23T04:16:12.013+0000] {dagbag.py:536} INFO - Filling up the DagBag from /home/airflow/.local/lib/python3.8/site-packages/airflow/example_dags/example_short_circuit_operator.py
[2023-11-23T04:16:12.028+0000] {processor.py:839} INFO - DAG(s) dict_keys(['example_short_circuit_operator']) retrieved from /home/airflow/.local/lib/python3.8/site-packages/airflow/example_dags/example_short_circuit_operator.py
[2023-11-23T04:16:12.078+0000] {logging_mixin.py:154} INFO - [2023-11-23T04:16:12.078+0000] {dag.py:2941} INFO - Sync 1 DAGs
[2023-11-23T04:16:12.116+0000] {logging_mixin.py:154} INFO - [2023-11-23T04:16:12.115+0000] {dag.py:3722} INFO - Setting next_dagrun for example_short_circuit_operator to 2023-11-22T04:16:12.115302+00:00, run_after=2023-11-23T04:16:12.115302+00:00
[2023-11-23T04:16:12.143+0000] {processor.py:179} INFO - Processing /home/airflow/.local/lib/python3.8/site-packages/airflow/example_dags/example_short_circuit_operator.py took 0.142 seconds
[2023-11-23T04:16:42.943+0000] {processor.py:157} INFO - Started process (PID=295) to work on /home/airflow/.local/lib/python3.8/site-packages/airflow/example_dags/example_short_circuit_operator.py
[2023-11-23T04:16:42.945+0000] {processor.py:829} INFO - Processing file /home/airflow/.local/lib/python3.8/site-packages/airflow/example_dags/example_short_circuit_operator.py for tasks to queue
[2023-11-23T04:16:42.948+0000] {logging_mixin.py:154} INFO - [2023-11-23T04:16:42.947+0000] {dagbag.py:536} INFO - Filling up the DagBag from /home/airflow/.local/lib/python3.8/site-packages/airflow/example_dags/example_short_circuit_operator.py
[2023-11-23T04:16:42.965+0000] {processor.py:839} INFO - DAG(s) dict_keys(['example_short_circuit_operator']) retrieved from /home/airflow/.local/lib/python3.8/site-packages/airflow/example_dags/example_short_circuit_operator.py
[2023-11-23T04:16:42.996+0000] {logging_mixin.py:154} INFO - [2023-11-23T04:16:42.996+0000] {dag.py:2941} INFO - Sync 1 DAGs
[2023-11-23T04:16:43.029+0000] {logging_mixin.py:154} INFO - [2023-11-23T04:16:43.028+0000] {dag.py:3722} INFO - Setting next_dagrun for example_short_circuit_operator to 2023-11-22T04:16:43.028701+00:00, run_after=2023-11-23T04:16:43.028701+00:00
[2023-11-23T04:16:43.067+0000] {processor.py:179} INFO - Processing /home/airflow/.local/lib/python3.8/site-packages/airflow/example_dags/example_short_circuit_operator.py took 0.128 seconds
[2023-11-23T04:17:14.019+0000] {processor.py:157} INFO - Started process (PID=349) to work on /home/airflow/.local/lib/python3.8/site-packages/airflow/example_dags/example_short_circuit_operator.py
[2023-11-23T04:17:14.031+0000] {processor.py:829} INFO - Processing file /home/airflow/.local/lib/python3.8/site-packages/airflow/example_dags/example_short_circuit_operator.py for tasks to queue
[2023-11-23T04:17:14.035+0000] {logging_mixin.py:154} INFO - [2023-11-23T04:17:14.035+0000] {dagbag.py:536} INFO - Filling up the DagBag from /home/airflow/.local/lib/python3.8/site-packages/airflow/example_dags/example_short_circuit_operator.py
[2023-11-23T04:17:14.052+0000] {processor.py:839} INFO - DAG(s) dict_keys(['example_short_circuit_operator']) retrieved from /home/airflow/.local/lib/python3.8/site-packages/airflow/example_dags/example_short_circuit_operator.py
[2023-11-23T04:17:14.112+0000] {logging_mixin.py:154} INFO - [2023-11-23T04:17:14.112+0000] {dag.py:2941} INFO - Sync 1 DAGs
[2023-11-23T04:17:14.148+0000] {logging_mixin.py:154} INFO - [2023-11-23T04:17:14.147+0000] {dag.py:3722} INFO - Setting next_dagrun for example_short_circuit_operator to 2023-11-22T04:17:14.147006+00:00, run_after=2023-11-23T04:17:14.147006+00:00
[2023-11-23T04:17:14.192+0000] {processor.py:179} INFO - Processing /home/airflow/.local/lib/python3.8/site-packages/airflow/example_dags/example_short_circuit_operator.py took 0.186 seconds
[2023-11-23T04:17:44.729+0000] {processor.py:157} INFO - Started process (PID=403) to work on /home/airflow/.local/lib/python3.8/site-packages/airflow/example_dags/example_short_circuit_operator.py
[2023-11-23T04:17:44.731+0000] {processor.py:829} INFO - Processing file /home/airflow/.local/lib/python3.8/site-packages/airflow/example_dags/example_short_circuit_operator.py for tasks to queue
[2023-11-23T04:17:44.735+0000] {logging_mixin.py:154} INFO - [2023-11-23T04:17:44.734+0000] {dagbag.py:536} INFO - Filling up the DagBag from /home/airflow/.local/lib/python3.8/site-packages/airflow/example_dags/example_short_circuit_operator.py
[2023-11-23T04:17:44.745+0000] {processor.py:839} INFO - DAG(s) dict_keys(['example_short_circuit_operator']) retrieved from /home/airflow/.local/lib/python3.8/site-packages/airflow/example_dags/example_short_circuit_operator.py
[2023-11-23T04:17:44.782+0000] {logging_mixin.py:154} INFO - [2023-11-23T04:17:44.782+0000] {dag.py:2941} INFO - Sync 1 DAGs
[2023-11-23T04:17:44.816+0000] {logging_mixin.py:154} INFO - [2023-11-23T04:17:44.815+0000] {dag.py:3722} INFO - Setting next_dagrun for example_short_circuit_operator to 2023-11-22T04:17:44.815549+00:00, run_after=2023-11-23T04:17:44.815549+00:00
[2023-11-23T04:17:44.836+0000] {processor.py:179} INFO - Processing /home/airflow/.local/lib/python3.8/site-packages/airflow/example_dags/example_short_circuit_operator.py took 0.115 seconds
[2023-11-23T04:18:15.891+0000] {processor.py:157} INFO - Started process (PID=456) to work on /home/airflow/.local/lib/python3.8/site-packages/airflow/example_dags/example_short_circuit_operator.py
[2023-11-23T04:18:15.894+0000] {processor.py:829} INFO - Processing file /home/airflow/.local/lib/python3.8/site-packages/airflow/example_dags/example_short_circuit_operator.py for tasks to queue
[2023-11-23T04:18:15.905+0000] {logging_mixin.py:154} INFO - [2023-11-23T04:18:15.904+0000] {dagbag.py:536} INFO - Filling up the DagBag from /home/airflow/.local/lib/python3.8/site-packages/airflow/example_dags/example_short_circuit_operator.py
[2023-11-23T04:18:15.924+0000] {processor.py:839} INFO - DAG(s) dict_keys(['example_short_circuit_operator']) retrieved from /home/airflow/.local/lib/python3.8/site-packages/airflow/example_dags/example_short_circuit_operator.py
[2023-11-23T04:18:15.980+0000] {logging_mixin.py:154} INFO - [2023-11-23T04:18:15.980+0000] {dag.py:2941} INFO - Sync 1 DAGs
[2023-11-23T04:18:16.100+0000] {logging_mixin.py:154} INFO - [2023-11-23T04:18:16.099+0000] {dag.py:3722} INFO - Setting next_dagrun for example_short_circuit_operator to 2023-11-22T04:18:16.099024+00:00, run_after=2023-11-23T04:18:16.099024+00:00
[2023-11-23T04:18:16.146+0000] {processor.py:179} INFO - Processing /home/airflow/.local/lib/python3.8/site-packages/airflow/example_dags/example_short_circuit_operator.py took 0.262 seconds
[2023-11-23T04:18:48.177+0000] {processor.py:157} INFO - Started process (PID=517) to work on /home/airflow/.local/lib/python3.8/site-packages/airflow/example_dags/example_short_circuit_operator.py
[2023-11-23T04:18:48.179+0000] {processor.py:829} INFO - Processing file /home/airflow/.local/lib/python3.8/site-packages/airflow/example_dags/example_short_circuit_operator.py for tasks to queue
[2023-11-23T04:18:48.184+0000] {logging_mixin.py:154} INFO - [2023-11-23T04:18:48.183+0000] {dagbag.py:536} INFO - Filling up the DagBag from /home/airflow/.local/lib/python3.8/site-packages/airflow/example_dags/example_short_circuit_operator.py
[2023-11-23T04:18:48.217+0000] {processor.py:839} INFO - DAG(s) dict_keys(['example_short_circuit_operator']) retrieved from /home/airflow/.local/lib/python3.8/site-packages/airflow/example_dags/example_short_circuit_operator.py
[2023-11-23T04:18:48.268+0000] {logging_mixin.py:154} INFO - [2023-11-23T04:18:48.267+0000] {dag.py:2941} INFO - Sync 1 DAGs
[2023-11-23T04:18:48.309+0000] {logging_mixin.py:154} INFO - [2023-11-23T04:18:48.308+0000] {dag.py:3722} INFO - Setting next_dagrun for example_short_circuit_operator to 2023-11-22T04:18:48.307932+00:00, run_after=2023-11-23T04:18:48.307932+00:00
[2023-11-23T04:18:48.350+0000] {processor.py:179} INFO - Processing /home/airflow/.local/lib/python3.8/site-packages/airflow/example_dags/example_short_circuit_operator.py took 0.179 seconds
[2023-11-23T04:19:19.494+0000] {processor.py:157} INFO - Started process (PID=571) to work on /home/airflow/.local/lib/python3.8/site-packages/airflow/example_dags/example_short_circuit_operator.py
[2023-11-23T04:19:19.498+0000] {processor.py:829} INFO - Processing file /home/airflow/.local/lib/python3.8/site-packages/airflow/example_dags/example_short_circuit_operator.py for tasks to queue
[2023-11-23T04:19:19.508+0000] {logging_mixin.py:154} INFO - [2023-11-23T04:19:19.508+0000] {dagbag.py:536} INFO - Filling up the DagBag from /home/airflow/.local/lib/python3.8/site-packages/airflow/example_dags/example_short_circuit_operator.py
[2023-11-23T04:19:19.539+0000] {processor.py:839} INFO - DAG(s) dict_keys(['example_short_circuit_operator']) retrieved from /home/airflow/.local/lib/python3.8/site-packages/airflow/example_dags/example_short_circuit_operator.py
[2023-11-23T04:19:19.625+0000] {logging_mixin.py:154} INFO - [2023-11-23T04:19:19.625+0000] {dag.py:2941} INFO - Sync 1 DAGs
[2023-11-23T04:19:19.701+0000] {logging_mixin.py:154} INFO - [2023-11-23T04:19:19.700+0000] {dag.py:3722} INFO - Setting next_dagrun for example_short_circuit_operator to 2023-11-22T04:19:19.698914+00:00, run_after=2023-11-23T04:19:19.698914+00:00
[2023-11-23T04:19:19.760+0000] {processor.py:179} INFO - Processing /home/airflow/.local/lib/python3.8/site-packages/airflow/example_dags/example_short_circuit_operator.py took 0.277 seconds
[2023-11-23T04:19:49.883+0000] {processor.py:157} INFO - Started process (PID=625) to work on /home/airflow/.local/lib/python3.8/site-packages/airflow/example_dags/example_short_circuit_operator.py
[2023-11-23T04:19:49.885+0000] {processor.py:829} INFO - Processing file /home/airflow/.local/lib/python3.8/site-packages/airflow/example_dags/example_short_circuit_operator.py for tasks to queue
[2023-11-23T04:19:49.890+0000] {logging_mixin.py:154} INFO - [2023-11-23T04:19:49.889+0000] {dagbag.py:536} INFO - Filling up the DagBag from /home/airflow/.local/lib/python3.8/site-packages/airflow/example_dags/example_short_circuit_operator.py
[2023-11-23T04:19:49.906+0000] {processor.py:839} INFO - DAG(s) dict_keys(['example_short_circuit_operator']) retrieved from /home/airflow/.local/lib/python3.8/site-packages/airflow/example_dags/example_short_circuit_operator.py
[2023-11-23T04:19:49.946+0000] {logging_mixin.py:154} INFO - [2023-11-23T04:19:49.946+0000] {dag.py:2941} INFO - Sync 1 DAGs
[2023-11-23T04:19:50.009+0000] {logging_mixin.py:154} INFO - [2023-11-23T04:19:50.009+0000] {dag.py:3722} INFO - Setting next_dagrun for example_short_circuit_operator to 2023-11-22T04:19:50.008872+00:00, run_after=2023-11-23T04:19:50.008872+00:00
[2023-11-23T04:19:50.049+0000] {processor.py:179} INFO - Processing /home/airflow/.local/lib/python3.8/site-packages/airflow/example_dags/example_short_circuit_operator.py took 0.174 seconds
[2023-11-23T04:20:20.970+0000] {processor.py:157} INFO - Started process (PID=678) to work on /home/airflow/.local/lib/python3.8/site-packages/airflow/example_dags/example_short_circuit_operator.py
[2023-11-23T04:20:20.971+0000] {processor.py:829} INFO - Processing file /home/airflow/.local/lib/python3.8/site-packages/airflow/example_dags/example_short_circuit_operator.py for tasks to queue
[2023-11-23T04:20:20.976+0000] {logging_mixin.py:154} INFO - [2023-11-23T04:20:20.975+0000] {dagbag.py:536} INFO - Filling up the DagBag from /home/airflow/.local/lib/python3.8/site-packages/airflow/example_dags/example_short_circuit_operator.py
[2023-11-23T04:20:20.990+0000] {processor.py:839} INFO - DAG(s) dict_keys(['example_short_circuit_operator']) retrieved from /home/airflow/.local/lib/python3.8/site-packages/airflow/example_dags/example_short_circuit_operator.py
[2023-11-23T04:20:21.044+0000] {logging_mixin.py:154} INFO - [2023-11-23T04:20:21.043+0000] {dag.py:2941} INFO - Sync 1 DAGs
[2023-11-23T04:20:21.084+0000] {logging_mixin.py:154} INFO - [2023-11-23T04:20:21.084+0000] {dag.py:3722} INFO - Setting next_dagrun for example_short_circuit_operator to 2023-11-22T04:20:21.084075+00:00, run_after=2023-11-23T04:20:21.084075+00:00
[2023-11-23T04:20:21.117+0000] {processor.py:179} INFO - Processing /home/airflow/.local/lib/python3.8/site-packages/airflow/example_dags/example_short_circuit_operator.py took 0.155 seconds
[2023-11-23T04:20:52.171+0000] {processor.py:157} INFO - Started process (PID=732) to work on /home/airflow/.local/lib/python3.8/site-packages/airflow/example_dags/example_short_circuit_operator.py
[2023-11-23T04:20:52.174+0000] {processor.py:829} INFO - Processing file /home/airflow/.local/lib/python3.8/site-packages/airflow/example_dags/example_short_circuit_operator.py for tasks to queue
[2023-11-23T04:20:52.182+0000] {logging_mixin.py:154} INFO - [2023-11-23T04:20:52.182+0000] {dagbag.py:536} INFO - Filling up the DagBag from /home/airflow/.local/lib/python3.8/site-packages/airflow/example_dags/example_short_circuit_operator.py
[2023-11-23T04:20:52.224+0000] {processor.py:839} INFO - DAG(s) dict_keys(['example_short_circuit_operator']) retrieved from /home/airflow/.local/lib/python3.8/site-packages/airflow/example_dags/example_short_circuit_operator.py
[2023-11-23T04:20:52.274+0000] {logging_mixin.py:154} INFO - [2023-11-23T04:20:52.273+0000] {dag.py:2941} INFO - Sync 1 DAGs
[2023-11-23T04:20:52.319+0000] {logging_mixin.py:154} INFO - [2023-11-23T04:20:52.318+0000] {dag.py:3722} INFO - Setting next_dagrun for example_short_circuit_operator to 2023-11-22T04:20:52.318217+00:00, run_after=2023-11-23T04:20:52.318217+00:00
[2023-11-23T04:20:52.391+0000] {processor.py:179} INFO - Processing /home/airflow/.local/lib/python3.8/site-packages/airflow/example_dags/example_short_circuit_operator.py took 0.233 seconds
[2023-11-23T04:21:27.566+0000] {processor.py:157} INFO - Started process (PID=786) to work on /home/airflow/.local/lib/python3.8/site-packages/airflow/example_dags/example_short_circuit_operator.py
[2023-11-23T04:21:27.573+0000] {processor.py:829} INFO - Processing file /home/airflow/.local/lib/python3.8/site-packages/airflow/example_dags/example_short_circuit_operator.py for tasks to queue
[2023-11-23T04:21:27.627+0000] {logging_mixin.py:154} INFO - [2023-11-23T04:21:27.619+0000] {dagbag.py:536} INFO - Filling up the DagBag from /home/airflow/.local/lib/python3.8/site-packages/airflow/example_dags/example_short_circuit_operator.py
[2023-11-23T04:21:27.652+0000] {processor.py:839} INFO - DAG(s) dict_keys(['example_short_circuit_operator']) retrieved from /home/airflow/.local/lib/python3.8/site-packages/airflow/example_dags/example_short_circuit_operator.py
[2023-11-23T04:21:27.797+0000] {logging_mixin.py:154} INFO - [2023-11-23T04:21:27.796+0000] {dag.py:2941} INFO - Sync 1 DAGs
[2023-11-23T04:21:27.915+0000] {logging_mixin.py:154} INFO - [2023-11-23T04:21:27.915+0000] {dag.py:3722} INFO - Setting next_dagrun for example_short_circuit_operator to 2023-11-22T04:21:27.914936+00:00, run_after=2023-11-23T04:21:27.914936+00:00
[2023-11-23T04:21:28.066+0000] {processor.py:179} INFO - Processing /home/airflow/.local/lib/python3.8/site-packages/airflow/example_dags/example_short_circuit_operator.py took 0.511 seconds
[2023-11-23T04:21:58.721+0000] {processor.py:157} INFO - Started process (PID=840) to work on /home/airflow/.local/lib/python3.8/site-packages/airflow/example_dags/example_short_circuit_operator.py
[2023-11-23T04:21:58.725+0000] {processor.py:829} INFO - Processing file /home/airflow/.local/lib/python3.8/site-packages/airflow/example_dags/example_short_circuit_operator.py for tasks to queue
[2023-11-23T04:21:58.738+0000] {logging_mixin.py:154} INFO - [2023-11-23T04:21:58.737+0000] {dagbag.py:536} INFO - Filling up the DagBag from /home/airflow/.local/lib/python3.8/site-packages/airflow/example_dags/example_short_circuit_operator.py
[2023-11-23T04:21:58.751+0000] {processor.py:839} INFO - DAG(s) dict_keys(['example_short_circuit_operator']) retrieved from /home/airflow/.local/lib/python3.8/site-packages/airflow/example_dags/example_short_circuit_operator.py
[2023-11-23T04:21:58.883+0000] {logging_mixin.py:154} INFO - [2023-11-23T04:21:58.881+0000] {dag.py:2941} INFO - Sync 1 DAGs
[2023-11-23T04:21:58.935+0000] {logging_mixin.py:154} INFO - [2023-11-23T04:21:58.935+0000] {dag.py:3722} INFO - Setting next_dagrun for example_short_circuit_operator to 2023-11-22T04:21:58.934818+00:00, run_after=2023-11-23T04:21:58.934818+00:00
[2023-11-23T04:21:59.891+0000] {processor.py:179} INFO - Processing /home/airflow/.local/lib/python3.8/site-packages/airflow/example_dags/example_short_circuit_operator.py took 1.176 seconds
