[2023-11-23T02:25:17.136+0000] {processor.py:157} INFO - Started process (PID=73) to work on /home/airflow/.local/lib/python3.8/site-packages/airflow/example_dags/example_task_group_decorator.py
[2023-11-23T02:25:17.143+0000] {processor.py:829} INFO - Processing file /home/airflow/.local/lib/python3.8/site-packages/airflow/example_dags/example_task_group_decorator.py for tasks to queue
[2023-11-23T02:25:17.188+0000] {logging_mixin.py:154} INFO - [2023-11-23T02:25:17.187+0000] {dagbag.py:536} INFO - Filling up the DagBag from /home/airflow/.local/lib/python3.8/site-packages/airflow/example_dags/example_task_group_decorator.py
[2023-11-23T02:25:17.331+0000] {processor.py:839} INFO - DAG(s) dict_keys(['example_task_group_decorator']) retrieved from /home/airflow/.local/lib/python3.8/site-packages/airflow/example_dags/example_task_group_decorator.py
[2023-11-23T02:25:17.697+0000] {logging_mixin.py:154} INFO - [2023-11-23T02:25:17.696+0000] {manager.py:499} INFO - Created Permission View: %s
[2023-11-23T02:25:17.722+0000] {logging_mixin.py:154} INFO - [2023-11-23T02:25:17.721+0000] {manager.py:499} INFO - Created Permission View: %s
[2023-11-23T02:25:17.746+0000] {logging_mixin.py:154} INFO - [2023-11-23T02:25:17.746+0000] {manager.py:499} INFO - Created Permission View: %s
[2023-11-23T02:25:17.748+0000] {logging_mixin.py:154} INFO - [2023-11-23T02:25:17.748+0000] {dag.py:2941} INFO - Sync 1 DAGs
[2023-11-23T02:25:17.809+0000] {logging_mixin.py:154} INFO - [2023-11-23T02:25:17.809+0000] {dag.py:2963} INFO - Creating ORM DAG for example_task_group_decorator
[2023-11-23T02:25:17.842+0000] {logging_mixin.py:154} INFO - [2023-11-23T02:25:17.841+0000] {dag.py:3722} INFO - Setting next_dagrun for example_task_group_decorator to 2023-11-22T02:25:17.841592+00:00, run_after=2023-11-23T02:25:17.841592+00:00
[2023-11-23T02:25:17.873+0000] {processor.py:179} INFO - Processing /home/airflow/.local/lib/python3.8/site-packages/airflow/example_dags/example_task_group_decorator.py took 0.771 seconds
[2023-11-23T02:25:52.519+0000] {processor.py:157} INFO - Started process (PID=127) to work on /home/airflow/.local/lib/python3.8/site-packages/airflow/example_dags/example_task_group_decorator.py
[2023-11-23T02:25:52.523+0000] {processor.py:829} INFO - Processing file /home/airflow/.local/lib/python3.8/site-packages/airflow/example_dags/example_task_group_decorator.py for tasks to queue
[2023-11-23T02:25:52.528+0000] {logging_mixin.py:154} INFO - [2023-11-23T02:25:52.527+0000] {dagbag.py:536} INFO - Filling up the DagBag from /home/airflow/.local/lib/python3.8/site-packages/airflow/example_dags/example_task_group_decorator.py
[2023-11-23T02:25:52.694+0000] {processor.py:839} INFO - DAG(s) dict_keys(['example_task_group_decorator']) retrieved from /home/airflow/.local/lib/python3.8/site-packages/airflow/example_dags/example_task_group_decorator.py
[2023-11-23T02:25:52.754+0000] {logging_mixin.py:154} INFO - [2023-11-23T02:25:52.754+0000] {dag.py:2941} INFO - Sync 1 DAGs
[2023-11-23T02:25:52.808+0000] {logging_mixin.py:154} INFO - [2023-11-23T02:25:52.807+0000] {dag.py:3722} INFO - Setting next_dagrun for example_task_group_decorator to 2023-11-22T02:25:52.807399+00:00, run_after=2023-11-23T02:25:52.807399+00:00
[2023-11-23T02:25:52.838+0000] {processor.py:179} INFO - Processing /home/airflow/.local/lib/python3.8/site-packages/airflow/example_dags/example_task_group_decorator.py took 0.328 seconds
[2023-11-23T02:26:23.678+0000] {processor.py:157} INFO - Started process (PID=181) to work on /home/airflow/.local/lib/python3.8/site-packages/airflow/example_dags/example_task_group_decorator.py
[2023-11-23T02:26:23.680+0000] {processor.py:829} INFO - Processing file /home/airflow/.local/lib/python3.8/site-packages/airflow/example_dags/example_task_group_decorator.py for tasks to queue
[2023-11-23T02:26:23.685+0000] {logging_mixin.py:154} INFO - [2023-11-23T02:26:23.684+0000] {dagbag.py:536} INFO - Filling up the DagBag from /home/airflow/.local/lib/python3.8/site-packages/airflow/example_dags/example_task_group_decorator.py
[2023-11-23T02:26:23.755+0000] {processor.py:839} INFO - DAG(s) dict_keys(['example_task_group_decorator']) retrieved from /home/airflow/.local/lib/python3.8/site-packages/airflow/example_dags/example_task_group_decorator.py
[2023-11-23T02:26:23.839+0000] {logging_mixin.py:154} INFO - [2023-11-23T02:26:23.839+0000] {dag.py:2941} INFO - Sync 1 DAGs
[2023-11-23T02:26:23.908+0000] {logging_mixin.py:154} INFO - [2023-11-23T02:26:23.907+0000] {dag.py:3722} INFO - Setting next_dagrun for example_task_group_decorator to 2023-11-22T02:26:23.907184+00:00, run_after=2023-11-23T02:26:23.907184+00:00
[2023-11-23T02:26:23.956+0000] {processor.py:179} INFO - Processing /home/airflow/.local/lib/python3.8/site-packages/airflow/example_dags/example_task_group_decorator.py took 0.284 seconds
[2023-11-23T02:26:54.132+0000] {processor.py:157} INFO - Started process (PID=235) to work on /home/airflow/.local/lib/python3.8/site-packages/airflow/example_dags/example_task_group_decorator.py
[2023-11-23T02:26:54.141+0000] {processor.py:829} INFO - Processing file /home/airflow/.local/lib/python3.8/site-packages/airflow/example_dags/example_task_group_decorator.py for tasks to queue
[2023-11-23T02:26:54.146+0000] {logging_mixin.py:154} INFO - [2023-11-23T02:26:54.145+0000] {dagbag.py:536} INFO - Filling up the DagBag from /home/airflow/.local/lib/python3.8/site-packages/airflow/example_dags/example_task_group_decorator.py
[2023-11-23T02:26:54.235+0000] {processor.py:839} INFO - DAG(s) dict_keys(['example_task_group_decorator']) retrieved from /home/airflow/.local/lib/python3.8/site-packages/airflow/example_dags/example_task_group_decorator.py
[2023-11-23T02:26:54.350+0000] {logging_mixin.py:154} INFO - [2023-11-23T02:26:54.349+0000] {dag.py:2941} INFO - Sync 1 DAGs
[2023-11-23T02:26:54.981+0000] {logging_mixin.py:154} INFO - [2023-11-23T02:26:54.980+0000] {dag.py:3722} INFO - Setting next_dagrun for example_task_group_decorator to 2023-11-22T02:26:54.978725+00:00, run_after=2023-11-23T02:26:54.978725+00:00
[2023-11-23T02:26:56.432+0000] {processor.py:179} INFO - Processing /home/airflow/.local/lib/python3.8/site-packages/airflow/example_dags/example_task_group_decorator.py took 2.318 seconds
[2023-11-23T02:27:27.521+0000] {processor.py:157} INFO - Started process (PID=289) to work on /home/airflow/.local/lib/python3.8/site-packages/airflow/example_dags/example_task_group_decorator.py
[2023-11-23T02:27:27.537+0000] {processor.py:829} INFO - Processing file /home/airflow/.local/lib/python3.8/site-packages/airflow/example_dags/example_task_group_decorator.py for tasks to queue
[2023-11-23T02:27:27.554+0000] {logging_mixin.py:154} INFO - [2023-11-23T02:27:27.553+0000] {dagbag.py:536} INFO - Filling up the DagBag from /home/airflow/.local/lib/python3.8/site-packages/airflow/example_dags/example_task_group_decorator.py
[2023-11-23T02:27:27.633+0000] {processor.py:839} INFO - DAG(s) dict_keys(['example_task_group_decorator']) retrieved from /home/airflow/.local/lib/python3.8/site-packages/airflow/example_dags/example_task_group_decorator.py
[2023-11-23T02:27:27.871+0000] {logging_mixin.py:154} INFO - [2023-11-23T02:27:27.870+0000] {dag.py:2941} INFO - Sync 1 DAGs
[2023-11-23T02:27:28.063+0000] {logging_mixin.py:154} INFO - [2023-11-23T02:27:28.063+0000] {dag.py:3722} INFO - Setting next_dagrun for example_task_group_decorator to 2023-11-22T02:27:28.060385+00:00, run_after=2023-11-23T02:27:28.060385+00:00
[2023-11-23T02:27:29.194+0000] {processor.py:179} INFO - Processing /home/airflow/.local/lib/python3.8/site-packages/airflow/example_dags/example_task_group_decorator.py took 1.698 seconds
[2023-11-23T02:27:59.563+0000] {processor.py:157} INFO - Started process (PID=342) to work on /home/airflow/.local/lib/python3.8/site-packages/airflow/example_dags/example_task_group_decorator.py
[2023-11-23T02:27:59.570+0000] {processor.py:829} INFO - Processing file /home/airflow/.local/lib/python3.8/site-packages/airflow/example_dags/example_task_group_decorator.py for tasks to queue
[2023-11-23T02:27:59.583+0000] {logging_mixin.py:154} INFO - [2023-11-23T02:27:59.583+0000] {dagbag.py:536} INFO - Filling up the DagBag from /home/airflow/.local/lib/python3.8/site-packages/airflow/example_dags/example_task_group_decorator.py
[2023-11-23T02:27:59.662+0000] {processor.py:839} INFO - DAG(s) dict_keys(['example_task_group_decorator']) retrieved from /home/airflow/.local/lib/python3.8/site-packages/airflow/example_dags/example_task_group_decorator.py
[2023-11-23T02:27:59.785+0000] {logging_mixin.py:154} INFO - [2023-11-23T02:27:59.785+0000] {dag.py:2941} INFO - Sync 1 DAGs
[2023-11-23T02:27:59.852+0000] {logging_mixin.py:154} INFO - [2023-11-23T02:27:59.851+0000] {dag.py:3722} INFO - Setting next_dagrun for example_task_group_decorator to 2023-11-22T02:27:59.850018+00:00, run_after=2023-11-23T02:27:59.850018+00:00
[2023-11-23T02:27:59.889+0000] {processor.py:179} INFO - Processing /home/airflow/.local/lib/python3.8/site-packages/airflow/example_dags/example_task_group_decorator.py took 0.333 seconds
[2023-11-23T02:28:30.695+0000] {processor.py:157} INFO - Started process (PID=395) to work on /home/airflow/.local/lib/python3.8/site-packages/airflow/example_dags/example_task_group_decorator.py
[2023-11-23T02:28:30.696+0000] {processor.py:829} INFO - Processing file /home/airflow/.local/lib/python3.8/site-packages/airflow/example_dags/example_task_group_decorator.py for tasks to queue
[2023-11-23T02:28:30.699+0000] {logging_mixin.py:154} INFO - [2023-11-23T02:28:30.699+0000] {dagbag.py:536} INFO - Filling up the DagBag from /home/airflow/.local/lib/python3.8/site-packages/airflow/example_dags/example_task_group_decorator.py
[2023-11-23T02:28:30.724+0000] {processor.py:839} INFO - DAG(s) dict_keys(['example_task_group_decorator']) retrieved from /home/airflow/.local/lib/python3.8/site-packages/airflow/example_dags/example_task_group_decorator.py
[2023-11-23T02:28:30.789+0000] {logging_mixin.py:154} INFO - [2023-11-23T02:28:30.789+0000] {dag.py:2941} INFO - Sync 1 DAGs
[2023-11-23T02:28:30.833+0000] {logging_mixin.py:154} INFO - [2023-11-23T02:28:30.833+0000] {dag.py:3722} INFO - Setting next_dagrun for example_task_group_decorator to 2023-11-22T02:28:30.832989+00:00, run_after=2023-11-23T02:28:30.832989+00:00
[2023-11-23T02:28:30.873+0000] {processor.py:179} INFO - Processing /home/airflow/.local/lib/python3.8/site-packages/airflow/example_dags/example_task_group_decorator.py took 0.182 seconds
[2023-11-23T02:29:00.914+0000] {processor.py:157} INFO - Started process (PID=449) to work on /home/airflow/.local/lib/python3.8/site-packages/airflow/example_dags/example_task_group_decorator.py
[2023-11-23T02:29:00.922+0000] {processor.py:829} INFO - Processing file /home/airflow/.local/lib/python3.8/site-packages/airflow/example_dags/example_task_group_decorator.py for tasks to queue
[2023-11-23T02:29:00.926+0000] {logging_mixin.py:154} INFO - [2023-11-23T02:29:00.925+0000] {dagbag.py:536} INFO - Filling up the DagBag from /home/airflow/.local/lib/python3.8/site-packages/airflow/example_dags/example_task_group_decorator.py
[2023-11-23T02:29:00.978+0000] {processor.py:839} INFO - DAG(s) dict_keys(['example_task_group_decorator']) retrieved from /home/airflow/.local/lib/python3.8/site-packages/airflow/example_dags/example_task_group_decorator.py
[2023-11-23T02:29:01.048+0000] {logging_mixin.py:154} INFO - [2023-11-23T02:29:01.048+0000] {dag.py:2941} INFO - Sync 1 DAGs
[2023-11-23T02:29:01.077+0000] {logging_mixin.py:154} INFO - [2023-11-23T02:29:01.077+0000] {dag.py:3722} INFO - Setting next_dagrun for example_task_group_decorator to 2023-11-22T02:29:01.077154+00:00, run_after=2023-11-23T02:29:01.077154+00:00
[2023-11-23T02:29:01.107+0000] {processor.py:179} INFO - Processing /home/airflow/.local/lib/python3.8/site-packages/airflow/example_dags/example_task_group_decorator.py took 0.197 seconds
[2023-11-23T02:29:31.208+0000] {processor.py:157} INFO - Started process (PID=504) to work on /home/airflow/.local/lib/python3.8/site-packages/airflow/example_dags/example_task_group_decorator.py
[2023-11-23T02:29:31.209+0000] {processor.py:829} INFO - Processing file /home/airflow/.local/lib/python3.8/site-packages/airflow/example_dags/example_task_group_decorator.py for tasks to queue
[2023-11-23T02:29:31.214+0000] {logging_mixin.py:154} INFO - [2023-11-23T02:29:31.213+0000] {dagbag.py:536} INFO - Filling up the DagBag from /home/airflow/.local/lib/python3.8/site-packages/airflow/example_dags/example_task_group_decorator.py
[2023-11-23T02:29:31.233+0000] {processor.py:839} INFO - DAG(s) dict_keys(['example_task_group_decorator']) retrieved from /home/airflow/.local/lib/python3.8/site-packages/airflow/example_dags/example_task_group_decorator.py
[2023-11-23T02:29:31.264+0000] {logging_mixin.py:154} INFO - [2023-11-23T02:29:31.264+0000] {dag.py:2941} INFO - Sync 1 DAGs
[2023-11-23T02:29:31.290+0000] {logging_mixin.py:154} INFO - [2023-11-23T02:29:31.290+0000] {dag.py:3722} INFO - Setting next_dagrun for example_task_group_decorator to 2023-11-22T02:29:31.289861+00:00, run_after=2023-11-23T02:29:31.289861+00:00
[2023-11-23T02:29:31.330+0000] {processor.py:179} INFO - Processing /home/airflow/.local/lib/python3.8/site-packages/airflow/example_dags/example_task_group_decorator.py took 0.129 seconds
[2023-11-23T02:30:01.494+0000] {processor.py:157} INFO - Started process (PID=558) to work on /home/airflow/.local/lib/python3.8/site-packages/airflow/example_dags/example_task_group_decorator.py
[2023-11-23T02:30:01.497+0000] {processor.py:829} INFO - Processing file /home/airflow/.local/lib/python3.8/site-packages/airflow/example_dags/example_task_group_decorator.py for tasks to queue
[2023-11-23T02:30:01.503+0000] {logging_mixin.py:154} INFO - [2023-11-23T02:30:01.502+0000] {dagbag.py:536} INFO - Filling up the DagBag from /home/airflow/.local/lib/python3.8/site-packages/airflow/example_dags/example_task_group_decorator.py
[2023-11-23T02:30:01.609+0000] {processor.py:839} INFO - DAG(s) dict_keys(['example_task_group_decorator']) retrieved from /home/airflow/.local/lib/python3.8/site-packages/airflow/example_dags/example_task_group_decorator.py
[2023-11-23T02:30:01.757+0000] {logging_mixin.py:154} INFO - [2023-11-23T02:30:01.757+0000] {dag.py:2941} INFO - Sync 1 DAGs
[2023-11-23T02:30:01.821+0000] {logging_mixin.py:154} INFO - [2023-11-23T02:30:01.821+0000] {dag.py:3722} INFO - Setting next_dagrun for example_task_group_decorator to 2023-11-22T02:30:01.821096+00:00, run_after=2023-11-23T02:30:01.821096+00:00
[2023-11-23T02:30:01.880+0000] {processor.py:179} INFO - Processing /home/airflow/.local/lib/python3.8/site-packages/airflow/example_dags/example_task_group_decorator.py took 0.397 seconds
[2023-11-23T02:30:32.079+0000] {processor.py:157} INFO - Started process (PID=610) to work on /home/airflow/.local/lib/python3.8/site-packages/airflow/example_dags/example_task_group_decorator.py
[2023-11-23T02:30:32.083+0000] {processor.py:829} INFO - Processing file /home/airflow/.local/lib/python3.8/site-packages/airflow/example_dags/example_task_group_decorator.py for tasks to queue
[2023-11-23T02:30:32.090+0000] {logging_mixin.py:154} INFO - [2023-11-23T02:30:32.089+0000] {dagbag.py:536} INFO - Filling up the DagBag from /home/airflow/.local/lib/python3.8/site-packages/airflow/example_dags/example_task_group_decorator.py
[2023-11-23T02:30:32.134+0000] {processor.py:839} INFO - DAG(s) dict_keys(['example_task_group_decorator']) retrieved from /home/airflow/.local/lib/python3.8/site-packages/airflow/example_dags/example_task_group_decorator.py
[2023-11-23T02:30:32.232+0000] {logging_mixin.py:154} INFO - [2023-11-23T02:30:32.230+0000] {dag.py:2941} INFO - Sync 1 DAGs
[2023-11-23T02:30:32.293+0000] {logging_mixin.py:154} INFO - [2023-11-23T02:30:32.292+0000] {dag.py:3722} INFO - Setting next_dagrun for example_task_group_decorator to 2023-11-22T02:30:32.292023+00:00, run_after=2023-11-23T02:30:32.292023+00:00
[2023-11-23T02:30:32.347+0000] {processor.py:179} INFO - Processing /home/airflow/.local/lib/python3.8/site-packages/airflow/example_dags/example_task_group_decorator.py took 0.274 seconds
[2023-11-23T02:31:02.930+0000] {processor.py:157} INFO - Started process (PID=664) to work on /home/airflow/.local/lib/python3.8/site-packages/airflow/example_dags/example_task_group_decorator.py
[2023-11-23T02:31:02.933+0000] {processor.py:829} INFO - Processing file /home/airflow/.local/lib/python3.8/site-packages/airflow/example_dags/example_task_group_decorator.py for tasks to queue
[2023-11-23T02:31:02.940+0000] {logging_mixin.py:154} INFO - [2023-11-23T02:31:02.939+0000] {dagbag.py:536} INFO - Filling up the DagBag from /home/airflow/.local/lib/python3.8/site-packages/airflow/example_dags/example_task_group_decorator.py
[2023-11-23T02:31:03.001+0000] {processor.py:839} INFO - DAG(s) dict_keys(['example_task_group_decorator']) retrieved from /home/airflow/.local/lib/python3.8/site-packages/airflow/example_dags/example_task_group_decorator.py
[2023-11-23T02:31:03.074+0000] {logging_mixin.py:154} INFO - [2023-11-23T02:31:03.074+0000] {dag.py:2941} INFO - Sync 1 DAGs
[2023-11-23T02:31:03.148+0000] {logging_mixin.py:154} INFO - [2023-11-23T02:31:03.147+0000] {dag.py:3722} INFO - Setting next_dagrun for example_task_group_decorator to 2023-11-22T02:31:03.146186+00:00, run_after=2023-11-23T02:31:03.146186+00:00
[2023-11-23T02:31:03.195+0000] {processor.py:179} INFO - Processing /home/airflow/.local/lib/python3.8/site-packages/airflow/example_dags/example_task_group_decorator.py took 0.274 seconds
[2023-11-23T02:31:33.994+0000] {processor.py:157} INFO - Started process (PID=718) to work on /home/airflow/.local/lib/python3.8/site-packages/airflow/example_dags/example_task_group_decorator.py
[2023-11-23T02:31:34.049+0000] {processor.py:829} INFO - Processing file /home/airflow/.local/lib/python3.8/site-packages/airflow/example_dags/example_task_group_decorator.py for tasks to queue
[2023-11-23T02:31:34.060+0000] {logging_mixin.py:154} INFO - [2023-11-23T02:31:34.060+0000] {dagbag.py:536} INFO - Filling up the DagBag from /home/airflow/.local/lib/python3.8/site-packages/airflow/example_dags/example_task_group_decorator.py
[2023-11-23T02:31:34.126+0000] {processor.py:839} INFO - DAG(s) dict_keys(['example_task_group_decorator']) retrieved from /home/airflow/.local/lib/python3.8/site-packages/airflow/example_dags/example_task_group_decorator.py
[2023-11-23T02:31:34.358+0000] {logging_mixin.py:154} INFO - [2023-11-23T02:31:34.358+0000] {dag.py:2941} INFO - Sync 1 DAGs
[2023-11-23T02:31:34.392+0000] {logging_mixin.py:154} INFO - [2023-11-23T02:31:34.391+0000] {dag.py:3722} INFO - Setting next_dagrun for example_task_group_decorator to 2023-11-22T02:31:34.391577+00:00, run_after=2023-11-23T02:31:34.391577+00:00
[2023-11-23T02:31:34.420+0000] {processor.py:179} INFO - Processing /home/airflow/.local/lib/python3.8/site-packages/airflow/example_dags/example_task_group_decorator.py took 0.434 seconds
[2023-11-23T03:44:17.162+0000] {processor.py:157} INFO - Started process (PID=78) to work on /home/airflow/.local/lib/python3.8/site-packages/airflow/example_dags/example_task_group_decorator.py
[2023-11-23T03:44:17.172+0000] {processor.py:829} INFO - Processing file /home/airflow/.local/lib/python3.8/site-packages/airflow/example_dags/example_task_group_decorator.py for tasks to queue
[2023-11-23T03:44:17.201+0000] {logging_mixin.py:154} INFO - [2023-11-23T03:44:17.201+0000] {dagbag.py:536} INFO - Filling up the DagBag from /home/airflow/.local/lib/python3.8/site-packages/airflow/example_dags/example_task_group_decorator.py
[2023-11-23T03:44:17.301+0000] {processor.py:839} INFO - DAG(s) dict_keys(['example_task_group_decorator']) retrieved from /home/airflow/.local/lib/python3.8/site-packages/airflow/example_dags/example_task_group_decorator.py
[2023-11-23T03:44:17.386+0000] {logging_mixin.py:154} INFO - [2023-11-23T03:44:17.386+0000] {dag.py:2941} INFO - Sync 1 DAGs
[2023-11-23T03:44:17.464+0000] {logging_mixin.py:154} INFO - [2023-11-23T03:44:17.464+0000] {dag.py:3722} INFO - Setting next_dagrun for example_task_group_decorator to 2023-11-22T03:44:17.464050+00:00, run_after=2023-11-23T03:44:17.464050+00:00
[2023-11-23T03:44:17.912+0000] {processor.py:179} INFO - Processing /home/airflow/.local/lib/python3.8/site-packages/airflow/example_dags/example_task_group_decorator.py took 0.790 seconds
[2023-11-23T03:44:53.330+0000] {processor.py:157} INFO - Started process (PID=132) to work on /home/airflow/.local/lib/python3.8/site-packages/airflow/example_dags/example_task_group_decorator.py
[2023-11-23T03:44:53.332+0000] {processor.py:829} INFO - Processing file /home/airflow/.local/lib/python3.8/site-packages/airflow/example_dags/example_task_group_decorator.py for tasks to queue
[2023-11-23T03:44:53.336+0000] {logging_mixin.py:154} INFO - [2023-11-23T03:44:53.335+0000] {dagbag.py:536} INFO - Filling up the DagBag from /home/airflow/.local/lib/python3.8/site-packages/airflow/example_dags/example_task_group_decorator.py
[2023-11-23T03:44:53.364+0000] {processor.py:839} INFO - DAG(s) dict_keys(['example_task_group_decorator']) retrieved from /home/airflow/.local/lib/python3.8/site-packages/airflow/example_dags/example_task_group_decorator.py
[2023-11-23T03:44:53.410+0000] {logging_mixin.py:154} INFO - [2023-11-23T03:44:53.409+0000] {dag.py:2941} INFO - Sync 1 DAGs
[2023-11-23T03:44:53.450+0000] {logging_mixin.py:154} INFO - [2023-11-23T03:44:53.450+0000] {dag.py:3722} INFO - Setting next_dagrun for example_task_group_decorator to 2023-11-22T03:44:53.450222+00:00, run_after=2023-11-23T03:44:53.450222+00:00
[2023-11-23T03:44:53.528+0000] {processor.py:179} INFO - Processing /home/airflow/.local/lib/python3.8/site-packages/airflow/example_dags/example_task_group_decorator.py took 0.204 seconds
[2023-11-23T04:15:42.747+0000] {processor.py:157} INFO - Started process (PID=197) to work on /home/airflow/.local/lib/python3.8/site-packages/airflow/example_dags/example_task_group_decorator.py
[2023-11-23T04:15:42.749+0000] {processor.py:829} INFO - Processing file /home/airflow/.local/lib/python3.8/site-packages/airflow/example_dags/example_task_group_decorator.py for tasks to queue
[2023-11-23T04:15:42.754+0000] {logging_mixin.py:154} INFO - [2023-11-23T04:15:42.754+0000] {dagbag.py:536} INFO - Filling up the DagBag from /home/airflow/.local/lib/python3.8/site-packages/airflow/example_dags/example_task_group_decorator.py
[2023-11-23T04:15:42.785+0000] {processor.py:839} INFO - DAG(s) dict_keys(['example_task_group_decorator']) retrieved from /home/airflow/.local/lib/python3.8/site-packages/airflow/example_dags/example_task_group_decorator.py
[2023-11-23T04:15:42.856+0000] {logging_mixin.py:154} INFO - [2023-11-23T04:15:42.855+0000] {dag.py:2941} INFO - Sync 1 DAGs
[2023-11-23T04:15:42.904+0000] {logging_mixin.py:154} INFO - [2023-11-23T04:15:42.904+0000] {dag.py:3722} INFO - Setting next_dagrun for example_task_group_decorator to 2023-11-22T04:15:42.903429+00:00, run_after=2023-11-23T04:15:42.903429+00:00
[2023-11-23T04:15:42.942+0000] {processor.py:179} INFO - Processing /home/airflow/.local/lib/python3.8/site-packages/airflow/example_dags/example_task_group_decorator.py took 0.202 seconds
[2023-11-23T04:16:13.061+0000] {processor.py:157} INFO - Started process (PID=250) to work on /home/airflow/.local/lib/python3.8/site-packages/airflow/example_dags/example_task_group_decorator.py
[2023-11-23T04:16:13.063+0000] {processor.py:829} INFO - Processing file /home/airflow/.local/lib/python3.8/site-packages/airflow/example_dags/example_task_group_decorator.py for tasks to queue
[2023-11-23T04:16:13.068+0000] {logging_mixin.py:154} INFO - [2023-11-23T04:16:13.067+0000] {dagbag.py:536} INFO - Filling up the DagBag from /home/airflow/.local/lib/python3.8/site-packages/airflow/example_dags/example_task_group_decorator.py
[2023-11-23T04:16:13.121+0000] {processor.py:839} INFO - DAG(s) dict_keys(['example_task_group_decorator']) retrieved from /home/airflow/.local/lib/python3.8/site-packages/airflow/example_dags/example_task_group_decorator.py
[2023-11-23T04:16:13.170+0000] {logging_mixin.py:154} INFO - [2023-11-23T04:16:13.170+0000] {dag.py:2941} INFO - Sync 1 DAGs
[2023-11-23T04:16:13.198+0000] {logging_mixin.py:154} INFO - [2023-11-23T04:16:13.198+0000] {dag.py:3722} INFO - Setting next_dagrun for example_task_group_decorator to 2023-11-22T04:16:13.197805+00:00, run_after=2023-11-23T04:16:13.197805+00:00
[2023-11-23T04:16:13.245+0000] {processor.py:179} INFO - Processing /home/airflow/.local/lib/python3.8/site-packages/airflow/example_dags/example_task_group_decorator.py took 0.192 seconds
[2023-11-23T04:16:44.321+0000] {processor.py:157} INFO - Started process (PID=304) to work on /home/airflow/.local/lib/python3.8/site-packages/airflow/example_dags/example_task_group_decorator.py
[2023-11-23T04:16:44.322+0000] {processor.py:829} INFO - Processing file /home/airflow/.local/lib/python3.8/site-packages/airflow/example_dags/example_task_group_decorator.py for tasks to queue
[2023-11-23T04:16:44.325+0000] {logging_mixin.py:154} INFO - [2023-11-23T04:16:44.325+0000] {dagbag.py:536} INFO - Filling up the DagBag from /home/airflow/.local/lib/python3.8/site-packages/airflow/example_dags/example_task_group_decorator.py
[2023-11-23T04:16:44.347+0000] {processor.py:839} INFO - DAG(s) dict_keys(['example_task_group_decorator']) retrieved from /home/airflow/.local/lib/python3.8/site-packages/airflow/example_dags/example_task_group_decorator.py
[2023-11-23T04:16:44.392+0000] {logging_mixin.py:154} INFO - [2023-11-23T04:16:44.391+0000] {dag.py:2941} INFO - Sync 1 DAGs
[2023-11-23T04:16:44.429+0000] {logging_mixin.py:154} INFO - [2023-11-23T04:16:44.429+0000] {dag.py:3722} INFO - Setting next_dagrun for example_task_group_decorator to 2023-11-22T04:16:44.428654+00:00, run_after=2023-11-23T04:16:44.428654+00:00
[2023-11-23T04:16:44.478+0000] {processor.py:179} INFO - Processing /home/airflow/.local/lib/python3.8/site-packages/airflow/example_dags/example_task_group_decorator.py took 0.164 seconds
[2023-11-23T04:17:15.173+0000] {processor.py:157} INFO - Started process (PID=358) to work on /home/airflow/.local/lib/python3.8/site-packages/airflow/example_dags/example_task_group_decorator.py
[2023-11-23T04:17:15.175+0000] {processor.py:829} INFO - Processing file /home/airflow/.local/lib/python3.8/site-packages/airflow/example_dags/example_task_group_decorator.py for tasks to queue
[2023-11-23T04:17:15.180+0000] {logging_mixin.py:154} INFO - [2023-11-23T04:17:15.180+0000] {dagbag.py:536} INFO - Filling up the DagBag from /home/airflow/.local/lib/python3.8/site-packages/airflow/example_dags/example_task_group_decorator.py
[2023-11-23T04:17:15.230+0000] {processor.py:839} INFO - DAG(s) dict_keys(['example_task_group_decorator']) retrieved from /home/airflow/.local/lib/python3.8/site-packages/airflow/example_dags/example_task_group_decorator.py
[2023-11-23T04:17:15.279+0000] {logging_mixin.py:154} INFO - [2023-11-23T04:17:15.279+0000] {dag.py:2941} INFO - Sync 1 DAGs
[2023-11-23T04:17:15.314+0000] {logging_mixin.py:154} INFO - [2023-11-23T04:17:15.314+0000] {dag.py:3722} INFO - Setting next_dagrun for example_task_group_decorator to 2023-11-22T04:17:15.313627+00:00, run_after=2023-11-23T04:17:15.313627+00:00
[2023-11-23T04:17:15.344+0000] {processor.py:179} INFO - Processing /home/airflow/.local/lib/python3.8/site-packages/airflow/example_dags/example_task_group_decorator.py took 0.182 seconds
[2023-11-23T04:17:45.542+0000] {processor.py:157} INFO - Started process (PID=412) to work on /home/airflow/.local/lib/python3.8/site-packages/airflow/example_dags/example_task_group_decorator.py
[2023-11-23T04:17:45.544+0000] {processor.py:829} INFO - Processing file /home/airflow/.local/lib/python3.8/site-packages/airflow/example_dags/example_task_group_decorator.py for tasks to queue
[2023-11-23T04:17:45.547+0000] {logging_mixin.py:154} INFO - [2023-11-23T04:17:45.547+0000] {dagbag.py:536} INFO - Filling up the DagBag from /home/airflow/.local/lib/python3.8/site-packages/airflow/example_dags/example_task_group_decorator.py
[2023-11-23T04:17:45.578+0000] {processor.py:839} INFO - DAG(s) dict_keys(['example_task_group_decorator']) retrieved from /home/airflow/.local/lib/python3.8/site-packages/airflow/example_dags/example_task_group_decorator.py
[2023-11-23T04:17:45.632+0000] {logging_mixin.py:154} INFO - [2023-11-23T04:17:45.631+0000] {dag.py:2941} INFO - Sync 1 DAGs
[2023-11-23T04:17:45.702+0000] {logging_mixin.py:154} INFO - [2023-11-23T04:17:45.702+0000] {dag.py:3722} INFO - Setting next_dagrun for example_task_group_decorator to 2023-11-22T04:17:45.701758+00:00, run_after=2023-11-23T04:17:45.701758+00:00
[2023-11-23T04:17:45.738+0000] {processor.py:179} INFO - Processing /home/airflow/.local/lib/python3.8/site-packages/airflow/example_dags/example_task_group_decorator.py took 0.200 seconds
[2023-11-23T04:18:17.164+0000] {processor.py:157} INFO - Started process (PID=467) to work on /home/airflow/.local/lib/python3.8/site-packages/airflow/example_dags/example_task_group_decorator.py
[2023-11-23T04:18:17.171+0000] {processor.py:829} INFO - Processing file /home/airflow/.local/lib/python3.8/site-packages/airflow/example_dags/example_task_group_decorator.py for tasks to queue
[2023-11-23T04:18:17.180+0000] {logging_mixin.py:154} INFO - [2023-11-23T04:18:17.179+0000] {dagbag.py:536} INFO - Filling up the DagBag from /home/airflow/.local/lib/python3.8/site-packages/airflow/example_dags/example_task_group_decorator.py
[2023-11-23T04:18:17.251+0000] {processor.py:839} INFO - DAG(s) dict_keys(['example_task_group_decorator']) retrieved from /home/airflow/.local/lib/python3.8/site-packages/airflow/example_dags/example_task_group_decorator.py
[2023-11-23T04:18:17.551+0000] {logging_mixin.py:154} INFO - [2023-11-23T04:18:17.550+0000] {dag.py:2941} INFO - Sync 1 DAGs
[2023-11-23T04:18:17.638+0000] {logging_mixin.py:154} INFO - [2023-11-23T04:18:17.638+0000] {dag.py:3722} INFO - Setting next_dagrun for example_task_group_decorator to 2023-11-22T04:18:17.637893+00:00, run_after=2023-11-23T04:18:17.637893+00:00
[2023-11-23T04:18:17.696+0000] {processor.py:179} INFO - Processing /home/airflow/.local/lib/python3.8/site-packages/airflow/example_dags/example_task_group_decorator.py took 0.549 seconds
[2023-11-23T04:18:49.384+0000] {processor.py:157} INFO - Started process (PID=526) to work on /home/airflow/.local/lib/python3.8/site-packages/airflow/example_dags/example_task_group_decorator.py
[2023-11-23T04:18:49.386+0000] {processor.py:829} INFO - Processing file /home/airflow/.local/lib/python3.8/site-packages/airflow/example_dags/example_task_group_decorator.py for tasks to queue
[2023-11-23T04:18:49.391+0000] {logging_mixin.py:154} INFO - [2023-11-23T04:18:49.391+0000] {dagbag.py:536} INFO - Filling up the DagBag from /home/airflow/.local/lib/python3.8/site-packages/airflow/example_dags/example_task_group_decorator.py
[2023-11-23T04:18:49.424+0000] {processor.py:839} INFO - DAG(s) dict_keys(['example_task_group_decorator']) retrieved from /home/airflow/.local/lib/python3.8/site-packages/airflow/example_dags/example_task_group_decorator.py
[2023-11-23T04:18:49.486+0000] {logging_mixin.py:154} INFO - [2023-11-23T04:18:49.485+0000] {dag.py:2941} INFO - Sync 1 DAGs
[2023-11-23T04:18:49.548+0000] {logging_mixin.py:154} INFO - [2023-11-23T04:18:49.548+0000] {dag.py:3722} INFO - Setting next_dagrun for example_task_group_decorator to 2023-11-22T04:18:49.548108+00:00, run_after=2023-11-23T04:18:49.548108+00:00
[2023-11-23T04:18:49.612+0000] {processor.py:179} INFO - Processing /home/airflow/.local/lib/python3.8/site-packages/airflow/example_dags/example_task_group_decorator.py took 0.237 seconds
[2023-11-23T04:19:21.356+0000] {processor.py:157} INFO - Started process (PID=580) to work on /home/airflow/.local/lib/python3.8/site-packages/airflow/example_dags/example_task_group_decorator.py
[2023-11-23T04:19:21.365+0000] {processor.py:829} INFO - Processing file /home/airflow/.local/lib/python3.8/site-packages/airflow/example_dags/example_task_group_decorator.py for tasks to queue
[2023-11-23T04:19:21.377+0000] {logging_mixin.py:154} INFO - [2023-11-23T04:19:21.376+0000] {dagbag.py:536} INFO - Filling up the DagBag from /home/airflow/.local/lib/python3.8/site-packages/airflow/example_dags/example_task_group_decorator.py
[2023-11-23T04:19:21.439+0000] {processor.py:839} INFO - DAG(s) dict_keys(['example_task_group_decorator']) retrieved from /home/airflow/.local/lib/python3.8/site-packages/airflow/example_dags/example_task_group_decorator.py
[2023-11-23T04:19:21.551+0000] {logging_mixin.py:154} INFO - [2023-11-23T04:19:21.550+0000] {dag.py:2941} INFO - Sync 1 DAGs
[2023-11-23T04:19:21.633+0000] {logging_mixin.py:154} INFO - [2023-11-23T04:19:21.632+0000] {dag.py:3722} INFO - Setting next_dagrun for example_task_group_decorator to 2023-11-22T04:19:21.632295+00:00, run_after=2023-11-23T04:19:21.632295+00:00
[2023-11-23T04:19:21.697+0000] {processor.py:179} INFO - Processing /home/airflow/.local/lib/python3.8/site-packages/airflow/example_dags/example_task_group_decorator.py took 0.360 seconds
[2023-11-23T04:19:51.926+0000] {processor.py:157} INFO - Started process (PID=634) to work on /home/airflow/.local/lib/python3.8/site-packages/airflow/example_dags/example_task_group_decorator.py
[2023-11-23T04:19:51.928+0000] {processor.py:829} INFO - Processing file /home/airflow/.local/lib/python3.8/site-packages/airflow/example_dags/example_task_group_decorator.py for tasks to queue
[2023-11-23T04:19:51.935+0000] {logging_mixin.py:154} INFO - [2023-11-23T04:19:51.934+0000] {dagbag.py:536} INFO - Filling up the DagBag from /home/airflow/.local/lib/python3.8/site-packages/airflow/example_dags/example_task_group_decorator.py
[2023-11-23T04:19:51.971+0000] {processor.py:839} INFO - DAG(s) dict_keys(['example_task_group_decorator']) retrieved from /home/airflow/.local/lib/python3.8/site-packages/airflow/example_dags/example_task_group_decorator.py
[2023-11-23T04:19:52.077+0000] {logging_mixin.py:154} INFO - [2023-11-23T04:19:52.076+0000] {dag.py:2941} INFO - Sync 1 DAGs
[2023-11-23T04:19:52.122+0000] {logging_mixin.py:154} INFO - [2023-11-23T04:19:52.122+0000] {dag.py:3722} INFO - Setting next_dagrun for example_task_group_decorator to 2023-11-22T04:19:52.121687+00:00, run_after=2023-11-23T04:19:52.121687+00:00
[2023-11-23T04:19:52.170+0000] {processor.py:179} INFO - Processing /home/airflow/.local/lib/python3.8/site-packages/airflow/example_dags/example_task_group_decorator.py took 0.253 seconds
[2023-11-23T04:20:23.059+0000] {processor.py:157} INFO - Started process (PID=687) to work on /home/airflow/.local/lib/python3.8/site-packages/airflow/example_dags/example_task_group_decorator.py
[2023-11-23T04:20:23.083+0000] {processor.py:829} INFO - Processing file /home/airflow/.local/lib/python3.8/site-packages/airflow/example_dags/example_task_group_decorator.py for tasks to queue
[2023-11-23T04:20:23.101+0000] {logging_mixin.py:154} INFO - [2023-11-23T04:20:23.100+0000] {dagbag.py:536} INFO - Filling up the DagBag from /home/airflow/.local/lib/python3.8/site-packages/airflow/example_dags/example_task_group_decorator.py
[2023-11-23T04:20:23.154+0000] {processor.py:839} INFO - DAG(s) dict_keys(['example_task_group_decorator']) retrieved from /home/airflow/.local/lib/python3.8/site-packages/airflow/example_dags/example_task_group_decorator.py
[2023-11-23T04:20:23.301+0000] {logging_mixin.py:154} INFO - [2023-11-23T04:20:23.300+0000] {dag.py:2941} INFO - Sync 1 DAGs
[2023-11-23T04:20:23.348+0000] {logging_mixin.py:154} INFO - [2023-11-23T04:20:23.348+0000] {dag.py:3722} INFO - Setting next_dagrun for example_task_group_decorator to 2023-11-22T04:20:23.348120+00:00, run_after=2023-11-23T04:20:23.348120+00:00
[2023-11-23T04:20:23.403+0000] {processor.py:179} INFO - Processing /home/airflow/.local/lib/python3.8/site-packages/airflow/example_dags/example_task_group_decorator.py took 0.393 seconds
[2023-11-23T04:20:53.680+0000] {processor.py:157} INFO - Started process (PID=741) to work on /home/airflow/.local/lib/python3.8/site-packages/airflow/example_dags/example_task_group_decorator.py
[2023-11-23T04:20:53.682+0000] {processor.py:829} INFO - Processing file /home/airflow/.local/lib/python3.8/site-packages/airflow/example_dags/example_task_group_decorator.py for tasks to queue
[2023-11-23T04:20:53.689+0000] {logging_mixin.py:154} INFO - [2023-11-23T04:20:53.689+0000] {dagbag.py:536} INFO - Filling up the DagBag from /home/airflow/.local/lib/python3.8/site-packages/airflow/example_dags/example_task_group_decorator.py
[2023-11-23T04:20:53.738+0000] {processor.py:839} INFO - DAG(s) dict_keys(['example_task_group_decorator']) retrieved from /home/airflow/.local/lib/python3.8/site-packages/airflow/example_dags/example_task_group_decorator.py
[2023-11-23T04:20:53.798+0000] {logging_mixin.py:154} INFO - [2023-11-23T04:20:53.797+0000] {dag.py:2941} INFO - Sync 1 DAGs
[2023-11-23T04:20:53.842+0000] {logging_mixin.py:154} INFO - [2023-11-23T04:20:53.842+0000] {dag.py:3722} INFO - Setting next_dagrun for example_task_group_decorator to 2023-11-22T04:20:53.842140+00:00, run_after=2023-11-23T04:20:53.842140+00:00
[2023-11-23T04:20:53.900+0000] {processor.py:179} INFO - Processing /home/airflow/.local/lib/python3.8/site-packages/airflow/example_dags/example_task_group_decorator.py took 0.226 seconds
[2023-11-23T04:21:30.799+0000] {processor.py:157} INFO - Started process (PID=796) to work on /home/airflow/.local/lib/python3.8/site-packages/airflow/example_dags/example_task_group_decorator.py
[2023-11-23T04:21:30.800+0000] {processor.py:829} INFO - Processing file /home/airflow/.local/lib/python3.8/site-packages/airflow/example_dags/example_task_group_decorator.py for tasks to queue
[2023-11-23T04:21:30.804+0000] {logging_mixin.py:154} INFO - [2023-11-23T04:21:30.804+0000] {dagbag.py:536} INFO - Filling up the DagBag from /home/airflow/.local/lib/python3.8/site-packages/airflow/example_dags/example_task_group_decorator.py
[2023-11-23T04:21:30.868+0000] {processor.py:839} INFO - DAG(s) dict_keys(['example_task_group_decorator']) retrieved from /home/airflow/.local/lib/python3.8/site-packages/airflow/example_dags/example_task_group_decorator.py
[2023-11-23T04:21:30.953+0000] {logging_mixin.py:154} INFO - [2023-11-23T04:21:30.952+0000] {dag.py:2941} INFO - Sync 1 DAGs
[2023-11-23T04:21:31.047+0000] {logging_mixin.py:154} INFO - [2023-11-23T04:21:31.047+0000] {dag.py:3722} INFO - Setting next_dagrun for example_task_group_decorator to 2023-11-22T04:21:31.045535+00:00, run_after=2023-11-23T04:21:31.045535+00:00
[2023-11-23T04:21:31.116+0000] {processor.py:179} INFO - Processing /home/airflow/.local/lib/python3.8/site-packages/airflow/example_dags/example_task_group_decorator.py took 0.325 seconds
[2023-11-23T04:22:02.171+0000] {processor.py:157} INFO - Started process (PID=849) to work on /home/airflow/.local/lib/python3.8/site-packages/airflow/example_dags/example_task_group_decorator.py
[2023-11-23T04:22:02.173+0000] {processor.py:829} INFO - Processing file /home/airflow/.local/lib/python3.8/site-packages/airflow/example_dags/example_task_group_decorator.py for tasks to queue
[2023-11-23T04:22:02.177+0000] {logging_mixin.py:154} INFO - [2023-11-23T04:22:02.177+0000] {dagbag.py:536} INFO - Filling up the DagBag from /home/airflow/.local/lib/python3.8/site-packages/airflow/example_dags/example_task_group_decorator.py
[2023-11-23T04:22:02.224+0000] {processor.py:839} INFO - DAG(s) dict_keys(['example_task_group_decorator']) retrieved from /home/airflow/.local/lib/python3.8/site-packages/airflow/example_dags/example_task_group_decorator.py
[2023-11-23T04:22:02.293+0000] {logging_mixin.py:154} INFO - [2023-11-23T04:22:02.293+0000] {dag.py:2941} INFO - Sync 1 DAGs
[2023-11-23T04:22:02.355+0000] {logging_mixin.py:154} INFO - [2023-11-23T04:22:02.355+0000] {dag.py:3722} INFO - Setting next_dagrun for example_task_group_decorator to 2023-11-22T04:22:02.354853+00:00, run_after=2023-11-23T04:22:02.354853+00:00
[2023-11-23T04:22:02.407+0000] {processor.py:179} INFO - Processing /home/airflow/.local/lib/python3.8/site-packages/airflow/example_dags/example_task_group_decorator.py took 0.246 seconds
