[2023-11-23T02:25:11.072+0000] {processor.py:157} INFO - Started process (PID=57) to work on /home/airflow/.local/lib/python3.8/site-packages/airflow/example_dags/example_setup_teardown.py
[2023-11-23T02:25:11.087+0000] {processor.py:829} INFO - Processing file /home/airflow/.local/lib/python3.8/site-packages/airflow/example_dags/example_setup_teardown.py for tasks to queue
[2023-11-23T02:25:11.108+0000] {logging_mixin.py:154} INFO - [2023-11-23T02:25:11.107+0000] {dagbag.py:536} INFO - Filling up the DagBag from /home/airflow/.local/lib/python3.8/site-packages/airflow/example_dags/example_setup_teardown.py
[2023-11-23T02:25:11.182+0000] {processor.py:839} INFO - DAG(s) dict_keys(['example_setup_teardown']) retrieved from /home/airflow/.local/lib/python3.8/site-packages/airflow/example_dags/example_setup_teardown.py
[2023-11-23T02:25:11.821+0000] {logging_mixin.py:154} INFO - [2023-11-23T02:25:11.821+0000] {manager.py:499} INFO - Created Permission View: %s
[2023-11-23T02:25:11.856+0000] {logging_mixin.py:154} INFO - [2023-11-23T02:25:11.856+0000] {manager.py:499} INFO - Created Permission View: %s
[2023-11-23T02:25:11.884+0000] {logging_mixin.py:154} INFO - [2023-11-23T02:25:11.884+0000] {manager.py:499} INFO - Created Permission View: %s
[2023-11-23T02:25:11.889+0000] {logging_mixin.py:154} INFO - [2023-11-23T02:25:11.889+0000] {dag.py:2941} INFO - Sync 1 DAGs
[2023-11-23T02:25:11.920+0000] {logging_mixin.py:154} INFO - [2023-11-23T02:25:11.920+0000] {dag.py:2963} INFO - Creating ORM DAG for example_setup_teardown
[2023-11-23T02:25:11.960+0000] {logging_mixin.py:154} INFO - [2023-11-23T02:25:11.959+0000] {dag.py:3722} INFO - Setting next_dagrun for example_setup_teardown to 2023-11-22T02:25:11.959120+00:00, run_after=2023-11-23T02:25:11.959120+00:00
[2023-11-23T02:25:12.020+0000] {processor.py:179} INFO - Processing /home/airflow/.local/lib/python3.8/site-packages/airflow/example_dags/example_setup_teardown.py took 0.968 seconds
[2023-11-23T02:25:42.145+0000] {processor.py:157} INFO - Started process (PID=112) to work on /home/airflow/.local/lib/python3.8/site-packages/airflow/example_dags/example_setup_teardown.py
[2023-11-23T02:25:42.152+0000] {processor.py:829} INFO - Processing file /home/airflow/.local/lib/python3.8/site-packages/airflow/example_dags/example_setup_teardown.py for tasks to queue
[2023-11-23T02:25:42.160+0000] {logging_mixin.py:154} INFO - [2023-11-23T02:25:42.159+0000] {dagbag.py:536} INFO - Filling up the DagBag from /home/airflow/.local/lib/python3.8/site-packages/airflow/example_dags/example_setup_teardown.py
[2023-11-23T02:25:42.176+0000] {processor.py:839} INFO - DAG(s) dict_keys(['example_setup_teardown']) retrieved from /home/airflow/.local/lib/python3.8/site-packages/airflow/example_dags/example_setup_teardown.py
[2023-11-23T02:25:42.220+0000] {logging_mixin.py:154} INFO - [2023-11-23T02:25:42.220+0000] {dag.py:2941} INFO - Sync 1 DAGs
[2023-11-23T02:25:42.279+0000] {logging_mixin.py:154} INFO - [2023-11-23T02:25:42.279+0000] {dag.py:3722} INFO - Setting next_dagrun for example_setup_teardown to 2023-11-22T02:25:42.279014+00:00, run_after=2023-11-23T02:25:42.279014+00:00
[2023-11-23T02:25:42.317+0000] {processor.py:179} INFO - Processing /home/airflow/.local/lib/python3.8/site-packages/airflow/example_dags/example_setup_teardown.py took 0.182 seconds
[2023-11-23T02:26:13.244+0000] {processor.py:157} INFO - Started process (PID=166) to work on /home/airflow/.local/lib/python3.8/site-packages/airflow/example_dags/example_setup_teardown.py
[2023-11-23T02:26:13.295+0000] {processor.py:829} INFO - Processing file /home/airflow/.local/lib/python3.8/site-packages/airflow/example_dags/example_setup_teardown.py for tasks to queue
[2023-11-23T02:26:13.308+0000] {logging_mixin.py:154} INFO - [2023-11-23T02:26:13.307+0000] {dagbag.py:536} INFO - Filling up the DagBag from /home/airflow/.local/lib/python3.8/site-packages/airflow/example_dags/example_setup_teardown.py
[2023-11-23T02:26:13.332+0000] {processor.py:839} INFO - DAG(s) dict_keys(['example_setup_teardown']) retrieved from /home/airflow/.local/lib/python3.8/site-packages/airflow/example_dags/example_setup_teardown.py
[2023-11-23T02:26:13.392+0000] {logging_mixin.py:154} INFO - [2023-11-23T02:26:13.391+0000] {dag.py:2941} INFO - Sync 1 DAGs
[2023-11-23T02:26:13.704+0000] {logging_mixin.py:154} INFO - [2023-11-23T02:26:13.687+0000] {dag.py:3722} INFO - Setting next_dagrun for example_setup_teardown to 2023-11-22T02:26:13.673591+00:00, run_after=2023-11-23T02:26:13.673591+00:00
[2023-11-23T02:26:13.786+0000] {processor.py:179} INFO - Processing /home/airflow/.local/lib/python3.8/site-packages/airflow/example_dags/example_setup_teardown.py took 0.548 seconds
[2023-11-23T02:26:44.690+0000] {processor.py:157} INFO - Started process (PID=220) to work on /home/airflow/.local/lib/python3.8/site-packages/airflow/example_dags/example_setup_teardown.py
[2023-11-23T02:26:44.718+0000] {processor.py:829} INFO - Processing file /home/airflow/.local/lib/python3.8/site-packages/airflow/example_dags/example_setup_teardown.py for tasks to queue
[2023-11-23T02:26:44.930+0000] {logging_mixin.py:154} INFO - [2023-11-23T02:26:44.913+0000] {dagbag.py:536} INFO - Filling up the DagBag from /home/airflow/.local/lib/python3.8/site-packages/airflow/example_dags/example_setup_teardown.py
[2023-11-23T02:26:45.021+0000] {processor.py:839} INFO - DAG(s) dict_keys(['example_setup_teardown']) retrieved from /home/airflow/.local/lib/python3.8/site-packages/airflow/example_dags/example_setup_teardown.py
[2023-11-23T02:26:45.312+0000] {logging_mixin.py:154} INFO - [2023-11-23T02:26:45.311+0000] {dag.py:2941} INFO - Sync 1 DAGs
[2023-11-23T02:26:46.784+0000] {logging_mixin.py:154} INFO - [2023-11-23T02:26:46.783+0000] {dag.py:3722} INFO - Setting next_dagrun for example_setup_teardown to 2023-11-22T02:26:46.782117+00:00, run_after=2023-11-23T02:26:46.782117+00:00
[2023-11-23T02:26:47.136+0000] {processor.py:179} INFO - Processing /home/airflow/.local/lib/python3.8/site-packages/airflow/example_dags/example_setup_teardown.py took 2.513 seconds
[2023-11-23T02:27:17.799+0000] {processor.py:157} INFO - Started process (PID=274) to work on /home/airflow/.local/lib/python3.8/site-packages/airflow/example_dags/example_setup_teardown.py
[2023-11-23T02:27:17.810+0000] {processor.py:829} INFO - Processing file /home/airflow/.local/lib/python3.8/site-packages/airflow/example_dags/example_setup_teardown.py for tasks to queue
[2023-11-23T02:27:17.824+0000] {logging_mixin.py:154} INFO - [2023-11-23T02:27:17.824+0000] {dagbag.py:536} INFO - Filling up the DagBag from /home/airflow/.local/lib/python3.8/site-packages/airflow/example_dags/example_setup_teardown.py
[2023-11-23T02:27:17.845+0000] {processor.py:839} INFO - DAG(s) dict_keys(['example_setup_teardown']) retrieved from /home/airflow/.local/lib/python3.8/site-packages/airflow/example_dags/example_setup_teardown.py
[2023-11-23T02:27:17.917+0000] {logging_mixin.py:154} INFO - [2023-11-23T02:27:17.917+0000] {dag.py:2941} INFO - Sync 1 DAGs
[2023-11-23T02:27:17.973+0000] {logging_mixin.py:154} INFO - [2023-11-23T02:27:17.973+0000] {dag.py:3722} INFO - Setting next_dagrun for example_setup_teardown to 2023-11-22T02:27:17.973160+00:00, run_after=2023-11-23T02:27:17.973160+00:00
[2023-11-23T02:27:18.021+0000] {processor.py:179} INFO - Processing /home/airflow/.local/lib/python3.8/site-packages/airflow/example_dags/example_setup_teardown.py took 0.232 seconds
[2023-11-23T02:27:48.222+0000] {processor.py:157} INFO - Started process (PID=328) to work on /home/airflow/.local/lib/python3.8/site-packages/airflow/example_dags/example_setup_teardown.py
[2023-11-23T02:27:48.227+0000] {processor.py:829} INFO - Processing file /home/airflow/.local/lib/python3.8/site-packages/airflow/example_dags/example_setup_teardown.py for tasks to queue
[2023-11-23T02:27:48.237+0000] {logging_mixin.py:154} INFO - [2023-11-23T02:27:48.236+0000] {dagbag.py:536} INFO - Filling up the DagBag from /home/airflow/.local/lib/python3.8/site-packages/airflow/example_dags/example_setup_teardown.py
[2023-11-23T02:27:48.277+0000] {processor.py:839} INFO - DAG(s) dict_keys(['example_setup_teardown']) retrieved from /home/airflow/.local/lib/python3.8/site-packages/airflow/example_dags/example_setup_teardown.py
[2023-11-23T02:27:48.351+0000] {logging_mixin.py:154} INFO - [2023-11-23T02:27:48.349+0000] {dag.py:2941} INFO - Sync 1 DAGs
[2023-11-23T02:27:48.414+0000] {logging_mixin.py:154} INFO - [2023-11-23T02:27:48.413+0000] {dag.py:3722} INFO - Setting next_dagrun for example_setup_teardown to 2023-11-22T02:27:48.413375+00:00, run_after=2023-11-23T02:27:48.413375+00:00
[2023-11-23T02:27:48.459+0000] {processor.py:179} INFO - Processing /home/airflow/.local/lib/python3.8/site-packages/airflow/example_dags/example_setup_teardown.py took 0.247 seconds
[2023-11-23T02:28:18.758+0000] {processor.py:157} INFO - Started process (PID=381) to work on /home/airflow/.local/lib/python3.8/site-packages/airflow/example_dags/example_setup_teardown.py
[2023-11-23T02:28:18.764+0000] {processor.py:829} INFO - Processing file /home/airflow/.local/lib/python3.8/site-packages/airflow/example_dags/example_setup_teardown.py for tasks to queue
[2023-11-23T02:28:18.769+0000] {logging_mixin.py:154} INFO - [2023-11-23T02:28:18.768+0000] {dagbag.py:536} INFO - Filling up the DagBag from /home/airflow/.local/lib/python3.8/site-packages/airflow/example_dags/example_setup_teardown.py
[2023-11-23T02:28:18.788+0000] {processor.py:839} INFO - DAG(s) dict_keys(['example_setup_teardown']) retrieved from /home/airflow/.local/lib/python3.8/site-packages/airflow/example_dags/example_setup_teardown.py
[2023-11-23T02:28:18.871+0000] {logging_mixin.py:154} INFO - [2023-11-23T02:28:18.871+0000] {dag.py:2941} INFO - Sync 1 DAGs
[2023-11-23T02:28:18.928+0000] {logging_mixin.py:154} INFO - [2023-11-23T02:28:18.928+0000] {dag.py:3722} INFO - Setting next_dagrun for example_setup_teardown to 2023-11-22T02:28:18.928228+00:00, run_after=2023-11-23T02:28:18.928228+00:00
[2023-11-23T02:28:18.989+0000] {processor.py:179} INFO - Processing /home/airflow/.local/lib/python3.8/site-packages/airflow/example_dags/example_setup_teardown.py took 0.235 seconds
[2023-11-23T02:28:49.303+0000] {processor.py:157} INFO - Started process (PID=434) to work on /home/airflow/.local/lib/python3.8/site-packages/airflow/example_dags/example_setup_teardown.py
[2023-11-23T02:28:49.307+0000] {processor.py:829} INFO - Processing file /home/airflow/.local/lib/python3.8/site-packages/airflow/example_dags/example_setup_teardown.py for tasks to queue
[2023-11-23T02:28:49.316+0000] {logging_mixin.py:154} INFO - [2023-11-23T02:28:49.316+0000] {dagbag.py:536} INFO - Filling up the DagBag from /home/airflow/.local/lib/python3.8/site-packages/airflow/example_dags/example_setup_teardown.py
[2023-11-23T02:28:49.324+0000] {processor.py:839} INFO - DAG(s) dict_keys(['example_setup_teardown']) retrieved from /home/airflow/.local/lib/python3.8/site-packages/airflow/example_dags/example_setup_teardown.py
[2023-11-23T02:28:49.347+0000] {logging_mixin.py:154} INFO - [2023-11-23T02:28:49.347+0000] {dag.py:2941} INFO - Sync 1 DAGs
[2023-11-23T02:28:49.373+0000] {logging_mixin.py:154} INFO - [2023-11-23T02:28:49.373+0000] {dag.py:3722} INFO - Setting next_dagrun for example_setup_teardown to 2023-11-22T02:28:49.373309+00:00, run_after=2023-11-23T02:28:49.373309+00:00
[2023-11-23T02:28:49.401+0000] {processor.py:179} INFO - Processing /home/airflow/.local/lib/python3.8/site-packages/airflow/example_dags/example_setup_teardown.py took 0.103 seconds
[2023-11-23T02:29:19.586+0000] {processor.py:157} INFO - Started process (PID=488) to work on /home/airflow/.local/lib/python3.8/site-packages/airflow/example_dags/example_setup_teardown.py
[2023-11-23T02:29:19.588+0000] {processor.py:829} INFO - Processing file /home/airflow/.local/lib/python3.8/site-packages/airflow/example_dags/example_setup_teardown.py for tasks to queue
[2023-11-23T02:29:19.592+0000] {logging_mixin.py:154} INFO - [2023-11-23T02:29:19.591+0000] {dagbag.py:536} INFO - Filling up the DagBag from /home/airflow/.local/lib/python3.8/site-packages/airflow/example_dags/example_setup_teardown.py
[2023-11-23T02:29:19.600+0000] {processor.py:839} INFO - DAG(s) dict_keys(['example_setup_teardown']) retrieved from /home/airflow/.local/lib/python3.8/site-packages/airflow/example_dags/example_setup_teardown.py
[2023-11-23T02:29:19.624+0000] {logging_mixin.py:154} INFO - [2023-11-23T02:29:19.624+0000] {dag.py:2941} INFO - Sync 1 DAGs
[2023-11-23T02:29:19.651+0000] {logging_mixin.py:154} INFO - [2023-11-23T02:29:19.651+0000] {dag.py:3722} INFO - Setting next_dagrun for example_setup_teardown to 2023-11-22T02:29:19.650817+00:00, run_after=2023-11-23T02:29:19.650817+00:00
[2023-11-23T02:29:19.677+0000] {processor.py:179} INFO - Processing /home/airflow/.local/lib/python3.8/site-packages/airflow/example_dags/example_setup_teardown.py took 0.106 seconds
[2023-11-23T02:29:50.447+0000] {processor.py:157} INFO - Started process (PID=542) to work on /home/airflow/.local/lib/python3.8/site-packages/airflow/example_dags/example_setup_teardown.py
[2023-11-23T02:29:50.455+0000] {processor.py:829} INFO - Processing file /home/airflow/.local/lib/python3.8/site-packages/airflow/example_dags/example_setup_teardown.py for tasks to queue
[2023-11-23T02:29:50.475+0000] {logging_mixin.py:154} INFO - [2023-11-23T02:29:50.475+0000] {dagbag.py:536} INFO - Filling up the DagBag from /home/airflow/.local/lib/python3.8/site-packages/airflow/example_dags/example_setup_teardown.py
[2023-11-23T02:29:50.500+0000] {processor.py:839} INFO - DAG(s) dict_keys(['example_setup_teardown']) retrieved from /home/airflow/.local/lib/python3.8/site-packages/airflow/example_dags/example_setup_teardown.py
[2023-11-23T02:29:50.570+0000] {logging_mixin.py:154} INFO - [2023-11-23T02:29:50.569+0000] {dag.py:2941} INFO - Sync 1 DAGs
[2023-11-23T02:29:50.628+0000] {logging_mixin.py:154} INFO - [2023-11-23T02:29:50.627+0000] {dag.py:3722} INFO - Setting next_dagrun for example_setup_teardown to 2023-11-22T02:29:50.626994+00:00, run_after=2023-11-23T02:29:50.626994+00:00
[2023-11-23T02:29:50.666+0000] {processor.py:179} INFO - Processing /home/airflow/.local/lib/python3.8/site-packages/airflow/example_dags/example_setup_teardown.py took 0.243 seconds
[2023-11-23T02:30:21.775+0000] {processor.py:157} INFO - Started process (PID=596) to work on /home/airflow/.local/lib/python3.8/site-packages/airflow/example_dags/example_setup_teardown.py
[2023-11-23T02:30:21.777+0000] {processor.py:829} INFO - Processing file /home/airflow/.local/lib/python3.8/site-packages/airflow/example_dags/example_setup_teardown.py for tasks to queue
[2023-11-23T02:30:21.792+0000] {logging_mixin.py:154} INFO - [2023-11-23T02:30:21.791+0000] {dagbag.py:536} INFO - Filling up the DagBag from /home/airflow/.local/lib/python3.8/site-packages/airflow/example_dags/example_setup_teardown.py
[2023-11-23T02:30:21.824+0000] {processor.py:839} INFO - DAG(s) dict_keys(['example_setup_teardown']) retrieved from /home/airflow/.local/lib/python3.8/site-packages/airflow/example_dags/example_setup_teardown.py
[2023-11-23T02:30:21.877+0000] {logging_mixin.py:154} INFO - [2023-11-23T02:30:21.876+0000] {dag.py:2941} INFO - Sync 1 DAGs
[2023-11-23T02:30:21.928+0000] {logging_mixin.py:154} INFO - [2023-11-23T02:30:21.928+0000] {dag.py:3722} INFO - Setting next_dagrun for example_setup_teardown to 2023-11-22T02:30:21.927951+00:00, run_after=2023-11-23T02:30:21.927951+00:00
[2023-11-23T02:30:21.987+0000] {processor.py:179} INFO - Processing /home/airflow/.local/lib/python3.8/site-packages/airflow/example_dags/example_setup_teardown.py took 0.234 seconds
[2023-11-23T02:30:52.560+0000] {processor.py:157} INFO - Started process (PID=649) to work on /home/airflow/.local/lib/python3.8/site-packages/airflow/example_dags/example_setup_teardown.py
[2023-11-23T02:30:52.570+0000] {processor.py:829} INFO - Processing file /home/airflow/.local/lib/python3.8/site-packages/airflow/example_dags/example_setup_teardown.py for tasks to queue
[2023-11-23T02:30:52.616+0000] {logging_mixin.py:154} INFO - [2023-11-23T02:30:52.615+0000] {dagbag.py:536} INFO - Filling up the DagBag from /home/airflow/.local/lib/python3.8/site-packages/airflow/example_dags/example_setup_teardown.py
[2023-11-23T02:30:52.697+0000] {processor.py:839} INFO - DAG(s) dict_keys(['example_setup_teardown']) retrieved from /home/airflow/.local/lib/python3.8/site-packages/airflow/example_dags/example_setup_teardown.py
[2023-11-23T02:30:52.877+0000] {logging_mixin.py:154} INFO - [2023-11-23T02:30:52.877+0000] {dag.py:2941} INFO - Sync 1 DAGs
[2023-11-23T02:30:53.040+0000] {logging_mixin.py:154} INFO - [2023-11-23T02:30:53.034+0000] {dag.py:3722} INFO - Setting next_dagrun for example_setup_teardown to 2023-11-22T02:30:53.033348+00:00, run_after=2023-11-23T02:30:53.033348+00:00
[2023-11-23T02:30:53.138+0000] {processor.py:179} INFO - Processing /home/airflow/.local/lib/python3.8/site-packages/airflow/example_dags/example_setup_teardown.py took 0.598 seconds
[2023-11-23T02:31:23.257+0000] {processor.py:157} INFO - Started process (PID=703) to work on /home/airflow/.local/lib/python3.8/site-packages/airflow/example_dags/example_setup_teardown.py
[2023-11-23T02:31:23.259+0000] {processor.py:829} INFO - Processing file /home/airflow/.local/lib/python3.8/site-packages/airflow/example_dags/example_setup_teardown.py for tasks to queue
[2023-11-23T02:31:23.263+0000] {logging_mixin.py:154} INFO - [2023-11-23T02:31:23.263+0000] {dagbag.py:536} INFO - Filling up the DagBag from /home/airflow/.local/lib/python3.8/site-packages/airflow/example_dags/example_setup_teardown.py
[2023-11-23T02:31:23.272+0000] {processor.py:839} INFO - DAG(s) dict_keys(['example_setup_teardown']) retrieved from /home/airflow/.local/lib/python3.8/site-packages/airflow/example_dags/example_setup_teardown.py
[2023-11-23T02:31:23.304+0000] {logging_mixin.py:154} INFO - [2023-11-23T02:31:23.304+0000] {dag.py:2941} INFO - Sync 1 DAGs
[2023-11-23T02:31:23.348+0000] {logging_mixin.py:154} INFO - [2023-11-23T02:31:23.348+0000] {dag.py:3722} INFO - Setting next_dagrun for example_setup_teardown to 2023-11-22T02:31:23.347962+00:00, run_after=2023-11-23T02:31:23.347962+00:00
[2023-11-23T02:31:23.423+0000] {processor.py:179} INFO - Processing /home/airflow/.local/lib/python3.8/site-packages/airflow/example_dags/example_setup_teardown.py took 0.172 seconds
[2023-11-23T03:44:10.671+0000] {processor.py:157} INFO - Started process (PID=63) to work on /home/airflow/.local/lib/python3.8/site-packages/airflow/example_dags/example_setup_teardown.py
[2023-11-23T03:44:10.677+0000] {processor.py:829} INFO - Processing file /home/airflow/.local/lib/python3.8/site-packages/airflow/example_dags/example_setup_teardown.py for tasks to queue
[2023-11-23T03:44:10.687+0000] {logging_mixin.py:154} INFO - [2023-11-23T03:44:10.686+0000] {dagbag.py:536} INFO - Filling up the DagBag from /home/airflow/.local/lib/python3.8/site-packages/airflow/example_dags/example_setup_teardown.py
[2023-11-23T03:44:10.708+0000] {processor.py:839} INFO - DAG(s) dict_keys(['example_setup_teardown']) retrieved from /home/airflow/.local/lib/python3.8/site-packages/airflow/example_dags/example_setup_teardown.py
[2023-11-23T03:44:10.822+0000] {logging_mixin.py:154} INFO - [2023-11-23T03:44:10.822+0000] {dag.py:2941} INFO - Sync 1 DAGs
[2023-11-23T03:44:11.018+0000] {logging_mixin.py:154} INFO - [2023-11-23T03:44:11.018+0000] {dag.py:3722} INFO - Setting next_dagrun for example_setup_teardown to 2023-11-22T03:44:11.018347+00:00, run_after=2023-11-23T03:44:11.018347+00:00
[2023-11-23T03:44:11.170+0000] {processor.py:179} INFO - Processing /home/airflow/.local/lib/python3.8/site-packages/airflow/example_dags/example_setup_teardown.py took 0.504 seconds
[2023-11-23T03:44:52.079+0000] {processor.py:157} INFO - Started process (PID=124) to work on /home/airflow/.local/lib/python3.8/site-packages/airflow/example_dags/example_setup_teardown.py
[2023-11-23T03:44:52.082+0000] {processor.py:829} INFO - Processing file /home/airflow/.local/lib/python3.8/site-packages/airflow/example_dags/example_setup_teardown.py for tasks to queue
[2023-11-23T03:44:52.086+0000] {logging_mixin.py:154} INFO - [2023-11-23T03:44:52.085+0000] {dagbag.py:536} INFO - Filling up the DagBag from /home/airflow/.local/lib/python3.8/site-packages/airflow/example_dags/example_setup_teardown.py
[2023-11-23T03:44:52.098+0000] {processor.py:839} INFO - DAG(s) dict_keys(['example_setup_teardown']) retrieved from /home/airflow/.local/lib/python3.8/site-packages/airflow/example_dags/example_setup_teardown.py
[2023-11-23T03:44:52.153+0000] {logging_mixin.py:154} INFO - [2023-11-23T03:44:52.153+0000] {dag.py:2941} INFO - Sync 1 DAGs
[2023-11-23T03:44:52.220+0000] {logging_mixin.py:154} INFO - [2023-11-23T03:44:52.220+0000] {dag.py:3722} INFO - Setting next_dagrun for example_setup_teardown to 2023-11-22T03:44:52.219693+00:00, run_after=2023-11-23T03:44:52.219693+00:00
[2023-11-23T03:44:52.258+0000] {processor.py:179} INFO - Processing /home/airflow/.local/lib/python3.8/site-packages/airflow/example_dags/example_setup_teardown.py took 0.186 seconds
[2023-11-23T04:15:41.864+0000] {processor.py:157} INFO - Started process (PID=189) to work on /home/airflow/.local/lib/python3.8/site-packages/airflow/example_dags/example_setup_teardown.py
[2023-11-23T04:15:41.866+0000] {processor.py:829} INFO - Processing file /home/airflow/.local/lib/python3.8/site-packages/airflow/example_dags/example_setup_teardown.py for tasks to queue
[2023-11-23T04:15:41.871+0000] {logging_mixin.py:154} INFO - [2023-11-23T04:15:41.870+0000] {dagbag.py:536} INFO - Filling up the DagBag from /home/airflow/.local/lib/python3.8/site-packages/airflow/example_dags/example_setup_teardown.py
[2023-11-23T04:15:41.885+0000] {processor.py:839} INFO - DAG(s) dict_keys(['example_setup_teardown']) retrieved from /home/airflow/.local/lib/python3.8/site-packages/airflow/example_dags/example_setup_teardown.py
[2023-11-23T04:15:41.933+0000] {logging_mixin.py:154} INFO - [2023-11-23T04:15:41.933+0000] {dag.py:2941} INFO - Sync 1 DAGs
[2023-11-23T04:15:41.977+0000] {logging_mixin.py:154} INFO - [2023-11-23T04:15:41.977+0000] {dag.py:3722} INFO - Setting next_dagrun for example_setup_teardown to 2023-11-22T04:15:41.976556+00:00, run_after=2023-11-23T04:15:41.976556+00:00
[2023-11-23T04:15:42.013+0000] {processor.py:179} INFO - Processing /home/airflow/.local/lib/python3.8/site-packages/airflow/example_dags/example_setup_teardown.py took 0.157 seconds
[2023-11-23T04:16:12.102+0000] {processor.py:157} INFO - Started process (PID=242) to work on /home/airflow/.local/lib/python3.8/site-packages/airflow/example_dags/example_setup_teardown.py
[2023-11-23T04:16:12.104+0000] {processor.py:829} INFO - Processing file /home/airflow/.local/lib/python3.8/site-packages/airflow/example_dags/example_setup_teardown.py for tasks to queue
[2023-11-23T04:16:12.108+0000] {logging_mixin.py:154} INFO - [2023-11-23T04:16:12.107+0000] {dagbag.py:536} INFO - Filling up the DagBag from /home/airflow/.local/lib/python3.8/site-packages/airflow/example_dags/example_setup_teardown.py
[2023-11-23T04:16:12.121+0000] {processor.py:839} INFO - DAG(s) dict_keys(['example_setup_teardown']) retrieved from /home/airflow/.local/lib/python3.8/site-packages/airflow/example_dags/example_setup_teardown.py
[2023-11-23T04:16:12.154+0000] {logging_mixin.py:154} INFO - [2023-11-23T04:16:12.154+0000] {dag.py:2941} INFO - Sync 1 DAGs
[2023-11-23T04:16:12.193+0000] {logging_mixin.py:154} INFO - [2023-11-23T04:16:12.193+0000] {dag.py:3722} INFO - Setting next_dagrun for example_setup_teardown to 2023-11-22T04:16:12.192822+00:00, run_after=2023-11-23T04:16:12.192822+00:00
[2023-11-23T04:16:12.230+0000] {processor.py:179} INFO - Processing /home/airflow/.local/lib/python3.8/site-packages/airflow/example_dags/example_setup_teardown.py took 0.135 seconds
[2023-11-23T04:16:42.963+0000] {processor.py:157} INFO - Started process (PID=296) to work on /home/airflow/.local/lib/python3.8/site-packages/airflow/example_dags/example_setup_teardown.py
[2023-11-23T04:16:42.965+0000] {processor.py:829} INFO - Processing file /home/airflow/.local/lib/python3.8/site-packages/airflow/example_dags/example_setup_teardown.py for tasks to queue
[2023-11-23T04:16:42.968+0000] {logging_mixin.py:154} INFO - [2023-11-23T04:16:42.968+0000] {dagbag.py:536} INFO - Filling up the DagBag from /home/airflow/.local/lib/python3.8/site-packages/airflow/example_dags/example_setup_teardown.py
[2023-11-23T04:16:42.979+0000] {processor.py:839} INFO - DAG(s) dict_keys(['example_setup_teardown']) retrieved from /home/airflow/.local/lib/python3.8/site-packages/airflow/example_dags/example_setup_teardown.py
[2023-11-23T04:16:43.006+0000] {logging_mixin.py:154} INFO - [2023-11-23T04:16:43.006+0000] {dag.py:2941} INFO - Sync 1 DAGs
[2023-11-23T04:16:43.041+0000] {logging_mixin.py:154} INFO - [2023-11-23T04:16:43.040+0000] {dag.py:3722} INFO - Setting next_dagrun for example_setup_teardown to 2023-11-22T04:16:43.035867+00:00, run_after=2023-11-23T04:16:43.035867+00:00
[2023-11-23T04:16:43.076+0000] {processor.py:179} INFO - Processing /home/airflow/.local/lib/python3.8/site-packages/airflow/example_dags/example_setup_teardown.py took 0.119 seconds
[2023-11-23T04:17:14.162+0000] {processor.py:157} INFO - Started process (PID=350) to work on /home/airflow/.local/lib/python3.8/site-packages/airflow/example_dags/example_setup_teardown.py
[2023-11-23T04:17:14.165+0000] {processor.py:829} INFO - Processing file /home/airflow/.local/lib/python3.8/site-packages/airflow/example_dags/example_setup_teardown.py for tasks to queue
[2023-11-23T04:17:14.199+0000] {logging_mixin.py:154} INFO - [2023-11-23T04:17:14.199+0000] {dagbag.py:536} INFO - Filling up the DagBag from /home/airflow/.local/lib/python3.8/site-packages/airflow/example_dags/example_setup_teardown.py
[2023-11-23T04:17:14.234+0000] {processor.py:839} INFO - DAG(s) dict_keys(['example_setup_teardown']) retrieved from /home/airflow/.local/lib/python3.8/site-packages/airflow/example_dags/example_setup_teardown.py
[2023-11-23T04:17:14.281+0000] {logging_mixin.py:154} INFO - [2023-11-23T04:17:14.281+0000] {dag.py:2941} INFO - Sync 1 DAGs
[2023-11-23T04:17:14.330+0000] {logging_mixin.py:154} INFO - [2023-11-23T04:17:14.329+0000] {dag.py:3722} INFO - Setting next_dagrun for example_setup_teardown to 2023-11-22T04:17:14.329622+00:00, run_after=2023-11-23T04:17:14.329622+00:00
[2023-11-23T04:17:14.370+0000] {processor.py:179} INFO - Processing /home/airflow/.local/lib/python3.8/site-packages/airflow/example_dags/example_setup_teardown.py took 0.215 seconds
[2023-11-23T04:17:44.736+0000] {processor.py:157} INFO - Started process (PID=404) to work on /home/airflow/.local/lib/python3.8/site-packages/airflow/example_dags/example_setup_teardown.py
[2023-11-23T04:17:44.738+0000] {processor.py:829} INFO - Processing file /home/airflow/.local/lib/python3.8/site-packages/airflow/example_dags/example_setup_teardown.py for tasks to queue
[2023-11-23T04:17:44.740+0000] {logging_mixin.py:154} INFO - [2023-11-23T04:17:44.740+0000] {dagbag.py:536} INFO - Filling up the DagBag from /home/airflow/.local/lib/python3.8/site-packages/airflow/example_dags/example_setup_teardown.py
[2023-11-23T04:17:44.750+0000] {processor.py:839} INFO - DAG(s) dict_keys(['example_setup_teardown']) retrieved from /home/airflow/.local/lib/python3.8/site-packages/airflow/example_dags/example_setup_teardown.py
[2023-11-23T04:17:44.782+0000] {logging_mixin.py:154} INFO - [2023-11-23T04:17:44.782+0000] {dag.py:2941} INFO - Sync 1 DAGs
[2023-11-23T04:17:44.816+0000] {logging_mixin.py:154} INFO - [2023-11-23T04:17:44.815+0000] {dag.py:3722} INFO - Setting next_dagrun for example_setup_teardown to 2023-11-22T04:17:44.815383+00:00, run_after=2023-11-23T04:17:44.815383+00:00
[2023-11-23T04:17:44.836+0000] {processor.py:179} INFO - Processing /home/airflow/.local/lib/python3.8/site-packages/airflow/example_dags/example_setup_teardown.py took 0.104 seconds
[2023-11-23T04:18:15.922+0000] {processor.py:157} INFO - Started process (PID=457) to work on /home/airflow/.local/lib/python3.8/site-packages/airflow/example_dags/example_setup_teardown.py
[2023-11-23T04:18:15.924+0000] {processor.py:829} INFO - Processing file /home/airflow/.local/lib/python3.8/site-packages/airflow/example_dags/example_setup_teardown.py for tasks to queue
[2023-11-23T04:18:15.931+0000] {logging_mixin.py:154} INFO - [2023-11-23T04:18:15.930+0000] {dagbag.py:536} INFO - Filling up the DagBag from /home/airflow/.local/lib/python3.8/site-packages/airflow/example_dags/example_setup_teardown.py
[2023-11-23T04:18:15.946+0000] {processor.py:839} INFO - DAG(s) dict_keys(['example_setup_teardown']) retrieved from /home/airflow/.local/lib/python3.8/site-packages/airflow/example_dags/example_setup_teardown.py
[2023-11-23T04:18:15.994+0000] {logging_mixin.py:154} INFO - [2023-11-23T04:18:15.992+0000] {dag.py:2941} INFO - Sync 1 DAGs
[2023-11-23T04:18:16.074+0000] {logging_mixin.py:154} INFO - [2023-11-23T04:18:16.073+0000] {dag.py:3722} INFO - Setting next_dagrun for example_setup_teardown to 2023-11-22T04:18:16.073535+00:00, run_after=2023-11-23T04:18:16.073535+00:00
[2023-11-23T04:18:16.137+0000] {processor.py:179} INFO - Processing /home/airflow/.local/lib/python3.8/site-packages/airflow/example_dags/example_setup_teardown.py took 0.223 seconds
[2023-11-23T04:18:48.337+0000] {processor.py:157} INFO - Started process (PID=518) to work on /home/airflow/.local/lib/python3.8/site-packages/airflow/example_dags/example_setup_teardown.py
[2023-11-23T04:18:48.339+0000] {processor.py:829} INFO - Processing file /home/airflow/.local/lib/python3.8/site-packages/airflow/example_dags/example_setup_teardown.py for tasks to queue
[2023-11-23T04:18:48.345+0000] {logging_mixin.py:154} INFO - [2023-11-23T04:18:48.344+0000] {dagbag.py:536} INFO - Filling up the DagBag from /home/airflow/.local/lib/python3.8/site-packages/airflow/example_dags/example_setup_teardown.py
[2023-11-23T04:18:48.363+0000] {processor.py:839} INFO - DAG(s) dict_keys(['example_setup_teardown']) retrieved from /home/airflow/.local/lib/python3.8/site-packages/airflow/example_dags/example_setup_teardown.py
[2023-11-23T04:18:48.409+0000] {logging_mixin.py:154} INFO - [2023-11-23T04:18:48.409+0000] {dag.py:2941} INFO - Sync 1 DAGs
[2023-11-23T04:18:48.454+0000] {logging_mixin.py:154} INFO - [2023-11-23T04:18:48.454+0000] {dag.py:3722} INFO - Setting next_dagrun for example_setup_teardown to 2023-11-22T04:18:48.453691+00:00, run_after=2023-11-23T04:18:48.453691+00:00
[2023-11-23T04:18:48.493+0000] {processor.py:179} INFO - Processing /home/airflow/.local/lib/python3.8/site-packages/airflow/example_dags/example_setup_teardown.py took 0.163 seconds
[2023-11-23T04:19:19.617+0000] {processor.py:157} INFO - Started process (PID=572) to work on /home/airflow/.local/lib/python3.8/site-packages/airflow/example_dags/example_setup_teardown.py
[2023-11-23T04:19:19.621+0000] {processor.py:829} INFO - Processing file /home/airflow/.local/lib/python3.8/site-packages/airflow/example_dags/example_setup_teardown.py for tasks to queue
[2023-11-23T04:19:19.631+0000] {logging_mixin.py:154} INFO - [2023-11-23T04:19:19.630+0000] {dagbag.py:536} INFO - Filling up the DagBag from /home/airflow/.local/lib/python3.8/site-packages/airflow/example_dags/example_setup_teardown.py
[2023-11-23T04:19:19.664+0000] {processor.py:839} INFO - DAG(s) dict_keys(['example_setup_teardown']) retrieved from /home/airflow/.local/lib/python3.8/site-packages/airflow/example_dags/example_setup_teardown.py
[2023-11-23T04:19:19.732+0000] {logging_mixin.py:154} INFO - [2023-11-23T04:19:19.732+0000] {dag.py:2941} INFO - Sync 1 DAGs
[2023-11-23T04:19:19.819+0000] {logging_mixin.py:154} INFO - [2023-11-23T04:19:19.819+0000] {dag.py:3722} INFO - Setting next_dagrun for example_setup_teardown to 2023-11-22T04:19:19.818900+00:00, run_after=2023-11-23T04:19:19.818900+00:00
[2023-11-23T04:19:19.869+0000] {processor.py:179} INFO - Processing /home/airflow/.local/lib/python3.8/site-packages/airflow/example_dags/example_setup_teardown.py took 0.265 seconds
[2023-11-23T04:19:49.980+0000] {processor.py:157} INFO - Started process (PID=626) to work on /home/airflow/.local/lib/python3.8/site-packages/airflow/example_dags/example_setup_teardown.py
[2023-11-23T04:19:49.983+0000] {processor.py:829} INFO - Processing file /home/airflow/.local/lib/python3.8/site-packages/airflow/example_dags/example_setup_teardown.py for tasks to queue
[2023-11-23T04:19:49.994+0000] {logging_mixin.py:154} INFO - [2023-11-23T04:19:49.993+0000] {dagbag.py:536} INFO - Filling up the DagBag from /home/airflow/.local/lib/python3.8/site-packages/airflow/example_dags/example_setup_teardown.py
[2023-11-23T04:19:50.014+0000] {processor.py:839} INFO - DAG(s) dict_keys(['example_setup_teardown']) retrieved from /home/airflow/.local/lib/python3.8/site-packages/airflow/example_dags/example_setup_teardown.py
[2023-11-23T04:19:50.065+0000] {logging_mixin.py:154} INFO - [2023-11-23T04:19:50.065+0000] {dag.py:2941} INFO - Sync 1 DAGs
[2023-11-23T04:19:50.141+0000] {logging_mixin.py:154} INFO - [2023-11-23T04:19:50.141+0000] {dag.py:3722} INFO - Setting next_dagrun for example_setup_teardown to 2023-11-22T04:19:50.141030+00:00, run_after=2023-11-23T04:19:50.141030+00:00
[2023-11-23T04:19:50.174+0000] {processor.py:179} INFO - Processing /home/airflow/.local/lib/python3.8/site-packages/airflow/example_dags/example_setup_teardown.py took 0.201 seconds
[2023-11-23T04:20:21.050+0000] {processor.py:157} INFO - Started process (PID=679) to work on /home/airflow/.local/lib/python3.8/site-packages/airflow/example_dags/example_setup_teardown.py
[2023-11-23T04:20:21.053+0000] {processor.py:829} INFO - Processing file /home/airflow/.local/lib/python3.8/site-packages/airflow/example_dags/example_setup_teardown.py for tasks to queue
[2023-11-23T04:20:21.058+0000] {logging_mixin.py:154} INFO - [2023-11-23T04:20:21.058+0000] {dagbag.py:536} INFO - Filling up the DagBag from /home/airflow/.local/lib/python3.8/site-packages/airflow/example_dags/example_setup_teardown.py
[2023-11-23T04:20:21.072+0000] {processor.py:839} INFO - DAG(s) dict_keys(['example_setup_teardown']) retrieved from /home/airflow/.local/lib/python3.8/site-packages/airflow/example_dags/example_setup_teardown.py
[2023-11-23T04:20:21.119+0000] {logging_mixin.py:154} INFO - [2023-11-23T04:20:21.119+0000] {dag.py:2941} INFO - Sync 1 DAGs
[2023-11-23T04:20:21.169+0000] {logging_mixin.py:154} INFO - [2023-11-23T04:20:21.169+0000] {dag.py:3722} INFO - Setting next_dagrun for example_setup_teardown to 2023-11-22T04:20:21.168846+00:00, run_after=2023-11-23T04:20:21.168846+00:00
[2023-11-23T04:20:21.204+0000] {processor.py:179} INFO - Processing /home/airflow/.local/lib/python3.8/site-packages/airflow/example_dags/example_setup_teardown.py took 0.160 seconds
[2023-11-23T04:20:52.324+0000] {processor.py:157} INFO - Started process (PID=733) to work on /home/airflow/.local/lib/python3.8/site-packages/airflow/example_dags/example_setup_teardown.py
[2023-11-23T04:20:52.333+0000] {processor.py:829} INFO - Processing file /home/airflow/.local/lib/python3.8/site-packages/airflow/example_dags/example_setup_teardown.py for tasks to queue
[2023-11-23T04:20:52.341+0000] {logging_mixin.py:154} INFO - [2023-11-23T04:20:52.341+0000] {dagbag.py:536} INFO - Filling up the DagBag from /home/airflow/.local/lib/python3.8/site-packages/airflow/example_dags/example_setup_teardown.py
[2023-11-23T04:20:52.389+0000] {processor.py:839} INFO - DAG(s) dict_keys(['example_setup_teardown']) retrieved from /home/airflow/.local/lib/python3.8/site-packages/airflow/example_dags/example_setup_teardown.py
[2023-11-23T04:20:52.481+0000] {logging_mixin.py:154} INFO - [2023-11-23T04:20:52.481+0000] {dag.py:2941} INFO - Sync 1 DAGs
[2023-11-23T04:20:52.548+0000] {logging_mixin.py:154} INFO - [2023-11-23T04:20:52.548+0000] {dag.py:3722} INFO - Setting next_dagrun for example_setup_teardown to 2023-11-22T04:20:52.547772+00:00, run_after=2023-11-23T04:20:52.547772+00:00
[2023-11-23T04:20:52.610+0000] {processor.py:179} INFO - Processing /home/airflow/.local/lib/python3.8/site-packages/airflow/example_dags/example_setup_teardown.py took 0.295 seconds
[2023-11-23T04:21:27.979+0000] {processor.py:157} INFO - Started process (PID=787) to work on /home/airflow/.local/lib/python3.8/site-packages/airflow/example_dags/example_setup_teardown.py
[2023-11-23T04:21:27.983+0000] {processor.py:829} INFO - Processing file /home/airflow/.local/lib/python3.8/site-packages/airflow/example_dags/example_setup_teardown.py for tasks to queue
[2023-11-23T04:21:28.037+0000] {logging_mixin.py:154} INFO - [2023-11-23T04:21:27.997+0000] {dagbag.py:536} INFO - Filling up the DagBag from /home/airflow/.local/lib/python3.8/site-packages/airflow/example_dags/example_setup_teardown.py
[2023-11-23T04:21:28.080+0000] {processor.py:839} INFO - DAG(s) dict_keys(['example_setup_teardown']) retrieved from /home/airflow/.local/lib/python3.8/site-packages/airflow/example_dags/example_setup_teardown.py
[2023-11-23T04:21:28.182+0000] {logging_mixin.py:154} INFO - [2023-11-23T04:21:28.181+0000] {dag.py:2941} INFO - Sync 1 DAGs
[2023-11-23T04:21:28.314+0000] {logging_mixin.py:154} INFO - [2023-11-23T04:21:28.314+0000] {dag.py:3722} INFO - Setting next_dagrun for example_setup_teardown to 2023-11-22T04:21:28.313916+00:00, run_after=2023-11-23T04:21:28.313916+00:00
[2023-11-23T04:21:28.524+0000] {processor.py:179} INFO - Processing /home/airflow/.local/lib/python3.8/site-packages/airflow/example_dags/example_setup_teardown.py took 0.576 seconds
[2023-11-23T04:21:58.781+0000] {processor.py:157} INFO - Started process (PID=841) to work on /home/airflow/.local/lib/python3.8/site-packages/airflow/example_dags/example_setup_teardown.py
[2023-11-23T04:21:58.786+0000] {processor.py:829} INFO - Processing file /home/airflow/.local/lib/python3.8/site-packages/airflow/example_dags/example_setup_teardown.py for tasks to queue
[2023-11-23T04:21:58.804+0000] {logging_mixin.py:154} INFO - [2023-11-23T04:21:58.803+0000] {dagbag.py:536} INFO - Filling up the DagBag from /home/airflow/.local/lib/python3.8/site-packages/airflow/example_dags/example_setup_teardown.py
[2023-11-23T04:21:58.850+0000] {processor.py:839} INFO - DAG(s) dict_keys(['example_setup_teardown']) retrieved from /home/airflow/.local/lib/python3.8/site-packages/airflow/example_dags/example_setup_teardown.py
[2023-11-23T04:21:58.923+0000] {logging_mixin.py:154} INFO - [2023-11-23T04:21:58.923+0000] {dag.py:2941} INFO - Sync 1 DAGs
[2023-11-23T04:21:58.984+0000] {logging_mixin.py:154} INFO - [2023-11-23T04:21:58.984+0000] {dag.py:3722} INFO - Setting next_dagrun for example_setup_teardown to 2023-11-22T04:21:58.984008+00:00, run_after=2023-11-23T04:21:58.984008+00:00
[2023-11-23T04:22:00.224+0000] {processor.py:179} INFO - Processing /home/airflow/.local/lib/python3.8/site-packages/airflow/example_dags/example_setup_teardown.py took 1.471 seconds
