[2023-11-23T02:25:02.028+0000] {processor.py:157} INFO - Started process (PID=42) to work on /home/airflow/.local/lib/python3.8/site-packages/airflow/example_dags/example_latest_only.py
[2023-11-23T02:25:02.032+0000] {processor.py:829} INFO - Processing file /home/airflow/.local/lib/python3.8/site-packages/airflow/example_dags/example_latest_only.py for tasks to queue
[2023-11-23T02:25:02.038+0000] {logging_mixin.py:154} INFO - [2023-11-23T02:25:02.037+0000] {dagbag.py:536} INFO - Filling up the DagBag from /home/airflow/.local/lib/python3.8/site-packages/airflow/example_dags/example_latest_only.py
[2023-11-23T02:25:02.097+0000] {processor.py:839} INFO - DAG(s) dict_keys(['latest_only']) retrieved from /home/airflow/.local/lib/python3.8/site-packages/airflow/example_dags/example_latest_only.py
[2023-11-23T02:25:02.560+0000] {logging_mixin.py:154} INFO - [2023-11-23T02:25:02.560+0000] {manager.py:499} INFO - Created Permission View: %s
[2023-11-23T02:25:02.606+0000] {logging_mixin.py:154} INFO - [2023-11-23T02:25:02.606+0000] {manager.py:499} INFO - Created Permission View: %s
[2023-11-23T02:25:02.633+0000] {logging_mixin.py:154} INFO - [2023-11-23T02:25:02.630+0000] {manager.py:499} INFO - Created Permission View: %s
[2023-11-23T02:25:02.636+0000] {logging_mixin.py:154} INFO - [2023-11-23T02:25:02.636+0000] {dag.py:2941} INFO - Sync 1 DAGs
[2023-11-23T02:25:02.698+0000] {logging_mixin.py:154} INFO - [2023-11-23T02:25:02.698+0000] {dag.py:2963} INFO - Creating ORM DAG for latest_only
[2023-11-23T02:25:02.742+0000] {logging_mixin.py:154} INFO - [2023-11-23T02:25:02.742+0000] {dag.py:3722} INFO - Setting next_dagrun for latest_only to 2023-11-22T22:25:02.741437+00:00, run_after=2023-11-23T02:25:02.741437+00:00
[2023-11-23T02:25:02.827+0000] {processor.py:179} INFO - Processing /home/airflow/.local/lib/python3.8/site-packages/airflow/example_dags/example_latest_only.py took 0.828 seconds
[2023-11-23T02:25:33.119+0000] {processor.py:157} INFO - Started process (PID=97) to work on /home/airflow/.local/lib/python3.8/site-packages/airflow/example_dags/example_latest_only.py
[2023-11-23T02:25:33.135+0000] {processor.py:829} INFO - Processing file /home/airflow/.local/lib/python3.8/site-packages/airflow/example_dags/example_latest_only.py for tasks to queue
[2023-11-23T02:25:33.142+0000] {logging_mixin.py:154} INFO - [2023-11-23T02:25:33.142+0000] {dagbag.py:536} INFO - Filling up the DagBag from /home/airflow/.local/lib/python3.8/site-packages/airflow/example_dags/example_latest_only.py
[2023-11-23T02:25:33.184+0000] {processor.py:839} INFO - DAG(s) dict_keys(['latest_only']) retrieved from /home/airflow/.local/lib/python3.8/site-packages/airflow/example_dags/example_latest_only.py
[2023-11-23T02:25:33.239+0000] {logging_mixin.py:154} INFO - [2023-11-23T02:25:33.239+0000] {dag.py:2941} INFO - Sync 1 DAGs
[2023-11-23T02:25:33.305+0000] {logging_mixin.py:154} INFO - [2023-11-23T02:25:33.304+0000] {dag.py:3722} INFO - Setting next_dagrun for latest_only to 2023-11-22T22:25:33.303052+00:00, run_after=2023-11-23T02:25:33.303052+00:00
[2023-11-23T02:25:33.359+0000] {processor.py:179} INFO - Processing /home/airflow/.local/lib/python3.8/site-packages/airflow/example_dags/example_latest_only.py took 0.260 seconds
[2023-11-23T02:26:04.245+0000] {processor.py:157} INFO - Started process (PID=151) to work on /home/airflow/.local/lib/python3.8/site-packages/airflow/example_dags/example_latest_only.py
[2023-11-23T02:26:04.261+0000] {processor.py:829} INFO - Processing file /home/airflow/.local/lib/python3.8/site-packages/airflow/example_dags/example_latest_only.py for tasks to queue
[2023-11-23T02:26:04.291+0000] {logging_mixin.py:154} INFO - [2023-11-23T02:26:04.290+0000] {dagbag.py:536} INFO - Filling up the DagBag from /home/airflow/.local/lib/python3.8/site-packages/airflow/example_dags/example_latest_only.py
[2023-11-23T02:26:04.481+0000] {processor.py:839} INFO - DAG(s) dict_keys(['latest_only']) retrieved from /home/airflow/.local/lib/python3.8/site-packages/airflow/example_dags/example_latest_only.py
[2023-11-23T02:26:04.871+0000] {logging_mixin.py:154} INFO - [2023-11-23T02:26:04.871+0000] {dag.py:2941} INFO - Sync 1 DAGs
[2023-11-23T02:26:05.129+0000] {logging_mixin.py:154} INFO - [2023-11-23T02:26:05.128+0000] {dag.py:3722} INFO - Setting next_dagrun for latest_only to 2023-11-22T22:26:05.128527+00:00, run_after=2023-11-23T02:26:05.128527+00:00
[2023-11-23T02:26:05.209+0000] {processor.py:179} INFO - Processing /home/airflow/.local/lib/python3.8/site-packages/airflow/example_dags/example_latest_only.py took 0.970 seconds
[2023-11-23T02:26:35.410+0000] {processor.py:157} INFO - Started process (PID=205) to work on /home/airflow/.local/lib/python3.8/site-packages/airflow/example_dags/example_latest_only.py
[2023-11-23T02:26:35.411+0000] {processor.py:829} INFO - Processing file /home/airflow/.local/lib/python3.8/site-packages/airflow/example_dags/example_latest_only.py for tasks to queue
[2023-11-23T02:26:35.415+0000] {logging_mixin.py:154} INFO - [2023-11-23T02:26:35.415+0000] {dagbag.py:536} INFO - Filling up the DagBag from /home/airflow/.local/lib/python3.8/site-packages/airflow/example_dags/example_latest_only.py
[2023-11-23T02:26:35.423+0000] {processor.py:839} INFO - DAG(s) dict_keys(['latest_only']) retrieved from /home/airflow/.local/lib/python3.8/site-packages/airflow/example_dags/example_latest_only.py
[2023-11-23T02:26:35.450+0000] {logging_mixin.py:154} INFO - [2023-11-23T02:26:35.450+0000] {dag.py:2941} INFO - Sync 1 DAGs
[2023-11-23T02:26:35.479+0000] {logging_mixin.py:154} INFO - [2023-11-23T02:26:35.479+0000] {dag.py:3722} INFO - Setting next_dagrun for latest_only to 2023-11-22T22:26:35.479105+00:00, run_after=2023-11-23T02:26:35.479105+00:00
[2023-11-23T02:26:35.500+0000] {processor.py:179} INFO - Processing /home/airflow/.local/lib/python3.8/site-packages/airflow/example_dags/example_latest_only.py took 0.096 seconds
[2023-11-23T02:27:06.683+0000] {processor.py:157} INFO - Started process (PID=259) to work on /home/airflow/.local/lib/python3.8/site-packages/airflow/example_dags/example_latest_only.py
[2023-11-23T02:27:06.686+0000] {processor.py:829} INFO - Processing file /home/airflow/.local/lib/python3.8/site-packages/airflow/example_dags/example_latest_only.py for tasks to queue
[2023-11-23T02:27:06.703+0000] {logging_mixin.py:154} INFO - [2023-11-23T02:27:06.702+0000] {dagbag.py:536} INFO - Filling up the DagBag from /home/airflow/.local/lib/python3.8/site-packages/airflow/example_dags/example_latest_only.py
[2023-11-23T02:27:06.936+0000] {processor.py:839} INFO - DAG(s) dict_keys(['latest_only']) retrieved from /home/airflow/.local/lib/python3.8/site-packages/airflow/example_dags/example_latest_only.py
[2023-11-23T02:27:07.988+0000] {logging_mixin.py:154} INFO - [2023-11-23T02:27:07.988+0000] {dag.py:2941} INFO - Sync 1 DAGs
[2023-11-23T02:27:08.389+0000] {logging_mixin.py:154} INFO - [2023-11-23T02:27:08.389+0000] {dag.py:3722} INFO - Setting next_dagrun for latest_only to 2023-11-22T22:27:08.388366+00:00, run_after=2023-11-23T02:27:08.388366+00:00
[2023-11-23T02:27:08.544+0000] {processor.py:179} INFO - Processing /home/airflow/.local/lib/python3.8/site-packages/airflow/example_dags/example_latest_only.py took 1.962 seconds
[2023-11-23T02:27:39.183+0000] {processor.py:157} INFO - Started process (PID=313) to work on /home/airflow/.local/lib/python3.8/site-packages/airflow/example_dags/example_latest_only.py
[2023-11-23T02:27:39.196+0000] {processor.py:829} INFO - Processing file /home/airflow/.local/lib/python3.8/site-packages/airflow/example_dags/example_latest_only.py for tasks to queue
[2023-11-23T02:27:39.205+0000] {logging_mixin.py:154} INFO - [2023-11-23T02:27:39.204+0000] {dagbag.py:536} INFO - Filling up the DagBag from /home/airflow/.local/lib/python3.8/site-packages/airflow/example_dags/example_latest_only.py
[2023-11-23T02:27:39.226+0000] {processor.py:839} INFO - DAG(s) dict_keys(['latest_only']) retrieved from /home/airflow/.local/lib/python3.8/site-packages/airflow/example_dags/example_latest_only.py
[2023-11-23T02:27:39.328+0000] {logging_mixin.py:154} INFO - [2023-11-23T02:27:39.327+0000] {dag.py:2941} INFO - Sync 1 DAGs
[2023-11-23T02:27:39.418+0000] {logging_mixin.py:154} INFO - [2023-11-23T02:27:39.417+0000] {dag.py:3722} INFO - Setting next_dagrun for latest_only to 2023-11-22T22:27:39.416904+00:00, run_after=2023-11-23T02:27:39.416904+00:00
[2023-11-23T02:27:39.467+0000] {processor.py:179} INFO - Processing /home/airflow/.local/lib/python3.8/site-packages/airflow/example_dags/example_latest_only.py took 0.291 seconds
[2023-11-23T02:28:09.683+0000] {processor.py:157} INFO - Started process (PID=366) to work on /home/airflow/.local/lib/python3.8/site-packages/airflow/example_dags/example_latest_only.py
[2023-11-23T02:28:09.684+0000] {processor.py:829} INFO - Processing file /home/airflow/.local/lib/python3.8/site-packages/airflow/example_dags/example_latest_only.py for tasks to queue
[2023-11-23T02:28:09.687+0000] {logging_mixin.py:154} INFO - [2023-11-23T02:28:09.687+0000] {dagbag.py:536} INFO - Filling up the DagBag from /home/airflow/.local/lib/python3.8/site-packages/airflow/example_dags/example_latest_only.py
[2023-11-23T02:28:09.695+0000] {processor.py:839} INFO - DAG(s) dict_keys(['latest_only']) retrieved from /home/airflow/.local/lib/python3.8/site-packages/airflow/example_dags/example_latest_only.py
[2023-11-23T02:28:09.722+0000] {logging_mixin.py:154} INFO - [2023-11-23T02:28:09.722+0000] {dag.py:2941} INFO - Sync 1 DAGs
[2023-11-23T02:28:09.750+0000] {logging_mixin.py:154} INFO - [2023-11-23T02:28:09.750+0000] {dag.py:3722} INFO - Setting next_dagrun for latest_only to 2023-11-22T22:28:09.749996+00:00, run_after=2023-11-23T02:28:09.749996+00:00
[2023-11-23T02:28:09.774+0000] {processor.py:179} INFO - Processing /home/airflow/.local/lib/python3.8/site-packages/airflow/example_dags/example_latest_only.py took 0.096 seconds
[2023-11-23T02:28:39.958+0000] {processor.py:157} INFO - Started process (PID=419) to work on /home/airflow/.local/lib/python3.8/site-packages/airflow/example_dags/example_latest_only.py
[2023-11-23T02:28:39.960+0000] {processor.py:829} INFO - Processing file /home/airflow/.local/lib/python3.8/site-packages/airflow/example_dags/example_latest_only.py for tasks to queue
[2023-11-23T02:28:39.963+0000] {logging_mixin.py:154} INFO - [2023-11-23T02:28:39.963+0000] {dagbag.py:536} INFO - Filling up the DagBag from /home/airflow/.local/lib/python3.8/site-packages/airflow/example_dags/example_latest_only.py
[2023-11-23T02:28:39.969+0000] {processor.py:839} INFO - DAG(s) dict_keys(['latest_only']) retrieved from /home/airflow/.local/lib/python3.8/site-packages/airflow/example_dags/example_latest_only.py
[2023-11-23T02:28:39.994+0000] {logging_mixin.py:154} INFO - [2023-11-23T02:28:39.994+0000] {dag.py:2941} INFO - Sync 1 DAGs
[2023-11-23T02:28:40.019+0000] {logging_mixin.py:154} INFO - [2023-11-23T02:28:40.019+0000] {dag.py:3722} INFO - Setting next_dagrun for latest_only to 2023-11-22T22:28:40.019399+00:00, run_after=2023-11-23T02:28:40.019399+00:00
[2023-11-23T02:28:40.045+0000] {processor.py:179} INFO - Processing /home/airflow/.local/lib/python3.8/site-packages/airflow/example_dags/example_latest_only.py took 0.090 seconds
[2023-11-23T02:29:10.472+0000] {processor.py:157} INFO - Started process (PID=471) to work on /home/airflow/.local/lib/python3.8/site-packages/airflow/example_dags/example_latest_only.py
[2023-11-23T02:29:10.479+0000] {processor.py:829} INFO - Processing file /home/airflow/.local/lib/python3.8/site-packages/airflow/example_dags/example_latest_only.py for tasks to queue
[2023-11-23T02:29:10.483+0000] {logging_mixin.py:154} INFO - [2023-11-23T02:29:10.482+0000] {dagbag.py:536} INFO - Filling up the DagBag from /home/airflow/.local/lib/python3.8/site-packages/airflow/example_dags/example_latest_only.py
[2023-11-23T02:29:10.502+0000] {processor.py:839} INFO - DAG(s) dict_keys(['latest_only']) retrieved from /home/airflow/.local/lib/python3.8/site-packages/airflow/example_dags/example_latest_only.py
[2023-11-23T02:29:10.553+0000] {logging_mixin.py:154} INFO - [2023-11-23T02:29:10.553+0000] {dag.py:2941} INFO - Sync 1 DAGs
[2023-11-23T02:29:10.600+0000] {logging_mixin.py:154} INFO - [2023-11-23T02:29:10.600+0000] {dag.py:3722} INFO - Setting next_dagrun for latest_only to 2023-11-22T22:29:10.600138+00:00, run_after=2023-11-23T02:29:10.600138+00:00
[2023-11-23T02:29:10.636+0000] {processor.py:179} INFO - Processing /home/airflow/.local/lib/python3.8/site-packages/airflow/example_dags/example_latest_only.py took 0.168 seconds
[2023-11-23T02:29:40.905+0000] {processor.py:157} INFO - Started process (PID=525) to work on /home/airflow/.local/lib/python3.8/site-packages/airflow/example_dags/example_latest_only.py
[2023-11-23T02:29:40.906+0000] {processor.py:829} INFO - Processing file /home/airflow/.local/lib/python3.8/site-packages/airflow/example_dags/example_latest_only.py for tasks to queue
[2023-11-23T02:29:40.910+0000] {logging_mixin.py:154} INFO - [2023-11-23T02:29:40.909+0000] {dagbag.py:536} INFO - Filling up the DagBag from /home/airflow/.local/lib/python3.8/site-packages/airflow/example_dags/example_latest_only.py
[2023-11-23T02:29:40.917+0000] {processor.py:839} INFO - DAG(s) dict_keys(['latest_only']) retrieved from /home/airflow/.local/lib/python3.8/site-packages/airflow/example_dags/example_latest_only.py
[2023-11-23T02:29:40.946+0000] {logging_mixin.py:154} INFO - [2023-11-23T02:29:40.946+0000] {dag.py:2941} INFO - Sync 1 DAGs
[2023-11-23T02:29:40.971+0000] {logging_mixin.py:154} INFO - [2023-11-23T02:29:40.971+0000] {dag.py:3722} INFO - Setting next_dagrun for latest_only to 2023-11-22T22:29:40.971371+00:00, run_after=2023-11-23T02:29:40.971371+00:00
[2023-11-23T02:29:40.993+0000] {processor.py:179} INFO - Processing /home/airflow/.local/lib/python3.8/site-packages/airflow/example_dags/example_latest_only.py took 0.093 seconds
[2023-11-23T02:30:11.871+0000] {processor.py:157} INFO - Started process (PID=579) to work on /home/airflow/.local/lib/python3.8/site-packages/airflow/example_dags/example_latest_only.py
[2023-11-23T02:30:11.878+0000] {processor.py:829} INFO - Processing file /home/airflow/.local/lib/python3.8/site-packages/airflow/example_dags/example_latest_only.py for tasks to queue
[2023-11-23T02:30:11.894+0000] {logging_mixin.py:154} INFO - [2023-11-23T02:30:11.887+0000] {dagbag.py:536} INFO - Filling up the DagBag from /home/airflow/.local/lib/python3.8/site-packages/airflow/example_dags/example_latest_only.py
[2023-11-23T02:30:11.911+0000] {processor.py:839} INFO - DAG(s) dict_keys(['latest_only']) retrieved from /home/airflow/.local/lib/python3.8/site-packages/airflow/example_dags/example_latest_only.py
[2023-11-23T02:30:11.965+0000] {logging_mixin.py:154} INFO - [2023-11-23T02:30:11.965+0000] {dag.py:2941} INFO - Sync 1 DAGs
[2023-11-23T02:30:12.024+0000] {logging_mixin.py:154} INFO - [2023-11-23T02:30:12.023+0000] {dag.py:3722} INFO - Setting next_dagrun for latest_only to 2023-11-22T22:30:12.022386+00:00, run_after=2023-11-23T02:30:12.022386+00:00
[2023-11-23T02:30:12.072+0000] {processor.py:179} INFO - Processing /home/airflow/.local/lib/python3.8/site-packages/airflow/example_dags/example_latest_only.py took 0.213 seconds
[2023-11-23T02:30:42.851+0000] {processor.py:157} INFO - Started process (PID=632) to work on /home/airflow/.local/lib/python3.8/site-packages/airflow/example_dags/example_latest_only.py
[2023-11-23T02:30:42.853+0000] {processor.py:829} INFO - Processing file /home/airflow/.local/lib/python3.8/site-packages/airflow/example_dags/example_latest_only.py for tasks to queue
[2023-11-23T02:30:42.857+0000] {logging_mixin.py:154} INFO - [2023-11-23T02:30:42.857+0000] {dagbag.py:536} INFO - Filling up the DagBag from /home/airflow/.local/lib/python3.8/site-packages/airflow/example_dags/example_latest_only.py
[2023-11-23T02:30:42.869+0000] {processor.py:839} INFO - DAG(s) dict_keys(['latest_only']) retrieved from /home/airflow/.local/lib/python3.8/site-packages/airflow/example_dags/example_latest_only.py
[2023-11-23T02:30:42.933+0000] {logging_mixin.py:154} INFO - [2023-11-23T02:30:42.933+0000] {dag.py:2941} INFO - Sync 1 DAGs
[2023-11-23T02:30:43.001+0000] {logging_mixin.py:154} INFO - [2023-11-23T02:30:43.001+0000] {dag.py:3722} INFO - Setting next_dagrun for latest_only to 2023-11-22T22:30:43.001136+00:00, run_after=2023-11-23T02:30:43.001136+00:00
[2023-11-23T02:30:43.057+0000] {processor.py:179} INFO - Processing /home/airflow/.local/lib/python3.8/site-packages/airflow/example_dags/example_latest_only.py took 0.215 seconds
[2023-11-23T02:31:13.508+0000] {processor.py:157} INFO - Started process (PID=685) to work on /home/airflow/.local/lib/python3.8/site-packages/airflow/example_dags/example_latest_only.py
[2023-11-23T02:31:13.513+0000] {processor.py:829} INFO - Processing file /home/airflow/.local/lib/python3.8/site-packages/airflow/example_dags/example_latest_only.py for tasks to queue
[2023-11-23T02:31:13.530+0000] {logging_mixin.py:154} INFO - [2023-11-23T02:31:13.529+0000] {dagbag.py:536} INFO - Filling up the DagBag from /home/airflow/.local/lib/python3.8/site-packages/airflow/example_dags/example_latest_only.py
[2023-11-23T02:31:13.547+0000] {processor.py:839} INFO - DAG(s) dict_keys(['latest_only']) retrieved from /home/airflow/.local/lib/python3.8/site-packages/airflow/example_dags/example_latest_only.py
[2023-11-23T02:31:13.594+0000] {logging_mixin.py:154} INFO - [2023-11-23T02:31:13.594+0000] {dag.py:2941} INFO - Sync 1 DAGs
[2023-11-23T02:31:13.653+0000] {logging_mixin.py:154} INFO - [2023-11-23T02:31:13.653+0000] {dag.py:3722} INFO - Setting next_dagrun for latest_only to 2023-11-22T22:31:13.652826+00:00, run_after=2023-11-23T02:31:13.652826+00:00
[2023-11-23T02:31:13.704+0000] {processor.py:179} INFO - Processing /home/airflow/.local/lib/python3.8/site-packages/airflow/example_dags/example_latest_only.py took 0.205 seconds
[2023-11-23T02:31:43.805+0000] {processor.py:157} INFO - Started process (PID=739) to work on /home/airflow/.local/lib/python3.8/site-packages/airflow/example_dags/example_latest_only.py
[2023-11-23T02:31:43.807+0000] {processor.py:829} INFO - Processing file /home/airflow/.local/lib/python3.8/site-packages/airflow/example_dags/example_latest_only.py for tasks to queue
[2023-11-23T02:31:43.817+0000] {logging_mixin.py:154} INFO - [2023-11-23T02:31:43.813+0000] {dagbag.py:536} INFO - Filling up the DagBag from /home/airflow/.local/lib/python3.8/site-packages/airflow/example_dags/example_latest_only.py
[2023-11-23T02:31:43.823+0000] {processor.py:839} INFO - DAG(s) dict_keys(['latest_only']) retrieved from /home/airflow/.local/lib/python3.8/site-packages/airflow/example_dags/example_latest_only.py
[2023-11-23T02:31:43.847+0000] {logging_mixin.py:154} INFO - [2023-11-23T02:31:43.847+0000] {dag.py:2941} INFO - Sync 1 DAGs
[2023-11-23T02:31:43.879+0000] {logging_mixin.py:154} INFO - [2023-11-23T02:31:43.879+0000] {dag.py:3722} INFO - Setting next_dagrun for latest_only to 2023-11-22T22:31:43.878823+00:00, run_after=2023-11-23T02:31:43.878823+00:00
[2023-11-23T02:31:43.902+0000] {processor.py:179} INFO - Processing /home/airflow/.local/lib/python3.8/site-packages/airflow/example_dags/example_latest_only.py took 0.103 seconds
[2023-11-23T03:44:02.383+0000] {processor.py:157} INFO - Started process (PID=48) to work on /home/airflow/.local/lib/python3.8/site-packages/airflow/example_dags/example_latest_only.py
[2023-11-23T03:44:02.389+0000] {processor.py:829} INFO - Processing file /home/airflow/.local/lib/python3.8/site-packages/airflow/example_dags/example_latest_only.py for tasks to queue
[2023-11-23T03:44:02.425+0000] {logging_mixin.py:154} INFO - [2023-11-23T03:44:02.424+0000] {dagbag.py:536} INFO - Filling up the DagBag from /home/airflow/.local/lib/python3.8/site-packages/airflow/example_dags/example_latest_only.py
[2023-11-23T03:44:02.504+0000] {processor.py:839} INFO - DAG(s) dict_keys(['latest_only']) retrieved from /home/airflow/.local/lib/python3.8/site-packages/airflow/example_dags/example_latest_only.py
[2023-11-23T03:44:02.633+0000] {logging_mixin.py:154} INFO - [2023-11-23T03:44:02.632+0000] {dag.py:2941} INFO - Sync 1 DAGs
[2023-11-23T03:44:02.784+0000] {logging_mixin.py:154} INFO - [2023-11-23T03:44:02.784+0000] {dag.py:3722} INFO - Setting next_dagrun for latest_only to 2023-11-22T23:44:02.783783+00:00, run_after=2023-11-23T03:44:02.783783+00:00
[2023-11-23T03:44:02.849+0000] {processor.py:179} INFO - Processing /home/airflow/.local/lib/python3.8/site-packages/airflow/example_dags/example_latest_only.py took 0.517 seconds
[2023-11-23T03:44:35.439+0000] {processor.py:157} INFO - Started process (PID=102) to work on /home/airflow/.local/lib/python3.8/site-packages/airflow/example_dags/example_latest_only.py
[2023-11-23T03:44:35.448+0000] {processor.py:829} INFO - Processing file /home/airflow/.local/lib/python3.8/site-packages/airflow/example_dags/example_latest_only.py for tasks to queue
[2023-11-23T03:44:35.460+0000] {logging_mixin.py:154} INFO - [2023-11-23T03:44:35.460+0000] {dagbag.py:536} INFO - Filling up the DagBag from /home/airflow/.local/lib/python3.8/site-packages/airflow/example_dags/example_latest_only.py
[2023-11-23T03:44:35.503+0000] {processor.py:839} INFO - DAG(s) dict_keys(['latest_only']) retrieved from /home/airflow/.local/lib/python3.8/site-packages/airflow/example_dags/example_latest_only.py
[2023-11-23T03:44:35.665+0000] {logging_mixin.py:154} INFO - [2023-11-23T03:44:35.664+0000] {dag.py:2941} INFO - Sync 1 DAGs
[2023-11-23T03:44:36.142+0000] {logging_mixin.py:154} INFO - [2023-11-23T03:44:35.933+0000] {dag.py:3722} INFO - Setting next_dagrun for latest_only to 2023-11-22T23:44:35.932752+00:00, run_after=2023-11-23T03:44:35.932752+00:00
[2023-11-23T03:44:36.909+0000] {processor.py:179} INFO - Processing /home/airflow/.local/lib/python3.8/site-packages/airflow/example_dags/example_latest_only.py took 1.529 seconds
[2023-11-23T03:45:07.974+0000] {processor.py:157} INFO - Started process (PID=154) to work on /home/airflow/.local/lib/python3.8/site-packages/airflow/example_dags/example_latest_only.py
[2023-11-23T03:45:07.977+0000] {processor.py:829} INFO - Processing file /home/airflow/.local/lib/python3.8/site-packages/airflow/example_dags/example_latest_only.py for tasks to queue
[2023-11-23T03:45:07.982+0000] {logging_mixin.py:154} INFO - [2023-11-23T03:45:07.980+0000] {dagbag.py:536} INFO - Filling up the DagBag from /home/airflow/.local/lib/python3.8/site-packages/airflow/example_dags/example_latest_only.py
[2023-11-23T03:45:07.989+0000] {processor.py:839} INFO - DAG(s) dict_keys(['latest_only']) retrieved from /home/airflow/.local/lib/python3.8/site-packages/airflow/example_dags/example_latest_only.py
[2023-11-23T03:45:08.027+0000] {logging_mixin.py:154} INFO - [2023-11-23T03:45:08.027+0000] {dag.py:2941} INFO - Sync 1 DAGs
[2023-11-23T03:45:08.070+0000] {logging_mixin.py:154} INFO - [2023-11-23T03:45:08.070+0000] {dag.py:3722} INFO - Setting next_dagrun for latest_only to 2023-11-22T23:45:08.069995+00:00, run_after=2023-11-23T03:45:08.069995+00:00
[2023-11-23T03:45:08.096+0000] {processor.py:179} INFO - Processing /home/airflow/.local/lib/python3.8/site-packages/airflow/example_dags/example_latest_only.py took 0.128 seconds
[2023-11-23T04:15:38.812+0000] {processor.py:157} INFO - Started process (PID=174) to work on /home/airflow/.local/lib/python3.8/site-packages/airflow/example_dags/example_latest_only.py
[2023-11-23T04:15:38.822+0000] {processor.py:829} INFO - Processing file /home/airflow/.local/lib/python3.8/site-packages/airflow/example_dags/example_latest_only.py for tasks to queue
[2023-11-23T04:15:38.829+0000] {logging_mixin.py:154} INFO - [2023-11-23T04:15:38.828+0000] {dagbag.py:536} INFO - Filling up the DagBag from /home/airflow/.local/lib/python3.8/site-packages/airflow/example_dags/example_latest_only.py
[2023-11-23T04:15:38.856+0000] {processor.py:839} INFO - DAG(s) dict_keys(['latest_only']) retrieved from /home/airflow/.local/lib/python3.8/site-packages/airflow/example_dags/example_latest_only.py
[2023-11-23T04:15:38.960+0000] {logging_mixin.py:154} INFO - [2023-11-23T04:15:38.959+0000] {dag.py:2941} INFO - Sync 1 DAGs
[2023-11-23T04:15:39.009+0000] {logging_mixin.py:154} INFO - [2023-11-23T04:15:39.009+0000] {dag.py:3722} INFO - Setting next_dagrun for latest_only to 2023-11-23T00:15:39.009276+00:00, run_after=2023-11-23T04:15:39.009276+00:00
[2023-11-23T04:15:39.155+0000] {processor.py:179} INFO - Processing /home/airflow/.local/lib/python3.8/site-packages/airflow/example_dags/example_latest_only.py took 0.351 seconds
[2023-11-23T04:16:09.431+0000] {processor.py:157} INFO - Started process (PID=227) to work on /home/airflow/.local/lib/python3.8/site-packages/airflow/example_dags/example_latest_only.py
[2023-11-23T04:16:09.433+0000] {processor.py:829} INFO - Processing file /home/airflow/.local/lib/python3.8/site-packages/airflow/example_dags/example_latest_only.py for tasks to queue
[2023-11-23T04:16:09.436+0000] {logging_mixin.py:154} INFO - [2023-11-23T04:16:09.436+0000] {dagbag.py:536} INFO - Filling up the DagBag from /home/airflow/.local/lib/python3.8/site-packages/airflow/example_dags/example_latest_only.py
[2023-11-23T04:16:09.447+0000] {processor.py:839} INFO - DAG(s) dict_keys(['latest_only']) retrieved from /home/airflow/.local/lib/python3.8/site-packages/airflow/example_dags/example_latest_only.py
[2023-11-23T04:16:09.485+0000] {logging_mixin.py:154} INFO - [2023-11-23T04:16:09.485+0000] {dag.py:2941} INFO - Sync 1 DAGs
[2023-11-23T04:16:09.522+0000] {logging_mixin.py:154} INFO - [2023-11-23T04:16:09.521+0000] {dag.py:3722} INFO - Setting next_dagrun for latest_only to 2023-11-23T00:16:09.521330+00:00, run_after=2023-11-23T04:16:09.521330+00:00
[2023-11-23T04:16:09.554+0000] {processor.py:179} INFO - Processing /home/airflow/.local/lib/python3.8/site-packages/airflow/example_dags/example_latest_only.py took 0.130 seconds
[2023-11-23T04:16:39.736+0000] {processor.py:157} INFO - Started process (PID=281) to work on /home/airflow/.local/lib/python3.8/site-packages/airflow/example_dags/example_latest_only.py
[2023-11-23T04:16:39.737+0000] {processor.py:829} INFO - Processing file /home/airflow/.local/lib/python3.8/site-packages/airflow/example_dags/example_latest_only.py for tasks to queue
[2023-11-23T04:16:39.740+0000] {logging_mixin.py:154} INFO - [2023-11-23T04:16:39.740+0000] {dagbag.py:536} INFO - Filling up the DagBag from /home/airflow/.local/lib/python3.8/site-packages/airflow/example_dags/example_latest_only.py
[2023-11-23T04:16:39.747+0000] {processor.py:839} INFO - DAG(s) dict_keys(['latest_only']) retrieved from /home/airflow/.local/lib/python3.8/site-packages/airflow/example_dags/example_latest_only.py
[2023-11-23T04:16:39.779+0000] {logging_mixin.py:154} INFO - [2023-11-23T04:16:39.779+0000] {dag.py:2941} INFO - Sync 1 DAGs
[2023-11-23T04:16:39.805+0000] {logging_mixin.py:154} INFO - [2023-11-23T04:16:39.804+0000] {dag.py:3722} INFO - Setting next_dagrun for latest_only to 2023-11-23T00:16:39.804563+00:00, run_after=2023-11-23T04:16:39.804563+00:00
[2023-11-23T04:16:39.831+0000] {processor.py:179} INFO - Processing /home/airflow/.local/lib/python3.8/site-packages/airflow/example_dags/example_latest_only.py took 0.100 seconds
[2023-11-23T04:17:10.680+0000] {processor.py:157} INFO - Started process (PID=335) to work on /home/airflow/.local/lib/python3.8/site-packages/airflow/example_dags/example_latest_only.py
[2023-11-23T04:17:10.681+0000] {processor.py:829} INFO - Processing file /home/airflow/.local/lib/python3.8/site-packages/airflow/example_dags/example_latest_only.py for tasks to queue
[2023-11-23T04:17:10.687+0000] {logging_mixin.py:154} INFO - [2023-11-23T04:17:10.687+0000] {dagbag.py:536} INFO - Filling up the DagBag from /home/airflow/.local/lib/python3.8/site-packages/airflow/example_dags/example_latest_only.py
[2023-11-23T04:17:10.695+0000] {processor.py:839} INFO - DAG(s) dict_keys(['latest_only']) retrieved from /home/airflow/.local/lib/python3.8/site-packages/airflow/example_dags/example_latest_only.py
[2023-11-23T04:17:10.731+0000] {logging_mixin.py:154} INFO - [2023-11-23T04:17:10.730+0000] {dag.py:2941} INFO - Sync 1 DAGs
[2023-11-23T04:17:10.759+0000] {logging_mixin.py:154} INFO - [2023-11-23T04:17:10.759+0000] {dag.py:3722} INFO - Setting next_dagrun for latest_only to 2023-11-23T00:17:10.759150+00:00, run_after=2023-11-23T04:17:10.759150+00:00
[2023-11-23T04:17:10.785+0000] {processor.py:179} INFO - Processing /home/airflow/.local/lib/python3.8/site-packages/airflow/example_dags/example_latest_only.py took 0.112 seconds
[2023-11-23T04:17:41.446+0000] {processor.py:157} INFO - Started process (PID=389) to work on /home/airflow/.local/lib/python3.8/site-packages/airflow/example_dags/example_latest_only.py
[2023-11-23T04:17:41.447+0000] {processor.py:829} INFO - Processing file /home/airflow/.local/lib/python3.8/site-packages/airflow/example_dags/example_latest_only.py for tasks to queue
[2023-11-23T04:17:41.452+0000] {logging_mixin.py:154} INFO - [2023-11-23T04:17:41.451+0000] {dagbag.py:536} INFO - Filling up the DagBag from /home/airflow/.local/lib/python3.8/site-packages/airflow/example_dags/example_latest_only.py
[2023-11-23T04:17:41.461+0000] {processor.py:839} INFO - DAG(s) dict_keys(['latest_only']) retrieved from /home/airflow/.local/lib/python3.8/site-packages/airflow/example_dags/example_latest_only.py
[2023-11-23T04:17:41.486+0000] {logging_mixin.py:154} INFO - [2023-11-23T04:17:41.485+0000] {dag.py:2941} INFO - Sync 1 DAGs
[2023-11-23T04:17:41.513+0000] {logging_mixin.py:154} INFO - [2023-11-23T04:17:41.513+0000] {dag.py:3722} INFO - Setting next_dagrun for latest_only to 2023-11-23T00:17:41.512852+00:00, run_after=2023-11-23T04:17:41.512852+00:00
[2023-11-23T04:17:41.535+0000] {processor.py:179} INFO - Processing /home/airflow/.local/lib/python3.8/site-packages/airflow/example_dags/example_latest_only.py took 0.093 seconds
[2023-11-23T04:18:12.031+0000] {processor.py:157} INFO - Started process (PID=442) to work on /home/airflow/.local/lib/python3.8/site-packages/airflow/example_dags/example_latest_only.py
[2023-11-23T04:18:12.034+0000] {processor.py:829} INFO - Processing file /home/airflow/.local/lib/python3.8/site-packages/airflow/example_dags/example_latest_only.py for tasks to queue
[2023-11-23T04:18:12.042+0000] {logging_mixin.py:154} INFO - [2023-11-23T04:18:12.040+0000] {dagbag.py:536} INFO - Filling up the DagBag from /home/airflow/.local/lib/python3.8/site-packages/airflow/example_dags/example_latest_only.py
[2023-11-23T04:18:12.061+0000] {processor.py:839} INFO - DAG(s) dict_keys(['latest_only']) retrieved from /home/airflow/.local/lib/python3.8/site-packages/airflow/example_dags/example_latest_only.py
[2023-11-23T04:18:12.115+0000] {logging_mixin.py:154} INFO - [2023-11-23T04:18:12.114+0000] {dag.py:2941} INFO - Sync 1 DAGs
[2023-11-23T04:18:12.159+0000] {logging_mixin.py:154} INFO - [2023-11-23T04:18:12.158+0000] {dag.py:3722} INFO - Setting next_dagrun for latest_only to 2023-11-23T00:18:12.158119+00:00, run_after=2023-11-23T04:18:12.158119+00:00
[2023-11-23T04:18:12.224+0000] {processor.py:179} INFO - Processing /home/airflow/.local/lib/python3.8/site-packages/airflow/example_dags/example_latest_only.py took 0.209 seconds
[2023-11-23T04:18:43.112+0000] {processor.py:157} INFO - Started process (PID=496) to work on /home/airflow/.local/lib/python3.8/site-packages/airflow/example_dags/example_latest_only.py
[2023-11-23T04:18:43.116+0000] {processor.py:829} INFO - Processing file /home/airflow/.local/lib/python3.8/site-packages/airflow/example_dags/example_latest_only.py for tasks to queue
[2023-11-23T04:18:43.120+0000] {logging_mixin.py:154} INFO - [2023-11-23T04:18:43.119+0000] {dagbag.py:536} INFO - Filling up the DagBag from /home/airflow/.local/lib/python3.8/site-packages/airflow/example_dags/example_latest_only.py
[2023-11-23T04:18:43.151+0000] {processor.py:839} INFO - DAG(s) dict_keys(['latest_only']) retrieved from /home/airflow/.local/lib/python3.8/site-packages/airflow/example_dags/example_latest_only.py
[2023-11-23T04:18:43.216+0000] {logging_mixin.py:154} INFO - [2023-11-23T04:18:43.216+0000] {dag.py:2941} INFO - Sync 1 DAGs
[2023-11-23T04:18:43.278+0000] {logging_mixin.py:154} INFO - [2023-11-23T04:18:43.277+0000] {dag.py:3722} INFO - Setting next_dagrun for latest_only to 2023-11-23T00:18:43.277502+00:00, run_after=2023-11-23T04:18:43.277502+00:00
[2023-11-23T04:18:43.324+0000] {processor.py:179} INFO - Processing /home/airflow/.local/lib/python3.8/site-packages/airflow/example_dags/example_latest_only.py took 0.221 seconds
[2023-11-23T04:19:13.487+0000] {processor.py:157} INFO - Started process (PID=550) to work on /home/airflow/.local/lib/python3.8/site-packages/airflow/example_dags/example_latest_only.py
[2023-11-23T04:19:13.489+0000] {processor.py:829} INFO - Processing file /home/airflow/.local/lib/python3.8/site-packages/airflow/example_dags/example_latest_only.py for tasks to queue
[2023-11-23T04:19:13.493+0000] {logging_mixin.py:154} INFO - [2023-11-23T04:19:13.492+0000] {dagbag.py:536} INFO - Filling up the DagBag from /home/airflow/.local/lib/python3.8/site-packages/airflow/example_dags/example_latest_only.py
[2023-11-23T04:19:13.502+0000] {processor.py:839} INFO - DAG(s) dict_keys(['latest_only']) retrieved from /home/airflow/.local/lib/python3.8/site-packages/airflow/example_dags/example_latest_only.py
[2023-11-23T04:19:13.543+0000] {logging_mixin.py:154} INFO - [2023-11-23T04:19:13.543+0000] {dag.py:2941} INFO - Sync 1 DAGs
[2023-11-23T04:19:13.586+0000] {logging_mixin.py:154} INFO - [2023-11-23T04:19:13.586+0000] {dag.py:3722} INFO - Setting next_dagrun for latest_only to 2023-11-23T00:19:13.586245+00:00, run_after=2023-11-23T04:19:13.586245+00:00
[2023-11-23T04:19:13.630+0000] {processor.py:179} INFO - Processing /home/airflow/.local/lib/python3.8/site-packages/airflow/example_dags/example_latest_only.py took 0.148 seconds
[2023-11-23T04:19:43.897+0000] {processor.py:157} INFO - Started process (PID=604) to work on /home/airflow/.local/lib/python3.8/site-packages/airflow/example_dags/example_latest_only.py
[2023-11-23T04:19:43.899+0000] {processor.py:829} INFO - Processing file /home/airflow/.local/lib/python3.8/site-packages/airflow/example_dags/example_latest_only.py for tasks to queue
[2023-11-23T04:19:43.905+0000] {logging_mixin.py:154} INFO - [2023-11-23T04:19:43.904+0000] {dagbag.py:536} INFO - Filling up the DagBag from /home/airflow/.local/lib/python3.8/site-packages/airflow/example_dags/example_latest_only.py
[2023-11-23T04:19:43.918+0000] {processor.py:839} INFO - DAG(s) dict_keys(['latest_only']) retrieved from /home/airflow/.local/lib/python3.8/site-packages/airflow/example_dags/example_latest_only.py
[2023-11-23T04:19:43.978+0000] {logging_mixin.py:154} INFO - [2023-11-23T04:19:43.978+0000] {dag.py:2941} INFO - Sync 1 DAGs
[2023-11-23T04:19:44.072+0000] {logging_mixin.py:154} INFO - [2023-11-23T04:19:44.066+0000] {dag.py:3722} INFO - Setting next_dagrun for latest_only to 2023-11-23T00:19:44.064753+00:00, run_after=2023-11-23T04:19:44.064753+00:00
[2023-11-23T04:19:44.134+0000] {processor.py:179} INFO - Processing /home/airflow/.local/lib/python3.8/site-packages/airflow/example_dags/example_latest_only.py took 0.243 seconds
[2023-11-23T04:20:14.673+0000] {processor.py:157} INFO - Started process (PID=658) to work on /home/airflow/.local/lib/python3.8/site-packages/airflow/example_dags/example_latest_only.py
[2023-11-23T04:20:14.692+0000] {processor.py:829} INFO - Processing file /home/airflow/.local/lib/python3.8/site-packages/airflow/example_dags/example_latest_only.py for tasks to queue
[2023-11-23T04:20:14.705+0000] {logging_mixin.py:154} INFO - [2023-11-23T04:20:14.705+0000] {dagbag.py:536} INFO - Filling up the DagBag from /home/airflow/.local/lib/python3.8/site-packages/airflow/example_dags/example_latest_only.py
[2023-11-23T04:20:14.724+0000] {processor.py:839} INFO - DAG(s) dict_keys(['latest_only']) retrieved from /home/airflow/.local/lib/python3.8/site-packages/airflow/example_dags/example_latest_only.py
[2023-11-23T04:20:14.813+0000] {logging_mixin.py:154} INFO - [2023-11-23T04:20:14.813+0000] {dag.py:2941} INFO - Sync 1 DAGs
[2023-11-23T04:20:14.859+0000] {logging_mixin.py:154} INFO - [2023-11-23T04:20:14.859+0000] {dag.py:3722} INFO - Setting next_dagrun for latest_only to 2023-11-23T00:20:14.858731+00:00, run_after=2023-11-23T04:20:14.858731+00:00
[2023-11-23T04:20:14.909+0000] {processor.py:179} INFO - Processing /home/airflow/.local/lib/python3.8/site-packages/airflow/example_dags/example_latest_only.py took 0.260 seconds
[2023-11-23T04:20:45.896+0000] {processor.py:157} INFO - Started process (PID=711) to work on /home/airflow/.local/lib/python3.8/site-packages/airflow/example_dags/example_latest_only.py
[2023-11-23T04:20:45.897+0000] {processor.py:829} INFO - Processing file /home/airflow/.local/lib/python3.8/site-packages/airflow/example_dags/example_latest_only.py for tasks to queue
[2023-11-23T04:20:45.902+0000] {logging_mixin.py:154} INFO - [2023-11-23T04:20:45.901+0000] {dagbag.py:536} INFO - Filling up the DagBag from /home/airflow/.local/lib/python3.8/site-packages/airflow/example_dags/example_latest_only.py
[2023-11-23T04:20:45.912+0000] {processor.py:839} INFO - DAG(s) dict_keys(['latest_only']) retrieved from /home/airflow/.local/lib/python3.8/site-packages/airflow/example_dags/example_latest_only.py
[2023-11-23T04:20:45.937+0000] {logging_mixin.py:154} INFO - [2023-11-23T04:20:45.937+0000] {dag.py:2941} INFO - Sync 1 DAGs
[2023-11-23T04:20:45.968+0000] {logging_mixin.py:154} INFO - [2023-11-23T04:20:45.968+0000] {dag.py:3722} INFO - Setting next_dagrun for latest_only to 2023-11-23T00:20:45.967973+00:00, run_after=2023-11-23T04:20:45.967973+00:00
[2023-11-23T04:20:45.994+0000] {processor.py:179} INFO - Processing /home/airflow/.local/lib/python3.8/site-packages/airflow/example_dags/example_latest_only.py took 0.101 seconds
[2023-11-23T04:21:18.323+0000] {processor.py:157} INFO - Started process (PID=765) to work on /home/airflow/.local/lib/python3.8/site-packages/airflow/example_dags/example_latest_only.py
[2023-11-23T04:21:18.339+0000] {processor.py:829} INFO - Processing file /home/airflow/.local/lib/python3.8/site-packages/airflow/example_dags/example_latest_only.py for tasks to queue
[2023-11-23T04:21:18.369+0000] {logging_mixin.py:154} INFO - [2023-11-23T04:21:18.369+0000] {dagbag.py:536} INFO - Filling up the DagBag from /home/airflow/.local/lib/python3.8/site-packages/airflow/example_dags/example_latest_only.py
[2023-11-23T04:21:18.439+0000] {processor.py:839} INFO - DAG(s) dict_keys(['latest_only']) retrieved from /home/airflow/.local/lib/python3.8/site-packages/airflow/example_dags/example_latest_only.py
[2023-11-23T04:21:18.741+0000] {logging_mixin.py:154} INFO - [2023-11-23T04:21:18.741+0000] {dag.py:2941} INFO - Sync 1 DAGs
[2023-11-23T04:21:20.261+0000] {logging_mixin.py:154} INFO - [2023-11-23T04:21:20.261+0000] {dag.py:3722} INFO - Setting next_dagrun for latest_only to 2023-11-23T00:21:20.260642+00:00, run_after=2023-11-23T04:21:20.260642+00:00
[2023-11-23T04:21:20.424+0000] {processor.py:179} INFO - Processing /home/airflow/.local/lib/python3.8/site-packages/airflow/example_dags/example_latest_only.py took 2.178 seconds
[2023-11-23T04:21:51.973+0000] {processor.py:157} INFO - Started process (PID=826) to work on /home/airflow/.local/lib/python3.8/site-packages/airflow/example_dags/example_latest_only.py
[2023-11-23T04:21:52.005+0000] {processor.py:829} INFO - Processing file /home/airflow/.local/lib/python3.8/site-packages/airflow/example_dags/example_latest_only.py for tasks to queue
[2023-11-23T04:21:52.143+0000] {logging_mixin.py:154} INFO - [2023-11-23T04:21:52.142+0000] {dagbag.py:536} INFO - Filling up the DagBag from /home/airflow/.local/lib/python3.8/site-packages/airflow/example_dags/example_latest_only.py
[2023-11-23T04:21:52.453+0000] {processor.py:839} INFO - DAG(s) dict_keys(['latest_only']) retrieved from /home/airflow/.local/lib/python3.8/site-packages/airflow/example_dags/example_latest_only.py
[2023-11-23T04:21:52.569+0000] {logging_mixin.py:154} INFO - [2023-11-23T04:21:52.569+0000] {dag.py:2941} INFO - Sync 1 DAGs
[2023-11-23T04:21:52.793+0000] {logging_mixin.py:154} INFO - [2023-11-23T04:21:52.793+0000] {dag.py:3722} INFO - Setting next_dagrun for latest_only to 2023-11-23T00:21:52.793162+00:00, run_after=2023-11-23T04:21:52.793162+00:00
[2023-11-23T04:21:53.004+0000] {processor.py:179} INFO - Processing /home/airflow/.local/lib/python3.8/site-packages/airflow/example_dags/example_latest_only.py took 1.105 seconds
