[2023-11-23T02:25:19.333+0000] {processor.py:157} INFO - Started process (PID=78) to work on /home/airflow/.local/lib/python3.8/site-packages/airflow/example_dags/example_xcomargs.py
[2023-11-23T02:25:19.334+0000] {processor.py:829} INFO - Processing file /home/airflow/.local/lib/python3.8/site-packages/airflow/example_dags/example_xcomargs.py for tasks to queue
[2023-11-23T02:25:19.340+0000] {logging_mixin.py:154} INFO - [2023-11-23T02:25:19.339+0000] {dagbag.py:536} INFO - Filling up the DagBag from /home/airflow/.local/lib/python3.8/site-packages/airflow/example_dags/example_xcomargs.py
[2023-11-23T02:25:19.364+0000] {processor.py:839} INFO - DAG(s) dict_keys(['example_xcom_args', 'example_xcom_args_with_operators']) retrieved from /home/airflow/.local/lib/python3.8/site-packages/airflow/example_dags/example_xcomargs.py
[2023-11-23T02:25:19.645+0000] {logging_mixin.py:154} INFO - [2023-11-23T02:25:19.645+0000] {manager.py:499} INFO - Created Permission View: %s
[2023-11-23T02:25:19.672+0000] {logging_mixin.py:154} INFO - [2023-11-23T02:25:19.672+0000] {manager.py:499} INFO - Created Permission View: %s
[2023-11-23T02:25:19.691+0000] {logging_mixin.py:154} INFO - [2023-11-23T02:25:19.691+0000] {manager.py:499} INFO - Created Permission View: %s
[2023-11-23T02:25:19.744+0000] {logging_mixin.py:154} INFO - [2023-11-23T02:25:19.744+0000] {manager.py:499} INFO - Created Permission View: %s
[2023-11-23T02:25:19.763+0000] {logging_mixin.py:154} INFO - [2023-11-23T02:25:19.763+0000] {manager.py:499} INFO - Created Permission View: %s
[2023-11-23T02:25:19.780+0000] {logging_mixin.py:154} INFO - [2023-11-23T02:25:19.780+0000] {manager.py:499} INFO - Created Permission View: %s
[2023-11-23T02:25:19.781+0000] {logging_mixin.py:154} INFO - [2023-11-23T02:25:19.781+0000] {dag.py:2941} INFO - Sync 2 DAGs
[2023-11-23T02:25:19.795+0000] {logging_mixin.py:154} INFO - [2023-11-23T02:25:19.795+0000] {dag.py:2963} INFO - Creating ORM DAG for example_xcom_args_with_operators
[2023-11-23T02:25:19.796+0000] {logging_mixin.py:154} INFO - [2023-11-23T02:25:19.796+0000] {dag.py:2963} INFO - Creating ORM DAG for example_xcom_args
[2023-11-23T02:25:19.797+0000] {logging_mixin.py:154} INFO - [2023-11-23T02:25:19.797+0000] {dag.py:3722} INFO - Setting next_dagrun for example_xcom_args to None, run_after=None
[2023-11-23T02:25:19.799+0000] {logging_mixin.py:154} INFO - [2023-11-23T02:25:19.798+0000] {dag.py:3722} INFO - Setting next_dagrun for example_xcom_args_with_operators to None, run_after=None
[2023-11-23T02:25:19.835+0000] {processor.py:179} INFO - Processing /home/airflow/.local/lib/python3.8/site-packages/airflow/example_dags/example_xcomargs.py took 0.514 seconds
[2023-11-23T02:25:57.021+0000] {processor.py:157} INFO - Started process (PID=132) to work on /home/airflow/.local/lib/python3.8/site-packages/airflow/example_dags/example_xcomargs.py
[2023-11-23T02:25:57.024+0000] {processor.py:829} INFO - Processing file /home/airflow/.local/lib/python3.8/site-packages/airflow/example_dags/example_xcomargs.py for tasks to queue
[2023-11-23T02:25:57.033+0000] {logging_mixin.py:154} INFO - [2023-11-23T02:25:57.031+0000] {dagbag.py:536} INFO - Filling up the DagBag from /home/airflow/.local/lib/python3.8/site-packages/airflow/example_dags/example_xcomargs.py
[2023-11-23T02:25:57.070+0000] {processor.py:839} INFO - DAG(s) dict_keys(['example_xcom_args', 'example_xcom_args_with_operators']) retrieved from /home/airflow/.local/lib/python3.8/site-packages/airflow/example_dags/example_xcomargs.py
[2023-11-23T02:25:57.159+0000] {logging_mixin.py:154} INFO - [2023-11-23T02:25:57.157+0000] {dag.py:2941} INFO - Sync 2 DAGs
[2023-11-23T02:25:57.204+0000] {logging_mixin.py:154} INFO - [2023-11-23T02:25:57.203+0000] {dag.py:3722} INFO - Setting next_dagrun for example_xcom_args to None, run_after=None
[2023-11-23T02:25:57.227+0000] {logging_mixin.py:154} INFO - [2023-11-23T02:25:57.226+0000] {dag.py:3722} INFO - Setting next_dagrun for example_xcom_args_with_operators to None, run_after=None
[2023-11-23T02:25:57.322+0000] {processor.py:179} INFO - Processing /home/airflow/.local/lib/python3.8/site-packages/airflow/example_dags/example_xcomargs.py took 0.318 seconds
[2023-11-23T02:26:28.062+0000] {processor.py:157} INFO - Started process (PID=185) to work on /home/airflow/.local/lib/python3.8/site-packages/airflow/example_dags/example_xcomargs.py
[2023-11-23T02:26:28.066+0000] {processor.py:829} INFO - Processing file /home/airflow/.local/lib/python3.8/site-packages/airflow/example_dags/example_xcomargs.py for tasks to queue
[2023-11-23T02:26:28.069+0000] {logging_mixin.py:154} INFO - [2023-11-23T02:26:28.069+0000] {dagbag.py:536} INFO - Filling up the DagBag from /home/airflow/.local/lib/python3.8/site-packages/airflow/example_dags/example_xcomargs.py
[2023-11-23T02:26:28.083+0000] {processor.py:839} INFO - DAG(s) dict_keys(['example_xcom_args_with_operators', 'example_xcom_args']) retrieved from /home/airflow/.local/lib/python3.8/site-packages/airflow/example_dags/example_xcomargs.py
[2023-11-23T02:26:28.126+0000] {logging_mixin.py:154} INFO - [2023-11-23T02:26:28.125+0000] {dag.py:2941} INFO - Sync 2 DAGs
[2023-11-23T02:26:28.144+0000] {logging_mixin.py:154} INFO - [2023-11-23T02:26:28.144+0000] {dag.py:3722} INFO - Setting next_dagrun for example_xcom_args to None, run_after=None
[2023-11-23T02:26:28.149+0000] {logging_mixin.py:154} INFO - [2023-11-23T02:26:28.148+0000] {dag.py:3722} INFO - Setting next_dagrun for example_xcom_args_with_operators to None, run_after=None
[2023-11-23T02:26:28.173+0000] {processor.py:179} INFO - Processing /home/airflow/.local/lib/python3.8/site-packages/airflow/example_dags/example_xcomargs.py took 0.117 seconds
[2023-11-23T02:26:58.886+0000] {processor.py:157} INFO - Started process (PID=239) to work on /home/airflow/.local/lib/python3.8/site-packages/airflow/example_dags/example_xcomargs.py
[2023-11-23T02:26:58.888+0000] {processor.py:829} INFO - Processing file /home/airflow/.local/lib/python3.8/site-packages/airflow/example_dags/example_xcomargs.py for tasks to queue
[2023-11-23T02:26:58.892+0000] {logging_mixin.py:154} INFO - [2023-11-23T02:26:58.892+0000] {dagbag.py:536} INFO - Filling up the DagBag from /home/airflow/.local/lib/python3.8/site-packages/airflow/example_dags/example_xcomargs.py
[2023-11-23T02:26:58.907+0000] {processor.py:839} INFO - DAG(s) dict_keys(['example_xcom_args_with_operators', 'example_xcom_args']) retrieved from /home/airflow/.local/lib/python3.8/site-packages/airflow/example_dags/example_xcomargs.py
[2023-11-23T02:26:58.970+0000] {logging_mixin.py:154} INFO - [2023-11-23T02:26:58.970+0000] {dag.py:2941} INFO - Sync 2 DAGs
[2023-11-23T02:26:59.008+0000] {logging_mixin.py:154} INFO - [2023-11-23T02:26:59.008+0000] {dag.py:3722} INFO - Setting next_dagrun for example_xcom_args to None, run_after=None
[2023-11-23T02:26:59.015+0000] {logging_mixin.py:154} INFO - [2023-11-23T02:26:59.015+0000] {dag.py:3722} INFO - Setting next_dagrun for example_xcom_args_with_operators to None, run_after=None
[2023-11-23T02:26:59.040+0000] {processor.py:179} INFO - Processing /home/airflow/.local/lib/python3.8/site-packages/airflow/example_dags/example_xcomargs.py took 0.160 seconds
[2023-11-23T02:27:30.312+0000] {processor.py:157} INFO - Started process (PID=293) to work on /home/airflow/.local/lib/python3.8/site-packages/airflow/example_dags/example_xcomargs.py
[2023-11-23T02:27:30.321+0000] {processor.py:829} INFO - Processing file /home/airflow/.local/lib/python3.8/site-packages/airflow/example_dags/example_xcomargs.py for tasks to queue
[2023-11-23T02:27:30.335+0000] {logging_mixin.py:154} INFO - [2023-11-23T02:27:30.335+0000] {dagbag.py:536} INFO - Filling up the DagBag from /home/airflow/.local/lib/python3.8/site-packages/airflow/example_dags/example_xcomargs.py
[2023-11-23T02:27:30.389+0000] {processor.py:839} INFO - DAG(s) dict_keys(['example_xcom_args_with_operators', 'example_xcom_args']) retrieved from /home/airflow/.local/lib/python3.8/site-packages/airflow/example_dags/example_xcomargs.py
[2023-11-23T02:27:30.828+0000] {logging_mixin.py:154} INFO - [2023-11-23T02:27:30.827+0000] {dag.py:2941} INFO - Sync 2 DAGs
[2023-11-23T02:27:30.947+0000] {logging_mixin.py:154} INFO - [2023-11-23T02:27:30.947+0000] {dag.py:3722} INFO - Setting next_dagrun for example_xcom_args to None, run_after=None
[2023-11-23T02:27:30.972+0000] {logging_mixin.py:154} INFO - [2023-11-23T02:27:30.972+0000] {dag.py:3722} INFO - Setting next_dagrun for example_xcom_args_with_operators to None, run_after=None
[2023-11-23T02:27:31.181+0000] {processor.py:179} INFO - Processing /home/airflow/.local/lib/python3.8/site-packages/airflow/example_dags/example_xcomargs.py took 0.887 seconds
[2023-11-23T02:28:02.012+0000] {processor.py:157} INFO - Started process (PID=346) to work on /home/airflow/.local/lib/python3.8/site-packages/airflow/example_dags/example_xcomargs.py
[2023-11-23T02:28:02.019+0000] {processor.py:829} INFO - Processing file /home/airflow/.local/lib/python3.8/site-packages/airflow/example_dags/example_xcomargs.py for tasks to queue
[2023-11-23T02:28:02.030+0000] {logging_mixin.py:154} INFO - [2023-11-23T02:28:02.030+0000] {dagbag.py:536} INFO - Filling up the DagBag from /home/airflow/.local/lib/python3.8/site-packages/airflow/example_dags/example_xcomargs.py
[2023-11-23T02:28:02.052+0000] {processor.py:839} INFO - DAG(s) dict_keys(['example_xcom_args_with_operators', 'example_xcom_args']) retrieved from /home/airflow/.local/lib/python3.8/site-packages/airflow/example_dags/example_xcomargs.py
[2023-11-23T02:28:02.181+0000] {logging_mixin.py:154} INFO - [2023-11-23T02:28:02.181+0000] {dag.py:2941} INFO - Sync 2 DAGs
[2023-11-23T02:28:02.319+0000] {logging_mixin.py:154} INFO - [2023-11-23T02:28:02.318+0000] {dag.py:3722} INFO - Setting next_dagrun for example_xcom_args to None, run_after=None
[2023-11-23T02:28:02.336+0000] {logging_mixin.py:154} INFO - [2023-11-23T02:28:02.336+0000] {dag.py:3722} INFO - Setting next_dagrun for example_xcom_args_with_operators to None, run_after=None
[2023-11-23T02:28:02.412+0000] {processor.py:179} INFO - Processing /home/airflow/.local/lib/python3.8/site-packages/airflow/example_dags/example_xcomargs.py took 0.412 seconds
[2023-11-23T02:28:32.935+0000] {processor.py:157} INFO - Started process (PID=399) to work on /home/airflow/.local/lib/python3.8/site-packages/airflow/example_dags/example_xcomargs.py
[2023-11-23T02:28:32.936+0000] {processor.py:829} INFO - Processing file /home/airflow/.local/lib/python3.8/site-packages/airflow/example_dags/example_xcomargs.py for tasks to queue
[2023-11-23T02:28:32.939+0000] {logging_mixin.py:154} INFO - [2023-11-23T02:28:32.939+0000] {dagbag.py:536} INFO - Filling up the DagBag from /home/airflow/.local/lib/python3.8/site-packages/airflow/example_dags/example_xcomargs.py
[2023-11-23T02:28:32.950+0000] {processor.py:839} INFO - DAG(s) dict_keys(['example_xcom_args_with_operators', 'example_xcom_args']) retrieved from /home/airflow/.local/lib/python3.8/site-packages/airflow/example_dags/example_xcomargs.py
[2023-11-23T02:28:32.979+0000] {logging_mixin.py:154} INFO - [2023-11-23T02:28:32.979+0000] {dag.py:2941} INFO - Sync 2 DAGs
[2023-11-23T02:28:32.995+0000] {logging_mixin.py:154} INFO - [2023-11-23T02:28:32.994+0000] {dag.py:3722} INFO - Setting next_dagrun for example_xcom_args to None, run_after=None
[2023-11-23T02:28:33.008+0000] {logging_mixin.py:154} INFO - [2023-11-23T02:28:33.008+0000] {dag.py:3722} INFO - Setting next_dagrun for example_xcom_args_with_operators to None, run_after=None
[2023-11-23T02:28:33.065+0000] {processor.py:179} INFO - Processing /home/airflow/.local/lib/python3.8/site-packages/airflow/example_dags/example_xcomargs.py took 0.135 seconds
[2023-11-23T02:29:03.155+0000] {processor.py:157} INFO - Started process (PID=453) to work on /home/airflow/.local/lib/python3.8/site-packages/airflow/example_dags/example_xcomargs.py
[2023-11-23T02:29:03.156+0000] {processor.py:829} INFO - Processing file /home/airflow/.local/lib/python3.8/site-packages/airflow/example_dags/example_xcomargs.py for tasks to queue
[2023-11-23T02:29:03.160+0000] {logging_mixin.py:154} INFO - [2023-11-23T02:29:03.159+0000] {dagbag.py:536} INFO - Filling up the DagBag from /home/airflow/.local/lib/python3.8/site-packages/airflow/example_dags/example_xcomargs.py
[2023-11-23T02:29:03.170+0000] {processor.py:839} INFO - DAG(s) dict_keys(['example_xcom_args', 'example_xcom_args_with_operators']) retrieved from /home/airflow/.local/lib/python3.8/site-packages/airflow/example_dags/example_xcomargs.py
[2023-11-23T02:29:03.199+0000] {logging_mixin.py:154} INFO - [2023-11-23T02:29:03.199+0000] {dag.py:2941} INFO - Sync 2 DAGs
[2023-11-23T02:29:03.219+0000] {logging_mixin.py:154} INFO - [2023-11-23T02:29:03.219+0000] {dag.py:3722} INFO - Setting next_dagrun for example_xcom_args to None, run_after=None
[2023-11-23T02:29:03.223+0000] {logging_mixin.py:154} INFO - [2023-11-23T02:29:03.223+0000] {dag.py:3722} INFO - Setting next_dagrun for example_xcom_args_with_operators to None, run_after=None
[2023-11-23T02:29:03.249+0000] {processor.py:179} INFO - Processing /home/airflow/.local/lib/python3.8/site-packages/airflow/example_dags/example_xcomargs.py took 0.098 seconds
[2023-11-23T02:29:33.387+0000] {processor.py:157} INFO - Started process (PID=507) to work on /home/airflow/.local/lib/python3.8/site-packages/airflow/example_dags/example_xcomargs.py
[2023-11-23T02:29:33.390+0000] {processor.py:829} INFO - Processing file /home/airflow/.local/lib/python3.8/site-packages/airflow/example_dags/example_xcomargs.py for tasks to queue
[2023-11-23T02:29:33.394+0000] {logging_mixin.py:154} INFO - [2023-11-23T02:29:33.394+0000] {dagbag.py:536} INFO - Filling up the DagBag from /home/airflow/.local/lib/python3.8/site-packages/airflow/example_dags/example_xcomargs.py
[2023-11-23T02:29:33.404+0000] {processor.py:839} INFO - DAG(s) dict_keys(['example_xcom_args', 'example_xcom_args_with_operators']) retrieved from /home/airflow/.local/lib/python3.8/site-packages/airflow/example_dags/example_xcomargs.py
[2023-11-23T02:29:33.433+0000] {logging_mixin.py:154} INFO - [2023-11-23T02:29:33.433+0000] {dag.py:2941} INFO - Sync 2 DAGs
[2023-11-23T02:29:33.449+0000] {logging_mixin.py:154} INFO - [2023-11-23T02:29:33.449+0000] {dag.py:3722} INFO - Setting next_dagrun for example_xcom_args to None, run_after=None
[2023-11-23T02:29:33.454+0000] {logging_mixin.py:154} INFO - [2023-11-23T02:29:33.453+0000] {dag.py:3722} INFO - Setting next_dagrun for example_xcom_args_with_operators to None, run_after=None
[2023-11-23T02:29:33.479+0000] {processor.py:179} INFO - Processing /home/airflow/.local/lib/python3.8/site-packages/airflow/example_dags/example_xcomargs.py took 0.096 seconds
[2023-11-23T02:30:03.689+0000] {processor.py:157} INFO - Started process (PID=561) to work on /home/airflow/.local/lib/python3.8/site-packages/airflow/example_dags/example_xcomargs.py
[2023-11-23T02:30:03.692+0000] {processor.py:829} INFO - Processing file /home/airflow/.local/lib/python3.8/site-packages/airflow/example_dags/example_xcomargs.py for tasks to queue
[2023-11-23T02:30:03.710+0000] {logging_mixin.py:154} INFO - [2023-11-23T02:30:03.710+0000] {dagbag.py:536} INFO - Filling up the DagBag from /home/airflow/.local/lib/python3.8/site-packages/airflow/example_dags/example_xcomargs.py
[2023-11-23T02:30:03.776+0000] {processor.py:839} INFO - DAG(s) dict_keys(['example_xcom_args_with_operators', 'example_xcom_args']) retrieved from /home/airflow/.local/lib/python3.8/site-packages/airflow/example_dags/example_xcomargs.py
[2023-11-23T02:30:03.888+0000] {logging_mixin.py:154} INFO - [2023-11-23T02:30:03.887+0000] {dag.py:2941} INFO - Sync 2 DAGs
[2023-11-23T02:30:03.957+0000] {logging_mixin.py:154} INFO - [2023-11-23T02:30:03.957+0000] {dag.py:3722} INFO - Setting next_dagrun for example_xcom_args to None, run_after=None
[2023-11-23T02:30:03.966+0000] {logging_mixin.py:154} INFO - [2023-11-23T02:30:03.965+0000] {dag.py:3722} INFO - Setting next_dagrun for example_xcom_args_with_operators to None, run_after=None
[2023-11-23T02:30:04.009+0000] {processor.py:179} INFO - Processing /home/airflow/.local/lib/python3.8/site-packages/airflow/example_dags/example_xcomargs.py took 0.349 seconds
[2023-11-23T02:30:34.548+0000] {processor.py:157} INFO - Started process (PID=614) to work on /home/airflow/.local/lib/python3.8/site-packages/airflow/example_dags/example_xcomargs.py
[2023-11-23T02:30:34.560+0000] {processor.py:829} INFO - Processing file /home/airflow/.local/lib/python3.8/site-packages/airflow/example_dags/example_xcomargs.py for tasks to queue
[2023-11-23T02:30:34.581+0000] {logging_mixin.py:154} INFO - [2023-11-23T02:30:34.577+0000] {dagbag.py:536} INFO - Filling up the DagBag from /home/airflow/.local/lib/python3.8/site-packages/airflow/example_dags/example_xcomargs.py
[2023-11-23T02:30:34.625+0000] {processor.py:839} INFO - DAG(s) dict_keys(['example_xcom_args', 'example_xcom_args_with_operators']) retrieved from /home/airflow/.local/lib/python3.8/site-packages/airflow/example_dags/example_xcomargs.py
[2023-11-23T02:30:34.717+0000] {logging_mixin.py:154} INFO - [2023-11-23T02:30:34.716+0000] {dag.py:2941} INFO - Sync 2 DAGs
[2023-11-23T02:30:34.745+0000] {logging_mixin.py:154} INFO - [2023-11-23T02:30:34.745+0000] {dag.py:3722} INFO - Setting next_dagrun for example_xcom_args to None, run_after=None
[2023-11-23T02:30:34.753+0000] {logging_mixin.py:154} INFO - [2023-11-23T02:30:34.752+0000] {dag.py:3722} INFO - Setting next_dagrun for example_xcom_args_with_operators to None, run_after=None
[2023-11-23T02:30:34.785+0000] {processor.py:179} INFO - Processing /home/airflow/.local/lib/python3.8/site-packages/airflow/example_dags/example_xcomargs.py took 0.245 seconds
[2023-11-23T02:31:04.923+0000] {processor.py:157} INFO - Started process (PID=668) to work on /home/airflow/.local/lib/python3.8/site-packages/airflow/example_dags/example_xcomargs.py
[2023-11-23T02:31:04.927+0000] {processor.py:829} INFO - Processing file /home/airflow/.local/lib/python3.8/site-packages/airflow/example_dags/example_xcomargs.py for tasks to queue
[2023-11-23T02:31:04.934+0000] {logging_mixin.py:154} INFO - [2023-11-23T02:31:04.933+0000] {dagbag.py:536} INFO - Filling up the DagBag from /home/airflow/.local/lib/python3.8/site-packages/airflow/example_dags/example_xcomargs.py
[2023-11-23T02:31:04.958+0000] {processor.py:839} INFO - DAG(s) dict_keys(['example_xcom_args', 'example_xcom_args_with_operators']) retrieved from /home/airflow/.local/lib/python3.8/site-packages/airflow/example_dags/example_xcomargs.py
[2023-11-23T02:31:05.009+0000] {logging_mixin.py:154} INFO - [2023-11-23T02:31:05.008+0000] {dag.py:2941} INFO - Sync 2 DAGs
[2023-11-23T02:31:05.037+0000] {logging_mixin.py:154} INFO - [2023-11-23T02:31:05.037+0000] {dag.py:3722} INFO - Setting next_dagrun for example_xcom_args to None, run_after=None
[2023-11-23T02:31:05.053+0000] {logging_mixin.py:154} INFO - [2023-11-23T02:31:05.053+0000] {dag.py:3722} INFO - Setting next_dagrun for example_xcom_args_with_operators to None, run_after=None
[2023-11-23T02:31:05.099+0000] {processor.py:179} INFO - Processing /home/airflow/.local/lib/python3.8/site-packages/airflow/example_dags/example_xcomargs.py took 0.188 seconds
[2023-11-23T02:31:35.883+0000] {processor.py:157} INFO - Started process (PID=722) to work on /home/airflow/.local/lib/python3.8/site-packages/airflow/example_dags/example_xcomargs.py
[2023-11-23T02:31:35.886+0000] {processor.py:829} INFO - Processing file /home/airflow/.local/lib/python3.8/site-packages/airflow/example_dags/example_xcomargs.py for tasks to queue
[2023-11-23T02:31:35.910+0000] {logging_mixin.py:154} INFO - [2023-11-23T02:31:35.909+0000] {dagbag.py:536} INFO - Filling up the DagBag from /home/airflow/.local/lib/python3.8/site-packages/airflow/example_dags/example_xcomargs.py
[2023-11-23T02:31:35.924+0000] {processor.py:839} INFO - DAG(s) dict_keys(['example_xcom_args_with_operators', 'example_xcom_args']) retrieved from /home/airflow/.local/lib/python3.8/site-packages/airflow/example_dags/example_xcomargs.py
[2023-11-23T02:31:36.015+0000] {logging_mixin.py:154} INFO - [2023-11-23T02:31:36.014+0000] {dag.py:2941} INFO - Sync 2 DAGs
[2023-11-23T02:31:36.060+0000] {logging_mixin.py:154} INFO - [2023-11-23T02:31:36.060+0000] {dag.py:3722} INFO - Setting next_dagrun for example_xcom_args to None, run_after=None
[2023-11-23T02:31:36.079+0000] {logging_mixin.py:154} INFO - [2023-11-23T02:31:36.079+0000] {dag.py:3722} INFO - Setting next_dagrun for example_xcom_args_with_operators to None, run_after=None
[2023-11-23T02:31:36.125+0000] {processor.py:179} INFO - Processing /home/airflow/.local/lib/python3.8/site-packages/airflow/example_dags/example_xcomargs.py took 0.253 seconds
[2023-11-23T03:44:23.775+0000] {processor.py:157} INFO - Started process (PID=83) to work on /home/airflow/.local/lib/python3.8/site-packages/airflow/example_dags/example_xcomargs.py
[2023-11-23T03:44:23.841+0000] {processor.py:829} INFO - Processing file /home/airflow/.local/lib/python3.8/site-packages/airflow/example_dags/example_xcomargs.py for tasks to queue
[2023-11-23T03:44:23.909+0000] {logging_mixin.py:154} INFO - [2023-11-23T03:44:23.908+0000] {dagbag.py:536} INFO - Filling up the DagBag from /home/airflow/.local/lib/python3.8/site-packages/airflow/example_dags/example_xcomargs.py
[2023-11-23T03:44:23.976+0000] {processor.py:839} INFO - DAG(s) dict_keys(['example_xcom_args_with_operators', 'example_xcom_args']) retrieved from /home/airflow/.local/lib/python3.8/site-packages/airflow/example_dags/example_xcomargs.py
[2023-11-23T03:44:24.120+0000] {logging_mixin.py:154} INFO - [2023-11-23T03:44:24.119+0000] {dag.py:2941} INFO - Sync 2 DAGs
[2023-11-23T03:44:24.295+0000] {logging_mixin.py:154} INFO - [2023-11-23T03:44:24.257+0000] {dag.py:3722} INFO - Setting next_dagrun for example_xcom_args to None, run_after=None
[2023-11-23T03:44:24.320+0000] {logging_mixin.py:154} INFO - [2023-11-23T03:44:24.320+0000] {dag.py:3722} INFO - Setting next_dagrun for example_xcom_args_with_operators to None, run_after=None
[2023-11-23T03:44:24.535+0000] {processor.py:179} INFO - Processing /home/airflow/.local/lib/python3.8/site-packages/airflow/example_dags/example_xcomargs.py took 0.801 seconds
[2023-11-23T03:44:54.848+0000] {processor.py:157} INFO - Started process (PID=136) to work on /home/airflow/.local/lib/python3.8/site-packages/airflow/example_dags/example_xcomargs.py
[2023-11-23T03:44:54.850+0000] {processor.py:829} INFO - Processing file /home/airflow/.local/lib/python3.8/site-packages/airflow/example_dags/example_xcomargs.py for tasks to queue
[2023-11-23T03:44:54.853+0000] {logging_mixin.py:154} INFO - [2023-11-23T03:44:54.853+0000] {dagbag.py:536} INFO - Filling up the DagBag from /home/airflow/.local/lib/python3.8/site-packages/airflow/example_dags/example_xcomargs.py
[2023-11-23T03:44:54.871+0000] {processor.py:839} INFO - DAG(s) dict_keys(['example_xcom_args_with_operators', 'example_xcom_args']) retrieved from /home/airflow/.local/lib/python3.8/site-packages/airflow/example_dags/example_xcomargs.py
[2023-11-23T03:44:54.919+0000] {logging_mixin.py:154} INFO - [2023-11-23T03:44:54.918+0000] {dag.py:2941} INFO - Sync 2 DAGs
[2023-11-23T03:44:54.939+0000] {logging_mixin.py:154} INFO - [2023-11-23T03:44:54.939+0000] {dag.py:3722} INFO - Setting next_dagrun for example_xcom_args to None, run_after=None
[2023-11-23T03:44:54.945+0000] {logging_mixin.py:154} INFO - [2023-11-23T03:44:54.944+0000] {dag.py:3722} INFO - Setting next_dagrun for example_xcom_args_with_operators to None, run_after=None
[2023-11-23T03:44:54.975+0000] {processor.py:179} INFO - Processing /home/airflow/.local/lib/python3.8/site-packages/airflow/example_dags/example_xcomargs.py took 0.134 seconds
[2023-11-23T04:15:43.420+0000] {processor.py:157} INFO - Started process (PID=202) to work on /home/airflow/.local/lib/python3.8/site-packages/airflow/example_dags/example_xcomargs.py
[2023-11-23T04:15:43.422+0000] {processor.py:829} INFO - Processing file /home/airflow/.local/lib/python3.8/site-packages/airflow/example_dags/example_xcomargs.py for tasks to queue
[2023-11-23T04:15:43.427+0000] {logging_mixin.py:154} INFO - [2023-11-23T04:15:43.427+0000] {dagbag.py:536} INFO - Filling up the DagBag from /home/airflow/.local/lib/python3.8/site-packages/airflow/example_dags/example_xcomargs.py
[2023-11-23T04:15:43.443+0000] {processor.py:839} INFO - DAG(s) dict_keys(['example_xcom_args_with_operators', 'example_xcom_args']) retrieved from /home/airflow/.local/lib/python3.8/site-packages/airflow/example_dags/example_xcomargs.py
[2023-11-23T04:15:43.487+0000] {logging_mixin.py:154} INFO - [2023-11-23T04:15:43.486+0000] {dag.py:2941} INFO - Sync 2 DAGs
[2023-11-23T04:15:43.531+0000] {logging_mixin.py:154} INFO - [2023-11-23T04:15:43.531+0000] {dag.py:3722} INFO - Setting next_dagrun for example_xcom_args to None, run_after=None
[2023-11-23T04:15:43.543+0000] {logging_mixin.py:154} INFO - [2023-11-23T04:15:43.543+0000] {dag.py:3722} INFO - Setting next_dagrun for example_xcom_args_with_operators to None, run_after=None
[2023-11-23T04:15:43.573+0000] {processor.py:179} INFO - Processing /home/airflow/.local/lib/python3.8/site-packages/airflow/example_dags/example_xcomargs.py took 0.160 seconds
[2023-11-23T04:16:14.474+0000] {processor.py:157} INFO - Started process (PID=255) to work on /home/airflow/.local/lib/python3.8/site-packages/airflow/example_dags/example_xcomargs.py
[2023-11-23T04:16:14.476+0000] {processor.py:829} INFO - Processing file /home/airflow/.local/lib/python3.8/site-packages/airflow/example_dags/example_xcomargs.py for tasks to queue
[2023-11-23T04:16:14.480+0000] {logging_mixin.py:154} INFO - [2023-11-23T04:16:14.480+0000] {dagbag.py:536} INFO - Filling up the DagBag from /home/airflow/.local/lib/python3.8/site-packages/airflow/example_dags/example_xcomargs.py
[2023-11-23T04:16:14.500+0000] {processor.py:839} INFO - DAG(s) dict_keys(['example_xcom_args_with_operators', 'example_xcom_args']) retrieved from /home/airflow/.local/lib/python3.8/site-packages/airflow/example_dags/example_xcomargs.py
[2023-11-23T04:16:14.610+0000] {logging_mixin.py:154} INFO - [2023-11-23T04:16:14.609+0000] {dag.py:2941} INFO - Sync 2 DAGs
[2023-11-23T04:16:14.641+0000] {logging_mixin.py:154} INFO - [2023-11-23T04:16:14.641+0000] {dag.py:3722} INFO - Setting next_dagrun for example_xcom_args to None, run_after=None
[2023-11-23T04:16:14.648+0000] {logging_mixin.py:154} INFO - [2023-11-23T04:16:14.647+0000] {dag.py:3722} INFO - Setting next_dagrun for example_xcom_args_with_operators to None, run_after=None
[2023-11-23T04:16:14.673+0000] {processor.py:179} INFO - Processing /home/airflow/.local/lib/python3.8/site-packages/airflow/example_dags/example_xcomargs.py took 0.206 seconds
[2023-11-23T04:16:44.792+0000] {processor.py:157} INFO - Started process (PID=308) to work on /home/airflow/.local/lib/python3.8/site-packages/airflow/example_dags/example_xcomargs.py
[2023-11-23T04:16:44.793+0000] {processor.py:829} INFO - Processing file /home/airflow/.local/lib/python3.8/site-packages/airflow/example_dags/example_xcomargs.py for tasks to queue
[2023-11-23T04:16:44.796+0000] {logging_mixin.py:154} INFO - [2023-11-23T04:16:44.796+0000] {dagbag.py:536} INFO - Filling up the DagBag from /home/airflow/.local/lib/python3.8/site-packages/airflow/example_dags/example_xcomargs.py
[2023-11-23T04:16:44.811+0000] {processor.py:839} INFO - DAG(s) dict_keys(['example_xcom_args_with_operators', 'example_xcom_args']) retrieved from /home/airflow/.local/lib/python3.8/site-packages/airflow/example_dags/example_xcomargs.py
[2023-11-23T04:16:44.844+0000] {logging_mixin.py:154} INFO - [2023-11-23T04:16:44.844+0000] {dag.py:2941} INFO - Sync 2 DAGs
[2023-11-23T04:16:44.870+0000] {logging_mixin.py:154} INFO - [2023-11-23T04:16:44.869+0000] {dag.py:3722} INFO - Setting next_dagrun for example_xcom_args to None, run_after=None
[2023-11-23T04:16:44.874+0000] {logging_mixin.py:154} INFO - [2023-11-23T04:16:44.874+0000] {dag.py:3722} INFO - Setting next_dagrun for example_xcom_args_with_operators to None, run_after=None
[2023-11-23T04:16:44.894+0000] {processor.py:179} INFO - Processing /home/airflow/.local/lib/python3.8/site-packages/airflow/example_dags/example_xcomargs.py took 0.107 seconds
[2023-11-23T04:17:15.582+0000] {processor.py:157} INFO - Started process (PID=362) to work on /home/airflow/.local/lib/python3.8/site-packages/airflow/example_dags/example_xcomargs.py
[2023-11-23T04:17:15.584+0000] {processor.py:829} INFO - Processing file /home/airflow/.local/lib/python3.8/site-packages/airflow/example_dags/example_xcomargs.py for tasks to queue
[2023-11-23T04:17:15.589+0000] {logging_mixin.py:154} INFO - [2023-11-23T04:17:15.589+0000] {dagbag.py:536} INFO - Filling up the DagBag from /home/airflow/.local/lib/python3.8/site-packages/airflow/example_dags/example_xcomargs.py
[2023-11-23T04:17:15.621+0000] {processor.py:839} INFO - DAG(s) dict_keys(['example_xcom_args', 'example_xcom_args_with_operators']) retrieved from /home/airflow/.local/lib/python3.8/site-packages/airflow/example_dags/example_xcomargs.py
[2023-11-23T04:17:15.687+0000] {logging_mixin.py:154} INFO - [2023-11-23T04:17:15.686+0000] {dag.py:2941} INFO - Sync 2 DAGs
[2023-11-23T04:17:15.712+0000] {logging_mixin.py:154} INFO - [2023-11-23T04:17:15.712+0000] {dag.py:3722} INFO - Setting next_dagrun for example_xcom_args to None, run_after=None
[2023-11-23T04:17:15.720+0000] {logging_mixin.py:154} INFO - [2023-11-23T04:17:15.720+0000] {dag.py:3722} INFO - Setting next_dagrun for example_xcom_args_with_operators to None, run_after=None
[2023-11-23T04:17:15.759+0000] {processor.py:179} INFO - Processing /home/airflow/.local/lib/python3.8/site-packages/airflow/example_dags/example_xcomargs.py took 0.182 seconds
[2023-11-23T04:17:46.124+0000] {processor.py:157} INFO - Started process (PID=416) to work on /home/airflow/.local/lib/python3.8/site-packages/airflow/example_dags/example_xcomargs.py
[2023-11-23T04:17:46.125+0000] {processor.py:829} INFO - Processing file /home/airflow/.local/lib/python3.8/site-packages/airflow/example_dags/example_xcomargs.py for tasks to queue
[2023-11-23T04:17:46.129+0000] {logging_mixin.py:154} INFO - [2023-11-23T04:17:46.129+0000] {dagbag.py:536} INFO - Filling up the DagBag from /home/airflow/.local/lib/python3.8/site-packages/airflow/example_dags/example_xcomargs.py
[2023-11-23T04:17:46.142+0000] {processor.py:839} INFO - DAG(s) dict_keys(['example_xcom_args_with_operators', 'example_xcom_args']) retrieved from /home/airflow/.local/lib/python3.8/site-packages/airflow/example_dags/example_xcomargs.py
[2023-11-23T04:17:46.182+0000] {logging_mixin.py:154} INFO - [2023-11-23T04:17:46.182+0000] {dag.py:2941} INFO - Sync 2 DAGs
[2023-11-23T04:17:46.200+0000] {logging_mixin.py:154} INFO - [2023-11-23T04:17:46.200+0000] {dag.py:3722} INFO - Setting next_dagrun for example_xcom_args to None, run_after=None
[2023-11-23T04:17:46.207+0000] {logging_mixin.py:154} INFO - [2023-11-23T04:17:46.207+0000] {dag.py:3722} INFO - Setting next_dagrun for example_xcom_args_with_operators to None, run_after=None
[2023-11-23T04:17:46.230+0000] {processor.py:179} INFO - Processing /home/airflow/.local/lib/python3.8/site-packages/airflow/example_dags/example_xcomargs.py took 0.111 seconds
[2023-11-23T04:18:18.001+0000] {processor.py:157} INFO - Started process (PID=476) to work on /home/airflow/.local/lib/python3.8/site-packages/airflow/example_dags/example_xcomargs.py
[2023-11-23T04:18:18.006+0000] {processor.py:829} INFO - Processing file /home/airflow/.local/lib/python3.8/site-packages/airflow/example_dags/example_xcomargs.py for tasks to queue
[2023-11-23T04:18:18.012+0000] {logging_mixin.py:154} INFO - [2023-11-23T04:18:18.012+0000] {dagbag.py:536} INFO - Filling up the DagBag from /home/airflow/.local/lib/python3.8/site-packages/airflow/example_dags/example_xcomargs.py
[2023-11-23T04:18:18.033+0000] {processor.py:839} INFO - DAG(s) dict_keys(['example_xcom_args_with_operators', 'example_xcom_args']) retrieved from /home/airflow/.local/lib/python3.8/site-packages/airflow/example_dags/example_xcomargs.py
[2023-11-23T04:18:18.091+0000] {logging_mixin.py:154} INFO - [2023-11-23T04:18:18.091+0000] {dag.py:2941} INFO - Sync 2 DAGs
[2023-11-23T04:18:18.119+0000] {logging_mixin.py:154} INFO - [2023-11-23T04:18:18.119+0000] {dag.py:3722} INFO - Setting next_dagrun for example_xcom_args to None, run_after=None
[2023-11-23T04:18:18.125+0000] {logging_mixin.py:154} INFO - [2023-11-23T04:18:18.125+0000] {dag.py:3722} INFO - Setting next_dagrun for example_xcom_args_with_operators to None, run_after=None
[2023-11-23T04:18:18.162+0000] {processor.py:179} INFO - Processing /home/airflow/.local/lib/python3.8/site-packages/airflow/example_dags/example_xcomargs.py took 0.168 seconds
[2023-11-23T04:18:50.308+0000] {processor.py:157} INFO - Started process (PID=531) to work on /home/airflow/.local/lib/python3.8/site-packages/airflow/example_dags/example_xcomargs.py
[2023-11-23T04:18:50.312+0000] {processor.py:829} INFO - Processing file /home/airflow/.local/lib/python3.8/site-packages/airflow/example_dags/example_xcomargs.py for tasks to queue
[2023-11-23T04:18:50.361+0000] {logging_mixin.py:154} INFO - [2023-11-23T04:18:50.360+0000] {dagbag.py:536} INFO - Filling up the DagBag from /home/airflow/.local/lib/python3.8/site-packages/airflow/example_dags/example_xcomargs.py
[2023-11-23T04:18:50.446+0000] {processor.py:839} INFO - DAG(s) dict_keys(['example_xcom_args', 'example_xcom_args_with_operators']) retrieved from /home/airflow/.local/lib/python3.8/site-packages/airflow/example_dags/example_xcomargs.py
[2023-11-23T04:18:50.542+0000] {logging_mixin.py:154} INFO - [2023-11-23T04:18:50.541+0000] {dag.py:2941} INFO - Sync 2 DAGs
[2023-11-23T04:18:50.584+0000] {logging_mixin.py:154} INFO - [2023-11-23T04:18:50.584+0000] {dag.py:3722} INFO - Setting next_dagrun for example_xcom_args to None, run_after=None
[2023-11-23T04:18:50.601+0000] {logging_mixin.py:154} INFO - [2023-11-23T04:18:50.600+0000] {dag.py:3722} INFO - Setting next_dagrun for example_xcom_args_with_operators to None, run_after=None
[2023-11-23T04:18:50.653+0000] {processor.py:179} INFO - Processing /home/airflow/.local/lib/python3.8/site-packages/airflow/example_dags/example_xcomargs.py took 0.354 seconds
[2023-11-23T04:19:22.437+0000] {processor.py:157} INFO - Started process (PID=585) to work on /home/airflow/.local/lib/python3.8/site-packages/airflow/example_dags/example_xcomargs.py
[2023-11-23T04:19:22.439+0000] {processor.py:829} INFO - Processing file /home/airflow/.local/lib/python3.8/site-packages/airflow/example_dags/example_xcomargs.py for tasks to queue
[2023-11-23T04:19:22.447+0000] {logging_mixin.py:154} INFO - [2023-11-23T04:19:22.447+0000] {dagbag.py:536} INFO - Filling up the DagBag from /home/airflow/.local/lib/python3.8/site-packages/airflow/example_dags/example_xcomargs.py
[2023-11-23T04:19:22.480+0000] {processor.py:839} INFO - DAG(s) dict_keys(['example_xcom_args', 'example_xcom_args_with_operators']) retrieved from /home/airflow/.local/lib/python3.8/site-packages/airflow/example_dags/example_xcomargs.py
[2023-11-23T04:19:22.704+0000] {logging_mixin.py:154} INFO - [2023-11-23T04:19:22.703+0000] {dag.py:2941} INFO - Sync 2 DAGs
[2023-11-23T04:19:22.771+0000] {logging_mixin.py:154} INFO - [2023-11-23T04:19:22.770+0000] {dag.py:3722} INFO - Setting next_dagrun for example_xcom_args to None, run_after=None
[2023-11-23T04:19:22.778+0000] {logging_mixin.py:154} INFO - [2023-11-23T04:19:22.777+0000] {dag.py:3722} INFO - Setting next_dagrun for example_xcom_args_with_operators to None, run_after=None
[2023-11-23T04:19:22.809+0000] {processor.py:179} INFO - Processing /home/airflow/.local/lib/python3.8/site-packages/airflow/example_dags/example_xcomargs.py took 0.386 seconds
[2023-11-23T04:19:53.521+0000] {processor.py:157} INFO - Started process (PID=639) to work on /home/airflow/.local/lib/python3.8/site-packages/airflow/example_dags/example_xcomargs.py
[2023-11-23T04:19:53.524+0000] {processor.py:829} INFO - Processing file /home/airflow/.local/lib/python3.8/site-packages/airflow/example_dags/example_xcomargs.py for tasks to queue
[2023-11-23T04:19:53.533+0000] {logging_mixin.py:154} INFO - [2023-11-23T04:19:53.533+0000] {dagbag.py:536} INFO - Filling up the DagBag from /home/airflow/.local/lib/python3.8/site-packages/airflow/example_dags/example_xcomargs.py
[2023-11-23T04:19:53.583+0000] {processor.py:839} INFO - DAG(s) dict_keys(['example_xcom_args', 'example_xcom_args_with_operators']) retrieved from /home/airflow/.local/lib/python3.8/site-packages/airflow/example_dags/example_xcomargs.py
[2023-11-23T04:19:53.800+0000] {logging_mixin.py:154} INFO - [2023-11-23T04:19:53.799+0000] {dag.py:2941} INFO - Sync 2 DAGs
[2023-11-23T04:19:53.884+0000] {logging_mixin.py:154} INFO - [2023-11-23T04:19:53.884+0000] {dag.py:3722} INFO - Setting next_dagrun for example_xcom_args to None, run_after=None
[2023-11-23T04:19:53.902+0000] {logging_mixin.py:154} INFO - [2023-11-23T04:19:53.902+0000] {dag.py:3722} INFO - Setting next_dagrun for example_xcom_args_with_operators to None, run_after=None
[2023-11-23T04:19:53.994+0000] {processor.py:179} INFO - Processing /home/airflow/.local/lib/python3.8/site-packages/airflow/example_dags/example_xcomargs.py took 0.491 seconds
[2023-11-23T04:20:24.679+0000] {processor.py:157} INFO - Started process (PID=691) to work on /home/airflow/.local/lib/python3.8/site-packages/airflow/example_dags/example_xcomargs.py
[2023-11-23T04:20:24.681+0000] {processor.py:829} INFO - Processing file /home/airflow/.local/lib/python3.8/site-packages/airflow/example_dags/example_xcomargs.py for tasks to queue
[2023-11-23T04:20:24.688+0000] {logging_mixin.py:154} INFO - [2023-11-23T04:20:24.687+0000] {dagbag.py:536} INFO - Filling up the DagBag from /home/airflow/.local/lib/python3.8/site-packages/airflow/example_dags/example_xcomargs.py
[2023-11-23T04:20:24.740+0000] {processor.py:839} INFO - DAG(s) dict_keys(['example_xcom_args', 'example_xcom_args_with_operators']) retrieved from /home/airflow/.local/lib/python3.8/site-packages/airflow/example_dags/example_xcomargs.py
[2023-11-23T04:20:24.793+0000] {logging_mixin.py:154} INFO - [2023-11-23T04:20:24.793+0000] {dag.py:2941} INFO - Sync 2 DAGs
[2023-11-23T04:20:24.819+0000] {logging_mixin.py:154} INFO - [2023-11-23T04:20:24.819+0000] {dag.py:3722} INFO - Setting next_dagrun for example_xcom_args to None, run_after=None
[2023-11-23T04:20:24.825+0000] {logging_mixin.py:154} INFO - [2023-11-23T04:20:24.825+0000] {dag.py:3722} INFO - Setting next_dagrun for example_xcom_args_with_operators to None, run_after=None
[2023-11-23T04:20:24.862+0000] {processor.py:179} INFO - Processing /home/airflow/.local/lib/python3.8/site-packages/airflow/example_dags/example_xcomargs.py took 0.190 seconds
[2023-11-23T04:20:55.471+0000] {processor.py:157} INFO - Started process (PID=745) to work on /home/airflow/.local/lib/python3.8/site-packages/airflow/example_dags/example_xcomargs.py
[2023-11-23T04:20:55.473+0000] {processor.py:829} INFO - Processing file /home/airflow/.local/lib/python3.8/site-packages/airflow/example_dags/example_xcomargs.py for tasks to queue
[2023-11-23T04:20:55.487+0000] {logging_mixin.py:154} INFO - [2023-11-23T04:20:55.487+0000] {dagbag.py:536} INFO - Filling up the DagBag from /home/airflow/.local/lib/python3.8/site-packages/airflow/example_dags/example_xcomargs.py
[2023-11-23T04:20:55.520+0000] {processor.py:839} INFO - DAG(s) dict_keys(['example_xcom_args_with_operators', 'example_xcom_args']) retrieved from /home/airflow/.local/lib/python3.8/site-packages/airflow/example_dags/example_xcomargs.py
[2023-11-23T04:20:55.610+0000] {logging_mixin.py:154} INFO - [2023-11-23T04:20:55.609+0000] {dag.py:2941} INFO - Sync 2 DAGs
[2023-11-23T04:20:55.685+0000] {logging_mixin.py:154} INFO - [2023-11-23T04:20:55.685+0000] {dag.py:3722} INFO - Setting next_dagrun for example_xcom_args to None, run_after=None
[2023-11-23T04:20:55.693+0000] {logging_mixin.py:154} INFO - [2023-11-23T04:20:55.693+0000] {dag.py:3722} INFO - Setting next_dagrun for example_xcom_args_with_operators to None, run_after=None
[2023-11-23T04:20:55.732+0000] {processor.py:179} INFO - Processing /home/airflow/.local/lib/python3.8/site-packages/airflow/example_dags/example_xcomargs.py took 0.289 seconds
[2023-11-23T04:21:33.974+0000] {processor.py:157} INFO - Started process (PID=800) to work on /home/airflow/.local/lib/python3.8/site-packages/airflow/example_dags/example_xcomargs.py
[2023-11-23T04:21:34.053+0000] {processor.py:829} INFO - Processing file /home/airflow/.local/lib/python3.8/site-packages/airflow/example_dags/example_xcomargs.py for tasks to queue
[2023-11-23T04:21:34.064+0000] {logging_mixin.py:154} INFO - [2023-11-23T04:21:34.063+0000] {dagbag.py:536} INFO - Filling up the DagBag from /home/airflow/.local/lib/python3.8/site-packages/airflow/example_dags/example_xcomargs.py
[2023-11-23T04:21:34.177+0000] {processor.py:839} INFO - DAG(s) dict_keys(['example_xcom_args_with_operators', 'example_xcom_args']) retrieved from /home/airflow/.local/lib/python3.8/site-packages/airflow/example_dags/example_xcomargs.py
[2023-11-23T04:21:34.317+0000] {logging_mixin.py:154} INFO - [2023-11-23T04:21:34.317+0000] {dag.py:2941} INFO - Sync 2 DAGs
[2023-11-23T04:21:34.408+0000] {logging_mixin.py:154} INFO - [2023-11-23T04:21:34.408+0000] {dag.py:3722} INFO - Setting next_dagrun for example_xcom_args to None, run_after=None
[2023-11-23T04:21:34.415+0000] {logging_mixin.py:154} INFO - [2023-11-23T04:21:34.415+0000] {dag.py:3722} INFO - Setting next_dagrun for example_xcom_args_with_operators to None, run_after=None
[2023-11-23T04:21:34.507+0000] {processor.py:179} INFO - Processing /home/airflow/.local/lib/python3.8/site-packages/airflow/example_dags/example_xcomargs.py took 0.610 seconds
[2023-11-23T04:22:06.854+0000] {processor.py:157} INFO - Started process (PID=854) to work on /home/airflow/.local/lib/python3.8/site-packages/airflow/example_dags/example_xcomargs.py
[2023-11-23T04:22:06.861+0000] {processor.py:829} INFO - Processing file /home/airflow/.local/lib/python3.8/site-packages/airflow/example_dags/example_xcomargs.py for tasks to queue
[2023-11-23T04:22:06.878+0000] {logging_mixin.py:154} INFO - [2023-11-23T04:22:06.877+0000] {dagbag.py:536} INFO - Filling up the DagBag from /home/airflow/.local/lib/python3.8/site-packages/airflow/example_dags/example_xcomargs.py
[2023-11-23T04:22:06.915+0000] {processor.py:839} INFO - DAG(s) dict_keys(['example_xcom_args', 'example_xcom_args_with_operators']) retrieved from /home/airflow/.local/lib/python3.8/site-packages/airflow/example_dags/example_xcomargs.py
[2023-11-23T04:22:07.038+0000] {logging_mixin.py:154} INFO - [2023-11-23T04:22:07.037+0000] {dag.py:2941} INFO - Sync 2 DAGs
[2023-11-23T04:22:07.100+0000] {logging_mixin.py:154} INFO - [2023-11-23T04:22:07.100+0000] {dag.py:3722} INFO - Setting next_dagrun for example_xcom_args to None, run_after=None
[2023-11-23T04:22:07.114+0000] {logging_mixin.py:154} INFO - [2023-11-23T04:22:07.114+0000] {dag.py:3722} INFO - Setting next_dagrun for example_xcom_args_with_operators to None, run_after=None
[2023-11-23T04:22:07.188+0000] {processor.py:179} INFO - Processing /home/airflow/.local/lib/python3.8/site-packages/airflow/example_dags/example_xcomargs.py took 0.356 seconds
