[2023-11-23T02:25:12.135+0000] {processor.py:157} INFO - Started process (PID=58) to work on /home/airflow/.local/lib/python3.8/site-packages/airflow/example_dags/example_external_task_marker_dag.py
[2023-11-23T02:25:12.140+0000] {processor.py:829} INFO - Processing file /home/airflow/.local/lib/python3.8/site-packages/airflow/example_dags/example_external_task_marker_dag.py for tasks to queue
[2023-11-23T02:25:12.147+0000] {logging_mixin.py:154} INFO - [2023-11-23T02:25:12.145+0000] {dagbag.py:536} INFO - Filling up the DagBag from /home/airflow/.local/lib/python3.8/site-packages/airflow/example_dags/example_external_task_marker_dag.py
[2023-11-23T02:25:12.165+0000] {processor.py:839} INFO - DAG(s) dict_keys(['example_external_task_marker_child', 'example_external_task_marker_parent']) retrieved from /home/airflow/.local/lib/python3.8/site-packages/airflow/example_dags/example_external_task_marker_dag.py
[2023-11-23T02:25:12.472+0000] {logging_mixin.py:154} INFO - [2023-11-23T02:25:12.472+0000] {manager.py:499} INFO - Created Permission View: %s
[2023-11-23T02:25:12.505+0000] {logging_mixin.py:154} INFO - [2023-11-23T02:25:12.504+0000] {manager.py:499} INFO - Created Permission View: %s
[2023-11-23T02:25:12.576+0000] {logging_mixin.py:154} INFO - [2023-11-23T02:25:12.573+0000] {manager.py:499} INFO - Created Permission View: %s
[2023-11-23T02:25:12.669+0000] {logging_mixin.py:154} INFO - [2023-11-23T02:25:12.669+0000] {manager.py:499} INFO - Created Permission View: %s
[2023-11-23T02:25:12.704+0000] {logging_mixin.py:154} INFO - [2023-11-23T02:25:12.704+0000] {manager.py:499} INFO - Created Permission View: %s
[2023-11-23T02:25:12.812+0000] {logging_mixin.py:154} INFO - [2023-11-23T02:25:12.812+0000] {manager.py:499} INFO - Created Permission View: %s
[2023-11-23T02:25:12.819+0000] {logging_mixin.py:154} INFO - [2023-11-23T02:25:12.819+0000] {dag.py:2941} INFO - Sync 2 DAGs
[2023-11-23T02:25:13.023+0000] {logging_mixin.py:154} INFO - [2023-11-23T02:25:13.018+0000] {dag.py:2963} INFO - Creating ORM DAG for example_external_task_marker_child
[2023-11-23T02:25:13.034+0000] {logging_mixin.py:154} INFO - [2023-11-23T02:25:13.034+0000] {dag.py:2963} INFO - Creating ORM DAG for example_external_task_marker_parent
[2023-11-23T02:25:13.041+0000] {logging_mixin.py:154} INFO - [2023-11-23T02:25:13.041+0000] {dag.py:3722} INFO - Setting next_dagrun for example_external_task_marker_child to None, run_after=None
[2023-11-23T02:25:13.045+0000] {logging_mixin.py:154} INFO - [2023-11-23T02:25:13.045+0000] {dag.py:3722} INFO - Setting next_dagrun for example_external_task_marker_parent to None, run_after=None
[2023-11-23T02:25:13.339+0000] {processor.py:179} INFO - Processing /home/airflow/.local/lib/python3.8/site-packages/airflow/example_dags/example_external_task_marker_dag.py took 1.247 seconds
[2023-11-23T02:25:44.283+0000] {processor.py:157} INFO - Started process (PID=113) to work on /home/airflow/.local/lib/python3.8/site-packages/airflow/example_dags/example_external_task_marker_dag.py
[2023-11-23T02:25:44.286+0000] {processor.py:829} INFO - Processing file /home/airflow/.local/lib/python3.8/site-packages/airflow/example_dags/example_external_task_marker_dag.py for tasks to queue
[2023-11-23T02:25:44.292+0000] {logging_mixin.py:154} INFO - [2023-11-23T02:25:44.291+0000] {dagbag.py:536} INFO - Filling up the DagBag from /home/airflow/.local/lib/python3.8/site-packages/airflow/example_dags/example_external_task_marker_dag.py
[2023-11-23T02:25:44.302+0000] {processor.py:839} INFO - DAG(s) dict_keys(['example_external_task_marker_parent', 'example_external_task_marker_child']) retrieved from /home/airflow/.local/lib/python3.8/site-packages/airflow/example_dags/example_external_task_marker_dag.py
[2023-11-23T02:25:44.351+0000] {logging_mixin.py:154} INFO - [2023-11-23T02:25:44.350+0000] {dag.py:2941} INFO - Sync 2 DAGs
[2023-11-23T02:25:44.370+0000] {logging_mixin.py:154} INFO - [2023-11-23T02:25:44.370+0000] {dag.py:3722} INFO - Setting next_dagrun for example_external_task_marker_child to None, run_after=None
[2023-11-23T02:25:44.378+0000] {logging_mixin.py:154} INFO - [2023-11-23T02:25:44.377+0000] {dag.py:3722} INFO - Setting next_dagrun for example_external_task_marker_parent to None, run_after=None
[2023-11-23T02:25:44.403+0000] {processor.py:179} INFO - Processing /home/airflow/.local/lib/python3.8/site-packages/airflow/example_dags/example_external_task_marker_dag.py took 0.129 seconds
[2023-11-23T02:26:14.813+0000] {processor.py:157} INFO - Started process (PID=167) to work on /home/airflow/.local/lib/python3.8/site-packages/airflow/example_dags/example_external_task_marker_dag.py
[2023-11-23T02:26:14.815+0000] {processor.py:829} INFO - Processing file /home/airflow/.local/lib/python3.8/site-packages/airflow/example_dags/example_external_task_marker_dag.py for tasks to queue
[2023-11-23T02:26:14.819+0000] {logging_mixin.py:154} INFO - [2023-11-23T02:26:14.818+0000] {dagbag.py:536} INFO - Filling up the DagBag from /home/airflow/.local/lib/python3.8/site-packages/airflow/example_dags/example_external_task_marker_dag.py
[2023-11-23T02:26:14.828+0000] {processor.py:839} INFO - DAG(s) dict_keys(['example_external_task_marker_child', 'example_external_task_marker_parent']) retrieved from /home/airflow/.local/lib/python3.8/site-packages/airflow/example_dags/example_external_task_marker_dag.py
[2023-11-23T02:26:14.870+0000] {logging_mixin.py:154} INFO - [2023-11-23T02:26:14.870+0000] {dag.py:2941} INFO - Sync 2 DAGs
[2023-11-23T02:26:14.894+0000] {logging_mixin.py:154} INFO - [2023-11-23T02:26:14.893+0000] {dag.py:3722} INFO - Setting next_dagrun for example_external_task_marker_child to None, run_after=None
[2023-11-23T02:26:14.899+0000] {logging_mixin.py:154} INFO - [2023-11-23T02:26:14.899+0000] {dag.py:3722} INFO - Setting next_dagrun for example_external_task_marker_parent to None, run_after=None
[2023-11-23T02:26:14.933+0000] {processor.py:179} INFO - Processing /home/airflow/.local/lib/python3.8/site-packages/airflow/example_dags/example_external_task_marker_dag.py took 0.125 seconds
[2023-11-23T02:26:47.308+0000] {processor.py:157} INFO - Started process (PID=221) to work on /home/airflow/.local/lib/python3.8/site-packages/airflow/example_dags/example_external_task_marker_dag.py
[2023-11-23T02:26:47.317+0000] {processor.py:829} INFO - Processing file /home/airflow/.local/lib/python3.8/site-packages/airflow/example_dags/example_external_task_marker_dag.py for tasks to queue
[2023-11-23T02:26:47.342+0000] {logging_mixin.py:154} INFO - [2023-11-23T02:26:47.342+0000] {dagbag.py:536} INFO - Filling up the DagBag from /home/airflow/.local/lib/python3.8/site-packages/airflow/example_dags/example_external_task_marker_dag.py
[2023-11-23T02:26:47.445+0000] {processor.py:839} INFO - DAG(s) dict_keys(['example_external_task_marker_parent', 'example_external_task_marker_child']) retrieved from /home/airflow/.local/lib/python3.8/site-packages/airflow/example_dags/example_external_task_marker_dag.py
[2023-11-23T02:26:47.972+0000] {logging_mixin.py:154} INFO - [2023-11-23T02:26:47.971+0000] {dag.py:2941} INFO - Sync 2 DAGs
[2023-11-23T02:26:48.008+0000] {logging_mixin.py:154} INFO - [2023-11-23T02:26:48.007+0000] {dag.py:3722} INFO - Setting next_dagrun for example_external_task_marker_child to None, run_after=None
[2023-11-23T02:26:48.021+0000] {logging_mixin.py:154} INFO - [2023-11-23T02:26:48.021+0000] {dag.py:3722} INFO - Setting next_dagrun for example_external_task_marker_parent to None, run_after=None
[2023-11-23T02:26:48.068+0000] {processor.py:179} INFO - Processing /home/airflow/.local/lib/python3.8/site-packages/airflow/example_dags/example_external_task_marker_dag.py took 0.779 seconds
[2023-11-23T02:27:19.052+0000] {processor.py:157} INFO - Started process (PID=275) to work on /home/airflow/.local/lib/python3.8/site-packages/airflow/example_dags/example_external_task_marker_dag.py
[2023-11-23T02:27:19.056+0000] {processor.py:829} INFO - Processing file /home/airflow/.local/lib/python3.8/site-packages/airflow/example_dags/example_external_task_marker_dag.py for tasks to queue
[2023-11-23T02:27:19.068+0000] {logging_mixin.py:154} INFO - [2023-11-23T02:27:19.067+0000] {dagbag.py:536} INFO - Filling up the DagBag from /home/airflow/.local/lib/python3.8/site-packages/airflow/example_dags/example_external_task_marker_dag.py
[2023-11-23T02:27:19.082+0000] {processor.py:839} INFO - DAG(s) dict_keys(['example_external_task_marker_parent', 'example_external_task_marker_child']) retrieved from /home/airflow/.local/lib/python3.8/site-packages/airflow/example_dags/example_external_task_marker_dag.py
[2023-11-23T02:27:19.140+0000] {logging_mixin.py:154} INFO - [2023-11-23T02:27:19.139+0000] {dag.py:2941} INFO - Sync 2 DAGs
[2023-11-23T02:27:19.165+0000] {logging_mixin.py:154} INFO - [2023-11-23T02:27:19.164+0000] {dag.py:3722} INFO - Setting next_dagrun for example_external_task_marker_child to None, run_after=None
[2023-11-23T02:27:19.174+0000] {logging_mixin.py:154} INFO - [2023-11-23T02:27:19.174+0000] {dag.py:3722} INFO - Setting next_dagrun for example_external_task_marker_parent to None, run_after=None
[2023-11-23T02:27:19.236+0000] {processor.py:179} INFO - Processing /home/airflow/.local/lib/python3.8/site-packages/airflow/example_dags/example_external_task_marker_dag.py took 0.191 seconds
[2023-11-23T02:27:49.527+0000] {processor.py:157} INFO - Started process (PID=329) to work on /home/airflow/.local/lib/python3.8/site-packages/airflow/example_dags/example_external_task_marker_dag.py
[2023-11-23T02:27:49.530+0000] {processor.py:829} INFO - Processing file /home/airflow/.local/lib/python3.8/site-packages/airflow/example_dags/example_external_task_marker_dag.py for tasks to queue
[2023-11-23T02:27:49.535+0000] {logging_mixin.py:154} INFO - [2023-11-23T02:27:49.534+0000] {dagbag.py:536} INFO - Filling up the DagBag from /home/airflow/.local/lib/python3.8/site-packages/airflow/example_dags/example_external_task_marker_dag.py
[2023-11-23T02:27:49.558+0000] {processor.py:839} INFO - DAG(s) dict_keys(['example_external_task_marker_parent', 'example_external_task_marker_child']) retrieved from /home/airflow/.local/lib/python3.8/site-packages/airflow/example_dags/example_external_task_marker_dag.py
[2023-11-23T02:27:49.606+0000] {logging_mixin.py:154} INFO - [2023-11-23T02:27:49.606+0000] {dag.py:2941} INFO - Sync 2 DAGs
[2023-11-23T02:27:49.630+0000] {logging_mixin.py:154} INFO - [2023-11-23T02:27:49.629+0000] {dag.py:3722} INFO - Setting next_dagrun for example_external_task_marker_child to None, run_after=None
[2023-11-23T02:27:49.638+0000] {logging_mixin.py:154} INFO - [2023-11-23T02:27:49.638+0000] {dag.py:3722} INFO - Setting next_dagrun for example_external_task_marker_parent to None, run_after=None
[2023-11-23T02:27:49.738+0000] {processor.py:179} INFO - Processing /home/airflow/.local/lib/python3.8/site-packages/airflow/example_dags/example_external_task_marker_dag.py took 0.221 seconds
[2023-11-23T02:28:20.005+0000] {processor.py:157} INFO - Started process (PID=382) to work on /home/airflow/.local/lib/python3.8/site-packages/airflow/example_dags/example_external_task_marker_dag.py
[2023-11-23T02:28:20.007+0000] {processor.py:829} INFO - Processing file /home/airflow/.local/lib/python3.8/site-packages/airflow/example_dags/example_external_task_marker_dag.py for tasks to queue
[2023-11-23T02:28:20.011+0000] {logging_mixin.py:154} INFO - [2023-11-23T02:28:20.011+0000] {dagbag.py:536} INFO - Filling up the DagBag from /home/airflow/.local/lib/python3.8/site-packages/airflow/example_dags/example_external_task_marker_dag.py
[2023-11-23T02:28:20.020+0000] {processor.py:839} INFO - DAG(s) dict_keys(['example_external_task_marker_child', 'example_external_task_marker_parent']) retrieved from /home/airflow/.local/lib/python3.8/site-packages/airflow/example_dags/example_external_task_marker_dag.py
[2023-11-23T02:28:20.049+0000] {logging_mixin.py:154} INFO - [2023-11-23T02:28:20.049+0000] {dag.py:2941} INFO - Sync 2 DAGs
[2023-11-23T02:28:20.064+0000] {logging_mixin.py:154} INFO - [2023-11-23T02:28:20.064+0000] {dag.py:3722} INFO - Setting next_dagrun for example_external_task_marker_child to None, run_after=None
[2023-11-23T02:28:20.068+0000] {logging_mixin.py:154} INFO - [2023-11-23T02:28:20.068+0000] {dag.py:3722} INFO - Setting next_dagrun for example_external_task_marker_parent to None, run_after=None
[2023-11-23T02:28:20.089+0000] {processor.py:179} INFO - Processing /home/airflow/.local/lib/python3.8/site-packages/airflow/example_dags/example_external_task_marker_dag.py took 0.088 seconds
[2023-11-23T02:28:50.336+0000] {processor.py:157} INFO - Started process (PID=435) to work on /home/airflow/.local/lib/python3.8/site-packages/airflow/example_dags/example_external_task_marker_dag.py
[2023-11-23T02:28:50.337+0000] {processor.py:829} INFO - Processing file /home/airflow/.local/lib/python3.8/site-packages/airflow/example_dags/example_external_task_marker_dag.py for tasks to queue
[2023-11-23T02:28:50.341+0000] {logging_mixin.py:154} INFO - [2023-11-23T02:28:50.341+0000] {dagbag.py:536} INFO - Filling up the DagBag from /home/airflow/.local/lib/python3.8/site-packages/airflow/example_dags/example_external_task_marker_dag.py
[2023-11-23T02:28:50.348+0000] {processor.py:839} INFO - DAG(s) dict_keys(['example_external_task_marker_parent', 'example_external_task_marker_child']) retrieved from /home/airflow/.local/lib/python3.8/site-packages/airflow/example_dags/example_external_task_marker_dag.py
[2023-11-23T02:28:50.378+0000] {logging_mixin.py:154} INFO - [2023-11-23T02:28:50.377+0000] {dag.py:2941} INFO - Sync 2 DAGs
[2023-11-23T02:28:50.394+0000] {logging_mixin.py:154} INFO - [2023-11-23T02:28:50.394+0000] {dag.py:3722} INFO - Setting next_dagrun for example_external_task_marker_child to None, run_after=None
[2023-11-23T02:28:50.398+0000] {logging_mixin.py:154} INFO - [2023-11-23T02:28:50.397+0000] {dag.py:3722} INFO - Setting next_dagrun for example_external_task_marker_parent to None, run_after=None
[2023-11-23T02:28:50.420+0000] {processor.py:179} INFO - Processing /home/airflow/.local/lib/python3.8/site-packages/airflow/example_dags/example_external_task_marker_dag.py took 0.088 seconds
[2023-11-23T02:29:20.608+0000] {processor.py:157} INFO - Started process (PID=489) to work on /home/airflow/.local/lib/python3.8/site-packages/airflow/example_dags/example_external_task_marker_dag.py
[2023-11-23T02:29:20.610+0000] {processor.py:829} INFO - Processing file /home/airflow/.local/lib/python3.8/site-packages/airflow/example_dags/example_external_task_marker_dag.py for tasks to queue
[2023-11-23T02:29:20.613+0000] {logging_mixin.py:154} INFO - [2023-11-23T02:29:20.613+0000] {dagbag.py:536} INFO - Filling up the DagBag from /home/airflow/.local/lib/python3.8/site-packages/airflow/example_dags/example_external_task_marker_dag.py
[2023-11-23T02:29:20.620+0000] {processor.py:839} INFO - DAG(s) dict_keys(['example_external_task_marker_parent', 'example_external_task_marker_child']) retrieved from /home/airflow/.local/lib/python3.8/site-packages/airflow/example_dags/example_external_task_marker_dag.py
[2023-11-23T02:29:20.649+0000] {logging_mixin.py:154} INFO - [2023-11-23T02:29:20.649+0000] {dag.py:2941} INFO - Sync 2 DAGs
[2023-11-23T02:29:20.665+0000] {logging_mixin.py:154} INFO - [2023-11-23T02:29:20.664+0000] {dag.py:3722} INFO - Setting next_dagrun for example_external_task_marker_child to None, run_after=None
[2023-11-23T02:29:20.669+0000] {logging_mixin.py:154} INFO - [2023-11-23T02:29:20.669+0000] {dag.py:3722} INFO - Setting next_dagrun for example_external_task_marker_parent to None, run_after=None
[2023-11-23T02:29:20.689+0000] {processor.py:179} INFO - Processing /home/airflow/.local/lib/python3.8/site-packages/airflow/example_dags/example_external_task_marker_dag.py took 0.085 seconds
[2023-11-23T02:29:52.719+0000] {processor.py:157} INFO - Started process (PID=543) to work on /home/airflow/.local/lib/python3.8/site-packages/airflow/example_dags/example_external_task_marker_dag.py
[2023-11-23T02:29:52.939+0000] {processor.py:829} INFO - Processing file /home/airflow/.local/lib/python3.8/site-packages/airflow/example_dags/example_external_task_marker_dag.py for tasks to queue
[2023-11-23T02:29:52.984+0000] {logging_mixin.py:154} INFO - [2023-11-23T02:29:52.975+0000] {dagbag.py:536} INFO - Filling up the DagBag from /home/airflow/.local/lib/python3.8/site-packages/airflow/example_dags/example_external_task_marker_dag.py
[2023-11-23T02:29:53.282+0000] {processor.py:839} INFO - DAG(s) dict_keys(['example_external_task_marker_child', 'example_external_task_marker_parent']) retrieved from /home/airflow/.local/lib/python3.8/site-packages/airflow/example_dags/example_external_task_marker_dag.py
[2023-11-23T02:29:53.627+0000] {logging_mixin.py:154} INFO - [2023-11-23T02:29:53.627+0000] {dag.py:2941} INFO - Sync 2 DAGs
[2023-11-23T02:29:53.675+0000] {logging_mixin.py:154} INFO - [2023-11-23T02:29:53.675+0000] {dag.py:3722} INFO - Setting next_dagrun for example_external_task_marker_child to None, run_after=None
[2023-11-23T02:29:53.700+0000] {logging_mixin.py:154} INFO - [2023-11-23T02:29:53.700+0000] {dag.py:3722} INFO - Setting next_dagrun for example_external_task_marker_parent to None, run_after=None
[2023-11-23T02:29:53.840+0000] {processor.py:179} INFO - Processing /home/airflow/.local/lib/python3.8/site-packages/airflow/example_dags/example_external_task_marker_dag.py took 1.171 seconds
[2023-11-23T02:30:24.073+0000] {processor.py:157} INFO - Started process (PID=603) to work on /home/airflow/.local/lib/python3.8/site-packages/airflow/example_dags/example_external_task_marker_dag.py
[2023-11-23T02:30:24.075+0000] {processor.py:829} INFO - Processing file /home/airflow/.local/lib/python3.8/site-packages/airflow/example_dags/example_external_task_marker_dag.py for tasks to queue
[2023-11-23T02:30:24.080+0000] {logging_mixin.py:154} INFO - [2023-11-23T02:30:24.079+0000] {dagbag.py:536} INFO - Filling up the DagBag from /home/airflow/.local/lib/python3.8/site-packages/airflow/example_dags/example_external_task_marker_dag.py
[2023-11-23T02:30:24.089+0000] {processor.py:839} INFO - DAG(s) dict_keys(['example_external_task_marker_child', 'example_external_task_marker_parent']) retrieved from /home/airflow/.local/lib/python3.8/site-packages/airflow/example_dags/example_external_task_marker_dag.py
[2023-11-23T02:30:24.146+0000] {logging_mixin.py:154} INFO - [2023-11-23T02:30:24.146+0000] {dag.py:2941} INFO - Sync 2 DAGs
[2023-11-23T02:30:24.176+0000] {logging_mixin.py:154} INFO - [2023-11-23T02:30:24.176+0000] {dag.py:3722} INFO - Setting next_dagrun for example_external_task_marker_child to None, run_after=None
[2023-11-23T02:30:24.182+0000] {logging_mixin.py:154} INFO - [2023-11-23T02:30:24.182+0000] {dag.py:3722} INFO - Setting next_dagrun for example_external_task_marker_parent to None, run_after=None
[2023-11-23T02:30:24.210+0000] {processor.py:179} INFO - Processing /home/airflow/.local/lib/python3.8/site-packages/airflow/example_dags/example_external_task_marker_dag.py took 0.141 seconds
[2023-11-23T02:30:55.226+0000] {processor.py:157} INFO - Started process (PID=657) to work on /home/airflow/.local/lib/python3.8/site-packages/airflow/example_dags/example_external_task_marker_dag.py
[2023-11-23T02:30:55.230+0000] {processor.py:829} INFO - Processing file /home/airflow/.local/lib/python3.8/site-packages/airflow/example_dags/example_external_task_marker_dag.py for tasks to queue
[2023-11-23T02:30:55.238+0000] {logging_mixin.py:154} INFO - [2023-11-23T02:30:55.237+0000] {dagbag.py:536} INFO - Filling up the DagBag from /home/airflow/.local/lib/python3.8/site-packages/airflow/example_dags/example_external_task_marker_dag.py
[2023-11-23T02:30:55.256+0000] {processor.py:839} INFO - DAG(s) dict_keys(['example_external_task_marker_parent', 'example_external_task_marker_child']) retrieved from /home/airflow/.local/lib/python3.8/site-packages/airflow/example_dags/example_external_task_marker_dag.py
[2023-11-23T02:30:55.317+0000] {logging_mixin.py:154} INFO - [2023-11-23T02:30:55.317+0000] {dag.py:2941} INFO - Sync 2 DAGs
[2023-11-23T02:30:55.348+0000] {logging_mixin.py:154} INFO - [2023-11-23T02:30:55.348+0000] {dag.py:3722} INFO - Setting next_dagrun for example_external_task_marker_child to None, run_after=None
[2023-11-23T02:30:55.356+0000] {logging_mixin.py:154} INFO - [2023-11-23T02:30:55.356+0000] {dag.py:3722} INFO - Setting next_dagrun for example_external_task_marker_parent to None, run_after=None
[2023-11-23T02:30:55.448+0000] {processor.py:179} INFO - Processing /home/airflow/.local/lib/python3.8/site-packages/airflow/example_dags/example_external_task_marker_dag.py took 0.228 seconds
[2023-11-23T02:31:25.634+0000] {processor.py:157} INFO - Started process (PID=711) to work on /home/airflow/.local/lib/python3.8/site-packages/airflow/example_dags/example_external_task_marker_dag.py
[2023-11-23T02:31:25.635+0000] {processor.py:829} INFO - Processing file /home/airflow/.local/lib/python3.8/site-packages/airflow/example_dags/example_external_task_marker_dag.py for tasks to queue
[2023-11-23T02:31:25.640+0000] {logging_mixin.py:154} INFO - [2023-11-23T02:31:25.640+0000] {dagbag.py:536} INFO - Filling up the DagBag from /home/airflow/.local/lib/python3.8/site-packages/airflow/example_dags/example_external_task_marker_dag.py
[2023-11-23T02:31:25.652+0000] {processor.py:839} INFO - DAG(s) dict_keys(['example_external_task_marker_child', 'example_external_task_marker_parent']) retrieved from /home/airflow/.local/lib/python3.8/site-packages/airflow/example_dags/example_external_task_marker_dag.py
[2023-11-23T02:31:25.716+0000] {logging_mixin.py:154} INFO - [2023-11-23T02:31:25.716+0000] {dag.py:2941} INFO - Sync 2 DAGs
[2023-11-23T02:31:25.865+0000] {logging_mixin.py:154} INFO - [2023-11-23T02:31:25.865+0000] {dag.py:3722} INFO - Setting next_dagrun for example_external_task_marker_child to None, run_after=None
[2023-11-23T02:31:25.873+0000] {logging_mixin.py:154} INFO - [2023-11-23T02:31:25.873+0000] {dag.py:3722} INFO - Setting next_dagrun for example_external_task_marker_parent to None, run_after=None
[2023-11-23T02:31:25.928+0000] {processor.py:179} INFO - Processing /home/airflow/.local/lib/python3.8/site-packages/airflow/example_dags/example_external_task_marker_dag.py took 0.307 seconds
[2023-11-23T03:44:11.061+0000] {processor.py:157} INFO - Started process (PID=64) to work on /home/airflow/.local/lib/python3.8/site-packages/airflow/example_dags/example_external_task_marker_dag.py
[2023-11-23T03:44:11.066+0000] {processor.py:829} INFO - Processing file /home/airflow/.local/lib/python3.8/site-packages/airflow/example_dags/example_external_task_marker_dag.py for tasks to queue
[2023-11-23T03:44:11.080+0000] {logging_mixin.py:154} INFO - [2023-11-23T03:44:11.079+0000] {dagbag.py:536} INFO - Filling up the DagBag from /home/airflow/.local/lib/python3.8/site-packages/airflow/example_dags/example_external_task_marker_dag.py
[2023-11-23T03:44:11.112+0000] {processor.py:839} INFO - DAG(s) dict_keys(['example_external_task_marker_child', 'example_external_task_marker_parent']) retrieved from /home/airflow/.local/lib/python3.8/site-packages/airflow/example_dags/example_external_task_marker_dag.py
[2023-11-23T03:44:11.282+0000] {logging_mixin.py:154} INFO - [2023-11-23T03:44:11.281+0000] {dag.py:2941} INFO - Sync 2 DAGs
[2023-11-23T03:44:11.377+0000] {logging_mixin.py:154} INFO - [2023-11-23T03:44:11.377+0000] {dag.py:3722} INFO - Setting next_dagrun for example_external_task_marker_child to None, run_after=None
[2023-11-23T03:44:11.399+0000] {logging_mixin.py:154} INFO - [2023-11-23T03:44:11.398+0000] {dag.py:3722} INFO - Setting next_dagrun for example_external_task_marker_parent to None, run_after=None
[2023-11-23T03:44:11.519+0000] {processor.py:179} INFO - Processing /home/airflow/.local/lib/python3.8/site-packages/airflow/example_dags/example_external_task_marker_dag.py took 0.465 seconds
[2023-11-23T03:44:52.336+0000] {processor.py:157} INFO - Started process (PID=125) to work on /home/airflow/.local/lib/python3.8/site-packages/airflow/example_dags/example_external_task_marker_dag.py
[2023-11-23T03:44:52.340+0000] {processor.py:829} INFO - Processing file /home/airflow/.local/lib/python3.8/site-packages/airflow/example_dags/example_external_task_marker_dag.py for tasks to queue
[2023-11-23T03:44:52.356+0000] {logging_mixin.py:154} INFO - [2023-11-23T03:44:52.348+0000] {dagbag.py:536} INFO - Filling up the DagBag from /home/airflow/.local/lib/python3.8/site-packages/airflow/example_dags/example_external_task_marker_dag.py
[2023-11-23T03:44:52.377+0000] {processor.py:839} INFO - DAG(s) dict_keys(['example_external_task_marker_child', 'example_external_task_marker_parent']) retrieved from /home/airflow/.local/lib/python3.8/site-packages/airflow/example_dags/example_external_task_marker_dag.py
[2023-11-23T03:44:52.432+0000] {logging_mixin.py:154} INFO - [2023-11-23T03:44:52.431+0000] {dag.py:2941} INFO - Sync 2 DAGs
[2023-11-23T03:44:52.464+0000] {logging_mixin.py:154} INFO - [2023-11-23T03:44:52.463+0000] {dag.py:3722} INFO - Setting next_dagrun for example_external_task_marker_child to None, run_after=None
[2023-11-23T03:44:52.473+0000] {logging_mixin.py:154} INFO - [2023-11-23T03:44:52.473+0000] {dag.py:3722} INFO - Setting next_dagrun for example_external_task_marker_parent to None, run_after=None
[2023-11-23T03:44:52.532+0000] {processor.py:179} INFO - Processing /home/airflow/.local/lib/python3.8/site-packages/airflow/example_dags/example_external_task_marker_dag.py took 0.218 seconds
[2023-11-23T04:15:41.972+0000] {processor.py:157} INFO - Started process (PID=190) to work on /home/airflow/.local/lib/python3.8/site-packages/airflow/example_dags/example_external_task_marker_dag.py
[2023-11-23T04:15:41.976+0000] {processor.py:829} INFO - Processing file /home/airflow/.local/lib/python3.8/site-packages/airflow/example_dags/example_external_task_marker_dag.py for tasks to queue
[2023-11-23T04:15:41.981+0000] {logging_mixin.py:154} INFO - [2023-11-23T04:15:41.980+0000] {dagbag.py:536} INFO - Filling up the DagBag from /home/airflow/.local/lib/python3.8/site-packages/airflow/example_dags/example_external_task_marker_dag.py
[2023-11-23T04:15:41.992+0000] {processor.py:839} INFO - DAG(s) dict_keys(['example_external_task_marker_child', 'example_external_task_marker_parent']) retrieved from /home/airflow/.local/lib/python3.8/site-packages/airflow/example_dags/example_external_task_marker_dag.py
[2023-11-23T04:15:42.062+0000] {logging_mixin.py:154} INFO - [2023-11-23T04:15:42.061+0000] {dag.py:2941} INFO - Sync 2 DAGs
[2023-11-23T04:15:42.100+0000] {logging_mixin.py:154} INFO - [2023-11-23T04:15:42.099+0000] {dag.py:3722} INFO - Setting next_dagrun for example_external_task_marker_child to None, run_after=None
[2023-11-23T04:15:42.108+0000] {logging_mixin.py:154} INFO - [2023-11-23T04:15:42.108+0000] {dag.py:3722} INFO - Setting next_dagrun for example_external_task_marker_parent to None, run_after=None
[2023-11-23T04:15:42.157+0000] {processor.py:179} INFO - Processing /home/airflow/.local/lib/python3.8/site-packages/airflow/example_dags/example_external_task_marker_dag.py took 0.189 seconds
[2023-11-23T04:16:12.267+0000] {processor.py:157} INFO - Started process (PID=243) to work on /home/airflow/.local/lib/python3.8/site-packages/airflow/example_dags/example_external_task_marker_dag.py
[2023-11-23T04:16:12.269+0000] {processor.py:829} INFO - Processing file /home/airflow/.local/lib/python3.8/site-packages/airflow/example_dags/example_external_task_marker_dag.py for tasks to queue
[2023-11-23T04:16:12.273+0000] {logging_mixin.py:154} INFO - [2023-11-23T04:16:12.273+0000] {dagbag.py:536} INFO - Filling up the DagBag from /home/airflow/.local/lib/python3.8/site-packages/airflow/example_dags/example_external_task_marker_dag.py
[2023-11-23T04:16:12.305+0000] {processor.py:839} INFO - DAG(s) dict_keys(['example_external_task_marker_child', 'example_external_task_marker_parent']) retrieved from /home/airflow/.local/lib/python3.8/site-packages/airflow/example_dags/example_external_task_marker_dag.py
[2023-11-23T04:16:12.346+0000] {logging_mixin.py:154} INFO - [2023-11-23T04:16:12.346+0000] {dag.py:2941} INFO - Sync 2 DAGs
[2023-11-23T04:16:12.367+0000] {logging_mixin.py:154} INFO - [2023-11-23T04:16:12.367+0000] {dag.py:3722} INFO - Setting next_dagrun for example_external_task_marker_child to None, run_after=None
[2023-11-23T04:16:12.372+0000] {logging_mixin.py:154} INFO - [2023-11-23T04:16:12.372+0000] {dag.py:3722} INFO - Setting next_dagrun for example_external_task_marker_parent to None, run_after=None
[2023-11-23T04:16:12.405+0000] {processor.py:179} INFO - Processing /home/airflow/.local/lib/python3.8/site-packages/airflow/example_dags/example_external_task_marker_dag.py took 0.145 seconds
[2023-11-23T04:16:43.104+0000] {processor.py:157} INFO - Started process (PID=297) to work on /home/airflow/.local/lib/python3.8/site-packages/airflow/example_dags/example_external_task_marker_dag.py
[2023-11-23T04:16:43.106+0000] {processor.py:829} INFO - Processing file /home/airflow/.local/lib/python3.8/site-packages/airflow/example_dags/example_external_task_marker_dag.py for tasks to queue
[2023-11-23T04:16:43.110+0000] {logging_mixin.py:154} INFO - [2023-11-23T04:16:43.110+0000] {dagbag.py:536} INFO - Filling up the DagBag from /home/airflow/.local/lib/python3.8/site-packages/airflow/example_dags/example_external_task_marker_dag.py
[2023-11-23T04:16:43.119+0000] {processor.py:839} INFO - DAG(s) dict_keys(['example_external_task_marker_child', 'example_external_task_marker_parent']) retrieved from /home/airflow/.local/lib/python3.8/site-packages/airflow/example_dags/example_external_task_marker_dag.py
[2023-11-23T04:16:43.149+0000] {logging_mixin.py:154} INFO - [2023-11-23T04:16:43.148+0000] {dag.py:2941} INFO - Sync 2 DAGs
[2023-11-23T04:16:43.169+0000] {logging_mixin.py:154} INFO - [2023-11-23T04:16:43.169+0000] {dag.py:3722} INFO - Setting next_dagrun for example_external_task_marker_child to None, run_after=None
[2023-11-23T04:16:43.176+0000] {logging_mixin.py:154} INFO - [2023-11-23T04:16:43.176+0000] {dag.py:3722} INFO - Setting next_dagrun for example_external_task_marker_parent to None, run_after=None
[2023-11-23T04:16:43.199+0000] {processor.py:179} INFO - Processing /home/airflow/.local/lib/python3.8/site-packages/airflow/example_dags/example_external_task_marker_dag.py took 0.101 seconds
[2023-11-23T04:17:14.239+0000] {processor.py:157} INFO - Started process (PID=351) to work on /home/airflow/.local/lib/python3.8/site-packages/airflow/example_dags/example_external_task_marker_dag.py
[2023-11-23T04:17:14.241+0000] {processor.py:829} INFO - Processing file /home/airflow/.local/lib/python3.8/site-packages/airflow/example_dags/example_external_task_marker_dag.py for tasks to queue
[2023-11-23T04:17:14.247+0000] {logging_mixin.py:154} INFO - [2023-11-23T04:17:14.246+0000] {dagbag.py:536} INFO - Filling up the DagBag from /home/airflow/.local/lib/python3.8/site-packages/airflow/example_dags/example_external_task_marker_dag.py
[2023-11-23T04:17:14.258+0000] {processor.py:839} INFO - DAG(s) dict_keys(['example_external_task_marker_child', 'example_external_task_marker_parent']) retrieved from /home/airflow/.local/lib/python3.8/site-packages/airflow/example_dags/example_external_task_marker_dag.py
[2023-11-23T04:17:14.325+0000] {logging_mixin.py:154} INFO - [2023-11-23T04:17:14.325+0000] {dag.py:2941} INFO - Sync 2 DAGs
[2023-11-23T04:17:14.345+0000] {logging_mixin.py:154} INFO - [2023-11-23T04:17:14.345+0000] {dag.py:3722} INFO - Setting next_dagrun for example_external_task_marker_child to None, run_after=None
[2023-11-23T04:17:14.364+0000] {logging_mixin.py:154} INFO - [2023-11-23T04:17:14.364+0000] {dag.py:3722} INFO - Setting next_dagrun for example_external_task_marker_parent to None, run_after=None
[2023-11-23T04:17:14.390+0000] {processor.py:179} INFO - Processing /home/airflow/.local/lib/python3.8/site-packages/airflow/example_dags/example_external_task_marker_dag.py took 0.159 seconds
[2023-11-23T04:17:44.872+0000] {processor.py:157} INFO - Started process (PID=405) to work on /home/airflow/.local/lib/python3.8/site-packages/airflow/example_dags/example_external_task_marker_dag.py
[2023-11-23T04:17:44.873+0000] {processor.py:829} INFO - Processing file /home/airflow/.local/lib/python3.8/site-packages/airflow/example_dags/example_external_task_marker_dag.py for tasks to queue
[2023-11-23T04:17:44.876+0000] {logging_mixin.py:154} INFO - [2023-11-23T04:17:44.876+0000] {dagbag.py:536} INFO - Filling up the DagBag from /home/airflow/.local/lib/python3.8/site-packages/airflow/example_dags/example_external_task_marker_dag.py
[2023-11-23T04:17:44.884+0000] {processor.py:839} INFO - DAG(s) dict_keys(['example_external_task_marker_parent', 'example_external_task_marker_child']) retrieved from /home/airflow/.local/lib/python3.8/site-packages/airflow/example_dags/example_external_task_marker_dag.py
[2023-11-23T04:17:44.922+0000] {logging_mixin.py:154} INFO - [2023-11-23T04:17:44.922+0000] {dag.py:2941} INFO - Sync 2 DAGs
[2023-11-23T04:17:44.937+0000] {logging_mixin.py:154} INFO - [2023-11-23T04:17:44.937+0000] {dag.py:3722} INFO - Setting next_dagrun for example_external_task_marker_child to None, run_after=None
[2023-11-23T04:17:44.942+0000] {logging_mixin.py:154} INFO - [2023-11-23T04:17:44.941+0000] {dag.py:3722} INFO - Setting next_dagrun for example_external_task_marker_parent to None, run_after=None
[2023-11-23T04:17:44.971+0000] {processor.py:179} INFO - Processing /home/airflow/.local/lib/python3.8/site-packages/airflow/example_dags/example_external_task_marker_dag.py took 0.104 seconds
[2023-11-23T04:18:16.189+0000] {processor.py:157} INFO - Started process (PID=458) to work on /home/airflow/.local/lib/python3.8/site-packages/airflow/example_dags/example_external_task_marker_dag.py
[2023-11-23T04:18:16.199+0000] {processor.py:829} INFO - Processing file /home/airflow/.local/lib/python3.8/site-packages/airflow/example_dags/example_external_task_marker_dag.py for tasks to queue
[2023-11-23T04:18:16.207+0000] {logging_mixin.py:154} INFO - [2023-11-23T04:18:16.206+0000] {dagbag.py:536} INFO - Filling up the DagBag from /home/airflow/.local/lib/python3.8/site-packages/airflow/example_dags/example_external_task_marker_dag.py
[2023-11-23T04:18:16.221+0000] {processor.py:839} INFO - DAG(s) dict_keys(['example_external_task_marker_child', 'example_external_task_marker_parent']) retrieved from /home/airflow/.local/lib/python3.8/site-packages/airflow/example_dags/example_external_task_marker_dag.py
[2023-11-23T04:18:16.276+0000] {logging_mixin.py:154} INFO - [2023-11-23T04:18:16.275+0000] {dag.py:2941} INFO - Sync 2 DAGs
[2023-11-23T04:18:16.303+0000] {logging_mixin.py:154} INFO - [2023-11-23T04:18:16.303+0000] {dag.py:3722} INFO - Setting next_dagrun for example_external_task_marker_child to None, run_after=None
[2023-11-23T04:18:16.314+0000] {logging_mixin.py:154} INFO - [2023-11-23T04:18:16.313+0000] {dag.py:3722} INFO - Setting next_dagrun for example_external_task_marker_parent to None, run_after=None
[2023-11-23T04:18:16.352+0000] {processor.py:179} INFO - Processing /home/airflow/.local/lib/python3.8/site-packages/airflow/example_dags/example_external_task_marker_dag.py took 0.168 seconds
[2023-11-23T04:18:48.393+0000] {processor.py:157} INFO - Started process (PID=519) to work on /home/airflow/.local/lib/python3.8/site-packages/airflow/example_dags/example_external_task_marker_dag.py
[2023-11-23T04:18:48.395+0000] {processor.py:829} INFO - Processing file /home/airflow/.local/lib/python3.8/site-packages/airflow/example_dags/example_external_task_marker_dag.py for tasks to queue
[2023-11-23T04:18:48.399+0000] {logging_mixin.py:154} INFO - [2023-11-23T04:18:48.398+0000] {dagbag.py:536} INFO - Filling up the DagBag from /home/airflow/.local/lib/python3.8/site-packages/airflow/example_dags/example_external_task_marker_dag.py
[2023-11-23T04:18:48.414+0000] {processor.py:839} INFO - DAG(s) dict_keys(['example_external_task_marker_child', 'example_external_task_marker_parent']) retrieved from /home/airflow/.local/lib/python3.8/site-packages/airflow/example_dags/example_external_task_marker_dag.py
[2023-11-23T04:18:48.469+0000] {logging_mixin.py:154} INFO - [2023-11-23T04:18:48.469+0000] {dag.py:2941} INFO - Sync 2 DAGs
[2023-11-23T04:18:48.499+0000] {logging_mixin.py:154} INFO - [2023-11-23T04:18:48.498+0000] {dag.py:3722} INFO - Setting next_dagrun for example_external_task_marker_child to None, run_after=None
[2023-11-23T04:18:48.508+0000] {logging_mixin.py:154} INFO - [2023-11-23T04:18:48.508+0000] {dag.py:3722} INFO - Setting next_dagrun for example_external_task_marker_parent to None, run_after=None
[2023-11-23T04:18:48.572+0000] {processor.py:179} INFO - Processing /home/airflow/.local/lib/python3.8/site-packages/airflow/example_dags/example_external_task_marker_dag.py took 0.186 seconds
[2023-11-23T04:19:19.843+0000] {processor.py:157} INFO - Started process (PID=573) to work on /home/airflow/.local/lib/python3.8/site-packages/airflow/example_dags/example_external_task_marker_dag.py
[2023-11-23T04:19:19.847+0000] {processor.py:829} INFO - Processing file /home/airflow/.local/lib/python3.8/site-packages/airflow/example_dags/example_external_task_marker_dag.py for tasks to queue
[2023-11-23T04:19:19.855+0000] {logging_mixin.py:154} INFO - [2023-11-23T04:19:19.855+0000] {dagbag.py:536} INFO - Filling up the DagBag from /home/airflow/.local/lib/python3.8/site-packages/airflow/example_dags/example_external_task_marker_dag.py
[2023-11-23T04:19:19.888+0000] {processor.py:839} INFO - DAG(s) dict_keys(['example_external_task_marker_child', 'example_external_task_marker_parent']) retrieved from /home/airflow/.local/lib/python3.8/site-packages/airflow/example_dags/example_external_task_marker_dag.py
[2023-11-23T04:19:19.985+0000] {logging_mixin.py:154} INFO - [2023-11-23T04:19:19.984+0000] {dag.py:2941} INFO - Sync 2 DAGs
[2023-11-23T04:19:20.071+0000] {logging_mixin.py:154} INFO - [2023-11-23T04:19:20.071+0000] {dag.py:3722} INFO - Setting next_dagrun for example_external_task_marker_child to None, run_after=None
[2023-11-23T04:19:20.094+0000] {logging_mixin.py:154} INFO - [2023-11-23T04:19:20.094+0000] {dag.py:3722} INFO - Setting next_dagrun for example_external_task_marker_parent to None, run_after=None
[2023-11-23T04:19:20.177+0000] {processor.py:179} INFO - Processing /home/airflow/.local/lib/python3.8/site-packages/airflow/example_dags/example_external_task_marker_dag.py took 0.347 seconds
[2023-11-23T04:19:51.151+0000] {processor.py:157} INFO - Started process (PID=627) to work on /home/airflow/.local/lib/python3.8/site-packages/airflow/example_dags/example_external_task_marker_dag.py
[2023-11-23T04:19:51.155+0000] {processor.py:829} INFO - Processing file /home/airflow/.local/lib/python3.8/site-packages/airflow/example_dags/example_external_task_marker_dag.py for tasks to queue
[2023-11-23T04:19:51.166+0000] {logging_mixin.py:154} INFO - [2023-11-23T04:19:51.166+0000] {dagbag.py:536} INFO - Filling up the DagBag from /home/airflow/.local/lib/python3.8/site-packages/airflow/example_dags/example_external_task_marker_dag.py
[2023-11-23T04:19:51.195+0000] {processor.py:839} INFO - DAG(s) dict_keys(['example_external_task_marker_child', 'example_external_task_marker_parent']) retrieved from /home/airflow/.local/lib/python3.8/site-packages/airflow/example_dags/example_external_task_marker_dag.py
[2023-11-23T04:19:51.259+0000] {logging_mixin.py:154} INFO - [2023-11-23T04:19:51.258+0000] {dag.py:2941} INFO - Sync 2 DAGs
[2023-11-23T04:19:51.282+0000] {logging_mixin.py:154} INFO - [2023-11-23T04:19:51.282+0000] {dag.py:3722} INFO - Setting next_dagrun for example_external_task_marker_child to None, run_after=None
[2023-11-23T04:19:51.288+0000] {logging_mixin.py:154} INFO - [2023-11-23T04:19:51.288+0000] {dag.py:3722} INFO - Setting next_dagrun for example_external_task_marker_parent to None, run_after=None
[2023-11-23T04:19:51.321+0000] {processor.py:179} INFO - Processing /home/airflow/.local/lib/python3.8/site-packages/airflow/example_dags/example_external_task_marker_dag.py took 0.177 seconds
[2023-11-23T04:20:22.176+0000] {processor.py:157} INFO - Started process (PID=680) to work on /home/airflow/.local/lib/python3.8/site-packages/airflow/example_dags/example_external_task_marker_dag.py
[2023-11-23T04:20:22.178+0000] {processor.py:829} INFO - Processing file /home/airflow/.local/lib/python3.8/site-packages/airflow/example_dags/example_external_task_marker_dag.py for tasks to queue
[2023-11-23T04:20:22.183+0000] {logging_mixin.py:154} INFO - [2023-11-23T04:20:22.182+0000] {dagbag.py:536} INFO - Filling up the DagBag from /home/airflow/.local/lib/python3.8/site-packages/airflow/example_dags/example_external_task_marker_dag.py
[2023-11-23T04:20:22.194+0000] {processor.py:839} INFO - DAG(s) dict_keys(['example_external_task_marker_parent', 'example_external_task_marker_child']) retrieved from /home/airflow/.local/lib/python3.8/site-packages/airflow/example_dags/example_external_task_marker_dag.py
[2023-11-23T04:20:22.253+0000] {logging_mixin.py:154} INFO - [2023-11-23T04:20:22.252+0000] {dag.py:2941} INFO - Sync 2 DAGs
[2023-11-23T04:20:22.278+0000] {logging_mixin.py:154} INFO - [2023-11-23T04:20:22.277+0000] {dag.py:3722} INFO - Setting next_dagrun for example_external_task_marker_child to None, run_after=None
[2023-11-23T04:20:22.283+0000] {logging_mixin.py:154} INFO - [2023-11-23T04:20:22.283+0000] {dag.py:3722} INFO - Setting next_dagrun for example_external_task_marker_parent to None, run_after=None
[2023-11-23T04:20:22.312+0000] {processor.py:179} INFO - Processing /home/airflow/.local/lib/python3.8/site-packages/airflow/example_dags/example_external_task_marker_dag.py took 0.145 seconds
[2023-11-23T04:20:52.497+0000] {processor.py:157} INFO - Started process (PID=734) to work on /home/airflow/.local/lib/python3.8/site-packages/airflow/example_dags/example_external_task_marker_dag.py
[2023-11-23T04:20:52.499+0000] {processor.py:829} INFO - Processing file /home/airflow/.local/lib/python3.8/site-packages/airflow/example_dags/example_external_task_marker_dag.py for tasks to queue
[2023-11-23T04:20:52.516+0000] {logging_mixin.py:154} INFO - [2023-11-23T04:20:52.515+0000] {dagbag.py:536} INFO - Filling up the DagBag from /home/airflow/.local/lib/python3.8/site-packages/airflow/example_dags/example_external_task_marker_dag.py
[2023-11-23T04:20:52.540+0000] {processor.py:839} INFO - DAG(s) dict_keys(['example_external_task_marker_child', 'example_external_task_marker_parent']) retrieved from /home/airflow/.local/lib/python3.8/site-packages/airflow/example_dags/example_external_task_marker_dag.py
[2023-11-23T04:20:52.635+0000] {logging_mixin.py:154} INFO - [2023-11-23T04:20:52.635+0000] {dag.py:2941} INFO - Sync 2 DAGs
[2023-11-23T04:20:52.669+0000] {logging_mixin.py:154} INFO - [2023-11-23T04:20:52.669+0000] {dag.py:3722} INFO - Setting next_dagrun for example_external_task_marker_child to None, run_after=None
[2023-11-23T04:20:52.676+0000] {logging_mixin.py:154} INFO - [2023-11-23T04:20:52.676+0000] {dag.py:3722} INFO - Setting next_dagrun for example_external_task_marker_parent to None, run_after=None
[2023-11-23T04:20:52.712+0000] {processor.py:179} INFO - Processing /home/airflow/.local/lib/python3.8/site-packages/airflow/example_dags/example_external_task_marker_dag.py took 0.228 seconds
[2023-11-23T04:21:28.238+0000] {processor.py:157} INFO - Started process (PID=788) to work on /home/airflow/.local/lib/python3.8/site-packages/airflow/example_dags/example_external_task_marker_dag.py
[2023-11-23T04:21:28.252+0000] {processor.py:829} INFO - Processing file /home/airflow/.local/lib/python3.8/site-packages/airflow/example_dags/example_external_task_marker_dag.py for tasks to queue
[2023-11-23T04:21:28.260+0000] {logging_mixin.py:154} INFO - [2023-11-23T04:21:28.259+0000] {dagbag.py:536} INFO - Filling up the DagBag from /home/airflow/.local/lib/python3.8/site-packages/airflow/example_dags/example_external_task_marker_dag.py
[2023-11-23T04:21:28.346+0000] {processor.py:839} INFO - DAG(s) dict_keys(['example_external_task_marker_parent', 'example_external_task_marker_child']) retrieved from /home/airflow/.local/lib/python3.8/site-packages/airflow/example_dags/example_external_task_marker_dag.py
[2023-11-23T04:21:28.681+0000] {logging_mixin.py:154} INFO - [2023-11-23T04:21:28.680+0000] {dag.py:2941} INFO - Sync 2 DAGs
[2023-11-23T04:21:28.773+0000] {logging_mixin.py:154} INFO - [2023-11-23T04:21:28.773+0000] {dag.py:3722} INFO - Setting next_dagrun for example_external_task_marker_child to None, run_after=None
[2023-11-23T04:21:28.782+0000] {logging_mixin.py:154} INFO - [2023-11-23T04:21:28.782+0000] {dag.py:3722} INFO - Setting next_dagrun for example_external_task_marker_parent to None, run_after=None
[2023-11-23T04:21:28.861+0000] {processor.py:179} INFO - Processing /home/airflow/.local/lib/python3.8/site-packages/airflow/example_dags/example_external_task_marker_dag.py took 0.640 seconds
[2023-11-23T04:22:00.152+0000] {processor.py:157} INFO - Started process (PID=842) to work on /home/airflow/.local/lib/python3.8/site-packages/airflow/example_dags/example_external_task_marker_dag.py
[2023-11-23T04:22:00.157+0000] {processor.py:829} INFO - Processing file /home/airflow/.local/lib/python3.8/site-packages/airflow/example_dags/example_external_task_marker_dag.py for tasks to queue
[2023-11-23T04:22:00.174+0000] {logging_mixin.py:154} INFO - [2023-11-23T04:22:00.172+0000] {dagbag.py:536} INFO - Filling up the DagBag from /home/airflow/.local/lib/python3.8/site-packages/airflow/example_dags/example_external_task_marker_dag.py
[2023-11-23T04:22:00.203+0000] {processor.py:839} INFO - DAG(s) dict_keys(['example_external_task_marker_parent', 'example_external_task_marker_child']) retrieved from /home/airflow/.local/lib/python3.8/site-packages/airflow/example_dags/example_external_task_marker_dag.py
[2023-11-23T04:22:00.338+0000] {logging_mixin.py:154} INFO - [2023-11-23T04:22:00.338+0000] {dag.py:2941} INFO - Sync 2 DAGs
[2023-11-23T04:22:00.393+0000] {logging_mixin.py:154} INFO - [2023-11-23T04:22:00.392+0000] {dag.py:3722} INFO - Setting next_dagrun for example_external_task_marker_child to None, run_after=None
[2023-11-23T04:22:00.405+0000] {logging_mixin.py:154} INFO - [2023-11-23T04:22:00.404+0000] {dag.py:3722} INFO - Setting next_dagrun for example_external_task_marker_parent to None, run_after=None
[2023-11-23T04:22:00.540+0000] {processor.py:179} INFO - Processing /home/airflow/.local/lib/python3.8/site-packages/airflow/example_dags/example_external_task_marker_dag.py took 0.465 seconds
