[2023-11-23T02:25:19.387+0000] {processor.py:157} INFO - Started process (PID=79) to work on /home/airflow/.local/lib/python3.8/site-packages/airflow/example_dags/example_short_circuit_decorator.py
[2023-11-23T02:25:19.391+0000] {processor.py:829} INFO - Processing file /home/airflow/.local/lib/python3.8/site-packages/airflow/example_dags/example_short_circuit_decorator.py for tasks to queue
[2023-11-23T02:25:19.400+0000] {logging_mixin.py:154} INFO - [2023-11-23T02:25:19.399+0000] {dagbag.py:536} INFO - Filling up the DagBag from /home/airflow/.local/lib/python3.8/site-packages/airflow/example_dags/example_short_circuit_decorator.py
[2023-11-23T02:25:19.418+0000] {processor.py:839} INFO - DAG(s) dict_keys(['example_short_circuit_decorator']) retrieved from /home/airflow/.local/lib/python3.8/site-packages/airflow/example_dags/example_short_circuit_decorator.py
[2023-11-23T02:25:19.574+0000] {logging_mixin.py:154} INFO - [2023-11-23T02:25:19.573+0000] {manager.py:499} INFO - Created Permission View: %s
[2023-11-23T02:25:19.603+0000] {logging_mixin.py:154} INFO - [2023-11-23T02:25:19.603+0000] {manager.py:499} INFO - Created Permission View: %s
[2023-11-23T02:25:19.622+0000] {logging_mixin.py:154} INFO - [2023-11-23T02:25:19.620+0000] {manager.py:499} INFO - Created Permission View: %s
[2023-11-23T02:25:19.625+0000] {logging_mixin.py:154} INFO - [2023-11-23T02:25:19.624+0000] {dag.py:2941} INFO - Sync 1 DAGs
[2023-11-23T02:25:19.639+0000] {logging_mixin.py:154} INFO - [2023-11-23T02:25:19.639+0000] {dag.py:2963} INFO - Creating ORM DAG for example_short_circuit_decorator
[2023-11-23T02:25:19.651+0000] {logging_mixin.py:154} INFO - [2023-11-23T02:25:19.651+0000] {dag.py:3722} INFO - Setting next_dagrun for example_short_circuit_decorator to 2023-11-22T02:25:19.651261+00:00, run_after=2023-11-23T02:25:19.651261+00:00
[2023-11-23T02:25:19.680+0000] {processor.py:179} INFO - Processing /home/airflow/.local/lib/python3.8/site-packages/airflow/example_dags/example_short_circuit_decorator.py took 0.302 seconds
[2023-11-23T02:25:57.422+0000] {processor.py:157} INFO - Started process (PID=133) to work on /home/airflow/.local/lib/python3.8/site-packages/airflow/example_dags/example_short_circuit_decorator.py
[2023-11-23T02:25:57.428+0000] {processor.py:829} INFO - Processing file /home/airflow/.local/lib/python3.8/site-packages/airflow/example_dags/example_short_circuit_decorator.py for tasks to queue
[2023-11-23T02:25:57.452+0000] {logging_mixin.py:154} INFO - [2023-11-23T02:25:57.451+0000] {dagbag.py:536} INFO - Filling up the DagBag from /home/airflow/.local/lib/python3.8/site-packages/airflow/example_dags/example_short_circuit_decorator.py
[2023-11-23T02:25:57.599+0000] {processor.py:839} INFO - DAG(s) dict_keys(['example_short_circuit_decorator']) retrieved from /home/airflow/.local/lib/python3.8/site-packages/airflow/example_dags/example_short_circuit_decorator.py
[2023-11-23T02:25:57.786+0000] {logging_mixin.py:154} INFO - [2023-11-23T02:25:57.786+0000] {dag.py:2941} INFO - Sync 1 DAGs
[2023-11-23T02:25:57.979+0000] {logging_mixin.py:154} INFO - [2023-11-23T02:25:57.978+0000] {dag.py:3722} INFO - Setting next_dagrun for example_short_circuit_decorator to 2023-11-22T02:25:57.969770+00:00, run_after=2023-11-23T02:25:57.969770+00:00
[2023-11-23T02:25:58.071+0000] {processor.py:179} INFO - Processing /home/airflow/.local/lib/python3.8/site-packages/airflow/example_dags/example_short_circuit_decorator.py took 0.675 seconds
[2023-11-23T02:26:28.169+0000] {processor.py:157} INFO - Started process (PID=186) to work on /home/airflow/.local/lib/python3.8/site-packages/airflow/example_dags/example_short_circuit_decorator.py
[2023-11-23T02:26:28.171+0000] {processor.py:829} INFO - Processing file /home/airflow/.local/lib/python3.8/site-packages/airflow/example_dags/example_short_circuit_decorator.py for tasks to queue
[2023-11-23T02:26:28.175+0000] {logging_mixin.py:154} INFO - [2023-11-23T02:26:28.175+0000] {dagbag.py:536} INFO - Filling up the DagBag from /home/airflow/.local/lib/python3.8/site-packages/airflow/example_dags/example_short_circuit_decorator.py
[2023-11-23T02:26:28.194+0000] {processor.py:839} INFO - DAG(s) dict_keys(['example_short_circuit_decorator']) retrieved from /home/airflow/.local/lib/python3.8/site-packages/airflow/example_dags/example_short_circuit_decorator.py
[2023-11-23T02:26:28.230+0000] {logging_mixin.py:154} INFO - [2023-11-23T02:26:28.230+0000] {dag.py:2941} INFO - Sync 1 DAGs
[2023-11-23T02:26:28.255+0000] {logging_mixin.py:154} INFO - [2023-11-23T02:26:28.255+0000] {dag.py:3722} INFO - Setting next_dagrun for example_short_circuit_decorator to 2023-11-22T02:26:28.255428+00:00, run_after=2023-11-23T02:26:28.255428+00:00
[2023-11-23T02:26:28.291+0000] {processor.py:179} INFO - Processing /home/airflow/.local/lib/python3.8/site-packages/airflow/example_dags/example_short_circuit_decorator.py took 0.129 seconds
[2023-11-23T02:26:58.896+0000] {processor.py:157} INFO - Started process (PID=240) to work on /home/airflow/.local/lib/python3.8/site-packages/airflow/example_dags/example_short_circuit_decorator.py
[2023-11-23T02:26:58.898+0000] {processor.py:829} INFO - Processing file /home/airflow/.local/lib/python3.8/site-packages/airflow/example_dags/example_short_circuit_decorator.py for tasks to queue
[2023-11-23T02:26:58.903+0000] {logging_mixin.py:154} INFO - [2023-11-23T02:26:58.903+0000] {dagbag.py:536} INFO - Filling up the DagBag from /home/airflow/.local/lib/python3.8/site-packages/airflow/example_dags/example_short_circuit_decorator.py
[2023-11-23T02:26:58.920+0000] {processor.py:839} INFO - DAG(s) dict_keys(['example_short_circuit_decorator']) retrieved from /home/airflow/.local/lib/python3.8/site-packages/airflow/example_dags/example_short_circuit_decorator.py
[2023-11-23T02:26:58.992+0000] {logging_mixin.py:154} INFO - [2023-11-23T02:26:58.991+0000] {dag.py:2941} INFO - Sync 1 DAGs
[2023-11-23T02:26:59.033+0000] {logging_mixin.py:154} INFO - [2023-11-23T02:26:59.033+0000] {dag.py:3722} INFO - Setting next_dagrun for example_short_circuit_decorator to 2023-11-22T02:26:59.033406+00:00, run_after=2023-11-23T02:26:59.033406+00:00
[2023-11-23T02:26:59.148+0000] {processor.py:179} INFO - Processing /home/airflow/.local/lib/python3.8/site-packages/airflow/example_dags/example_short_circuit_decorator.py took 0.258 seconds
[2023-11-23T02:27:31.508+0000] {processor.py:157} INFO - Started process (PID=294) to work on /home/airflow/.local/lib/python3.8/site-packages/airflow/example_dags/example_short_circuit_decorator.py
[2023-11-23T02:27:31.517+0000] {processor.py:829} INFO - Processing file /home/airflow/.local/lib/python3.8/site-packages/airflow/example_dags/example_short_circuit_decorator.py for tasks to queue
[2023-11-23T02:27:31.558+0000] {logging_mixin.py:154} INFO - [2023-11-23T02:27:31.557+0000] {dagbag.py:536} INFO - Filling up the DagBag from /home/airflow/.local/lib/python3.8/site-packages/airflow/example_dags/example_short_circuit_decorator.py
[2023-11-23T02:27:31.642+0000] {processor.py:839} INFO - DAG(s) dict_keys(['example_short_circuit_decorator']) retrieved from /home/airflow/.local/lib/python3.8/site-packages/airflow/example_dags/example_short_circuit_decorator.py
[2023-11-23T02:27:31.793+0000] {logging_mixin.py:154} INFO - [2023-11-23T02:27:31.793+0000] {dag.py:2941} INFO - Sync 1 DAGs
[2023-11-23T02:27:31.923+0000] {logging_mixin.py:154} INFO - [2023-11-23T02:27:31.922+0000] {dag.py:3722} INFO - Setting next_dagrun for example_short_circuit_decorator to 2023-11-22T02:27:31.922490+00:00, run_after=2023-11-23T02:27:31.922490+00:00
[2023-11-23T02:27:31.996+0000] {processor.py:179} INFO - Processing /home/airflow/.local/lib/python3.8/site-packages/airflow/example_dags/example_short_circuit_decorator.py took 0.626 seconds
[2023-11-23T02:28:02.487+0000] {processor.py:157} INFO - Started process (PID=347) to work on /home/airflow/.local/lib/python3.8/site-packages/airflow/example_dags/example_short_circuit_decorator.py
[2023-11-23T02:28:02.489+0000] {processor.py:829} INFO - Processing file /home/airflow/.local/lib/python3.8/site-packages/airflow/example_dags/example_short_circuit_decorator.py for tasks to queue
[2023-11-23T02:28:02.493+0000] {logging_mixin.py:154} INFO - [2023-11-23T02:28:02.492+0000] {dagbag.py:536} INFO - Filling up the DagBag from /home/airflow/.local/lib/python3.8/site-packages/airflow/example_dags/example_short_circuit_decorator.py
[2023-11-23T02:28:02.528+0000] {processor.py:839} INFO - DAG(s) dict_keys(['example_short_circuit_decorator']) retrieved from /home/airflow/.local/lib/python3.8/site-packages/airflow/example_dags/example_short_circuit_decorator.py
[2023-11-23T02:28:02.607+0000] {logging_mixin.py:154} INFO - [2023-11-23T02:28:02.606+0000] {dag.py:2941} INFO - Sync 1 DAGs
[2023-11-23T02:28:02.670+0000] {logging_mixin.py:154} INFO - [2023-11-23T02:28:02.670+0000] {dag.py:3722} INFO - Setting next_dagrun for example_short_circuit_decorator to 2023-11-22T02:28:02.670297+00:00, run_after=2023-11-23T02:28:02.670297+00:00
[2023-11-23T02:28:02.720+0000] {processor.py:179} INFO - Processing /home/airflow/.local/lib/python3.8/site-packages/airflow/example_dags/example_short_circuit_decorator.py took 0.237 seconds
[2023-11-23T02:28:33.091+0000] {processor.py:157} INFO - Started process (PID=400) to work on /home/airflow/.local/lib/python3.8/site-packages/airflow/example_dags/example_short_circuit_decorator.py
[2023-11-23T02:28:33.094+0000] {processor.py:829} INFO - Processing file /home/airflow/.local/lib/python3.8/site-packages/airflow/example_dags/example_short_circuit_decorator.py for tasks to queue
[2023-11-23T02:28:33.105+0000] {logging_mixin.py:154} INFO - [2023-11-23T02:28:33.105+0000] {dagbag.py:536} INFO - Filling up the DagBag from /home/airflow/.local/lib/python3.8/site-packages/airflow/example_dags/example_short_circuit_decorator.py
[2023-11-23T02:28:33.140+0000] {processor.py:839} INFO - DAG(s) dict_keys(['example_short_circuit_decorator']) retrieved from /home/airflow/.local/lib/python3.8/site-packages/airflow/example_dags/example_short_circuit_decorator.py
[2023-11-23T02:28:33.178+0000] {logging_mixin.py:154} INFO - [2023-11-23T02:28:33.178+0000] {dag.py:2941} INFO - Sync 1 DAGs
[2023-11-23T02:28:33.205+0000] {logging_mixin.py:154} INFO - [2023-11-23T02:28:33.204+0000] {dag.py:3722} INFO - Setting next_dagrun for example_short_circuit_decorator to 2023-11-22T02:28:33.204631+00:00, run_after=2023-11-23T02:28:33.204631+00:00
[2023-11-23T02:28:33.225+0000] {processor.py:179} INFO - Processing /home/airflow/.local/lib/python3.8/site-packages/airflow/example_dags/example_short_circuit_decorator.py took 0.140 seconds
[2023-11-23T02:29:03.272+0000] {processor.py:157} INFO - Started process (PID=454) to work on /home/airflow/.local/lib/python3.8/site-packages/airflow/example_dags/example_short_circuit_decorator.py
[2023-11-23T02:29:03.273+0000] {processor.py:829} INFO - Processing file /home/airflow/.local/lib/python3.8/site-packages/airflow/example_dags/example_short_circuit_decorator.py for tasks to queue
[2023-11-23T02:29:03.275+0000] {logging_mixin.py:154} INFO - [2023-11-23T02:29:03.275+0000] {dagbag.py:536} INFO - Filling up the DagBag from /home/airflow/.local/lib/python3.8/site-packages/airflow/example_dags/example_short_circuit_decorator.py
[2023-11-23T02:29:03.287+0000] {processor.py:839} INFO - DAG(s) dict_keys(['example_short_circuit_decorator']) retrieved from /home/airflow/.local/lib/python3.8/site-packages/airflow/example_dags/example_short_circuit_decorator.py
[2023-11-23T02:29:03.318+0000] {logging_mixin.py:154} INFO - [2023-11-23T02:29:03.317+0000] {dag.py:2941} INFO - Sync 1 DAGs
[2023-11-23T02:29:03.343+0000] {logging_mixin.py:154} INFO - [2023-11-23T02:29:03.342+0000] {dag.py:3722} INFO - Setting next_dagrun for example_short_circuit_decorator to 2023-11-22T02:29:03.342564+00:00, run_after=2023-11-23T02:29:03.342564+00:00
[2023-11-23T02:29:03.367+0000] {processor.py:179} INFO - Processing /home/airflow/.local/lib/python3.8/site-packages/airflow/example_dags/example_short_circuit_decorator.py took 0.100 seconds
[2023-11-23T02:29:33.506+0000] {processor.py:157} INFO - Started process (PID=508) to work on /home/airflow/.local/lib/python3.8/site-packages/airflow/example_dags/example_short_circuit_decorator.py
[2023-11-23T02:29:33.510+0000] {processor.py:829} INFO - Processing file /home/airflow/.local/lib/python3.8/site-packages/airflow/example_dags/example_short_circuit_decorator.py for tasks to queue
[2023-11-23T02:29:33.517+0000] {logging_mixin.py:154} INFO - [2023-11-23T02:29:33.516+0000] {dagbag.py:536} INFO - Filling up the DagBag from /home/airflow/.local/lib/python3.8/site-packages/airflow/example_dags/example_short_circuit_decorator.py
[2023-11-23T02:29:33.528+0000] {processor.py:839} INFO - DAG(s) dict_keys(['example_short_circuit_decorator']) retrieved from /home/airflow/.local/lib/python3.8/site-packages/airflow/example_dags/example_short_circuit_decorator.py
[2023-11-23T02:29:33.559+0000] {logging_mixin.py:154} INFO - [2023-11-23T02:29:33.559+0000] {dag.py:2941} INFO - Sync 1 DAGs
[2023-11-23T02:29:33.591+0000] {logging_mixin.py:154} INFO - [2023-11-23T02:29:33.590+0000] {dag.py:3722} INFO - Setting next_dagrun for example_short_circuit_decorator to 2023-11-22T02:29:33.590525+00:00, run_after=2023-11-23T02:29:33.590525+00:00
[2023-11-23T02:29:33.616+0000] {processor.py:179} INFO - Processing /home/airflow/.local/lib/python3.8/site-packages/airflow/example_dags/example_short_circuit_decorator.py took 0.119 seconds
[2023-11-23T02:30:04.096+0000] {processor.py:157} INFO - Started process (PID=562) to work on /home/airflow/.local/lib/python3.8/site-packages/airflow/example_dags/example_short_circuit_decorator.py
[2023-11-23T02:30:04.097+0000] {processor.py:829} INFO - Processing file /home/airflow/.local/lib/python3.8/site-packages/airflow/example_dags/example_short_circuit_decorator.py for tasks to queue
[2023-11-23T02:30:04.102+0000] {logging_mixin.py:154} INFO - [2023-11-23T02:30:04.101+0000] {dagbag.py:536} INFO - Filling up the DagBag from /home/airflow/.local/lib/python3.8/site-packages/airflow/example_dags/example_short_circuit_decorator.py
[2023-11-23T02:30:04.131+0000] {processor.py:839} INFO - DAG(s) dict_keys(['example_short_circuit_decorator']) retrieved from /home/airflow/.local/lib/python3.8/site-packages/airflow/example_dags/example_short_circuit_decorator.py
[2023-11-23T02:30:04.256+0000] {logging_mixin.py:154} INFO - [2023-11-23T02:30:04.256+0000] {dag.py:2941} INFO - Sync 1 DAGs
[2023-11-23T02:30:04.304+0000] {logging_mixin.py:154} INFO - [2023-11-23T02:30:04.303+0000] {dag.py:3722} INFO - Setting next_dagrun for example_short_circuit_decorator to 2023-11-22T02:30:04.303375+00:00, run_after=2023-11-23T02:30:04.303375+00:00
[2023-11-23T02:30:04.390+0000] {processor.py:179} INFO - Processing /home/airflow/.local/lib/python3.8/site-packages/airflow/example_dags/example_short_circuit_decorator.py took 0.302 seconds
[2023-11-23T02:30:34.824+0000] {processor.py:157} INFO - Started process (PID=615) to work on /home/airflow/.local/lib/python3.8/site-packages/airflow/example_dags/example_short_circuit_decorator.py
[2023-11-23T02:30:34.827+0000] {processor.py:829} INFO - Processing file /home/airflow/.local/lib/python3.8/site-packages/airflow/example_dags/example_short_circuit_decorator.py for tasks to queue
[2023-11-23T02:30:34.832+0000] {logging_mixin.py:154} INFO - [2023-11-23T02:30:34.832+0000] {dagbag.py:536} INFO - Filling up the DagBag from /home/airflow/.local/lib/python3.8/site-packages/airflow/example_dags/example_short_circuit_decorator.py
[2023-11-23T02:30:34.854+0000] {processor.py:839} INFO - DAG(s) dict_keys(['example_short_circuit_decorator']) retrieved from /home/airflow/.local/lib/python3.8/site-packages/airflow/example_dags/example_short_circuit_decorator.py
[2023-11-23T02:30:34.905+0000] {logging_mixin.py:154} INFO - [2023-11-23T02:30:34.904+0000] {dag.py:2941} INFO - Sync 1 DAGs
[2023-11-23T02:30:34.945+0000] {logging_mixin.py:154} INFO - [2023-11-23T02:30:34.945+0000] {dag.py:3722} INFO - Setting next_dagrun for example_short_circuit_decorator to 2023-11-22T02:30:34.944887+00:00, run_after=2023-11-23T02:30:34.944887+00:00
[2023-11-23T02:30:34.984+0000] {processor.py:179} INFO - Processing /home/airflow/.local/lib/python3.8/site-packages/airflow/example_dags/example_short_circuit_decorator.py took 0.166 seconds
[2023-11-23T02:31:05.160+0000] {processor.py:157} INFO - Started process (PID=669) to work on /home/airflow/.local/lib/python3.8/site-packages/airflow/example_dags/example_short_circuit_decorator.py
[2023-11-23T02:31:05.163+0000] {processor.py:829} INFO - Processing file /home/airflow/.local/lib/python3.8/site-packages/airflow/example_dags/example_short_circuit_decorator.py for tasks to queue
[2023-11-23T02:31:05.168+0000] {logging_mixin.py:154} INFO - [2023-11-23T02:31:05.167+0000] {dagbag.py:536} INFO - Filling up the DagBag from /home/airflow/.local/lib/python3.8/site-packages/airflow/example_dags/example_short_circuit_decorator.py
[2023-11-23T02:31:05.187+0000] {processor.py:839} INFO - DAG(s) dict_keys(['example_short_circuit_decorator']) retrieved from /home/airflow/.local/lib/python3.8/site-packages/airflow/example_dags/example_short_circuit_decorator.py
[2023-11-23T02:31:05.258+0000] {logging_mixin.py:154} INFO - [2023-11-23T02:31:05.257+0000] {dag.py:2941} INFO - Sync 1 DAGs
[2023-11-23T02:31:05.348+0000] {logging_mixin.py:154} INFO - [2023-11-23T02:31:05.348+0000] {dag.py:3722} INFO - Setting next_dagrun for example_short_circuit_decorator to 2023-11-22T02:31:05.347772+00:00, run_after=2023-11-23T02:31:05.347772+00:00
[2023-11-23T02:31:05.402+0000] {processor.py:179} INFO - Processing /home/airflow/.local/lib/python3.8/site-packages/airflow/example_dags/example_short_circuit_decorator.py took 0.252 seconds
[2023-11-23T02:31:35.946+0000] {processor.py:157} INFO - Started process (PID=723) to work on /home/airflow/.local/lib/python3.8/site-packages/airflow/example_dags/example_short_circuit_decorator.py
[2023-11-23T02:31:35.948+0000] {processor.py:829} INFO - Processing file /home/airflow/.local/lib/python3.8/site-packages/airflow/example_dags/example_short_circuit_decorator.py for tasks to queue
[2023-11-23T02:31:35.957+0000] {logging_mixin.py:154} INFO - [2023-11-23T02:31:35.956+0000] {dagbag.py:536} INFO - Filling up the DagBag from /home/airflow/.local/lib/python3.8/site-packages/airflow/example_dags/example_short_circuit_decorator.py
[2023-11-23T02:31:35.999+0000] {processor.py:839} INFO - DAG(s) dict_keys(['example_short_circuit_decorator']) retrieved from /home/airflow/.local/lib/python3.8/site-packages/airflow/example_dags/example_short_circuit_decorator.py
[2023-11-23T02:31:36.114+0000] {logging_mixin.py:154} INFO - [2023-11-23T02:31:36.114+0000] {dag.py:2941} INFO - Sync 1 DAGs
[2023-11-23T02:31:36.171+0000] {logging_mixin.py:154} INFO - [2023-11-23T02:31:36.171+0000] {dag.py:3722} INFO - Setting next_dagrun for example_short_circuit_decorator to 2023-11-22T02:31:36.171243+00:00, run_after=2023-11-23T02:31:36.171243+00:00
[2023-11-23T02:31:36.195+0000] {processor.py:179} INFO - Processing /home/airflow/.local/lib/python3.8/site-packages/airflow/example_dags/example_short_circuit_decorator.py took 0.258 seconds
[2023-11-23T03:44:24.627+0000] {processor.py:157} INFO - Started process (PID=84) to work on /home/airflow/.local/lib/python3.8/site-packages/airflow/example_dags/example_short_circuit_decorator.py
[2023-11-23T03:44:24.654+0000] {processor.py:829} INFO - Processing file /home/airflow/.local/lib/python3.8/site-packages/airflow/example_dags/example_short_circuit_decorator.py for tasks to queue
[2023-11-23T03:44:24.665+0000] {logging_mixin.py:154} INFO - [2023-11-23T03:44:24.665+0000] {dagbag.py:536} INFO - Filling up the DagBag from /home/airflow/.local/lib/python3.8/site-packages/airflow/example_dags/example_short_circuit_decorator.py
[2023-11-23T03:44:24.796+0000] {processor.py:839} INFO - DAG(s) dict_keys(['example_short_circuit_decorator']) retrieved from /home/airflow/.local/lib/python3.8/site-packages/airflow/example_dags/example_short_circuit_decorator.py
[2023-11-23T03:44:25.014+0000] {logging_mixin.py:154} INFO - [2023-11-23T03:44:25.013+0000] {dag.py:2941} INFO - Sync 1 DAGs
[2023-11-23T03:44:25.105+0000] {logging_mixin.py:154} INFO - [2023-11-23T03:44:25.105+0000] {dag.py:3722} INFO - Setting next_dagrun for example_short_circuit_decorator to 2023-11-22T03:44:25.104729+00:00, run_after=2023-11-23T03:44:25.104729+00:00
[2023-11-23T03:44:25.174+0000] {processor.py:179} INFO - Processing /home/airflow/.local/lib/python3.8/site-packages/airflow/example_dags/example_short_circuit_decorator.py took 0.561 seconds
[2023-11-23T03:44:55.665+0000] {processor.py:157} INFO - Started process (PID=138) to work on /home/airflow/.local/lib/python3.8/site-packages/airflow/example_dags/example_short_circuit_decorator.py
[2023-11-23T03:44:55.668+0000] {processor.py:829} INFO - Processing file /home/airflow/.local/lib/python3.8/site-packages/airflow/example_dags/example_short_circuit_decorator.py for tasks to queue
[2023-11-23T03:44:55.679+0000] {logging_mixin.py:154} INFO - [2023-11-23T03:44:55.679+0000] {dagbag.py:536} INFO - Filling up the DagBag from /home/airflow/.local/lib/python3.8/site-packages/airflow/example_dags/example_short_circuit_decorator.py
[2023-11-23T03:44:55.706+0000] {processor.py:839} INFO - DAG(s) dict_keys(['example_short_circuit_decorator']) retrieved from /home/airflow/.local/lib/python3.8/site-packages/airflow/example_dags/example_short_circuit_decorator.py
[2023-11-23T03:44:55.760+0000] {logging_mixin.py:154} INFO - [2023-11-23T03:44:55.760+0000] {dag.py:2941} INFO - Sync 1 DAGs
[2023-11-23T03:44:55.814+0000] {logging_mixin.py:154} INFO - [2023-11-23T03:44:55.813+0000] {dag.py:3722} INFO - Setting next_dagrun for example_short_circuit_decorator to 2023-11-22T03:44:55.813384+00:00, run_after=2023-11-23T03:44:55.813384+00:00
[2023-11-23T03:44:55.847+0000] {processor.py:179} INFO - Processing /home/airflow/.local/lib/python3.8/site-packages/airflow/example_dags/example_short_circuit_decorator.py took 0.191 seconds
[2023-11-23T04:15:43.620+0000] {processor.py:157} INFO - Started process (PID=203) to work on /home/airflow/.local/lib/python3.8/site-packages/airflow/example_dags/example_short_circuit_decorator.py
[2023-11-23T04:15:43.623+0000] {processor.py:829} INFO - Processing file /home/airflow/.local/lib/python3.8/site-packages/airflow/example_dags/example_short_circuit_decorator.py for tasks to queue
[2023-11-23T04:15:43.628+0000] {logging_mixin.py:154} INFO - [2023-11-23T04:15:43.627+0000] {dagbag.py:536} INFO - Filling up the DagBag from /home/airflow/.local/lib/python3.8/site-packages/airflow/example_dags/example_short_circuit_decorator.py
[2023-11-23T04:15:43.655+0000] {processor.py:839} INFO - DAG(s) dict_keys(['example_short_circuit_decorator']) retrieved from /home/airflow/.local/lib/python3.8/site-packages/airflow/example_dags/example_short_circuit_decorator.py
[2023-11-23T04:15:43.779+0000] {logging_mixin.py:154} INFO - [2023-11-23T04:15:43.778+0000] {dag.py:2941} INFO - Sync 1 DAGs
[2023-11-23T04:15:43.831+0000] {logging_mixin.py:154} INFO - [2023-11-23T04:15:43.830+0000] {dag.py:3722} INFO - Setting next_dagrun for example_short_circuit_decorator to 2023-11-22T04:15:43.829686+00:00, run_after=2023-11-23T04:15:43.829686+00:00
[2023-11-23T04:15:43.884+0000] {processor.py:179} INFO - Processing /home/airflow/.local/lib/python3.8/site-packages/airflow/example_dags/example_short_circuit_decorator.py took 0.269 seconds
[2023-11-23T04:16:14.716+0000] {processor.py:157} INFO - Started process (PID=256) to work on /home/airflow/.local/lib/python3.8/site-packages/airflow/example_dags/example_short_circuit_decorator.py
[2023-11-23T04:16:14.718+0000] {processor.py:829} INFO - Processing file /home/airflow/.local/lib/python3.8/site-packages/airflow/example_dags/example_short_circuit_decorator.py for tasks to queue
[2023-11-23T04:16:14.723+0000] {logging_mixin.py:154} INFO - [2023-11-23T04:16:14.722+0000] {dagbag.py:536} INFO - Filling up the DagBag from /home/airflow/.local/lib/python3.8/site-packages/airflow/example_dags/example_short_circuit_decorator.py
[2023-11-23T04:16:14.743+0000] {processor.py:839} INFO - DAG(s) dict_keys(['example_short_circuit_decorator']) retrieved from /home/airflow/.local/lib/python3.8/site-packages/airflow/example_dags/example_short_circuit_decorator.py
[2023-11-23T04:16:14.791+0000] {logging_mixin.py:154} INFO - [2023-11-23T04:16:14.791+0000] {dag.py:2941} INFO - Sync 1 DAGs
[2023-11-23T04:16:14.834+0000] {logging_mixin.py:154} INFO - [2023-11-23T04:16:14.833+0000] {dag.py:3722} INFO - Setting next_dagrun for example_short_circuit_decorator to 2023-11-22T04:16:14.833451+00:00, run_after=2023-11-23T04:16:14.833451+00:00
[2023-11-23T04:16:14.865+0000] {processor.py:179} INFO - Processing /home/airflow/.local/lib/python3.8/site-packages/airflow/example_dags/example_short_circuit_decorator.py took 0.155 seconds
[2023-11-23T04:16:44.931+0000] {processor.py:157} INFO - Started process (PID=309) to work on /home/airflow/.local/lib/python3.8/site-packages/airflow/example_dags/example_short_circuit_decorator.py
[2023-11-23T04:16:44.933+0000] {processor.py:829} INFO - Processing file /home/airflow/.local/lib/python3.8/site-packages/airflow/example_dags/example_short_circuit_decorator.py for tasks to queue
[2023-11-23T04:16:44.936+0000] {logging_mixin.py:154} INFO - [2023-11-23T04:16:44.936+0000] {dagbag.py:536} INFO - Filling up the DagBag from /home/airflow/.local/lib/python3.8/site-packages/airflow/example_dags/example_short_circuit_decorator.py
[2023-11-23T04:16:44.948+0000] {processor.py:839} INFO - DAG(s) dict_keys(['example_short_circuit_decorator']) retrieved from /home/airflow/.local/lib/python3.8/site-packages/airflow/example_dags/example_short_circuit_decorator.py
[2023-11-23T04:16:44.981+0000] {logging_mixin.py:154} INFO - [2023-11-23T04:16:44.981+0000] {dag.py:2941} INFO - Sync 1 DAGs
[2023-11-23T04:16:45.012+0000] {logging_mixin.py:154} INFO - [2023-11-23T04:16:45.011+0000] {dag.py:3722} INFO - Setting next_dagrun for example_short_circuit_decorator to 2023-11-22T04:16:45.011480+00:00, run_after=2023-11-23T04:16:45.011480+00:00
[2023-11-23T04:16:45.034+0000] {processor.py:179} INFO - Processing /home/airflow/.local/lib/python3.8/site-packages/airflow/example_dags/example_short_circuit_decorator.py took 0.108 seconds
[2023-11-23T04:17:15.752+0000] {processor.py:157} INFO - Started process (PID=363) to work on /home/airflow/.local/lib/python3.8/site-packages/airflow/example_dags/example_short_circuit_decorator.py
[2023-11-23T04:17:15.754+0000] {processor.py:829} INFO - Processing file /home/airflow/.local/lib/python3.8/site-packages/airflow/example_dags/example_short_circuit_decorator.py for tasks to queue
[2023-11-23T04:17:15.761+0000] {logging_mixin.py:154} INFO - [2023-11-23T04:17:15.760+0000] {dagbag.py:536} INFO - Filling up the DagBag from /home/airflow/.local/lib/python3.8/site-packages/airflow/example_dags/example_short_circuit_decorator.py
[2023-11-23T04:17:15.782+0000] {processor.py:839} INFO - DAG(s) dict_keys(['example_short_circuit_decorator']) retrieved from /home/airflow/.local/lib/python3.8/site-packages/airflow/example_dags/example_short_circuit_decorator.py
[2023-11-23T04:17:15.824+0000] {logging_mixin.py:154} INFO - [2023-11-23T04:17:15.823+0000] {dag.py:2941} INFO - Sync 1 DAGs
[2023-11-23T04:17:15.856+0000] {logging_mixin.py:154} INFO - [2023-11-23T04:17:15.856+0000] {dag.py:3722} INFO - Setting next_dagrun for example_short_circuit_decorator to 2023-11-22T04:17:15.855580+00:00, run_after=2023-11-23T04:17:15.855580+00:00
[2023-11-23T04:17:15.883+0000] {processor.py:179} INFO - Processing /home/airflow/.local/lib/python3.8/site-packages/airflow/example_dags/example_short_circuit_decorator.py took 0.138 seconds
[2023-11-23T04:17:46.133+0000] {processor.py:157} INFO - Started process (PID=417) to work on /home/airflow/.local/lib/python3.8/site-packages/airflow/example_dags/example_short_circuit_decorator.py
[2023-11-23T04:17:46.135+0000] {processor.py:829} INFO - Processing file /home/airflow/.local/lib/python3.8/site-packages/airflow/example_dags/example_short_circuit_decorator.py for tasks to queue
[2023-11-23T04:17:46.138+0000] {logging_mixin.py:154} INFO - [2023-11-23T04:17:46.138+0000] {dagbag.py:536} INFO - Filling up the DagBag from /home/airflow/.local/lib/python3.8/site-packages/airflow/example_dags/example_short_circuit_decorator.py
[2023-11-23T04:17:46.159+0000] {processor.py:839} INFO - DAG(s) dict_keys(['example_short_circuit_decorator']) retrieved from /home/airflow/.local/lib/python3.8/site-packages/airflow/example_dags/example_short_circuit_decorator.py
[2023-11-23T04:17:46.192+0000] {logging_mixin.py:154} INFO - [2023-11-23T04:17:46.192+0000] {dag.py:2941} INFO - Sync 1 DAGs
[2023-11-23T04:17:46.226+0000] {logging_mixin.py:154} INFO - [2023-11-23T04:17:46.226+0000] {dag.py:3722} INFO - Setting next_dagrun for example_short_circuit_decorator to 2023-11-22T04:17:46.226119+00:00, run_after=2023-11-23T04:17:46.226119+00:00
[2023-11-23T04:17:46.260+0000] {processor.py:179} INFO - Processing /home/airflow/.local/lib/python3.8/site-packages/airflow/example_dags/example_short_circuit_decorator.py took 0.133 seconds
[2023-11-23T04:18:18.181+0000] {processor.py:157} INFO - Started process (PID=477) to work on /home/airflow/.local/lib/python3.8/site-packages/airflow/example_dags/example_short_circuit_decorator.py
[2023-11-23T04:18:18.183+0000] {processor.py:829} INFO - Processing file /home/airflow/.local/lib/python3.8/site-packages/airflow/example_dags/example_short_circuit_decorator.py for tasks to queue
[2023-11-23T04:18:18.188+0000] {logging_mixin.py:154} INFO - [2023-11-23T04:18:18.187+0000] {dagbag.py:536} INFO - Filling up the DagBag from /home/airflow/.local/lib/python3.8/site-packages/airflow/example_dags/example_short_circuit_decorator.py
[2023-11-23T04:18:18.231+0000] {processor.py:839} INFO - DAG(s) dict_keys(['example_short_circuit_decorator']) retrieved from /home/airflow/.local/lib/python3.8/site-packages/airflow/example_dags/example_short_circuit_decorator.py
[2023-11-23T04:18:18.348+0000] {logging_mixin.py:154} INFO - [2023-11-23T04:18:18.347+0000] {dag.py:2941} INFO - Sync 1 DAGs
[2023-11-23T04:18:18.420+0000] {logging_mixin.py:154} INFO - [2023-11-23T04:18:18.419+0000] {dag.py:3722} INFO - Setting next_dagrun for example_short_circuit_decorator to 2023-11-22T04:18:18.419337+00:00, run_after=2023-11-23T04:18:18.419337+00:00
[2023-11-23T04:18:18.468+0000] {processor.py:179} INFO - Processing /home/airflow/.local/lib/python3.8/site-packages/airflow/example_dags/example_short_circuit_decorator.py took 0.295 seconds
[2023-11-23T04:18:50.708+0000] {processor.py:157} INFO - Started process (PID=532) to work on /home/airflow/.local/lib/python3.8/site-packages/airflow/example_dags/example_short_circuit_decorator.py
[2023-11-23T04:18:50.711+0000] {processor.py:829} INFO - Processing file /home/airflow/.local/lib/python3.8/site-packages/airflow/example_dags/example_short_circuit_decorator.py for tasks to queue
[2023-11-23T04:18:50.716+0000] {logging_mixin.py:154} INFO - [2023-11-23T04:18:50.715+0000] {dagbag.py:536} INFO - Filling up the DagBag from /home/airflow/.local/lib/python3.8/site-packages/airflow/example_dags/example_short_circuit_decorator.py
[2023-11-23T04:18:50.740+0000] {processor.py:839} INFO - DAG(s) dict_keys(['example_short_circuit_decorator']) retrieved from /home/airflow/.local/lib/python3.8/site-packages/airflow/example_dags/example_short_circuit_decorator.py
[2023-11-23T04:18:50.814+0000] {logging_mixin.py:154} INFO - [2023-11-23T04:18:50.813+0000] {dag.py:2941} INFO - Sync 1 DAGs
[2023-11-23T04:18:50.859+0000] {logging_mixin.py:154} INFO - [2023-11-23T04:18:50.858+0000] {dag.py:3722} INFO - Setting next_dagrun for example_short_circuit_decorator to 2023-11-22T04:18:50.857593+00:00, run_after=2023-11-23T04:18:50.857593+00:00
[2023-11-23T04:18:50.889+0000] {processor.py:179} INFO - Processing /home/airflow/.local/lib/python3.8/site-packages/airflow/example_dags/example_short_circuit_decorator.py took 0.190 seconds
[2023-11-23T04:19:22.852+0000] {processor.py:157} INFO - Started process (PID=586) to work on /home/airflow/.local/lib/python3.8/site-packages/airflow/example_dags/example_short_circuit_decorator.py
[2023-11-23T04:19:22.855+0000] {processor.py:829} INFO - Processing file /home/airflow/.local/lib/python3.8/site-packages/airflow/example_dags/example_short_circuit_decorator.py for tasks to queue
[2023-11-23T04:19:22.860+0000] {logging_mixin.py:154} INFO - [2023-11-23T04:19:22.859+0000] {dagbag.py:536} INFO - Filling up the DagBag from /home/airflow/.local/lib/python3.8/site-packages/airflow/example_dags/example_short_circuit_decorator.py
[2023-11-23T04:19:22.880+0000] {processor.py:839} INFO - DAG(s) dict_keys(['example_short_circuit_decorator']) retrieved from /home/airflow/.local/lib/python3.8/site-packages/airflow/example_dags/example_short_circuit_decorator.py
[2023-11-23T04:19:22.925+0000] {logging_mixin.py:154} INFO - [2023-11-23T04:19:22.924+0000] {dag.py:2941} INFO - Sync 1 DAGs
[2023-11-23T04:19:22.960+0000] {logging_mixin.py:154} INFO - [2023-11-23T04:19:22.960+0000] {dag.py:3722} INFO - Setting next_dagrun for example_short_circuit_decorator to 2023-11-22T04:19:22.959539+00:00, run_after=2023-11-23T04:19:22.959539+00:00
[2023-11-23T04:19:22.993+0000] {processor.py:179} INFO - Processing /home/airflow/.local/lib/python3.8/site-packages/airflow/example_dags/example_short_circuit_decorator.py took 0.148 seconds
[2023-11-23T04:19:54.111+0000] {processor.py:157} INFO - Started process (PID=640) to work on /home/airflow/.local/lib/python3.8/site-packages/airflow/example_dags/example_short_circuit_decorator.py
[2023-11-23T04:19:54.119+0000] {processor.py:829} INFO - Processing file /home/airflow/.local/lib/python3.8/site-packages/airflow/example_dags/example_short_circuit_decorator.py for tasks to queue
[2023-11-23T04:19:54.131+0000] {logging_mixin.py:154} INFO - [2023-11-23T04:19:54.130+0000] {dagbag.py:536} INFO - Filling up the DagBag from /home/airflow/.local/lib/python3.8/site-packages/airflow/example_dags/example_short_circuit_decorator.py
[2023-11-23T04:19:54.179+0000] {processor.py:839} INFO - DAG(s) dict_keys(['example_short_circuit_decorator']) retrieved from /home/airflow/.local/lib/python3.8/site-packages/airflow/example_dags/example_short_circuit_decorator.py
[2023-11-23T04:19:54.307+0000] {logging_mixin.py:154} INFO - [2023-11-23T04:19:54.307+0000] {dag.py:2941} INFO - Sync 1 DAGs
[2023-11-23T04:19:54.398+0000] {logging_mixin.py:154} INFO - [2023-11-23T04:19:54.398+0000] {dag.py:3722} INFO - Setting next_dagrun for example_short_circuit_decorator to 2023-11-22T04:19:54.397758+00:00, run_after=2023-11-23T04:19:54.397758+00:00
[2023-11-23T04:19:54.480+0000] {processor.py:179} INFO - Processing /home/airflow/.local/lib/python3.8/site-packages/airflow/example_dags/example_short_circuit_decorator.py took 0.404 seconds
[2023-11-23T04:20:24.691+0000] {processor.py:157} INFO - Started process (PID=692) to work on /home/airflow/.local/lib/python3.8/site-packages/airflow/example_dags/example_short_circuit_decorator.py
[2023-11-23T04:20:24.693+0000] {processor.py:829} INFO - Processing file /home/airflow/.local/lib/python3.8/site-packages/airflow/example_dags/example_short_circuit_decorator.py for tasks to queue
[2023-11-23T04:20:24.702+0000] {logging_mixin.py:154} INFO - [2023-11-23T04:20:24.701+0000] {dagbag.py:536} INFO - Filling up the DagBag from /home/airflow/.local/lib/python3.8/site-packages/airflow/example_dags/example_short_circuit_decorator.py
[2023-11-23T04:20:24.744+0000] {processor.py:839} INFO - DAG(s) dict_keys(['example_short_circuit_decorator']) retrieved from /home/airflow/.local/lib/python3.8/site-packages/airflow/example_dags/example_short_circuit_decorator.py
[2023-11-23T04:20:24.793+0000] {logging_mixin.py:154} INFO - [2023-11-23T04:20:24.793+0000] {dag.py:2941} INFO - Sync 1 DAGs
[2023-11-23T04:20:24.834+0000] {logging_mixin.py:154} INFO - [2023-11-23T04:20:24.834+0000] {dag.py:3722} INFO - Setting next_dagrun for example_short_circuit_decorator to 2023-11-22T04:20:24.833746+00:00, run_after=2023-11-23T04:20:24.833746+00:00
[2023-11-23T04:20:24.871+0000] {processor.py:179} INFO - Processing /home/airflow/.local/lib/python3.8/site-packages/airflow/example_dags/example_short_circuit_decorator.py took 0.191 seconds
[2023-11-23T04:20:55.469+0000] {processor.py:157} INFO - Started process (PID=746) to work on /home/airflow/.local/lib/python3.8/site-packages/airflow/example_dags/example_short_circuit_decorator.py
[2023-11-23T04:20:55.474+0000] {processor.py:829} INFO - Processing file /home/airflow/.local/lib/python3.8/site-packages/airflow/example_dags/example_short_circuit_decorator.py for tasks to queue
[2023-11-23T04:20:55.487+0000] {logging_mixin.py:154} INFO - [2023-11-23T04:20:55.485+0000] {dagbag.py:536} INFO - Filling up the DagBag from /home/airflow/.local/lib/python3.8/site-packages/airflow/example_dags/example_short_circuit_decorator.py
[2023-11-23T04:20:55.522+0000] {processor.py:839} INFO - DAG(s) dict_keys(['example_short_circuit_decorator']) retrieved from /home/airflow/.local/lib/python3.8/site-packages/airflow/example_dags/example_short_circuit_decorator.py
[2023-11-23T04:20:55.636+0000] {logging_mixin.py:154} INFO - [2023-11-23T04:20:55.635+0000] {dag.py:2941} INFO - Sync 1 DAGs
[2023-11-23T04:20:55.710+0000] {logging_mixin.py:154} INFO - [2023-11-23T04:20:55.710+0000] {dag.py:3722} INFO - Setting next_dagrun for example_short_circuit_decorator to 2023-11-22T04:20:55.709579+00:00, run_after=2023-11-23T04:20:55.709579+00:00
[2023-11-23T04:20:55.768+0000] {processor.py:179} INFO - Processing /home/airflow/.local/lib/python3.8/site-packages/airflow/example_dags/example_short_circuit_decorator.py took 0.314 seconds
[2023-11-23T04:21:34.267+0000] {processor.py:157} INFO - Started process (PID=801) to work on /home/airflow/.local/lib/python3.8/site-packages/airflow/example_dags/example_short_circuit_decorator.py
[2023-11-23T04:21:34.273+0000] {processor.py:829} INFO - Processing file /home/airflow/.local/lib/python3.8/site-packages/airflow/example_dags/example_short_circuit_decorator.py for tasks to queue
[2023-11-23T04:21:34.352+0000] {logging_mixin.py:154} INFO - [2023-11-23T04:21:34.338+0000] {dagbag.py:536} INFO - Filling up the DagBag from /home/airflow/.local/lib/python3.8/site-packages/airflow/example_dags/example_short_circuit_decorator.py
[2023-11-23T04:21:34.429+0000] {processor.py:839} INFO - DAG(s) dict_keys(['example_short_circuit_decorator']) retrieved from /home/airflow/.local/lib/python3.8/site-packages/airflow/example_dags/example_short_circuit_decorator.py
[2023-11-23T04:21:34.707+0000] {logging_mixin.py:154} INFO - [2023-11-23T04:21:34.706+0000] {dag.py:2941} INFO - Sync 1 DAGs
[2023-11-23T04:21:34.806+0000] {logging_mixin.py:154} INFO - [2023-11-23T04:21:34.806+0000] {dag.py:3722} INFO - Setting next_dagrun for example_short_circuit_decorator to 2023-11-22T04:21:34.806122+00:00, run_after=2023-11-23T04:21:34.806122+00:00
[2023-11-23T04:21:34.843+0000] {processor.py:179} INFO - Processing /home/airflow/.local/lib/python3.8/site-packages/airflow/example_dags/example_short_circuit_decorator.py took 0.585 seconds
[2023-11-23T04:22:08.262+0000] {processor.py:157} INFO - Started process (PID=855) to work on /home/airflow/.local/lib/python3.8/site-packages/airflow/example_dags/example_short_circuit_decorator.py
[2023-11-23T04:22:08.287+0000] {processor.py:829} INFO - Processing file /home/airflow/.local/lib/python3.8/site-packages/airflow/example_dags/example_short_circuit_decorator.py for tasks to queue
[2023-11-23T04:22:08.421+0000] {logging_mixin.py:154} INFO - [2023-11-23T04:22:08.419+0000] {dagbag.py:536} INFO - Filling up the DagBag from /home/airflow/.local/lib/python3.8/site-packages/airflow/example_dags/example_short_circuit_decorator.py
[2023-11-23T04:22:10.009+0000] {processor.py:839} INFO - DAG(s) dict_keys(['example_short_circuit_decorator']) retrieved from /home/airflow/.local/lib/python3.8/site-packages/airflow/example_dags/example_short_circuit_decorator.py
[2023-11-23T04:22:10.647+0000] {logging_mixin.py:154} INFO - [2023-11-23T04:22:10.646+0000] {dag.py:2941} INFO - Sync 1 DAGs
[2023-11-23T04:22:10.953+0000] {logging_mixin.py:154} INFO - [2023-11-23T04:22:10.952+0000] {dag.py:3722} INFO - Setting next_dagrun for example_short_circuit_decorator to 2023-11-22T04:22:10.952390+00:00, run_after=2023-11-23T04:22:10.952390+00:00
[2023-11-23T04:22:11.081+0000] {processor.py:179} INFO - Processing /home/airflow/.local/lib/python3.8/site-packages/airflow/example_dags/example_short_circuit_decorator.py took 2.843 seconds
