[2023-11-23T22:03:38.151+0000] {taskinstance.py:1159} INFO - Dependencies all met for dep_context=non-requeueable deps ti=<TaskInstance: outcomes_dag.extract scheduled__2023-11-19T00:00:00+00:00 [queued]>
[2023-11-23T22:03:38.219+0000] {taskinstance.py:1159} INFO - Dependencies all met for dep_context=requeueable deps ti=<TaskInstance: outcomes_dag.extract scheduled__2023-11-19T00:00:00+00:00 [queued]>
[2023-11-23T22:03:38.220+0000] {taskinstance.py:1361} INFO - Starting attempt 1 of 1
[2023-11-23T22:03:38.313+0000] {taskinstance.py:1382} INFO - Executing <Task(PythonOperator): extract> on 2023-11-19 00:00:00+00:00
[2023-11-23T22:03:38.331+0000] {standard_task_runner.py:57} INFO - Started process 196 to run task
[2023-11-23T22:03:38.339+0000] {standard_task_runner.py:84} INFO - Running: ['***', 'tasks', 'run', 'outcomes_dag', 'extract', 'scheduled__2023-11-19T00:00:00+00:00', '--job-id', '21', '--raw', '--subdir', 'DAGS_FOLDER/outcomes_dag.py', '--cfg-path', '/tmp/tmpqxrpsc8_']
[2023-11-23T22:03:38.347+0000] {standard_task_runner.py:85} INFO - Job 21: Subtask extract
[2023-11-23T22:03:38.520+0000] {task_command.py:416} INFO - Running <TaskInstance: outcomes_dag.extract scheduled__2023-11-19T00:00:00+00:00 [running]> on host 05b2ff981133
[2023-11-23T22:03:44.768+0000] {taskinstance.py:1662} INFO - Exporting env vars: AIRFLOW_CTX_DAG_OWNER='***' AIRFLOW_CTX_DAG_ID='outcomes_dag' AIRFLOW_CTX_TASK_ID='extract' AIRFLOW_CTX_EXECUTION_DATE='2023-11-19T00:00:00+00:00' AIRFLOW_CTX_TRY_NUMBER='1' AIRFLOW_CTX_DAG_RUN_ID='scheduled__2023-11-19T00:00:00+00:00'
[2023-11-23T22:03:47.584+0000] {python.py:194} INFO - Done. Returned value was: None
[2023-11-23T22:03:47.613+0000] {taskinstance.py:1400} INFO - Marking task as SUCCESS. dag_id=outcomes_dag, task_id=extract, execution_date=20231119T000000, start_date=20231123T220338, end_date=20231123T220347
[2023-11-23T22:03:48.217+0000] {local_task_job_runner.py:228} INFO - Task exited with return code 0
[2023-11-23T22:03:48.466+0000] {taskinstance.py:2778} INFO - 0 downstream tasks scheduled from follow-on schedule check
[2023-11-23T22:10:36.702+0000] {taskinstance.py:1159} INFO - Dependencies all met for dep_context=non-requeueable deps ti=<TaskInstance: outcomes_dag.extract scheduled__2023-11-19T00:00:00+00:00 [queued]>
[2023-11-23T22:10:36.717+0000] {taskinstance.py:1159} INFO - Dependencies all met for dep_context=requeueable deps ti=<TaskInstance: outcomes_dag.extract scheduled__2023-11-19T00:00:00+00:00 [queued]>
[2023-11-23T22:10:36.718+0000] {taskinstance.py:1361} INFO - Starting attempt 1 of 1
[2023-11-23T22:10:36.740+0000] {taskinstance.py:1382} INFO - Executing <Task(PythonOperator): extract> on 2023-11-19 00:00:00+00:00
[2023-11-23T22:10:36.833+0000] {standard_task_runner.py:57} INFO - Started process 97 to run task
[2023-11-23T22:10:36.842+0000] {standard_task_runner.py:84} INFO - Running: ['***', 'tasks', 'run', 'outcomes_dag', 'extract', 'scheduled__2023-11-19T00:00:00+00:00', '--job-id', '5', '--raw', '--subdir', 'DAGS_FOLDER/outcomes_dag.py', '--cfg-path', '/tmp/tmp97gvmq3d']
[2023-11-23T22:10:36.852+0000] {standard_task_runner.py:85} INFO - Job 5: Subtask extract
[2023-11-23T22:10:36.928+0000] {task_command.py:416} INFO - Running <TaskInstance: outcomes_dag.extract scheduled__2023-11-19T00:00:00+00:00 [running]> on host 3c6bdd9606b4
[2023-11-23T22:10:37.425+0000] {taskinstance.py:1662} INFO - Exporting env vars: AIRFLOW_CTX_DAG_OWNER='***' AIRFLOW_CTX_DAG_ID='outcomes_dag' AIRFLOW_CTX_TASK_ID='extract' AIRFLOW_CTX_EXECUTION_DATE='2023-11-19T00:00:00+00:00' AIRFLOW_CTX_TRY_NUMBER='1' AIRFLOW_CTX_DAG_RUN_ID='scheduled__2023-11-19T00:00:00+00:00'
[2023-11-23T22:10:40.497+0000] {python.py:194} INFO - Done. Returned value was: None
[2023-11-23T22:10:40.509+0000] {taskinstance.py:1400} INFO - Marking task as SUCCESS. dag_id=outcomes_dag, task_id=extract, execution_date=20231119T000000, start_date=20231123T221036, end_date=20231123T221040
[2023-11-23T22:10:40.554+0000] {local_task_job_runner.py:228} INFO - Task exited with return code 0
[2023-11-23T22:10:40.577+0000] {taskinstance.py:2778} INFO - 0 downstream tasks scheduled from follow-on schedule check
