[2023-11-25T01:43:55.315+0000] {taskinstance.py:1159} INFO - Dependencies all met for dep_context=non-requeueable deps ti=<TaskInstance: outcomes_dag.extract scheduled__2023-11-19T00:00:00+00:00 [queued]>
[2023-11-25T01:43:55.329+0000] {taskinstance.py:1159} INFO - Dependencies all met for dep_context=requeueable deps ti=<TaskInstance: outcomes_dag.extract scheduled__2023-11-19T00:00:00+00:00 [queued]>
[2023-11-25T01:43:55.330+0000] {taskinstance.py:1361} INFO - Starting attempt 3 of 3
[2023-11-25T01:43:55.348+0000] {taskinstance.py:1382} INFO - Executing <Task(PythonOperator): extract> on 2023-11-19 00:00:00+00:00
[2023-11-25T01:43:55.355+0000] {standard_task_runner.py:57} INFO - Started process 947 to run task
[2023-11-25T01:43:55.359+0000] {standard_task_runner.py:84} INFO - Running: ['***', 'tasks', 'run', 'outcomes_dag', 'extract', 'scheduled__2023-11-19T00:00:00+00:00', '--job-id', '20', '--raw', '--subdir', 'DAGS_FOLDER/outcomes_dag.py', '--cfg-path', '/tmp/tmp0o6jn5_h']
[2023-11-25T01:43:55.363+0000] {standard_task_runner.py:85} INFO - Job 20: Subtask extract
[2023-11-25T01:43:55.427+0000] {task_command.py:416} INFO - Running <TaskInstance: outcomes_dag.extract scheduled__2023-11-19T00:00:00+00:00 [running]> on host 8e76b4343da0
[2023-11-25T01:43:55.590+0000] {taskinstance.py:1662} INFO - Exporting env vars: AIRFLOW_CTX_DAG_OWNER='***' AIRFLOW_CTX_DAG_ID='outcomes_dag' AIRFLOW_CTX_TASK_ID='extract' AIRFLOW_CTX_EXECUTION_DATE='2023-11-19T00:00:00+00:00' AIRFLOW_CTX_TRY_NUMBER='3' AIRFLOW_CTX_DAG_RUN_ID='scheduled__2023-11-19T00:00:00+00:00'
[2023-11-25T01:43:56.681+0000] {python.py:194} INFO - Done. Returned value was: None
[2023-11-25T01:43:56.709+0000] {taskinstance.py:1400} INFO - Marking task as SUCCESS. dag_id=outcomes_dag, task_id=extract, execution_date=20231119T000000, start_date=20231125T014355, end_date=20231125T014356
[2023-11-25T01:43:56.749+0000] {local_task_job_runner.py:228} INFO - Task exited with return code 0
[2023-11-25T01:43:56.770+0000] {taskinstance.py:2778} INFO - 0 downstream tasks scheduled from follow-on schedule check
[2023-11-25T20:52:31.782+0000] {taskinstance.py:1159} INFO - Dependencies all met for dep_context=non-requeueable deps ti=<TaskInstance: outcomes_dag.extract scheduled__2023-11-19T00:00:00+00:00 [queued]>
[2023-11-25T20:52:31.794+0000] {taskinstance.py:1159} INFO - Dependencies all met for dep_context=requeueable deps ti=<TaskInstance: outcomes_dag.extract scheduled__2023-11-19T00:00:00+00:00 [queued]>
[2023-11-25T20:52:31.795+0000] {taskinstance.py:1361} INFO - Starting attempt 3 of 3
[2023-11-25T20:52:31.812+0000] {taskinstance.py:1382} INFO - Executing <Task(PythonOperator): extract> on 2023-11-19 00:00:00+00:00
[2023-11-25T20:52:31.818+0000] {standard_task_runner.py:57} INFO - Started process 566 to run task
[2023-11-25T20:52:31.821+0000] {standard_task_runner.py:84} INFO - Running: ['***', 'tasks', 'run', 'outcomes_dag', 'extract', 'scheduled__2023-11-19T00:00:00+00:00', '--job-id', '45', '--raw', '--subdir', 'DAGS_FOLDER/outcomes_dag.py', '--cfg-path', '/tmp/tmp1ru_q464']
[2023-11-25T20:52:31.825+0000] {standard_task_runner.py:85} INFO - Job 45: Subtask extract
[2023-11-25T20:52:31.878+0000] {task_command.py:416} INFO - Running <TaskInstance: outcomes_dag.extract scheduled__2023-11-19T00:00:00+00:00 [running]> on host 17ac1e2d02c6
[2023-11-25T20:52:31.976+0000] {taskinstance.py:1662} INFO - Exporting env vars: AIRFLOW_CTX_DAG_OWNER='***' AIRFLOW_CTX_DAG_ID='outcomes_dag' AIRFLOW_CTX_TASK_ID='extract' AIRFLOW_CTX_EXECUTION_DATE='2023-11-19T00:00:00+00:00' AIRFLOW_CTX_TRY_NUMBER='3' AIRFLOW_CTX_DAG_RUN_ID='scheduled__2023-11-19T00:00:00+00:00'
[2023-11-25T20:52:35.767+0000] {python.py:194} INFO - Done. Returned value was: None
[2023-11-25T20:52:35.797+0000] {taskinstance.py:1400} INFO - Marking task as SUCCESS. dag_id=outcomes_dag, task_id=extract, execution_date=20231119T000000, start_date=20231125T205231, end_date=20231125T205235
[2023-11-25T20:52:35.835+0000] {local_task_job_runner.py:228} INFO - Task exited with return code 0
[2023-11-25T20:52:35.886+0000] {taskinstance.py:2778} INFO - 1 downstream tasks scheduled from follow-on schedule check
[2023-11-26T03:03:21.786+0000] {taskinstance.py:1159} INFO - Dependencies all met for dep_context=non-requeueable deps ti=<TaskInstance: outcomes_dag.extract scheduled__2023-11-19T00:00:00+00:00 [queued]>
[2023-11-26T03:03:21.799+0000] {taskinstance.py:1159} INFO - Dependencies all met for dep_context=requeueable deps ti=<TaskInstance: outcomes_dag.extract scheduled__2023-11-19T00:00:00+00:00 [queued]>
[2023-11-26T03:03:21.800+0000] {taskinstance.py:1361} INFO - Starting attempt 3 of 3
[2023-11-26T03:03:21.814+0000] {taskinstance.py:1382} INFO - Executing <Task(PythonOperator): extract> on 2023-11-19 00:00:00+00:00
[2023-11-26T03:03:21.820+0000] {standard_task_runner.py:57} INFO - Started process 736 to run task
[2023-11-26T03:03:21.823+0000] {standard_task_runner.py:84} INFO - Running: ['***', 'tasks', 'run', 'outcomes_dag', 'extract', 'scheduled__2023-11-19T00:00:00+00:00', '--job-id', '119', '--raw', '--subdir', 'DAGS_FOLDER/outcomes_dag.py', '--cfg-path', '/tmp/tmpj72qtrq7']
[2023-11-26T03:03:21.828+0000] {standard_task_runner.py:85} INFO - Job 119: Subtask extract
[2023-11-26T03:03:21.885+0000] {task_command.py:416} INFO - Running <TaskInstance: outcomes_dag.extract scheduled__2023-11-19T00:00:00+00:00 [running]> on host d8c33f99ee50
[2023-11-26T03:03:21.992+0000] {taskinstance.py:1662} INFO - Exporting env vars: AIRFLOW_CTX_DAG_OWNER='***' AIRFLOW_CTX_DAG_ID='outcomes_dag' AIRFLOW_CTX_TASK_ID='extract' AIRFLOW_CTX_EXECUTION_DATE='2023-11-19T00:00:00+00:00' AIRFLOW_CTX_TRY_NUMBER='3' AIRFLOW_CTX_DAG_RUN_ID='scheduled__2023-11-19T00:00:00+00:00'
[2023-11-26T03:03:23.371+0000] {python.py:194} INFO - Done. Returned value was: None
[2023-11-26T03:03:23.386+0000] {taskinstance.py:1400} INFO - Marking task as SUCCESS. dag_id=outcomes_dag, task_id=extract, execution_date=20231119T000000, start_date=20231126T030321, end_date=20231126T030323
[2023-11-26T03:03:23.431+0000] {local_task_job_runner.py:228} INFO - Task exited with return code 0
[2023-11-26T03:03:23.463+0000] {taskinstance.py:2778} INFO - 1 downstream tasks scheduled from follow-on schedule check
