[2023-11-26T02:22:43.720+0000] {taskinstance.py:1159} INFO - Dependencies all met for dep_context=non-requeueable deps ti=<TaskInstance: outcomes_dag.load_dim_outcome_types scheduled__2023-11-19T00:00:00+00:00 [queued]>
[2023-11-26T02:22:43.766+0000] {taskinstance.py:1159} INFO - Dependencies all met for dep_context=requeueable deps ti=<TaskInstance: outcomes_dag.load_dim_outcome_types scheduled__2023-11-19T00:00:00+00:00 [queued]>
[2023-11-26T02:22:43.770+0000] {taskinstance.py:1361} INFO - Starting attempt 1 of 1
[2023-11-26T02:22:43.839+0000] {taskinstance.py:1382} INFO - Executing <Task(PythonOperator): load_dim_outcome_types> on 2023-11-19 00:00:00+00:00
[2023-11-26T02:22:43.856+0000] {standard_task_runner.py:57} INFO - Started process 701 to run task
[2023-11-26T02:22:43.870+0000] {standard_task_runner.py:84} INFO - Running: ['***', 'tasks', 'run', 'outcomes_dag', 'load_dim_outcome_types', 'scheduled__2023-11-19T00:00:00+00:00', '--job-id', '56', '--raw', '--subdir', 'DAGS_FOLDER/outcomes_dag.py', '--cfg-path', '/tmp/tmpr76u2p60']
[2023-11-26T02:22:43.875+0000] {standard_task_runner.py:85} INFO - Job 56: Subtask load_dim_outcome_types
[2023-11-26T02:22:44.694+0000] {task_command.py:416} INFO - Running <TaskInstance: outcomes_dag.load_dim_outcome_types scheduled__2023-11-19T00:00:00+00:00 [running]> on host 2011df1a4519
[2023-11-26T02:22:45.111+0000] {taskinstance.py:1662} INFO - Exporting env vars: AIRFLOW_CTX_DAG_OWNER='***' AIRFLOW_CTX_DAG_ID='outcomes_dag' AIRFLOW_CTX_TASK_ID='load_dim_outcome_types' AIRFLOW_CTX_EXECUTION_DATE='2023-11-19T00:00:00+00:00' AIRFLOW_CTX_TRY_NUMBER='1' AIRFLOW_CTX_DAG_RUN_ID='scheduled__2023-11-19T00:00:00+00:00'
[2023-11-26T02:22:46.614+0000] {python.py:194} INFO - Done. Returned value was: None
[2023-11-26T02:22:46.638+0000] {taskinstance.py:1400} INFO - Marking task as SUCCESS. dag_id=outcomes_dag, task_id=load_dim_outcome_types, execution_date=20231119T000000, start_date=20231126T022243, end_date=20231126T022246
[2023-11-26T02:22:46.941+0000] {local_task_job_runner.py:228} INFO - Task exited with return code 0
[2023-11-26T02:22:47.054+0000] {taskinstance.py:2778} INFO - 0 downstream tasks scheduled from follow-on schedule check
[2023-11-26T02:42:07.284+0000] {taskinstance.py:1159} INFO - Dependencies all met for dep_context=non-requeueable deps ti=<TaskInstance: outcomes_dag.load_dim_outcome_types scheduled__2023-11-19T00:00:00+00:00 [queued]>
[2023-11-26T02:42:07.338+0000] {taskinstance.py:1159} INFO - Dependencies all met for dep_context=requeueable deps ti=<TaskInstance: outcomes_dag.load_dim_outcome_types scheduled__2023-11-19T00:00:00+00:00 [queued]>
[2023-11-26T02:42:07.339+0000] {taskinstance.py:1361} INFO - Starting attempt 1 of 1
[2023-11-26T02:42:07.382+0000] {taskinstance.py:1382} INFO - Executing <Task(PythonOperator): load_dim_outcome_types> on 2023-11-19 00:00:00+00:00
[2023-11-26T02:42:07.412+0000] {standard_task_runner.py:57} INFO - Started process 139 to run task
[2023-11-26T02:42:07.425+0000] {standard_task_runner.py:84} INFO - Running: ['***', 'tasks', 'run', 'outcomes_dag', 'load_dim_outcome_types', 'scheduled__2023-11-19T00:00:00+00:00', '--job-id', '21', '--raw', '--subdir', 'DAGS_FOLDER/outcomes_dag.py', '--cfg-path', '/tmp/tmpfw29ptrr']
[2023-11-26T02:42:07.560+0000] {standard_task_runner.py:85} INFO - Job 21: Subtask load_dim_outcome_types
[2023-11-26T02:42:07.852+0000] {task_command.py:416} INFO - Running <TaskInstance: outcomes_dag.load_dim_outcome_types scheduled__2023-11-19T00:00:00+00:00 [running]> on host d8c33f99ee50
[2023-11-26T02:42:08.641+0000] {taskinstance.py:1662} INFO - Exporting env vars: AIRFLOW_CTX_DAG_OWNER='***' AIRFLOW_CTX_DAG_ID='outcomes_dag' AIRFLOW_CTX_TASK_ID='load_dim_outcome_types' AIRFLOW_CTX_EXECUTION_DATE='2023-11-19T00:00:00+00:00' AIRFLOW_CTX_TRY_NUMBER='1' AIRFLOW_CTX_DAG_RUN_ID='scheduled__2023-11-19T00:00:00+00:00'
[2023-11-26T02:42:11.538+0000] {python.py:194} INFO - Done. Returned value was: None
[2023-11-26T02:42:11.592+0000] {taskinstance.py:1400} INFO - Marking task as SUCCESS. dag_id=outcomes_dag, task_id=load_dim_outcome_types, execution_date=20231119T000000, start_date=20231126T024207, end_date=20231126T024211
[2023-11-26T02:42:11.652+0000] {local_task_job_runner.py:228} INFO - Task exited with return code 0
[2023-11-26T02:42:11.706+0000] {taskinstance.py:2778} INFO - 0 downstream tasks scheduled from follow-on schedule check
