[2023-11-26T02:23:27.400+0000] {taskinstance.py:1159} INFO - Dependencies all met for dep_context=non-requeueable deps ti=<TaskInstance: outcomes_dag.load_fct_outcomes scheduled__2023-11-22T00:00:00+00:00 [queued]>
[2023-11-26T02:23:27.421+0000] {taskinstance.py:1159} INFO - Dependencies all met for dep_context=requeueable deps ti=<TaskInstance: outcomes_dag.load_fct_outcomes scheduled__2023-11-22T00:00:00+00:00 [queued]>
[2023-11-26T02:23:27.422+0000] {taskinstance.py:1361} INFO - Starting attempt 2 of 2
[2023-11-26T02:23:27.444+0000] {taskinstance.py:1382} INFO - Executing <Task(PythonOperator): load_fct_outcomes> on 2023-11-22 00:00:00+00:00
[2023-11-26T02:23:27.457+0000] {standard_task_runner.py:57} INFO - Started process 759 to run task
[2023-11-26T02:23:27.468+0000] {standard_task_runner.py:84} INFO - Running: ['***', 'tasks', 'run', 'outcomes_dag', 'load_fct_outcomes', 'scheduled__2023-11-22T00:00:00+00:00', '--job-id', '71', '--raw', '--subdir', 'DAGS_FOLDER/outcomes_dag.py', '--cfg-path', '/tmp/tmpcf8snx9t']
[2023-11-26T02:23:27.474+0000] {standard_task_runner.py:85} INFO - Job 71: Subtask load_fct_outcomes
[2023-11-26T02:23:27.588+0000] {task_command.py:416} INFO - Running <TaskInstance: outcomes_dag.load_fct_outcomes scheduled__2023-11-22T00:00:00+00:00 [running]> on host 2011df1a4519
[2023-11-26T02:23:27.722+0000] {taskinstance.py:1662} INFO - Exporting env vars: AIRFLOW_CTX_DAG_OWNER='***' AIRFLOW_CTX_DAG_ID='outcomes_dag' AIRFLOW_CTX_TASK_ID='load_fct_outcomes' AIRFLOW_CTX_EXECUTION_DATE='2023-11-22T00:00:00+00:00' AIRFLOW_CTX_TRY_NUMBER='2' AIRFLOW_CTX_DAG_RUN_ID='scheduled__2023-11-22T00:00:00+00:00'
[2023-11-26T02:23:31.177+0000] {python.py:194} INFO - Done. Returned value was: None
[2023-11-26T02:23:31.190+0000] {taskinstance.py:1400} INFO - Marking task as SUCCESS. dag_id=outcomes_dag, task_id=load_fct_outcomes, execution_date=20231122T000000, start_date=20231126T022327, end_date=20231126T022331
[2023-11-26T02:23:31.262+0000] {local_task_job_runner.py:228} INFO - Task exited with return code 0
[2023-11-26T02:23:31.288+0000] {taskinstance.py:2778} INFO - 0 downstream tasks scheduled from follow-on schedule check
[2023-11-26T02:51:16.815+0000] {taskinstance.py:1159} INFO - Dependencies all met for dep_context=non-requeueable deps ti=<TaskInstance: outcomes_dag.load_fct_outcomes scheduled__2023-11-22T00:00:00+00:00 [queued]>
[2023-11-26T02:51:16.831+0000] {taskinstance.py:1159} INFO - Dependencies all met for dep_context=requeueable deps ti=<TaskInstance: outcomes_dag.load_fct_outcomes scheduled__2023-11-22T00:00:00+00:00 [queued]>
[2023-11-26T02:51:16.832+0000] {taskinstance.py:1361} INFO - Starting attempt 2 of 2
[2023-11-26T02:51:16.869+0000] {taskinstance.py:1382} INFO - Executing <Task(PythonOperator): load_fct_outcomes> on 2023-11-22 00:00:00+00:00
[2023-11-26T02:51:16.879+0000] {standard_task_runner.py:57} INFO - Started process 464 to run task
[2023-11-26T02:51:16.885+0000] {standard_task_runner.py:84} INFO - Running: ['***', 'tasks', 'run', 'outcomes_dag', 'load_fct_outcomes', 'scheduled__2023-11-22T00:00:00+00:00', '--job-id', '86', '--raw', '--subdir', 'DAGS_FOLDER/outcomes_dag.py', '--cfg-path', '/tmp/tmp8zu6ioqn']
[2023-11-26T02:51:16.890+0000] {standard_task_runner.py:85} INFO - Job 86: Subtask load_fct_outcomes
[2023-11-26T02:51:16.969+0000] {task_command.py:416} INFO - Running <TaskInstance: outcomes_dag.load_fct_outcomes scheduled__2023-11-22T00:00:00+00:00 [running]> on host d8c33f99ee50
[2023-11-26T02:51:17.131+0000] {taskinstance.py:1662} INFO - Exporting env vars: AIRFLOW_CTX_DAG_OWNER='***' AIRFLOW_CTX_DAG_ID='outcomes_dag' AIRFLOW_CTX_TASK_ID='load_fct_outcomes' AIRFLOW_CTX_EXECUTION_DATE='2023-11-22T00:00:00+00:00' AIRFLOW_CTX_TRY_NUMBER='2' AIRFLOW_CTX_DAG_RUN_ID='scheduled__2023-11-22T00:00:00+00:00'
[2023-11-26T02:51:19.734+0000] {python.py:194} INFO - Done. Returned value was: None
[2023-11-26T02:51:19.748+0000] {taskinstance.py:1400} INFO - Marking task as SUCCESS. dag_id=outcomes_dag, task_id=load_fct_outcomes, execution_date=20231122T000000, start_date=20231126T025116, end_date=20231126T025119
[2023-11-26T02:51:19.774+0000] {local_task_job_runner.py:228} INFO - Task exited with return code 0
[2023-11-26T02:51:19.794+0000] {taskinstance.py:2778} INFO - 0 downstream tasks scheduled from follow-on schedule check
