[2023-11-26T01:53:30.079+0000] {taskinstance.py:1159} INFO - Dependencies all met for dep_context=non-requeueable deps ti=<TaskInstance: outcomes_dag.load_fct_outcomes scheduled__2023-11-22T00:00:00+00:00 [queued]>
[2023-11-26T01:53:30.115+0000] {taskinstance.py:1159} INFO - Dependencies all met for dep_context=requeueable deps ti=<TaskInstance: outcomes_dag.load_fct_outcomes scheduled__2023-11-22T00:00:00+00:00 [queued]>
[2023-11-26T01:53:30.117+0000] {taskinstance.py:1361} INFO - Starting attempt 1 of 1
[2023-11-26T01:53:30.143+0000] {taskinstance.py:1382} INFO - Executing <Task(PythonOperator): load_fct_outcomes> on 2023-11-22 00:00:00+00:00
[2023-11-26T01:53:30.159+0000] {standard_task_runner.py:57} INFO - Started process 191 to run task
[2023-11-26T01:53:30.169+0000] {standard_task_runner.py:84} INFO - Running: ['***', 'tasks', 'run', 'outcomes_dag', 'load_fct_outcomes', 'scheduled__2023-11-22T00:00:00+00:00', '--job-id', '26', '--raw', '--subdir', 'DAGS_FOLDER/outcomes_dag.py', '--cfg-path', '/tmp/tmp78awkxkl']
[2023-11-26T01:53:30.177+0000] {standard_task_runner.py:85} INFO - Job 26: Subtask load_fct_outcomes
[2023-11-26T01:53:30.309+0000] {task_command.py:416} INFO - Running <TaskInstance: outcomes_dag.load_fct_outcomes scheduled__2023-11-22T00:00:00+00:00 [running]> on host 2011df1a4519
[2023-11-26T01:53:30.424+0000] {taskinstance.py:1662} INFO - Exporting env vars: AIRFLOW_CTX_DAG_OWNER='***' AIRFLOW_CTX_DAG_ID='outcomes_dag' AIRFLOW_CTX_TASK_ID='load_fct_outcomes' AIRFLOW_CTX_EXECUTION_DATE='2023-11-22T00:00:00+00:00' AIRFLOW_CTX_TRY_NUMBER='1' AIRFLOW_CTX_DAG_RUN_ID='scheduled__2023-11-22T00:00:00+00:00'
[2023-11-26T01:53:33.032+0000] {python.py:194} INFO - Done. Returned value was: None
[2023-11-26T01:53:33.048+0000] {taskinstance.py:1400} INFO - Marking task as SUCCESS. dag_id=outcomes_dag, task_id=load_fct_outcomes, execution_date=20231122T000000, start_date=20231126T015330, end_date=20231126T015333
[2023-11-26T01:53:33.114+0000] {local_task_job_runner.py:228} INFO - Task exited with return code 0
[2023-11-26T01:53:33.143+0000] {taskinstance.py:2778} INFO - 0 downstream tasks scheduled from follow-on schedule check
[2023-11-26T02:44:25.419+0000] {taskinstance.py:1159} INFO - Dependencies all met for dep_context=non-requeueable deps ti=<TaskInstance: outcomes_dag.load_fct_outcomes scheduled__2023-11-22T00:00:00+00:00 [queued]>
[2023-11-26T02:44:25.575+0000] {taskinstance.py:1159} INFO - Dependencies all met for dep_context=requeueable deps ti=<TaskInstance: outcomes_dag.load_fct_outcomes scheduled__2023-11-22T00:00:00+00:00 [queued]>
[2023-11-26T02:44:25.579+0000] {taskinstance.py:1361} INFO - Starting attempt 1 of 1
[2023-11-26T02:44:25.641+0000] {taskinstance.py:1382} INFO - Executing <Task(PythonOperator): load_fct_outcomes> on 2023-11-22 00:00:00+00:00
[2023-11-26T02:44:25.653+0000] {standard_task_runner.py:57} INFO - Started process 224 to run task
[2023-11-26T02:44:25.719+0000] {standard_task_runner.py:84} INFO - Running: ['***', 'tasks', 'run', 'outcomes_dag', 'load_fct_outcomes', 'scheduled__2023-11-22T00:00:00+00:00', '--job-id', '38', '--raw', '--subdir', 'DAGS_FOLDER/outcomes_dag.py', '--cfg-path', '/tmp/tmpfpo4as8m']
[2023-11-26T02:44:25.735+0000] {standard_task_runner.py:85} INFO - Job 38: Subtask load_fct_outcomes
[2023-11-26T02:44:25.843+0000] {task_command.py:416} INFO - Running <TaskInstance: outcomes_dag.load_fct_outcomes scheduled__2023-11-22T00:00:00+00:00 [running]> on host d8c33f99ee50
[2023-11-26T02:44:26.012+0000] {taskinstance.py:1662} INFO - Exporting env vars: AIRFLOW_CTX_DAG_OWNER='***' AIRFLOW_CTX_DAG_ID='outcomes_dag' AIRFLOW_CTX_TASK_ID='load_fct_outcomes' AIRFLOW_CTX_EXECUTION_DATE='2023-11-22T00:00:00+00:00' AIRFLOW_CTX_TRY_NUMBER='1' AIRFLOW_CTX_DAG_RUN_ID='scheduled__2023-11-22T00:00:00+00:00'
[2023-11-26T02:44:28.952+0000] {python.py:194} INFO - Done. Returned value was: None
[2023-11-26T02:44:28.963+0000] {taskinstance.py:1400} INFO - Marking task as SUCCESS. dag_id=outcomes_dag, task_id=load_fct_outcomes, execution_date=20231122T000000, start_date=20231126T024425, end_date=20231126T024428
[2023-11-26T02:44:29.019+0000] {local_task_job_runner.py:228} INFO - Task exited with return code 0
[2023-11-26T02:44:29.042+0000] {taskinstance.py:2778} INFO - 0 downstream tasks scheduled from follow-on schedule check
