[2023-11-26T02:23:40.987+0000] {taskinstance.py:1159} INFO - Dependencies all met for dep_context=non-requeueable deps ti=<TaskInstance: outcomes_dag.load_dim_outcome_types scheduled__2023-11-23T00:00:00+00:00 [queued]>
[2023-11-26T02:23:41.003+0000] {taskinstance.py:1159} INFO - Dependencies all met for dep_context=requeueable deps ti=<TaskInstance: outcomes_dag.load_dim_outcome_types scheduled__2023-11-23T00:00:00+00:00 [queued]>
[2023-11-26T02:23:41.004+0000] {taskinstance.py:1361} INFO - Starting attempt 1 of 1
[2023-11-26T02:23:41.032+0000] {taskinstance.py:1382} INFO - Executing <Task(PythonOperator): load_dim_outcome_types> on 2023-11-23 00:00:00+00:00
[2023-11-26T02:23:41.045+0000] {standard_task_runner.py:57} INFO - Started process 787 to run task
[2023-11-26T02:23:41.070+0000] {standard_task_runner.py:84} INFO - Running: ['***', 'tasks', 'run', 'outcomes_dag', 'load_dim_outcome_types', 'scheduled__2023-11-23T00:00:00+00:00', '--job-id', '79', '--raw', '--subdir', 'DAGS_FOLDER/outcomes_dag.py', '--cfg-path', '/tmp/tmpvgm1kate']
[2023-11-26T02:23:41.076+0000] {standard_task_runner.py:85} INFO - Job 79: Subtask load_dim_outcome_types
[2023-11-26T02:23:41.166+0000] {task_command.py:416} INFO - Running <TaskInstance: outcomes_dag.load_dim_outcome_types scheduled__2023-11-23T00:00:00+00:00 [running]> on host 2011df1a4519
[2023-11-26T02:23:41.348+0000] {taskinstance.py:1662} INFO - Exporting env vars: AIRFLOW_CTX_DAG_OWNER='***' AIRFLOW_CTX_DAG_ID='outcomes_dag' AIRFLOW_CTX_TASK_ID='load_dim_outcome_types' AIRFLOW_CTX_EXECUTION_DATE='2023-11-23T00:00:00+00:00' AIRFLOW_CTX_TRY_NUMBER='1' AIRFLOW_CTX_DAG_RUN_ID='scheduled__2023-11-23T00:00:00+00:00'
[2023-11-26T02:23:41.725+0000] {python.py:194} INFO - Done. Returned value was: None
[2023-11-26T02:23:41.737+0000] {taskinstance.py:1400} INFO - Marking task as SUCCESS. dag_id=outcomes_dag, task_id=load_dim_outcome_types, execution_date=20231123T000000, start_date=20231126T022340, end_date=20231126T022341
[2023-11-26T02:23:41.797+0000] {local_task_job_runner.py:228} INFO - Task exited with return code 0
[2023-11-26T02:23:41.825+0000] {taskinstance.py:2778} INFO - 0 downstream tasks scheduled from follow-on schedule check
[2023-11-26T02:44:40.477+0000] {taskinstance.py:1159} INFO - Dependencies all met for dep_context=non-requeueable deps ti=<TaskInstance: outcomes_dag.load_dim_outcome_types scheduled__2023-11-23T00:00:00+00:00 [queued]>
[2023-11-26T02:44:40.499+0000] {taskinstance.py:1159} INFO - Dependencies all met for dep_context=requeueable deps ti=<TaskInstance: outcomes_dag.load_dim_outcome_types scheduled__2023-11-23T00:00:00+00:00 [queued]>
[2023-11-26T02:44:40.501+0000] {taskinstance.py:1361} INFO - Starting attempt 1 of 1
[2023-11-26T02:44:40.522+0000] {taskinstance.py:1382} INFO - Executing <Task(PythonOperator): load_dim_outcome_types> on 2023-11-23 00:00:00+00:00
[2023-11-26T02:44:40.531+0000] {standard_task_runner.py:57} INFO - Started process 242 to run task
[2023-11-26T02:44:40.541+0000] {standard_task_runner.py:84} INFO - Running: ['***', 'tasks', 'run', 'outcomes_dag', 'load_dim_outcome_types', 'scheduled__2023-11-23T00:00:00+00:00', '--job-id', '44', '--raw', '--subdir', 'DAGS_FOLDER/outcomes_dag.py', '--cfg-path', '/tmp/tmpj5qq5nx7']
[2023-11-26T02:44:40.547+0000] {standard_task_runner.py:85} INFO - Job 44: Subtask load_dim_outcome_types
[2023-11-26T02:44:40.647+0000] {task_command.py:416} INFO - Running <TaskInstance: outcomes_dag.load_dim_outcome_types scheduled__2023-11-23T00:00:00+00:00 [running]> on host d8c33f99ee50
[2023-11-26T02:44:40.789+0000] {taskinstance.py:1662} INFO - Exporting env vars: AIRFLOW_CTX_DAG_OWNER='***' AIRFLOW_CTX_DAG_ID='outcomes_dag' AIRFLOW_CTX_TASK_ID='load_dim_outcome_types' AIRFLOW_CTX_EXECUTION_DATE='2023-11-23T00:00:00+00:00' AIRFLOW_CTX_TRY_NUMBER='1' AIRFLOW_CTX_DAG_RUN_ID='scheduled__2023-11-23T00:00:00+00:00'
[2023-11-26T02:44:41.204+0000] {python.py:194} INFO - Done. Returned value was: None
[2023-11-26T02:44:41.221+0000] {taskinstance.py:1400} INFO - Marking task as SUCCESS. dag_id=outcomes_dag, task_id=load_dim_outcome_types, execution_date=20231123T000000, start_date=20231126T024440, end_date=20231126T024441
[2023-11-26T02:44:41.284+0000] {local_task_job_runner.py:228} INFO - Task exited with return code 0
[2023-11-26T02:44:41.314+0000] {taskinstance.py:2778} INFO - 0 downstream tasks scheduled from follow-on schedule check
