[2023-11-25T20:49:15.512+0000] {taskinstance.py:1159} INFO - Dependencies all met for dep_context=non-requeueable deps ti=<TaskInstance: outcomes_dag.transform scheduled__2023-11-22T00:00:00+00:00 [queued]>
[2023-11-25T20:49:15.531+0000] {taskinstance.py:1159} INFO - Dependencies all met for dep_context=requeueable deps ti=<TaskInstance: outcomes_dag.transform scheduled__2023-11-22T00:00:00+00:00 [queued]>
[2023-11-25T20:49:15.532+0000] {taskinstance.py:1361} INFO - Starting attempt 3 of 3
[2023-11-25T20:49:15.546+0000] {taskinstance.py:1382} INFO - Executing <Task(PythonOperator): transform> on 2023-11-22 00:00:00+00:00
[2023-11-25T20:49:15.552+0000] {standard_task_runner.py:57} INFO - Started process 491 to run task
[2023-11-25T20:49:15.555+0000] {standard_task_runner.py:84} INFO - Running: ['***', 'tasks', 'run', 'outcomes_dag', 'transform', 'scheduled__2023-11-22T00:00:00+00:00', '--job-id', '36', '--raw', '--subdir', 'DAGS_FOLDER/outcomes_dag.py', '--cfg-path', '/tmp/tmpeur1e9gi']
[2023-11-25T20:49:15.559+0000] {standard_task_runner.py:85} INFO - Job 36: Subtask transform
[2023-11-25T20:49:15.613+0000] {task_command.py:416} INFO - Running <TaskInstance: outcomes_dag.transform scheduled__2023-11-22T00:00:00+00:00 [running]> on host 17ac1e2d02c6
[2023-11-25T20:49:15.712+0000] {taskinstance.py:1662} INFO - Exporting env vars: AIRFLOW_CTX_DAG_OWNER='***' AIRFLOW_CTX_DAG_ID='outcomes_dag' AIRFLOW_CTX_TASK_ID='transform' AIRFLOW_CTX_EXECUTION_DATE='2023-11-22T00:00:00+00:00' AIRFLOW_CTX_TRY_NUMBER='3' AIRFLOW_CTX_DAG_RUN_ID='scheduled__2023-11-22T00:00:00+00:00'
[2023-11-25T20:49:16.450+0000] {python.py:194} INFO - Done. Returned value was: None
[2023-11-25T20:49:16.463+0000] {taskinstance.py:1400} INFO - Marking task as SUCCESS. dag_id=outcomes_dag, task_id=transform, execution_date=20231122T000000, start_date=20231125T204915, end_date=20231125T204916
[2023-11-25T20:49:16.496+0000] {local_task_job_runner.py:228} INFO - Task exited with return code 0
[2023-11-25T20:49:16.513+0000] {taskinstance.py:2778} INFO - 0 downstream tasks scheduled from follow-on schedule check
[2023-11-26T03:04:41.812+0000] {taskinstance.py:1159} INFO - Dependencies all met for dep_context=non-requeueable deps ti=<TaskInstance: outcomes_dag.transform scheduled__2023-11-22T00:00:00+00:00 [queued]>
[2023-11-26T03:04:41.827+0000] {taskinstance.py:1159} INFO - Dependencies all met for dep_context=requeueable deps ti=<TaskInstance: outcomes_dag.transform scheduled__2023-11-22T00:00:00+00:00 [queued]>
[2023-11-26T03:04:41.828+0000] {taskinstance.py:1361} INFO - Starting attempt 3 of 3
[2023-11-26T03:04:41.845+0000] {taskinstance.py:1382} INFO - Executing <Task(PythonOperator): transform> on 2023-11-22 00:00:00+00:00
[2023-11-26T03:04:41.852+0000] {standard_task_runner.py:57} INFO - Started process 809 to run task
[2023-11-26T03:04:41.858+0000] {standard_task_runner.py:84} INFO - Running: ['***', 'tasks', 'run', 'outcomes_dag', 'transform', 'scheduled__2023-11-22T00:00:00+00:00', '--job-id', '138', '--raw', '--subdir', 'DAGS_FOLDER/outcomes_dag.py', '--cfg-path', '/tmp/tmp_fnsweby']
[2023-11-26T03:04:41.861+0000] {standard_task_runner.py:85} INFO - Job 138: Subtask transform
[2023-11-26T03:04:41.924+0000] {task_command.py:416} INFO - Running <TaskInstance: outcomes_dag.transform scheduled__2023-11-22T00:00:00+00:00 [running]> on host d8c33f99ee50
[2023-11-26T03:04:42.042+0000] {taskinstance.py:1662} INFO - Exporting env vars: AIRFLOW_CTX_DAG_OWNER='***' AIRFLOW_CTX_DAG_ID='outcomes_dag' AIRFLOW_CTX_TASK_ID='transform' AIRFLOW_CTX_EXECUTION_DATE='2023-11-22T00:00:00+00:00' AIRFLOW_CTX_TRY_NUMBER='3' AIRFLOW_CTX_DAG_RUN_ID='scheduled__2023-11-22T00:00:00+00:00'
[2023-11-26T03:04:51.919+0000] {python.py:194} INFO - Done. Returned value was: None
[2023-11-26T03:04:51.933+0000] {taskinstance.py:1400} INFO - Marking task as SUCCESS. dag_id=outcomes_dag, task_id=transform, execution_date=20231122T000000, start_date=20231126T030441, end_date=20231126T030451
[2023-11-26T03:04:51.973+0000] {local_task_job_runner.py:228} INFO - Task exited with return code 0
[2023-11-26T03:04:51.998+0000] {taskinstance.py:2778} INFO - 4 downstream tasks scheduled from follow-on schedule check
