[2023-11-26T01:53:02.915+0000] {taskinstance.py:1159} INFO - Dependencies all met for dep_context=non-requeueable deps ti=<TaskInstance: outcomes_dag.load_fct_outcomes scheduled__2023-11-20T00:00:00+00:00 [queued]>
[2023-11-26T01:53:02.929+0000] {taskinstance.py:1159} INFO - Dependencies all met for dep_context=requeueable deps ti=<TaskInstance: outcomes_dag.load_fct_outcomes scheduled__2023-11-20T00:00:00+00:00 [queued]>
[2023-11-26T01:53:02.930+0000] {taskinstance.py:1361} INFO - Starting attempt 1 of 1
[2023-11-26T01:53:02.954+0000] {taskinstance.py:1382} INFO - Executing <Task(PythonOperator): load_fct_outcomes> on 2023-11-20 00:00:00+00:00
[2023-11-26T01:53:02.964+0000] {standard_task_runner.py:57} INFO - Started process 159 to run task
[2023-11-26T01:53:02.971+0000] {standard_task_runner.py:84} INFO - Running: ['***', 'tasks', 'run', 'outcomes_dag', 'load_fct_outcomes', 'scheduled__2023-11-20T00:00:00+00:00', '--job-id', '18', '--raw', '--subdir', 'DAGS_FOLDER/outcomes_dag.py', '--cfg-path', '/tmp/tmpl75g1yuf']
[2023-11-26T01:53:02.978+0000] {standard_task_runner.py:85} INFO - Job 18: Subtask load_fct_outcomes
[2023-11-26T01:53:03.123+0000] {task_command.py:416} INFO - Running <TaskInstance: outcomes_dag.load_fct_outcomes scheduled__2023-11-20T00:00:00+00:00 [running]> on host 2011df1a4519
[2023-11-26T01:53:03.559+0000] {taskinstance.py:1662} INFO - Exporting env vars: AIRFLOW_CTX_DAG_OWNER='***' AIRFLOW_CTX_DAG_ID='outcomes_dag' AIRFLOW_CTX_TASK_ID='load_fct_outcomes' AIRFLOW_CTX_EXECUTION_DATE='2023-11-20T00:00:00+00:00' AIRFLOW_CTX_TRY_NUMBER='1' AIRFLOW_CTX_DAG_RUN_ID='scheduled__2023-11-20T00:00:00+00:00'
[2023-11-26T01:53:06.518+0000] {python.py:194} INFO - Done. Returned value was: None
[2023-11-26T01:53:06.550+0000] {taskinstance.py:1400} INFO - Marking task as SUCCESS. dag_id=outcomes_dag, task_id=load_fct_outcomes, execution_date=20231120T000000, start_date=20231126T015302, end_date=20231126T015306
[2023-11-26T01:53:06.579+0000] {local_task_job_runner.py:228} INFO - Task exited with return code 0
[2023-11-26T01:53:06.646+0000] {taskinstance.py:2778} INFO - 0 downstream tasks scheduled from follow-on schedule check
[2023-11-26T02:42:45.928+0000] {taskinstance.py:1159} INFO - Dependencies all met for dep_context=non-requeueable deps ti=<TaskInstance: outcomes_dag.load_fct_outcomes scheduled__2023-11-20T00:00:00+00:00 [queued]>
[2023-11-26T02:42:45.947+0000] {taskinstance.py:1159} INFO - Dependencies all met for dep_context=requeueable deps ti=<TaskInstance: outcomes_dag.load_fct_outcomes scheduled__2023-11-20T00:00:00+00:00 [queued]>
[2023-11-26T02:42:45.948+0000] {taskinstance.py:1361} INFO - Starting attempt 1 of 1
[2023-11-26T02:42:45.984+0000] {taskinstance.py:1382} INFO - Executing <Task(PythonOperator): load_fct_outcomes> on 2023-11-20 00:00:00+00:00
[2023-11-26T02:42:45.993+0000] {standard_task_runner.py:57} INFO - Started process 163 to run task
[2023-11-26T02:42:46.001+0000] {standard_task_runner.py:84} INFO - Running: ['***', 'tasks', 'run', 'outcomes_dag', 'load_fct_outcomes', 'scheduled__2023-11-20T00:00:00+00:00', '--job-id', '25', '--raw', '--subdir', 'DAGS_FOLDER/outcomes_dag.py', '--cfg-path', '/tmp/tmpk9wjq1ix']
[2023-11-26T02:42:46.007+0000] {standard_task_runner.py:85} INFO - Job 25: Subtask load_fct_outcomes
[2023-11-26T02:42:46.099+0000] {task_command.py:416} INFO - Running <TaskInstance: outcomes_dag.load_fct_outcomes scheduled__2023-11-20T00:00:00+00:00 [running]> on host d8c33f99ee50
[2023-11-26T02:42:46.280+0000] {taskinstance.py:1662} INFO - Exporting env vars: AIRFLOW_CTX_DAG_OWNER='***' AIRFLOW_CTX_DAG_ID='outcomes_dag' AIRFLOW_CTX_TASK_ID='load_fct_outcomes' AIRFLOW_CTX_EXECUTION_DATE='2023-11-20T00:00:00+00:00' AIRFLOW_CTX_TRY_NUMBER='1' AIRFLOW_CTX_DAG_RUN_ID='scheduled__2023-11-20T00:00:00+00:00'
[2023-11-26T02:42:49.324+0000] {python.py:194} INFO - Done. Returned value was: None
[2023-11-26T02:42:49.350+0000] {taskinstance.py:1400} INFO - Marking task as SUCCESS. dag_id=outcomes_dag, task_id=load_fct_outcomes, execution_date=20231120T000000, start_date=20231126T024245, end_date=20231126T024249
[2023-11-26T02:42:49.403+0000] {local_task_job_runner.py:228} INFO - Task exited with return code 0
[2023-11-26T02:42:49.461+0000] {taskinstance.py:2778} INFO - 0 downstream tasks scheduled from follow-on schedule check
