[2023-11-26T02:22:58.508+0000] {taskinstance.py:1159} INFO - Dependencies all met for dep_context=non-requeueable deps ti=<TaskInstance: outcomes_dag.load_fct_outcomes scheduled__2023-11-20T00:00:00+00:00 [queued]>
[2023-11-26T02:22:58.545+0000] {taskinstance.py:1159} INFO - Dependencies all met for dep_context=requeueable deps ti=<TaskInstance: outcomes_dag.load_fct_outcomes scheduled__2023-11-20T00:00:00+00:00 [queued]>
[2023-11-26T02:22:58.551+0000] {taskinstance.py:1361} INFO - Starting attempt 2 of 2
[2023-11-26T02:22:58.599+0000] {taskinstance.py:1382} INFO - Executing <Task(PythonOperator): load_fct_outcomes> on 2023-11-20 00:00:00+00:00
[2023-11-26T02:22:58.615+0000] {standard_task_runner.py:57} INFO - Started process 723 to run task
[2023-11-26T02:22:58.630+0000] {standard_task_runner.py:84} INFO - Running: ['***', 'tasks', 'run', 'outcomes_dag', 'load_fct_outcomes', 'scheduled__2023-11-20T00:00:00+00:00', '--job-id', '60', '--raw', '--subdir', 'DAGS_FOLDER/outcomes_dag.py', '--cfg-path', '/tmp/tmpxw1epm1p']
[2023-11-26T02:22:58.642+0000] {standard_task_runner.py:85} INFO - Job 60: Subtask load_fct_outcomes
[2023-11-26T02:22:58.779+0000] {task_command.py:416} INFO - Running <TaskInstance: outcomes_dag.load_fct_outcomes scheduled__2023-11-20T00:00:00+00:00 [running]> on host 2011df1a4519
[2023-11-26T02:22:59.013+0000] {taskinstance.py:1662} INFO - Exporting env vars: AIRFLOW_CTX_DAG_OWNER='***' AIRFLOW_CTX_DAG_ID='outcomes_dag' AIRFLOW_CTX_TASK_ID='load_fct_outcomes' AIRFLOW_CTX_EXECUTION_DATE='2023-11-20T00:00:00+00:00' AIRFLOW_CTX_TRY_NUMBER='2' AIRFLOW_CTX_DAG_RUN_ID='scheduled__2023-11-20T00:00:00+00:00'
[2023-11-26T02:23:01.740+0000] {python.py:194} INFO - Done. Returned value was: None
[2023-11-26T02:23:01.774+0000] {taskinstance.py:1400} INFO - Marking task as SUCCESS. dag_id=outcomes_dag, task_id=load_fct_outcomes, execution_date=20231120T000000, start_date=20231126T022258, end_date=20231126T022301
[2023-11-26T02:23:01.821+0000] {local_task_job_runner.py:228} INFO - Task exited with return code 0
[2023-11-26T02:23:01.864+0000] {taskinstance.py:2778} INFO - 0 downstream tasks scheduled from follow-on schedule check
[2023-11-26T02:50:12.698+0000] {taskinstance.py:1159} INFO - Dependencies all met for dep_context=non-requeueable deps ti=<TaskInstance: outcomes_dag.load_fct_outcomes scheduled__2023-11-20T00:00:00+00:00 [queued]>
[2023-11-26T02:50:12.734+0000] {taskinstance.py:1159} INFO - Dependencies all met for dep_context=requeueable deps ti=<TaskInstance: outcomes_dag.load_fct_outcomes scheduled__2023-11-20T00:00:00+00:00 [queued]>
[2023-11-26T02:50:12.735+0000] {taskinstance.py:1361} INFO - Starting attempt 2 of 2
[2023-11-26T02:50:12.764+0000] {taskinstance.py:1382} INFO - Executing <Task(PythonOperator): load_fct_outcomes> on 2023-11-20 00:00:00+00:00
[2023-11-26T02:50:12.790+0000] {standard_task_runner.py:57} INFO - Started process 413 to run task
[2023-11-26T02:50:12.800+0000] {standard_task_runner.py:84} INFO - Running: ['***', 'tasks', 'run', 'outcomes_dag', 'load_fct_outcomes', 'scheduled__2023-11-20T00:00:00+00:00', '--job-id', '76', '--raw', '--subdir', 'DAGS_FOLDER/outcomes_dag.py', '--cfg-path', '/tmp/tmph_tlvehw']
[2023-11-26T02:50:12.819+0000] {standard_task_runner.py:85} INFO - Job 76: Subtask load_fct_outcomes
[2023-11-26T02:50:13.045+0000] {task_command.py:416} INFO - Running <TaskInstance: outcomes_dag.load_fct_outcomes scheduled__2023-11-20T00:00:00+00:00 [running]> on host d8c33f99ee50
[2023-11-26T02:50:13.282+0000] {taskinstance.py:1662} INFO - Exporting env vars: AIRFLOW_CTX_DAG_OWNER='***' AIRFLOW_CTX_DAG_ID='outcomes_dag' AIRFLOW_CTX_TASK_ID='load_fct_outcomes' AIRFLOW_CTX_EXECUTION_DATE='2023-11-20T00:00:00+00:00' AIRFLOW_CTX_TRY_NUMBER='2' AIRFLOW_CTX_DAG_RUN_ID='scheduled__2023-11-20T00:00:00+00:00'
[2023-11-26T02:50:16.048+0000] {python.py:194} INFO - Done. Returned value was: None
[2023-11-26T02:50:16.062+0000] {taskinstance.py:1400} INFO - Marking task as SUCCESS. dag_id=outcomes_dag, task_id=load_fct_outcomes, execution_date=20231120T000000, start_date=20231126T025012, end_date=20231126T025016
[2023-11-26T02:50:16.092+0000] {local_task_job_runner.py:228} INFO - Task exited with return code 0
[2023-11-26T02:50:16.111+0000] {taskinstance.py:2778} INFO - 0 downstream tasks scheduled from follow-on schedule check
