[2023-11-26T02:23:13.741+0000] {taskinstance.py:1159} INFO - Dependencies all met for dep_context=non-requeueable deps ti=<TaskInstance: outcomes_dag.load_fct_outcomes scheduled__2023-11-21T00:00:00+00:00 [queued]>
[2023-11-26T02:23:13.769+0000] {taskinstance.py:1159} INFO - Dependencies all met for dep_context=requeueable deps ti=<TaskInstance: outcomes_dag.load_fct_outcomes scheduled__2023-11-21T00:00:00+00:00 [queued]>
[2023-11-26T02:23:13.773+0000] {taskinstance.py:1361} INFO - Starting attempt 2 of 2
[2023-11-26T02:23:13.798+0000] {taskinstance.py:1382} INFO - Executing <Task(PythonOperator): load_fct_outcomes> on 2023-11-21 00:00:00+00:00
[2023-11-26T02:23:13.815+0000] {standard_task_runner.py:57} INFO - Started process 741 to run task
[2023-11-26T02:23:13.825+0000] {standard_task_runner.py:84} INFO - Running: ['***', 'tasks', 'run', 'outcomes_dag', 'load_fct_outcomes', 'scheduled__2023-11-21T00:00:00+00:00', '--job-id', '65', '--raw', '--subdir', 'DAGS_FOLDER/outcomes_dag.py', '--cfg-path', '/tmp/tmpchzp_x81']
[2023-11-26T02:23:13.832+0000] {standard_task_runner.py:85} INFO - Job 65: Subtask load_fct_outcomes
[2023-11-26T02:23:13.916+0000] {task_command.py:416} INFO - Running <TaskInstance: outcomes_dag.load_fct_outcomes scheduled__2023-11-21T00:00:00+00:00 [running]> on host 2011df1a4519
[2023-11-26T02:23:14.069+0000] {taskinstance.py:1662} INFO - Exporting env vars: AIRFLOW_CTX_DAG_OWNER='***' AIRFLOW_CTX_DAG_ID='outcomes_dag' AIRFLOW_CTX_TASK_ID='load_fct_outcomes' AIRFLOW_CTX_EXECUTION_DATE='2023-11-21T00:00:00+00:00' AIRFLOW_CTX_TRY_NUMBER='2' AIRFLOW_CTX_DAG_RUN_ID='scheduled__2023-11-21T00:00:00+00:00'
[2023-11-26T02:23:17.484+0000] {python.py:194} INFO - Done. Returned value was: None
[2023-11-26T02:23:17.499+0000] {taskinstance.py:1400} INFO - Marking task as SUCCESS. dag_id=outcomes_dag, task_id=load_fct_outcomes, execution_date=20231121T000000, start_date=20231126T022313, end_date=20231126T022317
[2023-11-26T02:23:17.551+0000] {local_task_job_runner.py:228} INFO - Task exited with return code 0
[2023-11-26T02:23:17.573+0000] {taskinstance.py:2778} INFO - 0 downstream tasks scheduled from follow-on schedule check
[2023-11-26T02:50:38.603+0000] {taskinstance.py:1159} INFO - Dependencies all met for dep_context=non-requeueable deps ti=<TaskInstance: outcomes_dag.load_fct_outcomes scheduled__2023-11-21T00:00:00+00:00 [queued]>
[2023-11-26T02:50:38.647+0000] {taskinstance.py:1159} INFO - Dependencies all met for dep_context=requeueable deps ti=<TaskInstance: outcomes_dag.load_fct_outcomes scheduled__2023-11-21T00:00:00+00:00 [queued]>
[2023-11-26T02:50:38.648+0000] {taskinstance.py:1361} INFO - Starting attempt 2 of 2
[2023-11-26T02:50:38.700+0000] {taskinstance.py:1382} INFO - Executing <Task(PythonOperator): load_fct_outcomes> on 2023-11-21 00:00:00+00:00
[2023-11-26T02:50:38.732+0000] {standard_task_runner.py:57} INFO - Started process 437 to run task
[2023-11-26T02:50:38.757+0000] {standard_task_runner.py:84} INFO - Running: ['***', 'tasks', 'run', 'outcomes_dag', 'load_fct_outcomes', 'scheduled__2023-11-21T00:00:00+00:00', '--job-id', '80', '--raw', '--subdir', 'DAGS_FOLDER/outcomes_dag.py', '--cfg-path', '/tmp/tmpahnuh93c']
[2023-11-26T02:50:38.786+0000] {standard_task_runner.py:85} INFO - Job 80: Subtask load_fct_outcomes
[2023-11-26T02:50:39.303+0000] {task_command.py:416} INFO - Running <TaskInstance: outcomes_dag.load_fct_outcomes scheduled__2023-11-21T00:00:00+00:00 [running]> on host d8c33f99ee50
[2023-11-26T02:50:39.904+0000] {taskinstance.py:1662} INFO - Exporting env vars: AIRFLOW_CTX_DAG_OWNER='***' AIRFLOW_CTX_DAG_ID='outcomes_dag' AIRFLOW_CTX_TASK_ID='load_fct_outcomes' AIRFLOW_CTX_EXECUTION_DATE='2023-11-21T00:00:00+00:00' AIRFLOW_CTX_TRY_NUMBER='2' AIRFLOW_CTX_DAG_RUN_ID='scheduled__2023-11-21T00:00:00+00:00'
[2023-11-26T02:50:43.907+0000] {python.py:194} INFO - Done. Returned value was: None
[2023-11-26T02:50:44.126+0000] {taskinstance.py:1400} INFO - Marking task as SUCCESS. dag_id=outcomes_dag, task_id=load_fct_outcomes, execution_date=20231121T000000, start_date=20231126T025038, end_date=20231126T025044
[2023-11-26T02:50:44.507+0000] {local_task_job_runner.py:228} INFO - Task exited with return code 0
[2023-11-26T02:50:44.562+0000] {taskinstance.py:2778} INFO - 0 downstream tasks scheduled from follow-on schedule check
