[2023-11-26T01:54:02.993+0000] {taskinstance.py:1159} INFO - Dependencies all met for dep_context=non-requeueable deps ti=<TaskInstance: outcomes_dag.load_fct_outcomes scheduled__2023-11-25T00:00:00+00:00 [queued]>
[2023-11-26T01:54:03.010+0000] {taskinstance.py:1159} INFO - Dependencies all met for dep_context=requeueable deps ti=<TaskInstance: outcomes_dag.load_fct_outcomes scheduled__2023-11-25T00:00:00+00:00 [queued]>
[2023-11-26T01:54:03.011+0000] {taskinstance.py:1361} INFO - Starting attempt 1 of 1
[2023-11-26T01:54:03.037+0000] {taskinstance.py:1382} INFO - Executing <Task(PythonOperator): load_fct_outcomes> on 2023-11-25 00:00:00+00:00
[2023-11-26T01:54:03.047+0000] {standard_task_runner.py:57} INFO - Started process 233 to run task
[2023-11-26T01:54:03.056+0000] {standard_task_runner.py:84} INFO - Running: ['***', 'tasks', 'run', 'outcomes_dag', 'load_fct_outcomes', 'scheduled__2023-11-25T00:00:00+00:00', '--job-id', '38', '--raw', '--subdir', 'DAGS_FOLDER/outcomes_dag.py', '--cfg-path', '/tmp/tmp_c7dfqo5']
[2023-11-26T01:54:03.061+0000] {standard_task_runner.py:85} INFO - Job 38: Subtask load_fct_outcomes
[2023-11-26T01:54:03.126+0000] {task_command.py:416} INFO - Running <TaskInstance: outcomes_dag.load_fct_outcomes scheduled__2023-11-25T00:00:00+00:00 [running]> on host 2011df1a4519
[2023-11-26T01:54:03.223+0000] {taskinstance.py:1662} INFO - Exporting env vars: AIRFLOW_CTX_DAG_OWNER='***' AIRFLOW_CTX_DAG_ID='outcomes_dag' AIRFLOW_CTX_TASK_ID='load_fct_outcomes' AIRFLOW_CTX_EXECUTION_DATE='2023-11-25T00:00:00+00:00' AIRFLOW_CTX_TRY_NUMBER='1' AIRFLOW_CTX_DAG_RUN_ID='scheduled__2023-11-25T00:00:00+00:00'
[2023-11-26T01:54:05.775+0000] {python.py:194} INFO - Done. Returned value was: None
[2023-11-26T01:54:05.792+0000] {taskinstance.py:1400} INFO - Marking task as SUCCESS. dag_id=outcomes_dag, task_id=load_fct_outcomes, execution_date=20231125T000000, start_date=20231126T015402, end_date=20231126T015405
[2023-11-26T01:54:05.816+0000] {local_task_job_runner.py:228} INFO - Task exited with return code 0
[2023-11-26T01:54:05.837+0000] {taskinstance.py:2778} INFO - 0 downstream tasks scheduled from follow-on schedule check
[2023-11-26T02:45:25.104+0000] {taskinstance.py:1159} INFO - Dependencies all met for dep_context=non-requeueable deps ti=<TaskInstance: outcomes_dag.load_fct_outcomes scheduled__2023-11-25T00:00:00+00:00 [queued]>
[2023-11-26T02:45:25.207+0000] {taskinstance.py:1159} INFO - Dependencies all met for dep_context=requeueable deps ti=<TaskInstance: outcomes_dag.load_fct_outcomes scheduled__2023-11-25T00:00:00+00:00 [queued]>
[2023-11-26T02:45:25.208+0000] {taskinstance.py:1361} INFO - Starting attempt 1 of 1
[2023-11-26T02:45:25.254+0000] {taskinstance.py:1382} INFO - Executing <Task(PythonOperator): load_fct_outcomes> on 2023-11-25 00:00:00+00:00
[2023-11-26T02:45:25.540+0000] {standard_task_runner.py:57} INFO - Started process 294 to run task
[2023-11-26T02:45:25.609+0000] {standard_task_runner.py:84} INFO - Running: ['***', 'tasks', 'run', 'outcomes_dag', 'load_fct_outcomes', 'scheduled__2023-11-25T00:00:00+00:00', '--job-id', '56', '--raw', '--subdir', 'DAGS_FOLDER/outcomes_dag.py', '--cfg-path', '/tmp/tmpgeh7u9u9']
[2023-11-26T02:45:25.658+0000] {standard_task_runner.py:85} INFO - Job 56: Subtask load_fct_outcomes
[2023-11-26T02:45:27.874+0000] {task_command.py:416} INFO - Running <TaskInstance: outcomes_dag.load_fct_outcomes scheduled__2023-11-25T00:00:00+00:00 [running]> on host d8c33f99ee50
[2023-11-26T02:45:29.497+0000] {taskinstance.py:1662} INFO - Exporting env vars: AIRFLOW_CTX_DAG_OWNER='***' AIRFLOW_CTX_DAG_ID='outcomes_dag' AIRFLOW_CTX_TASK_ID='load_fct_outcomes' AIRFLOW_CTX_EXECUTION_DATE='2023-11-25T00:00:00+00:00' AIRFLOW_CTX_TRY_NUMBER='1' AIRFLOW_CTX_DAG_RUN_ID='scheduled__2023-11-25T00:00:00+00:00'
[2023-11-26T02:45:32.762+0000] {python.py:194} INFO - Done. Returned value was: None
[2023-11-26T02:45:32.779+0000] {taskinstance.py:1400} INFO - Marking task as SUCCESS. dag_id=outcomes_dag, task_id=load_fct_outcomes, execution_date=20231125T000000, start_date=20231126T024525, end_date=20231126T024532
[2023-11-26T02:45:32.847+0000] {local_task_job_runner.py:228} INFO - Task exited with return code 0
[2023-11-26T02:45:32.902+0000] {taskinstance.py:2778} INFO - 0 downstream tasks scheduled from follow-on schedule check
