[2023-11-25T01:44:00.180+0000] {taskinstance.py:1159} INFO - Dependencies all met for dep_context=non-requeueable deps ti=<TaskInstance: outcomes_dag.extract scheduled__2023-11-20T00:00:00+00:00 [queued]>
[2023-11-25T01:44:00.195+0000] {taskinstance.py:1159} INFO - Dependencies all met for dep_context=requeueable deps ti=<TaskInstance: outcomes_dag.extract scheduled__2023-11-20T00:00:00+00:00 [queued]>
[2023-11-25T01:44:00.196+0000] {taskinstance.py:1361} INFO - Starting attempt 3 of 3
[2023-11-25T01:44:00.212+0000] {taskinstance.py:1382} INFO - Executing <Task(PythonOperator): extract> on 2023-11-20 00:00:00+00:00
[2023-11-25T01:44:00.217+0000] {standard_task_runner.py:57} INFO - Started process 950 to run task
[2023-11-25T01:44:00.221+0000] {standard_task_runner.py:84} INFO - Running: ['***', 'tasks', 'run', 'outcomes_dag', 'extract', 'scheduled__2023-11-20T00:00:00+00:00', '--job-id', '21', '--raw', '--subdir', 'DAGS_FOLDER/outcomes_dag.py', '--cfg-path', '/tmp/tmpyp8la8p_']
[2023-11-25T01:44:00.225+0000] {standard_task_runner.py:85} INFO - Job 21: Subtask extract
[2023-11-25T01:44:00.277+0000] {task_command.py:416} INFO - Running <TaskInstance: outcomes_dag.extract scheduled__2023-11-20T00:00:00+00:00 [running]> on host 8e76b4343da0
[2023-11-25T01:44:00.406+0000] {taskinstance.py:1662} INFO - Exporting env vars: AIRFLOW_CTX_DAG_OWNER='***' AIRFLOW_CTX_DAG_ID='outcomes_dag' AIRFLOW_CTX_TASK_ID='extract' AIRFLOW_CTX_EXECUTION_DATE='2023-11-20T00:00:00+00:00' AIRFLOW_CTX_TRY_NUMBER='3' AIRFLOW_CTX_DAG_RUN_ID='scheduled__2023-11-20T00:00:00+00:00'
[2023-11-25T01:44:01.316+0000] {python.py:194} INFO - Done. Returned value was: None
[2023-11-25T01:44:01.332+0000] {taskinstance.py:1400} INFO - Marking task as SUCCESS. dag_id=outcomes_dag, task_id=extract, execution_date=20231120T000000, start_date=20231125T014400, end_date=20231125T014401
[2023-11-25T01:44:01.374+0000] {local_task_job_runner.py:228} INFO - Task exited with return code 0
[2023-11-25T01:44:01.401+0000] {taskinstance.py:2778} INFO - 0 downstream tasks scheduled from follow-on schedule check
[2023-11-25T20:52:42.397+0000] {taskinstance.py:1159} INFO - Dependencies all met for dep_context=non-requeueable deps ti=<TaskInstance: outcomes_dag.extract scheduled__2023-11-20T00:00:00+00:00 [queued]>
[2023-11-25T20:52:42.415+0000] {taskinstance.py:1159} INFO - Dependencies all met for dep_context=requeueable deps ti=<TaskInstance: outcomes_dag.extract scheduled__2023-11-20T00:00:00+00:00 [queued]>
[2023-11-25T20:52:42.416+0000] {taskinstance.py:1361} INFO - Starting attempt 3 of 3
[2023-11-25T20:52:42.434+0000] {taskinstance.py:1382} INFO - Executing <Task(PythonOperator): extract> on 2023-11-20 00:00:00+00:00
[2023-11-25T20:52:42.441+0000] {standard_task_runner.py:57} INFO - Started process 572 to run task
[2023-11-25T20:52:42.445+0000] {standard_task_runner.py:84} INFO - Running: ['***', 'tasks', 'run', 'outcomes_dag', 'extract', 'scheduled__2023-11-20T00:00:00+00:00', '--job-id', '47', '--raw', '--subdir', 'DAGS_FOLDER/outcomes_dag.py', '--cfg-path', '/tmp/tmp8v75154v']
[2023-11-25T20:52:42.449+0000] {standard_task_runner.py:85} INFO - Job 47: Subtask extract
[2023-11-25T20:52:42.506+0000] {task_command.py:416} INFO - Running <TaskInstance: outcomes_dag.extract scheduled__2023-11-20T00:00:00+00:00 [running]> on host 17ac1e2d02c6
[2023-11-25T20:52:42.614+0000] {taskinstance.py:1662} INFO - Exporting env vars: AIRFLOW_CTX_DAG_OWNER='***' AIRFLOW_CTX_DAG_ID='outcomes_dag' AIRFLOW_CTX_TASK_ID='extract' AIRFLOW_CTX_EXECUTION_DATE='2023-11-20T00:00:00+00:00' AIRFLOW_CTX_TRY_NUMBER='3' AIRFLOW_CTX_DAG_RUN_ID='scheduled__2023-11-20T00:00:00+00:00'
[2023-11-25T20:52:43.527+0000] {python.py:194} INFO - Done. Returned value was: None
[2023-11-25T20:52:43.540+0000] {taskinstance.py:1400} INFO - Marking task as SUCCESS. dag_id=outcomes_dag, task_id=extract, execution_date=20231120T000000, start_date=20231125T205242, end_date=20231125T205243
[2023-11-25T20:52:43.589+0000] {local_task_job_runner.py:228} INFO - Task exited with return code 0
[2023-11-25T20:52:43.619+0000] {taskinstance.py:2778} INFO - 1 downstream tasks scheduled from follow-on schedule check
[2023-11-26T03:03:48.911+0000] {taskinstance.py:1159} INFO - Dependencies all met for dep_context=non-requeueable deps ti=<TaskInstance: outcomes_dag.extract scheduled__2023-11-20T00:00:00+00:00 [queued]>
[2023-11-26T03:03:48.924+0000] {taskinstance.py:1159} INFO - Dependencies all met for dep_context=requeueable deps ti=<TaskInstance: outcomes_dag.extract scheduled__2023-11-20T00:00:00+00:00 [queued]>
[2023-11-26T03:03:48.925+0000] {taskinstance.py:1361} INFO - Starting attempt 3 of 3
[2023-11-26T03:03:48.946+0000] {taskinstance.py:1382} INFO - Executing <Task(PythonOperator): extract> on 2023-11-20 00:00:00+00:00
[2023-11-26T03:03:48.952+0000] {standard_task_runner.py:57} INFO - Started process 754 to run task
[2023-11-26T03:03:48.955+0000] {standard_task_runner.py:84} INFO - Running: ['***', 'tasks', 'run', 'outcomes_dag', 'extract', 'scheduled__2023-11-20T00:00:00+00:00', '--job-id', '125', '--raw', '--subdir', 'DAGS_FOLDER/outcomes_dag.py', '--cfg-path', '/tmp/tmptylc4ez8']
[2023-11-26T03:03:48.959+0000] {standard_task_runner.py:85} INFO - Job 125: Subtask extract
[2023-11-26T03:03:49.039+0000] {task_command.py:416} INFO - Running <TaskInstance: outcomes_dag.extract scheduled__2023-11-20T00:00:00+00:00 [running]> on host d8c33f99ee50
[2023-11-26T03:03:49.162+0000] {taskinstance.py:1662} INFO - Exporting env vars: AIRFLOW_CTX_DAG_OWNER='***' AIRFLOW_CTX_DAG_ID='outcomes_dag' AIRFLOW_CTX_TASK_ID='extract' AIRFLOW_CTX_EXECUTION_DATE='2023-11-20T00:00:00+00:00' AIRFLOW_CTX_TRY_NUMBER='3' AIRFLOW_CTX_DAG_RUN_ID='scheduled__2023-11-20T00:00:00+00:00'
[2023-11-26T03:03:50.873+0000] {python.py:194} INFO - Done. Returned value was: None
[2023-11-26T03:03:50.884+0000] {taskinstance.py:1400} INFO - Marking task as SUCCESS. dag_id=outcomes_dag, task_id=extract, execution_date=20231120T000000, start_date=20231126T030348, end_date=20231126T030350
[2023-11-26T03:03:50.935+0000] {local_task_job_runner.py:228} INFO - Task exited with return code 0
[2023-11-26T03:03:50.976+0000] {taskinstance.py:2778} INFO - 1 downstream tasks scheduled from follow-on schedule check
