[2023-11-26T02:23:54.622+0000] {taskinstance.py:1159} INFO - Dependencies all met for dep_context=non-requeueable deps ti=<TaskInstance: outcomes_dag.load_fct_outcomes scheduled__2023-11-24T00:00:00+00:00 [queued]>
[2023-11-26T02:23:54.640+0000] {taskinstance.py:1159} INFO - Dependencies all met for dep_context=requeueable deps ti=<TaskInstance: outcomes_dag.load_fct_outcomes scheduled__2023-11-24T00:00:00+00:00 [queued]>
[2023-11-26T02:23:54.641+0000] {taskinstance.py:1361} INFO - Starting attempt 2 of 2
[2023-11-26T02:23:54.669+0000] {taskinstance.py:1382} INFO - Executing <Task(PythonOperator): load_fct_outcomes> on 2023-11-24 00:00:00+00:00
[2023-11-26T02:23:54.679+0000] {standard_task_runner.py:57} INFO - Started process 806 to run task
[2023-11-26T02:23:54.689+0000] {standard_task_runner.py:84} INFO - Running: ['***', 'tasks', 'run', 'outcomes_dag', 'load_fct_outcomes', 'scheduled__2023-11-24T00:00:00+00:00', '--job-id', '86', '--raw', '--subdir', 'DAGS_FOLDER/outcomes_dag.py', '--cfg-path', '/tmp/tmpl758i2dg']
[2023-11-26T02:23:54.702+0000] {standard_task_runner.py:85} INFO - Job 86: Subtask load_fct_outcomes
[2023-11-26T02:23:54.793+0000] {task_command.py:416} INFO - Running <TaskInstance: outcomes_dag.load_fct_outcomes scheduled__2023-11-24T00:00:00+00:00 [running]> on host 2011df1a4519
[2023-11-26T02:23:54.950+0000] {taskinstance.py:1662} INFO - Exporting env vars: AIRFLOW_CTX_DAG_OWNER='***' AIRFLOW_CTX_DAG_ID='outcomes_dag' AIRFLOW_CTX_TASK_ID='load_fct_outcomes' AIRFLOW_CTX_EXECUTION_DATE='2023-11-24T00:00:00+00:00' AIRFLOW_CTX_TRY_NUMBER='2' AIRFLOW_CTX_DAG_RUN_ID='scheduled__2023-11-24T00:00:00+00:00'
[2023-11-26T02:23:57.260+0000] {python.py:194} INFO - Done. Returned value was: None
[2023-11-26T02:23:57.277+0000] {taskinstance.py:1400} INFO - Marking task as SUCCESS. dag_id=outcomes_dag, task_id=load_fct_outcomes, execution_date=20231124T000000, start_date=20231126T022354, end_date=20231126T022357
[2023-11-26T02:23:57.326+0000] {local_task_job_runner.py:228} INFO - Task exited with return code 0
[2023-11-26T02:23:57.356+0000] {taskinstance.py:2778} INFO - 0 downstream tasks scheduled from follow-on schedule check
[2023-11-26T02:51:55.771+0000] {taskinstance.py:1159} INFO - Dependencies all met for dep_context=non-requeueable deps ti=<TaskInstance: outcomes_dag.load_fct_outcomes scheduled__2023-11-24T00:00:00+00:00 [queued]>
[2023-11-26T02:51:55.786+0000] {taskinstance.py:1159} INFO - Dependencies all met for dep_context=requeueable deps ti=<TaskInstance: outcomes_dag.load_fct_outcomes scheduled__2023-11-24T00:00:00+00:00 [queued]>
[2023-11-26T02:51:55.787+0000] {taskinstance.py:1361} INFO - Starting attempt 2 of 2
[2023-11-26T02:51:55.807+0000] {taskinstance.py:1382} INFO - Executing <Task(PythonOperator): load_fct_outcomes> on 2023-11-24 00:00:00+00:00
[2023-11-26T02:51:55.824+0000] {standard_task_runner.py:57} INFO - Started process 509 to run task
[2023-11-26T02:51:55.835+0000] {standard_task_runner.py:84} INFO - Running: ['***', 'tasks', 'run', 'outcomes_dag', 'load_fct_outcomes', 'scheduled__2023-11-24T00:00:00+00:00', '--job-id', '98', '--raw', '--subdir', 'DAGS_FOLDER/outcomes_dag.py', '--cfg-path', '/tmp/tmp5psxaicd']
[2023-11-26T02:51:55.847+0000] {standard_task_runner.py:85} INFO - Job 98: Subtask load_fct_outcomes
[2023-11-26T02:51:55.973+0000] {task_command.py:416} INFO - Running <TaskInstance: outcomes_dag.load_fct_outcomes scheduled__2023-11-24T00:00:00+00:00 [running]> on host d8c33f99ee50
[2023-11-26T02:51:56.151+0000] {taskinstance.py:1662} INFO - Exporting env vars: AIRFLOW_CTX_DAG_OWNER='***' AIRFLOW_CTX_DAG_ID='outcomes_dag' AIRFLOW_CTX_TASK_ID='load_fct_outcomes' AIRFLOW_CTX_EXECUTION_DATE='2023-11-24T00:00:00+00:00' AIRFLOW_CTX_TRY_NUMBER='2' AIRFLOW_CTX_DAG_RUN_ID='scheduled__2023-11-24T00:00:00+00:00'
[2023-11-26T02:51:59.438+0000] {python.py:194} INFO - Done. Returned value was: None
[2023-11-26T02:51:59.452+0000] {taskinstance.py:1400} INFO - Marking task as SUCCESS. dag_id=outcomes_dag, task_id=load_fct_outcomes, execution_date=20231124T000000, start_date=20231126T025155, end_date=20231126T025159
[2023-11-26T02:51:59.480+0000] {local_task_job_runner.py:228} INFO - Task exited with return code 0
[2023-11-26T02:51:59.501+0000] {taskinstance.py:2778} INFO - 0 downstream tasks scheduled from follow-on schedule check
