[2023-11-23T21:58:02.084+0000] {taskinstance.py:1159} INFO - Dependencies all met for dep_context=non-requeueable deps ti=<TaskInstance: outcomes_dag.extract scheduled__2023-11-07T00:00:00+00:00 [queued]>
[2023-11-23T21:58:06.593+0000] {taskinstance.py:1159} INFO - Dependencies all met for dep_context=requeueable deps ti=<TaskInstance: outcomes_dag.extract scheduled__2023-11-07T00:00:00+00:00 [queued]>
[2023-11-23T21:58:06.647+0000] {taskinstance.py:1361} INFO - Starting attempt 1 of 1
[2023-11-23T21:58:08.547+0000] {taskinstance.py:1382} INFO - Executing <Task(PythonOperator): extract> on 2023-11-07 00:00:00+00:00
[2023-11-23T21:58:08.926+0000] {standard_task_runner.py:57} INFO - Started process 134 to run task
[2023-11-23T21:58:09.001+0000] {standard_task_runner.py:84} INFO - Running: ['***', 'tasks', 'run', 'outcomes_dag', 'extract', 'scheduled__2023-11-07T00:00:00+00:00', '--job-id', '15', '--raw', '--subdir', 'DAGS_FOLDER/outcomes_dag.py', '--cfg-path', '/tmp/tmp3n5fhiar']
[2023-11-23T21:58:09.113+0000] {standard_task_runner.py:85} INFO - Job 15: Subtask extract
[2023-11-23T21:58:11.505+0000] {task_command.py:416} INFO - Running <TaskInstance: outcomes_dag.extract scheduled__2023-11-07T00:00:00+00:00 [running]> on host 05b2ff981133
[2023-11-23T21:59:56.441+0000] {taskinstance.py:1662} INFO - Exporting env vars: AIRFLOW_CTX_DAG_OWNER='***' AIRFLOW_CTX_DAG_ID='outcomes_dag' AIRFLOW_CTX_TASK_ID='extract' AIRFLOW_CTX_EXECUTION_DATE='2023-11-07T00:00:00+00:00' AIRFLOW_CTX_TRY_NUMBER='1' AIRFLOW_CTX_DAG_RUN_ID='scheduled__2023-11-07T00:00:00+00:00'
[2023-11-23T22:00:44.869+0000] {python.py:194} INFO - Done. Returned value was: None
[2023-11-23T22:01:03.297+0000] {taskinstance.py:1400} INFO - Marking task as SUCCESS. dag_id=outcomes_dag, task_id=extract, execution_date=20231107T000000, start_date=20231123T215802, end_date=20231123T220103
[2023-11-23T22:01:05.953+0000] {local_task_job_runner.py:228} INFO - Task exited with return code 0
[2023-11-23T22:01:20.752+0000] {taskinstance.py:2778} INFO - 0 downstream tasks scheduled from follow-on schedule check
[2023-12-17T15:03:31.444+0000] {taskinstance.py:1159} INFO - Dependencies all met for dep_context=non-requeueable deps ti=<TaskInstance: outcomes_dag.extract scheduled__2023-11-07T00:00:00+00:00 [queued]>
[2023-12-17T15:03:31.455+0000] {taskinstance.py:1159} INFO - Dependencies all met for dep_context=requeueable deps ti=<TaskInstance: outcomes_dag.extract scheduled__2023-11-07T00:00:00+00:00 [queued]>
[2023-12-17T15:03:31.455+0000] {taskinstance.py:1361} INFO - Starting attempt 1 of 1
[2023-12-17T15:03:31.473+0000] {taskinstance.py:1382} INFO - Executing <Task(PythonOperator): extract> on 2023-11-07 00:00:00+00:00
[2023-12-17T15:03:31.480+0000] {standard_task_runner.py:57} INFO - Started process 252 to run task
[2023-12-17T15:03:31.484+0000] {standard_task_runner.py:84} INFO - Running: ['***', 'tasks', 'run', 'outcomes_dag', 'extract', 'scheduled__2023-11-07T00:00:00+00:00', '--job-id', '42', '--raw', '--subdir', 'DAGS_FOLDER/outcomes_dag.py', '--cfg-path', '/tmp/tmp0cnk_voc']
[2023-12-17T15:03:31.487+0000] {standard_task_runner.py:85} INFO - Job 42: Subtask extract
[2023-12-17T15:03:31.540+0000] {task_command.py:416} INFO - Running <TaskInstance: outcomes_dag.extract scheduled__2023-11-07T00:00:00+00:00 [running]> on host 7f0547651eb4
[2023-12-17T15:03:31.654+0000] {taskinstance.py:1662} INFO - Exporting env vars: AIRFLOW_CTX_DAG_OWNER='***' AIRFLOW_CTX_DAG_ID='outcomes_dag' AIRFLOW_CTX_TASK_ID='extract' AIRFLOW_CTX_EXECUTION_DATE='2023-11-07T00:00:00+00:00' AIRFLOW_CTX_TRY_NUMBER='1' AIRFLOW_CTX_DAG_RUN_ID='scheduled__2023-11-07T00:00:00+00:00'
[2023-12-17T15:03:34.985+0000] {python.py:194} INFO - Done. Returned value was: None
[2023-12-17T15:03:34.999+0000] {taskinstance.py:1400} INFO - Marking task as SUCCESS. dag_id=outcomes_dag, task_id=extract, execution_date=20231107T000000, start_date=20231217T150331, end_date=20231217T150334
[2023-12-17T15:03:35.060+0000] {local_task_job_runner.py:228} INFO - Task exited with return code 0
[2023-12-17T15:03:35.092+0000] {taskinstance.py:2778} INFO - 1 downstream tasks scheduled from follow-on schedule check
