[2023-12-17T08:16:18.969+0000] {taskinstance.py:1159} INFO - Dependencies all met for dep_context=non-requeueable deps ti=<TaskInstance: outcomes_dag.load_dates_dim scheduled__2023-11-04T00:00:00+00:00 [queued]>
[2023-12-17T08:16:18.990+0000] {taskinstance.py:1159} INFO - Dependencies all met for dep_context=requeueable deps ti=<TaskInstance: outcomes_dag.load_dates_dim scheduled__2023-11-04T00:00:00+00:00 [queued]>
[2023-12-17T08:16:18.992+0000] {taskinstance.py:1361} INFO - Starting attempt 1 of 1
[2023-12-17T08:16:19.049+0000] {taskinstance.py:1382} INFO - Executing <Task(PythonOperator): load_dates_dim> on 2023-11-04 00:00:00+00:00
[2023-12-17T08:16:19.104+0000] {standard_task_runner.py:57} INFO - Started process 240 to run task
[2023-12-17T08:16:19.180+0000] {standard_task_runner.py:84} INFO - Running: ['***', 'tasks', 'run', 'outcomes_dag', 'load_dates_dim', 'scheduled__2023-11-04T00:00:00+00:00', '--job-id', '26', '--raw', '--subdir', 'DAGS_FOLDER/outcomes_dag.py', '--cfg-path', '/tmp/tmp7s5tm355']
[2023-12-17T08:16:19.225+0000] {standard_task_runner.py:85} INFO - Job 26: Subtask load_dates_dim
[2023-12-17T08:16:20.103+0000] {task_command.py:416} INFO - Running <TaskInstance: outcomes_dag.load_dates_dim scheduled__2023-11-04T00:00:00+00:00 [running]> on host 0cbaf6db6843
[2023-12-17T08:16:20.496+0000] {taskinstance.py:1662} INFO - Exporting env vars: AIRFLOW_CTX_DAG_OWNER='***' AIRFLOW_CTX_DAG_ID='outcomes_dag' AIRFLOW_CTX_TASK_ID='load_dates_dim' AIRFLOW_CTX_EXECUTION_DATE='2023-11-04T00:00:00+00:00' AIRFLOW_CTX_TRY_NUMBER='1' AIRFLOW_CTX_DAG_RUN_ID='scheduled__2023-11-04T00:00:00+00:00'
[2023-12-17T08:16:25.222+0000] {python.py:194} INFO - Done. Returned value was: None
[2023-12-17T08:16:25.236+0000] {taskinstance.py:1400} INFO - Marking task as SUCCESS. dag_id=outcomes_dag, task_id=load_dates_dim, execution_date=20231104T000000, start_date=20231217T081618, end_date=20231217T081625
[2023-12-17T08:16:25.281+0000] {local_task_job_runner.py:228} INFO - Task exited with return code 0
[2023-12-17T08:16:25.303+0000] {taskinstance.py:2778} INFO - 0 downstream tasks scheduled from follow-on schedule check
[2023-12-17T15:01:56.858+0000] {taskinstance.py:1159} INFO - Dependencies all met for dep_context=non-requeueable deps ti=<TaskInstance: outcomes_dag.load_dates_dim scheduled__2023-11-04T00:00:00+00:00 [queued]>
[2023-12-17T15:01:56.880+0000] {taskinstance.py:1159} INFO - Dependencies all met for dep_context=requeueable deps ti=<TaskInstance: outcomes_dag.load_dates_dim scheduled__2023-11-04T00:00:00+00:00 [queued]>
[2023-12-17T15:01:56.881+0000] {taskinstance.py:1361} INFO - Starting attempt 1 of 1
[2023-12-17T15:01:56.904+0000] {taskinstance.py:1382} INFO - Executing <Task(PythonOperator): load_dates_dim> on 2023-11-04 00:00:00+00:00
[2023-12-17T15:01:56.919+0000] {standard_task_runner.py:57} INFO - Started process 187 to run task
[2023-12-17T15:01:56.939+0000] {standard_task_runner.py:84} INFO - Running: ['***', 'tasks', 'run', 'outcomes_dag', 'load_dates_dim', 'scheduled__2023-11-04T00:00:00+00:00', '--job-id', '27', '--raw', '--subdir', 'DAGS_FOLDER/outcomes_dag.py', '--cfg-path', '/tmp/tmpxvr2tc3n']
[2023-12-17T15:01:56.948+0000] {standard_task_runner.py:85} INFO - Job 27: Subtask load_dates_dim
[2023-12-17T15:01:57.053+0000] {task_command.py:416} INFO - Running <TaskInstance: outcomes_dag.load_dates_dim scheduled__2023-11-04T00:00:00+00:00 [running]> on host 7f0547651eb4
[2023-12-17T15:01:57.193+0000] {taskinstance.py:1662} INFO - Exporting env vars: AIRFLOW_CTX_DAG_OWNER='***' AIRFLOW_CTX_DAG_ID='outcomes_dag' AIRFLOW_CTX_TASK_ID='load_dates_dim' AIRFLOW_CTX_EXECUTION_DATE='2023-11-04T00:00:00+00:00' AIRFLOW_CTX_TRY_NUMBER='1' AIRFLOW_CTX_DAG_RUN_ID='scheduled__2023-11-04T00:00:00+00:00'
[2023-12-17T15:02:02.519+0000] {python.py:194} INFO - Done. Returned value was: None
[2023-12-17T15:02:02.535+0000] {taskinstance.py:1400} INFO - Marking task as SUCCESS. dag_id=outcomes_dag, task_id=load_dates_dim, execution_date=20231104T000000, start_date=20231217T150156, end_date=20231217T150202
[2023-12-17T15:02:02.606+0000] {local_task_job_runner.py:228} INFO - Task exited with return code 0
[2023-12-17T15:02:02.630+0000] {taskinstance.py:2778} INFO - 0 downstream tasks scheduled from follow-on schedule check
