[2023-11-26T02:23:54.535+0000] {taskinstance.py:1159} INFO - Dependencies all met for dep_context=non-requeueable deps ti=<TaskInstance: outcomes_dag.load_dim_dates scheduled__2023-11-24T00:00:00+00:00 [queued]>
[2023-11-26T02:23:54.553+0000] {taskinstance.py:1159} INFO - Dependencies all met for dep_context=requeueable deps ti=<TaskInstance: outcomes_dag.load_dim_dates scheduled__2023-11-24T00:00:00+00:00 [queued]>
[2023-11-26T02:23:54.557+0000] {taskinstance.py:1361} INFO - Starting attempt 2 of 2
[2023-11-26T02:23:54.581+0000] {taskinstance.py:1382} INFO - Executing <Task(PythonOperator): load_dim_dates> on 2023-11-24 00:00:00+00:00
[2023-11-26T02:23:54.591+0000] {standard_task_runner.py:57} INFO - Started process 804 to run task
[2023-11-26T02:23:54.601+0000] {standard_task_runner.py:84} INFO - Running: ['***', 'tasks', 'run', 'outcomes_dag', 'load_dim_dates', 'scheduled__2023-11-24T00:00:00+00:00', '--job-id', '84', '--raw', '--subdir', 'DAGS_FOLDER/outcomes_dag.py', '--cfg-path', '/tmp/tmpkchf3buo']
[2023-11-26T02:23:54.608+0000] {standard_task_runner.py:85} INFO - Job 84: Subtask load_dim_dates
[2023-11-26T02:23:54.697+0000] {task_command.py:416} INFO - Running <TaskInstance: outcomes_dag.load_dim_dates scheduled__2023-11-24T00:00:00+00:00 [running]> on host 2011df1a4519
[2023-11-26T02:23:54.857+0000] {taskinstance.py:1662} INFO - Exporting env vars: AIRFLOW_CTX_DAG_OWNER='***' AIRFLOW_CTX_DAG_ID='outcomes_dag' AIRFLOW_CTX_TASK_ID='load_dim_dates' AIRFLOW_CTX_EXECUTION_DATE='2023-11-24T00:00:00+00:00' AIRFLOW_CTX_TRY_NUMBER='2' AIRFLOW_CTX_DAG_RUN_ID='scheduled__2023-11-24T00:00:00+00:00'
[2023-11-26T02:23:57.270+0000] {python.py:194} INFO - Done. Returned value was: None
[2023-11-26T02:23:57.284+0000] {taskinstance.py:1400} INFO - Marking task as SUCCESS. dag_id=outcomes_dag, task_id=load_dim_dates, execution_date=20231124T000000, start_date=20231126T022354, end_date=20231126T022357
[2023-11-26T02:23:57.320+0000] {local_task_job_runner.py:228} INFO - Task exited with return code 0
[2023-11-26T02:23:57.344+0000] {taskinstance.py:2778} INFO - 0 downstream tasks scheduled from follow-on schedule check
[2023-11-26T02:51:55.766+0000] {taskinstance.py:1159} INFO - Dependencies all met for dep_context=non-requeueable deps ti=<TaskInstance: outcomes_dag.load_dim_dates scheduled__2023-11-24T00:00:00+00:00 [queued]>
[2023-11-26T02:51:55.781+0000] {taskinstance.py:1159} INFO - Dependencies all met for dep_context=requeueable deps ti=<TaskInstance: outcomes_dag.load_dim_dates scheduled__2023-11-24T00:00:00+00:00 [queued]>
[2023-11-26T02:51:55.782+0000] {taskinstance.py:1361} INFO - Starting attempt 2 of 2
[2023-11-26T02:51:55.806+0000] {taskinstance.py:1382} INFO - Executing <Task(PythonOperator): load_dim_dates> on 2023-11-24 00:00:00+00:00
[2023-11-26T02:51:55.816+0000] {standard_task_runner.py:57} INFO - Started process 507 to run task
[2023-11-26T02:51:55.826+0000] {standard_task_runner.py:84} INFO - Running: ['***', 'tasks', 'run', 'outcomes_dag', 'load_dim_dates', 'scheduled__2023-11-24T00:00:00+00:00', '--job-id', '99', '--raw', '--subdir', 'DAGS_FOLDER/outcomes_dag.py', '--cfg-path', '/tmp/tmph036_uz0']
[2023-11-26T02:51:55.831+0000] {standard_task_runner.py:85} INFO - Job 99: Subtask load_dim_dates
[2023-11-26T02:51:55.957+0000] {task_command.py:416} INFO - Running <TaskInstance: outcomes_dag.load_dim_dates scheduled__2023-11-24T00:00:00+00:00 [running]> on host d8c33f99ee50
[2023-11-26T02:51:56.169+0000] {taskinstance.py:1662} INFO - Exporting env vars: AIRFLOW_CTX_DAG_OWNER='***' AIRFLOW_CTX_DAG_ID='outcomes_dag' AIRFLOW_CTX_TASK_ID='load_dim_dates' AIRFLOW_CTX_EXECUTION_DATE='2023-11-24T00:00:00+00:00' AIRFLOW_CTX_TRY_NUMBER='2' AIRFLOW_CTX_DAG_RUN_ID='scheduled__2023-11-24T00:00:00+00:00'
[2023-11-26T02:51:59.413+0000] {python.py:194} INFO - Done. Returned value was: None
[2023-11-26T02:51:59.424+0000] {taskinstance.py:1400} INFO - Marking task as SUCCESS. dag_id=outcomes_dag, task_id=load_dim_dates, execution_date=20231124T000000, start_date=20231126T025155, end_date=20231126T025159
[2023-11-26T02:51:59.480+0000] {local_task_job_runner.py:228} INFO - Task exited with return code 0
[2023-11-26T02:51:59.515+0000] {taskinstance.py:2778} INFO - 0 downstream tasks scheduled from follow-on schedule check
