[2023-11-23T18:58:39.453+0000] {taskinstance.py:1159} INFO - Dependencies all met for dep_context=non-requeueable deps ti=<TaskInstance: outcomes_dag.extract scheduled__2023-11-22T00:00:00+00:00 [queued]>
[2023-11-23T18:58:39.487+0000] {taskinstance.py:1159} INFO - Dependencies all met for dep_context=requeueable deps ti=<TaskInstance: outcomes_dag.extract scheduled__2023-11-22T00:00:00+00:00 [queued]>
[2023-11-23T18:58:39.488+0000] {taskinstance.py:1361} INFO - Starting attempt 1 of 1
[2023-11-23T18:58:39.532+0000] {taskinstance.py:1382} INFO - Executing <Task(PythonOperator): extract> on 2023-11-22 00:00:00+00:00
[2023-11-23T18:58:39.550+0000] {standard_task_runner.py:57} INFO - Started process 153 to run task
[2023-11-23T18:58:39.622+0000] {standard_task_runner.py:84} INFO - Running: ['***', 'tasks', 'run', 'outcomes_dag', 'extract', 'scheduled__2023-11-22T00:00:00+00:00', '--job-id', '4', '--raw', '--subdir', 'DAGS_FOLDER/outcomes_dag.py', '--cfg-path', '/tmp/tmp3zw42vbf']
[2023-11-23T18:58:39.652+0000] {standard_task_runner.py:85} INFO - Job 4: Subtask extract
[2023-11-23T18:58:39.945+0000] {task_command.py:416} INFO - Running <TaskInstance: outcomes_dag.extract scheduled__2023-11-22T00:00:00+00:00 [running]> on host b9e8eee69786
[2023-11-23T18:58:40.175+0000] {taskinstance.py:1662} INFO - Exporting env vars: AIRFLOW_CTX_DAG_OWNER='***' AIRFLOW_CTX_DAG_ID='outcomes_dag' AIRFLOW_CTX_TASK_ID='extract' AIRFLOW_CTX_EXECUTION_DATE='2023-11-22T00:00:00+00:00' AIRFLOW_CTX_TRY_NUMBER='1' AIRFLOW_CTX_DAG_RUN_ID='scheduled__2023-11-22T00:00:00+00:00'
[2023-11-23T18:58:40.184+0000] {socrata.py:63} WARNING - Requests made without an app_token will be subject to strict throttling limits.
[2023-11-23T18:58:40.185+0000] {taskinstance.py:1937} ERROR - Task failed with exception
Traceback (most recent call last):
  File "/home/airflow/.local/lib/python3.8/site-packages/airflow/operators/python.py", line 192, in execute
    return_value = self.execute_callable()
  File "/home/airflow/.local/lib/python3.8/site-packages/airflow/operators/python.py", line 209, in execute_callable
    return self.python_callable(*self.op_args, **self.op_kwargs)
  File "/opt/airflow/dags/etl_scripts/extract.py", line 18, in extract_data
    if os.listdir(EXTRACT_DIR) == []:
FileNotFoundError: [Errno 2] No such file or directory: '/opt/airflow/data/extracted'
[2023-11-23T18:58:40.218+0000] {taskinstance.py:1400} INFO - Marking task as FAILED. dag_id=outcomes_dag, task_id=extract, execution_date=20231122T000000, start_date=20231123T185839, end_date=20231123T185840
[2023-11-23T18:58:40.243+0000] {standard_task_runner.py:104} ERROR - Failed to execute job 4 for task extract ([Errno 2] No such file or directory: '/opt/airflow/data/extracted'; 153)
[2023-11-23T18:58:40.300+0000] {local_task_job_runner.py:228} INFO - Task exited with return code 1
[2023-11-23T18:58:40.430+0000] {taskinstance.py:2778} INFO - 0 downstream tasks scheduled from follow-on schedule check
[2023-11-23T21:36:43.151+0000] {taskinstance.py:1159} INFO - Dependencies all met for dep_context=non-requeueable deps ti=<TaskInstance: outcomes_dag.extract scheduled__2023-11-22T00:00:00+00:00 [queued]>
[2023-11-23T21:36:43.181+0000] {taskinstance.py:1159} INFO - Dependencies all met for dep_context=requeueable deps ti=<TaskInstance: outcomes_dag.extract scheduled__2023-11-22T00:00:00+00:00 [queued]>
[2023-11-23T21:36:43.182+0000] {taskinstance.py:1361} INFO - Starting attempt 1 of 1
[2023-11-23T21:36:43.216+0000] {taskinstance.py:1382} INFO - Executing <Task(PythonOperator): extract> on 2023-11-22 00:00:00+00:00
[2023-11-23T21:36:43.227+0000] {standard_task_runner.py:57} INFO - Started process 124 to run task
[2023-11-23T21:36:43.242+0000] {standard_task_runner.py:84} INFO - Running: ['***', 'tasks', 'run', 'outcomes_dag', 'extract', 'scheduled__2023-11-22T00:00:00+00:00', '--job-id', '4', '--raw', '--subdir', 'DAGS_FOLDER/outcomes_dag.py', '--cfg-path', '/tmp/tmp5e2c4_w4']
[2023-11-23T21:36:43.278+0000] {standard_task_runner.py:85} INFO - Job 4: Subtask extract
[2023-11-23T21:36:43.759+0000] {task_command.py:416} INFO - Running <TaskInstance: outcomes_dag.extract scheduled__2023-11-22T00:00:00+00:00 [running]> on host 9488f5537f74
[2023-11-23T21:36:44.025+0000] {taskinstance.py:1662} INFO - Exporting env vars: AIRFLOW_CTX_DAG_OWNER='***' AIRFLOW_CTX_DAG_ID='outcomes_dag' AIRFLOW_CTX_TASK_ID='extract' AIRFLOW_CTX_EXECUTION_DATE='2023-11-22T00:00:00+00:00' AIRFLOW_CTX_TRY_NUMBER='1' AIRFLOW_CTX_DAG_RUN_ID='scheduled__2023-11-22T00:00:00+00:00'
[2023-11-23T21:36:49.251+0000] {python.py:194} INFO - Done. Returned value was: None
[2023-11-23T21:36:49.280+0000] {taskinstance.py:1400} INFO - Marking task as SUCCESS. dag_id=outcomes_dag, task_id=extract, execution_date=20231122T000000, start_date=20231123T213643, end_date=20231123T213649
[2023-11-23T21:36:49.343+0000] {local_task_job_runner.py:228} INFO - Task exited with return code 0
[2023-11-23T21:36:49.373+0000] {taskinstance.py:2778} INFO - 0 downstream tasks scheduled from follow-on schedule check
[2023-11-23T21:44:43.162+0000] {taskinstance.py:1159} INFO - Dependencies all met for dep_context=non-requeueable deps ti=<TaskInstance: outcomes_dag.extract scheduled__2023-11-22T00:00:00+00:00 [queued]>
[2023-11-23T21:44:43.178+0000] {taskinstance.py:1159} INFO - Dependencies all met for dep_context=requeueable deps ti=<TaskInstance: outcomes_dag.extract scheduled__2023-11-22T00:00:00+00:00 [queued]>
[2023-11-23T21:44:43.179+0000] {taskinstance.py:1361} INFO - Starting attempt 1 of 1
[2023-11-23T21:44:43.222+0000] {taskinstance.py:1382} INFO - Executing <Task(PythonOperator): extract> on 2023-11-22 00:00:00+00:00
[2023-11-23T21:44:43.250+0000] {standard_task_runner.py:57} INFO - Started process 84 to run task
[2023-11-23T21:44:43.261+0000] {standard_task_runner.py:84} INFO - Running: ['***', 'tasks', 'run', 'outcomes_dag', 'extract', 'scheduled__2023-11-22T00:00:00+00:00', '--job-id', '3', '--raw', '--subdir', 'DAGS_FOLDER/outcomes_dag.py', '--cfg-path', '/tmp/tmpc3x8kreu']
[2023-11-23T21:44:43.275+0000] {standard_task_runner.py:85} INFO - Job 3: Subtask extract
[2023-11-23T21:44:43.834+0000] {task_command.py:416} INFO - Running <TaskInstance: outcomes_dag.extract scheduled__2023-11-22T00:00:00+00:00 [running]> on host 332ad672c5bd
[2023-11-23T21:44:44.332+0000] {taskinstance.py:1662} INFO - Exporting env vars: AIRFLOW_CTX_DAG_OWNER='***' AIRFLOW_CTX_DAG_ID='outcomes_dag' AIRFLOW_CTX_TASK_ID='extract' AIRFLOW_CTX_EXECUTION_DATE='2023-11-22T00:00:00+00:00' AIRFLOW_CTX_TRY_NUMBER='1' AIRFLOW_CTX_DAG_RUN_ID='scheduled__2023-11-22T00:00:00+00:00'
[2023-11-23T21:44:51.888+0000] {python.py:194} INFO - Done. Returned value was: None
[2023-11-23T21:44:51.981+0000] {taskinstance.py:1400} INFO - Marking task as SUCCESS. dag_id=outcomes_dag, task_id=extract, execution_date=20231122T000000, start_date=20231123T214443, end_date=20231123T214451
[2023-11-23T21:44:52.505+0000] {local_task_job_runner.py:228} INFO - Task exited with return code 0
[2023-11-23T21:44:52.738+0000] {taskinstance.py:2778} INFO - 0 downstream tasks scheduled from follow-on schedule check
[2023-11-23T22:03:52.552+0000] {taskinstance.py:1159} INFO - Dependencies all met for dep_context=non-requeueable deps ti=<TaskInstance: outcomes_dag.extract scheduled__2023-11-22T00:00:00+00:00 [queued]>
[2023-11-23T22:03:52.604+0000] {taskinstance.py:1159} INFO - Dependencies all met for dep_context=requeueable deps ti=<TaskInstance: outcomes_dag.extract scheduled__2023-11-22T00:00:00+00:00 [queued]>
[2023-11-23T22:03:52.605+0000] {taskinstance.py:1361} INFO - Starting attempt 1 of 1
[2023-11-23T22:03:52.683+0000] {taskinstance.py:1382} INFO - Executing <Task(PythonOperator): extract> on 2023-11-22 00:00:00+00:00
[2023-11-23T22:03:52.693+0000] {standard_task_runner.py:57} INFO - Started process 204 to run task
[2023-11-23T22:03:52.703+0000] {standard_task_runner.py:84} INFO - Running: ['***', 'tasks', 'run', 'outcomes_dag', 'extract', 'scheduled__2023-11-22T00:00:00+00:00', '--job-id', '24', '--raw', '--subdir', 'DAGS_FOLDER/outcomes_dag.py', '--cfg-path', '/tmp/tmpp6kgvght']
[2023-11-23T22:03:52.718+0000] {standard_task_runner.py:85} INFO - Job 24: Subtask extract
[2023-11-23T22:03:52.851+0000] {task_command.py:416} INFO - Running <TaskInstance: outcomes_dag.extract scheduled__2023-11-22T00:00:00+00:00 [running]> on host 05b2ff981133
[2023-11-23T22:03:59.599+0000] {taskinstance.py:1662} INFO - Exporting env vars: AIRFLOW_CTX_DAG_OWNER='***' AIRFLOW_CTX_DAG_ID='outcomes_dag' AIRFLOW_CTX_TASK_ID='extract' AIRFLOW_CTX_EXECUTION_DATE='2023-11-22T00:00:00+00:00' AIRFLOW_CTX_TRY_NUMBER='1' AIRFLOW_CTX_DAG_RUN_ID='scheduled__2023-11-22T00:00:00+00:00'
[2023-11-23T22:04:00.204+0000] {python.py:194} INFO - Done. Returned value was: None
[2023-11-23T22:04:00.234+0000] {taskinstance.py:1400} INFO - Marking task as SUCCESS. dag_id=outcomes_dag, task_id=extract, execution_date=20231122T000000, start_date=20231123T220352, end_date=20231123T220400
[2023-11-23T22:04:00.299+0000] {local_task_job_runner.py:228} INFO - Task exited with return code 0
[2023-11-23T22:04:00.326+0000] {taskinstance.py:2778} INFO - 0 downstream tasks scheduled from follow-on schedule check
[2023-11-23T22:10:49.930+0000] {taskinstance.py:1159} INFO - Dependencies all met for dep_context=non-requeueable deps ti=<TaskInstance: outcomes_dag.extract scheduled__2023-11-22T00:00:00+00:00 [queued]>
[2023-11-23T22:10:49.944+0000] {taskinstance.py:1159} INFO - Dependencies all met for dep_context=requeueable deps ti=<TaskInstance: outcomes_dag.extract scheduled__2023-11-22T00:00:00+00:00 [queued]>
[2023-11-23T22:10:49.945+0000] {taskinstance.py:1361} INFO - Starting attempt 1 of 1
[2023-11-23T22:10:49.962+0000] {taskinstance.py:1382} INFO - Executing <Task(PythonOperator): extract> on 2023-11-22 00:00:00+00:00
[2023-11-23T22:10:49.979+0000] {standard_task_runner.py:57} INFO - Started process 106 to run task
[2023-11-23T22:10:49.989+0000] {standard_task_runner.py:84} INFO - Running: ['***', 'tasks', 'run', 'outcomes_dag', 'extract', 'scheduled__2023-11-22T00:00:00+00:00', '--job-id', '8', '--raw', '--subdir', 'DAGS_FOLDER/outcomes_dag.py', '--cfg-path', '/tmp/tmpspyhdbvl']
[2023-11-23T22:10:49.997+0000] {standard_task_runner.py:85} INFO - Job 8: Subtask extract
[2023-11-23T22:10:50.065+0000] {task_command.py:416} INFO - Running <TaskInstance: outcomes_dag.extract scheduled__2023-11-22T00:00:00+00:00 [running]> on host 3c6bdd9606b4
[2023-11-23T22:10:50.479+0000] {taskinstance.py:1662} INFO - Exporting env vars: AIRFLOW_CTX_DAG_OWNER='***' AIRFLOW_CTX_DAG_ID='outcomes_dag' AIRFLOW_CTX_TASK_ID='extract' AIRFLOW_CTX_EXECUTION_DATE='2023-11-22T00:00:00+00:00' AIRFLOW_CTX_TRY_NUMBER='1' AIRFLOW_CTX_DAG_RUN_ID='scheduled__2023-11-22T00:00:00+00:00'
[2023-11-23T22:10:51.101+0000] {python.py:194} INFO - Done. Returned value was: None
[2023-11-23T22:10:51.113+0000] {taskinstance.py:1400} INFO - Marking task as SUCCESS. dag_id=outcomes_dag, task_id=extract, execution_date=20231122T000000, start_date=20231123T221049, end_date=20231123T221051
[2023-11-23T22:10:51.140+0000] {local_task_job_runner.py:228} INFO - Task exited with return code 0
[2023-11-23T22:10:51.163+0000] {taskinstance.py:2778} INFO - 0 downstream tasks scheduled from follow-on schedule check
