[2023-11-23T19:03:18.436+0000] {taskinstance.py:1159} INFO - Dependencies all met for dep_context=non-requeueable deps ti=<TaskInstance: outcomes_dag.extract scheduled__2023-11-22T00:00:00+00:00 [queued]>
[2023-11-23T19:03:18.449+0000] {taskinstance.py:1159} INFO - Dependencies all met for dep_context=requeueable deps ti=<TaskInstance: outcomes_dag.extract scheduled__2023-11-22T00:00:00+00:00 [queued]>
[2023-11-23T19:03:18.450+0000] {taskinstance.py:1361} INFO - Starting attempt 3 of 3
[2023-11-23T19:03:18.467+0000] {taskinstance.py:1382} INFO - Executing <Task(PythonOperator): extract> on 2023-11-22 00:00:00+00:00
[2023-11-23T19:03:18.474+0000] {standard_task_runner.py:57} INFO - Started process 231 to run task
[2023-11-23T19:03:18.483+0000] {standard_task_runner.py:84} INFO - Running: ['***', 'tasks', 'run', 'outcomes_dag', 'extract', 'scheduled__2023-11-22T00:00:00+00:00', '--job-id', '6', '--raw', '--subdir', 'DAGS_FOLDER/outcomes_dag.py', '--cfg-path', '/tmp/tmpt7plht11']
[2023-11-23T19:03:18.487+0000] {standard_task_runner.py:85} INFO - Job 6: Subtask extract
[2023-11-23T19:03:18.551+0000] {task_command.py:416} INFO - Running <TaskInstance: outcomes_dag.extract scheduled__2023-11-22T00:00:00+00:00 [running]> on host b9e8eee69786
[2023-11-23T19:03:20.137+0000] {taskinstance.py:1662} INFO - Exporting env vars: AIRFLOW_CTX_DAG_OWNER='***' AIRFLOW_CTX_DAG_ID='outcomes_dag' AIRFLOW_CTX_TASK_ID='extract' AIRFLOW_CTX_EXECUTION_DATE='2023-11-22T00:00:00+00:00' AIRFLOW_CTX_TRY_NUMBER='3' AIRFLOW_CTX_DAG_RUN_ID='scheduled__2023-11-22T00:00:00+00:00'
[2023-11-23T19:03:20.142+0000] {socrata.py:63} WARNING - Requests made without an app_token will be subject to strict throttling limits.
[2023-11-23T19:03:21.648+0000] {python.py:194} INFO - Done. Returned value was: None
[2023-11-23T19:03:21.718+0000] {taskinstance.py:1400} INFO - Marking task as SUCCESS. dag_id=outcomes_dag, task_id=extract, execution_date=20231122T000000, start_date=20231123T190318, end_date=20231123T190321
[2023-11-23T19:03:21.986+0000] {local_task_job_runner.py:228} INFO - Task exited with return code 0
[2023-11-23T19:03:22.032+0000] {taskinstance.py:2778} INFO - 0 downstream tasks scheduled from follow-on schedule check
[2023-11-25T01:44:06.792+0000] {taskinstance.py:1159} INFO - Dependencies all met for dep_context=non-requeueable deps ti=<TaskInstance: outcomes_dag.extract scheduled__2023-11-22T00:00:00+00:00 [queued]>
[2023-11-25T01:44:06.808+0000] {taskinstance.py:1159} INFO - Dependencies all met for dep_context=requeueable deps ti=<TaskInstance: outcomes_dag.extract scheduled__2023-11-22T00:00:00+00:00 [queued]>
[2023-11-25T01:44:06.808+0000] {taskinstance.py:1361} INFO - Starting attempt 3 of 3
[2023-11-25T01:44:06.825+0000] {taskinstance.py:1382} INFO - Executing <Task(PythonOperator): extract> on 2023-11-22 00:00:00+00:00
[2023-11-25T01:44:06.831+0000] {standard_task_runner.py:57} INFO - Started process 956 to run task
[2023-11-25T01:44:06.835+0000] {standard_task_runner.py:84} INFO - Running: ['***', 'tasks', 'run', 'outcomes_dag', 'extract', 'scheduled__2023-11-22T00:00:00+00:00', '--job-id', '23', '--raw', '--subdir', 'DAGS_FOLDER/outcomes_dag.py', '--cfg-path', '/tmp/tmpqa4bxpjx']
[2023-11-25T01:44:06.839+0000] {standard_task_runner.py:85} INFO - Job 23: Subtask extract
[2023-11-25T01:44:06.895+0000] {task_command.py:416} INFO - Running <TaskInstance: outcomes_dag.extract scheduled__2023-11-22T00:00:00+00:00 [running]> on host 8e76b4343da0
[2023-11-25T01:44:07.003+0000] {taskinstance.py:1662} INFO - Exporting env vars: AIRFLOW_CTX_DAG_OWNER='***' AIRFLOW_CTX_DAG_ID='outcomes_dag' AIRFLOW_CTX_TASK_ID='extract' AIRFLOW_CTX_EXECUTION_DATE='2023-11-22T00:00:00+00:00' AIRFLOW_CTX_TRY_NUMBER='3' AIRFLOW_CTX_DAG_RUN_ID='scheduled__2023-11-22T00:00:00+00:00'
[2023-11-25T01:44:09.181+0000] {python.py:194} INFO - Done. Returned value was: None
[2023-11-25T01:44:09.196+0000] {taskinstance.py:1400} INFO - Marking task as SUCCESS. dag_id=outcomes_dag, task_id=extract, execution_date=20231122T000000, start_date=20231125T014406, end_date=20231125T014409
[2023-11-25T01:44:09.247+0000] {local_task_job_runner.py:228} INFO - Task exited with return code 0
[2023-11-25T01:44:09.377+0000] {taskinstance.py:2778} INFO - 0 downstream tasks scheduled from follow-on schedule check
[2023-11-25T20:52:57.323+0000] {taskinstance.py:1159} INFO - Dependencies all met for dep_context=non-requeueable deps ti=<TaskInstance: outcomes_dag.extract scheduled__2023-11-22T00:00:00+00:00 [queued]>
[2023-11-25T20:52:57.334+0000] {taskinstance.py:1159} INFO - Dependencies all met for dep_context=requeueable deps ti=<TaskInstance: outcomes_dag.extract scheduled__2023-11-22T00:00:00+00:00 [queued]>
[2023-11-25T20:52:57.335+0000] {taskinstance.py:1361} INFO - Starting attempt 3 of 3
[2023-11-25T20:52:57.351+0000] {taskinstance.py:1382} INFO - Executing <Task(PythonOperator): extract> on 2023-11-22 00:00:00+00:00
[2023-11-25T20:52:57.358+0000] {standard_task_runner.py:57} INFO - Started process 592 to run task
[2023-11-25T20:52:57.362+0000] {standard_task_runner.py:84} INFO - Running: ['***', 'tasks', 'run', 'outcomes_dag', 'extract', 'scheduled__2023-11-22T00:00:00+00:00', '--job-id', '51', '--raw', '--subdir', 'DAGS_FOLDER/outcomes_dag.py', '--cfg-path', '/tmp/tmp1pvlgwoa']
[2023-11-25T20:52:57.365+0000] {standard_task_runner.py:85} INFO - Job 51: Subtask extract
[2023-11-25T20:52:57.453+0000] {task_command.py:416} INFO - Running <TaskInstance: outcomes_dag.extract scheduled__2023-11-22T00:00:00+00:00 [running]> on host 17ac1e2d02c6
[2023-11-25T20:52:57.575+0000] {taskinstance.py:1662} INFO - Exporting env vars: AIRFLOW_CTX_DAG_OWNER='***' AIRFLOW_CTX_DAG_ID='outcomes_dag' AIRFLOW_CTX_TASK_ID='extract' AIRFLOW_CTX_EXECUTION_DATE='2023-11-22T00:00:00+00:00' AIRFLOW_CTX_TRY_NUMBER='3' AIRFLOW_CTX_DAG_RUN_ID='scheduled__2023-11-22T00:00:00+00:00'
[2023-11-25T20:52:58.477+0000] {python.py:194} INFO - Done. Returned value was: None
[2023-11-25T20:52:58.491+0000] {taskinstance.py:1400} INFO - Marking task as SUCCESS. dag_id=outcomes_dag, task_id=extract, execution_date=20231122T000000, start_date=20231125T205257, end_date=20231125T205258
[2023-11-25T20:52:58.549+0000] {local_task_job_runner.py:228} INFO - Task exited with return code 0
[2023-11-25T20:52:58.574+0000] {taskinstance.py:2778} INFO - 1 downstream tasks scheduled from follow-on schedule check
[2023-11-26T03:04:37.893+0000] {taskinstance.py:1159} INFO - Dependencies all met for dep_context=non-requeueable deps ti=<TaskInstance: outcomes_dag.extract scheduled__2023-11-22T00:00:00+00:00 [queued]>
[2023-11-26T03:04:37.906+0000] {taskinstance.py:1159} INFO - Dependencies all met for dep_context=requeueable deps ti=<TaskInstance: outcomes_dag.extract scheduled__2023-11-22T00:00:00+00:00 [queued]>
[2023-11-26T03:04:37.906+0000] {taskinstance.py:1361} INFO - Starting attempt 3 of 3
[2023-11-26T03:04:37.922+0000] {taskinstance.py:1382} INFO - Executing <Task(PythonOperator): extract> on 2023-11-22 00:00:00+00:00
[2023-11-26T03:04:37.950+0000] {standard_task_runner.py:57} INFO - Started process 806 to run task
[2023-11-26T03:04:37.962+0000] {standard_task_runner.py:84} INFO - Running: ['***', 'tasks', 'run', 'outcomes_dag', 'extract', 'scheduled__2023-11-22T00:00:00+00:00', '--job-id', '137', '--raw', '--subdir', 'DAGS_FOLDER/outcomes_dag.py', '--cfg-path', '/tmp/tmpr3ft_hz9']
[2023-11-26T03:04:37.970+0000] {standard_task_runner.py:85} INFO - Job 137: Subtask extract
[2023-11-26T03:04:38.037+0000] {task_command.py:416} INFO - Running <TaskInstance: outcomes_dag.extract scheduled__2023-11-22T00:00:00+00:00 [running]> on host d8c33f99ee50
[2023-11-26T03:04:38.142+0000] {taskinstance.py:1662} INFO - Exporting env vars: AIRFLOW_CTX_DAG_OWNER='***' AIRFLOW_CTX_DAG_ID='outcomes_dag' AIRFLOW_CTX_TASK_ID='extract' AIRFLOW_CTX_EXECUTION_DATE='2023-11-22T00:00:00+00:00' AIRFLOW_CTX_TRY_NUMBER='3' AIRFLOW_CTX_DAG_RUN_ID='scheduled__2023-11-22T00:00:00+00:00'
[2023-11-26T03:04:39.321+0000] {python.py:194} INFO - Done. Returned value was: None
[2023-11-26T03:04:39.333+0000] {taskinstance.py:1400} INFO - Marking task as SUCCESS. dag_id=outcomes_dag, task_id=extract, execution_date=20231122T000000, start_date=20231126T030437, end_date=20231126T030439
[2023-11-26T03:04:39.377+0000] {local_task_job_runner.py:228} INFO - Task exited with return code 0
[2023-11-26T03:04:39.410+0000] {taskinstance.py:2778} INFO - 1 downstream tasks scheduled from follow-on schedule check
