[2023-11-23T22:03:38.149+0000] {taskinstance.py:1159} INFO - Dependencies all met for dep_context=non-requeueable deps ti=<TaskInstance: outcomes_dag.extract scheduled__2023-11-16T00:00:00+00:00 [queued]>
[2023-11-23T22:03:38.237+0000] {taskinstance.py:1159} INFO - Dependencies all met for dep_context=requeueable deps ti=<TaskInstance: outcomes_dag.extract scheduled__2023-11-16T00:00:00+00:00 [queued]>
[2023-11-23T22:03:38.238+0000] {taskinstance.py:1361} INFO - Starting attempt 1 of 1
[2023-11-23T22:03:38.350+0000] {taskinstance.py:1382} INFO - Executing <Task(PythonOperator): extract> on 2023-11-16 00:00:00+00:00
[2023-11-23T22:03:38.363+0000] {standard_task_runner.py:57} INFO - Started process 198 to run task
[2023-11-23T22:03:38.370+0000] {standard_task_runner.py:84} INFO - Running: ['***', 'tasks', 'run', 'outcomes_dag', 'extract', 'scheduled__2023-11-16T00:00:00+00:00', '--job-id', '19', '--raw', '--subdir', 'DAGS_FOLDER/outcomes_dag.py', '--cfg-path', '/tmp/tmp92tmgj8l']
[2023-11-23T22:03:38.377+0000] {standard_task_runner.py:85} INFO - Job 19: Subtask extract
[2023-11-23T22:03:38.556+0000] {task_command.py:416} INFO - Running <TaskInstance: outcomes_dag.extract scheduled__2023-11-16T00:00:00+00:00 [running]> on host 05b2ff981133
[2023-11-23T22:03:44.551+0000] {taskinstance.py:1662} INFO - Exporting env vars: AIRFLOW_CTX_DAG_OWNER='***' AIRFLOW_CTX_DAG_ID='outcomes_dag' AIRFLOW_CTX_TASK_ID='extract' AIRFLOW_CTX_EXECUTION_DATE='2023-11-16T00:00:00+00:00' AIRFLOW_CTX_TRY_NUMBER='1' AIRFLOW_CTX_DAG_RUN_ID='scheduled__2023-11-16T00:00:00+00:00'
[2023-11-23T22:03:46.094+0000] {python.py:194} INFO - Done. Returned value was: None
[2023-11-23T22:03:46.172+0000] {taskinstance.py:1400} INFO - Marking task as SUCCESS. dag_id=outcomes_dag, task_id=extract, execution_date=20231116T000000, start_date=20231123T220338, end_date=20231123T220346
[2023-11-23T22:03:46.987+0000] {local_task_job_runner.py:228} INFO - Task exited with return code 0
[2023-11-23T22:03:47.276+0000] {taskinstance.py:2778} INFO - 0 downstream tasks scheduled from follow-on schedule check
[2023-12-17T15:09:16.341+0000] {taskinstance.py:1159} INFO - Dependencies all met for dep_context=non-requeueable deps ti=<TaskInstance: outcomes_dag.extract scheduled__2023-11-16T00:00:00+00:00 [queued]>
[2023-12-17T15:09:16.353+0000] {taskinstance.py:1159} INFO - Dependencies all met for dep_context=requeueable deps ti=<TaskInstance: outcomes_dag.extract scheduled__2023-11-16T00:00:00+00:00 [queued]>
[2023-12-17T15:09:16.353+0000] {taskinstance.py:1361} INFO - Starting attempt 1 of 1
[2023-12-17T15:09:16.368+0000] {taskinstance.py:1382} INFO - Executing <Task(PythonOperator): extract> on 2023-11-16 00:00:00+00:00
[2023-12-17T15:09:16.375+0000] {standard_task_runner.py:57} INFO - Started process 493 to run task
[2023-12-17T15:09:16.381+0000] {standard_task_runner.py:84} INFO - Running: ['***', 'tasks', 'run', 'outcomes_dag', 'extract', 'scheduled__2023-11-16T00:00:00+00:00', '--job-id', '96', '--raw', '--subdir', 'DAGS_FOLDER/outcomes_dag.py', '--cfg-path', '/tmp/tmphio_ef1x']
[2023-12-17T15:09:16.387+0000] {standard_task_runner.py:85} INFO - Job 96: Subtask extract
[2023-12-17T15:09:16.472+0000] {task_command.py:416} INFO - Running <TaskInstance: outcomes_dag.extract scheduled__2023-11-16T00:00:00+00:00 [running]> on host 7f0547651eb4
[2023-12-17T15:09:16.586+0000] {taskinstance.py:1662} INFO - Exporting env vars: AIRFLOW_CTX_DAG_OWNER='***' AIRFLOW_CTX_DAG_ID='outcomes_dag' AIRFLOW_CTX_TASK_ID='extract' AIRFLOW_CTX_EXECUTION_DATE='2023-11-16T00:00:00+00:00' AIRFLOW_CTX_TRY_NUMBER='1' AIRFLOW_CTX_DAG_RUN_ID='scheduled__2023-11-16T00:00:00+00:00'
[2023-12-17T15:09:20.716+0000] {python.py:194} INFO - Done. Returned value was: None
[2023-12-17T15:09:20.735+0000] {taskinstance.py:1400} INFO - Marking task as SUCCESS. dag_id=outcomes_dag, task_id=extract, execution_date=20231116T000000, start_date=20231217T150916, end_date=20231217T150920
[2023-12-17T15:09:20.769+0000] {local_task_job_runner.py:228} INFO - Task exited with return code 0
[2023-12-17T15:09:20.804+0000] {taskinstance.py:2778} INFO - 1 downstream tasks scheduled from follow-on schedule check
