[2023-12-17T08:17:50.407+0000] {taskinstance.py:1159} INFO - Dependencies all met for dep_context=non-requeueable deps ti=<TaskInstance: outcomes_dag.transform scheduled__2023-11-07T00:00:00+00:00 [queued]>
[2023-12-17T08:17:50.422+0000] {taskinstance.py:1159} INFO - Dependencies all met for dep_context=requeueable deps ti=<TaskInstance: outcomes_dag.transform scheduled__2023-11-07T00:00:00+00:00 [queued]>
[2023-12-17T08:17:50.423+0000] {taskinstance.py:1361} INFO - Starting attempt 1 of 1
[2023-12-17T08:17:50.448+0000] {taskinstance.py:1382} INFO - Executing <Task(PythonOperator): transform> on 2023-11-07 00:00:00+00:00
[2023-12-17T08:17:50.465+0000] {standard_task_runner.py:57} INFO - Started process 309 to run task
[2023-12-17T08:17:50.472+0000] {standard_task_runner.py:84} INFO - Running: ['***', 'tasks', 'run', 'outcomes_dag', 'transform', 'scheduled__2023-11-07T00:00:00+00:00', '--job-id', '42', '--raw', '--subdir', 'DAGS_FOLDER/outcomes_dag.py', '--cfg-path', '/tmp/tmpiwhjr0ag']
[2023-12-17T08:17:50.479+0000] {standard_task_runner.py:85} INFO - Job 42: Subtask transform
[2023-12-17T08:17:50.615+0000] {task_command.py:416} INFO - Running <TaskInstance: outcomes_dag.transform scheduled__2023-11-07T00:00:00+00:00 [running]> on host 0cbaf6db6843
[2023-12-17T08:17:53.934+0000] {taskinstance.py:1662} INFO - Exporting env vars: AIRFLOW_CTX_DAG_OWNER='***' AIRFLOW_CTX_DAG_ID='outcomes_dag' AIRFLOW_CTX_TASK_ID='transform' AIRFLOW_CTX_EXECUTION_DATE='2023-11-07T00:00:00+00:00' AIRFLOW_CTX_TRY_NUMBER='1' AIRFLOW_CTX_DAG_RUN_ID='scheduled__2023-11-07T00:00:00+00:00'
[2023-12-17T15:03:37.115+0000] {taskinstance.py:1159} INFO - Dependencies all met for dep_context=non-requeueable deps ti=<TaskInstance: outcomes_dag.transform scheduled__2023-11-07T00:00:00+00:00 [queued]>
[2023-12-17T15:03:37.124+0000] {taskinstance.py:1159} INFO - Dependencies all met for dep_context=requeueable deps ti=<TaskInstance: outcomes_dag.transform scheduled__2023-11-07T00:00:00+00:00 [queued]>
[2023-12-17T15:03:37.125+0000] {taskinstance.py:1361} INFO - Starting attempt 1 of 1
[2023-12-17T15:03:37.138+0000] {taskinstance.py:1382} INFO - Executing <Task(PythonOperator): transform> on 2023-11-07 00:00:00+00:00
[2023-12-17T15:03:37.144+0000] {standard_task_runner.py:57} INFO - Started process 255 to run task
[2023-12-17T15:03:37.148+0000] {standard_task_runner.py:84} INFO - Running: ['***', 'tasks', 'run', 'outcomes_dag', 'transform', 'scheduled__2023-11-07T00:00:00+00:00', '--job-id', '43', '--raw', '--subdir', 'DAGS_FOLDER/outcomes_dag.py', '--cfg-path', '/tmp/tmpc8cwlypi']
[2023-12-17T15:03:37.152+0000] {standard_task_runner.py:85} INFO - Job 43: Subtask transform
[2023-12-17T15:03:37.205+0000] {task_command.py:416} INFO - Running <TaskInstance: outcomes_dag.transform scheduled__2023-11-07T00:00:00+00:00 [running]> on host 7f0547651eb4
[2023-12-17T15:03:37.291+0000] {taskinstance.py:1662} INFO - Exporting env vars: AIRFLOW_CTX_DAG_OWNER='***' AIRFLOW_CTX_DAG_ID='outcomes_dag' AIRFLOW_CTX_TASK_ID='transform' AIRFLOW_CTX_EXECUTION_DATE='2023-11-07T00:00:00+00:00' AIRFLOW_CTX_TRY_NUMBER='1' AIRFLOW_CTX_DAG_RUN_ID='scheduled__2023-11-07T00:00:00+00:00'
[2023-12-17T15:03:55.588+0000] {python.py:194} INFO - Done. Returned value was: None
[2023-12-17T15:03:55.603+0000] {taskinstance.py:1400} INFO - Marking task as SUCCESS. dag_id=outcomes_dag, task_id=transform, execution_date=20231107T000000, start_date=20231217T150337, end_date=20231217T150355
[2023-12-17T15:03:55.660+0000] {local_task_job_runner.py:228} INFO - Task exited with return code 0
[2023-12-17T15:03:55.687+0000] {taskinstance.py:2778} INFO - 4 downstream tasks scheduled from follow-on schedule check
