[2023-11-26T03:05:14.659+0000] {taskinstance.py:1159} INFO - Dependencies all met for dep_context=non-requeueable deps ti=<TaskInstance: outcomes_dag.load_outcomes_fct scheduled__2023-11-23T00:00:00+00:00 [queued]>
[2023-11-26T03:05:14.709+0000] {taskinstance.py:1159} INFO - Dependencies all met for dep_context=requeueable deps ti=<TaskInstance: outcomes_dag.load_outcomes_fct scheduled__2023-11-23T00:00:00+00:00 [queued]>
[2023-11-26T03:05:14.710+0000] {taskinstance.py:1361} INFO - Starting attempt 1 of 1
[2023-11-26T03:05:14.751+0000] {taskinstance.py:1382} INFO - Executing <Task(PythonOperator): load_outcomes_fct> on 2023-11-23 00:00:00+00:00
[2023-11-26T03:05:14.801+0000] {standard_task_runner.py:57} INFO - Started process 845 to run task
[2023-11-26T03:05:14.817+0000] {standard_task_runner.py:84} INFO - Running: ['***', 'tasks', 'run', 'outcomes_dag', 'load_outcomes_fct', 'scheduled__2023-11-23T00:00:00+00:00', '--job-id', '146', '--raw', '--subdir', 'DAGS_FOLDER/outcomes_dag.py', '--cfg-path', '/tmp/tmpu7acaiih']
[2023-11-26T03:05:14.885+0000] {standard_task_runner.py:85} INFO - Job 146: Subtask load_outcomes_fct
[2023-11-26T03:05:15.192+0000] {task_command.py:416} INFO - Running <TaskInstance: outcomes_dag.load_outcomes_fct scheduled__2023-11-23T00:00:00+00:00 [running]> on host d8c33f99ee50
[2023-11-26T03:05:15.451+0000] {taskinstance.py:1662} INFO - Exporting env vars: AIRFLOW_CTX_DAG_OWNER='***' AIRFLOW_CTX_DAG_ID='outcomes_dag' AIRFLOW_CTX_TASK_ID='load_outcomes_fct' AIRFLOW_CTX_EXECUTION_DATE='2023-11-23T00:00:00+00:00' AIRFLOW_CTX_TRY_NUMBER='1' AIRFLOW_CTX_DAG_RUN_ID='scheduled__2023-11-23T00:00:00+00:00'
[2023-11-26T03:05:15.980+0000] {python.py:194} INFO - Done. Returned value was: None
[2023-11-26T03:05:16.000+0000] {taskinstance.py:1400} INFO - Marking task as SUCCESS. dag_id=outcomes_dag, task_id=load_outcomes_fct, execution_date=20231123T000000, start_date=20231126T030514, end_date=20231126T030515
[2023-11-26T03:05:16.070+0000] {local_task_job_runner.py:228} INFO - Task exited with return code 0
[2023-11-26T03:05:16.094+0000] {taskinstance.py:2778} INFO - 0 downstream tasks scheduled from follow-on schedule check
[2023-12-17T15:13:42.296+0000] {taskinstance.py:1159} INFO - Dependencies all met for dep_context=non-requeueable deps ti=<TaskInstance: outcomes_dag.load_outcomes_fct scheduled__2023-11-23T00:00:00+00:00 [queued]>
[2023-12-17T15:13:42.311+0000] {taskinstance.py:1159} INFO - Dependencies all met for dep_context=requeueable deps ti=<TaskInstance: outcomes_dag.load_outcomes_fct scheduled__2023-11-23T00:00:00+00:00 [queued]>
[2023-12-17T15:13:42.313+0000] {taskinstance.py:1361} INFO - Starting attempt 1 of 1
[2023-12-17T15:13:42.341+0000] {taskinstance.py:1382} INFO - Executing <Task(PythonOperator): load_outcomes_fct> on 2023-11-23 00:00:00+00:00
[2023-12-17T15:13:42.353+0000] {standard_task_runner.py:57} INFO - Started process 695 to run task
[2023-12-17T15:13:42.365+0000] {standard_task_runner.py:84} INFO - Running: ['***', 'tasks', 'run', 'outcomes_dag', 'load_outcomes_fct', 'scheduled__2023-11-23T00:00:00+00:00', '--job-id', '140', '--raw', '--subdir', 'DAGS_FOLDER/outcomes_dag.py', '--cfg-path', '/tmp/tmprptp7h5n']
[2023-12-17T15:13:42.380+0000] {standard_task_runner.py:85} INFO - Job 140: Subtask load_outcomes_fct
[2023-12-17T15:13:42.471+0000] {task_command.py:416} INFO - Running <TaskInstance: outcomes_dag.load_outcomes_fct scheduled__2023-11-23T00:00:00+00:00 [running]> on host 7f0547651eb4
[2023-12-17T15:13:42.593+0000] {taskinstance.py:1662} INFO - Exporting env vars: AIRFLOW_CTX_DAG_OWNER='***' AIRFLOW_CTX_DAG_ID='outcomes_dag' AIRFLOW_CTX_TASK_ID='load_outcomes_fct' AIRFLOW_CTX_EXECUTION_DATE='2023-11-23T00:00:00+00:00' AIRFLOW_CTX_TRY_NUMBER='1' AIRFLOW_CTX_DAG_RUN_ID='scheduled__2023-11-23T00:00:00+00:00'
[2023-12-17T15:13:44.577+0000] {python.py:194} INFO - Done. Returned value was: None
[2023-12-17T15:13:44.590+0000] {taskinstance.py:1400} INFO - Marking task as SUCCESS. dag_id=outcomes_dag, task_id=load_outcomes_fct, execution_date=20231123T000000, start_date=20231217T151342, end_date=20231217T151344
[2023-12-17T15:13:44.645+0000] {local_task_job_runner.py:228} INFO - Task exited with return code 0
[2023-12-17T15:13:44.673+0000] {taskinstance.py:2778} INFO - 0 downstream tasks scheduled from follow-on schedule check
