[2023-11-26T00:23:24.692+0000] {taskinstance.py:1159} INFO - Dependencies all met for dep_context=non-requeueable deps ti=<TaskInstance: outcomes_dag.transform scheduled__2023-11-25T00:00:00+00:00 [queued]>
[2023-11-26T00:23:24.705+0000] {taskinstance.py:1159} INFO - Dependencies all met for dep_context=requeueable deps ti=<TaskInstance: outcomes_dag.transform scheduled__2023-11-25T00:00:00+00:00 [queued]>
[2023-11-26T00:23:24.706+0000] {taskinstance.py:1361} INFO - Starting attempt 1 of 1
[2023-11-26T00:23:24.724+0000] {taskinstance.py:1382} INFO - Executing <Task(PythonOperator): transform> on 2023-11-25 00:00:00+00:00
[2023-11-26T00:23:24.731+0000] {standard_task_runner.py:57} INFO - Started process 207 to run task
[2023-11-26T00:23:24.735+0000] {standard_task_runner.py:84} INFO - Running: ['***', 'tasks', 'run', 'outcomes_dag', 'transform', 'scheduled__2023-11-25T00:00:00+00:00', '--job-id', '38', '--raw', '--subdir', 'DAGS_FOLDER/outcomes_dag.py', '--cfg-path', '/tmp/tmpgry1qht7']
[2023-11-26T00:23:24.739+0000] {standard_task_runner.py:85} INFO - Job 38: Subtask transform
[2023-11-26T00:23:24.833+0000] {task_command.py:416} INFO - Running <TaskInstance: outcomes_dag.transform scheduled__2023-11-25T00:00:00+00:00 [running]> on host decfc1fe5c09
[2023-11-26T00:23:25.388+0000] {taskinstance.py:1662} INFO - Exporting env vars: AIRFLOW_CTX_DAG_OWNER='***' AIRFLOW_CTX_DAG_ID='outcomes_dag' AIRFLOW_CTX_TASK_ID='transform' AIRFLOW_CTX_EXECUTION_DATE='2023-11-25T00:00:00+00:00' AIRFLOW_CTX_TRY_NUMBER='1' AIRFLOW_CTX_DAG_RUN_ID='scheduled__2023-11-25T00:00:00+00:00'
[2023-11-26T00:23:26.412+0000] {python.py:194} INFO - Done. Returned value was: None
[2023-11-26T00:23:26.426+0000] {taskinstance.py:1400} INFO - Marking task as SUCCESS. dag_id=outcomes_dag, task_id=transform, execution_date=20231125T000000, start_date=20231126T002324, end_date=20231126T002326
[2023-11-26T00:23:26.474+0000] {local_task_job_runner.py:228} INFO - Task exited with return code 0
[2023-11-26T00:23:26.516+0000] {taskinstance.py:2778} INFO - 1 downstream tasks scheduled from follow-on schedule check
[2023-11-26T01:54:00.620+0000] {taskinstance.py:1159} INFO - Dependencies all met for dep_context=non-requeueable deps ti=<TaskInstance: outcomes_dag.transform scheduled__2023-11-25T00:00:00+00:00 [queued]>
[2023-11-26T01:54:00.631+0000] {taskinstance.py:1159} INFO - Dependencies all met for dep_context=requeueable deps ti=<TaskInstance: outcomes_dag.transform scheduled__2023-11-25T00:00:00+00:00 [queued]>
[2023-11-26T01:54:00.632+0000] {taskinstance.py:1361} INFO - Starting attempt 1 of 1
[2023-11-26T01:54:00.653+0000] {taskinstance.py:1382} INFO - Executing <Task(PythonOperator): transform> on 2023-11-25 00:00:00+00:00
[2023-11-26T01:54:00.658+0000] {standard_task_runner.py:57} INFO - Started process 228 to run task
[2023-11-26T01:54:00.665+0000] {standard_task_runner.py:84} INFO - Running: ['***', 'tasks', 'run', 'outcomes_dag', 'transform', 'scheduled__2023-11-25T00:00:00+00:00', '--job-id', '36', '--raw', '--subdir', 'DAGS_FOLDER/outcomes_dag.py', '--cfg-path', '/tmp/tmptj_ad3nr']
[2023-11-26T01:54:00.668+0000] {standard_task_runner.py:85} INFO - Job 36: Subtask transform
[2023-11-26T01:54:00.718+0000] {task_command.py:416} INFO - Running <TaskInstance: outcomes_dag.transform scheduled__2023-11-25T00:00:00+00:00 [running]> on host 2011df1a4519
[2023-11-26T01:54:00.806+0000] {taskinstance.py:1662} INFO - Exporting env vars: AIRFLOW_CTX_DAG_OWNER='***' AIRFLOW_CTX_DAG_ID='outcomes_dag' AIRFLOW_CTX_TASK_ID='transform' AIRFLOW_CTX_EXECUTION_DATE='2023-11-25T00:00:00+00:00' AIRFLOW_CTX_TRY_NUMBER='1' AIRFLOW_CTX_DAG_RUN_ID='scheduled__2023-11-25T00:00:00+00:00'
[2023-11-26T01:54:01.559+0000] {python.py:194} INFO - Done. Returned value was: None
[2023-11-26T01:54:01.573+0000] {taskinstance.py:1400} INFO - Marking task as SUCCESS. dag_id=outcomes_dag, task_id=transform, execution_date=20231125T000000, start_date=20231126T015400, end_date=20231126T015401
[2023-11-26T01:54:01.606+0000] {local_task_job_runner.py:228} INFO - Task exited with return code 0
[2023-11-26T01:54:01.628+0000] {taskinstance.py:2778} INFO - 2 downstream tasks scheduled from follow-on schedule check
[2023-11-26T02:45:11.600+0000] {taskinstance.py:1159} INFO - Dependencies all met for dep_context=non-requeueable deps ti=<TaskInstance: outcomes_dag.transform scheduled__2023-11-25T00:00:00+00:00 [queued]>
[2023-11-26T02:45:11.611+0000] {taskinstance.py:1159} INFO - Dependencies all met for dep_context=requeueable deps ti=<TaskInstance: outcomes_dag.transform scheduled__2023-11-25T00:00:00+00:00 [queued]>
[2023-11-26T02:45:11.611+0000] {taskinstance.py:1361} INFO - Starting attempt 1 of 1
[2023-11-26T02:45:11.626+0000] {taskinstance.py:1382} INFO - Executing <Task(PythonOperator): transform> on 2023-11-25 00:00:00+00:00
[2023-11-26T02:45:11.632+0000] {standard_task_runner.py:57} INFO - Started process 276 to run task
[2023-11-26T02:45:11.637+0000] {standard_task_runner.py:84} INFO - Running: ['***', 'tasks', 'run', 'outcomes_dag', 'transform', 'scheduled__2023-11-25T00:00:00+00:00', '--job-id', '54', '--raw', '--subdir', 'DAGS_FOLDER/outcomes_dag.py', '--cfg-path', '/tmp/tmp7b3kyma9']
[2023-11-26T02:45:11.640+0000] {standard_task_runner.py:85} INFO - Job 54: Subtask transform
[2023-11-26T02:45:11.698+0000] {task_command.py:416} INFO - Running <TaskInstance: outcomes_dag.transform scheduled__2023-11-25T00:00:00+00:00 [running]> on host d8c33f99ee50
[2023-11-26T02:45:11.785+0000] {taskinstance.py:1662} INFO - Exporting env vars: AIRFLOW_CTX_DAG_OWNER='***' AIRFLOW_CTX_DAG_ID='outcomes_dag' AIRFLOW_CTX_TASK_ID='transform' AIRFLOW_CTX_EXECUTION_DATE='2023-11-25T00:00:00+00:00' AIRFLOW_CTX_TRY_NUMBER='1' AIRFLOW_CTX_DAG_RUN_ID='scheduled__2023-11-25T00:00:00+00:00'
[2023-11-26T02:45:21.275+0000] {python.py:194} INFO - Done. Returned value was: None
[2023-11-26T02:45:21.288+0000] {taskinstance.py:1400} INFO - Marking task as SUCCESS. dag_id=outcomes_dag, task_id=transform, execution_date=20231125T000000, start_date=20231126T024511, end_date=20231126T024521
[2023-11-26T02:45:21.342+0000] {local_task_job_runner.py:228} INFO - Task exited with return code 0
[2023-11-26T02:45:21.367+0000] {taskinstance.py:2778} INFO - 4 downstream tasks scheduled from follow-on schedule check
[2023-12-17T15:20:18.636+0000] {taskinstance.py:1159} INFO - Dependencies all met for dep_context=non-requeueable deps ti=<TaskInstance: outcomes_dag.transform scheduled__2023-11-25T00:00:00+00:00 [queued]>
[2023-12-17T15:20:18.648+0000] {taskinstance.py:1159} INFO - Dependencies all met for dep_context=requeueable deps ti=<TaskInstance: outcomes_dag.transform scheduled__2023-11-25T00:00:00+00:00 [queued]>
[2023-12-17T15:20:18.649+0000] {taskinstance.py:1361} INFO - Starting attempt 1 of 1
[2023-12-17T15:20:18.667+0000] {taskinstance.py:1382} INFO - Executing <Task(PythonOperator): transform> on 2023-11-25 00:00:00+00:00
[2023-12-17T15:20:18.673+0000] {standard_task_runner.py:57} INFO - Started process 735 to run task
[2023-12-17T15:20:18.677+0000] {standard_task_runner.py:84} INFO - Running: ['***', 'tasks', 'run', 'outcomes_dag', 'transform', 'scheduled__2023-11-25T00:00:00+00:00', '--job-id', '147', '--raw', '--subdir', 'DAGS_FOLDER/outcomes_dag.py', '--cfg-path', '/tmp/tmp2ovq208t']
[2023-12-17T15:20:18.681+0000] {standard_task_runner.py:85} INFO - Job 147: Subtask transform
[2023-12-17T15:20:18.735+0000] {task_command.py:416} INFO - Running <TaskInstance: outcomes_dag.transform scheduled__2023-11-25T00:00:00+00:00 [running]> on host 7f0547651eb4
[2023-12-17T15:20:18.829+0000] {taskinstance.py:1662} INFO - Exporting env vars: AIRFLOW_CTX_DAG_OWNER='***' AIRFLOW_CTX_DAG_ID='outcomes_dag' AIRFLOW_CTX_TASK_ID='transform' AIRFLOW_CTX_EXECUTION_DATE='2023-11-25T00:00:00+00:00' AIRFLOW_CTX_TRY_NUMBER='1' AIRFLOW_CTX_DAG_RUN_ID='scheduled__2023-11-25T00:00:00+00:00'
[2023-12-17T15:20:40.920+0000] {python.py:194} INFO - Done. Returned value was: None
[2023-12-17T15:20:40.932+0000] {taskinstance.py:1400} INFO - Marking task as SUCCESS. dag_id=outcomes_dag, task_id=transform, execution_date=20231125T000000, start_date=20231217T152018, end_date=20231217T152040
[2023-12-17T15:20:40.989+0000] {local_task_job_runner.py:228} INFO - Task exited with return code 0
[2023-12-17T15:20:41.013+0000] {taskinstance.py:2778} INFO - 4 downstream tasks scheduled from follow-on schedule check
