[2023-11-26T02:24:04.073+0000] {taskinstance.py:1159} INFO - Dependencies all met for dep_context=non-requeueable deps ti=<TaskInstance: outcomes_dag.transform scheduled__2023-11-25T00:00:00+00:00 [queued]>
[2023-11-26T02:24:04.089+0000] {taskinstance.py:1159} INFO - Dependencies all met for dep_context=requeueable deps ti=<TaskInstance: outcomes_dag.transform scheduled__2023-11-25T00:00:00+00:00 [queued]>
[2023-11-26T02:24:04.090+0000] {taskinstance.py:1361} INFO - Starting attempt 2 of 2
[2023-11-26T02:24:04.113+0000] {taskinstance.py:1382} INFO - Executing <Task(PythonOperator): transform> on 2023-11-25 00:00:00+00:00
[2023-11-26T02:24:04.137+0000] {standard_task_runner.py:57} INFO - Started process 812 to run task
[2023-11-26T02:24:04.155+0000] {standard_task_runner.py:84} INFO - Running: ['***', 'tasks', 'run', 'outcomes_dag', 'transform', 'scheduled__2023-11-25T00:00:00+00:00', '--job-id', '88', '--raw', '--subdir', 'DAGS_FOLDER/outcomes_dag.py', '--cfg-path', '/tmp/tmpz59pdkku']
[2023-11-26T02:24:04.165+0000] {standard_task_runner.py:85} INFO - Job 88: Subtask transform
[2023-11-26T02:24:04.225+0000] {task_command.py:416} INFO - Running <TaskInstance: outcomes_dag.transform scheduled__2023-11-25T00:00:00+00:00 [running]> on host 2011df1a4519
[2023-11-26T02:24:04.331+0000] {taskinstance.py:1662} INFO - Exporting env vars: AIRFLOW_CTX_DAG_OWNER='***' AIRFLOW_CTX_DAG_ID='outcomes_dag' AIRFLOW_CTX_TASK_ID='transform' AIRFLOW_CTX_EXECUTION_DATE='2023-11-25T00:00:00+00:00' AIRFLOW_CTX_TRY_NUMBER='2' AIRFLOW_CTX_DAG_RUN_ID='scheduled__2023-11-25T00:00:00+00:00'
[2023-11-26T02:24:05.363+0000] {python.py:194} INFO - Done. Returned value was: None
[2023-11-26T02:24:05.430+0000] {taskinstance.py:1400} INFO - Marking task as SUCCESS. dag_id=outcomes_dag, task_id=transform, execution_date=20231125T000000, start_date=20231126T022404, end_date=20231126T022405
[2023-11-26T02:24:05.506+0000] {local_task_job_runner.py:228} INFO - Task exited with return code 0
[2023-11-26T02:24:05.564+0000] {taskinstance.py:2778} INFO - 4 downstream tasks scheduled from follow-on schedule check
[2023-11-26T02:52:04.475+0000] {taskinstance.py:1159} INFO - Dependencies all met for dep_context=non-requeueable deps ti=<TaskInstance: outcomes_dag.transform scheduled__2023-11-25T00:00:00+00:00 [queued]>
[2023-11-26T02:52:04.486+0000] {taskinstance.py:1159} INFO - Dependencies all met for dep_context=requeueable deps ti=<TaskInstance: outcomes_dag.transform scheduled__2023-11-25T00:00:00+00:00 [queued]>
[2023-11-26T02:52:04.487+0000] {taskinstance.py:1361} INFO - Starting attempt 2 of 2
[2023-11-26T02:52:04.512+0000] {taskinstance.py:1382} INFO - Executing <Task(PythonOperator): transform> on 2023-11-25 00:00:00+00:00
[2023-11-26T02:52:04.520+0000] {standard_task_runner.py:57} INFO - Started process 516 to run task
[2023-11-26T02:52:04.524+0000] {standard_task_runner.py:84} INFO - Running: ['***', 'tasks', 'run', 'outcomes_dag', 'transform', 'scheduled__2023-11-25T00:00:00+00:00', '--job-id', '102', '--raw', '--subdir', 'DAGS_FOLDER/outcomes_dag.py', '--cfg-path', '/tmp/tmpfcvlksn7']
[2023-11-26T02:52:04.527+0000] {standard_task_runner.py:85} INFO - Job 102: Subtask transform
[2023-11-26T02:52:04.587+0000] {task_command.py:416} INFO - Running <TaskInstance: outcomes_dag.transform scheduled__2023-11-25T00:00:00+00:00 [running]> on host d8c33f99ee50
[2023-11-26T02:52:04.675+0000] {taskinstance.py:1662} INFO - Exporting env vars: AIRFLOW_CTX_DAG_OWNER='***' AIRFLOW_CTX_DAG_ID='outcomes_dag' AIRFLOW_CTX_TASK_ID='transform' AIRFLOW_CTX_EXECUTION_DATE='2023-11-25T00:00:00+00:00' AIRFLOW_CTX_TRY_NUMBER='2' AIRFLOW_CTX_DAG_RUN_ID='scheduled__2023-11-25T00:00:00+00:00'
[2023-11-26T02:52:14.233+0000] {python.py:194} INFO - Done. Returned value was: None
[2023-11-26T02:52:14.248+0000] {taskinstance.py:1400} INFO - Marking task as SUCCESS. dag_id=outcomes_dag, task_id=transform, execution_date=20231125T000000, start_date=20231126T025204, end_date=20231126T025214
[2023-11-26T02:52:14.274+0000] {local_task_job_runner.py:228} INFO - Task exited with return code 0
[2023-11-26T02:52:14.320+0000] {taskinstance.py:2778} INFO - 4 downstream tasks scheduled from follow-on schedule check
