[2023-11-26T03:04:04.881+0000] {taskinstance.py:1159} INFO - Dependencies all met for dep_context=non-requeueable deps ti=<TaskInstance: outcomes_dag.load_outcomes_fct scheduled__2023-11-20T00:00:00+00:00 [queued]>
[2023-11-26T03:04:04.901+0000] {taskinstance.py:1159} INFO - Dependencies all met for dep_context=requeueable deps ti=<TaskInstance: outcomes_dag.load_outcomes_fct scheduled__2023-11-20T00:00:00+00:00 [queued]>
[2023-11-26T03:04:04.903+0000] {taskinstance.py:1361} INFO - Starting attempt 1 of 1
[2023-11-26T03:04:04.933+0000] {taskinstance.py:1382} INFO - Executing <Task(PythonOperator): load_outcomes_fct> on 2023-11-20 00:00:00+00:00
[2023-11-26T03:04:04.944+0000] {standard_task_runner.py:57} INFO - Started process 777 to run task
[2023-11-26T03:04:04.959+0000] {standard_task_runner.py:84} INFO - Running: ['***', 'tasks', 'run', 'outcomes_dag', 'load_outcomes_fct', 'scheduled__2023-11-20T00:00:00+00:00', '--job-id', '130', '--raw', '--subdir', 'DAGS_FOLDER/outcomes_dag.py', '--cfg-path', '/tmp/tmp0er1oxct']
[2023-11-26T03:04:04.971+0000] {standard_task_runner.py:85} INFO - Job 130: Subtask load_outcomes_fct
[2023-11-26T03:04:05.074+0000] {task_command.py:416} INFO - Running <TaskInstance: outcomes_dag.load_outcomes_fct scheduled__2023-11-20T00:00:00+00:00 [running]> on host d8c33f99ee50
[2023-11-26T03:04:05.217+0000] {taskinstance.py:1662} INFO - Exporting env vars: AIRFLOW_CTX_DAG_OWNER='***' AIRFLOW_CTX_DAG_ID='outcomes_dag' AIRFLOW_CTX_TASK_ID='load_outcomes_fct' AIRFLOW_CTX_EXECUTION_DATE='2023-11-20T00:00:00+00:00' AIRFLOW_CTX_TRY_NUMBER='1' AIRFLOW_CTX_DAG_RUN_ID='scheduled__2023-11-20T00:00:00+00:00'
[2023-11-26T03:04:08.103+0000] {python.py:194} INFO - Done. Returned value was: None
[2023-11-26T03:04:08.114+0000] {taskinstance.py:1400} INFO - Marking task as SUCCESS. dag_id=outcomes_dag, task_id=load_outcomes_fct, execution_date=20231120T000000, start_date=20231126T030404, end_date=20231126T030408
[2023-11-26T03:04:08.162+0000] {local_task_job_runner.py:228} INFO - Task exited with return code 0
[2023-11-26T03:04:08.188+0000] {taskinstance.py:2778} INFO - 0 downstream tasks scheduled from follow-on schedule check
[2023-12-17T15:12:14.555+0000] {taskinstance.py:1159} INFO - Dependencies all met for dep_context=non-requeueable deps ti=<TaskInstance: outcomes_dag.load_outcomes_fct scheduled__2023-11-20T00:00:00+00:00 [queued]>
[2023-12-17T15:12:14.572+0000] {taskinstance.py:1159} INFO - Dependencies all met for dep_context=requeueable deps ti=<TaskInstance: outcomes_dag.load_outcomes_fct scheduled__2023-11-20T00:00:00+00:00 [queued]>
[2023-12-17T15:12:14.572+0000] {taskinstance.py:1361} INFO - Starting attempt 1 of 1
[2023-12-17T15:12:14.595+0000] {taskinstance.py:1382} INFO - Executing <Task(PythonOperator): load_outcomes_fct> on 2023-11-20 00:00:00+00:00
[2023-12-17T15:12:14.603+0000] {standard_task_runner.py:57} INFO - Started process 617 to run task
[2023-12-17T15:12:14.615+0000] {standard_task_runner.py:84} INFO - Running: ['***', 'tasks', 'run', 'outcomes_dag', 'load_outcomes_fct', 'scheduled__2023-11-20T00:00:00+00:00', '--job-id', '123', '--raw', '--subdir', 'DAGS_FOLDER/outcomes_dag.py', '--cfg-path', '/tmp/tmpkq1qdakq']
[2023-12-17T15:12:14.623+0000] {standard_task_runner.py:85} INFO - Job 123: Subtask load_outcomes_fct
[2023-12-17T15:12:14.720+0000] {task_command.py:416} INFO - Running <TaskInstance: outcomes_dag.load_outcomes_fct scheduled__2023-11-20T00:00:00+00:00 [running]> on host 7f0547651eb4
[2023-12-17T15:12:14.871+0000] {taskinstance.py:1662} INFO - Exporting env vars: AIRFLOW_CTX_DAG_OWNER='***' AIRFLOW_CTX_DAG_ID='outcomes_dag' AIRFLOW_CTX_TASK_ID='load_outcomes_fct' AIRFLOW_CTX_EXECUTION_DATE='2023-11-20T00:00:00+00:00' AIRFLOW_CTX_TRY_NUMBER='1' AIRFLOW_CTX_DAG_RUN_ID='scheduled__2023-11-20T00:00:00+00:00'
[2023-12-17T15:12:19.408+0000] {python.py:194} INFO - Done. Returned value was: None
[2023-12-17T15:12:19.423+0000] {taskinstance.py:1400} INFO - Marking task as SUCCESS. dag_id=outcomes_dag, task_id=load_outcomes_fct, execution_date=20231120T000000, start_date=20231217T151214, end_date=20231217T151219
[2023-12-17T15:12:19.473+0000] {local_task_job_runner.py:228} INFO - Task exited with return code 0
[2023-12-17T15:12:19.491+0000] {taskinstance.py:2778} INFO - 0 downstream tasks scheduled from follow-on schedule check
