[2023-12-17T08:15:18.304+0000] {taskinstance.py:1159} INFO - Dependencies all met for dep_context=non-requeueable deps ti=<TaskInstance: outcomes_dag.load_dates_dim scheduled__2023-11-02T00:00:00+00:00 [queued]>
[2023-12-17T08:15:18.323+0000] {taskinstance.py:1159} INFO - Dependencies all met for dep_context=requeueable deps ti=<TaskInstance: outcomes_dag.load_dates_dim scheduled__2023-11-02T00:00:00+00:00 [queued]>
[2023-12-17T08:15:18.324+0000] {taskinstance.py:1361} INFO - Starting attempt 1 of 1
[2023-12-17T08:15:18.364+0000] {taskinstance.py:1382} INFO - Executing <Task(PythonOperator): load_dates_dim> on 2023-11-02 00:00:00+00:00
[2023-12-17T08:15:18.384+0000] {standard_task_runner.py:57} INFO - Started process 201 to run task
[2023-12-17T08:15:18.398+0000] {standard_task_runner.py:84} INFO - Running: ['***', 'tasks', 'run', 'outcomes_dag', 'load_dates_dim', 'scheduled__2023-11-02T00:00:00+00:00', '--job-id', '18', '--raw', '--subdir', 'DAGS_FOLDER/outcomes_dag.py', '--cfg-path', '/tmp/tmpl6qo66qr']
[2023-12-17T08:15:18.422+0000] {standard_task_runner.py:85} INFO - Job 18: Subtask load_dates_dim
[2023-12-17T08:15:18.559+0000] {task_command.py:416} INFO - Running <TaskInstance: outcomes_dag.load_dates_dim scheduled__2023-11-02T00:00:00+00:00 [running]> on host 0cbaf6db6843
[2023-12-17T08:15:18.746+0000] {taskinstance.py:1662} INFO - Exporting env vars: AIRFLOW_CTX_DAG_OWNER='***' AIRFLOW_CTX_DAG_ID='outcomes_dag' AIRFLOW_CTX_TASK_ID='load_dates_dim' AIRFLOW_CTX_EXECUTION_DATE='2023-11-02T00:00:00+00:00' AIRFLOW_CTX_TRY_NUMBER='1' AIRFLOW_CTX_DAG_RUN_ID='scheduled__2023-11-02T00:00:00+00:00'
[2023-12-17T08:15:23.516+0000] {python.py:194} INFO - Done. Returned value was: None
[2023-12-17T08:15:23.563+0000] {taskinstance.py:1400} INFO - Marking task as SUCCESS. dag_id=outcomes_dag, task_id=load_dates_dim, execution_date=20231102T000000, start_date=20231217T081518, end_date=20231217T081523
[2023-12-17T08:15:23.626+0000] {local_task_job_runner.py:228} INFO - Task exited with return code 0
[2023-12-17T08:15:23.650+0000] {taskinstance.py:2778} INFO - 0 downstream tasks scheduled from follow-on schedule check
[2023-12-17T15:00:51.900+0000] {taskinstance.py:1159} INFO - Dependencies all met for dep_context=non-requeueable deps ti=<TaskInstance: outcomes_dag.load_dates_dim scheduled__2023-11-02T00:00:00+00:00 [queued]>
[2023-12-17T15:00:51.976+0000] {taskinstance.py:1159} INFO - Dependencies all met for dep_context=requeueable deps ti=<TaskInstance: outcomes_dag.load_dates_dim scheduled__2023-11-02T00:00:00+00:00 [queued]>
[2023-12-17T15:00:51.980+0000] {taskinstance.py:1361} INFO - Starting attempt 1 of 1
[2023-12-17T15:00:52.047+0000] {taskinstance.py:1382} INFO - Executing <Task(PythonOperator): load_dates_dim> on 2023-11-02 00:00:00+00:00
[2023-12-17T15:00:52.071+0000] {standard_task_runner.py:57} INFO - Started process 156 to run task
[2023-12-17T15:00:52.100+0000] {standard_task_runner.py:84} INFO - Running: ['***', 'tasks', 'run', 'outcomes_dag', 'load_dates_dim', 'scheduled__2023-11-02T00:00:00+00:00', '--job-id', '20', '--raw', '--subdir', 'DAGS_FOLDER/outcomes_dag.py', '--cfg-path', '/tmp/tmpzu_zx9sx']
[2023-12-17T15:00:52.110+0000] {standard_task_runner.py:85} INFO - Job 20: Subtask load_dates_dim
[2023-12-17T15:00:52.513+0000] {task_command.py:416} INFO - Running <TaskInstance: outcomes_dag.load_dates_dim scheduled__2023-11-02T00:00:00+00:00 [running]> on host 7f0547651eb4
[2023-12-17T15:00:52.886+0000] {taskinstance.py:1662} INFO - Exporting env vars: AIRFLOW_CTX_DAG_OWNER='***' AIRFLOW_CTX_DAG_ID='outcomes_dag' AIRFLOW_CTX_TASK_ID='load_dates_dim' AIRFLOW_CTX_EXECUTION_DATE='2023-11-02T00:00:00+00:00' AIRFLOW_CTX_TRY_NUMBER='1' AIRFLOW_CTX_DAG_RUN_ID='scheduled__2023-11-02T00:00:00+00:00'
[2023-12-17T15:00:57.725+0000] {python.py:194} INFO - Done. Returned value was: None
[2023-12-17T15:00:57.747+0000] {taskinstance.py:1400} INFO - Marking task as SUCCESS. dag_id=outcomes_dag, task_id=load_dates_dim, execution_date=20231102T000000, start_date=20231217T150051, end_date=20231217T150057
[2023-12-17T15:00:57.797+0000] {local_task_job_runner.py:228} INFO - Task exited with return code 0
[2023-12-17T15:00:57.820+0000] {taskinstance.py:2778} INFO - 0 downstream tasks scheduled from follow-on schedule check
