[2023-11-26T02:22:58.368+0000] {taskinstance.py:1159} INFO - Dependencies all met for dep_context=non-requeueable deps ti=<TaskInstance: outcomes_dag.load_dim_dates scheduled__2023-11-20T00:00:00+00:00 [queued]>
[2023-11-26T02:22:58.400+0000] {taskinstance.py:1159} INFO - Dependencies all met for dep_context=requeueable deps ti=<TaskInstance: outcomes_dag.load_dim_dates scheduled__2023-11-20T00:00:00+00:00 [queued]>
[2023-11-26T02:22:58.403+0000] {taskinstance.py:1361} INFO - Starting attempt 2 of 2
[2023-11-26T02:22:58.439+0000] {taskinstance.py:1382} INFO - Executing <Task(PythonOperator): load_dim_dates> on 2023-11-20 00:00:00+00:00
[2023-11-26T02:22:58.448+0000] {standard_task_runner.py:57} INFO - Started process 716 to run task
[2023-11-26T02:22:58.457+0000] {standard_task_runner.py:84} INFO - Running: ['***', 'tasks', 'run', 'outcomes_dag', 'load_dim_dates', 'scheduled__2023-11-20T00:00:00+00:00', '--job-id', '59', '--raw', '--subdir', 'DAGS_FOLDER/outcomes_dag.py', '--cfg-path', '/tmp/tmpnq89oj8c']
[2023-11-26T02:22:58.465+0000] {standard_task_runner.py:85} INFO - Job 59: Subtask load_dim_dates
[2023-11-26T02:22:58.590+0000] {task_command.py:416} INFO - Running <TaskInstance: outcomes_dag.load_dim_dates scheduled__2023-11-20T00:00:00+00:00 [running]> on host 2011df1a4519
[2023-11-26T02:22:58.819+0000] {taskinstance.py:1662} INFO - Exporting env vars: AIRFLOW_CTX_DAG_OWNER='***' AIRFLOW_CTX_DAG_ID='outcomes_dag' AIRFLOW_CTX_TASK_ID='load_dim_dates' AIRFLOW_CTX_EXECUTION_DATE='2023-11-20T00:00:00+00:00' AIRFLOW_CTX_TRY_NUMBER='2' AIRFLOW_CTX_DAG_RUN_ID='scheduled__2023-11-20T00:00:00+00:00'
[2023-11-26T02:23:01.644+0000] {python.py:194} INFO - Done. Returned value was: None
[2023-11-26T02:23:01.657+0000] {taskinstance.py:1400} INFO - Marking task as SUCCESS. dag_id=outcomes_dag, task_id=load_dim_dates, execution_date=20231120T000000, start_date=20231126T022258, end_date=20231126T022301
[2023-11-26T02:23:01.709+0000] {local_task_job_runner.py:228} INFO - Task exited with return code 0
[2023-11-26T02:23:01.739+0000] {taskinstance.py:2778} INFO - 0 downstream tasks scheduled from follow-on schedule check
[2023-11-26T02:50:12.475+0000] {taskinstance.py:1159} INFO - Dependencies all met for dep_context=non-requeueable deps ti=<TaskInstance: outcomes_dag.load_dim_dates scheduled__2023-11-20T00:00:00+00:00 [queued]>
[2023-11-26T02:50:12.498+0000] {taskinstance.py:1159} INFO - Dependencies all met for dep_context=requeueable deps ti=<TaskInstance: outcomes_dag.load_dim_dates scheduled__2023-11-20T00:00:00+00:00 [queued]>
[2023-11-26T02:50:12.499+0000] {taskinstance.py:1361} INFO - Starting attempt 2 of 2
[2023-11-26T02:50:12.538+0000] {taskinstance.py:1382} INFO - Executing <Task(PythonOperator): load_dim_dates> on 2023-11-20 00:00:00+00:00
[2023-11-26T02:50:12.595+0000] {standard_task_runner.py:57} INFO - Started process 412 to run task
[2023-11-26T02:50:12.610+0000] {standard_task_runner.py:84} INFO - Running: ['***', 'tasks', 'run', 'outcomes_dag', 'load_dim_dates', 'scheduled__2023-11-20T00:00:00+00:00', '--job-id', '75', '--raw', '--subdir', 'DAGS_FOLDER/outcomes_dag.py', '--cfg-path', '/tmp/tmpzyf54jdk']
[2023-11-26T02:50:12.619+0000] {standard_task_runner.py:85} INFO - Job 75: Subtask load_dim_dates
[2023-11-26T02:50:12.733+0000] {task_command.py:416} INFO - Running <TaskInstance: outcomes_dag.load_dim_dates scheduled__2023-11-20T00:00:00+00:00 [running]> on host d8c33f99ee50
[2023-11-26T02:50:13.050+0000] {taskinstance.py:1662} INFO - Exporting env vars: AIRFLOW_CTX_DAG_OWNER='***' AIRFLOW_CTX_DAG_ID='outcomes_dag' AIRFLOW_CTX_TASK_ID='load_dim_dates' AIRFLOW_CTX_EXECUTION_DATE='2023-11-20T00:00:00+00:00' AIRFLOW_CTX_TRY_NUMBER='2' AIRFLOW_CTX_DAG_RUN_ID='scheduled__2023-11-20T00:00:00+00:00'
[2023-11-26T02:50:16.120+0000] {python.py:194} INFO - Done. Returned value was: None
[2023-11-26T02:50:16.133+0000] {taskinstance.py:1400} INFO - Marking task as SUCCESS. dag_id=outcomes_dag, task_id=load_dim_dates, execution_date=20231120T000000, start_date=20231126T025012, end_date=20231126T025016
[2023-11-26T02:50:16.173+0000] {local_task_job_runner.py:228} INFO - Task exited with return code 0
[2023-11-26T02:50:16.198+0000] {taskinstance.py:2778} INFO - 0 downstream tasks scheduled from follow-on schedule check
