[2023-11-23T21:57:46.513+0000] {taskinstance.py:1159} INFO - Dependencies all met for dep_context=non-requeueable deps ti=<TaskInstance: outcomes_dag.extract scheduled__2023-11-12T00:00:00+00:00 [queued]>
[2023-11-23T21:57:47.626+0000] {taskinstance.py:1159} INFO - Dependencies all met for dep_context=requeueable deps ti=<TaskInstance: outcomes_dag.extract scheduled__2023-11-12T00:00:00+00:00 [queued]>
[2023-11-23T21:57:47.680+0000] {taskinstance.py:1361} INFO - Starting attempt 1 of 1
[2023-11-23T21:57:48.494+0000] {taskinstance.py:1382} INFO - Executing <Task(PythonOperator): extract> on 2023-11-12 00:00:00+00:00
[2023-11-23T21:57:48.699+0000] {standard_task_runner.py:57} INFO - Started process 126 to run task
[2023-11-23T21:57:48.726+0000] {standard_task_runner.py:84} INFO - Running: ['***', 'tasks', 'run', 'outcomes_dag', 'extract', 'scheduled__2023-11-12T00:00:00+00:00', '--job-id', '4', '--raw', '--subdir', 'DAGS_FOLDER/outcomes_dag.py', '--cfg-path', '/tmp/tmpyw6x41pq']
[2023-11-23T21:57:48.757+0000] {standard_task_runner.py:85} INFO - Job 4: Subtask extract
[2023-11-23T21:57:51.830+0000] {task_command.py:416} INFO - Running <TaskInstance: outcomes_dag.extract scheduled__2023-11-12T00:00:00+00:00 [running]> on host 05b2ff981133
[2023-11-23T21:59:56.075+0000] {taskinstance.py:1662} INFO - Exporting env vars: AIRFLOW_CTX_DAG_OWNER='***' AIRFLOW_CTX_DAG_ID='outcomes_dag' AIRFLOW_CTX_TASK_ID='extract' AIRFLOW_CTX_EXECUTION_DATE='2023-11-12T00:00:00+00:00' AIRFLOW_CTX_TRY_NUMBER='1' AIRFLOW_CTX_DAG_RUN_ID='scheduled__2023-11-12T00:00:00+00:00'
[2023-11-23T22:01:00.376+0000] {python.py:194} INFO - Done. Returned value was: None
[2023-11-23T22:01:03.739+0000] {taskinstance.py:1400} INFO - Marking task as SUCCESS. dag_id=outcomes_dag, task_id=extract, execution_date=20231112T000000, start_date=20231123T215746, end_date=20231123T220103
[2023-11-23T22:01:05.759+0000] {local_task_job_runner.py:228} INFO - Task exited with return code 0
[2023-11-23T22:01:18.474+0000] {taskinstance.py:2778} INFO - 0 downstream tasks scheduled from follow-on schedule check
[2023-12-17T15:06:36.005+0000] {taskinstance.py:1159} INFO - Dependencies all met for dep_context=non-requeueable deps ti=<TaskInstance: outcomes_dag.extract scheduled__2023-11-12T00:00:00+00:00 [queued]>
[2023-12-17T15:06:36.016+0000] {taskinstance.py:1159} INFO - Dependencies all met for dep_context=requeueable deps ti=<TaskInstance: outcomes_dag.extract scheduled__2023-11-12T00:00:00+00:00 [queued]>
[2023-12-17T15:06:36.017+0000] {taskinstance.py:1361} INFO - Starting attempt 1 of 1
[2023-12-17T15:06:36.033+0000] {taskinstance.py:1382} INFO - Executing <Task(PythonOperator): extract> on 2023-11-12 00:00:00+00:00
[2023-12-17T15:06:36.040+0000] {standard_task_runner.py:57} INFO - Started process 381 to run task
[2023-12-17T15:06:36.044+0000] {standard_task_runner.py:84} INFO - Running: ['***', 'tasks', 'run', 'outcomes_dag', 'extract', 'scheduled__2023-11-12T00:00:00+00:00', '--job-id', '72', '--raw', '--subdir', 'DAGS_FOLDER/outcomes_dag.py', '--cfg-path', '/tmp/tmp4amy8swm']
[2023-12-17T15:06:36.049+0000] {standard_task_runner.py:85} INFO - Job 72: Subtask extract
[2023-12-17T15:06:36.114+0000] {task_command.py:416} INFO - Running <TaskInstance: outcomes_dag.extract scheduled__2023-11-12T00:00:00+00:00 [running]> on host 7f0547651eb4
[2023-12-17T15:06:36.643+0000] {taskinstance.py:1662} INFO - Exporting env vars: AIRFLOW_CTX_DAG_OWNER='***' AIRFLOW_CTX_DAG_ID='outcomes_dag' AIRFLOW_CTX_TASK_ID='extract' AIRFLOW_CTX_EXECUTION_DATE='2023-11-12T00:00:00+00:00' AIRFLOW_CTX_TRY_NUMBER='1' AIRFLOW_CTX_DAG_RUN_ID='scheduled__2023-11-12T00:00:00+00:00'
[2023-12-17T15:06:39.983+0000] {python.py:194} INFO - Done. Returned value was: None
[2023-12-17T15:06:40.001+0000] {taskinstance.py:1400} INFO - Marking task as SUCCESS. dag_id=outcomes_dag, task_id=extract, execution_date=20231112T000000, start_date=20231217T150636, end_date=20231217T150640
[2023-12-17T15:06:40.068+0000] {local_task_job_runner.py:228} INFO - Task exited with return code 0
[2023-12-17T15:06:40.111+0000] {taskinstance.py:2778} INFO - 1 downstream tasks scheduled from follow-on schedule check
