[2023-11-26T02:22:29.597+0000] {taskinstance.py:1159} INFO - Dependencies all met for dep_context=non-requeueable deps ti=<TaskInstance: outcomes_dag.load_fct_outcomes scheduled__2023-11-18T00:00:00+00:00 [queued]>
[2023-11-26T02:22:29.614+0000] {taskinstance.py:1159} INFO - Dependencies all met for dep_context=requeueable deps ti=<TaskInstance: outcomes_dag.load_fct_outcomes scheduled__2023-11-18T00:00:00+00:00 [queued]>
[2023-11-26T02:22:29.614+0000] {taskinstance.py:1361} INFO - Starting attempt 2 of 2
[2023-11-26T02:22:29.632+0000] {taskinstance.py:1382} INFO - Executing <Task(PythonOperator): load_fct_outcomes> on 2023-11-18 00:00:00+00:00
[2023-11-26T02:22:29.641+0000] {standard_task_runner.py:57} INFO - Started process 683 to run task
[2023-11-26T02:22:29.647+0000] {standard_task_runner.py:84} INFO - Running: ['***', 'tasks', 'run', 'outcomes_dag', 'load_fct_outcomes', 'scheduled__2023-11-18T00:00:00+00:00', '--job-id', '50', '--raw', '--subdir', 'DAGS_FOLDER/outcomes_dag.py', '--cfg-path', '/tmp/tmpwdjz6cr3']
[2023-11-26T02:22:29.652+0000] {standard_task_runner.py:85} INFO - Job 50: Subtask load_fct_outcomes
[2023-11-26T02:22:29.722+0000] {task_command.py:416} INFO - Running <TaskInstance: outcomes_dag.load_fct_outcomes scheduled__2023-11-18T00:00:00+00:00 [running]> on host 2011df1a4519
[2023-11-26T02:22:29.837+0000] {taskinstance.py:1662} INFO - Exporting env vars: AIRFLOW_CTX_DAG_OWNER='***' AIRFLOW_CTX_DAG_ID='outcomes_dag' AIRFLOW_CTX_TASK_ID='load_fct_outcomes' AIRFLOW_CTX_EXECUTION_DATE='2023-11-18T00:00:00+00:00' AIRFLOW_CTX_TRY_NUMBER='2' AIRFLOW_CTX_DAG_RUN_ID='scheduled__2023-11-18T00:00:00+00:00'
[2023-11-26T02:22:33.363+0000] {python.py:194} INFO - Done. Returned value was: None
[2023-11-26T02:22:33.377+0000] {taskinstance.py:1400} INFO - Marking task as SUCCESS. dag_id=outcomes_dag, task_id=load_fct_outcomes, execution_date=20231118T000000, start_date=20231126T022229, end_date=20231126T022233
[2023-11-26T02:22:33.411+0000] {local_task_job_runner.py:228} INFO - Task exited with return code 0
[2023-11-26T02:22:33.431+0000] {taskinstance.py:2778} INFO - 0 downstream tasks scheduled from follow-on schedule check
[2023-11-26T02:49:20.508+0000] {taskinstance.py:1159} INFO - Dependencies all met for dep_context=non-requeueable deps ti=<TaskInstance: outcomes_dag.load_fct_outcomes scheduled__2023-11-18T00:00:00+00:00 [queued]>
[2023-11-26T02:49:20.522+0000] {taskinstance.py:1159} INFO - Dependencies all met for dep_context=requeueable deps ti=<TaskInstance: outcomes_dag.load_fct_outcomes scheduled__2023-11-18T00:00:00+00:00 [queued]>
[2023-11-26T02:49:20.524+0000] {taskinstance.py:1361} INFO - Starting attempt 2 of 2
[2023-11-26T02:49:20.555+0000] {taskinstance.py:1382} INFO - Executing <Task(PythonOperator): load_fct_outcomes> on 2023-11-18 00:00:00+00:00
[2023-11-26T02:49:20.566+0000] {standard_task_runner.py:57} INFO - Started process 361 to run task
[2023-11-26T02:49:20.571+0000] {standard_task_runner.py:84} INFO - Running: ['***', 'tasks', 'run', 'outcomes_dag', 'load_fct_outcomes', 'scheduled__2023-11-18T00:00:00+00:00', '--job-id', '63', '--raw', '--subdir', 'DAGS_FOLDER/outcomes_dag.py', '--cfg-path', '/tmp/tmpn4i2hadz']
[2023-11-26T02:49:20.584+0000] {standard_task_runner.py:85} INFO - Job 63: Subtask load_fct_outcomes
[2023-11-26T02:49:20.667+0000] {task_command.py:416} INFO - Running <TaskInstance: outcomes_dag.load_fct_outcomes scheduled__2023-11-18T00:00:00+00:00 [running]> on host d8c33f99ee50
[2023-11-26T02:49:20.800+0000] {taskinstance.py:1662} INFO - Exporting env vars: AIRFLOW_CTX_DAG_OWNER='***' AIRFLOW_CTX_DAG_ID='outcomes_dag' AIRFLOW_CTX_TASK_ID='load_fct_outcomes' AIRFLOW_CTX_EXECUTION_DATE='2023-11-18T00:00:00+00:00' AIRFLOW_CTX_TRY_NUMBER='2' AIRFLOW_CTX_DAG_RUN_ID='scheduled__2023-11-18T00:00:00+00:00'
[2023-11-26T02:49:26.479+0000] {python.py:194} INFO - Done. Returned value was: None
[2023-11-26T02:49:26.491+0000] {taskinstance.py:1400} INFO - Marking task as SUCCESS. dag_id=outcomes_dag, task_id=load_fct_outcomes, execution_date=20231118T000000, start_date=20231126T024920, end_date=20231126T024926
[2023-11-26T02:49:26.544+0000] {local_task_job_runner.py:228} INFO - Task exited with return code 0
[2023-11-26T02:49:26.570+0000] {taskinstance.py:2778} INFO - 0 downstream tasks scheduled from follow-on schedule check
