[2023-12-17T08:16:53.520+0000] {taskinstance.py:1159} INFO - Dependencies all met for dep_context=non-requeueable deps ti=<TaskInstance: outcomes_dag.load_outcome_types_dim scheduled__2023-11-05T00:00:00+00:00 [queued]>
[2023-12-17T08:16:53.540+0000] {taskinstance.py:1159} INFO - Dependencies all met for dep_context=requeueable deps ti=<TaskInstance: outcomes_dag.load_outcome_types_dim scheduled__2023-11-05T00:00:00+00:00 [queued]>
[2023-12-17T08:16:53.543+0000] {taskinstance.py:1361} INFO - Starting attempt 1 of 1
[2023-12-17T08:16:53.587+0000] {taskinstance.py:1382} INFO - Executing <Task(PythonOperator): load_outcome_types_dim> on 2023-11-05 00:00:00+00:00
[2023-12-17T08:16:53.605+0000] {standard_task_runner.py:57} INFO - Started process 266 to run task
[2023-12-17T08:16:53.624+0000] {standard_task_runner.py:84} INFO - Running: ['***', 'tasks', 'run', 'outcomes_dag', 'load_outcome_types_dim', 'scheduled__2023-11-05T00:00:00+00:00', '--job-id', '31', '--raw', '--subdir', 'DAGS_FOLDER/outcomes_dag.py', '--cfg-path', '/tmp/tmpbmw920zp']
[2023-12-17T08:16:53.642+0000] {standard_task_runner.py:85} INFO - Job 31: Subtask load_outcome_types_dim
[2023-12-17T08:16:53.878+0000] {task_command.py:416} INFO - Running <TaskInstance: outcomes_dag.load_outcome_types_dim scheduled__2023-11-05T00:00:00+00:00 [running]> on host 0cbaf6db6843
[2023-12-17T08:16:54.339+0000] {taskinstance.py:1662} INFO - Exporting env vars: AIRFLOW_CTX_DAG_OWNER='***' AIRFLOW_CTX_DAG_ID='outcomes_dag' AIRFLOW_CTX_TASK_ID='load_outcome_types_dim' AIRFLOW_CTX_EXECUTION_DATE='2023-11-05T00:00:00+00:00' AIRFLOW_CTX_TRY_NUMBER='1' AIRFLOW_CTX_DAG_RUN_ID='scheduled__2023-11-05T00:00:00+00:00'
[2023-12-17T08:16:56.929+0000] {python.py:194} INFO - Done. Returned value was: None
[2023-12-17T08:16:56.942+0000] {taskinstance.py:1400} INFO - Marking task as SUCCESS. dag_id=outcomes_dag, task_id=load_outcome_types_dim, execution_date=20231105T000000, start_date=20231217T081653, end_date=20231217T081656
[2023-12-17T08:16:57.004+0000] {local_task_job_runner.py:228} INFO - Task exited with return code 0
[2023-12-17T08:16:57.024+0000] {taskinstance.py:2778} INFO - 0 downstream tasks scheduled from follow-on schedule check
[2023-12-17T15:02:37.585+0000] {taskinstance.py:1159} INFO - Dependencies all met for dep_context=non-requeueable deps ti=<TaskInstance: outcomes_dag.load_outcome_types_dim scheduled__2023-11-05T00:00:00+00:00 [queued]>
[2023-12-17T15:02:37.665+0000] {taskinstance.py:1159} INFO - Dependencies all met for dep_context=requeueable deps ti=<TaskInstance: outcomes_dag.load_outcome_types_dim scheduled__2023-11-05T00:00:00+00:00 [queued]>
[2023-12-17T15:02:37.667+0000] {taskinstance.py:1361} INFO - Starting attempt 1 of 1
[2023-12-17T15:02:37.728+0000] {taskinstance.py:1382} INFO - Executing <Task(PythonOperator): load_outcome_types_dim> on 2023-11-05 00:00:00+00:00
[2023-12-17T15:02:37.775+0000] {standard_task_runner.py:57} INFO - Started process 222 to run task
[2023-12-17T15:02:37.812+0000] {standard_task_runner.py:84} INFO - Running: ['***', 'tasks', 'run', 'outcomes_dag', 'load_outcome_types_dim', 'scheduled__2023-11-05T00:00:00+00:00', '--job-id', '35', '--raw', '--subdir', 'DAGS_FOLDER/outcomes_dag.py', '--cfg-path', '/tmp/tmp1g7r6tn8']
[2023-12-17T15:02:38.159+0000] {standard_task_runner.py:85} INFO - Job 35: Subtask load_outcome_types_dim
[2023-12-17T15:02:38.889+0000] {task_command.py:416} INFO - Running <TaskInstance: outcomes_dag.load_outcome_types_dim scheduled__2023-11-05T00:00:00+00:00 [running]> on host 7f0547651eb4
[2023-12-17T15:02:39.237+0000] {taskinstance.py:1662} INFO - Exporting env vars: AIRFLOW_CTX_DAG_OWNER='***' AIRFLOW_CTX_DAG_ID='outcomes_dag' AIRFLOW_CTX_TASK_ID='load_outcome_types_dim' AIRFLOW_CTX_EXECUTION_DATE='2023-11-05T00:00:00+00:00' AIRFLOW_CTX_TRY_NUMBER='1' AIRFLOW_CTX_DAG_RUN_ID='scheduled__2023-11-05T00:00:00+00:00'
[2023-12-17T15:02:42.364+0000] {python.py:194} INFO - Done. Returned value was: None
[2023-12-17T15:02:42.583+0000] {taskinstance.py:1400} INFO - Marking task as SUCCESS. dag_id=outcomes_dag, task_id=load_outcome_types_dim, execution_date=20231105T000000, start_date=20231217T150237, end_date=20231217T150242
[2023-12-17T15:02:42.739+0000] {local_task_job_runner.py:228} INFO - Task exited with return code 0
[2023-12-17T15:02:42.808+0000] {taskinstance.py:2778} INFO - 0 downstream tasks scheduled from follow-on schedule check
