[2023-11-25T01:44:12.339+0000] {taskinstance.py:1159} INFO - Dependencies all met for dep_context=non-requeueable deps ti=<TaskInstance: outcomes_dag.extract scheduled__2023-11-23T00:00:00+00:00 [queued]>
[2023-11-25T01:44:12.356+0000] {taskinstance.py:1159} INFO - Dependencies all met for dep_context=requeueable deps ti=<TaskInstance: outcomes_dag.extract scheduled__2023-11-23T00:00:00+00:00 [queued]>
[2023-11-25T01:44:12.358+0000] {taskinstance.py:1361} INFO - Starting attempt 3 of 3
[2023-11-25T01:44:12.389+0000] {taskinstance.py:1382} INFO - Executing <Task(PythonOperator): extract> on 2023-11-23 00:00:00+00:00
[2023-11-25T01:44:12.399+0000] {standard_task_runner.py:57} INFO - Started process 967 to run task
[2023-11-25T01:44:12.414+0000] {standard_task_runner.py:84} INFO - Running: ['***', 'tasks', 'run', 'outcomes_dag', 'extract', 'scheduled__2023-11-23T00:00:00+00:00', '--job-id', '24', '--raw', '--subdir', 'DAGS_FOLDER/outcomes_dag.py', '--cfg-path', '/tmp/tmpbk9n71l6']
[2023-11-25T01:44:12.436+0000] {standard_task_runner.py:85} INFO - Job 24: Subtask extract
[2023-11-25T01:44:12.539+0000] {task_command.py:416} INFO - Running <TaskInstance: outcomes_dag.extract scheduled__2023-11-23T00:00:00+00:00 [running]> on host 8e76b4343da0
[2023-11-25T01:44:12.684+0000] {taskinstance.py:1662} INFO - Exporting env vars: AIRFLOW_CTX_DAG_OWNER='***' AIRFLOW_CTX_DAG_ID='outcomes_dag' AIRFLOW_CTX_TASK_ID='extract' AIRFLOW_CTX_EXECUTION_DATE='2023-11-23T00:00:00+00:00' AIRFLOW_CTX_TRY_NUMBER='3' AIRFLOW_CTX_DAG_RUN_ID='scheduled__2023-11-23T00:00:00+00:00'
[2023-11-25T01:44:13.594+0000] {python.py:194} INFO - Done. Returned value was: None
[2023-11-25T01:44:13.620+0000] {taskinstance.py:1400} INFO - Marking task as SUCCESS. dag_id=outcomes_dag, task_id=extract, execution_date=20231123T000000, start_date=20231125T014412, end_date=20231125T014413
[2023-11-25T01:44:13.683+0000] {local_task_job_runner.py:228} INFO - Task exited with return code 0
[2023-11-25T01:44:13.712+0000] {taskinstance.py:2778} INFO - 0 downstream tasks scheduled from follow-on schedule check
[2023-11-25T20:53:02.736+0000] {taskinstance.py:1159} INFO - Dependencies all met for dep_context=non-requeueable deps ti=<TaskInstance: outcomes_dag.extract scheduled__2023-11-23T00:00:00+00:00 [queued]>
[2023-11-25T20:53:02.749+0000] {taskinstance.py:1159} INFO - Dependencies all met for dep_context=requeueable deps ti=<TaskInstance: outcomes_dag.extract scheduled__2023-11-23T00:00:00+00:00 [queued]>
[2023-11-25T20:53:02.749+0000] {taskinstance.py:1361} INFO - Starting attempt 3 of 3
[2023-11-25T20:53:02.765+0000] {taskinstance.py:1382} INFO - Executing <Task(PythonOperator): extract> on 2023-11-23 00:00:00+00:00
[2023-11-25T20:53:02.771+0000] {standard_task_runner.py:57} INFO - Started process 598 to run task
[2023-11-25T20:53:02.776+0000] {standard_task_runner.py:84} INFO - Running: ['***', 'tasks', 'run', 'outcomes_dag', 'extract', 'scheduled__2023-11-23T00:00:00+00:00', '--job-id', '53', '--raw', '--subdir', 'DAGS_FOLDER/outcomes_dag.py', '--cfg-path', '/tmp/tmpa6xagapx']
[2023-11-25T20:53:02.780+0000] {standard_task_runner.py:85} INFO - Job 53: Subtask extract
[2023-11-25T20:53:02.843+0000] {task_command.py:416} INFO - Running <TaskInstance: outcomes_dag.extract scheduled__2023-11-23T00:00:00+00:00 [running]> on host 17ac1e2d02c6
[2023-11-25T20:53:02.959+0000] {taskinstance.py:1662} INFO - Exporting env vars: AIRFLOW_CTX_DAG_OWNER='***' AIRFLOW_CTX_DAG_ID='outcomes_dag' AIRFLOW_CTX_TASK_ID='extract' AIRFLOW_CTX_EXECUTION_DATE='2023-11-23T00:00:00+00:00' AIRFLOW_CTX_TRY_NUMBER='3' AIRFLOW_CTX_DAG_RUN_ID='scheduled__2023-11-23T00:00:00+00:00'
[2023-11-25T20:53:03.921+0000] {python.py:194} INFO - Done. Returned value was: None
[2023-11-25T20:53:03.933+0000] {taskinstance.py:1400} INFO - Marking task as SUCCESS. dag_id=outcomes_dag, task_id=extract, execution_date=20231123T000000, start_date=20231125T205302, end_date=20231125T205303
[2023-11-25T20:53:03.959+0000] {local_task_job_runner.py:228} INFO - Task exited with return code 0
[2023-11-25T20:53:03.983+0000] {taskinstance.py:2778} INFO - 1 downstream tasks scheduled from follow-on schedule check
[2023-11-26T03:05:03.928+0000] {taskinstance.py:1159} INFO - Dependencies all met for dep_context=non-requeueable deps ti=<TaskInstance: outcomes_dag.extract scheduled__2023-11-23T00:00:00+00:00 [queued]>
[2023-11-26T03:05:03.961+0000] {taskinstance.py:1159} INFO - Dependencies all met for dep_context=requeueable deps ti=<TaskInstance: outcomes_dag.extract scheduled__2023-11-23T00:00:00+00:00 [queued]>
[2023-11-26T03:05:03.964+0000] {taskinstance.py:1361} INFO - Starting attempt 3 of 3
[2023-11-26T03:05:04.002+0000] {taskinstance.py:1382} INFO - Executing <Task(PythonOperator): extract> on 2023-11-23 00:00:00+00:00
[2023-11-26T03:05:04.024+0000] {standard_task_runner.py:57} INFO - Started process 832 to run task
[2023-11-26T03:05:04.145+0000] {standard_task_runner.py:84} INFO - Running: ['***', 'tasks', 'run', 'outcomes_dag', 'extract', 'scheduled__2023-11-23T00:00:00+00:00', '--job-id', '143', '--raw', '--subdir', 'DAGS_FOLDER/outcomes_dag.py', '--cfg-path', '/tmp/tmpoqadq3x7']
[2023-11-26T03:05:04.163+0000] {standard_task_runner.py:85} INFO - Job 143: Subtask extract
[2023-11-26T03:05:04.319+0000] {task_command.py:416} INFO - Running <TaskInstance: outcomes_dag.extract scheduled__2023-11-23T00:00:00+00:00 [running]> on host d8c33f99ee50
[2023-11-26T03:05:04.441+0000] {taskinstance.py:1662} INFO - Exporting env vars: AIRFLOW_CTX_DAG_OWNER='***' AIRFLOW_CTX_DAG_ID='outcomes_dag' AIRFLOW_CTX_TASK_ID='extract' AIRFLOW_CTX_EXECUTION_DATE='2023-11-23T00:00:00+00:00' AIRFLOW_CTX_TRY_NUMBER='3' AIRFLOW_CTX_DAG_RUN_ID='scheduled__2023-11-23T00:00:00+00:00'
[2023-11-26T03:05:07.787+0000] {python.py:194} INFO - Done. Returned value was: None
[2023-11-26T03:05:07.810+0000] {taskinstance.py:1400} INFO - Marking task as SUCCESS. dag_id=outcomes_dag, task_id=extract, execution_date=20231123T000000, start_date=20231126T030503, end_date=20231126T030507
[2023-11-26T03:05:07.872+0000] {local_task_job_runner.py:228} INFO - Task exited with return code 0
[2023-11-26T03:05:07.906+0000] {taskinstance.py:2778} INFO - 1 downstream tasks scheduled from follow-on schedule check
