[2023-11-20T20:13:10.589+0000] {taskinstance.py:1159} INFO - Dependencies all met for dep_context=non-requeueable deps ti=<TaskInstance: outcomes_dag.step2 scheduled__2023-11-17T00:00:00+00:00 [queued]>
[2023-11-20T20:13:10.642+0000] {taskinstance.py:1159} INFO - Dependencies all met for dep_context=requeueable deps ti=<TaskInstance: outcomes_dag.step2 scheduled__2023-11-17T00:00:00+00:00 [queued]>
[2023-11-20T20:13:10.648+0000] {taskinstance.py:1361} INFO - Starting attempt 1 of 1
[2023-11-20T20:13:10.857+0000] {taskinstance.py:1382} INFO - Executing <Task(BashOperator): step2> on 2023-11-17 00:00:00+00:00
[2023-11-20T20:13:10.937+0000] {standard_task_runner.py:57} INFO - Started process 391 to run task
[2023-11-20T20:13:11.034+0000] {standard_task_runner.py:84} INFO - Running: ['***', 'tasks', 'run', 'outcomes_dag', 'step2', 'scheduled__2023-11-17T00:00:00+00:00', '--job-id', '36', '--raw', '--subdir', 'DAGS_FOLDER/outcomes_dag.py', '--cfg-path', '/tmp/tmpurvpx1va']
[2023-11-20T20:13:11.061+0000] {standard_task_runner.py:85} INFO - Job 36: Subtask step2
[2023-11-20T20:13:11.450+0000] {task_command.py:416} INFO - Running <TaskInstance: outcomes_dag.step2 scheduled__2023-11-17T00:00:00+00:00 [running]> on host 8e6ddc1dc227
[2023-11-20T20:13:13.634+0000] {taskinstance.py:1662} INFO - Exporting env vars: AIRFLOW_CTX_DAG_OWNER='***' AIRFLOW_CTX_DAG_ID='outcomes_dag' AIRFLOW_CTX_TASK_ID='step2' AIRFLOW_CTX_EXECUTION_DATE='2023-11-17T00:00:00+00:00' AIRFLOW_CTX_TRY_NUMBER='1' AIRFLOW_CTX_DAG_RUN_ID='scheduled__2023-11-17T00:00:00+00:00'
[2023-11-20T20:13:13.661+0000] {subprocess.py:63} INFO - Tmp dir root location: /tmp
[2023-11-20T20:13:13.673+0000] {subprocess.py:75} INFO - Running command: ['/bin/bash', '-c', 'echo 2']
[2023-11-20T20:13:13.864+0000] {subprocess.py:86} INFO - Output:
[2023-11-20T20:13:13.905+0000] {subprocess.py:93} INFO - 2
[2023-11-20T20:13:13.913+0000] {subprocess.py:97} INFO - Command exited with return code 0
[2023-11-20T20:13:14.109+0000] {taskinstance.py:1400} INFO - Marking task as SUCCESS. dag_id=outcomes_dag, task_id=step2, execution_date=20231117T000000, start_date=20231120T201310, end_date=20231120T201314
[2023-11-20T20:13:14.244+0000] {local_task_job_runner.py:228} INFO - Task exited with return code 0
[2023-11-20T20:24:04.174+0000] {taskinstance.py:1159} INFO - Dependencies all met for dep_context=non-requeueable deps ti=<TaskInstance: outcomes_dag.step2 scheduled__2023-11-17T00:00:00+00:00 [queued]>
[2023-11-20T20:24:04.449+0000] {taskinstance.py:1159} INFO - Dependencies all met for dep_context=requeueable deps ti=<TaskInstance: outcomes_dag.step2 scheduled__2023-11-17T00:00:00+00:00 [queued]>
[2023-11-20T20:24:04.451+0000] {taskinstance.py:1361} INFO - Starting attempt 1 of 1
[2023-11-20T20:24:04.637+0000] {taskinstance.py:1382} INFO - Executing <Task(BashOperator): step2> on 2023-11-17 00:00:00+00:00
[2023-11-20T20:24:04.710+0000] {standard_task_runner.py:57} INFO - Started process 114 to run task
[2023-11-20T20:24:04.947+0000] {standard_task_runner.py:84} INFO - Running: ['***', 'tasks', 'run', 'outcomes_dag', 'step2', 'scheduled__2023-11-17T00:00:00+00:00', '--job-id', '8', '--raw', '--subdir', 'DAGS_FOLDER/outcomes_dag.py', '--cfg-path', '/tmp/tmp_4_mg3r9']
[2023-11-20T20:24:05.026+0000] {standard_task_runner.py:85} INFO - Job 8: Subtask step2
[2023-11-20T20:24:06.424+0000] {task_command.py:416} INFO - Running <TaskInstance: outcomes_dag.step2 scheduled__2023-11-17T00:00:00+00:00 [running]> on host daf7997f8700
[2023-11-20T20:24:07.623+0000] {taskinstance.py:1662} INFO - Exporting env vars: AIRFLOW_CTX_DAG_OWNER='***' AIRFLOW_CTX_DAG_ID='outcomes_dag' AIRFLOW_CTX_TASK_ID='step2' AIRFLOW_CTX_EXECUTION_DATE='2023-11-17T00:00:00+00:00' AIRFLOW_CTX_TRY_NUMBER='1' AIRFLOW_CTX_DAG_RUN_ID='scheduled__2023-11-17T00:00:00+00:00'
[2023-11-20T20:24:07.717+0000] {subprocess.py:63} INFO - Tmp dir root location: /tmp
[2023-11-20T20:24:07.779+0000] {subprocess.py:75} INFO - Running command: ['/bin/bash', '-c', 'echo 2']
[2023-11-20T20:24:07.997+0000] {subprocess.py:86} INFO - Output:
[2023-11-20T20:24:08.066+0000] {subprocess.py:93} INFO - 2
[2023-11-20T20:24:08.075+0000] {subprocess.py:97} INFO - Command exited with return code 0
[2023-11-20T20:24:08.464+0000] {taskinstance.py:1400} INFO - Marking task as SUCCESS. dag_id=outcomes_dag, task_id=step2, execution_date=20231117T000000, start_date=20231120T202404, end_date=20231120T202408
[2023-11-20T20:24:08.702+0000] {local_task_job_runner.py:228} INFO - Task exited with return code 0
[2023-11-20T20:24:08.810+0000] {taskinstance.py:2778} INFO - 0 downstream tasks scheduled from follow-on schedule check
