[2023-11-26T03:03:39.839+0000] {taskinstance.py:1159} INFO - Dependencies all met for dep_context=non-requeueable deps ti=<TaskInstance: outcomes_dag.load_dates_dim scheduled__2023-11-19T00:00:00+00:00 [queued]>
[2023-11-26T03:03:39.883+0000] {taskinstance.py:1159} INFO - Dependencies all met for dep_context=requeueable deps ti=<TaskInstance: outcomes_dag.load_dates_dim scheduled__2023-11-19T00:00:00+00:00 [queued]>
[2023-11-26T03:03:39.884+0000] {taskinstance.py:1361} INFO - Starting attempt 1 of 1
[2023-11-26T03:03:39.932+0000] {taskinstance.py:1382} INFO - Executing <Task(PythonOperator): load_dates_dim> on 2023-11-19 00:00:00+00:00
[2023-11-26T03:03:39.960+0000] {standard_task_runner.py:57} INFO - Started process 748 to run task
[2023-11-26T03:03:39.981+0000] {standard_task_runner.py:84} INFO - Running: ['***', 'tasks', 'run', 'outcomes_dag', 'load_dates_dim', 'scheduled__2023-11-19T00:00:00+00:00', '--job-id', '121', '--raw', '--subdir', 'DAGS_FOLDER/outcomes_dag.py', '--cfg-path', '/tmp/tmphs3tokoy']
[2023-11-26T03:03:39.985+0000] {standard_task_runner.py:85} INFO - Job 121: Subtask load_dates_dim
[2023-11-26T03:03:40.106+0000] {task_command.py:416} INFO - Running <TaskInstance: outcomes_dag.load_dates_dim scheduled__2023-11-19T00:00:00+00:00 [running]> on host d8c33f99ee50
[2023-11-26T03:03:40.261+0000] {taskinstance.py:1662} INFO - Exporting env vars: AIRFLOW_CTX_DAG_OWNER='***' AIRFLOW_CTX_DAG_ID='outcomes_dag' AIRFLOW_CTX_TASK_ID='load_dates_dim' AIRFLOW_CTX_EXECUTION_DATE='2023-11-19T00:00:00+00:00' AIRFLOW_CTX_TRY_NUMBER='1' AIRFLOW_CTX_DAG_RUN_ID='scheduled__2023-11-19T00:00:00+00:00'
[2023-11-26T03:03:44.646+0000] {python.py:194} INFO - Done. Returned value was: None
[2023-11-26T03:03:44.661+0000] {taskinstance.py:1400} INFO - Marking task as SUCCESS. dag_id=outcomes_dag, task_id=load_dates_dim, execution_date=20231119T000000, start_date=20231126T030339, end_date=20231126T030344
[2023-11-26T03:03:44.703+0000] {local_task_job_runner.py:228} INFO - Task exited with return code 0
[2023-11-26T03:03:44.723+0000] {taskinstance.py:2778} INFO - 0 downstream tasks scheduled from follow-on schedule check
[2023-12-17T15:11:39.679+0000] {taskinstance.py:1159} INFO - Dependencies all met for dep_context=non-requeueable deps ti=<TaskInstance: outcomes_dag.load_dates_dim scheduled__2023-11-19T00:00:00+00:00 [queued]>
[2023-12-17T15:11:39.694+0000] {taskinstance.py:1159} INFO - Dependencies all met for dep_context=requeueable deps ti=<TaskInstance: outcomes_dag.load_dates_dim scheduled__2023-11-19T00:00:00+00:00 [queued]>
[2023-12-17T15:11:39.694+0000] {taskinstance.py:1361} INFO - Starting attempt 1 of 1
[2023-12-17T15:11:39.713+0000] {taskinstance.py:1382} INFO - Executing <Task(PythonOperator): load_dates_dim> on 2023-11-19 00:00:00+00:00
[2023-12-17T15:11:39.724+0000] {standard_task_runner.py:57} INFO - Started process 591 to run task
[2023-12-17T15:11:39.731+0000] {standard_task_runner.py:84} INFO - Running: ['***', 'tasks', 'run', 'outcomes_dag', 'load_dates_dim', 'scheduled__2023-11-19T00:00:00+00:00', '--job-id', '117', '--raw', '--subdir', 'DAGS_FOLDER/outcomes_dag.py', '--cfg-path', '/tmp/tmpwzetmrov']
[2023-12-17T15:11:39.738+0000] {standard_task_runner.py:85} INFO - Job 117: Subtask load_dates_dim
[2023-12-17T15:11:39.834+0000] {task_command.py:416} INFO - Running <TaskInstance: outcomes_dag.load_dates_dim scheduled__2023-11-19T00:00:00+00:00 [running]> on host 7f0547651eb4
[2023-12-17T15:11:39.976+0000] {taskinstance.py:1662} INFO - Exporting env vars: AIRFLOW_CTX_DAG_OWNER='***' AIRFLOW_CTX_DAG_ID='outcomes_dag' AIRFLOW_CTX_TASK_ID='load_dates_dim' AIRFLOW_CTX_EXECUTION_DATE='2023-11-19T00:00:00+00:00' AIRFLOW_CTX_TRY_NUMBER='1' AIRFLOW_CTX_DAG_RUN_ID='scheduled__2023-11-19T00:00:00+00:00'
[2023-12-17T15:11:44.269+0000] {python.py:194} INFO - Done. Returned value was: None
[2023-12-17T15:11:44.286+0000] {taskinstance.py:1400} INFO - Marking task as SUCCESS. dag_id=outcomes_dag, task_id=load_dates_dim, execution_date=20231119T000000, start_date=20231217T151139, end_date=20231217T151144
[2023-12-17T15:11:44.321+0000] {local_task_job_runner.py:228} INFO - Task exited with return code 0
[2023-12-17T15:11:44.342+0000] {taskinstance.py:2778} INFO - 0 downstream tasks scheduled from follow-on schedule check
