[2023-11-26T02:22:43.568+0000] {taskinstance.py:1159} INFO - Dependencies all met for dep_context=non-requeueable deps ti=<TaskInstance: outcomes_dag.load_dim_dates scheduled__2023-11-19T00:00:00+00:00 [queued]>
[2023-11-26T02:22:43.603+0000] {taskinstance.py:1159} INFO - Dependencies all met for dep_context=requeueable deps ti=<TaskInstance: outcomes_dag.load_dim_dates scheduled__2023-11-19T00:00:00+00:00 [queued]>
[2023-11-26T02:22:43.604+0000] {taskinstance.py:1361} INFO - Starting attempt 2 of 2
[2023-11-26T02:22:43.648+0000] {taskinstance.py:1382} INFO - Executing <Task(PythonOperator): load_dim_dates> on 2023-11-19 00:00:00+00:00
[2023-11-26T02:22:43.675+0000] {standard_task_runner.py:57} INFO - Started process 698 to run task
[2023-11-26T02:22:43.674+0000] {standard_task_runner.py:84} INFO - Running: ['***', 'tasks', 'run', 'outcomes_dag', 'load_dim_dates', 'scheduled__2023-11-19T00:00:00+00:00', '--job-id', '53', '--raw', '--subdir', 'DAGS_FOLDER/outcomes_dag.py', '--cfg-path', '/tmp/tmpz7pv2jsa']
[2023-11-26T02:22:43.732+0000] {standard_task_runner.py:85} INFO - Job 53: Subtask load_dim_dates
[2023-11-26T02:22:43.917+0000] {task_command.py:416} INFO - Running <TaskInstance: outcomes_dag.load_dim_dates scheduled__2023-11-19T00:00:00+00:00 [running]> on host 2011df1a4519
[2023-11-26T02:22:44.937+0000] {taskinstance.py:1662} INFO - Exporting env vars: AIRFLOW_CTX_DAG_OWNER='***' AIRFLOW_CTX_DAG_ID='outcomes_dag' AIRFLOW_CTX_TASK_ID='load_dim_dates' AIRFLOW_CTX_EXECUTION_DATE='2023-11-19T00:00:00+00:00' AIRFLOW_CTX_TRY_NUMBER='2' AIRFLOW_CTX_DAG_RUN_ID='scheduled__2023-11-19T00:00:00+00:00'
[2023-11-26T02:22:47.632+0000] {python.py:194} INFO - Done. Returned value was: None
[2023-11-26T02:22:47.657+0000] {taskinstance.py:1400} INFO - Marking task as SUCCESS. dag_id=outcomes_dag, task_id=load_dim_dates, execution_date=20231119T000000, start_date=20231126T022243, end_date=20231126T022247
[2023-11-26T02:22:47.716+0000] {local_task_job_runner.py:228} INFO - Task exited with return code 0
[2023-11-26T02:22:47.759+0000] {taskinstance.py:2778} INFO - 0 downstream tasks scheduled from follow-on schedule check
[2023-11-26T02:49:48.074+0000] {taskinstance.py:1159} INFO - Dependencies all met for dep_context=non-requeueable deps ti=<TaskInstance: outcomes_dag.load_dim_dates scheduled__2023-11-19T00:00:00+00:00 [queued]>
[2023-11-26T02:49:48.089+0000] {taskinstance.py:1159} INFO - Dependencies all met for dep_context=requeueable deps ti=<TaskInstance: outcomes_dag.load_dim_dates scheduled__2023-11-19T00:00:00+00:00 [queued]>
[2023-11-26T02:49:48.090+0000] {taskinstance.py:1361} INFO - Starting attempt 2 of 2
[2023-11-26T02:49:48.108+0000] {taskinstance.py:1382} INFO - Executing <Task(PythonOperator): load_dim_dates> on 2023-11-19 00:00:00+00:00
[2023-11-26T02:49:48.116+0000] {standard_task_runner.py:57} INFO - Started process 388 to run task
[2023-11-26T02:49:48.120+0000] {standard_task_runner.py:84} INFO - Running: ['***', 'tasks', 'run', 'outcomes_dag', 'load_dim_dates', 'scheduled__2023-11-19T00:00:00+00:00', '--job-id', '70', '--raw', '--subdir', 'DAGS_FOLDER/outcomes_dag.py', '--cfg-path', '/tmp/tmphneannq3']
[2023-11-26T02:49:48.125+0000] {standard_task_runner.py:85} INFO - Job 70: Subtask load_dim_dates
[2023-11-26T02:49:48.189+0000] {task_command.py:416} INFO - Running <TaskInstance: outcomes_dag.load_dim_dates scheduled__2023-11-19T00:00:00+00:00 [running]> on host d8c33f99ee50
[2023-11-26T02:49:48.388+0000] {taskinstance.py:1662} INFO - Exporting env vars: AIRFLOW_CTX_DAG_OWNER='***' AIRFLOW_CTX_DAG_ID='outcomes_dag' AIRFLOW_CTX_TASK_ID='load_dim_dates' AIRFLOW_CTX_EXECUTION_DATE='2023-11-19T00:00:00+00:00' AIRFLOW_CTX_TRY_NUMBER='2' AIRFLOW_CTX_DAG_RUN_ID='scheduled__2023-11-19T00:00:00+00:00'
[2023-11-26T02:49:50.781+0000] {python.py:194} INFO - Done. Returned value was: None
[2023-11-26T02:49:50.798+0000] {taskinstance.py:1400} INFO - Marking task as SUCCESS. dag_id=outcomes_dag, task_id=load_dim_dates, execution_date=20231119T000000, start_date=20231126T024948, end_date=20231126T024950
[2023-11-26T02:49:50.870+0000] {local_task_job_runner.py:228} INFO - Task exited with return code 0
[2023-11-26T02:49:50.905+0000] {taskinstance.py:2778} INFO - 0 downstream tasks scheduled from follow-on schedule check
