[2023-11-26T01:52:49.461+0000] {taskinstance.py:1159} INFO - Dependencies all met for dep_context=non-requeueable deps ti=<TaskInstance: outcomes_dag.load_dim_dates scheduled__2023-11-19T00:00:00+00:00 [queued]>
[2023-11-26T01:52:49.473+0000] {taskinstance.py:1159} INFO - Dependencies all met for dep_context=requeueable deps ti=<TaskInstance: outcomes_dag.load_dim_dates scheduled__2023-11-19T00:00:00+00:00 [queued]>
[2023-11-26T01:52:49.474+0000] {taskinstance.py:1361} INFO - Starting attempt 1 of 1
[2023-11-26T01:52:49.490+0000] {taskinstance.py:1382} INFO - Executing <Task(PythonOperator): load_dim_dates> on 2023-11-19 00:00:00+00:00
[2023-11-26T01:52:49.500+0000] {standard_task_runner.py:57} INFO - Started process 146 to run task
[2023-11-26T01:52:49.506+0000] {standard_task_runner.py:84} INFO - Running: ['***', 'tasks', 'run', 'outcomes_dag', 'load_dim_dates', 'scheduled__2023-11-19T00:00:00+00:00', '--job-id', '13', '--raw', '--subdir', 'DAGS_FOLDER/outcomes_dag.py', '--cfg-path', '/tmp/tmpxki609rk']
[2023-11-26T01:52:49.511+0000] {standard_task_runner.py:85} INFO - Job 13: Subtask load_dim_dates
[2023-11-26T01:52:49.578+0000] {task_command.py:416} INFO - Running <TaskInstance: outcomes_dag.load_dim_dates scheduled__2023-11-19T00:00:00+00:00 [running]> on host 2011df1a4519
[2023-11-26T01:52:49.687+0000] {taskinstance.py:1662} INFO - Exporting env vars: AIRFLOW_CTX_DAG_OWNER='***' AIRFLOW_CTX_DAG_ID='outcomes_dag' AIRFLOW_CTX_TASK_ID='load_dim_dates' AIRFLOW_CTX_EXECUTION_DATE='2023-11-19T00:00:00+00:00' AIRFLOW_CTX_TRY_NUMBER='1' AIRFLOW_CTX_DAG_RUN_ID='scheduled__2023-11-19T00:00:00+00:00'
[2023-11-26T01:52:53.015+0000] {python.py:194} INFO - Done. Returned value was: None
[2023-11-26T01:52:53.031+0000] {taskinstance.py:1400} INFO - Marking task as SUCCESS. dag_id=outcomes_dag, task_id=load_dim_dates, execution_date=20231119T000000, start_date=20231126T015249, end_date=20231126T015253
[2023-11-26T01:52:53.073+0000] {local_task_job_runner.py:228} INFO - Task exited with return code 0
[2023-11-26T01:52:53.098+0000] {taskinstance.py:2778} INFO - 0 downstream tasks scheduled from follow-on schedule check
[2023-11-26T02:42:07.856+0000] {taskinstance.py:1159} INFO - Dependencies all met for dep_context=non-requeueable deps ti=<TaskInstance: outcomes_dag.load_dim_dates scheduled__2023-11-19T00:00:00+00:00 [queued]>
[2023-11-26T02:42:07.933+0000] {taskinstance.py:1159} INFO - Dependencies all met for dep_context=requeueable deps ti=<TaskInstance: outcomes_dag.load_dim_dates scheduled__2023-11-19T00:00:00+00:00 [queued]>
[2023-11-26T02:42:08.086+0000] {taskinstance.py:1361} INFO - Starting attempt 1 of 1
[2023-11-26T02:42:08.433+0000] {taskinstance.py:1382} INFO - Executing <Task(PythonOperator): load_dim_dates> on 2023-11-19 00:00:00+00:00
[2023-11-26T02:42:08.449+0000] {standard_task_runner.py:57} INFO - Started process 140 to run task
[2023-11-26T02:42:08.476+0000] {standard_task_runner.py:84} INFO - Running: ['***', 'tasks', 'run', 'outcomes_dag', 'load_dim_dates', 'scheduled__2023-11-19T00:00:00+00:00', '--job-id', '22', '--raw', '--subdir', 'DAGS_FOLDER/outcomes_dag.py', '--cfg-path', '/tmp/tmpy5h6u5_1']
[2023-11-26T02:42:08.512+0000] {standard_task_runner.py:85} INFO - Job 22: Subtask load_dim_dates
[2023-11-26T02:42:08.772+0000] {task_command.py:416} INFO - Running <TaskInstance: outcomes_dag.load_dim_dates scheduled__2023-11-19T00:00:00+00:00 [running]> on host d8c33f99ee50
[2023-11-26T02:42:09.611+0000] {taskinstance.py:1662} INFO - Exporting env vars: AIRFLOW_CTX_DAG_OWNER='***' AIRFLOW_CTX_DAG_ID='outcomes_dag' AIRFLOW_CTX_TASK_ID='load_dim_dates' AIRFLOW_CTX_EXECUTION_DATE='2023-11-19T00:00:00+00:00' AIRFLOW_CTX_TRY_NUMBER='1' AIRFLOW_CTX_DAG_RUN_ID='scheduled__2023-11-19T00:00:00+00:00'
[2023-11-26T02:42:13.794+0000] {python.py:194} INFO - Done. Returned value was: None
[2023-11-26T02:42:13.822+0000] {taskinstance.py:1400} INFO - Marking task as SUCCESS. dag_id=outcomes_dag, task_id=load_dim_dates, execution_date=20231119T000000, start_date=20231126T024207, end_date=20231126T024213
[2023-11-26T02:42:13.871+0000] {local_task_job_runner.py:228} INFO - Task exited with return code 0
[2023-11-26T02:42:13.948+0000] {taskinstance.py:2778} INFO - 0 downstream tasks scheduled from follow-on schedule check
