[2023-12-17T08:16:34.218+0000] {taskinstance.py:1159} INFO - Dependencies all met for dep_context=non-requeueable deps ti=<TaskInstance: outcomes_dag.transform scheduled__2023-11-05T00:00:00+00:00 [queued]>
[2023-12-17T08:16:34.230+0000] {taskinstance.py:1159} INFO - Dependencies all met for dep_context=requeueable deps ti=<TaskInstance: outcomes_dag.transform scheduled__2023-11-05T00:00:00+00:00 [queued]>
[2023-12-17T08:16:34.230+0000] {taskinstance.py:1361} INFO - Starting attempt 1 of 1
[2023-12-17T08:16:34.247+0000] {taskinstance.py:1382} INFO - Executing <Task(PythonOperator): transform> on 2023-11-05 00:00:00+00:00
[2023-12-17T08:16:34.253+0000] {standard_task_runner.py:57} INFO - Started process 249 to run task
[2023-12-17T08:16:34.257+0000] {standard_task_runner.py:84} INFO - Running: ['***', 'tasks', 'run', 'outcomes_dag', 'transform', 'scheduled__2023-11-05T00:00:00+00:00', '--job-id', '30', '--raw', '--subdir', 'DAGS_FOLDER/outcomes_dag.py', '--cfg-path', '/tmp/tmpzbow6amd']
[2023-12-17T08:16:34.262+0000] {standard_task_runner.py:85} INFO - Job 30: Subtask transform
[2023-12-17T08:16:34.326+0000] {task_command.py:416} INFO - Running <TaskInstance: outcomes_dag.transform scheduled__2023-11-05T00:00:00+00:00 [running]> on host 0cbaf6db6843
[2023-12-17T08:16:34.437+0000] {taskinstance.py:1662} INFO - Exporting env vars: AIRFLOW_CTX_DAG_OWNER='***' AIRFLOW_CTX_DAG_ID='outcomes_dag' AIRFLOW_CTX_TASK_ID='transform' AIRFLOW_CTX_EXECUTION_DATE='2023-11-05T00:00:00+00:00' AIRFLOW_CTX_TRY_NUMBER='1' AIRFLOW_CTX_DAG_RUN_ID='scheduled__2023-11-05T00:00:00+00:00'
[2023-12-17T08:16:49.759+0000] {python.py:194} INFO - Done. Returned value was: None
[2023-12-17T08:16:49.772+0000] {taskinstance.py:1400} INFO - Marking task as SUCCESS. dag_id=outcomes_dag, task_id=transform, execution_date=20231105T000000, start_date=20231217T081634, end_date=20231217T081649
[2023-12-17T08:16:49.825+0000] {local_task_job_runner.py:228} INFO - Task exited with return code 0
[2023-12-17T08:16:49.862+0000] {taskinstance.py:2778} INFO - 4 downstream tasks scheduled from follow-on schedule check
[2023-12-17T15:02:15.508+0000] {taskinstance.py:1159} INFO - Dependencies all met for dep_context=non-requeueable deps ti=<TaskInstance: outcomes_dag.transform scheduled__2023-11-05T00:00:00+00:00 [queued]>
[2023-12-17T15:02:15.544+0000] {taskinstance.py:1159} INFO - Dependencies all met for dep_context=requeueable deps ti=<TaskInstance: outcomes_dag.transform scheduled__2023-11-05T00:00:00+00:00 [queued]>
[2023-12-17T15:02:15.545+0000] {taskinstance.py:1361} INFO - Starting attempt 1 of 1
[2023-12-17T15:02:15.570+0000] {taskinstance.py:1382} INFO - Executing <Task(PythonOperator): transform> on 2023-11-05 00:00:00+00:00
[2023-12-17T15:02:15.593+0000] {standard_task_runner.py:57} INFO - Started process 203 to run task
[2023-12-17T15:02:15.624+0000] {standard_task_runner.py:84} INFO - Running: ['***', 'tasks', 'run', 'outcomes_dag', 'transform', 'scheduled__2023-11-05T00:00:00+00:00', '--job-id', '31', '--raw', '--subdir', 'DAGS_FOLDER/outcomes_dag.py', '--cfg-path', '/tmp/tmpm45os0_a']
[2023-12-17T15:02:15.661+0000] {standard_task_runner.py:85} INFO - Job 31: Subtask transform
[2023-12-17T15:02:15.783+0000] {task_command.py:416} INFO - Running <TaskInstance: outcomes_dag.transform scheduled__2023-11-05T00:00:00+00:00 [running]> on host 7f0547651eb4
[2023-12-17T15:02:16.018+0000] {taskinstance.py:1662} INFO - Exporting env vars: AIRFLOW_CTX_DAG_OWNER='***' AIRFLOW_CTX_DAG_ID='outcomes_dag' AIRFLOW_CTX_TASK_ID='transform' AIRFLOW_CTX_EXECUTION_DATE='2023-11-05T00:00:00+00:00' AIRFLOW_CTX_TRY_NUMBER='1' AIRFLOW_CTX_DAG_RUN_ID='scheduled__2023-11-05T00:00:00+00:00'
[2023-12-17T15:02:33.077+0000] {python.py:194} INFO - Done. Returned value was: None
[2023-12-17T15:02:33.095+0000] {taskinstance.py:1400} INFO - Marking task as SUCCESS. dag_id=outcomes_dag, task_id=transform, execution_date=20231105T000000, start_date=20231217T150215, end_date=20231217T150233
[2023-12-17T15:02:33.126+0000] {local_task_job_runner.py:228} INFO - Task exited with return code 0
[2023-12-17T15:02:33.151+0000] {taskinstance.py:2778} INFO - 4 downstream tasks scheduled from follow-on schedule check
