[2023-12-17T08:15:18.362+0000] {taskinstance.py:1159} INFO - Dependencies all met for dep_context=non-requeueable deps ti=<TaskInstance: outcomes_dag.load_animal_dim scheduled__2023-11-02T00:00:00+00:00 [queued]>
[2023-12-17T08:15:18.402+0000] {taskinstance.py:1159} INFO - Dependencies all met for dep_context=requeueable deps ti=<TaskInstance: outcomes_dag.load_animal_dim scheduled__2023-11-02T00:00:00+00:00 [queued]>
[2023-12-17T08:15:18.404+0000] {taskinstance.py:1361} INFO - Starting attempt 1 of 1
[2023-12-17T08:15:18.452+0000] {taskinstance.py:1382} INFO - Executing <Task(PythonOperator): load_animal_dim> on 2023-11-02 00:00:00+00:00
[2023-12-17T08:15:18.464+0000] {standard_task_runner.py:57} INFO - Started process 202 to run task
[2023-12-17T08:15:18.473+0000] {standard_task_runner.py:84} INFO - Running: ['***', 'tasks', 'run', 'outcomes_dag', 'load_animal_dim', 'scheduled__2023-11-02T00:00:00+00:00', '--job-id', '19', '--raw', '--subdir', 'DAGS_FOLDER/outcomes_dag.py', '--cfg-path', '/tmp/tmp51gtdzwc']
[2023-12-17T08:15:18.482+0000] {standard_task_runner.py:85} INFO - Job 19: Subtask load_animal_dim
[2023-12-17T08:15:18.617+0000] {task_command.py:416} INFO - Running <TaskInstance: outcomes_dag.load_animal_dim scheduled__2023-11-02T00:00:00+00:00 [running]> on host 0cbaf6db6843
[2023-12-17T08:15:18.772+0000] {taskinstance.py:1662} INFO - Exporting env vars: AIRFLOW_CTX_DAG_OWNER='***' AIRFLOW_CTX_DAG_ID='outcomes_dag' AIRFLOW_CTX_TASK_ID='load_animal_dim' AIRFLOW_CTX_EXECUTION_DATE='2023-11-02T00:00:00+00:00' AIRFLOW_CTX_TRY_NUMBER='1' AIRFLOW_CTX_DAG_RUN_ID='scheduled__2023-11-02T00:00:00+00:00'
[2023-12-17T08:15:22.315+0000] {python.py:194} INFO - Done. Returned value was: None
[2023-12-17T08:15:22.482+0000] {taskinstance.py:1400} INFO - Marking task as SUCCESS. dag_id=outcomes_dag, task_id=load_animal_dim, execution_date=20231102T000000, start_date=20231217T081518, end_date=20231217T081522
[2023-12-17T08:15:22.539+0000] {local_task_job_runner.py:228} INFO - Task exited with return code 0
[2023-12-17T08:15:22.573+0000] {taskinstance.py:2778} INFO - 0 downstream tasks scheduled from follow-on schedule check
[2023-12-17T15:00:57.395+0000] {taskinstance.py:1159} INFO - Dependencies all met for dep_context=non-requeueable deps ti=<TaskInstance: outcomes_dag.load_animal_dim scheduled__2023-11-02T00:00:00+00:00 [queued]>
[2023-12-17T15:00:57.419+0000] {taskinstance.py:1159} INFO - Dependencies all met for dep_context=requeueable deps ti=<TaskInstance: outcomes_dag.load_animal_dim scheduled__2023-11-02T00:00:00+00:00 [queued]>
[2023-12-17T15:00:57.421+0000] {taskinstance.py:1361} INFO - Starting attempt 1 of 1
[2023-12-17T15:00:57.449+0000] {taskinstance.py:1382} INFO - Executing <Task(PythonOperator): load_animal_dim> on 2023-11-02 00:00:00+00:00
[2023-12-17T15:00:57.464+0000] {standard_task_runner.py:57} INFO - Started process 157 to run task
[2023-12-17T15:00:57.470+0000] {standard_task_runner.py:84} INFO - Running: ['***', 'tasks', 'run', 'outcomes_dag', 'load_animal_dim', 'scheduled__2023-11-02T00:00:00+00:00', '--job-id', '21', '--raw', '--subdir', 'DAGS_FOLDER/outcomes_dag.py', '--cfg-path', '/tmp/tmpxd6frpyw']
[2023-12-17T15:00:57.477+0000] {standard_task_runner.py:85} INFO - Job 21: Subtask load_animal_dim
[2023-12-17T15:00:57.577+0000] {task_command.py:416} INFO - Running <TaskInstance: outcomes_dag.load_animal_dim scheduled__2023-11-02T00:00:00+00:00 [running]> on host 7f0547651eb4
[2023-12-17T15:00:57.709+0000] {taskinstance.py:1662} INFO - Exporting env vars: AIRFLOW_CTX_DAG_OWNER='***' AIRFLOW_CTX_DAG_ID='outcomes_dag' AIRFLOW_CTX_TASK_ID='load_animal_dim' AIRFLOW_CTX_EXECUTION_DATE='2023-11-02T00:00:00+00:00' AIRFLOW_CTX_TRY_NUMBER='1' AIRFLOW_CTX_DAG_RUN_ID='scheduled__2023-11-02T00:00:00+00:00'
[2023-12-17T15:01:03.167+0000] {python.py:194} INFO - Done. Returned value was: None
[2023-12-17T15:01:03.209+0000] {taskinstance.py:1400} INFO - Marking task as SUCCESS. dag_id=outcomes_dag, task_id=load_animal_dim, execution_date=20231102T000000, start_date=20231217T150057, end_date=20231217T150103
[2023-12-17T15:01:03.273+0000] {local_task_job_runner.py:228} INFO - Task exited with return code 0
[2023-12-17T15:01:03.311+0000] {taskinstance.py:2778} INFO - 0 downstream tasks scheduled from follow-on schedule check
