[2023-11-26T02:24:09.365+0000] {taskinstance.py:1159} INFO - Dependencies all met for dep_context=non-requeueable deps ti=<TaskInstance: outcomes_dag.load_dim_dates scheduled__2023-11-25T00:00:00+00:00 [queued]>
[2023-11-26T02:24:09.387+0000] {taskinstance.py:1159} INFO - Dependencies all met for dep_context=requeueable deps ti=<TaskInstance: outcomes_dag.load_dim_dates scheduled__2023-11-25T00:00:00+00:00 [queued]>
[2023-11-26T02:24:09.396+0000] {taskinstance.py:1361} INFO - Starting attempt 2 of 2
[2023-11-26T02:24:09.432+0000] {taskinstance.py:1382} INFO - Executing <Task(PythonOperator): load_dim_dates> on 2023-11-25 00:00:00+00:00
[2023-11-26T02:24:09.478+0000] {standard_task_runner.py:57} INFO - Started process 832 to run task
[2023-11-26T02:24:09.511+0000] {standard_task_runner.py:84} INFO - Running: ['***', 'tasks', 'run', 'outcomes_dag', 'load_dim_dates', 'scheduled__2023-11-25T00:00:00+00:00', '--job-id', '92', '--raw', '--subdir', 'DAGS_FOLDER/outcomes_dag.py', '--cfg-path', '/tmp/tmpuy9ucfm_']
[2023-11-26T02:24:09.525+0000] {standard_task_runner.py:85} INFO - Job 92: Subtask load_dim_dates
[2023-11-26T02:24:09.620+0000] {task_command.py:416} INFO - Running <TaskInstance: outcomes_dag.load_dim_dates scheduled__2023-11-25T00:00:00+00:00 [running]> on host 2011df1a4519
[2023-11-26T02:24:09.753+0000] {taskinstance.py:1662} INFO - Exporting env vars: AIRFLOW_CTX_DAG_OWNER='***' AIRFLOW_CTX_DAG_ID='outcomes_dag' AIRFLOW_CTX_TASK_ID='load_dim_dates' AIRFLOW_CTX_EXECUTION_DATE='2023-11-25T00:00:00+00:00' AIRFLOW_CTX_TRY_NUMBER='2' AIRFLOW_CTX_DAG_RUN_ID='scheduled__2023-11-25T00:00:00+00:00'
[2023-11-26T02:24:12.554+0000] {python.py:194} INFO - Done. Returned value was: None
[2023-11-26T02:24:12.609+0000] {taskinstance.py:1400} INFO - Marking task as SUCCESS. dag_id=outcomes_dag, task_id=load_dim_dates, execution_date=20231125T000000, start_date=20231126T022409, end_date=20231126T022412
[2023-11-26T02:24:12.682+0000] {local_task_job_runner.py:228} INFO - Task exited with return code 0
[2023-11-26T02:24:12.703+0000] {taskinstance.py:2778} INFO - 0 downstream tasks scheduled from follow-on schedule check
[2023-11-26T02:52:18.557+0000] {taskinstance.py:1159} INFO - Dependencies all met for dep_context=non-requeueable deps ti=<TaskInstance: outcomes_dag.load_dim_dates scheduled__2023-11-25T00:00:00+00:00 [queued]>
[2023-11-26T02:52:18.593+0000] {taskinstance.py:1159} INFO - Dependencies all met for dep_context=requeueable deps ti=<TaskInstance: outcomes_dag.load_dim_dates scheduled__2023-11-25T00:00:00+00:00 [queued]>
[2023-11-26T02:52:18.596+0000] {taskinstance.py:1361} INFO - Starting attempt 2 of 2
[2023-11-26T02:52:18.638+0000] {taskinstance.py:1382} INFO - Executing <Task(PythonOperator): load_dim_dates> on 2023-11-25 00:00:00+00:00
[2023-11-26T02:52:18.650+0000] {standard_task_runner.py:57} INFO - Started process 535 to run task
[2023-11-26T02:52:18.665+0000] {standard_task_runner.py:84} INFO - Running: ['***', 'tasks', 'run', 'outcomes_dag', 'load_dim_dates', 'scheduled__2023-11-25T00:00:00+00:00', '--job-id', '105', '--raw', '--subdir', 'DAGS_FOLDER/outcomes_dag.py', '--cfg-path', '/tmp/tmp9_mlc766']
[2023-11-26T02:52:18.671+0000] {standard_task_runner.py:85} INFO - Job 105: Subtask load_dim_dates
[2023-11-26T02:52:19.375+0000] {task_command.py:416} INFO - Running <TaskInstance: outcomes_dag.load_dim_dates scheduled__2023-11-25T00:00:00+00:00 [running]> on host d8c33f99ee50
[2023-11-26T02:52:21.074+0000] {taskinstance.py:1662} INFO - Exporting env vars: AIRFLOW_CTX_DAG_OWNER='***' AIRFLOW_CTX_DAG_ID='outcomes_dag' AIRFLOW_CTX_TASK_ID='load_dim_dates' AIRFLOW_CTX_EXECUTION_DATE='2023-11-25T00:00:00+00:00' AIRFLOW_CTX_TRY_NUMBER='2' AIRFLOW_CTX_DAG_RUN_ID='scheduled__2023-11-25T00:00:00+00:00'
[2023-11-26T02:52:24.007+0000] {python.py:194} INFO - Done. Returned value was: None
[2023-11-26T02:52:24.022+0000] {taskinstance.py:1400} INFO - Marking task as SUCCESS. dag_id=outcomes_dag, task_id=load_dim_dates, execution_date=20231125T000000, start_date=20231126T025218, end_date=20231126T025224
[2023-11-26T02:52:24.066+0000] {local_task_job_runner.py:228} INFO - Task exited with return code 0
[2023-11-26T02:52:24.086+0000] {taskinstance.py:2778} INFO - 0 downstream tasks scheduled from follow-on schedule check
