[2023-11-20T20:13:11.159+0000] {taskinstance.py:1159} INFO - Dependencies all met for dep_context=non-requeueable deps ti=<TaskInstance: outcomes_dag.step1 scheduled__2023-11-18T00:00:00+00:00 [queued]>
[2023-11-20T20:13:11.288+0000] {taskinstance.py:1159} INFO - Dependencies all met for dep_context=requeueable deps ti=<TaskInstance: outcomes_dag.step1 scheduled__2023-11-18T00:00:00+00:00 [queued]>
[2023-11-20T20:13:11.301+0000] {taskinstance.py:1361} INFO - Starting attempt 1 of 1
[2023-11-20T20:13:11.448+0000] {taskinstance.py:1382} INFO - Executing <Task(BashOperator): step1> on 2023-11-18 00:00:00+00:00
[2023-11-20T20:13:11.507+0000] {standard_task_runner.py:57} INFO - Started process 394 to run task
[2023-11-20T20:13:11.579+0000] {standard_task_runner.py:84} INFO - Running: ['***', 'tasks', 'run', 'outcomes_dag', 'step1', 'scheduled__2023-11-18T00:00:00+00:00', '--job-id', '38', '--raw', '--subdir', 'DAGS_FOLDER/outcomes_dag.py', '--cfg-path', '/tmp/tmp0sieg0_d']
[2023-11-20T20:13:11.602+0000] {standard_task_runner.py:85} INFO - Job 38: Subtask step1
[2023-11-20T20:13:12.065+0000] {task_command.py:416} INFO - Running <TaskInstance: outcomes_dag.step1 scheduled__2023-11-18T00:00:00+00:00 [running]> on host 8e6ddc1dc227
[2023-11-20T20:13:14.143+0000] {taskinstance.py:1662} INFO - Exporting env vars: AIRFLOW_CTX_DAG_OWNER='***' AIRFLOW_CTX_DAG_ID='outcomes_dag' AIRFLOW_CTX_TASK_ID='step1' AIRFLOW_CTX_EXECUTION_DATE='2023-11-18T00:00:00+00:00' AIRFLOW_CTX_TRY_NUMBER='1' AIRFLOW_CTX_DAG_RUN_ID='scheduled__2023-11-18T00:00:00+00:00'
[2023-11-20T20:13:14.146+0000] {subprocess.py:63} INFO - Tmp dir root location: /tmp
[2023-11-20T20:13:14.149+0000] {subprocess.py:75} INFO - Running command: ['/bin/bash', '-c', 'echo 1']
[2023-11-20T20:13:14.342+0000] {subprocess.py:86} INFO - Output:
[2023-11-20T20:13:14.346+0000] {subprocess.py:93} INFO - 1
[2023-11-20T20:13:14.366+0000] {subprocess.py:97} INFO - Command exited with return code 0
[2023-11-20T20:13:14.438+0000] {taskinstance.py:1400} INFO - Marking task as SUCCESS. dag_id=outcomes_dag, task_id=step1, execution_date=20231118T000000, start_date=20231120T201311, end_date=20231120T201314
[2023-11-20T20:13:14.529+0000] {local_task_job_runner.py:228} INFO - Task exited with return code 0
[2023-11-20T20:24:03.539+0000] {taskinstance.py:1159} INFO - Dependencies all met for dep_context=non-requeueable deps ti=<TaskInstance: outcomes_dag.step1 scheduled__2023-11-18T00:00:00+00:00 [queued]>
[2023-11-20T20:24:03.702+0000] {taskinstance.py:1159} INFO - Dependencies all met for dep_context=requeueable deps ti=<TaskInstance: outcomes_dag.step1 scheduled__2023-11-18T00:00:00+00:00 [queued]>
[2023-11-20T20:24:03.710+0000] {taskinstance.py:1361} INFO - Starting attempt 1 of 1
[2023-11-20T20:24:03.886+0000] {taskinstance.py:1382} INFO - Executing <Task(BashOperator): step1> on 2023-11-18 00:00:00+00:00
[2023-11-20T20:24:03.934+0000] {standard_task_runner.py:57} INFO - Started process 110 to run task
[2023-11-20T20:24:04.221+0000] {standard_task_runner.py:84} INFO - Running: ['***', 'tasks', 'run', 'outcomes_dag', 'step1', 'scheduled__2023-11-18T00:00:00+00:00', '--job-id', '3', '--raw', '--subdir', 'DAGS_FOLDER/outcomes_dag.py', '--cfg-path', '/tmp/tmpuk_teaym']
[2023-11-20T20:24:04.299+0000] {standard_task_runner.py:85} INFO - Job 3: Subtask step1
[2023-11-20T20:24:05.828+0000] {task_command.py:416} INFO - Running <TaskInstance: outcomes_dag.step1 scheduled__2023-11-18T00:00:00+00:00 [running]> on host daf7997f8700
[2023-11-20T20:24:07.213+0000] {taskinstance.py:1662} INFO - Exporting env vars: AIRFLOW_CTX_DAG_OWNER='***' AIRFLOW_CTX_DAG_ID='outcomes_dag' AIRFLOW_CTX_TASK_ID='step1' AIRFLOW_CTX_EXECUTION_DATE='2023-11-18T00:00:00+00:00' AIRFLOW_CTX_TRY_NUMBER='1' AIRFLOW_CTX_DAG_RUN_ID='scheduled__2023-11-18T00:00:00+00:00'
[2023-11-20T20:24:07.229+0000] {subprocess.py:63} INFO - Tmp dir root location: /tmp
[2023-11-20T20:24:07.239+0000] {subprocess.py:75} INFO - Running command: ['/bin/bash', '-c', 'echo 1']
[2023-11-20T20:24:07.595+0000] {subprocess.py:86} INFO - Output:
[2023-11-20T20:24:07.630+0000] {subprocess.py:93} INFO - 1
[2023-11-20T20:24:07.631+0000] {subprocess.py:97} INFO - Command exited with return code 0
[2023-11-20T20:24:07.949+0000] {taskinstance.py:1400} INFO - Marking task as SUCCESS. dag_id=outcomes_dag, task_id=step1, execution_date=20231118T000000, start_date=20231120T202403, end_date=20231120T202407
[2023-11-20T20:24:08.329+0000] {local_task_job_runner.py:228} INFO - Task exited with return code 0
[2023-11-20T20:24:08.492+0000] {taskinstance.py:2778} INFO - 0 downstream tasks scheduled from follow-on schedule check
