[2023-11-26T02:22:58.523+0000] {taskinstance.py:1159} INFO - Dependencies all met for dep_context=non-requeueable deps ti=<TaskInstance: outcomes_dag.load_dim_outcome_types scheduled__2023-11-20T00:00:00+00:00 [queued]>
[2023-11-26T02:22:58.559+0000] {taskinstance.py:1159} INFO - Dependencies all met for dep_context=requeueable deps ti=<TaskInstance: outcomes_dag.load_dim_outcome_types scheduled__2023-11-20T00:00:00+00:00 [queued]>
[2023-11-26T02:22:58.561+0000] {taskinstance.py:1361} INFO - Starting attempt 1 of 1
[2023-11-26T02:22:58.623+0000] {taskinstance.py:1382} INFO - Executing <Task(PythonOperator): load_dim_outcome_types> on 2023-11-20 00:00:00+00:00
[2023-11-26T02:22:58.639+0000] {standard_task_runner.py:57} INFO - Started process 724 to run task
[2023-11-26T02:22:58.657+0000] {standard_task_runner.py:84} INFO - Running: ['***', 'tasks', 'run', 'outcomes_dag', 'load_dim_outcome_types', 'scheduled__2023-11-20T00:00:00+00:00', '--job-id', '61', '--raw', '--subdir', 'DAGS_FOLDER/outcomes_dag.py', '--cfg-path', '/tmp/tmp8ffxpher']
[2023-11-26T02:22:58.685+0000] {standard_task_runner.py:85} INFO - Job 61: Subtask load_dim_outcome_types
[2023-11-26T02:22:58.804+0000] {task_command.py:416} INFO - Running <TaskInstance: outcomes_dag.load_dim_outcome_types scheduled__2023-11-20T00:00:00+00:00 [running]> on host 2011df1a4519
[2023-11-26T02:22:59.002+0000] {taskinstance.py:1662} INFO - Exporting env vars: AIRFLOW_CTX_DAG_OWNER='***' AIRFLOW_CTX_DAG_ID='outcomes_dag' AIRFLOW_CTX_TASK_ID='load_dim_outcome_types' AIRFLOW_CTX_EXECUTION_DATE='2023-11-20T00:00:00+00:00' AIRFLOW_CTX_TRY_NUMBER='1' AIRFLOW_CTX_DAG_RUN_ID='scheduled__2023-11-20T00:00:00+00:00'
[2023-11-26T02:22:59.728+0000] {python.py:194} INFO - Done. Returned value was: None
[2023-11-26T02:22:59.745+0000] {taskinstance.py:1400} INFO - Marking task as SUCCESS. dag_id=outcomes_dag, task_id=load_dim_outcome_types, execution_date=20231120T000000, start_date=20231126T022258, end_date=20231126T022259
[2023-11-26T02:22:59.804+0000] {local_task_job_runner.py:228} INFO - Task exited with return code 0
[2023-11-26T02:22:59.826+0000] {taskinstance.py:2778} INFO - 0 downstream tasks scheduled from follow-on schedule check
[2023-11-26T02:42:46.831+0000] {taskinstance.py:1159} INFO - Dependencies all met for dep_context=non-requeueable deps ti=<TaskInstance: outcomes_dag.load_dim_outcome_types scheduled__2023-11-20T00:00:00+00:00 [queued]>
[2023-11-26T02:42:46.842+0000] {taskinstance.py:1159} INFO - Dependencies all met for dep_context=requeueable deps ti=<TaskInstance: outcomes_dag.load_dim_outcome_types scheduled__2023-11-20T00:00:00+00:00 [queued]>
[2023-11-26T02:42:46.843+0000] {taskinstance.py:1361} INFO - Starting attempt 1 of 1
[2023-11-26T02:42:46.859+0000] {taskinstance.py:1382} INFO - Executing <Task(PythonOperator): load_dim_outcome_types> on 2023-11-20 00:00:00+00:00
[2023-11-26T02:42:46.865+0000] {standard_task_runner.py:57} INFO - Started process 166 to run task
[2023-11-26T02:42:46.870+0000] {standard_task_runner.py:84} INFO - Running: ['***', 'tasks', 'run', 'outcomes_dag', 'load_dim_outcome_types', 'scheduled__2023-11-20T00:00:00+00:00', '--job-id', '28', '--raw', '--subdir', 'DAGS_FOLDER/outcomes_dag.py', '--cfg-path', '/tmp/tmpq7axq0t8']
[2023-11-26T02:42:46.877+0000] {standard_task_runner.py:85} INFO - Job 28: Subtask load_dim_outcome_types
[2023-11-26T02:42:46.948+0000] {task_command.py:416} INFO - Running <TaskInstance: outcomes_dag.load_dim_outcome_types scheduled__2023-11-20T00:00:00+00:00 [running]> on host d8c33f99ee50
[2023-11-26T02:42:47.067+0000] {taskinstance.py:1662} INFO - Exporting env vars: AIRFLOW_CTX_DAG_OWNER='***' AIRFLOW_CTX_DAG_ID='outcomes_dag' AIRFLOW_CTX_TASK_ID='load_dim_outcome_types' AIRFLOW_CTX_EXECUTION_DATE='2023-11-20T00:00:00+00:00' AIRFLOW_CTX_TRY_NUMBER='1' AIRFLOW_CTX_DAG_RUN_ID='scheduled__2023-11-20T00:00:00+00:00'
[2023-11-26T02:42:48.160+0000] {python.py:194} INFO - Done. Returned value was: None
[2023-11-26T02:42:48.313+0000] {taskinstance.py:1400} INFO - Marking task as SUCCESS. dag_id=outcomes_dag, task_id=load_dim_outcome_types, execution_date=20231120T000000, start_date=20231126T024246, end_date=20231126T024248
[2023-11-26T02:42:48.374+0000] {local_task_job_runner.py:228} INFO - Task exited with return code 0
[2023-11-26T02:42:48.406+0000] {taskinstance.py:2778} INFO - 0 downstream tasks scheduled from follow-on schedule check
