[2023-11-26T03:05:15.302+0000] {taskinstance.py:1159} INFO - Dependencies all met for dep_context=non-requeueable deps ti=<TaskInstance: outcomes_dag.load_animal_dim scheduled__2023-11-23T00:00:00+00:00 [queued]>
[2023-11-26T03:05:15.347+0000] {taskinstance.py:1159} INFO - Dependencies all met for dep_context=requeueable deps ti=<TaskInstance: outcomes_dag.load_animal_dim scheduled__2023-11-23T00:00:00+00:00 [queued]>
[2023-11-26T03:05:15.350+0000] {taskinstance.py:1361} INFO - Starting attempt 1 of 1
[2023-11-26T03:05:15.407+0000] {taskinstance.py:1382} INFO - Executing <Task(PythonOperator): load_animal_dim> on 2023-11-23 00:00:00+00:00
[2023-11-26T03:05:15.431+0000] {standard_task_runner.py:57} INFO - Started process 847 to run task
[2023-11-26T03:05:15.454+0000] {standard_task_runner.py:84} INFO - Running: ['***', 'tasks', 'run', 'outcomes_dag', 'load_animal_dim', 'scheduled__2023-11-23T00:00:00+00:00', '--job-id', '148', '--raw', '--subdir', 'DAGS_FOLDER/outcomes_dag.py', '--cfg-path', '/tmp/tmp5gdtbdi3']
[2023-11-26T03:05:15.468+0000] {standard_task_runner.py:85} INFO - Job 148: Subtask load_animal_dim
[2023-11-26T03:05:15.577+0000] {task_command.py:416} INFO - Running <TaskInstance: outcomes_dag.load_animal_dim scheduled__2023-11-23T00:00:00+00:00 [running]> on host d8c33f99ee50
[2023-11-26T03:05:15.952+0000] {taskinstance.py:1662} INFO - Exporting env vars: AIRFLOW_CTX_DAG_OWNER='***' AIRFLOW_CTX_DAG_ID='outcomes_dag' AIRFLOW_CTX_TASK_ID='load_animal_dim' AIRFLOW_CTX_EXECUTION_DATE='2023-11-23T00:00:00+00:00' AIRFLOW_CTX_TRY_NUMBER='1' AIRFLOW_CTX_DAG_RUN_ID='scheduled__2023-11-23T00:00:00+00:00'
[2023-11-26T03:05:19.979+0000] {python.py:194} INFO - Done. Returned value was: None
[2023-11-26T03:05:19.994+0000] {taskinstance.py:1400} INFO - Marking task as SUCCESS. dag_id=outcomes_dag, task_id=load_animal_dim, execution_date=20231123T000000, start_date=20231126T030515, end_date=20231126T030519
[2023-11-26T03:05:20.039+0000] {local_task_job_runner.py:228} INFO - Task exited with return code 0
[2023-11-26T03:05:20.058+0000] {taskinstance.py:2778} INFO - 0 downstream tasks scheduled from follow-on schedule check
[2023-12-17T15:13:42.439+0000] {taskinstance.py:1159} INFO - Dependencies all met for dep_context=non-requeueable deps ti=<TaskInstance: outcomes_dag.load_animal_dim scheduled__2023-11-23T00:00:00+00:00 [queued]>
[2023-12-17T15:13:42.457+0000] {taskinstance.py:1159} INFO - Dependencies all met for dep_context=requeueable deps ti=<TaskInstance: outcomes_dag.load_animal_dim scheduled__2023-11-23T00:00:00+00:00 [queued]>
[2023-12-17T15:13:42.458+0000] {taskinstance.py:1361} INFO - Starting attempt 1 of 1
[2023-12-17T15:13:42.481+0000] {taskinstance.py:1382} INFO - Executing <Task(PythonOperator): load_animal_dim> on 2023-11-23 00:00:00+00:00
[2023-12-17T15:13:42.490+0000] {standard_task_runner.py:57} INFO - Started process 697 to run task
[2023-12-17T15:13:42.506+0000] {standard_task_runner.py:84} INFO - Running: ['***', 'tasks', 'run', 'outcomes_dag', 'load_animal_dim', 'scheduled__2023-11-23T00:00:00+00:00', '--job-id', '142', '--raw', '--subdir', 'DAGS_FOLDER/outcomes_dag.py', '--cfg-path', '/tmp/tmphknyi0at']
[2023-12-17T15:13:42.516+0000] {standard_task_runner.py:85} INFO - Job 142: Subtask load_animal_dim
[2023-12-17T15:13:42.599+0000] {task_command.py:416} INFO - Running <TaskInstance: outcomes_dag.load_animal_dim scheduled__2023-11-23T00:00:00+00:00 [running]> on host 7f0547651eb4
[2023-12-17T15:13:42.712+0000] {taskinstance.py:1662} INFO - Exporting env vars: AIRFLOW_CTX_DAG_OWNER='***' AIRFLOW_CTX_DAG_ID='outcomes_dag' AIRFLOW_CTX_TASK_ID='load_animal_dim' AIRFLOW_CTX_EXECUTION_DATE='2023-11-23T00:00:00+00:00' AIRFLOW_CTX_TRY_NUMBER='1' AIRFLOW_CTX_DAG_RUN_ID='scheduled__2023-11-23T00:00:00+00:00'
[2023-12-17T15:13:46.211+0000] {python.py:194} INFO - Done. Returned value was: None
[2023-12-17T15:13:46.224+0000] {taskinstance.py:1400} INFO - Marking task as SUCCESS. dag_id=outcomes_dag, task_id=load_animal_dim, execution_date=20231123T000000, start_date=20231217T151342, end_date=20231217T151346
[2023-12-17T15:13:46.264+0000] {local_task_job_runner.py:228} INFO - Task exited with return code 0
[2023-12-17T15:13:46.285+0000] {taskinstance.py:2778} INFO - 0 downstream tasks scheduled from follow-on schedule check
