[2023-11-25T20:48:47.564+0000] {taskinstance.py:1159} INFO - Dependencies all met for dep_context=non-requeueable deps ti=<TaskInstance: outcomes_dag.transform scheduled__2023-11-18T00:00:00+00:00 [queued]>
[2023-11-25T20:48:47.731+0000] {taskinstance.py:1159} INFO - Dependencies all met for dep_context=requeueable deps ti=<TaskInstance: outcomes_dag.transform scheduled__2023-11-18T00:00:00+00:00 [queued]>
[2023-11-25T20:48:47.732+0000] {taskinstance.py:1361} INFO - Starting attempt 3 of 3
[2023-11-25T20:48:47.750+0000] {taskinstance.py:1382} INFO - Executing <Task(PythonOperator): transform> on 2023-11-18 00:00:00+00:00
[2023-11-25T20:48:47.757+0000] {standard_task_runner.py:57} INFO - Started process 459 to run task
[2023-11-25T20:48:47.762+0000] {standard_task_runner.py:84} INFO - Running: ['***', 'tasks', 'run', 'outcomes_dag', 'transform', 'scheduled__2023-11-18T00:00:00+00:00', '--job-id', '28', '--raw', '--subdir', 'DAGS_FOLDER/outcomes_dag.py', '--cfg-path', '/tmp/tmpb2bla0nu']
[2023-11-25T20:48:47.766+0000] {standard_task_runner.py:85} INFO - Job 28: Subtask transform
[2023-11-25T20:48:47.824+0000] {task_command.py:416} INFO - Running <TaskInstance: outcomes_dag.transform scheduled__2023-11-18T00:00:00+00:00 [running]> on host 17ac1e2d02c6
[2023-11-25T20:48:47.913+0000] {taskinstance.py:1662} INFO - Exporting env vars: AIRFLOW_CTX_DAG_OWNER='***' AIRFLOW_CTX_DAG_ID='outcomes_dag' AIRFLOW_CTX_TASK_ID='transform' AIRFLOW_CTX_EXECUTION_DATE='2023-11-18T00:00:00+00:00' AIRFLOW_CTX_TRY_NUMBER='3' AIRFLOW_CTX_DAG_RUN_ID='scheduled__2023-11-18T00:00:00+00:00'
[2023-11-25T20:48:51.089+0000] {python.py:194} INFO - Done. Returned value was: None
[2023-11-25T20:48:51.105+0000] {taskinstance.py:1400} INFO - Marking task as SUCCESS. dag_id=outcomes_dag, task_id=transform, execution_date=20231118T000000, start_date=20231125T204847, end_date=20231125T204851
[2023-11-25T20:48:51.136+0000] {local_task_job_runner.py:228} INFO - Task exited with return code 0
[2023-11-25T20:48:51.154+0000] {taskinstance.py:2778} INFO - 0 downstream tasks scheduled from follow-on schedule check
[2023-11-26T03:02:54.760+0000] {taskinstance.py:1159} INFO - Dependencies all met for dep_context=non-requeueable deps ti=<TaskInstance: outcomes_dag.transform scheduled__2023-11-18T00:00:00+00:00 [queued]>
[2023-11-26T03:02:54.772+0000] {taskinstance.py:1159} INFO - Dependencies all met for dep_context=requeueable deps ti=<TaskInstance: outcomes_dag.transform scheduled__2023-11-18T00:00:00+00:00 [queued]>
[2023-11-26T03:02:54.773+0000] {taskinstance.py:1361} INFO - Starting attempt 3 of 3
[2023-11-26T03:02:54.787+0000] {taskinstance.py:1382} INFO - Executing <Task(PythonOperator): transform> on 2023-11-18 00:00:00+00:00
[2023-11-26T03:02:54.792+0000] {standard_task_runner.py:57} INFO - Started process 713 to run task
[2023-11-26T03:02:54.796+0000] {standard_task_runner.py:84} INFO - Running: ['***', 'tasks', 'run', 'outcomes_dag', 'transform', 'scheduled__2023-11-18T00:00:00+00:00', '--job-id', '114', '--raw', '--subdir', 'DAGS_FOLDER/outcomes_dag.py', '--cfg-path', '/tmp/tmp83t9l6wh']
[2023-11-26T03:02:54.800+0000] {standard_task_runner.py:85} INFO - Job 114: Subtask transform
[2023-11-26T03:02:54.854+0000] {task_command.py:416} INFO - Running <TaskInstance: outcomes_dag.transform scheduled__2023-11-18T00:00:00+00:00 [running]> on host d8c33f99ee50
[2023-11-26T03:02:54.938+0000] {taskinstance.py:1662} INFO - Exporting env vars: AIRFLOW_CTX_DAG_OWNER='***' AIRFLOW_CTX_DAG_ID='outcomes_dag' AIRFLOW_CTX_TASK_ID='transform' AIRFLOW_CTX_EXECUTION_DATE='2023-11-18T00:00:00+00:00' AIRFLOW_CTX_TRY_NUMBER='3' AIRFLOW_CTX_DAG_RUN_ID='scheduled__2023-11-18T00:00:00+00:00'
[2023-11-26T03:03:05.856+0000] {python.py:194} INFO - Done. Returned value was: None
[2023-11-26T03:03:05.876+0000] {taskinstance.py:1400} INFO - Marking task as SUCCESS. dag_id=outcomes_dag, task_id=transform, execution_date=20231118T000000, start_date=20231126T030254, end_date=20231126T030305
[2023-11-26T03:03:05.916+0000] {local_task_job_runner.py:228} INFO - Task exited with return code 0
[2023-11-26T03:03:05.974+0000] {taskinstance.py:2778} INFO - 4 downstream tasks scheduled from follow-on schedule check
