[2023-11-20T20:13:10.735+0000] {taskinstance.py:1159} INFO - Dependencies all met for dep_context=non-requeueable deps ti=<TaskInstance: outcomes_dag.step2 scheduled__2023-11-19T00:00:00+00:00 [queued]>
[2023-11-20T20:13:10.840+0000] {taskinstance.py:1159} INFO - Dependencies all met for dep_context=requeueable deps ti=<TaskInstance: outcomes_dag.step2 scheduled__2023-11-19T00:00:00+00:00 [queued]>
[2023-11-20T20:13:10.850+0000] {taskinstance.py:1361} INFO - Starting attempt 1 of 1
[2023-11-20T20:13:10.998+0000] {taskinstance.py:1382} INFO - Executing <Task(BashOperator): step2> on 2023-11-19 00:00:00+00:00
[2023-11-20T20:13:11.081+0000] {standard_task_runner.py:57} INFO - Started process 392 to run task
[2023-11-20T20:13:11.148+0000] {standard_task_runner.py:84} INFO - Running: ['***', 'tasks', 'run', 'outcomes_dag', 'step2', 'scheduled__2023-11-19T00:00:00+00:00', '--job-id', '35', '--raw', '--subdir', 'DAGS_FOLDER/outcomes_dag.py', '--cfg-path', '/tmp/tmp_ldxr3g0']
[2023-11-20T20:13:11.179+0000] {standard_task_runner.py:85} INFO - Job 35: Subtask step2
[2023-11-20T20:13:11.593+0000] {task_command.py:416} INFO - Running <TaskInstance: outcomes_dag.step2 scheduled__2023-11-19T00:00:00+00:00 [running]> on host 8e6ddc1dc227
[2023-11-20T20:13:13.572+0000] {taskinstance.py:1662} INFO - Exporting env vars: AIRFLOW_CTX_DAG_OWNER='***' AIRFLOW_CTX_DAG_ID='outcomes_dag' AIRFLOW_CTX_TASK_ID='step2' AIRFLOW_CTX_EXECUTION_DATE='2023-11-19T00:00:00+00:00' AIRFLOW_CTX_TRY_NUMBER='1' AIRFLOW_CTX_DAG_RUN_ID='scheduled__2023-11-19T00:00:00+00:00'
[2023-11-20T20:13:13.609+0000] {subprocess.py:63} INFO - Tmp dir root location: /tmp
[2023-11-20T20:13:13.613+0000] {subprocess.py:75} INFO - Running command: ['/bin/bash', '-c', 'echo 2']
[2023-11-20T20:13:13.966+0000] {subprocess.py:86} INFO - Output:
[2023-11-20T20:13:13.982+0000] {subprocess.py:93} INFO - 2
[2023-11-20T20:13:13.986+0000] {subprocess.py:97} INFO - Command exited with return code 0
[2023-11-20T20:13:14.114+0000] {taskinstance.py:1400} INFO - Marking task as SUCCESS. dag_id=outcomes_dag, task_id=step2, execution_date=20231119T000000, start_date=20231120T201310, end_date=20231120T201314
[2023-11-20T20:13:14.236+0000] {local_task_job_runner.py:228} INFO - Task exited with return code 0
[2023-11-20T20:24:04.038+0000] {taskinstance.py:1159} INFO - Dependencies all met for dep_context=non-requeueable deps ti=<TaskInstance: outcomes_dag.step2 scheduled__2023-11-19T00:00:00+00:00 [queued]>
[2023-11-20T20:24:04.313+0000] {taskinstance.py:1159} INFO - Dependencies all met for dep_context=requeueable deps ti=<TaskInstance: outcomes_dag.step2 scheduled__2023-11-19T00:00:00+00:00 [queued]>
[2023-11-20T20:24:04.325+0000] {taskinstance.py:1361} INFO - Starting attempt 1 of 1
[2023-11-20T20:24:04.532+0000] {taskinstance.py:1382} INFO - Executing <Task(BashOperator): step2> on 2023-11-19 00:00:00+00:00
[2023-11-20T20:24:04.750+0000] {standard_task_runner.py:57} INFO - Started process 112 to run task
[2023-11-20T20:24:04.911+0000] {standard_task_runner.py:84} INFO - Running: ['***', 'tasks', 'run', 'outcomes_dag', 'step2', 'scheduled__2023-11-19T00:00:00+00:00', '--job-id', '7', '--raw', '--subdir', 'DAGS_FOLDER/outcomes_dag.py', '--cfg-path', '/tmp/tmpw1wskdar']
[2023-11-20T20:24:04.923+0000] {standard_task_runner.py:85} INFO - Job 7: Subtask step2
[2023-11-20T20:24:06.305+0000] {task_command.py:416} INFO - Running <TaskInstance: outcomes_dag.step2 scheduled__2023-11-19T00:00:00+00:00 [running]> on host daf7997f8700
[2023-11-20T20:24:07.833+0000] {taskinstance.py:1662} INFO - Exporting env vars: AIRFLOW_CTX_DAG_OWNER='***' AIRFLOW_CTX_DAG_ID='outcomes_dag' AIRFLOW_CTX_TASK_ID='step2' AIRFLOW_CTX_EXECUTION_DATE='2023-11-19T00:00:00+00:00' AIRFLOW_CTX_TRY_NUMBER='1' AIRFLOW_CTX_DAG_RUN_ID='scheduled__2023-11-19T00:00:00+00:00'
[2023-11-20T20:24:07.836+0000] {subprocess.py:63} INFO - Tmp dir root location: /tmp
[2023-11-20T20:24:07.844+0000] {subprocess.py:75} INFO - Running command: ['/bin/bash', '-c', 'echo 2']
[2023-11-20T20:24:08.081+0000] {subprocess.py:86} INFO - Output:
[2023-11-20T20:24:08.158+0000] {subprocess.py:93} INFO - 2
[2023-11-20T20:24:08.167+0000] {subprocess.py:97} INFO - Command exited with return code 0
[2023-11-20T20:24:08.390+0000] {taskinstance.py:1400} INFO - Marking task as SUCCESS. dag_id=outcomes_dag, task_id=step2, execution_date=20231119T000000, start_date=20231120T202404, end_date=20231120T202408
[2023-11-20T20:24:08.744+0000] {local_task_job_runner.py:228} INFO - Task exited with return code 0
[2023-11-20T20:24:08.846+0000] {taskinstance.py:2778} INFO - 0 downstream tasks scheduled from follow-on schedule check
