[2023-11-23T21:58:00.915+0000] {taskinstance.py:1159} INFO - Dependencies all met for dep_context=non-requeueable deps ti=<TaskInstance: outcomes_dag.extract scheduled__2023-11-08T00:00:00+00:00 [queued]>
[2023-11-23T21:58:02.126+0000] {taskinstance.py:1159} INFO - Dependencies all met for dep_context=requeueable deps ti=<TaskInstance: outcomes_dag.extract scheduled__2023-11-08T00:00:00+00:00 [queued]>
[2023-11-23T21:58:02.130+0000] {taskinstance.py:1361} INFO - Starting attempt 1 of 1
[2023-11-23T21:58:07.936+0000] {taskinstance.py:1382} INFO - Executing <Task(PythonOperator): extract> on 2023-11-08 00:00:00+00:00
[2023-11-23T21:58:08.481+0000] {standard_task_runner.py:57} INFO - Started process 132 to run task
[2023-11-23T21:58:09.341+0000] {standard_task_runner.py:84} INFO - Running: ['***', 'tasks', 'run', 'outcomes_dag', 'extract', 'scheduled__2023-11-08T00:00:00+00:00', '--job-id', '14', '--raw', '--subdir', 'DAGS_FOLDER/outcomes_dag.py', '--cfg-path', '/tmp/tmppdrfqep9']
[2023-11-23T21:58:10.633+0000] {standard_task_runner.py:85} INFO - Job 14: Subtask extract
[2023-11-23T21:58:13.350+0000] {task_command.py:416} INFO - Running <TaskInstance: outcomes_dag.extract scheduled__2023-11-08T00:00:00+00:00 [running]> on host 05b2ff981133
[2023-11-23T22:01:05.635+0000] {taskinstance.py:1662} INFO - Exporting env vars: AIRFLOW_CTX_DAG_OWNER='***' AIRFLOW_CTX_DAG_ID='outcomes_dag' AIRFLOW_CTX_TASK_ID='extract' AIRFLOW_CTX_EXECUTION_DATE='2023-11-08T00:00:00+00:00' AIRFLOW_CTX_TRY_NUMBER='1' AIRFLOW_CTX_DAG_RUN_ID='scheduled__2023-11-08T00:00:00+00:00'
[2023-11-23T22:01:14.794+0000] {python.py:194} INFO - Done. Returned value was: None
[2023-11-23T22:01:16.699+0000] {taskinstance.py:1400} INFO - Marking task as SUCCESS. dag_id=outcomes_dag, task_id=extract, execution_date=20231108T000000, start_date=20231123T215801, end_date=20231123T220116
[2023-11-23T22:01:21.185+0000] {local_task_job_runner.py:228} INFO - Task exited with return code 0
[2023-11-23T22:01:27.620+0000] {taskinstance.py:2778} INFO - 0 downstream tasks scheduled from follow-on schedule check
[2023-12-17T15:04:06.656+0000] {taskinstance.py:1159} INFO - Dependencies all met for dep_context=non-requeueable deps ti=<TaskInstance: outcomes_dag.extract scheduled__2023-11-08T00:00:00+00:00 [queued]>
[2023-12-17T15:04:06.665+0000] {taskinstance.py:1159} INFO - Dependencies all met for dep_context=requeueable deps ti=<TaskInstance: outcomes_dag.extract scheduled__2023-11-08T00:00:00+00:00 [queued]>
[2023-12-17T15:04:06.666+0000] {taskinstance.py:1361} INFO - Starting attempt 1 of 1
[2023-12-17T15:04:06.679+0000] {taskinstance.py:1382} INFO - Executing <Task(PythonOperator): extract> on 2023-11-08 00:00:00+00:00
[2023-12-17T15:04:06.685+0000] {standard_task_runner.py:57} INFO - Started process 278 to run task
[2023-12-17T15:04:06.688+0000] {standard_task_runner.py:84} INFO - Running: ['***', 'tasks', 'run', 'outcomes_dag', 'extract', 'scheduled__2023-11-08T00:00:00+00:00', '--job-id', '48', '--raw', '--subdir', 'DAGS_FOLDER/outcomes_dag.py', '--cfg-path', '/tmp/tmpy8b_gihb']
[2023-12-17T15:04:06.692+0000] {standard_task_runner.py:85} INFO - Job 48: Subtask extract
[2023-12-17T15:04:06.746+0000] {task_command.py:416} INFO - Running <TaskInstance: outcomes_dag.extract scheduled__2023-11-08T00:00:00+00:00 [running]> on host 7f0547651eb4
[2023-12-17T15:04:06.844+0000] {taskinstance.py:1662} INFO - Exporting env vars: AIRFLOW_CTX_DAG_OWNER='***' AIRFLOW_CTX_DAG_ID='outcomes_dag' AIRFLOW_CTX_TASK_ID='extract' AIRFLOW_CTX_EXECUTION_DATE='2023-11-08T00:00:00+00:00' AIRFLOW_CTX_TRY_NUMBER='1' AIRFLOW_CTX_DAG_RUN_ID='scheduled__2023-11-08T00:00:00+00:00'
[2023-12-17T15:04:11.162+0000] {python.py:194} INFO - Done. Returned value was: None
[2023-12-17T15:04:11.177+0000] {taskinstance.py:1400} INFO - Marking task as SUCCESS. dag_id=outcomes_dag, task_id=extract, execution_date=20231108T000000, start_date=20231217T150406, end_date=20231217T150411
[2023-12-17T15:04:11.209+0000] {local_task_job_runner.py:228} INFO - Task exited with return code 0
[2023-12-17T15:04:11.238+0000] {taskinstance.py:2778} INFO - 1 downstream tasks scheduled from follow-on schedule check
