[2023-11-25T20:36:27.165+0000] {taskinstance.py:1159} INFO - Dependencies all met for dep_context=non-requeueable deps ti=<TaskInstance: outcomes_dag.transform scheduled__2023-11-19T00:00:00+00:00 [queued]>
[2023-11-25T20:36:27.179+0000] {taskinstance.py:1159} INFO - Dependencies all met for dep_context=requeueable deps ti=<TaskInstance: outcomes_dag.transform scheduled__2023-11-19T00:00:00+00:00 [queued]>
[2023-11-25T20:36:27.180+0000] {taskinstance.py:1361} INFO - Starting attempt 2 of 2
[2023-11-25T20:36:27.198+0000] {taskinstance.py:1382} INFO - Executing <Task(PythonOperator): transform> on 2023-11-19 00:00:00+00:00
[2023-11-25T20:36:27.204+0000] {standard_task_runner.py:57} INFO - Started process 259 to run task
[2023-11-25T20:36:27.209+0000] {standard_task_runner.py:84} INFO - Running: ['***', 'tasks', 'run', 'outcomes_dag', 'transform', 'scheduled__2023-11-19T00:00:00+00:00', '--job-id', '20', '--raw', '--subdir', 'DAGS_FOLDER/outcomes_dag.py', '--cfg-path', '/tmp/tmpc3fbh4ns']
[2023-11-25T20:36:27.214+0000] {standard_task_runner.py:85} INFO - Job 20: Subtask transform
[2023-11-25T20:36:27.265+0000] {task_command.py:416} INFO - Running <TaskInstance: outcomes_dag.transform scheduled__2023-11-19T00:00:00+00:00 [running]> on host 17ac1e2d02c6
[2023-11-25T20:36:27.357+0000] {taskinstance.py:1662} INFO - Exporting env vars: AIRFLOW_CTX_DAG_OWNER='***' AIRFLOW_CTX_DAG_ID='outcomes_dag' AIRFLOW_CTX_TASK_ID='transform' AIRFLOW_CTX_EXECUTION_DATE='2023-11-19T00:00:00+00:00' AIRFLOW_CTX_TRY_NUMBER='2' AIRFLOW_CTX_DAG_RUN_ID='scheduled__2023-11-19T00:00:00+00:00'
[2023-11-25T20:36:28.088+0000] {python.py:194} INFO - Done. Returned value was: None
[2023-11-25T20:36:28.108+0000] {taskinstance.py:1400} INFO - Marking task as SUCCESS. dag_id=outcomes_dag, task_id=transform, execution_date=20231119T000000, start_date=20231125T203627, end_date=20231125T203628
[2023-11-25T20:36:28.150+0000] {local_task_job_runner.py:228} INFO - Task exited with return code 0
[2023-11-25T20:36:28.170+0000] {taskinstance.py:2778} INFO - 0 downstream tasks scheduled from follow-on schedule check
[2023-11-26T00:22:18.601+0000] {taskinstance.py:1159} INFO - Dependencies all met for dep_context=non-requeueable deps ti=<TaskInstance: outcomes_dag.transform scheduled__2023-11-19T00:00:00+00:00 [queued]>
[2023-11-26T00:22:18.612+0000] {taskinstance.py:1159} INFO - Dependencies all met for dep_context=requeueable deps ti=<TaskInstance: outcomes_dag.transform scheduled__2023-11-19T00:00:00+00:00 [queued]>
[2023-11-26T00:22:18.613+0000] {taskinstance.py:1361} INFO - Starting attempt 2 of 2
[2023-11-26T00:22:18.627+0000] {taskinstance.py:1382} INFO - Executing <Task(PythonOperator): transform> on 2023-11-19 00:00:00+00:00
[2023-11-26T00:22:18.633+0000] {standard_task_runner.py:57} INFO - Started process 142 to run task
[2023-11-26T00:22:18.637+0000] {standard_task_runner.py:84} INFO - Running: ['***', 'tasks', 'run', 'outcomes_dag', 'transform', 'scheduled__2023-11-19T00:00:00+00:00', '--job-id', '22', '--raw', '--subdir', 'DAGS_FOLDER/outcomes_dag.py', '--cfg-path', '/tmp/tmpk703bvbn']
[2023-11-26T00:22:18.641+0000] {standard_task_runner.py:85} INFO - Job 22: Subtask transform
[2023-11-26T00:22:18.696+0000] {task_command.py:416} INFO - Running <TaskInstance: outcomes_dag.transform scheduled__2023-11-19T00:00:00+00:00 [running]> on host decfc1fe5c09
[2023-11-26T00:22:18.788+0000] {taskinstance.py:1662} INFO - Exporting env vars: AIRFLOW_CTX_DAG_OWNER='***' AIRFLOW_CTX_DAG_ID='outcomes_dag' AIRFLOW_CTX_TASK_ID='transform' AIRFLOW_CTX_EXECUTION_DATE='2023-11-19T00:00:00+00:00' AIRFLOW_CTX_TRY_NUMBER='2' AIRFLOW_CTX_DAG_RUN_ID='scheduled__2023-11-19T00:00:00+00:00'
[2023-11-26T00:22:19.680+0000] {python.py:194} INFO - Done. Returned value was: None
[2023-11-26T00:22:19.697+0000] {taskinstance.py:1400} INFO - Marking task as SUCCESS. dag_id=outcomes_dag, task_id=transform, execution_date=20231119T000000, start_date=20231126T002218, end_date=20231126T002219
[2023-11-26T00:22:19.742+0000] {local_task_job_runner.py:228} INFO - Task exited with return code 0
[2023-11-26T00:22:19.765+0000] {taskinstance.py:2778} INFO - 1 downstream tasks scheduled from follow-on schedule check
[2023-11-26T02:22:39.207+0000] {taskinstance.py:1159} INFO - Dependencies all met for dep_context=non-requeueable deps ti=<TaskInstance: outcomes_dag.transform scheduled__2023-11-19T00:00:00+00:00 [queued]>
[2023-11-26T02:22:39.218+0000] {taskinstance.py:1159} INFO - Dependencies all met for dep_context=requeueable deps ti=<TaskInstance: outcomes_dag.transform scheduled__2023-11-19T00:00:00+00:00 [queued]>
[2023-11-26T02:22:39.219+0000] {taskinstance.py:1361} INFO - Starting attempt 2 of 2
[2023-11-26T02:22:39.235+0000] {taskinstance.py:1382} INFO - Executing <Task(PythonOperator): transform> on 2023-11-19 00:00:00+00:00
[2023-11-26T02:22:39.241+0000] {standard_task_runner.py:57} INFO - Started process 689 to run task
[2023-11-26T02:22:39.245+0000] {standard_task_runner.py:84} INFO - Running: ['***', 'tasks', 'run', 'outcomes_dag', 'transform', 'scheduled__2023-11-19T00:00:00+00:00', '--job-id', '52', '--raw', '--subdir', 'DAGS_FOLDER/outcomes_dag.py', '--cfg-path', '/tmp/tmp_kmarjx8']
[2023-11-26T02:22:39.248+0000] {standard_task_runner.py:85} INFO - Job 52: Subtask transform
[2023-11-26T02:22:39.301+0000] {task_command.py:416} INFO - Running <TaskInstance: outcomes_dag.transform scheduled__2023-11-19T00:00:00+00:00 [running]> on host 2011df1a4519
[2023-11-26T02:22:39.391+0000] {taskinstance.py:1662} INFO - Exporting env vars: AIRFLOW_CTX_DAG_OWNER='***' AIRFLOW_CTX_DAG_ID='outcomes_dag' AIRFLOW_CTX_TASK_ID='transform' AIRFLOW_CTX_EXECUTION_DATE='2023-11-19T00:00:00+00:00' AIRFLOW_CTX_TRY_NUMBER='2' AIRFLOW_CTX_DAG_RUN_ID='scheduled__2023-11-19T00:00:00+00:00'
[2023-11-26T02:22:40.304+0000] {python.py:194} INFO - Done. Returned value was: None
[2023-11-26T02:22:40.318+0000] {taskinstance.py:1400} INFO - Marking task as SUCCESS. dag_id=outcomes_dag, task_id=transform, execution_date=20231119T000000, start_date=20231126T022239, end_date=20231126T022240
[2023-11-26T02:22:40.389+0000] {local_task_job_runner.py:228} INFO - Task exited with return code 0
[2023-11-26T02:22:40.418+0000] {taskinstance.py:2778} INFO - 4 downstream tasks scheduled from follow-on schedule check
[2023-11-26T02:49:34.190+0000] {taskinstance.py:1159} INFO - Dependencies all met for dep_context=non-requeueable deps ti=<TaskInstance: outcomes_dag.transform scheduled__2023-11-19T00:00:00+00:00 [queued]>
[2023-11-26T02:49:34.201+0000] {taskinstance.py:1159} INFO - Dependencies all met for dep_context=requeueable deps ti=<TaskInstance: outcomes_dag.transform scheduled__2023-11-19T00:00:00+00:00 [queued]>
[2023-11-26T02:49:34.202+0000] {taskinstance.py:1361} INFO - Starting attempt 2 of 2
[2023-11-26T02:49:34.218+0000] {taskinstance.py:1382} INFO - Executing <Task(PythonOperator): transform> on 2023-11-19 00:00:00+00:00
[2023-11-26T02:49:34.224+0000] {standard_task_runner.py:57} INFO - Started process 376 to run task
[2023-11-26T02:49:34.227+0000] {standard_task_runner.py:84} INFO - Running: ['***', 'tasks', 'run', 'outcomes_dag', 'transform', 'scheduled__2023-11-19T00:00:00+00:00', '--job-id', '66', '--raw', '--subdir', 'DAGS_FOLDER/outcomes_dag.py', '--cfg-path', '/tmp/tmpy8qk0uie']
[2023-11-26T02:49:34.232+0000] {standard_task_runner.py:85} INFO - Job 66: Subtask transform
[2023-11-26T02:49:34.285+0000] {task_command.py:416} INFO - Running <TaskInstance: outcomes_dag.transform scheduled__2023-11-19T00:00:00+00:00 [running]> on host d8c33f99ee50
[2023-11-26T02:49:34.384+0000] {taskinstance.py:1662} INFO - Exporting env vars: AIRFLOW_CTX_DAG_OWNER='***' AIRFLOW_CTX_DAG_ID='outcomes_dag' AIRFLOW_CTX_TASK_ID='transform' AIRFLOW_CTX_EXECUTION_DATE='2023-11-19T00:00:00+00:00' AIRFLOW_CTX_TRY_NUMBER='2' AIRFLOW_CTX_DAG_RUN_ID='scheduled__2023-11-19T00:00:00+00:00'
[2023-11-26T02:49:43.923+0000] {python.py:194} INFO - Done. Returned value was: None
[2023-11-26T02:49:43.936+0000] {taskinstance.py:1400} INFO - Marking task as SUCCESS. dag_id=outcomes_dag, task_id=transform, execution_date=20231119T000000, start_date=20231126T024934, end_date=20231126T024943
[2023-11-26T02:49:43.992+0000] {local_task_job_runner.py:228} INFO - Task exited with return code 0
[2023-11-26T02:49:44.021+0000] {taskinstance.py:2778} INFO - 4 downstream tasks scheduled from follow-on schedule check
