[2023-11-20T20:13:11.560+0000] {taskinstance.py:1159} INFO - Dependencies all met for dep_context=non-requeueable deps ti=<TaskInstance: outcomes_dag.step1 scheduled__2023-11-17T00:00:00+00:00 [queued]>
[2023-11-20T20:13:11.641+0000] {taskinstance.py:1159} INFO - Dependencies all met for dep_context=requeueable deps ti=<TaskInstance: outcomes_dag.step1 scheduled__2023-11-17T00:00:00+00:00 [queued]>
[2023-11-20T20:13:11.649+0000] {taskinstance.py:1361} INFO - Starting attempt 1 of 1
[2023-11-20T20:13:11.765+0000] {taskinstance.py:1382} INFO - Executing <Task(BashOperator): step1> on 2023-11-17 00:00:00+00:00
[2023-11-20T20:13:11.823+0000] {standard_task_runner.py:57} INFO - Started process 395 to run task
[2023-11-20T20:13:11.862+0000] {standard_task_runner.py:84} INFO - Running: ['***', 'tasks', 'run', 'outcomes_dag', 'step1', 'scheduled__2023-11-17T00:00:00+00:00', '--job-id', '39', '--raw', '--subdir', 'DAGS_FOLDER/outcomes_dag.py', '--cfg-path', '/tmp/tmpk450sbv_']
[2023-11-20T20:13:11.873+0000] {standard_task_runner.py:85} INFO - Job 39: Subtask step1
[2023-11-20T20:13:13.723+0000] {task_command.py:416} INFO - Running <TaskInstance: outcomes_dag.step1 scheduled__2023-11-17T00:00:00+00:00 [running]> on host 8e6ddc1dc227
[2023-11-20T20:13:14.454+0000] {taskinstance.py:1662} INFO - Exporting env vars: AIRFLOW_CTX_DAG_OWNER='***' AIRFLOW_CTX_DAG_ID='outcomes_dag' AIRFLOW_CTX_TASK_ID='step1' AIRFLOW_CTX_EXECUTION_DATE='2023-11-17T00:00:00+00:00' AIRFLOW_CTX_TRY_NUMBER='1' AIRFLOW_CTX_DAG_RUN_ID='scheduled__2023-11-17T00:00:00+00:00'
[2023-11-20T20:13:14.464+0000] {subprocess.py:63} INFO - Tmp dir root location: /tmp
[2023-11-20T20:13:14.467+0000] {subprocess.py:75} INFO - Running command: ['/bin/bash', '-c', 'echo 1']
[2023-11-20T20:13:14.513+0000] {subprocess.py:86} INFO - Output:
[2023-11-20T20:13:14.517+0000] {subprocess.py:93} INFO - 1
[2023-11-20T20:13:14.521+0000] {subprocess.py:97} INFO - Command exited with return code 0
[2023-11-20T20:13:14.607+0000] {taskinstance.py:1400} INFO - Marking task as SUCCESS. dag_id=outcomes_dag, task_id=step1, execution_date=20231117T000000, start_date=20231120T201311, end_date=20231120T201314
[2023-11-20T20:13:14.651+0000] {local_task_job_runner.py:228} INFO - Task exited with return code 0
[2023-11-20T20:24:04.564+0000] {taskinstance.py:1159} INFO - Dependencies all met for dep_context=non-requeueable deps ti=<TaskInstance: outcomes_dag.step1 scheduled__2023-11-17T00:00:00+00:00 [queued]>
[2023-11-20T20:24:04.792+0000] {taskinstance.py:1159} INFO - Dependencies all met for dep_context=requeueable deps ti=<TaskInstance: outcomes_dag.step1 scheduled__2023-11-17T00:00:00+00:00 [queued]>
[2023-11-20T20:24:04.811+0000] {taskinstance.py:1361} INFO - Starting attempt 1 of 1
[2023-11-20T20:24:05.101+0000] {taskinstance.py:1382} INFO - Executing <Task(BashOperator): step1> on 2023-11-17 00:00:00+00:00
[2023-11-20T20:24:05.190+0000] {standard_task_runner.py:57} INFO - Started process 115 to run task
[2023-11-20T20:24:05.506+0000] {standard_task_runner.py:84} INFO - Running: ['***', 'tasks', 'run', 'outcomes_dag', 'step1', 'scheduled__2023-11-17T00:00:00+00:00', '--job-id', '9', '--raw', '--subdir', 'DAGS_FOLDER/outcomes_dag.py', '--cfg-path', '/tmp/tmp0pzvk9il']
[2023-11-20T20:24:05.575+0000] {standard_task_runner.py:85} INFO - Job 9: Subtask step1
[2023-11-20T20:24:07.080+0000] {task_command.py:416} INFO - Running <TaskInstance: outcomes_dag.step1 scheduled__2023-11-17T00:00:00+00:00 [running]> on host daf7997f8700
[2023-11-20T20:24:08.072+0000] {taskinstance.py:1662} INFO - Exporting env vars: AIRFLOW_CTX_DAG_OWNER='***' AIRFLOW_CTX_DAG_ID='outcomes_dag' AIRFLOW_CTX_TASK_ID='step1' AIRFLOW_CTX_EXECUTION_DATE='2023-11-17T00:00:00+00:00' AIRFLOW_CTX_TRY_NUMBER='1' AIRFLOW_CTX_DAG_RUN_ID='scheduled__2023-11-17T00:00:00+00:00'
[2023-11-20T20:24:08.133+0000] {subprocess.py:63} INFO - Tmp dir root location: /tmp
[2023-11-20T20:24:08.209+0000] {subprocess.py:75} INFO - Running command: ['/bin/bash', '-c', 'echo 1']
[2023-11-20T20:24:08.460+0000] {subprocess.py:86} INFO - Output:
[2023-11-20T20:24:08.578+0000] {subprocess.py:93} INFO - 1
[2023-11-20T20:24:08.589+0000] {subprocess.py:97} INFO - Command exited with return code 0
[2023-11-20T20:24:08.691+0000] {taskinstance.py:1400} INFO - Marking task as SUCCESS. dag_id=outcomes_dag, task_id=step1, execution_date=20231117T000000, start_date=20231120T202404, end_date=20231120T202408
[2023-11-20T20:24:08.864+0000] {local_task_job_runner.py:228} INFO - Task exited with return code 0
[2023-11-20T20:24:08.954+0000] {taskinstance.py:2778} INFO - 0 downstream tasks scheduled from follow-on schedule check
