[2023-11-26T01:54:02.993+0000] {taskinstance.py:1159} INFO - Dependencies all met for dep_context=non-requeueable deps ti=<TaskInstance: outcomes_dag.load_dim_dates scheduled__2023-11-25T00:00:00+00:00 [queued]>
[2023-11-26T01:54:03.015+0000] {taskinstance.py:1159} INFO - Dependencies all met for dep_context=requeueable deps ti=<TaskInstance: outcomes_dag.load_dim_dates scheduled__2023-11-25T00:00:00+00:00 [queued]>
[2023-11-26T01:54:03.016+0000] {taskinstance.py:1361} INFO - Starting attempt 1 of 1
[2023-11-26T01:54:03.046+0000] {taskinstance.py:1382} INFO - Executing <Task(PythonOperator): load_dim_dates> on 2023-11-25 00:00:00+00:00
[2023-11-26T01:54:03.055+0000] {standard_task_runner.py:57} INFO - Started process 234 to run task
[2023-11-26T01:54:03.062+0000] {standard_task_runner.py:84} INFO - Running: ['***', 'tasks', 'run', 'outcomes_dag', 'load_dim_dates', 'scheduled__2023-11-25T00:00:00+00:00', '--job-id', '37', '--raw', '--subdir', 'DAGS_FOLDER/outcomes_dag.py', '--cfg-path', '/tmp/tmpx631l3d7']
[2023-11-26T01:54:03.067+0000] {standard_task_runner.py:85} INFO - Job 37: Subtask load_dim_dates
[2023-11-26T01:54:03.129+0000] {task_command.py:416} INFO - Running <TaskInstance: outcomes_dag.load_dim_dates scheduled__2023-11-25T00:00:00+00:00 [running]> on host 2011df1a4519
[2023-11-26T01:54:03.227+0000] {taskinstance.py:1662} INFO - Exporting env vars: AIRFLOW_CTX_DAG_OWNER='***' AIRFLOW_CTX_DAG_ID='outcomes_dag' AIRFLOW_CTX_TASK_ID='load_dim_dates' AIRFLOW_CTX_EXECUTION_DATE='2023-11-25T00:00:00+00:00' AIRFLOW_CTX_TRY_NUMBER='1' AIRFLOW_CTX_DAG_RUN_ID='scheduled__2023-11-25T00:00:00+00:00'
[2023-11-26T01:54:05.885+0000] {python.py:194} INFO - Done. Returned value was: None
[2023-11-26T01:54:05.901+0000] {taskinstance.py:1400} INFO - Marking task as SUCCESS. dag_id=outcomes_dag, task_id=load_dim_dates, execution_date=20231125T000000, start_date=20231126T015402, end_date=20231126T015405
[2023-11-26T01:54:05.945+0000] {local_task_job_runner.py:228} INFO - Task exited with return code 0
[2023-11-26T01:54:05.965+0000] {taskinstance.py:2778} INFO - 0 downstream tasks scheduled from follow-on schedule check
[2023-11-26T02:45:27.953+0000] {taskinstance.py:1159} INFO - Dependencies all met for dep_context=non-requeueable deps ti=<TaskInstance: outcomes_dag.load_dim_dates scheduled__2023-11-25T00:00:00+00:00 [queued]>
[2023-11-26T02:45:28.029+0000] {taskinstance.py:1159} INFO - Dependencies all met for dep_context=requeueable deps ti=<TaskInstance: outcomes_dag.load_dim_dates scheduled__2023-11-25T00:00:00+00:00 [queued]>
[2023-11-26T02:45:28.036+0000] {taskinstance.py:1361} INFO - Starting attempt 1 of 1
[2023-11-26T02:45:28.274+0000] {taskinstance.py:1382} INFO - Executing <Task(PythonOperator): load_dim_dates> on 2023-11-25 00:00:00+00:00
[2023-11-26T02:45:28.545+0000] {standard_task_runner.py:57} INFO - Started process 296 to run task
[2023-11-26T02:45:28.874+0000] {standard_task_runner.py:84} INFO - Running: ['***', 'tasks', 'run', 'outcomes_dag', 'load_dim_dates', 'scheduled__2023-11-25T00:00:00+00:00', '--job-id', '58', '--raw', '--subdir', 'DAGS_FOLDER/outcomes_dag.py', '--cfg-path', '/tmp/tmp0k08hila']
[2023-11-26T02:45:28.971+0000] {standard_task_runner.py:85} INFO - Job 58: Subtask load_dim_dates
[2023-11-26T02:45:30.034+0000] {task_command.py:416} INFO - Running <TaskInstance: outcomes_dag.load_dim_dates scheduled__2023-11-25T00:00:00+00:00 [running]> on host d8c33f99ee50
[2023-11-26T02:45:30.505+0000] {taskinstance.py:1662} INFO - Exporting env vars: AIRFLOW_CTX_DAG_OWNER='***' AIRFLOW_CTX_DAG_ID='outcomes_dag' AIRFLOW_CTX_TASK_ID='load_dim_dates' AIRFLOW_CTX_EXECUTION_DATE='2023-11-25T00:00:00+00:00' AIRFLOW_CTX_TRY_NUMBER='1' AIRFLOW_CTX_DAG_RUN_ID='scheduled__2023-11-25T00:00:00+00:00'
[2023-11-26T02:45:33.959+0000] {python.py:194} INFO - Done. Returned value was: None
[2023-11-26T02:45:34.001+0000] {taskinstance.py:1400} INFO - Marking task as SUCCESS. dag_id=outcomes_dag, task_id=load_dim_dates, execution_date=20231125T000000, start_date=20231126T024527, end_date=20231126T024534
[2023-11-26T02:45:34.068+0000] {local_task_job_runner.py:228} INFO - Task exited with return code 0
[2023-11-26T02:45:34.110+0000] {taskinstance.py:2778} INFO - 0 downstream tasks scheduled from follow-on schedule check
