[2023-11-26T02:23:13.880+0000] {taskinstance.py:1159} INFO - Dependencies all met for dep_context=non-requeueable deps ti=<TaskInstance: outcomes_dag.load_dim_animal scheduled__2023-11-21T00:00:00+00:00 [queued]>
[2023-11-26T02:23:13.903+0000] {taskinstance.py:1159} INFO - Dependencies all met for dep_context=requeueable deps ti=<TaskInstance: outcomes_dag.load_dim_animal scheduled__2023-11-21T00:00:00+00:00 [queued]>
[2023-11-26T02:23:13.903+0000] {taskinstance.py:1361} INFO - Starting attempt 1 of 1
[2023-11-26T02:23:13.927+0000] {taskinstance.py:1382} INFO - Executing <Task(PythonOperator): load_dim_animal> on 2023-11-21 00:00:00+00:00
[2023-11-26T02:23:13.937+0000] {standard_task_runner.py:57} INFO - Started process 744 to run task
[2023-11-26T02:23:13.947+0000] {standard_task_runner.py:84} INFO - Running: ['***', 'tasks', 'run', 'outcomes_dag', 'load_dim_animal', 'scheduled__2023-11-21T00:00:00+00:00', '--job-id', '68', '--raw', '--subdir', 'DAGS_FOLDER/outcomes_dag.py', '--cfg-path', '/tmp/tmp5j89oj00']
[2023-11-26T02:23:13.953+0000] {standard_task_runner.py:85} INFO - Job 68: Subtask load_dim_animal
[2023-11-26T02:23:14.055+0000] {task_command.py:416} INFO - Running <TaskInstance: outcomes_dag.load_dim_animal scheduled__2023-11-21T00:00:00+00:00 [running]> on host 2011df1a4519
[2023-11-26T02:23:14.234+0000] {taskinstance.py:1662} INFO - Exporting env vars: AIRFLOW_CTX_DAG_OWNER='***' AIRFLOW_CTX_DAG_ID='outcomes_dag' AIRFLOW_CTX_TASK_ID='load_dim_animal' AIRFLOW_CTX_EXECUTION_DATE='2023-11-21T00:00:00+00:00' AIRFLOW_CTX_TRY_NUMBER='1' AIRFLOW_CTX_DAG_RUN_ID='scheduled__2023-11-21T00:00:00+00:00'
[2023-11-26T02:23:16.469+0000] {python.py:194} INFO - Done. Returned value was: None
[2023-11-26T02:23:16.482+0000] {taskinstance.py:1400} INFO - Marking task as SUCCESS. dag_id=outcomes_dag, task_id=load_dim_animal, execution_date=20231121T000000, start_date=20231126T022313, end_date=20231126T022316
[2023-11-26T02:23:16.542+0000] {local_task_job_runner.py:228} INFO - Task exited with return code 0
[2023-11-26T02:23:16.565+0000] {taskinstance.py:2778} INFO - 0 downstream tasks scheduled from follow-on schedule check
[2023-11-26T02:44:00.415+0000] {taskinstance.py:1159} INFO - Dependencies all met for dep_context=non-requeueable deps ti=<TaskInstance: outcomes_dag.load_dim_animal scheduled__2023-11-21T00:00:00+00:00 [queued]>
[2023-11-26T02:44:00.428+0000] {taskinstance.py:1159} INFO - Dependencies all met for dep_context=requeueable deps ti=<TaskInstance: outcomes_dag.load_dim_animal scheduled__2023-11-21T00:00:00+00:00 [queued]>
[2023-11-26T02:44:00.429+0000] {taskinstance.py:1361} INFO - Starting attempt 1 of 1
[2023-11-26T02:44:00.455+0000] {taskinstance.py:1382} INFO - Executing <Task(PythonOperator): load_dim_animal> on 2023-11-21 00:00:00+00:00
[2023-11-26T02:44:00.467+0000] {standard_task_runner.py:57} INFO - Started process 200 to run task
[2023-11-26T02:44:00.471+0000] {standard_task_runner.py:84} INFO - Running: ['***', 'tasks', 'run', 'outcomes_dag', 'load_dim_animal', 'scheduled__2023-11-21T00:00:00+00:00', '--job-id', '34', '--raw', '--subdir', 'DAGS_FOLDER/outcomes_dag.py', '--cfg-path', '/tmp/tmp20b3cewp']
[2023-11-26T02:44:00.476+0000] {standard_task_runner.py:85} INFO - Job 34: Subtask load_dim_animal
[2023-11-26T02:44:00.542+0000] {task_command.py:416} INFO - Running <TaskInstance: outcomes_dag.load_dim_animal scheduled__2023-11-21T00:00:00+00:00 [running]> on host d8c33f99ee50
[2023-11-26T02:44:00.647+0000] {taskinstance.py:1662} INFO - Exporting env vars: AIRFLOW_CTX_DAG_OWNER='***' AIRFLOW_CTX_DAG_ID='outcomes_dag' AIRFLOW_CTX_TASK_ID='load_dim_animal' AIRFLOW_CTX_EXECUTION_DATE='2023-11-21T00:00:00+00:00' AIRFLOW_CTX_TRY_NUMBER='1' AIRFLOW_CTX_DAG_RUN_ID='scheduled__2023-11-21T00:00:00+00:00'
[2023-11-26T02:44:03.690+0000] {python.py:194} INFO - Done. Returned value was: None
[2023-11-26T02:44:03.750+0000] {taskinstance.py:1400} INFO - Marking task as SUCCESS. dag_id=outcomes_dag, task_id=load_dim_animal, execution_date=20231121T000000, start_date=20231126T024400, end_date=20231126T024403
[2023-11-26T02:44:03.923+0000] {local_task_job_runner.py:228} INFO - Task exited with return code 0
[2023-11-26T02:44:03.967+0000] {taskinstance.py:2778} INFO - 0 downstream tasks scheduled from follow-on schedule check
