[2023-11-23T02:25:16.152+0000] {processor.py:157} INFO - Started process (PID=63) to work on /home/airflow/.local/lib/python3.8/site-packages/airflow/example_dags/example_nested_branch_dag.py
[2023-11-23T02:25:16.154+0000] {processor.py:829} INFO - Processing file /home/airflow/.local/lib/python3.8/site-packages/airflow/example_dags/example_nested_branch_dag.py for tasks to queue
[2023-11-23T02:25:16.157+0000] {logging_mixin.py:154} INFO - [2023-11-23T02:25:16.157+0000] {dagbag.py:536} INFO - Filling up the DagBag from /home/airflow/.local/lib/python3.8/site-packages/airflow/example_dags/example_nested_branch_dag.py
[2023-11-23T02:25:16.180+0000] {processor.py:839} INFO - DAG(s) dict_keys(['example_nested_branch_dag']) retrieved from /home/airflow/.local/lib/python3.8/site-packages/airflow/example_dags/example_nested_branch_dag.py
[2023-11-23T02:25:16.572+0000] {logging_mixin.py:154} INFO - [2023-11-23T02:25:16.571+0000] {manager.py:499} INFO - Created Permission View: %s
[2023-11-23T02:25:16.620+0000] {logging_mixin.py:154} INFO - [2023-11-23T02:25:16.618+0000] {manager.py:499} INFO - Created Permission View: %s
[2023-11-23T02:25:16.658+0000] {logging_mixin.py:154} INFO - [2023-11-23T02:25:16.658+0000] {manager.py:499} INFO - Created Permission View: %s
[2023-11-23T02:25:16.669+0000] {logging_mixin.py:154} INFO - [2023-11-23T02:25:16.669+0000] {dag.py:2941} INFO - Sync 1 DAGs
[2023-11-23T02:25:16.725+0000] {logging_mixin.py:154} INFO - [2023-11-23T02:25:16.725+0000] {dag.py:2963} INFO - Creating ORM DAG for example_nested_branch_dag
[2023-11-23T02:25:16.812+0000] {logging_mixin.py:154} INFO - [2023-11-23T02:25:16.811+0000] {dag.py:3722} INFO - Setting next_dagrun for example_nested_branch_dag to 2023-11-22T00:00:00+00:00, run_after=2023-11-23T00:00:00+00:00
[2023-11-23T02:25:16.889+0000] {processor.py:179} INFO - Processing /home/airflow/.local/lib/python3.8/site-packages/airflow/example_dags/example_nested_branch_dag.py took 0.754 seconds
[2023-11-23T02:25:52.041+0000] {processor.py:157} INFO - Started process (PID=125) to work on /home/airflow/.local/lib/python3.8/site-packages/airflow/example_dags/example_nested_branch_dag.py
[2023-11-23T02:25:52.043+0000] {processor.py:829} INFO - Processing file /home/airflow/.local/lib/python3.8/site-packages/airflow/example_dags/example_nested_branch_dag.py for tasks to queue
[2023-11-23T02:25:52.050+0000] {logging_mixin.py:154} INFO - [2023-11-23T02:25:52.049+0000] {dagbag.py:536} INFO - Filling up the DagBag from /home/airflow/.local/lib/python3.8/site-packages/airflow/example_dags/example_nested_branch_dag.py
[2023-11-23T02:25:52.093+0000] {processor.py:839} INFO - DAG(s) dict_keys(['example_nested_branch_dag']) retrieved from /home/airflow/.local/lib/python3.8/site-packages/airflow/example_dags/example_nested_branch_dag.py
[2023-11-23T02:25:52.284+0000] {logging_mixin.py:154} INFO - [2023-11-23T02:25:52.284+0000] {dag.py:2941} INFO - Sync 1 DAGs
[2023-11-23T02:25:52.393+0000] {logging_mixin.py:154} INFO - [2023-11-23T02:25:52.392+0000] {dag.py:3722} INFO - Setting next_dagrun for example_nested_branch_dag to 2023-11-22T00:00:00+00:00, run_after=2023-11-23T00:00:00+00:00
[2023-11-23T02:25:52.451+0000] {processor.py:179} INFO - Processing /home/airflow/.local/lib/python3.8/site-packages/airflow/example_dags/example_nested_branch_dag.py took 0.419 seconds
[2023-11-23T02:26:23.432+0000] {processor.py:157} INFO - Started process (PID=179) to work on /home/airflow/.local/lib/python3.8/site-packages/airflow/example_dags/example_nested_branch_dag.py
[2023-11-23T02:26:23.436+0000] {processor.py:829} INFO - Processing file /home/airflow/.local/lib/python3.8/site-packages/airflow/example_dags/example_nested_branch_dag.py for tasks to queue
[2023-11-23T02:26:23.439+0000] {logging_mixin.py:154} INFO - [2023-11-23T02:26:23.439+0000] {dagbag.py:536} INFO - Filling up the DagBag from /home/airflow/.local/lib/python3.8/site-packages/airflow/example_dags/example_nested_branch_dag.py
[2023-11-23T02:26:23.461+0000] {processor.py:839} INFO - DAG(s) dict_keys(['example_nested_branch_dag']) retrieved from /home/airflow/.local/lib/python3.8/site-packages/airflow/example_dags/example_nested_branch_dag.py
[2023-11-23T02:26:23.552+0000] {logging_mixin.py:154} INFO - [2023-11-23T02:26:23.551+0000] {dag.py:2941} INFO - Sync 1 DAGs
[2023-11-23T02:26:23.608+0000] {logging_mixin.py:154} INFO - [2023-11-23T02:26:23.607+0000] {dag.py:3722} INFO - Setting next_dagrun for example_nested_branch_dag to 2023-11-22T00:00:00+00:00, run_after=2023-11-23T00:00:00+00:00
[2023-11-23T02:26:23.639+0000] {processor.py:179} INFO - Processing /home/airflow/.local/lib/python3.8/site-packages/airflow/example_dags/example_nested_branch_dag.py took 0.213 seconds
[2023-11-23T02:26:53.862+0000] {processor.py:157} INFO - Started process (PID=233) to work on /home/airflow/.local/lib/python3.8/site-packages/airflow/example_dags/example_nested_branch_dag.py
[2023-11-23T02:26:53.864+0000] {processor.py:829} INFO - Processing file /home/airflow/.local/lib/python3.8/site-packages/airflow/example_dags/example_nested_branch_dag.py for tasks to queue
[2023-11-23T02:26:53.872+0000] {logging_mixin.py:154} INFO - [2023-11-23T02:26:53.869+0000] {dagbag.py:536} INFO - Filling up the DagBag from /home/airflow/.local/lib/python3.8/site-packages/airflow/example_dags/example_nested_branch_dag.py
[2023-11-23T02:26:53.899+0000] {processor.py:839} INFO - DAG(s) dict_keys(['example_nested_branch_dag']) retrieved from /home/airflow/.local/lib/python3.8/site-packages/airflow/example_dags/example_nested_branch_dag.py
[2023-11-23T02:26:53.949+0000] {logging_mixin.py:154} INFO - [2023-11-23T02:26:53.949+0000] {dag.py:2941} INFO - Sync 1 DAGs
[2023-11-23T02:26:53.995+0000] {logging_mixin.py:154} INFO - [2023-11-23T02:26:53.995+0000] {dag.py:3722} INFO - Setting next_dagrun for example_nested_branch_dag to 2023-11-22T00:00:00+00:00, run_after=2023-11-23T00:00:00+00:00
[2023-11-23T02:26:54.040+0000] {processor.py:179} INFO - Processing /home/airflow/.local/lib/python3.8/site-packages/airflow/example_dags/example_nested_branch_dag.py took 0.189 seconds
[2023-11-23T02:27:25.726+0000] {processor.py:157} INFO - Started process (PID=287) to work on /home/airflow/.local/lib/python3.8/site-packages/airflow/example_dags/example_nested_branch_dag.py
[2023-11-23T02:27:25.740+0000] {processor.py:829} INFO - Processing file /home/airflow/.local/lib/python3.8/site-packages/airflow/example_dags/example_nested_branch_dag.py for tasks to queue
[2023-11-23T02:27:25.750+0000] {logging_mixin.py:154} INFO - [2023-11-23T02:27:25.749+0000] {dagbag.py:536} INFO - Filling up the DagBag from /home/airflow/.local/lib/python3.8/site-packages/airflow/example_dags/example_nested_branch_dag.py
[2023-11-23T02:27:25.830+0000] {processor.py:839} INFO - DAG(s) dict_keys(['example_nested_branch_dag']) retrieved from /home/airflow/.local/lib/python3.8/site-packages/airflow/example_dags/example_nested_branch_dag.py
[2023-11-23T02:27:26.471+0000] {logging_mixin.py:154} INFO - [2023-11-23T02:27:26.471+0000] {dag.py:2941} INFO - Sync 1 DAGs
[2023-11-23T02:27:27.077+0000] {logging_mixin.py:154} INFO - [2023-11-23T02:27:27.076+0000] {dag.py:3722} INFO - Setting next_dagrun for example_nested_branch_dag to 2023-11-22T00:00:00+00:00, run_after=2023-11-23T00:00:00+00:00
[2023-11-23T02:27:27.220+0000] {processor.py:179} INFO - Processing /home/airflow/.local/lib/python3.8/site-packages/airflow/example_dags/example_nested_branch_dag.py took 1.517 seconds
[2023-11-23T02:27:57.343+0000] {processor.py:157} INFO - Started process (PID=340) to work on /home/airflow/.local/lib/python3.8/site-packages/airflow/example_dags/example_nested_branch_dag.py
[2023-11-23T02:27:57.345+0000] {processor.py:829} INFO - Processing file /home/airflow/.local/lib/python3.8/site-packages/airflow/example_dags/example_nested_branch_dag.py for tasks to queue
[2023-11-23T02:27:57.349+0000] {logging_mixin.py:154} INFO - [2023-11-23T02:27:57.349+0000] {dagbag.py:536} INFO - Filling up the DagBag from /home/airflow/.local/lib/python3.8/site-packages/airflow/example_dags/example_nested_branch_dag.py
[2023-11-23T02:27:57.370+0000] {processor.py:839} INFO - DAG(s) dict_keys(['example_nested_branch_dag']) retrieved from /home/airflow/.local/lib/python3.8/site-packages/airflow/example_dags/example_nested_branch_dag.py
[2023-11-23T02:27:57.408+0000] {logging_mixin.py:154} INFO - [2023-11-23T02:27:57.407+0000] {dag.py:2941} INFO - Sync 1 DAGs
[2023-11-23T02:27:57.450+0000] {logging_mixin.py:154} INFO - [2023-11-23T02:27:57.450+0000] {dag.py:3722} INFO - Setting next_dagrun for example_nested_branch_dag to 2023-11-22T00:00:00+00:00, run_after=2023-11-23T00:00:00+00:00
[2023-11-23T02:27:57.492+0000] {processor.py:179} INFO - Processing /home/airflow/.local/lib/python3.8/site-packages/airflow/example_dags/example_nested_branch_dag.py took 0.154 seconds
[2023-11-23T02:28:27.521+0000] {processor.py:157} INFO - Started process (PID=393) to work on /home/airflow/.local/lib/python3.8/site-packages/airflow/example_dags/example_nested_branch_dag.py
[2023-11-23T02:28:27.522+0000] {processor.py:829} INFO - Processing file /home/airflow/.local/lib/python3.8/site-packages/airflow/example_dags/example_nested_branch_dag.py for tasks to queue
[2023-11-23T02:28:27.525+0000] {logging_mixin.py:154} INFO - [2023-11-23T02:28:27.525+0000] {dagbag.py:536} INFO - Filling up the DagBag from /home/airflow/.local/lib/python3.8/site-packages/airflow/example_dags/example_nested_branch_dag.py
[2023-11-23T02:28:27.538+0000] {processor.py:839} INFO - DAG(s) dict_keys(['example_nested_branch_dag']) retrieved from /home/airflow/.local/lib/python3.8/site-packages/airflow/example_dags/example_nested_branch_dag.py
[2023-11-23T02:28:27.565+0000] {logging_mixin.py:154} INFO - [2023-11-23T02:28:27.564+0000] {dag.py:2941} INFO - Sync 1 DAGs
[2023-11-23T02:28:27.591+0000] {logging_mixin.py:154} INFO - [2023-11-23T02:28:27.591+0000] {dag.py:3722} INFO - Setting next_dagrun for example_nested_branch_dag to 2023-11-22T00:00:00+00:00, run_after=2023-11-23T00:00:00+00:00
[2023-11-23T02:28:27.616+0000] {processor.py:179} INFO - Processing /home/airflow/.local/lib/python3.8/site-packages/airflow/example_dags/example_nested_branch_dag.py took 0.100 seconds
[2023-11-23T02:28:57.762+0000] {processor.py:157} INFO - Started process (PID=447) to work on /home/airflow/.local/lib/python3.8/site-packages/airflow/example_dags/example_nested_branch_dag.py
[2023-11-23T02:28:57.763+0000] {processor.py:829} INFO - Processing file /home/airflow/.local/lib/python3.8/site-packages/airflow/example_dags/example_nested_branch_dag.py for tasks to queue
[2023-11-23T02:28:57.766+0000] {logging_mixin.py:154} INFO - [2023-11-23T02:28:57.765+0000] {dagbag.py:536} INFO - Filling up the DagBag from /home/airflow/.local/lib/python3.8/site-packages/airflow/example_dags/example_nested_branch_dag.py
[2023-11-23T02:28:57.779+0000] {processor.py:839} INFO - DAG(s) dict_keys(['example_nested_branch_dag']) retrieved from /home/airflow/.local/lib/python3.8/site-packages/airflow/example_dags/example_nested_branch_dag.py
[2023-11-23T02:28:57.804+0000] {logging_mixin.py:154} INFO - [2023-11-23T02:28:57.804+0000] {dag.py:2941} INFO - Sync 1 DAGs
[2023-11-23T02:28:57.832+0000] {logging_mixin.py:154} INFO - [2023-11-23T02:28:57.832+0000] {dag.py:3722} INFO - Setting next_dagrun for example_nested_branch_dag to 2023-11-22T00:00:00+00:00, run_after=2023-11-23T00:00:00+00:00
[2023-11-23T02:28:57.854+0000] {processor.py:179} INFO - Processing /home/airflow/.local/lib/python3.8/site-packages/airflow/example_dags/example_nested_branch_dag.py took 0.096 seconds
[2023-11-23T02:29:27.938+0000] {processor.py:157} INFO - Started process (PID=501) to work on /home/airflow/.local/lib/python3.8/site-packages/airflow/example_dags/example_nested_branch_dag.py
[2023-11-23T02:29:27.940+0000] {processor.py:829} INFO - Processing file /home/airflow/.local/lib/python3.8/site-packages/airflow/example_dags/example_nested_branch_dag.py for tasks to queue
[2023-11-23T02:29:27.943+0000] {logging_mixin.py:154} INFO - [2023-11-23T02:29:27.942+0000] {dagbag.py:536} INFO - Filling up the DagBag from /home/airflow/.local/lib/python3.8/site-packages/airflow/example_dags/example_nested_branch_dag.py
[2023-11-23T02:29:27.955+0000] {processor.py:839} INFO - DAG(s) dict_keys(['example_nested_branch_dag']) retrieved from /home/airflow/.local/lib/python3.8/site-packages/airflow/example_dags/example_nested_branch_dag.py
[2023-11-23T02:29:27.983+0000] {logging_mixin.py:154} INFO - [2023-11-23T02:29:27.983+0000] {dag.py:2941} INFO - Sync 1 DAGs
[2023-11-23T02:29:28.009+0000] {logging_mixin.py:154} INFO - [2023-11-23T02:29:28.009+0000] {dag.py:3722} INFO - Setting next_dagrun for example_nested_branch_dag to 2023-11-22T00:00:00+00:00, run_after=2023-11-23T00:00:00+00:00
[2023-11-23T02:29:28.034+0000] {processor.py:179} INFO - Processing /home/airflow/.local/lib/python3.8/site-packages/airflow/example_dags/example_nested_branch_dag.py took 0.100 seconds
[2023-11-23T02:29:58.931+0000] {processor.py:157} INFO - Started process (PID=555) to work on /home/airflow/.local/lib/python3.8/site-packages/airflow/example_dags/example_nested_branch_dag.py
[2023-11-23T02:29:58.941+0000] {processor.py:829} INFO - Processing file /home/airflow/.local/lib/python3.8/site-packages/airflow/example_dags/example_nested_branch_dag.py for tasks to queue
[2023-11-23T02:29:58.945+0000] {logging_mixin.py:154} INFO - [2023-11-23T02:29:58.945+0000] {dagbag.py:536} INFO - Filling up the DagBag from /home/airflow/.local/lib/python3.8/site-packages/airflow/example_dags/example_nested_branch_dag.py
[2023-11-23T02:29:59.002+0000] {processor.py:839} INFO - DAG(s) dict_keys(['example_nested_branch_dag']) retrieved from /home/airflow/.local/lib/python3.8/site-packages/airflow/example_dags/example_nested_branch_dag.py
[2023-11-23T02:29:59.081+0000] {logging_mixin.py:154} INFO - [2023-11-23T02:29:59.081+0000] {dag.py:2941} INFO - Sync 1 DAGs
[2023-11-23T02:29:59.129+0000] {logging_mixin.py:154} INFO - [2023-11-23T02:29:59.128+0000] {dag.py:3722} INFO - Setting next_dagrun for example_nested_branch_dag to 2023-11-22T00:00:00+00:00, run_after=2023-11-23T00:00:00+00:00
[2023-11-23T02:29:59.174+0000] {processor.py:179} INFO - Processing /home/airflow/.local/lib/python3.8/site-packages/airflow/example_dags/example_nested_branch_dag.py took 0.249 seconds
[2023-11-23T02:30:29.789+0000] {processor.py:157} INFO - Started process (PID=608) to work on /home/airflow/.local/lib/python3.8/site-packages/airflow/example_dags/example_nested_branch_dag.py
[2023-11-23T02:30:29.791+0000] {processor.py:829} INFO - Processing file /home/airflow/.local/lib/python3.8/site-packages/airflow/example_dags/example_nested_branch_dag.py for tasks to queue
[2023-11-23T02:30:29.798+0000] {logging_mixin.py:154} INFO - [2023-11-23T02:30:29.797+0000] {dagbag.py:536} INFO - Filling up the DagBag from /home/airflow/.local/lib/python3.8/site-packages/airflow/example_dags/example_nested_branch_dag.py
[2023-11-23T02:30:29.827+0000] {processor.py:839} INFO - DAG(s) dict_keys(['example_nested_branch_dag']) retrieved from /home/airflow/.local/lib/python3.8/site-packages/airflow/example_dags/example_nested_branch_dag.py
[2023-11-23T02:30:29.894+0000] {logging_mixin.py:154} INFO - [2023-11-23T02:30:29.894+0000] {dag.py:2941} INFO - Sync 1 DAGs
[2023-11-23T02:30:29.981+0000] {logging_mixin.py:154} INFO - [2023-11-23T02:30:29.981+0000] {dag.py:3722} INFO - Setting next_dagrun for example_nested_branch_dag to 2023-11-22T00:00:00+00:00, run_after=2023-11-23T00:00:00+00:00
[2023-11-23T02:30:30.027+0000] {processor.py:179} INFO - Processing /home/airflow/.local/lib/python3.8/site-packages/airflow/example_dags/example_nested_branch_dag.py took 0.249 seconds
[2023-11-23T02:31:00.673+0000] {processor.py:157} INFO - Started process (PID=662) to work on /home/airflow/.local/lib/python3.8/site-packages/airflow/example_dags/example_nested_branch_dag.py
[2023-11-23T02:31:00.675+0000] {processor.py:829} INFO - Processing file /home/airflow/.local/lib/python3.8/site-packages/airflow/example_dags/example_nested_branch_dag.py for tasks to queue
[2023-11-23T02:31:00.681+0000] {logging_mixin.py:154} INFO - [2023-11-23T02:31:00.681+0000] {dagbag.py:536} INFO - Filling up the DagBag from /home/airflow/.local/lib/python3.8/site-packages/airflow/example_dags/example_nested_branch_dag.py
[2023-11-23T02:31:00.707+0000] {processor.py:839} INFO - DAG(s) dict_keys(['example_nested_branch_dag']) retrieved from /home/airflow/.local/lib/python3.8/site-packages/airflow/example_dags/example_nested_branch_dag.py
[2023-11-23T02:31:00.748+0000] {logging_mixin.py:154} INFO - [2023-11-23T02:31:00.747+0000] {dag.py:2941} INFO - Sync 1 DAGs
[2023-11-23T02:31:00.810+0000] {logging_mixin.py:154} INFO - [2023-11-23T02:31:00.810+0000] {dag.py:3722} INFO - Setting next_dagrun for example_nested_branch_dag to 2023-11-22T00:00:00+00:00, run_after=2023-11-23T00:00:00+00:00
[2023-11-23T02:31:00.892+0000] {processor.py:179} INFO - Processing /home/airflow/.local/lib/python3.8/site-packages/airflow/example_dags/example_nested_branch_dag.py took 0.233 seconds
[2023-11-23T02:31:32.134+0000] {processor.py:157} INFO - Started process (PID=716) to work on /home/airflow/.local/lib/python3.8/site-packages/airflow/example_dags/example_nested_branch_dag.py
[2023-11-23T02:31:32.181+0000] {processor.py:829} INFO - Processing file /home/airflow/.local/lib/python3.8/site-packages/airflow/example_dags/example_nested_branch_dag.py for tasks to queue
[2023-11-23T02:31:32.223+0000] {logging_mixin.py:154} INFO - [2023-11-23T02:31:32.223+0000] {dagbag.py:536} INFO - Filling up the DagBag from /home/airflow/.local/lib/python3.8/site-packages/airflow/example_dags/example_nested_branch_dag.py
[2023-11-23T02:31:32.315+0000] {processor.py:839} INFO - DAG(s) dict_keys(['example_nested_branch_dag']) retrieved from /home/airflow/.local/lib/python3.8/site-packages/airflow/example_dags/example_nested_branch_dag.py
[2023-11-23T02:31:32.678+0000] {logging_mixin.py:154} INFO - [2023-11-23T02:31:32.677+0000] {dag.py:2941} INFO - Sync 1 DAGs
[2023-11-23T02:31:32.992+0000] {logging_mixin.py:154} INFO - [2023-11-23T02:31:32.991+0000] {dag.py:3722} INFO - Setting next_dagrun for example_nested_branch_dag to 2023-11-22T00:00:00+00:00, run_after=2023-11-23T00:00:00+00:00
[2023-11-23T02:31:33.024+0000] {processor.py:179} INFO - Processing /home/airflow/.local/lib/python3.8/site-packages/airflow/example_dags/example_nested_branch_dag.py took 0.940 seconds
[2023-11-23T03:44:14.391+0000] {processor.py:157} INFO - Started process (PID=69) to work on /home/airflow/.local/lib/python3.8/site-packages/airflow/example_dags/example_nested_branch_dag.py
[2023-11-23T03:44:14.441+0000] {processor.py:829} INFO - Processing file /home/airflow/.local/lib/python3.8/site-packages/airflow/example_dags/example_nested_branch_dag.py for tasks to queue
[2023-11-23T03:44:14.447+0000] {logging_mixin.py:154} INFO - [2023-11-23T03:44:14.446+0000] {dagbag.py:536} INFO - Filling up the DagBag from /home/airflow/.local/lib/python3.8/site-packages/airflow/example_dags/example_nested_branch_dag.py
[2023-11-23T03:44:14.572+0000] {processor.py:839} INFO - DAG(s) dict_keys(['example_nested_branch_dag']) retrieved from /home/airflow/.local/lib/python3.8/site-packages/airflow/example_dags/example_nested_branch_dag.py
[2023-11-23T03:44:15.706+0000] {logging_mixin.py:154} INFO - [2023-11-23T03:44:15.658+0000] {dag.py:2941} INFO - Sync 1 DAGs
[2023-11-23T03:44:16.656+0000] {logging_mixin.py:154} INFO - [2023-11-23T03:44:16.654+0000] {dag.py:3722} INFO - Setting next_dagrun for example_nested_branch_dag to 2023-11-22T00:00:00+00:00, run_after=2023-11-23T00:00:00+00:00
[2023-11-23T03:44:17.031+0000] {processor.py:179} INFO - Processing /home/airflow/.local/lib/python3.8/site-packages/airflow/example_dags/example_nested_branch_dag.py took 2.736 seconds
[2023-11-23T03:44:52.896+0000] {processor.py:157} INFO - Started process (PID=130) to work on /home/airflow/.local/lib/python3.8/site-packages/airflow/example_dags/example_nested_branch_dag.py
[2023-11-23T03:44:52.900+0000] {processor.py:829} INFO - Processing file /home/airflow/.local/lib/python3.8/site-packages/airflow/example_dags/example_nested_branch_dag.py for tasks to queue
[2023-11-23T03:44:52.904+0000] {logging_mixin.py:154} INFO - [2023-11-23T03:44:52.903+0000] {dagbag.py:536} INFO - Filling up the DagBag from /home/airflow/.local/lib/python3.8/site-packages/airflow/example_dags/example_nested_branch_dag.py
[2023-11-23T03:44:52.928+0000] {processor.py:839} INFO - DAG(s) dict_keys(['example_nested_branch_dag']) retrieved from /home/airflow/.local/lib/python3.8/site-packages/airflow/example_dags/example_nested_branch_dag.py
[2023-11-23T03:44:52.978+0000] {logging_mixin.py:154} INFO - [2023-11-23T03:44:52.978+0000] {dag.py:2941} INFO - Sync 1 DAGs
[2023-11-23T03:44:53.018+0000] {logging_mixin.py:154} INFO - [2023-11-23T03:44:53.018+0000] {dag.py:3722} INFO - Setting next_dagrun for example_nested_branch_dag to 2023-11-22T00:00:00+00:00, run_after=2023-11-23T00:00:00+00:00
[2023-11-23T03:44:53.091+0000] {processor.py:179} INFO - Processing /home/airflow/.local/lib/python3.8/site-packages/airflow/example_dags/example_nested_branch_dag.py took 0.200 seconds
[2023-11-23T04:15:42.502+0000] {processor.py:157} INFO - Started process (PID=195) to work on /home/airflow/.local/lib/python3.8/site-packages/airflow/example_dags/example_nested_branch_dag.py
[2023-11-23T04:15:42.504+0000] {processor.py:829} INFO - Processing file /home/airflow/.local/lib/python3.8/site-packages/airflow/example_dags/example_nested_branch_dag.py for tasks to queue
[2023-11-23T04:15:42.508+0000] {logging_mixin.py:154} INFO - [2023-11-23T04:15:42.508+0000] {dagbag.py:536} INFO - Filling up the DagBag from /home/airflow/.local/lib/python3.8/site-packages/airflow/example_dags/example_nested_branch_dag.py
[2023-11-23T04:15:42.528+0000] {processor.py:839} INFO - DAG(s) dict_keys(['example_nested_branch_dag']) retrieved from /home/airflow/.local/lib/python3.8/site-packages/airflow/example_dags/example_nested_branch_dag.py
[2023-11-23T04:15:42.578+0000] {logging_mixin.py:154} INFO - [2023-11-23T04:15:42.578+0000] {dag.py:2941} INFO - Sync 1 DAGs
[2023-11-23T04:15:42.651+0000] {logging_mixin.py:154} INFO - [2023-11-23T04:15:42.651+0000] {dag.py:3722} INFO - Setting next_dagrun for example_nested_branch_dag to 2023-11-22T00:00:00+00:00, run_after=2023-11-23T00:00:00+00:00
[2023-11-23T04:15:42.700+0000] {processor.py:179} INFO - Processing /home/airflow/.local/lib/python3.8/site-packages/airflow/example_dags/example_nested_branch_dag.py took 0.205 seconds
[2023-11-23T04:16:12.797+0000] {processor.py:157} INFO - Started process (PID=248) to work on /home/airflow/.local/lib/python3.8/site-packages/airflow/example_dags/example_nested_branch_dag.py
[2023-11-23T04:16:12.798+0000] {processor.py:829} INFO - Processing file /home/airflow/.local/lib/python3.8/site-packages/airflow/example_dags/example_nested_branch_dag.py for tasks to queue
[2023-11-23T04:16:12.801+0000] {logging_mixin.py:154} INFO - [2023-11-23T04:16:12.801+0000] {dagbag.py:536} INFO - Filling up the DagBag from /home/airflow/.local/lib/python3.8/site-packages/airflow/example_dags/example_nested_branch_dag.py
[2023-11-23T04:16:12.822+0000] {processor.py:839} INFO - DAG(s) dict_keys(['example_nested_branch_dag']) retrieved from /home/airflow/.local/lib/python3.8/site-packages/airflow/example_dags/example_nested_branch_dag.py
[2023-11-23T04:16:12.871+0000] {logging_mixin.py:154} INFO - [2023-11-23T04:16:12.871+0000] {dag.py:2941} INFO - Sync 1 DAGs
[2023-11-23T04:16:12.902+0000] {logging_mixin.py:154} INFO - [2023-11-23T04:16:12.901+0000] {dag.py:3722} INFO - Setting next_dagrun for example_nested_branch_dag to 2023-11-22T00:00:00+00:00, run_after=2023-11-23T00:00:00+00:00
[2023-11-23T04:16:12.932+0000] {processor.py:179} INFO - Processing /home/airflow/.local/lib/python3.8/site-packages/airflow/example_dags/example_nested_branch_dag.py took 0.140 seconds
[2023-11-23T04:16:44.141+0000] {processor.py:157} INFO - Started process (PID=302) to work on /home/airflow/.local/lib/python3.8/site-packages/airflow/example_dags/example_nested_branch_dag.py
[2023-11-23T04:16:44.144+0000] {processor.py:829} INFO - Processing file /home/airflow/.local/lib/python3.8/site-packages/airflow/example_dags/example_nested_branch_dag.py for tasks to queue
[2023-11-23T04:16:44.147+0000] {logging_mixin.py:154} INFO - [2023-11-23T04:16:44.147+0000] {dagbag.py:536} INFO - Filling up the DagBag from /home/airflow/.local/lib/python3.8/site-packages/airflow/example_dags/example_nested_branch_dag.py
[2023-11-23T04:16:44.170+0000] {processor.py:839} INFO - DAG(s) dict_keys(['example_nested_branch_dag']) retrieved from /home/airflow/.local/lib/python3.8/site-packages/airflow/example_dags/example_nested_branch_dag.py
[2023-11-23T04:16:44.208+0000] {logging_mixin.py:154} INFO - [2023-11-23T04:16:44.207+0000] {dag.py:2941} INFO - Sync 1 DAGs
[2023-11-23T04:16:44.242+0000] {logging_mixin.py:154} INFO - [2023-11-23T04:16:44.242+0000] {dag.py:3722} INFO - Setting next_dagrun for example_nested_branch_dag to 2023-11-22T00:00:00+00:00, run_after=2023-11-23T00:00:00+00:00
[2023-11-23T04:16:44.274+0000] {processor.py:179} INFO - Processing /home/airflow/.local/lib/python3.8/site-packages/airflow/example_dags/example_nested_branch_dag.py took 0.137 seconds
[2023-11-23T04:17:14.891+0000] {processor.py:157} INFO - Started process (PID=356) to work on /home/airflow/.local/lib/python3.8/site-packages/airflow/example_dags/example_nested_branch_dag.py
[2023-11-23T04:17:14.892+0000] {processor.py:829} INFO - Processing file /home/airflow/.local/lib/python3.8/site-packages/airflow/example_dags/example_nested_branch_dag.py for tasks to queue
[2023-11-23T04:17:14.898+0000] {logging_mixin.py:154} INFO - [2023-11-23T04:17:14.898+0000] {dagbag.py:536} INFO - Filling up the DagBag from /home/airflow/.local/lib/python3.8/site-packages/airflow/example_dags/example_nested_branch_dag.py
[2023-11-23T04:17:14.918+0000] {processor.py:839} INFO - DAG(s) dict_keys(['example_nested_branch_dag']) retrieved from /home/airflow/.local/lib/python3.8/site-packages/airflow/example_dags/example_nested_branch_dag.py
[2023-11-23T04:17:14.982+0000] {logging_mixin.py:154} INFO - [2023-11-23T04:17:14.982+0000] {dag.py:2941} INFO - Sync 1 DAGs
[2023-11-23T04:17:15.034+0000] {logging_mixin.py:154} INFO - [2023-11-23T04:17:15.033+0000] {dag.py:3722} INFO - Setting next_dagrun for example_nested_branch_dag to 2023-11-22T00:00:00+00:00, run_after=2023-11-23T00:00:00+00:00
[2023-11-23T04:17:15.095+0000] {processor.py:179} INFO - Processing /home/airflow/.local/lib/python3.8/site-packages/airflow/example_dags/example_nested_branch_dag.py took 0.211 seconds
[2023-11-23T04:17:45.355+0000] {processor.py:157} INFO - Started process (PID=410) to work on /home/airflow/.local/lib/python3.8/site-packages/airflow/example_dags/example_nested_branch_dag.py
[2023-11-23T04:17:45.357+0000] {processor.py:829} INFO - Processing file /home/airflow/.local/lib/python3.8/site-packages/airflow/example_dags/example_nested_branch_dag.py for tasks to queue
[2023-11-23T04:17:45.372+0000] {logging_mixin.py:154} INFO - [2023-11-23T04:17:45.365+0000] {dagbag.py:536} INFO - Filling up the DagBag from /home/airflow/.local/lib/python3.8/site-packages/airflow/example_dags/example_nested_branch_dag.py
[2023-11-23T04:17:45.394+0000] {processor.py:839} INFO - DAG(s) dict_keys(['example_nested_branch_dag']) retrieved from /home/airflow/.local/lib/python3.8/site-packages/airflow/example_dags/example_nested_branch_dag.py
[2023-11-23T04:17:45.440+0000] {logging_mixin.py:154} INFO - [2023-11-23T04:17:45.440+0000] {dag.py:2941} INFO - Sync 1 DAGs
[2023-11-23T04:17:45.479+0000] {logging_mixin.py:154} INFO - [2023-11-23T04:17:45.479+0000] {dag.py:3722} INFO - Setting next_dagrun for example_nested_branch_dag to 2023-11-22T00:00:00+00:00, run_after=2023-11-23T00:00:00+00:00
[2023-11-23T04:17:45.504+0000] {processor.py:179} INFO - Processing /home/airflow/.local/lib/python3.8/site-packages/airflow/example_dags/example_nested_branch_dag.py took 0.159 seconds
[2023-11-23T04:18:16.838+0000] {processor.py:157} INFO - Started process (PID=463) to work on /home/airflow/.local/lib/python3.8/site-packages/airflow/example_dags/example_nested_branch_dag.py
[2023-11-23T04:18:16.840+0000] {processor.py:829} INFO - Processing file /home/airflow/.local/lib/python3.8/site-packages/airflow/example_dags/example_nested_branch_dag.py for tasks to queue
[2023-11-23T04:18:16.844+0000] {logging_mixin.py:154} INFO - [2023-11-23T04:18:16.843+0000] {dagbag.py:536} INFO - Filling up the DagBag from /home/airflow/.local/lib/python3.8/site-packages/airflow/example_dags/example_nested_branch_dag.py
[2023-11-23T04:18:16.865+0000] {processor.py:839} INFO - DAG(s) dict_keys(['example_nested_branch_dag']) retrieved from /home/airflow/.local/lib/python3.8/site-packages/airflow/example_dags/example_nested_branch_dag.py
[2023-11-23T04:18:16.907+0000] {logging_mixin.py:154} INFO - [2023-11-23T04:18:16.907+0000] {dag.py:2941} INFO - Sync 1 DAGs
[2023-11-23T04:18:16.962+0000] {logging_mixin.py:154} INFO - [2023-11-23T04:18:16.962+0000] {dag.py:3722} INFO - Setting next_dagrun for example_nested_branch_dag to 2023-11-22T00:00:00+00:00, run_after=2023-11-23T00:00:00+00:00
[2023-11-23T04:18:17.032+0000] {processor.py:179} INFO - Processing /home/airflow/.local/lib/python3.8/site-packages/airflow/example_dags/example_nested_branch_dag.py took 0.199 seconds
[2023-11-23T04:18:49.127+0000] {processor.py:157} INFO - Started process (PID=524) to work on /home/airflow/.local/lib/python3.8/site-packages/airflow/example_dags/example_nested_branch_dag.py
[2023-11-23T04:18:49.129+0000] {processor.py:829} INFO - Processing file /home/airflow/.local/lib/python3.8/site-packages/airflow/example_dags/example_nested_branch_dag.py for tasks to queue
[2023-11-23T04:18:49.134+0000] {logging_mixin.py:154} INFO - [2023-11-23T04:18:49.134+0000] {dagbag.py:536} INFO - Filling up the DagBag from /home/airflow/.local/lib/python3.8/site-packages/airflow/example_dags/example_nested_branch_dag.py
[2023-11-23T04:18:49.169+0000] {processor.py:839} INFO - DAG(s) dict_keys(['example_nested_branch_dag']) retrieved from /home/airflow/.local/lib/python3.8/site-packages/airflow/example_dags/example_nested_branch_dag.py
[2023-11-23T04:18:49.223+0000] {logging_mixin.py:154} INFO - [2023-11-23T04:18:49.222+0000] {dag.py:2941} INFO - Sync 1 DAGs
[2023-11-23T04:18:49.286+0000] {logging_mixin.py:154} INFO - [2023-11-23T04:18:49.286+0000] {dag.py:3722} INFO - Setting next_dagrun for example_nested_branch_dag to 2023-11-22T00:00:00+00:00, run_after=2023-11-23T00:00:00+00:00
[2023-11-23T04:18:49.331+0000] {processor.py:179} INFO - Processing /home/airflow/.local/lib/python3.8/site-packages/airflow/example_dags/example_nested_branch_dag.py took 0.214 seconds
[2023-11-23T04:19:20.838+0000] {processor.py:157} INFO - Started process (PID=578) to work on /home/airflow/.local/lib/python3.8/site-packages/airflow/example_dags/example_nested_branch_dag.py
[2023-11-23T04:19:20.841+0000] {processor.py:829} INFO - Processing file /home/airflow/.local/lib/python3.8/site-packages/airflow/example_dags/example_nested_branch_dag.py for tasks to queue
[2023-11-23T04:19:20.852+0000] {logging_mixin.py:154} INFO - [2023-11-23T04:19:20.851+0000] {dagbag.py:536} INFO - Filling up the DagBag from /home/airflow/.local/lib/python3.8/site-packages/airflow/example_dags/example_nested_branch_dag.py
[2023-11-23T04:19:20.898+0000] {processor.py:839} INFO - DAG(s) dict_keys(['example_nested_branch_dag']) retrieved from /home/airflow/.local/lib/python3.8/site-packages/airflow/example_dags/example_nested_branch_dag.py
[2023-11-23T04:19:20.971+0000] {logging_mixin.py:154} INFO - [2023-11-23T04:19:20.971+0000] {dag.py:2941} INFO - Sync 1 DAGs
[2023-11-23T04:19:21.067+0000] {logging_mixin.py:154} INFO - [2023-11-23T04:19:21.067+0000] {dag.py:3722} INFO - Setting next_dagrun for example_nested_branch_dag to 2023-11-22T00:00:00+00:00, run_after=2023-11-23T00:00:00+00:00
[2023-11-23T04:19:21.097+0000] {processor.py:179} INFO - Processing /home/airflow/.local/lib/python3.8/site-packages/airflow/example_dags/example_nested_branch_dag.py took 0.270 seconds
[2023-11-23T04:19:51.586+0000] {processor.py:157} INFO - Started process (PID=631) to work on /home/airflow/.local/lib/python3.8/site-packages/airflow/example_dags/example_nested_branch_dag.py
[2023-11-23T04:19:51.588+0000] {processor.py:829} INFO - Processing file /home/airflow/.local/lib/python3.8/site-packages/airflow/example_dags/example_nested_branch_dag.py for tasks to queue
[2023-11-23T04:19:51.592+0000] {logging_mixin.py:154} INFO - [2023-11-23T04:19:51.592+0000] {dagbag.py:536} INFO - Filling up the DagBag from /home/airflow/.local/lib/python3.8/site-packages/airflow/example_dags/example_nested_branch_dag.py
[2023-11-23T04:19:51.611+0000] {processor.py:839} INFO - DAG(s) dict_keys(['example_nested_branch_dag']) retrieved from /home/airflow/.local/lib/python3.8/site-packages/airflow/example_dags/example_nested_branch_dag.py
[2023-11-23T04:19:51.649+0000] {logging_mixin.py:154} INFO - [2023-11-23T04:19:51.649+0000] {dag.py:2941} INFO - Sync 1 DAGs
[2023-11-23T04:19:51.687+0000] {logging_mixin.py:154} INFO - [2023-11-23T04:19:51.687+0000] {dag.py:3722} INFO - Setting next_dagrun for example_nested_branch_dag to 2023-11-22T00:00:00+00:00, run_after=2023-11-23T00:00:00+00:00
[2023-11-23T04:19:51.719+0000] {processor.py:179} INFO - Processing /home/airflow/.local/lib/python3.8/site-packages/airflow/example_dags/example_nested_branch_dag.py took 0.140 seconds
[2023-11-23T04:20:22.668+0000] {processor.py:157} INFO - Started process (PID=685) to work on /home/airflow/.local/lib/python3.8/site-packages/airflow/example_dags/example_nested_branch_dag.py
[2023-11-23T04:20:22.670+0000] {processor.py:829} INFO - Processing file /home/airflow/.local/lib/python3.8/site-packages/airflow/example_dags/example_nested_branch_dag.py for tasks to queue
[2023-11-23T04:20:22.676+0000] {logging_mixin.py:154} INFO - [2023-11-23T04:20:22.675+0000] {dagbag.py:536} INFO - Filling up the DagBag from /home/airflow/.local/lib/python3.8/site-packages/airflow/example_dags/example_nested_branch_dag.py
[2023-11-23T04:20:22.711+0000] {processor.py:839} INFO - DAG(s) dict_keys(['example_nested_branch_dag']) retrieved from /home/airflow/.local/lib/python3.8/site-packages/airflow/example_dags/example_nested_branch_dag.py
[2023-11-23T04:20:22.759+0000] {logging_mixin.py:154} INFO - [2023-11-23T04:20:22.759+0000] {dag.py:2941} INFO - Sync 1 DAGs
[2023-11-23T04:20:22.822+0000] {logging_mixin.py:154} INFO - [2023-11-23T04:20:22.821+0000] {dag.py:3722} INFO - Setting next_dagrun for example_nested_branch_dag to 2023-11-22T00:00:00+00:00, run_after=2023-11-23T00:00:00+00:00
[2023-11-23T04:20:22.875+0000] {processor.py:179} INFO - Processing /home/airflow/.local/lib/python3.8/site-packages/airflow/example_dags/example_nested_branch_dag.py took 0.220 seconds
[2023-11-23T04:20:53.217+0000] {processor.py:157} INFO - Started process (PID=739) to work on /home/airflow/.local/lib/python3.8/site-packages/airflow/example_dags/example_nested_branch_dag.py
[2023-11-23T04:20:53.220+0000] {processor.py:829} INFO - Processing file /home/airflow/.local/lib/python3.8/site-packages/airflow/example_dags/example_nested_branch_dag.py for tasks to queue
[2023-11-23T04:20:53.226+0000] {logging_mixin.py:154} INFO - [2023-11-23T04:20:53.225+0000] {dagbag.py:536} INFO - Filling up the DagBag from /home/airflow/.local/lib/python3.8/site-packages/airflow/example_dags/example_nested_branch_dag.py
[2023-11-23T04:20:53.252+0000] {processor.py:839} INFO - DAG(s) dict_keys(['example_nested_branch_dag']) retrieved from /home/airflow/.local/lib/python3.8/site-packages/airflow/example_dags/example_nested_branch_dag.py
[2023-11-23T04:20:53.296+0000] {logging_mixin.py:154} INFO - [2023-11-23T04:20:53.296+0000] {dag.py:2941} INFO - Sync 1 DAGs
[2023-11-23T04:20:53.348+0000] {logging_mixin.py:154} INFO - [2023-11-23T04:20:53.347+0000] {dag.py:3722} INFO - Setting next_dagrun for example_nested_branch_dag to 2023-11-22T00:00:00+00:00, run_after=2023-11-23T00:00:00+00:00
[2023-11-23T04:20:53.400+0000] {processor.py:179} INFO - Processing /home/airflow/.local/lib/python3.8/site-packages/airflow/example_dags/example_nested_branch_dag.py took 0.191 seconds
[2023-11-23T04:21:29.759+0000] {processor.py:157} INFO - Started process (PID=793) to work on /home/airflow/.local/lib/python3.8/site-packages/airflow/example_dags/example_nested_branch_dag.py
[2023-11-23T04:21:29.761+0000] {processor.py:829} INFO - Processing file /home/airflow/.local/lib/python3.8/site-packages/airflow/example_dags/example_nested_branch_dag.py for tasks to queue
[2023-11-23T04:21:29.826+0000] {logging_mixin.py:154} INFO - [2023-11-23T04:21:29.826+0000] {dagbag.py:536} INFO - Filling up the DagBag from /home/airflow/.local/lib/python3.8/site-packages/airflow/example_dags/example_nested_branch_dag.py
[2023-11-23T04:21:29.936+0000] {processor.py:839} INFO - DAG(s) dict_keys(['example_nested_branch_dag']) retrieved from /home/airflow/.local/lib/python3.8/site-packages/airflow/example_dags/example_nested_branch_dag.py
[2023-11-23T04:21:30.292+0000] {logging_mixin.py:154} INFO - [2023-11-23T04:21:30.292+0000] {dag.py:2941} INFO - Sync 1 DAGs
[2023-11-23T04:21:30.369+0000] {logging_mixin.py:154} INFO - [2023-11-23T04:21:30.369+0000] {dag.py:3722} INFO - Setting next_dagrun for example_nested_branch_dag to 2023-11-22T00:00:00+00:00, run_after=2023-11-23T00:00:00+00:00
[2023-11-23T04:21:30.660+0000] {processor.py:179} INFO - Processing /home/airflow/.local/lib/python3.8/site-packages/airflow/example_dags/example_nested_branch_dag.py took 0.937 seconds
[2023-11-23T04:22:01.813+0000] {processor.py:157} INFO - Started process (PID=847) to work on /home/airflow/.local/lib/python3.8/site-packages/airflow/example_dags/example_nested_branch_dag.py
[2023-11-23T04:22:01.815+0000] {processor.py:829} INFO - Processing file /home/airflow/.local/lib/python3.8/site-packages/airflow/example_dags/example_nested_branch_dag.py for tasks to queue
[2023-11-23T04:22:01.821+0000] {logging_mixin.py:154} INFO - [2023-11-23T04:22:01.820+0000] {dagbag.py:536} INFO - Filling up the DagBag from /home/airflow/.local/lib/python3.8/site-packages/airflow/example_dags/example_nested_branch_dag.py
[2023-11-23T04:22:01.858+0000] {processor.py:839} INFO - DAG(s) dict_keys(['example_nested_branch_dag']) retrieved from /home/airflow/.local/lib/python3.8/site-packages/airflow/example_dags/example_nested_branch_dag.py
[2023-11-23T04:22:01.907+0000] {logging_mixin.py:154} INFO - [2023-11-23T04:22:01.907+0000] {dag.py:2941} INFO - Sync 1 DAGs
[2023-11-23T04:22:01.964+0000] {logging_mixin.py:154} INFO - [2023-11-23T04:22:01.963+0000] {dag.py:3722} INFO - Setting next_dagrun for example_nested_branch_dag to 2023-11-22T00:00:00+00:00, run_after=2023-11-23T00:00:00+00:00
[2023-11-23T04:22:02.040+0000] {processor.py:179} INFO - Processing /home/airflow/.local/lib/python3.8/site-packages/airflow/example_dags/example_nested_branch_dag.py took 0.252 seconds
