[2023-11-23T02:25:20.387+0000] {processor.py:157} INFO - Started process (PID=83) to work on /home/airflow/.local/lib/python3.8/site-packages/airflow/example_dags/example_python_operator.py
[2023-11-23T02:25:20.389+0000] {processor.py:829} INFO - Processing file /home/airflow/.local/lib/python3.8/site-packages/airflow/example_dags/example_python_operator.py for tasks to queue
[2023-11-23T02:25:20.394+0000] {logging_mixin.py:154} INFO - [2023-11-23T02:25:20.394+0000] {dagbag.py:536} INFO - Filling up the DagBag from /home/airflow/.local/lib/python3.8/site-packages/airflow/example_dags/example_python_operator.py
[2023-11-23T02:25:20.439+0000] {processor.py:839} INFO - DAG(s) dict_keys(['example_python_operator']) retrieved from /home/airflow/.local/lib/python3.8/site-packages/airflow/example_dags/example_python_operator.py
[2023-11-23T02:25:20.734+0000] {logging_mixin.py:154} INFO - [2023-11-23T02:25:20.734+0000] {manager.py:499} INFO - Created Permission View: %s
[2023-11-23T02:25:20.752+0000] {logging_mixin.py:154} INFO - [2023-11-23T02:25:20.751+0000] {manager.py:499} INFO - Created Permission View: %s
[2023-11-23T02:25:20.772+0000] {logging_mixin.py:154} INFO - [2023-11-23T02:25:20.772+0000] {manager.py:499} INFO - Created Permission View: %s
[2023-11-23T02:25:20.773+0000] {logging_mixin.py:154} INFO - [2023-11-23T02:25:20.773+0000] {dag.py:2941} INFO - Sync 1 DAGs
[2023-11-23T02:25:20.800+0000] {logging_mixin.py:154} INFO - [2023-11-23T02:25:20.800+0000] {dag.py:2963} INFO - Creating ORM DAG for example_python_operator
[2023-11-23T02:25:20.802+0000] {logging_mixin.py:154} INFO - [2023-11-23T02:25:20.801+0000] {dag.py:3722} INFO - Setting next_dagrun for example_python_operator to None, run_after=None
[2023-11-23T02:25:20.844+0000] {processor.py:179} INFO - Processing /home/airflow/.local/lib/python3.8/site-packages/airflow/example_dags/example_python_operator.py took 0.462 seconds
[2023-11-23T02:25:58.880+0000] {processor.py:157} INFO - Started process (PID=137) to work on /home/airflow/.local/lib/python3.8/site-packages/airflow/example_dags/example_python_operator.py
[2023-11-23T02:25:58.887+0000] {processor.py:829} INFO - Processing file /home/airflow/.local/lib/python3.8/site-packages/airflow/example_dags/example_python_operator.py for tasks to queue
[2023-11-23T02:25:58.892+0000] {logging_mixin.py:154} INFO - [2023-11-23T02:25:58.891+0000] {dagbag.py:536} INFO - Filling up the DagBag from /home/airflow/.local/lib/python3.8/site-packages/airflow/example_dags/example_python_operator.py
[2023-11-23T02:25:58.916+0000] {processor.py:839} INFO - DAG(s) dict_keys(['example_python_operator']) retrieved from /home/airflow/.local/lib/python3.8/site-packages/airflow/example_dags/example_python_operator.py
[2023-11-23T02:25:58.984+0000] {logging_mixin.py:154} INFO - [2023-11-23T02:25:58.984+0000] {dag.py:2941} INFO - Sync 1 DAGs
[2023-11-23T02:25:59.018+0000] {logging_mixin.py:154} INFO - [2023-11-23T02:25:59.018+0000] {dag.py:3722} INFO - Setting next_dagrun for example_python_operator to None, run_after=None
[2023-11-23T02:25:59.056+0000] {processor.py:179} INFO - Processing /home/airflow/.local/lib/python3.8/site-packages/airflow/example_dags/example_python_operator.py took 0.181 seconds
[2023-11-23T02:26:29.587+0000] {processor.py:157} INFO - Started process (PID=191) to work on /home/airflow/.local/lib/python3.8/site-packages/airflow/example_dags/example_python_operator.py
[2023-11-23T02:26:29.589+0000] {processor.py:829} INFO - Processing file /home/airflow/.local/lib/python3.8/site-packages/airflow/example_dags/example_python_operator.py for tasks to queue
[2023-11-23T02:26:29.592+0000] {logging_mixin.py:154} INFO - [2023-11-23T02:26:29.591+0000] {dagbag.py:536} INFO - Filling up the DagBag from /home/airflow/.local/lib/python3.8/site-packages/airflow/example_dags/example_python_operator.py
[2023-11-23T02:26:29.607+0000] {processor.py:839} INFO - DAG(s) dict_keys(['example_python_operator']) retrieved from /home/airflow/.local/lib/python3.8/site-packages/airflow/example_dags/example_python_operator.py
[2023-11-23T02:26:29.645+0000] {logging_mixin.py:154} INFO - [2023-11-23T02:26:29.645+0000] {dag.py:2941} INFO - Sync 1 DAGs
[2023-11-23T02:26:29.662+0000] {logging_mixin.py:154} INFO - [2023-11-23T02:26:29.662+0000] {dag.py:3722} INFO - Setting next_dagrun for example_python_operator to None, run_after=None
[2023-11-23T02:26:29.689+0000] {processor.py:179} INFO - Processing /home/airflow/.local/lib/python3.8/site-packages/airflow/example_dags/example_python_operator.py took 0.107 seconds
[2023-11-23T02:27:01.091+0000] {processor.py:157} INFO - Started process (PID=245) to work on /home/airflow/.local/lib/python3.8/site-packages/airflow/example_dags/example_python_operator.py
[2023-11-23T02:27:01.094+0000] {processor.py:829} INFO - Processing file /home/airflow/.local/lib/python3.8/site-packages/airflow/example_dags/example_python_operator.py for tasks to queue
[2023-11-23T02:27:01.098+0000] {logging_mixin.py:154} INFO - [2023-11-23T02:27:01.098+0000] {dagbag.py:536} INFO - Filling up the DagBag from /home/airflow/.local/lib/python3.8/site-packages/airflow/example_dags/example_python_operator.py
[2023-11-23T02:27:01.124+0000] {processor.py:839} INFO - DAG(s) dict_keys(['example_python_operator']) retrieved from /home/airflow/.local/lib/python3.8/site-packages/airflow/example_dags/example_python_operator.py
[2023-11-23T02:27:01.170+0000] {logging_mixin.py:154} INFO - [2023-11-23T02:27:01.170+0000] {dag.py:2941} INFO - Sync 1 DAGs
[2023-11-23T02:27:01.190+0000] {logging_mixin.py:154} INFO - [2023-11-23T02:27:01.190+0000] {dag.py:3722} INFO - Setting next_dagrun for example_python_operator to None, run_after=None
[2023-11-23T02:27:01.219+0000] {processor.py:179} INFO - Processing /home/airflow/.local/lib/python3.8/site-packages/airflow/example_dags/example_python_operator.py took 0.134 seconds
[2023-11-23T02:27:33.803+0000] {processor.py:157} INFO - Started process (PID=299) to work on /home/airflow/.local/lib/python3.8/site-packages/airflow/example_dags/example_python_operator.py
[2023-11-23T02:27:33.806+0000] {processor.py:829} INFO - Processing file /home/airflow/.local/lib/python3.8/site-packages/airflow/example_dags/example_python_operator.py for tasks to queue
[2023-11-23T02:27:33.812+0000] {logging_mixin.py:154} INFO - [2023-11-23T02:27:33.811+0000] {dagbag.py:536} INFO - Filling up the DagBag from /home/airflow/.local/lib/python3.8/site-packages/airflow/example_dags/example_python_operator.py
[2023-11-23T02:27:33.840+0000] {processor.py:839} INFO - DAG(s) dict_keys(['example_python_operator']) retrieved from /home/airflow/.local/lib/python3.8/site-packages/airflow/example_dags/example_python_operator.py
[2023-11-23T02:27:33.897+0000] {logging_mixin.py:154} INFO - [2023-11-23T02:27:33.897+0000] {dag.py:2941} INFO - Sync 1 DAGs
[2023-11-23T02:27:33.935+0000] {logging_mixin.py:154} INFO - [2023-11-23T02:27:33.932+0000] {dag.py:3722} INFO - Setting next_dagrun for example_python_operator to None, run_after=None
[2023-11-23T02:27:34.025+0000] {processor.py:179} INFO - Processing /home/airflow/.local/lib/python3.8/site-packages/airflow/example_dags/example_python_operator.py took 0.227 seconds
[2023-11-23T02:28:05.528+0000] {processor.py:157} INFO - Started process (PID=355) to work on /home/airflow/.local/lib/python3.8/site-packages/airflow/example_dags/example_python_operator.py
[2023-11-23T02:28:05.534+0000] {processor.py:829} INFO - Processing file /home/airflow/.local/lib/python3.8/site-packages/airflow/example_dags/example_python_operator.py for tasks to queue
[2023-11-23T02:28:05.542+0000] {logging_mixin.py:154} INFO - [2023-11-23T02:28:05.541+0000] {dagbag.py:536} INFO - Filling up the DagBag from /home/airflow/.local/lib/python3.8/site-packages/airflow/example_dags/example_python_operator.py
[2023-11-23T02:28:05.562+0000] {processor.py:839} INFO - DAG(s) dict_keys(['example_python_operator']) retrieved from /home/airflow/.local/lib/python3.8/site-packages/airflow/example_dags/example_python_operator.py
[2023-11-23T02:28:05.603+0000] {logging_mixin.py:154} INFO - [2023-11-23T02:28:05.603+0000] {dag.py:2941} INFO - Sync 1 DAGs
[2023-11-23T02:28:05.620+0000] {logging_mixin.py:154} INFO - [2023-11-23T02:28:05.620+0000] {dag.py:3722} INFO - Setting next_dagrun for example_python_operator to None, run_after=None
[2023-11-23T02:28:05.651+0000] {processor.py:179} INFO - Processing /home/airflow/.local/lib/python3.8/site-packages/airflow/example_dags/example_python_operator.py took 0.127 seconds
[2023-11-23T02:28:36.384+0000] {processor.py:157} INFO - Started process (PID=408) to work on /home/airflow/.local/lib/python3.8/site-packages/airflow/example_dags/example_python_operator.py
[2023-11-23T02:28:36.392+0000] {processor.py:829} INFO - Processing file /home/airflow/.local/lib/python3.8/site-packages/airflow/example_dags/example_python_operator.py for tasks to queue
[2023-11-23T02:28:36.395+0000] {logging_mixin.py:154} INFO - [2023-11-23T02:28:36.395+0000] {dagbag.py:536} INFO - Filling up the DagBag from /home/airflow/.local/lib/python3.8/site-packages/airflow/example_dags/example_python_operator.py
[2023-11-23T02:28:36.419+0000] {processor.py:839} INFO - DAG(s) dict_keys(['example_python_operator']) retrieved from /home/airflow/.local/lib/python3.8/site-packages/airflow/example_dags/example_python_operator.py
[2023-11-23T02:28:36.478+0000] {logging_mixin.py:154} INFO - [2023-11-23T02:28:36.478+0000] {dag.py:2941} INFO - Sync 1 DAGs
[2023-11-23T02:28:36.510+0000] {logging_mixin.py:154} INFO - [2023-11-23T02:28:36.510+0000] {dag.py:3722} INFO - Setting next_dagrun for example_python_operator to None, run_after=None
[2023-11-23T02:28:36.553+0000] {processor.py:179} INFO - Processing /home/airflow/.local/lib/python3.8/site-packages/airflow/example_dags/example_python_operator.py took 0.182 seconds
[2023-11-23T02:29:07.341+0000] {processor.py:157} INFO - Started process (PID=464) to work on /home/airflow/.local/lib/python3.8/site-packages/airflow/example_dags/example_python_operator.py
[2023-11-23T02:29:07.342+0000] {processor.py:829} INFO - Processing file /home/airflow/.local/lib/python3.8/site-packages/airflow/example_dags/example_python_operator.py for tasks to queue
[2023-11-23T02:29:07.356+0000] {logging_mixin.py:154} INFO - [2023-11-23T02:29:07.355+0000] {dagbag.py:536} INFO - Filling up the DagBag from /home/airflow/.local/lib/python3.8/site-packages/airflow/example_dags/example_python_operator.py
[2023-11-23T02:29:07.393+0000] {processor.py:839} INFO - DAG(s) dict_keys(['example_python_operator']) retrieved from /home/airflow/.local/lib/python3.8/site-packages/airflow/example_dags/example_python_operator.py
[2023-11-23T02:29:07.460+0000] {logging_mixin.py:154} INFO - [2023-11-23T02:29:07.460+0000] {dag.py:2941} INFO - Sync 1 DAGs
[2023-11-23T02:29:07.493+0000] {logging_mixin.py:154} INFO - [2023-11-23T02:29:07.493+0000] {dag.py:3722} INFO - Setting next_dagrun for example_python_operator to None, run_after=None
[2023-11-23T02:29:07.532+0000] {processor.py:179} INFO - Processing /home/airflow/.local/lib/python3.8/site-packages/airflow/example_dags/example_python_operator.py took 0.205 seconds
[2023-11-23T02:29:38.322+0000] {processor.py:157} INFO - Started process (PID=518) to work on /home/airflow/.local/lib/python3.8/site-packages/airflow/example_dags/example_python_operator.py
[2023-11-23T02:29:38.326+0000] {processor.py:829} INFO - Processing file /home/airflow/.local/lib/python3.8/site-packages/airflow/example_dags/example_python_operator.py for tasks to queue
[2023-11-23T02:29:38.329+0000] {logging_mixin.py:154} INFO - [2023-11-23T02:29:38.329+0000] {dagbag.py:536} INFO - Filling up the DagBag from /home/airflow/.local/lib/python3.8/site-packages/airflow/example_dags/example_python_operator.py
[2023-11-23T02:29:38.345+0000] {processor.py:839} INFO - DAG(s) dict_keys(['example_python_operator']) retrieved from /home/airflow/.local/lib/python3.8/site-packages/airflow/example_dags/example_python_operator.py
[2023-11-23T02:29:38.375+0000] {logging_mixin.py:154} INFO - [2023-11-23T02:29:38.375+0000] {dag.py:2941} INFO - Sync 1 DAGs
[2023-11-23T02:29:38.392+0000] {logging_mixin.py:154} INFO - [2023-11-23T02:29:38.392+0000] {dag.py:3722} INFO - Setting next_dagrun for example_python_operator to None, run_after=None
[2023-11-23T02:29:38.412+0000] {processor.py:179} INFO - Processing /home/airflow/.local/lib/python3.8/site-packages/airflow/example_dags/example_python_operator.py took 0.095 seconds
[2023-11-23T02:30:09.288+0000] {processor.py:157} INFO - Started process (PID=572) to work on /home/airflow/.local/lib/python3.8/site-packages/airflow/example_dags/example_python_operator.py
[2023-11-23T02:30:09.291+0000] {processor.py:829} INFO - Processing file /home/airflow/.local/lib/python3.8/site-packages/airflow/example_dags/example_python_operator.py for tasks to queue
[2023-11-23T02:30:09.295+0000] {logging_mixin.py:154} INFO - [2023-11-23T02:30:09.295+0000] {dagbag.py:536} INFO - Filling up the DagBag from /home/airflow/.local/lib/python3.8/site-packages/airflow/example_dags/example_python_operator.py
[2023-11-23T02:30:09.318+0000] {processor.py:839} INFO - DAG(s) dict_keys(['example_python_operator']) retrieved from /home/airflow/.local/lib/python3.8/site-packages/airflow/example_dags/example_python_operator.py
[2023-11-23T02:30:09.377+0000] {logging_mixin.py:154} INFO - [2023-11-23T02:30:09.376+0000] {dag.py:2941} INFO - Sync 1 DAGs
[2023-11-23T02:30:09.424+0000] {logging_mixin.py:154} INFO - [2023-11-23T02:30:09.424+0000] {dag.py:3722} INFO - Setting next_dagrun for example_python_operator to None, run_after=None
[2023-11-23T02:30:09.472+0000] {processor.py:179} INFO - Processing /home/airflow/.local/lib/python3.8/site-packages/airflow/example_dags/example_python_operator.py took 0.190 seconds
[2023-11-23T02:30:40.096+0000] {processor.py:157} INFO - Started process (PID=625) to work on /home/airflow/.local/lib/python3.8/site-packages/airflow/example_dags/example_python_operator.py
[2023-11-23T02:30:40.099+0000] {processor.py:829} INFO - Processing file /home/airflow/.local/lib/python3.8/site-packages/airflow/example_dags/example_python_operator.py for tasks to queue
[2023-11-23T02:30:40.108+0000] {logging_mixin.py:154} INFO - [2023-11-23T02:30:40.107+0000] {dagbag.py:536} INFO - Filling up the DagBag from /home/airflow/.local/lib/python3.8/site-packages/airflow/example_dags/example_python_operator.py
[2023-11-23T02:30:40.129+0000] {processor.py:839} INFO - DAG(s) dict_keys(['example_python_operator']) retrieved from /home/airflow/.local/lib/python3.8/site-packages/airflow/example_dags/example_python_operator.py
[2023-11-23T02:30:40.185+0000] {logging_mixin.py:154} INFO - [2023-11-23T02:30:40.185+0000] {dag.py:2941} INFO - Sync 1 DAGs
[2023-11-23T02:30:40.212+0000] {logging_mixin.py:154} INFO - [2023-11-23T02:30:40.211+0000] {dag.py:3722} INFO - Setting next_dagrun for example_python_operator to None, run_after=None
[2023-11-23T02:30:40.253+0000] {processor.py:179} INFO - Processing /home/airflow/.local/lib/python3.8/site-packages/airflow/example_dags/example_python_operator.py took 0.164 seconds
[2023-11-23T02:31:11.298+0000] {processor.py:157} INFO - Started process (PID=679) to work on /home/airflow/.local/lib/python3.8/site-packages/airflow/example_dags/example_python_operator.py
[2023-11-23T02:31:11.303+0000] {processor.py:829} INFO - Processing file /home/airflow/.local/lib/python3.8/site-packages/airflow/example_dags/example_python_operator.py for tasks to queue
[2023-11-23T02:31:11.313+0000] {logging_mixin.py:154} INFO - [2023-11-23T02:31:11.312+0000] {dagbag.py:536} INFO - Filling up the DagBag from /home/airflow/.local/lib/python3.8/site-packages/airflow/example_dags/example_python_operator.py
[2023-11-23T02:31:11.468+0000] {processor.py:839} INFO - DAG(s) dict_keys(['example_python_operator']) retrieved from /home/airflow/.local/lib/python3.8/site-packages/airflow/example_dags/example_python_operator.py
[2023-11-23T02:31:11.655+0000] {logging_mixin.py:154} INFO - [2023-11-23T02:31:11.655+0000] {dag.py:2941} INFO - Sync 1 DAGs
[2023-11-23T02:31:11.725+0000] {logging_mixin.py:154} INFO - [2023-11-23T02:31:11.724+0000] {dag.py:3722} INFO - Setting next_dagrun for example_python_operator to None, run_after=None
[2023-11-23T02:31:11.788+0000] {processor.py:179} INFO - Processing /home/airflow/.local/lib/python3.8/site-packages/airflow/example_dags/example_python_operator.py took 0.498 seconds
[2023-11-23T02:31:42.264+0000] {processor.py:157} INFO - Started process (PID=733) to work on /home/airflow/.local/lib/python3.8/site-packages/airflow/example_dags/example_python_operator.py
[2023-11-23T02:31:42.266+0000] {processor.py:829} INFO - Processing file /home/airflow/.local/lib/python3.8/site-packages/airflow/example_dags/example_python_operator.py for tasks to queue
[2023-11-23T02:31:42.269+0000] {logging_mixin.py:154} INFO - [2023-11-23T02:31:42.269+0000] {dagbag.py:536} INFO - Filling up the DagBag from /home/airflow/.local/lib/python3.8/site-packages/airflow/example_dags/example_python_operator.py
[2023-11-23T02:31:42.283+0000] {processor.py:839} INFO - DAG(s) dict_keys(['example_python_operator']) retrieved from /home/airflow/.local/lib/python3.8/site-packages/airflow/example_dags/example_python_operator.py
[2023-11-23T02:31:42.337+0000] {logging_mixin.py:154} INFO - [2023-11-23T02:31:42.336+0000] {dag.py:2941} INFO - Sync 1 DAGs
[2023-11-23T02:31:42.353+0000] {logging_mixin.py:154} INFO - [2023-11-23T02:31:42.353+0000] {dag.py:3722} INFO - Setting next_dagrun for example_python_operator to None, run_after=None
[2023-11-23T02:31:42.377+0000] {processor.py:179} INFO - Processing /home/airflow/.local/lib/python3.8/site-packages/airflow/example_dags/example_python_operator.py took 0.119 seconds
[2023-11-23T03:44:25.562+0000] {processor.py:157} INFO - Started process (PID=88) to work on /home/airflow/.local/lib/python3.8/site-packages/airflow/example_dags/example_python_operator.py
[2023-11-23T03:44:25.565+0000] {processor.py:829} INFO - Processing file /home/airflow/.local/lib/python3.8/site-packages/airflow/example_dags/example_python_operator.py for tasks to queue
[2023-11-23T03:44:25.569+0000] {logging_mixin.py:154} INFO - [2023-11-23T03:44:25.568+0000] {dagbag.py:536} INFO - Filling up the DagBag from /home/airflow/.local/lib/python3.8/site-packages/airflow/example_dags/example_python_operator.py
[2023-11-23T03:44:25.591+0000] {processor.py:839} INFO - DAG(s) dict_keys(['example_python_operator']) retrieved from /home/airflow/.local/lib/python3.8/site-packages/airflow/example_dags/example_python_operator.py
[2023-11-23T03:44:26.402+0000] {logging_mixin.py:154} INFO - [2023-11-23T03:44:26.401+0000] {dag.py:2941} INFO - Sync 1 DAGs
[2023-11-23T03:44:26.610+0000] {logging_mixin.py:154} INFO - [2023-11-23T03:44:26.610+0000] {dag.py:3722} INFO - Setting next_dagrun for example_python_operator to None, run_after=None
[2023-11-23T03:44:26.720+0000] {processor.py:179} INFO - Processing /home/airflow/.local/lib/python3.8/site-packages/airflow/example_dags/example_python_operator.py took 1.174 seconds
[2023-11-23T03:44:57.126+0000] {processor.py:157} INFO - Started process (PID=142) to work on /home/airflow/.local/lib/python3.8/site-packages/airflow/example_dags/example_python_operator.py
[2023-11-23T03:44:57.128+0000] {processor.py:829} INFO - Processing file /home/airflow/.local/lib/python3.8/site-packages/airflow/example_dags/example_python_operator.py for tasks to queue
[2023-11-23T03:44:57.132+0000] {logging_mixin.py:154} INFO - [2023-11-23T03:44:57.131+0000] {dagbag.py:536} INFO - Filling up the DagBag from /home/airflow/.local/lib/python3.8/site-packages/airflow/example_dags/example_python_operator.py
[2023-11-23T03:44:57.150+0000] {processor.py:839} INFO - DAG(s) dict_keys(['example_python_operator']) retrieved from /home/airflow/.local/lib/python3.8/site-packages/airflow/example_dags/example_python_operator.py
[2023-11-23T03:44:57.309+0000] {logging_mixin.py:154} INFO - [2023-11-23T03:44:57.308+0000] {dag.py:2941} INFO - Sync 1 DAGs
[2023-11-23T03:44:57.333+0000] {logging_mixin.py:154} INFO - [2023-11-23T03:44:57.332+0000] {dag.py:3722} INFO - Setting next_dagrun for example_python_operator to None, run_after=None
[2023-11-23T03:44:57.367+0000] {processor.py:179} INFO - Processing /home/airflow/.local/lib/python3.8/site-packages/airflow/example_dags/example_python_operator.py took 0.245 seconds
[2023-11-23T04:15:44.181+0000] {processor.py:157} INFO - Started process (PID=207) to work on /home/airflow/.local/lib/python3.8/site-packages/airflow/example_dags/example_python_operator.py
[2023-11-23T04:15:44.183+0000] {processor.py:829} INFO - Processing file /home/airflow/.local/lib/python3.8/site-packages/airflow/example_dags/example_python_operator.py for tasks to queue
[2023-11-23T04:15:44.187+0000] {logging_mixin.py:154} INFO - [2023-11-23T04:15:44.187+0000] {dagbag.py:536} INFO - Filling up the DagBag from /home/airflow/.local/lib/python3.8/site-packages/airflow/example_dags/example_python_operator.py
[2023-11-23T04:15:44.218+0000] {processor.py:839} INFO - DAG(s) dict_keys(['example_python_operator']) retrieved from /home/airflow/.local/lib/python3.8/site-packages/airflow/example_dags/example_python_operator.py
[2023-11-23T04:15:44.286+0000] {logging_mixin.py:154} INFO - [2023-11-23T04:15:44.282+0000] {dag.py:2941} INFO - Sync 1 DAGs
[2023-11-23T04:15:44.316+0000] {logging_mixin.py:154} INFO - [2023-11-23T04:15:44.316+0000] {dag.py:3722} INFO - Setting next_dagrun for example_python_operator to None, run_after=None
[2023-11-23T04:15:44.363+0000] {processor.py:179} INFO - Processing /home/airflow/.local/lib/python3.8/site-packages/airflow/example_dags/example_python_operator.py took 0.190 seconds
[2023-11-23T04:16:15.360+0000] {processor.py:157} INFO - Started process (PID=260) to work on /home/airflow/.local/lib/python3.8/site-packages/airflow/example_dags/example_python_operator.py
[2023-11-23T04:16:15.362+0000] {processor.py:829} INFO - Processing file /home/airflow/.local/lib/python3.8/site-packages/airflow/example_dags/example_python_operator.py for tasks to queue
[2023-11-23T04:16:15.366+0000] {logging_mixin.py:154} INFO - [2023-11-23T04:16:15.365+0000] {dagbag.py:536} INFO - Filling up the DagBag from /home/airflow/.local/lib/python3.8/site-packages/airflow/example_dags/example_python_operator.py
[2023-11-23T04:16:15.378+0000] {processor.py:839} INFO - DAG(s) dict_keys(['example_python_operator']) retrieved from /home/airflow/.local/lib/python3.8/site-packages/airflow/example_dags/example_python_operator.py
[2023-11-23T04:16:15.415+0000] {logging_mixin.py:154} INFO - [2023-11-23T04:16:15.415+0000] {dag.py:2941} INFO - Sync 1 DAGs
[2023-11-23T04:16:15.429+0000] {logging_mixin.py:154} INFO - [2023-11-23T04:16:15.429+0000] {dag.py:3722} INFO - Setting next_dagrun for example_python_operator to None, run_after=None
[2023-11-23T04:16:15.453+0000] {processor.py:179} INFO - Processing /home/airflow/.local/lib/python3.8/site-packages/airflow/example_dags/example_python_operator.py took 0.103 seconds
[2023-11-23T04:16:45.947+0000] {processor.py:157} INFO - Started process (PID=314) to work on /home/airflow/.local/lib/python3.8/site-packages/airflow/example_dags/example_python_operator.py
[2023-11-23T04:16:45.948+0000] {processor.py:829} INFO - Processing file /home/airflow/.local/lib/python3.8/site-packages/airflow/example_dags/example_python_operator.py for tasks to queue
[2023-11-23T04:16:45.953+0000] {logging_mixin.py:154} INFO - [2023-11-23T04:16:45.952+0000] {dagbag.py:536} INFO - Filling up the DagBag from /home/airflow/.local/lib/python3.8/site-packages/airflow/example_dags/example_python_operator.py
[2023-11-23T04:16:45.984+0000] {processor.py:839} INFO - DAG(s) dict_keys(['example_python_operator']) retrieved from /home/airflow/.local/lib/python3.8/site-packages/airflow/example_dags/example_python_operator.py
[2023-11-23T04:16:46.033+0000] {logging_mixin.py:154} INFO - [2023-11-23T04:16:46.032+0000] {dag.py:2941} INFO - Sync 1 DAGs
[2023-11-23T04:16:46.049+0000] {logging_mixin.py:154} INFO - [2023-11-23T04:16:46.049+0000] {dag.py:3722} INFO - Setting next_dagrun for example_python_operator to None, run_after=None
[2023-11-23T04:16:46.076+0000] {processor.py:179} INFO - Processing /home/airflow/.local/lib/python3.8/site-packages/airflow/example_dags/example_python_operator.py took 0.137 seconds
[2023-11-23T04:17:16.670+0000] {processor.py:157} INFO - Started process (PID=368) to work on /home/airflow/.local/lib/python3.8/site-packages/airflow/example_dags/example_python_operator.py
[2023-11-23T04:17:16.721+0000] {processor.py:829} INFO - Processing file /home/airflow/.local/lib/python3.8/site-packages/airflow/example_dags/example_python_operator.py for tasks to queue
[2023-11-23T04:17:16.895+0000] {logging_mixin.py:154} INFO - [2023-11-23T04:17:16.895+0000] {dagbag.py:536} INFO - Filling up the DagBag from /home/airflow/.local/lib/python3.8/site-packages/airflow/example_dags/example_python_operator.py
[2023-11-23T04:17:16.937+0000] {processor.py:839} INFO - DAG(s) dict_keys(['example_python_operator']) retrieved from /home/airflow/.local/lib/python3.8/site-packages/airflow/example_dags/example_python_operator.py
[2023-11-23T04:17:17.023+0000] {logging_mixin.py:154} INFO - [2023-11-23T04:17:17.023+0000] {dag.py:2941} INFO - Sync 1 DAGs
[2023-11-23T04:17:17.051+0000] {logging_mixin.py:154} INFO - [2023-11-23T04:17:17.050+0000] {dag.py:3722} INFO - Setting next_dagrun for example_python_operator to None, run_after=None
[2023-11-23T04:17:17.097+0000] {processor.py:179} INFO - Processing /home/airflow/.local/lib/python3.8/site-packages/airflow/example_dags/example_python_operator.py took 0.435 seconds
[2023-11-23T04:17:47.728+0000] {processor.py:157} INFO - Started process (PID=428) to work on /home/airflow/.local/lib/python3.8/site-packages/airflow/example_dags/example_python_operator.py
[2023-11-23T04:17:47.729+0000] {processor.py:829} INFO - Processing file /home/airflow/.local/lib/python3.8/site-packages/airflow/example_dags/example_python_operator.py for tasks to queue
[2023-11-23T04:17:47.733+0000] {logging_mixin.py:154} INFO - [2023-11-23T04:17:47.732+0000] {dagbag.py:536} INFO - Filling up the DagBag from /home/airflow/.local/lib/python3.8/site-packages/airflow/example_dags/example_python_operator.py
[2023-11-23T04:17:47.750+0000] {processor.py:839} INFO - DAG(s) dict_keys(['example_python_operator']) retrieved from /home/airflow/.local/lib/python3.8/site-packages/airflow/example_dags/example_python_operator.py
[2023-11-23T04:17:47.787+0000] {logging_mixin.py:154} INFO - [2023-11-23T04:17:47.787+0000] {dag.py:2941} INFO - Sync 1 DAGs
[2023-11-23T04:17:47.808+0000] {logging_mixin.py:154} INFO - [2023-11-23T04:17:47.808+0000] {dag.py:3722} INFO - Setting next_dagrun for example_python_operator to None, run_after=None
[2023-11-23T04:17:47.842+0000] {processor.py:179} INFO - Processing /home/airflow/.local/lib/python3.8/site-packages/airflow/example_dags/example_python_operator.py took 0.119 seconds
[2023-11-23T04:18:18.905+0000] {processor.py:157} INFO - Started process (PID=482) to work on /home/airflow/.local/lib/python3.8/site-packages/airflow/example_dags/example_python_operator.py
[2023-11-23T04:18:18.907+0000] {processor.py:829} INFO - Processing file /home/airflow/.local/lib/python3.8/site-packages/airflow/example_dags/example_python_operator.py for tasks to queue
[2023-11-23T04:18:18.912+0000] {logging_mixin.py:154} INFO - [2023-11-23T04:18:18.912+0000] {dagbag.py:536} INFO - Filling up the DagBag from /home/airflow/.local/lib/python3.8/site-packages/airflow/example_dags/example_python_operator.py
[2023-11-23T04:18:18.930+0000] {processor.py:839} INFO - DAG(s) dict_keys(['example_python_operator']) retrieved from /home/airflow/.local/lib/python3.8/site-packages/airflow/example_dags/example_python_operator.py
[2023-11-23T04:18:18.973+0000] {logging_mixin.py:154} INFO - [2023-11-23T04:18:18.972+0000] {dag.py:2941} INFO - Sync 1 DAGs
[2023-11-23T04:18:18.991+0000] {logging_mixin.py:154} INFO - [2023-11-23T04:18:18.991+0000] {dag.py:3722} INFO - Setting next_dagrun for example_python_operator to None, run_after=None
[2023-11-23T04:18:19.023+0000] {processor.py:179} INFO - Processing /home/airflow/.local/lib/python3.8/site-packages/airflow/example_dags/example_python_operator.py took 0.128 seconds
[2023-11-23T04:18:51.264+0000] {processor.py:157} INFO - Started process (PID=536) to work on /home/airflow/.local/lib/python3.8/site-packages/airflow/example_dags/example_python_operator.py
[2023-11-23T04:18:51.267+0000] {processor.py:829} INFO - Processing file /home/airflow/.local/lib/python3.8/site-packages/airflow/example_dags/example_python_operator.py for tasks to queue
[2023-11-23T04:18:51.271+0000] {logging_mixin.py:154} INFO - [2023-11-23T04:18:51.271+0000] {dagbag.py:536} INFO - Filling up the DagBag from /home/airflow/.local/lib/python3.8/site-packages/airflow/example_dags/example_python_operator.py
[2023-11-23T04:18:51.292+0000] {processor.py:839} INFO - DAG(s) dict_keys(['example_python_operator']) retrieved from /home/airflow/.local/lib/python3.8/site-packages/airflow/example_dags/example_python_operator.py
[2023-11-23T04:18:51.337+0000] {logging_mixin.py:154} INFO - [2023-11-23T04:18:51.337+0000] {dag.py:2941} INFO - Sync 1 DAGs
[2023-11-23T04:18:51.363+0000] {logging_mixin.py:154} INFO - [2023-11-23T04:18:51.363+0000] {dag.py:3722} INFO - Setting next_dagrun for example_python_operator to None, run_after=None
[2023-11-23T04:18:51.397+0000] {processor.py:179} INFO - Processing /home/airflow/.local/lib/python3.8/site-packages/airflow/example_dags/example_python_operator.py took 0.144 seconds
[2023-11-23T04:19:23.543+0000] {processor.py:157} INFO - Started process (PID=590) to work on /home/airflow/.local/lib/python3.8/site-packages/airflow/example_dags/example_python_operator.py
[2023-11-23T04:19:23.548+0000] {processor.py:829} INFO - Processing file /home/airflow/.local/lib/python3.8/site-packages/airflow/example_dags/example_python_operator.py for tasks to queue
[2023-11-23T04:19:23.553+0000] {logging_mixin.py:154} INFO - [2023-11-23T04:19:23.553+0000] {dagbag.py:536} INFO - Filling up the DagBag from /home/airflow/.local/lib/python3.8/site-packages/airflow/example_dags/example_python_operator.py
[2023-11-23T04:19:23.604+0000] {processor.py:839} INFO - DAG(s) dict_keys(['example_python_operator']) retrieved from /home/airflow/.local/lib/python3.8/site-packages/airflow/example_dags/example_python_operator.py
[2023-11-23T04:19:23.658+0000] {logging_mixin.py:154} INFO - [2023-11-23T04:19:23.658+0000] {dag.py:2941} INFO - Sync 1 DAGs
[2023-11-23T04:19:23.682+0000] {logging_mixin.py:154} INFO - [2023-11-23T04:19:23.682+0000] {dag.py:3722} INFO - Setting next_dagrun for example_python_operator to None, run_after=None
[2023-11-23T04:19:23.718+0000] {processor.py:179} INFO - Processing /home/airflow/.local/lib/python3.8/site-packages/airflow/example_dags/example_python_operator.py took 0.195 seconds
[2023-11-23T04:19:55.545+0000] {processor.py:157} INFO - Started process (PID=644) to work on /home/airflow/.local/lib/python3.8/site-packages/airflow/example_dags/example_python_operator.py
[2023-11-23T04:19:55.551+0000] {processor.py:829} INFO - Processing file /home/airflow/.local/lib/python3.8/site-packages/airflow/example_dags/example_python_operator.py for tasks to queue
[2023-11-23T04:19:55.564+0000] {logging_mixin.py:154} INFO - [2023-11-23T04:19:55.563+0000] {dagbag.py:536} INFO - Filling up the DagBag from /home/airflow/.local/lib/python3.8/site-packages/airflow/example_dags/example_python_operator.py
[2023-11-23T04:19:55.625+0000] {processor.py:839} INFO - DAG(s) dict_keys(['example_python_operator']) retrieved from /home/airflow/.local/lib/python3.8/site-packages/airflow/example_dags/example_python_operator.py
[2023-11-23T04:19:55.762+0000] {logging_mixin.py:154} INFO - [2023-11-23T04:19:55.748+0000] {dag.py:2941} INFO - Sync 1 DAGs
[2023-11-23T04:19:55.812+0000] {logging_mixin.py:154} INFO - [2023-11-23T04:19:55.811+0000] {dag.py:3722} INFO - Setting next_dagrun for example_python_operator to None, run_after=None
[2023-11-23T04:19:55.907+0000] {processor.py:179} INFO - Processing /home/airflow/.local/lib/python3.8/site-packages/airflow/example_dags/example_python_operator.py took 0.372 seconds
[2023-11-23T04:20:26.551+0000] {processor.py:157} INFO - Started process (PID=697) to work on /home/airflow/.local/lib/python3.8/site-packages/airflow/example_dags/example_python_operator.py
[2023-11-23T04:20:26.554+0000] {processor.py:829} INFO - Processing file /home/airflow/.local/lib/python3.8/site-packages/airflow/example_dags/example_python_operator.py for tasks to queue
[2023-11-23T04:20:26.561+0000] {logging_mixin.py:154} INFO - [2023-11-23T04:20:26.560+0000] {dagbag.py:536} INFO - Filling up the DagBag from /home/airflow/.local/lib/python3.8/site-packages/airflow/example_dags/example_python_operator.py
[2023-11-23T04:20:26.580+0000] {processor.py:839} INFO - DAG(s) dict_keys(['example_python_operator']) retrieved from /home/airflow/.local/lib/python3.8/site-packages/airflow/example_dags/example_python_operator.py
[2023-11-23T04:20:26.633+0000] {logging_mixin.py:154} INFO - [2023-11-23T04:20:26.633+0000] {dag.py:2941} INFO - Sync 1 DAGs
[2023-11-23T04:20:26.658+0000] {logging_mixin.py:154} INFO - [2023-11-23T04:20:26.658+0000] {dag.py:3722} INFO - Setting next_dagrun for example_python_operator to None, run_after=None
[2023-11-23T04:20:26.703+0000] {processor.py:179} INFO - Processing /home/airflow/.local/lib/python3.8/site-packages/airflow/example_dags/example_python_operator.py took 0.158 seconds
[2023-11-23T04:20:57.893+0000] {processor.py:157} INFO - Started process (PID=751) to work on /home/airflow/.local/lib/python3.8/site-packages/airflow/example_dags/example_python_operator.py
[2023-11-23T04:20:57.895+0000] {processor.py:829} INFO - Processing file /home/airflow/.local/lib/python3.8/site-packages/airflow/example_dags/example_python_operator.py for tasks to queue
[2023-11-23T04:20:57.900+0000] {logging_mixin.py:154} INFO - [2023-11-23T04:20:57.900+0000] {dagbag.py:536} INFO - Filling up the DagBag from /home/airflow/.local/lib/python3.8/site-packages/airflow/example_dags/example_python_operator.py
[2023-11-23T04:20:57.923+0000] {processor.py:839} INFO - DAG(s) dict_keys(['example_python_operator']) retrieved from /home/airflow/.local/lib/python3.8/site-packages/airflow/example_dags/example_python_operator.py
[2023-11-23T04:20:57.989+0000] {logging_mixin.py:154} INFO - [2023-11-23T04:20:57.988+0000] {dag.py:2941} INFO - Sync 1 DAGs
[2023-11-23T04:20:58.021+0000] {logging_mixin.py:154} INFO - [2023-11-23T04:20:58.021+0000] {dag.py:3722} INFO - Setting next_dagrun for example_python_operator to None, run_after=None
[2023-11-23T04:20:58.106+0000] {processor.py:179} INFO - Processing /home/airflow/.local/lib/python3.8/site-packages/airflow/example_dags/example_python_operator.py took 0.218 seconds
[2023-11-23T04:21:35.300+0000] {processor.py:157} INFO - Started process (PID=805) to work on /home/airflow/.local/lib/python3.8/site-packages/airflow/example_dags/example_python_operator.py
[2023-11-23T04:21:35.301+0000] {processor.py:829} INFO - Processing file /home/airflow/.local/lib/python3.8/site-packages/airflow/example_dags/example_python_operator.py for tasks to queue
[2023-11-23T04:21:35.305+0000] {logging_mixin.py:154} INFO - [2023-11-23T04:21:35.304+0000] {dagbag.py:536} INFO - Filling up the DagBag from /home/airflow/.local/lib/python3.8/site-packages/airflow/example_dags/example_python_operator.py
[2023-11-23T04:21:35.327+0000] {processor.py:839} INFO - DAG(s) dict_keys(['example_python_operator']) retrieved from /home/airflow/.local/lib/python3.8/site-packages/airflow/example_dags/example_python_operator.py
[2023-11-23T04:21:35.397+0000] {logging_mixin.py:154} INFO - [2023-11-23T04:21:35.397+0000] {dag.py:2941} INFO - Sync 1 DAGs
[2023-11-23T04:21:35.437+0000] {logging_mixin.py:154} INFO - [2023-11-23T04:21:35.436+0000] {dag.py:3722} INFO - Setting next_dagrun for example_python_operator to None, run_after=None
[2023-11-23T04:21:35.469+0000] {processor.py:179} INFO - Processing /home/airflow/.local/lib/python3.8/site-packages/airflow/example_dags/example_python_operator.py took 0.175 seconds
[2023-11-23T04:22:12.454+0000] {processor.py:157} INFO - Started process (PID=859) to work on /home/airflow/.local/lib/python3.8/site-packages/airflow/example_dags/example_python_operator.py
[2023-11-23T04:22:12.457+0000] {processor.py:829} INFO - Processing file /home/airflow/.local/lib/python3.8/site-packages/airflow/example_dags/example_python_operator.py for tasks to queue
[2023-11-23T04:22:12.476+0000] {logging_mixin.py:154} INFO - [2023-11-23T04:22:12.476+0000] {dagbag.py:536} INFO - Filling up the DagBag from /home/airflow/.local/lib/python3.8/site-packages/airflow/example_dags/example_python_operator.py
[2023-11-23T04:22:12.519+0000] {processor.py:839} INFO - DAG(s) dict_keys(['example_python_operator']) retrieved from /home/airflow/.local/lib/python3.8/site-packages/airflow/example_dags/example_python_operator.py
[2023-11-23T04:22:12.681+0000] {logging_mixin.py:154} INFO - [2023-11-23T04:22:12.681+0000] {dag.py:2941} INFO - Sync 1 DAGs
[2023-11-23T04:22:12.754+0000] {logging_mixin.py:154} INFO - [2023-11-23T04:22:12.754+0000] {dag.py:3722} INFO - Setting next_dagrun for example_python_operator to None, run_after=None
[2023-11-23T04:22:13.155+0000] {processor.py:179} INFO - Processing /home/airflow/.local/lib/python3.8/site-packages/airflow/example_dags/example_python_operator.py took 0.735 seconds
