[2023-11-23T02:25:03.221+0000] {processor.py:157} INFO - Started process (PID=45) to work on /home/airflow/.local/lib/python3.8/site-packages/airflow/example_dags/example_skip_dag.py
[2023-11-23T02:25:03.227+0000] {processor.py:829} INFO - Processing file /home/airflow/.local/lib/python3.8/site-packages/airflow/example_dags/example_skip_dag.py for tasks to queue
[2023-11-23T02:25:03.238+0000] {logging_mixin.py:154} INFO - [2023-11-23T02:25:03.236+0000] {dagbag.py:536} INFO - Filling up the DagBag from /home/airflow/.local/lib/python3.8/site-packages/airflow/example_dags/example_skip_dag.py
[2023-11-23T02:25:03.275+0000] {processor.py:839} INFO - DAG(s) dict_keys(['example_skip_dag']) retrieved from /home/airflow/.local/lib/python3.8/site-packages/airflow/example_dags/example_skip_dag.py
[2023-11-23T02:25:03.836+0000] {logging_mixin.py:154} INFO - [2023-11-23T02:25:03.836+0000] {manager.py:499} INFO - Created Permission View: %s
[2023-11-23T02:25:03.887+0000] {logging_mixin.py:154} INFO - [2023-11-23T02:25:03.886+0000] {manager.py:499} INFO - Created Permission View: %s
[2023-11-23T02:25:03.915+0000] {logging_mixin.py:154} INFO - [2023-11-23T02:25:03.915+0000] {manager.py:499} INFO - Created Permission View: %s
[2023-11-23T02:25:03.917+0000] {logging_mixin.py:154} INFO - [2023-11-23T02:25:03.917+0000] {dag.py:2941} INFO - Sync 1 DAGs
[2023-11-23T02:25:03.945+0000] {logging_mixin.py:154} INFO - [2023-11-23T02:25:03.945+0000] {dag.py:2963} INFO - Creating ORM DAG for example_skip_dag
[2023-11-23T02:25:03.991+0000] {logging_mixin.py:154} INFO - [2023-11-23T02:25:03.991+0000] {dag.py:3722} INFO - Setting next_dagrun for example_skip_dag to 2023-11-22T02:25:03.991277+00:00, run_after=2023-11-23T02:25:03.991277+00:00
[2023-11-23T02:25:04.050+0000] {processor.py:179} INFO - Processing /home/airflow/.local/lib/python3.8/site-packages/airflow/example_dags/example_skip_dag.py took 0.833 seconds
[2023-11-23T02:25:34.917+0000] {processor.py:157} INFO - Started process (PID=100) to work on /home/airflow/.local/lib/python3.8/site-packages/airflow/example_dags/example_skip_dag.py
[2023-11-23T02:25:34.921+0000] {processor.py:829} INFO - Processing file /home/airflow/.local/lib/python3.8/site-packages/airflow/example_dags/example_skip_dag.py for tasks to queue
[2023-11-23T02:25:34.925+0000] {logging_mixin.py:154} INFO - [2023-11-23T02:25:34.924+0000] {dagbag.py:536} INFO - Filling up the DagBag from /home/airflow/.local/lib/python3.8/site-packages/airflow/example_dags/example_skip_dag.py
[2023-11-23T02:25:34.936+0000] {processor.py:839} INFO - DAG(s) dict_keys(['example_skip_dag']) retrieved from /home/airflow/.local/lib/python3.8/site-packages/airflow/example_dags/example_skip_dag.py
[2023-11-23T02:25:34.970+0000] {logging_mixin.py:154} INFO - [2023-11-23T02:25:34.969+0000] {dag.py:2941} INFO - Sync 1 DAGs
[2023-11-23T02:25:34.996+0000] {logging_mixin.py:154} INFO - [2023-11-23T02:25:34.996+0000] {dag.py:3722} INFO - Setting next_dagrun for example_skip_dag to 2023-11-22T02:25:34.996500+00:00, run_after=2023-11-23T02:25:34.996500+00:00
[2023-11-23T02:25:35.020+0000] {processor.py:179} INFO - Processing /home/airflow/.local/lib/python3.8/site-packages/airflow/example_dags/example_skip_dag.py took 0.110 seconds
[2023-11-23T02:26:05.380+0000] {processor.py:157} INFO - Started process (PID=154) to work on /home/airflow/.local/lib/python3.8/site-packages/airflow/example_dags/example_skip_dag.py
[2023-11-23T02:26:05.391+0000] {processor.py:829} INFO - Processing file /home/airflow/.local/lib/python3.8/site-packages/airflow/example_dags/example_skip_dag.py for tasks to queue
[2023-11-23T02:26:05.395+0000] {logging_mixin.py:154} INFO - [2023-11-23T02:26:05.394+0000] {dagbag.py:536} INFO - Filling up the DagBag from /home/airflow/.local/lib/python3.8/site-packages/airflow/example_dags/example_skip_dag.py
[2023-11-23T02:26:05.412+0000] {processor.py:839} INFO - DAG(s) dict_keys(['example_skip_dag']) retrieved from /home/airflow/.local/lib/python3.8/site-packages/airflow/example_dags/example_skip_dag.py
[2023-11-23T02:26:05.469+0000] {logging_mixin.py:154} INFO - [2023-11-23T02:26:05.469+0000] {dag.py:2941} INFO - Sync 1 DAGs
[2023-11-23T02:26:05.541+0000] {logging_mixin.py:154} INFO - [2023-11-23T02:26:05.540+0000] {dag.py:3722} INFO - Setting next_dagrun for example_skip_dag to 2023-11-22T02:26:05.540338+00:00, run_after=2023-11-23T02:26:05.540338+00:00
[2023-11-23T02:26:05.575+0000] {processor.py:179} INFO - Processing /home/airflow/.local/lib/python3.8/site-packages/airflow/example_dags/example_skip_dag.py took 0.204 seconds
[2023-11-23T02:26:36.559+0000] {processor.py:157} INFO - Started process (PID=208) to work on /home/airflow/.local/lib/python3.8/site-packages/airflow/example_dags/example_skip_dag.py
[2023-11-23T02:26:36.622+0000] {processor.py:829} INFO - Processing file /home/airflow/.local/lib/python3.8/site-packages/airflow/example_dags/example_skip_dag.py for tasks to queue
[2023-11-23T02:26:36.635+0000] {logging_mixin.py:154} INFO - [2023-11-23T02:26:36.634+0000] {dagbag.py:536} INFO - Filling up the DagBag from /home/airflow/.local/lib/python3.8/site-packages/airflow/example_dags/example_skip_dag.py
[2023-11-23T02:26:36.662+0000] {processor.py:839} INFO - DAG(s) dict_keys(['example_skip_dag']) retrieved from /home/airflow/.local/lib/python3.8/site-packages/airflow/example_dags/example_skip_dag.py
[2023-11-23T02:26:36.734+0000] {logging_mixin.py:154} INFO - [2023-11-23T02:26:36.734+0000] {dag.py:2941} INFO - Sync 1 DAGs
[2023-11-23T02:26:37.199+0000] {logging_mixin.py:154} INFO - [2023-11-23T02:26:37.198+0000] {dag.py:3722} INFO - Setting next_dagrun for example_skip_dag to 2023-11-22T02:26:37.198147+00:00, run_after=2023-11-23T02:26:37.198147+00:00
[2023-11-23T02:26:37.325+0000] {processor.py:179} INFO - Processing /home/airflow/.local/lib/python3.8/site-packages/airflow/example_dags/example_skip_dag.py took 0.770 seconds
[2023-11-23T02:27:09.351+0000] {processor.py:157} INFO - Started process (PID=262) to work on /home/airflow/.local/lib/python3.8/site-packages/airflow/example_dags/example_skip_dag.py
[2023-11-23T02:27:09.356+0000] {processor.py:829} INFO - Processing file /home/airflow/.local/lib/python3.8/site-packages/airflow/example_dags/example_skip_dag.py for tasks to queue
[2023-11-23T02:27:09.370+0000] {logging_mixin.py:154} INFO - [2023-11-23T02:27:09.369+0000] {dagbag.py:536} INFO - Filling up the DagBag from /home/airflow/.local/lib/python3.8/site-packages/airflow/example_dags/example_skip_dag.py
[2023-11-23T02:27:09.433+0000] {processor.py:839} INFO - DAG(s) dict_keys(['example_skip_dag']) retrieved from /home/airflow/.local/lib/python3.8/site-packages/airflow/example_dags/example_skip_dag.py
[2023-11-23T02:27:09.675+0000] {logging_mixin.py:154} INFO - [2023-11-23T02:27:09.675+0000] {dag.py:2941} INFO - Sync 1 DAGs
[2023-11-23T02:27:09.801+0000] {logging_mixin.py:154} INFO - [2023-11-23T02:27:09.801+0000] {dag.py:3722} INFO - Setting next_dagrun for example_skip_dag to 2023-11-22T02:27:09.799555+00:00, run_after=2023-11-23T02:27:09.799555+00:00
[2023-11-23T02:27:10.143+0000] {processor.py:179} INFO - Processing /home/airflow/.local/lib/python3.8/site-packages/airflow/example_dags/example_skip_dag.py took 0.829 seconds
[2023-11-23T02:27:40.381+0000] {processor.py:157} INFO - Started process (PID=316) to work on /home/airflow/.local/lib/python3.8/site-packages/airflow/example_dags/example_skip_dag.py
[2023-11-23T02:27:40.387+0000] {processor.py:829} INFO - Processing file /home/airflow/.local/lib/python3.8/site-packages/airflow/example_dags/example_skip_dag.py for tasks to queue
[2023-11-23T02:27:40.393+0000] {logging_mixin.py:154} INFO - [2023-11-23T02:27:40.392+0000] {dagbag.py:536} INFO - Filling up the DagBag from /home/airflow/.local/lib/python3.8/site-packages/airflow/example_dags/example_skip_dag.py
[2023-11-23T02:27:40.410+0000] {processor.py:839} INFO - DAG(s) dict_keys(['example_skip_dag']) retrieved from /home/airflow/.local/lib/python3.8/site-packages/airflow/example_dags/example_skip_dag.py
[2023-11-23T02:27:40.474+0000] {logging_mixin.py:154} INFO - [2023-11-23T02:27:40.473+0000] {dag.py:2941} INFO - Sync 1 DAGs
[2023-11-23T02:27:40.520+0000] {logging_mixin.py:154} INFO - [2023-11-23T02:27:40.520+0000] {dag.py:3722} INFO - Setting next_dagrun for example_skip_dag to 2023-11-22T02:27:40.519686+00:00, run_after=2023-11-23T02:27:40.519686+00:00
[2023-11-23T02:27:40.562+0000] {processor.py:179} INFO - Processing /home/airflow/.local/lib/python3.8/site-packages/airflow/example_dags/example_skip_dag.py took 0.200 seconds
[2023-11-23T02:28:10.814+0000] {processor.py:157} INFO - Started process (PID=369) to work on /home/airflow/.local/lib/python3.8/site-packages/airflow/example_dags/example_skip_dag.py
[2023-11-23T02:28:10.816+0000] {processor.py:829} INFO - Processing file /home/airflow/.local/lib/python3.8/site-packages/airflow/example_dags/example_skip_dag.py for tasks to queue
[2023-11-23T02:28:10.819+0000] {logging_mixin.py:154} INFO - [2023-11-23T02:28:10.819+0000] {dagbag.py:536} INFO - Filling up the DagBag from /home/airflow/.local/lib/python3.8/site-packages/airflow/example_dags/example_skip_dag.py
[2023-11-23T02:28:10.829+0000] {processor.py:839} INFO - DAG(s) dict_keys(['example_skip_dag']) retrieved from /home/airflow/.local/lib/python3.8/site-packages/airflow/example_dags/example_skip_dag.py
[2023-11-23T02:28:10.867+0000] {logging_mixin.py:154} INFO - [2023-11-23T02:28:10.867+0000] {dag.py:2941} INFO - Sync 1 DAGs
[2023-11-23T02:28:10.893+0000] {logging_mixin.py:154} INFO - [2023-11-23T02:28:10.892+0000] {dag.py:3722} INFO - Setting next_dagrun for example_skip_dag to 2023-11-22T02:28:10.892520+00:00, run_after=2023-11-23T02:28:10.892520+00:00
[2023-11-23T02:28:10.917+0000] {processor.py:179} INFO - Processing /home/airflow/.local/lib/python3.8/site-packages/airflow/example_dags/example_skip_dag.py took 0.108 seconds
[2023-11-23T02:28:41.129+0000] {processor.py:157} INFO - Started process (PID=422) to work on /home/airflow/.local/lib/python3.8/site-packages/airflow/example_dags/example_skip_dag.py
[2023-11-23T02:28:41.131+0000] {processor.py:829} INFO - Processing file /home/airflow/.local/lib/python3.8/site-packages/airflow/example_dags/example_skip_dag.py for tasks to queue
[2023-11-23T02:28:41.137+0000] {logging_mixin.py:154} INFO - [2023-11-23T02:28:41.135+0000] {dagbag.py:536} INFO - Filling up the DagBag from /home/airflow/.local/lib/python3.8/site-packages/airflow/example_dags/example_skip_dag.py
[2023-11-23T02:28:41.151+0000] {processor.py:839} INFO - DAG(s) dict_keys(['example_skip_dag']) retrieved from /home/airflow/.local/lib/python3.8/site-packages/airflow/example_dags/example_skip_dag.py
[2023-11-23T02:28:41.191+0000] {logging_mixin.py:154} INFO - [2023-11-23T02:28:41.191+0000] {dag.py:2941} INFO - Sync 1 DAGs
[2023-11-23T02:28:41.226+0000] {logging_mixin.py:154} INFO - [2023-11-23T02:28:41.226+0000] {dag.py:3722} INFO - Setting next_dagrun for example_skip_dag to 2023-11-22T02:28:41.226419+00:00, run_after=2023-11-23T02:28:41.226419+00:00
[2023-11-23T02:28:41.250+0000] {processor.py:179} INFO - Processing /home/airflow/.local/lib/python3.8/site-packages/airflow/example_dags/example_skip_dag.py took 0.130 seconds
[2023-11-23T02:29:11.670+0000] {processor.py:157} INFO - Started process (PID=476) to work on /home/airflow/.local/lib/python3.8/site-packages/airflow/example_dags/example_skip_dag.py
[2023-11-23T02:29:11.674+0000] {processor.py:829} INFO - Processing file /home/airflow/.local/lib/python3.8/site-packages/airflow/example_dags/example_skip_dag.py for tasks to queue
[2023-11-23T02:29:11.689+0000] {logging_mixin.py:154} INFO - [2023-11-23T02:29:11.689+0000] {dagbag.py:536} INFO - Filling up the DagBag from /home/airflow/.local/lib/python3.8/site-packages/airflow/example_dags/example_skip_dag.py
[2023-11-23T02:29:11.713+0000] {processor.py:839} INFO - DAG(s) dict_keys(['example_skip_dag']) retrieved from /home/airflow/.local/lib/python3.8/site-packages/airflow/example_dags/example_skip_dag.py
[2023-11-23T02:29:11.796+0000] {logging_mixin.py:154} INFO - [2023-11-23T02:29:11.796+0000] {dag.py:2941} INFO - Sync 1 DAGs
[2023-11-23T02:29:11.830+0000] {logging_mixin.py:154} INFO - [2023-11-23T02:29:11.829+0000] {dag.py:3722} INFO - Setting next_dagrun for example_skip_dag to 2023-11-22T02:29:11.829380+00:00, run_after=2023-11-23T02:29:11.829380+00:00
[2023-11-23T02:29:11.862+0000] {processor.py:179} INFO - Processing /home/airflow/.local/lib/python3.8/site-packages/airflow/example_dags/example_skip_dag.py took 0.197 seconds
[2023-11-23T02:29:42.097+0000] {processor.py:157} INFO - Started process (PID=528) to work on /home/airflow/.local/lib/python3.8/site-packages/airflow/example_dags/example_skip_dag.py
[2023-11-23T02:29:42.098+0000] {processor.py:829} INFO - Processing file /home/airflow/.local/lib/python3.8/site-packages/airflow/example_dags/example_skip_dag.py for tasks to queue
[2023-11-23T02:29:42.101+0000] {logging_mixin.py:154} INFO - [2023-11-23T02:29:42.101+0000] {dagbag.py:536} INFO - Filling up the DagBag from /home/airflow/.local/lib/python3.8/site-packages/airflow/example_dags/example_skip_dag.py
[2023-11-23T02:29:42.113+0000] {processor.py:839} INFO - DAG(s) dict_keys(['example_skip_dag']) retrieved from /home/airflow/.local/lib/python3.8/site-packages/airflow/example_dags/example_skip_dag.py
[2023-11-23T02:29:42.143+0000] {logging_mixin.py:154} INFO - [2023-11-23T02:29:42.143+0000] {dag.py:2941} INFO - Sync 1 DAGs
[2023-11-23T02:29:42.169+0000] {logging_mixin.py:154} INFO - [2023-11-23T02:29:42.169+0000] {dag.py:3722} INFO - Setting next_dagrun for example_skip_dag to 2023-11-22T02:29:42.168942+00:00, run_after=2023-11-23T02:29:42.168942+00:00
[2023-11-23T02:29:42.194+0000] {processor.py:179} INFO - Processing /home/airflow/.local/lib/python3.8/site-packages/airflow/example_dags/example_skip_dag.py took 0.104 seconds
[2023-11-23T02:30:12.537+0000] {processor.py:157} INFO - Started process (PID=582) to work on /home/airflow/.local/lib/python3.8/site-packages/airflow/example_dags/example_skip_dag.py
[2023-11-23T02:30:12.539+0000] {processor.py:829} INFO - Processing file /home/airflow/.local/lib/python3.8/site-packages/airflow/example_dags/example_skip_dag.py for tasks to queue
[2023-11-23T02:30:12.550+0000] {logging_mixin.py:154} INFO - [2023-11-23T02:30:12.549+0000] {dagbag.py:536} INFO - Filling up the DagBag from /home/airflow/.local/lib/python3.8/site-packages/airflow/example_dags/example_skip_dag.py
[2023-11-23T02:30:12.600+0000] {processor.py:839} INFO - DAG(s) dict_keys(['example_skip_dag']) retrieved from /home/airflow/.local/lib/python3.8/site-packages/airflow/example_dags/example_skip_dag.py
[2023-11-23T02:30:12.712+0000] {logging_mixin.py:154} INFO - [2023-11-23T02:30:12.711+0000] {dag.py:2941} INFO - Sync 1 DAGs
[2023-11-23T02:30:12.834+0000] {logging_mixin.py:154} INFO - [2023-11-23T02:30:12.834+0000] {dag.py:3722} INFO - Setting next_dagrun for example_skip_dag to 2023-11-22T02:30:12.833544+00:00, run_after=2023-11-23T02:30:12.833544+00:00
[2023-11-23T02:30:12.875+0000] {processor.py:179} INFO - Processing /home/airflow/.local/lib/python3.8/site-packages/airflow/example_dags/example_skip_dag.py took 0.346 seconds
[2023-11-23T02:30:43.174+0000] {processor.py:157} INFO - Started process (PID=635) to work on /home/airflow/.local/lib/python3.8/site-packages/airflow/example_dags/example_skip_dag.py
[2023-11-23T02:30:43.176+0000] {processor.py:829} INFO - Processing file /home/airflow/.local/lib/python3.8/site-packages/airflow/example_dags/example_skip_dag.py for tasks to queue
[2023-11-23T02:30:43.181+0000] {logging_mixin.py:154} INFO - [2023-11-23T02:30:43.180+0000] {dagbag.py:536} INFO - Filling up the DagBag from /home/airflow/.local/lib/python3.8/site-packages/airflow/example_dags/example_skip_dag.py
[2023-11-23T02:30:43.208+0000] {processor.py:839} INFO - DAG(s) dict_keys(['example_skip_dag']) retrieved from /home/airflow/.local/lib/python3.8/site-packages/airflow/example_dags/example_skip_dag.py
[2023-11-23T02:30:43.263+0000] {logging_mixin.py:154} INFO - [2023-11-23T02:30:43.263+0000] {dag.py:2941} INFO - Sync 1 DAGs
[2023-11-23T02:30:43.334+0000] {logging_mixin.py:154} INFO - [2023-11-23T02:30:43.334+0000] {dag.py:3722} INFO - Setting next_dagrun for example_skip_dag to 2023-11-22T02:30:43.333187+00:00, run_after=2023-11-23T02:30:43.333187+00:00
[2023-11-23T02:30:43.376+0000] {processor.py:179} INFO - Processing /home/airflow/.local/lib/python3.8/site-packages/airflow/example_dags/example_skip_dag.py took 0.210 seconds
[2023-11-23T02:31:14.051+0000] {processor.py:157} INFO - Started process (PID=688) to work on /home/airflow/.local/lib/python3.8/site-packages/airflow/example_dags/example_skip_dag.py
[2023-11-23T02:31:14.056+0000] {processor.py:829} INFO - Processing file /home/airflow/.local/lib/python3.8/site-packages/airflow/example_dags/example_skip_dag.py for tasks to queue
[2023-11-23T02:31:14.064+0000] {logging_mixin.py:154} INFO - [2023-11-23T02:31:14.064+0000] {dagbag.py:536} INFO - Filling up the DagBag from /home/airflow/.local/lib/python3.8/site-packages/airflow/example_dags/example_skip_dag.py
[2023-11-23T02:31:14.096+0000] {processor.py:839} INFO - DAG(s) dict_keys(['example_skip_dag']) retrieved from /home/airflow/.local/lib/python3.8/site-packages/airflow/example_dags/example_skip_dag.py
[2023-11-23T02:31:14.275+0000] {logging_mixin.py:154} INFO - [2023-11-23T02:31:14.275+0000] {dag.py:2941} INFO - Sync 1 DAGs
[2023-11-23T02:31:14.319+0000] {logging_mixin.py:154} INFO - [2023-11-23T02:31:14.319+0000] {dag.py:3722} INFO - Setting next_dagrun for example_skip_dag to 2023-11-22T02:31:14.319022+00:00, run_after=2023-11-23T02:31:14.319022+00:00
[2023-11-23T02:31:14.367+0000] {processor.py:179} INFO - Processing /home/airflow/.local/lib/python3.8/site-packages/airflow/example_dags/example_skip_dag.py took 0.330 seconds
[2023-11-23T02:31:44.972+0000] {processor.py:157} INFO - Started process (PID=742) to work on /home/airflow/.local/lib/python3.8/site-packages/airflow/example_dags/example_skip_dag.py
[2023-11-23T02:31:44.974+0000] {processor.py:829} INFO - Processing file /home/airflow/.local/lib/python3.8/site-packages/airflow/example_dags/example_skip_dag.py for tasks to queue
[2023-11-23T02:31:44.978+0000] {logging_mixin.py:154} INFO - [2023-11-23T02:31:44.978+0000] {dagbag.py:536} INFO - Filling up the DagBag from /home/airflow/.local/lib/python3.8/site-packages/airflow/example_dags/example_skip_dag.py
[2023-11-23T02:31:44.988+0000] {processor.py:839} INFO - DAG(s) dict_keys(['example_skip_dag']) retrieved from /home/airflow/.local/lib/python3.8/site-packages/airflow/example_dags/example_skip_dag.py
[2023-11-23T02:31:45.017+0000] {logging_mixin.py:154} INFO - [2023-11-23T02:31:45.016+0000] {dag.py:2941} INFO - Sync 1 DAGs
[2023-11-23T02:31:45.042+0000] {logging_mixin.py:154} INFO - [2023-11-23T02:31:45.042+0000] {dag.py:3722} INFO - Setting next_dagrun for example_skip_dag to 2023-11-22T02:31:45.042312+00:00, run_after=2023-11-23T02:31:45.042312+00:00
[2023-11-23T02:31:45.069+0000] {processor.py:179} INFO - Processing /home/airflow/.local/lib/python3.8/site-packages/airflow/example_dags/example_skip_dag.py took 0.104 seconds
[2023-11-23T03:44:03.846+0000] {processor.py:157} INFO - Started process (PID=51) to work on /home/airflow/.local/lib/python3.8/site-packages/airflow/example_dags/example_skip_dag.py
[2023-11-23T03:44:03.858+0000] {processor.py:829} INFO - Processing file /home/airflow/.local/lib/python3.8/site-packages/airflow/example_dags/example_skip_dag.py for tasks to queue
[2023-11-23T03:44:03.867+0000] {logging_mixin.py:154} INFO - [2023-11-23T03:44:03.867+0000] {dagbag.py:536} INFO - Filling up the DagBag from /home/airflow/.local/lib/python3.8/site-packages/airflow/example_dags/example_skip_dag.py
[2023-11-23T03:44:03.999+0000] {processor.py:839} INFO - DAG(s) dict_keys(['example_skip_dag']) retrieved from /home/airflow/.local/lib/python3.8/site-packages/airflow/example_dags/example_skip_dag.py
[2023-11-23T03:44:04.171+0000] {logging_mixin.py:154} INFO - [2023-11-23T03:44:04.171+0000] {dag.py:2941} INFO - Sync 1 DAGs
[2023-11-23T03:44:04.397+0000] {logging_mixin.py:154} INFO - [2023-11-23T03:44:04.396+0000] {dag.py:3722} INFO - Setting next_dagrun for example_skip_dag to 2023-11-22T03:44:04.388692+00:00, run_after=2023-11-23T03:44:04.388692+00:00
[2023-11-23T03:44:04.586+0000] {processor.py:179} INFO - Processing /home/airflow/.local/lib/python3.8/site-packages/airflow/example_dags/example_skip_dag.py took 0.762 seconds
[2023-11-23T03:44:43.420+0000] {processor.py:157} INFO - Started process (PID=105) to work on /home/airflow/.local/lib/python3.8/site-packages/airflow/example_dags/example_skip_dag.py
[2023-11-23T03:44:43.437+0000] {processor.py:829} INFO - Processing file /home/airflow/.local/lib/python3.8/site-packages/airflow/example_dags/example_skip_dag.py for tasks to queue
[2023-11-23T03:44:43.451+0000] {logging_mixin.py:154} INFO - [2023-11-23T03:44:43.449+0000] {dagbag.py:536} INFO - Filling up the DagBag from /home/airflow/.local/lib/python3.8/site-packages/airflow/example_dags/example_skip_dag.py
[2023-11-23T03:44:43.517+0000] {processor.py:839} INFO - DAG(s) dict_keys(['example_skip_dag']) retrieved from /home/airflow/.local/lib/python3.8/site-packages/airflow/example_dags/example_skip_dag.py
[2023-11-23T03:44:43.679+0000] {logging_mixin.py:154} INFO - [2023-11-23T03:44:43.679+0000] {dag.py:2941} INFO - Sync 1 DAGs
[2023-11-23T03:44:44.281+0000] {logging_mixin.py:154} INFO - [2023-11-23T03:44:44.280+0000] {dag.py:3722} INFO - Setting next_dagrun for example_skip_dag to 2023-11-22T03:44:44.279587+00:00, run_after=2023-11-23T03:44:44.279587+00:00
[2023-11-23T03:44:44.469+0000] {processor.py:179} INFO - Processing /home/airflow/.local/lib/python3.8/site-packages/airflow/example_dags/example_skip_dag.py took 1.067 seconds
[2023-11-23T03:45:16.226+0000] {processor.py:157} INFO - Started process (PID=157) to work on /home/airflow/.local/lib/python3.8/site-packages/airflow/example_dags/example_skip_dag.py
[2023-11-23T03:45:16.236+0000] {processor.py:829} INFO - Processing file /home/airflow/.local/lib/python3.8/site-packages/airflow/example_dags/example_skip_dag.py for tasks to queue
[2023-11-23T03:45:16.240+0000] {logging_mixin.py:154} INFO - [2023-11-23T03:45:16.239+0000] {dagbag.py:536} INFO - Filling up the DagBag from /home/airflow/.local/lib/python3.8/site-packages/airflow/example_dags/example_skip_dag.py
[2023-11-23T03:45:16.265+0000] {processor.py:839} INFO - DAG(s) dict_keys(['example_skip_dag']) retrieved from /home/airflow/.local/lib/python3.8/site-packages/airflow/example_dags/example_skip_dag.py
[2023-11-23T03:45:16.343+0000] {logging_mixin.py:154} INFO - [2023-11-23T03:45:16.342+0000] {dag.py:2941} INFO - Sync 1 DAGs
[2023-11-23T03:45:16.459+0000] {logging_mixin.py:154} INFO - [2023-11-23T03:45:16.459+0000] {dag.py:3722} INFO - Setting next_dagrun for example_skip_dag to 2023-11-22T03:45:16.458400+00:00, run_after=2023-11-23T03:45:16.458400+00:00
[2023-11-23T03:45:16.511+0000] {processor.py:179} INFO - Processing /home/airflow/.local/lib/python3.8/site-packages/airflow/example_dags/example_skip_dag.py took 0.290 seconds
[2023-11-23T04:15:39.783+0000] {processor.py:157} INFO - Started process (PID=177) to work on /home/airflow/.local/lib/python3.8/site-packages/airflow/example_dags/example_skip_dag.py
[2023-11-23T04:15:39.787+0000] {processor.py:829} INFO - Processing file /home/airflow/.local/lib/python3.8/site-packages/airflow/example_dags/example_skip_dag.py for tasks to queue
[2023-11-23T04:15:39.794+0000] {logging_mixin.py:154} INFO - [2023-11-23T04:15:39.794+0000] {dagbag.py:536} INFO - Filling up the DagBag from /home/airflow/.local/lib/python3.8/site-packages/airflow/example_dags/example_skip_dag.py
[2023-11-23T04:15:39.830+0000] {processor.py:839} INFO - DAG(s) dict_keys(['example_skip_dag']) retrieved from /home/airflow/.local/lib/python3.8/site-packages/airflow/example_dags/example_skip_dag.py
[2023-11-23T04:15:39.934+0000] {logging_mixin.py:154} INFO - [2023-11-23T04:15:39.934+0000] {dag.py:2941} INFO - Sync 1 DAGs
[2023-11-23T04:15:40.008+0000] {logging_mixin.py:154} INFO - [2023-11-23T04:15:40.007+0000] {dag.py:3722} INFO - Setting next_dagrun for example_skip_dag to 2023-11-22T04:15:40.006960+00:00, run_after=2023-11-23T04:15:40.006960+00:00
[2023-11-23T04:15:40.085+0000] {processor.py:179} INFO - Processing /home/airflow/.local/lib/python3.8/site-packages/airflow/example_dags/example_skip_dag.py took 0.313 seconds
[2023-11-23T04:16:10.757+0000] {processor.py:157} INFO - Started process (PID=230) to work on /home/airflow/.local/lib/python3.8/site-packages/airflow/example_dags/example_skip_dag.py
[2023-11-23T04:16:10.760+0000] {processor.py:829} INFO - Processing file /home/airflow/.local/lib/python3.8/site-packages/airflow/example_dags/example_skip_dag.py for tasks to queue
[2023-11-23T04:16:10.765+0000] {logging_mixin.py:154} INFO - [2023-11-23T04:16:10.764+0000] {dagbag.py:536} INFO - Filling up the DagBag from /home/airflow/.local/lib/python3.8/site-packages/airflow/example_dags/example_skip_dag.py
[2023-11-23T04:16:10.790+0000] {processor.py:839} INFO - DAG(s) dict_keys(['example_skip_dag']) retrieved from /home/airflow/.local/lib/python3.8/site-packages/airflow/example_dags/example_skip_dag.py
[2023-11-23T04:16:10.863+0000] {logging_mixin.py:154} INFO - [2023-11-23T04:16:10.862+0000] {dag.py:2941} INFO - Sync 1 DAGs
[2023-11-23T04:16:10.908+0000] {logging_mixin.py:154} INFO - [2023-11-23T04:16:10.908+0000] {dag.py:3722} INFO - Setting next_dagrun for example_skip_dag to 2023-11-22T04:16:10.906984+00:00, run_after=2023-11-23T04:16:10.906984+00:00
[2023-11-23T04:16:10.947+0000] {processor.py:179} INFO - Processing /home/airflow/.local/lib/python3.8/site-packages/airflow/example_dags/example_skip_dag.py took 0.224 seconds
[2023-11-23T04:16:41.919+0000] {processor.py:157} INFO - Started process (PID=284) to work on /home/airflow/.local/lib/python3.8/site-packages/airflow/example_dags/example_skip_dag.py
[2023-11-23T04:16:41.920+0000] {processor.py:829} INFO - Processing file /home/airflow/.local/lib/python3.8/site-packages/airflow/example_dags/example_skip_dag.py for tasks to queue
[2023-11-23T04:16:41.923+0000] {logging_mixin.py:154} INFO - [2023-11-23T04:16:41.923+0000] {dagbag.py:536} INFO - Filling up the DagBag from /home/airflow/.local/lib/python3.8/site-packages/airflow/example_dags/example_skip_dag.py
[2023-11-23T04:16:41.932+0000] {processor.py:839} INFO - DAG(s) dict_keys(['example_skip_dag']) retrieved from /home/airflow/.local/lib/python3.8/site-packages/airflow/example_dags/example_skip_dag.py
[2023-11-23T04:16:41.973+0000] {logging_mixin.py:154} INFO - [2023-11-23T04:16:41.973+0000] {dag.py:2941} INFO - Sync 1 DAGs
[2023-11-23T04:16:42.016+0000] {logging_mixin.py:154} INFO - [2023-11-23T04:16:42.015+0000] {dag.py:3722} INFO - Setting next_dagrun for example_skip_dag to 2023-11-22T04:16:42.015244+00:00, run_after=2023-11-23T04:16:42.015244+00:00
[2023-11-23T04:16:42.035+0000] {processor.py:179} INFO - Processing /home/airflow/.local/lib/python3.8/site-packages/airflow/example_dags/example_skip_dag.py took 0.120 seconds
[2023-11-23T04:17:12.881+0000] {processor.py:157} INFO - Started process (PID=338) to work on /home/airflow/.local/lib/python3.8/site-packages/airflow/example_dags/example_skip_dag.py
[2023-11-23T04:17:12.882+0000] {processor.py:829} INFO - Processing file /home/airflow/.local/lib/python3.8/site-packages/airflow/example_dags/example_skip_dag.py for tasks to queue
[2023-11-23T04:17:12.887+0000] {logging_mixin.py:154} INFO - [2023-11-23T04:17:12.887+0000] {dagbag.py:536} INFO - Filling up the DagBag from /home/airflow/.local/lib/python3.8/site-packages/airflow/example_dags/example_skip_dag.py
[2023-11-23T04:17:12.898+0000] {processor.py:839} INFO - DAG(s) dict_keys(['example_skip_dag']) retrieved from /home/airflow/.local/lib/python3.8/site-packages/airflow/example_dags/example_skip_dag.py
[2023-11-23T04:17:12.932+0000] {logging_mixin.py:154} INFO - [2023-11-23T04:17:12.932+0000] {dag.py:2941} INFO - Sync 1 DAGs
[2023-11-23T04:17:12.965+0000] {logging_mixin.py:154} INFO - [2023-11-23T04:17:12.964+0000] {dag.py:3722} INFO - Setting next_dagrun for example_skip_dag to 2023-11-22T04:17:12.964624+00:00, run_after=2023-11-23T04:17:12.964624+00:00
[2023-11-23T04:17:13.001+0000] {processor.py:179} INFO - Processing /home/airflow/.local/lib/python3.8/site-packages/airflow/example_dags/example_skip_dag.py took 0.125 seconds
[2023-11-23T04:17:43.624+0000] {processor.py:157} INFO - Started process (PID=392) to work on /home/airflow/.local/lib/python3.8/site-packages/airflow/example_dags/example_skip_dag.py
[2023-11-23T04:17:43.626+0000] {processor.py:829} INFO - Processing file /home/airflow/.local/lib/python3.8/site-packages/airflow/example_dags/example_skip_dag.py for tasks to queue
[2023-11-23T04:17:43.629+0000] {logging_mixin.py:154} INFO - [2023-11-23T04:17:43.628+0000] {dagbag.py:536} INFO - Filling up the DagBag from /home/airflow/.local/lib/python3.8/site-packages/airflow/example_dags/example_skip_dag.py
[2023-11-23T04:17:43.637+0000] {processor.py:839} INFO - DAG(s) dict_keys(['example_skip_dag']) retrieved from /home/airflow/.local/lib/python3.8/site-packages/airflow/example_dags/example_skip_dag.py
[2023-11-23T04:17:43.670+0000] {logging_mixin.py:154} INFO - [2023-11-23T04:17:43.670+0000] {dag.py:2941} INFO - Sync 1 DAGs
[2023-11-23T04:17:43.699+0000] {logging_mixin.py:154} INFO - [2023-11-23T04:17:43.699+0000] {dag.py:3722} INFO - Setting next_dagrun for example_skip_dag to 2023-11-22T04:17:43.698656+00:00, run_after=2023-11-23T04:17:43.698656+00:00
[2023-11-23T04:17:43.727+0000] {processor.py:179} INFO - Processing /home/airflow/.local/lib/python3.8/site-packages/airflow/example_dags/example_skip_dag.py took 0.107 seconds
[2023-11-23T04:18:14.536+0000] {processor.py:157} INFO - Started process (PID=445) to work on /home/airflow/.local/lib/python3.8/site-packages/airflow/example_dags/example_skip_dag.py
[2023-11-23T04:18:14.539+0000] {processor.py:829} INFO - Processing file /home/airflow/.local/lib/python3.8/site-packages/airflow/example_dags/example_skip_dag.py for tasks to queue
[2023-11-23T04:18:14.544+0000] {logging_mixin.py:154} INFO - [2023-11-23T04:18:14.543+0000] {dagbag.py:536} INFO - Filling up the DagBag from /home/airflow/.local/lib/python3.8/site-packages/airflow/example_dags/example_skip_dag.py
[2023-11-23T04:18:14.567+0000] {processor.py:839} INFO - DAG(s) dict_keys(['example_skip_dag']) retrieved from /home/airflow/.local/lib/python3.8/site-packages/airflow/example_dags/example_skip_dag.py
[2023-11-23T04:18:14.677+0000] {logging_mixin.py:154} INFO - [2023-11-23T04:18:14.676+0000] {dag.py:2941} INFO - Sync 1 DAGs
[2023-11-23T04:18:14.708+0000] {logging_mixin.py:154} INFO - [2023-11-23T04:18:14.707+0000] {dag.py:3722} INFO - Setting next_dagrun for example_skip_dag to 2023-11-22T04:18:14.707527+00:00, run_after=2023-11-23T04:18:14.707527+00:00
[2023-11-23T04:18:14.735+0000] {processor.py:179} INFO - Processing /home/airflow/.local/lib/python3.8/site-packages/airflow/example_dags/example_skip_dag.py took 0.205 seconds
[2023-11-23T04:18:45.671+0000] {processor.py:157} INFO - Started process (PID=499) to work on /home/airflow/.local/lib/python3.8/site-packages/airflow/example_dags/example_skip_dag.py
[2023-11-23T04:18:45.676+0000] {processor.py:829} INFO - Processing file /home/airflow/.local/lib/python3.8/site-packages/airflow/example_dags/example_skip_dag.py for tasks to queue
[2023-11-23T04:18:45.682+0000] {logging_mixin.py:154} INFO - [2023-11-23T04:18:45.682+0000] {dagbag.py:536} INFO - Filling up the DagBag from /home/airflow/.local/lib/python3.8/site-packages/airflow/example_dags/example_skip_dag.py
[2023-11-23T04:18:45.704+0000] {processor.py:839} INFO - DAG(s) dict_keys(['example_skip_dag']) retrieved from /home/airflow/.local/lib/python3.8/site-packages/airflow/example_dags/example_skip_dag.py
[2023-11-23T04:18:45.775+0000] {logging_mixin.py:154} INFO - [2023-11-23T04:18:45.775+0000] {dag.py:2941} INFO - Sync 1 DAGs
[2023-11-23T04:18:45.844+0000] {logging_mixin.py:154} INFO - [2023-11-23T04:18:45.843+0000] {dag.py:3722} INFO - Setting next_dagrun for example_skip_dag to 2023-11-22T04:18:45.843640+00:00, run_after=2023-11-23T04:18:45.843640+00:00
[2023-11-23T04:18:45.909+0000] {processor.py:179} INFO - Processing /home/airflow/.local/lib/python3.8/site-packages/airflow/example_dags/example_skip_dag.py took 0.261 seconds
[2023-11-23T04:19:16.894+0000] {processor.py:157} INFO - Started process (PID=553) to work on /home/airflow/.local/lib/python3.8/site-packages/airflow/example_dags/example_skip_dag.py
[2023-11-23T04:19:16.906+0000] {processor.py:829} INFO - Processing file /home/airflow/.local/lib/python3.8/site-packages/airflow/example_dags/example_skip_dag.py for tasks to queue
[2023-11-23T04:19:16.916+0000] {logging_mixin.py:154} INFO - [2023-11-23T04:19:16.916+0000] {dagbag.py:536} INFO - Filling up the DagBag from /home/airflow/.local/lib/python3.8/site-packages/airflow/example_dags/example_skip_dag.py
[2023-11-23T04:19:16.942+0000] {processor.py:839} INFO - DAG(s) dict_keys(['example_skip_dag']) retrieved from /home/airflow/.local/lib/python3.8/site-packages/airflow/example_dags/example_skip_dag.py
[2023-11-23T04:19:17.022+0000] {logging_mixin.py:154} INFO - [2023-11-23T04:19:17.022+0000] {dag.py:2941} INFO - Sync 1 DAGs
[2023-11-23T04:19:17.094+0000] {logging_mixin.py:154} INFO - [2023-11-23T04:19:17.094+0000] {dag.py:3722} INFO - Setting next_dagrun for example_skip_dag to 2023-11-22T04:19:17.093505+00:00, run_after=2023-11-23T04:19:17.093505+00:00
[2023-11-23T04:19:17.159+0000] {processor.py:179} INFO - Processing /home/airflow/.local/lib/python3.8/site-packages/airflow/example_dags/example_skip_dag.py took 0.269 seconds
[2023-11-23T04:19:47.235+0000] {processor.py:157} INFO - Started process (PID=607) to work on /home/airflow/.local/lib/python3.8/site-packages/airflow/example_dags/example_skip_dag.py
[2023-11-23T04:19:47.237+0000] {processor.py:829} INFO - Processing file /home/airflow/.local/lib/python3.8/site-packages/airflow/example_dags/example_skip_dag.py for tasks to queue
[2023-11-23T04:19:47.241+0000] {logging_mixin.py:154} INFO - [2023-11-23T04:19:47.241+0000] {dagbag.py:536} INFO - Filling up the DagBag from /home/airflow/.local/lib/python3.8/site-packages/airflow/example_dags/example_skip_dag.py
[2023-11-23T04:19:47.255+0000] {processor.py:839} INFO - DAG(s) dict_keys(['example_skip_dag']) retrieved from /home/airflow/.local/lib/python3.8/site-packages/airflow/example_dags/example_skip_dag.py
[2023-11-23T04:19:47.290+0000] {logging_mixin.py:154} INFO - [2023-11-23T04:19:47.290+0000] {dag.py:2941} INFO - Sync 1 DAGs
[2023-11-23T04:19:47.323+0000] {logging_mixin.py:154} INFO - [2023-11-23T04:19:47.322+0000] {dag.py:3722} INFO - Setting next_dagrun for example_skip_dag to 2023-11-22T04:19:47.322136+00:00, run_after=2023-11-23T04:19:47.322136+00:00
[2023-11-23T04:19:47.351+0000] {processor.py:179} INFO - Processing /home/airflow/.local/lib/python3.8/site-packages/airflow/example_dags/example_skip_dag.py took 0.121 seconds
[2023-11-23T04:20:17.432+0000] {processor.py:157} INFO - Started process (PID=661) to work on /home/airflow/.local/lib/python3.8/site-packages/airflow/example_dags/example_skip_dag.py
[2023-11-23T04:20:17.435+0000] {processor.py:829} INFO - Processing file /home/airflow/.local/lib/python3.8/site-packages/airflow/example_dags/example_skip_dag.py for tasks to queue
[2023-11-23T04:20:17.441+0000] {logging_mixin.py:154} INFO - [2023-11-23T04:20:17.440+0000] {dagbag.py:536} INFO - Filling up the DagBag from /home/airflow/.local/lib/python3.8/site-packages/airflow/example_dags/example_skip_dag.py
[2023-11-23T04:20:17.458+0000] {processor.py:839} INFO - DAG(s) dict_keys(['example_skip_dag']) retrieved from /home/airflow/.local/lib/python3.8/site-packages/airflow/example_dags/example_skip_dag.py
[2023-11-23T04:20:17.511+0000] {logging_mixin.py:154} INFO - [2023-11-23T04:20:17.510+0000] {dag.py:2941} INFO - Sync 1 DAGs
[2023-11-23T04:20:17.563+0000] {logging_mixin.py:154} INFO - [2023-11-23T04:20:17.562+0000] {dag.py:3722} INFO - Setting next_dagrun for example_skip_dag to 2023-11-22T04:20:17.562435+00:00, run_after=2023-11-23T04:20:17.562435+00:00
[2023-11-23T04:20:17.605+0000] {processor.py:179} INFO - Processing /home/airflow/.local/lib/python3.8/site-packages/airflow/example_dags/example_skip_dag.py took 0.185 seconds
[2023-11-23T04:20:48.088+0000] {processor.py:157} INFO - Started process (PID=714) to work on /home/airflow/.local/lib/python3.8/site-packages/airflow/example_dags/example_skip_dag.py
[2023-11-23T04:20:48.093+0000] {processor.py:829} INFO - Processing file /home/airflow/.local/lib/python3.8/site-packages/airflow/example_dags/example_skip_dag.py for tasks to queue
[2023-11-23T04:20:48.097+0000] {logging_mixin.py:154} INFO - [2023-11-23T04:20:48.097+0000] {dagbag.py:536} INFO - Filling up the DagBag from /home/airflow/.local/lib/python3.8/site-packages/airflow/example_dags/example_skip_dag.py
[2023-11-23T04:20:48.125+0000] {processor.py:839} INFO - DAG(s) dict_keys(['example_skip_dag']) retrieved from /home/airflow/.local/lib/python3.8/site-packages/airflow/example_dags/example_skip_dag.py
[2023-11-23T04:20:48.195+0000] {logging_mixin.py:154} INFO - [2023-11-23T04:20:48.195+0000] {dag.py:2941} INFO - Sync 1 DAGs
[2023-11-23T04:20:48.242+0000] {logging_mixin.py:154} INFO - [2023-11-23T04:20:48.242+0000] {dag.py:3722} INFO - Setting next_dagrun for example_skip_dag to 2023-11-22T04:20:48.242133+00:00, run_after=2023-11-23T04:20:48.242133+00:00
[2023-11-23T04:20:48.280+0000] {processor.py:179} INFO - Processing /home/airflow/.local/lib/python3.8/site-packages/airflow/example_dags/example_skip_dag.py took 0.200 seconds
[2023-11-23T04:21:21.294+0000] {processor.py:157} INFO - Started process (PID=775) to work on /home/airflow/.local/lib/python3.8/site-packages/airflow/example_dags/example_skip_dag.py
[2023-11-23T04:21:21.399+0000] {processor.py:829} INFO - Processing file /home/airflow/.local/lib/python3.8/site-packages/airflow/example_dags/example_skip_dag.py for tasks to queue
[2023-11-23T04:21:21.412+0000] {logging_mixin.py:154} INFO - [2023-11-23T04:21:21.404+0000] {dagbag.py:536} INFO - Filling up the DagBag from /home/airflow/.local/lib/python3.8/site-packages/airflow/example_dags/example_skip_dag.py
[2023-11-23T04:21:21.601+0000] {processor.py:839} INFO - DAG(s) dict_keys(['example_skip_dag']) retrieved from /home/airflow/.local/lib/python3.8/site-packages/airflow/example_dags/example_skip_dag.py
[2023-11-23T04:21:22.200+0000] {logging_mixin.py:154} INFO - [2023-11-23T04:21:22.200+0000] {dag.py:2941} INFO - Sync 1 DAGs
[2023-11-23T04:21:22.274+0000] {logging_mixin.py:154} INFO - [2023-11-23T04:21:22.274+0000] {dag.py:3722} INFO - Setting next_dagrun for example_skip_dag to 2023-11-22T04:21:22.273972+00:00, run_after=2023-11-23T04:21:22.273972+00:00
[2023-11-23T04:21:22.344+0000] {processor.py:179} INFO - Processing /home/airflow/.local/lib/python3.8/site-packages/airflow/example_dags/example_skip_dag.py took 1.083 seconds
[2023-11-23T04:21:53.896+0000] {processor.py:157} INFO - Started process (PID=829) to work on /home/airflow/.local/lib/python3.8/site-packages/airflow/example_dags/example_skip_dag.py
[2023-11-23T04:21:53.897+0000] {processor.py:829} INFO - Processing file /home/airflow/.local/lib/python3.8/site-packages/airflow/example_dags/example_skip_dag.py for tasks to queue
[2023-11-23T04:21:53.901+0000] {logging_mixin.py:154} INFO - [2023-11-23T04:21:53.900+0000] {dagbag.py:536} INFO - Filling up the DagBag from /home/airflow/.local/lib/python3.8/site-packages/airflow/example_dags/example_skip_dag.py
[2023-11-23T04:21:53.936+0000] {processor.py:839} INFO - DAG(s) dict_keys(['example_skip_dag']) retrieved from /home/airflow/.local/lib/python3.8/site-packages/airflow/example_dags/example_skip_dag.py
[2023-11-23T04:21:54.064+0000] {logging_mixin.py:154} INFO - [2023-11-23T04:21:54.064+0000] {dag.py:2941} INFO - Sync 1 DAGs
[2023-11-23T04:21:54.260+0000] {logging_mixin.py:154} INFO - [2023-11-23T04:21:54.259+0000] {dag.py:3722} INFO - Setting next_dagrun for example_skip_dag to 2023-11-22T04:21:54.255452+00:00, run_after=2023-11-23T04:21:54.255452+00:00
[2023-11-23T04:21:54.365+0000] {processor.py:179} INFO - Processing /home/airflow/.local/lib/python3.8/site-packages/airflow/example_dags/example_skip_dag.py took 0.515 seconds
