[2023-11-23T02:25:09.769+0000] {processor.py:157} INFO - Started process (PID=55) to work on /home/airflow/.local/lib/python3.8/site-packages/airflow/example_dags/example_time_delta_sensor_async.py
[2023-11-23T02:25:09.781+0000] {processor.py:829} INFO - Processing file /home/airflow/.local/lib/python3.8/site-packages/airflow/example_dags/example_time_delta_sensor_async.py for tasks to queue
[2023-11-23T02:25:09.791+0000] {logging_mixin.py:154} INFO - [2023-11-23T02:25:09.791+0000] {dagbag.py:536} INFO - Filling up the DagBag from /home/airflow/.local/lib/python3.8/site-packages/airflow/example_dags/example_time_delta_sensor_async.py
[2023-11-23T02:25:09.807+0000] {processor.py:839} INFO - DAG(s) dict_keys(['example_time_delta_sensor_async']) retrieved from /home/airflow/.local/lib/python3.8/site-packages/airflow/example_dags/example_time_delta_sensor_async.py
[2023-11-23T02:25:10.715+0000] {logging_mixin.py:154} INFO - [2023-11-23T02:25:10.714+0000] {manager.py:499} INFO - Created Permission View: %s
[2023-11-23T02:25:10.750+0000] {logging_mixin.py:154} INFO - [2023-11-23T02:25:10.749+0000] {manager.py:499} INFO - Created Permission View: %s
[2023-11-23T02:25:10.776+0000] {logging_mixin.py:154} INFO - [2023-11-23T02:25:10.776+0000] {manager.py:499} INFO - Created Permission View: %s
[2023-11-23T02:25:10.779+0000] {logging_mixin.py:154} INFO - [2023-11-23T02:25:10.779+0000] {dag.py:2941} INFO - Sync 1 DAGs
[2023-11-23T02:25:10.842+0000] {logging_mixin.py:154} INFO - [2023-11-23T02:25:10.842+0000] {dag.py:2963} INFO - Creating ORM DAG for example_time_delta_sensor_async
[2023-11-23T02:25:10.854+0000] {logging_mixin.py:154} INFO - [2023-11-23T02:25:10.854+0000] {dag.py:3722} INFO - Setting next_dagrun for example_time_delta_sensor_async to None, run_after=None
[2023-11-23T02:25:10.970+0000] {processor.py:179} INFO - Processing /home/airflow/.local/lib/python3.8/site-packages/airflow/example_dags/example_time_delta_sensor_async.py took 1.229 seconds
[2023-11-23T02:25:41.103+0000] {processor.py:157} INFO - Started process (PID=110) to work on /home/airflow/.local/lib/python3.8/site-packages/airflow/example_dags/example_time_delta_sensor_async.py
[2023-11-23T02:25:41.105+0000] {processor.py:829} INFO - Processing file /home/airflow/.local/lib/python3.8/site-packages/airflow/example_dags/example_time_delta_sensor_async.py for tasks to queue
[2023-11-23T02:25:41.109+0000] {logging_mixin.py:154} INFO - [2023-11-23T02:25:41.108+0000] {dagbag.py:536} INFO - Filling up the DagBag from /home/airflow/.local/lib/python3.8/site-packages/airflow/example_dags/example_time_delta_sensor_async.py
[2023-11-23T02:25:41.136+0000] {processor.py:839} INFO - DAG(s) dict_keys(['example_time_delta_sensor_async']) retrieved from /home/airflow/.local/lib/python3.8/site-packages/airflow/example_dags/example_time_delta_sensor_async.py
[2023-11-23T02:25:41.169+0000] {logging_mixin.py:154} INFO - [2023-11-23T02:25:41.168+0000] {dag.py:2941} INFO - Sync 1 DAGs
[2023-11-23T02:25:41.185+0000] {logging_mixin.py:154} INFO - [2023-11-23T02:25:41.184+0000] {dag.py:3722} INFO - Setting next_dagrun for example_time_delta_sensor_async to None, run_after=None
[2023-11-23T02:25:41.208+0000] {processor.py:179} INFO - Processing /home/airflow/.local/lib/python3.8/site-packages/airflow/example_dags/example_time_delta_sensor_async.py took 0.111 seconds
[2023-11-23T02:26:11.931+0000] {processor.py:157} INFO - Started process (PID=164) to work on /home/airflow/.local/lib/python3.8/site-packages/airflow/example_dags/example_time_delta_sensor_async.py
[2023-11-23T02:26:11.942+0000] {processor.py:829} INFO - Processing file /home/airflow/.local/lib/python3.8/site-packages/airflow/example_dags/example_time_delta_sensor_async.py for tasks to queue
[2023-11-23T02:26:11.952+0000] {logging_mixin.py:154} INFO - [2023-11-23T02:26:11.951+0000] {dagbag.py:536} INFO - Filling up the DagBag from /home/airflow/.local/lib/python3.8/site-packages/airflow/example_dags/example_time_delta_sensor_async.py
[2023-11-23T02:26:12.002+0000] {processor.py:839} INFO - DAG(s) dict_keys(['example_time_delta_sensor_async']) retrieved from /home/airflow/.local/lib/python3.8/site-packages/airflow/example_dags/example_time_delta_sensor_async.py
[2023-11-23T02:26:12.117+0000] {logging_mixin.py:154} INFO - [2023-11-23T02:26:12.116+0000] {dag.py:2941} INFO - Sync 1 DAGs
[2023-11-23T02:26:12.153+0000] {logging_mixin.py:154} INFO - [2023-11-23T02:26:12.153+0000] {dag.py:3722} INFO - Setting next_dagrun for example_time_delta_sensor_async to None, run_after=None
[2023-11-23T02:26:12.198+0000] {processor.py:179} INFO - Processing /home/airflow/.local/lib/python3.8/site-packages/airflow/example_dags/example_time_delta_sensor_async.py took 0.284 seconds
[2023-11-23T02:26:43.053+0000] {processor.py:157} INFO - Started process (PID=218) to work on /home/airflow/.local/lib/python3.8/site-packages/airflow/example_dags/example_time_delta_sensor_async.py
[2023-11-23T02:26:43.060+0000] {processor.py:829} INFO - Processing file /home/airflow/.local/lib/python3.8/site-packages/airflow/example_dags/example_time_delta_sensor_async.py for tasks to queue
[2023-11-23T02:26:43.078+0000] {logging_mixin.py:154} INFO - [2023-11-23T02:26:43.077+0000] {dagbag.py:536} INFO - Filling up the DagBag from /home/airflow/.local/lib/python3.8/site-packages/airflow/example_dags/example_time_delta_sensor_async.py
[2023-11-23T02:26:43.110+0000] {processor.py:839} INFO - DAG(s) dict_keys(['example_time_delta_sensor_async']) retrieved from /home/airflow/.local/lib/python3.8/site-packages/airflow/example_dags/example_time_delta_sensor_async.py
[2023-11-23T02:26:43.278+0000] {logging_mixin.py:154} INFO - [2023-11-23T02:26:43.278+0000] {dag.py:2941} INFO - Sync 1 DAGs
[2023-11-23T02:26:43.380+0000] {logging_mixin.py:154} INFO - [2023-11-23T02:26:43.380+0000] {dag.py:3722} INFO - Setting next_dagrun for example_time_delta_sensor_async to None, run_after=None
[2023-11-23T02:26:43.502+0000] {processor.py:179} INFO - Processing /home/airflow/.local/lib/python3.8/site-packages/airflow/example_dags/example_time_delta_sensor_async.py took 0.476 seconds
[2023-11-23T02:27:13.716+0000] {processor.py:157} INFO - Started process (PID=272) to work on /home/airflow/.local/lib/python3.8/site-packages/airflow/example_dags/example_time_delta_sensor_async.py
[2023-11-23T02:27:13.724+0000] {processor.py:829} INFO - Processing file /home/airflow/.local/lib/python3.8/site-packages/airflow/example_dags/example_time_delta_sensor_async.py for tasks to queue
[2023-11-23T02:27:13.731+0000] {logging_mixin.py:154} INFO - [2023-11-23T02:27:13.731+0000] {dagbag.py:536} INFO - Filling up the DagBag from /home/airflow/.local/lib/python3.8/site-packages/airflow/example_dags/example_time_delta_sensor_async.py
[2023-11-23T02:27:13.750+0000] {processor.py:839} INFO - DAG(s) dict_keys(['example_time_delta_sensor_async']) retrieved from /home/airflow/.local/lib/python3.8/site-packages/airflow/example_dags/example_time_delta_sensor_async.py
[2023-11-23T02:27:13.871+0000] {logging_mixin.py:154} INFO - [2023-11-23T02:27:13.870+0000] {dag.py:2941} INFO - Sync 1 DAGs
[2023-11-23T02:27:13.908+0000] {logging_mixin.py:154} INFO - [2023-11-23T02:27:13.908+0000] {dag.py:3722} INFO - Setting next_dagrun for example_time_delta_sensor_async to None, run_after=None
[2023-11-23T02:27:13.998+0000] {processor.py:179} INFO - Processing /home/airflow/.local/lib/python3.8/site-packages/airflow/example_dags/example_time_delta_sensor_async.py took 0.291 seconds
[2023-11-23T02:27:44.600+0000] {processor.py:157} INFO - Started process (PID=326) to work on /home/airflow/.local/lib/python3.8/site-packages/airflow/example_dags/example_time_delta_sensor_async.py
[2023-11-23T02:27:44.603+0000] {processor.py:829} INFO - Processing file /home/airflow/.local/lib/python3.8/site-packages/airflow/example_dags/example_time_delta_sensor_async.py for tasks to queue
[2023-11-23T02:27:44.608+0000] {logging_mixin.py:154} INFO - [2023-11-23T02:27:44.607+0000] {dagbag.py:536} INFO - Filling up the DagBag from /home/airflow/.local/lib/python3.8/site-packages/airflow/example_dags/example_time_delta_sensor_async.py
[2023-11-23T02:27:44.620+0000] {processor.py:839} INFO - DAG(s) dict_keys(['example_time_delta_sensor_async']) retrieved from /home/airflow/.local/lib/python3.8/site-packages/airflow/example_dags/example_time_delta_sensor_async.py
[2023-11-23T02:27:44.705+0000] {logging_mixin.py:154} INFO - [2023-11-23T02:27:44.704+0000] {dag.py:2941} INFO - Sync 1 DAGs
[2023-11-23T02:27:44.841+0000] {logging_mixin.py:154} INFO - [2023-11-23T02:27:44.841+0000] {dag.py:3722} INFO - Setting next_dagrun for example_time_delta_sensor_async to None, run_after=None
[2023-11-23T02:27:45.000+0000] {processor.py:179} INFO - Processing /home/airflow/.local/lib/python3.8/site-packages/airflow/example_dags/example_time_delta_sensor_async.py took 0.407 seconds
[2023-11-23T02:28:15.601+0000] {processor.py:157} INFO - Started process (PID=379) to work on /home/airflow/.local/lib/python3.8/site-packages/airflow/example_dags/example_time_delta_sensor_async.py
[2023-11-23T02:28:15.603+0000] {processor.py:829} INFO - Processing file /home/airflow/.local/lib/python3.8/site-packages/airflow/example_dags/example_time_delta_sensor_async.py for tasks to queue
[2023-11-23T02:28:15.606+0000] {logging_mixin.py:154} INFO - [2023-11-23T02:28:15.605+0000] {dagbag.py:536} INFO - Filling up the DagBag from /home/airflow/.local/lib/python3.8/site-packages/airflow/example_dags/example_time_delta_sensor_async.py
[2023-11-23T02:28:15.612+0000] {processor.py:839} INFO - DAG(s) dict_keys(['example_time_delta_sensor_async']) retrieved from /home/airflow/.local/lib/python3.8/site-packages/airflow/example_dags/example_time_delta_sensor_async.py
[2023-11-23T02:28:15.648+0000] {logging_mixin.py:154} INFO - [2023-11-23T02:28:15.647+0000] {dag.py:2941} INFO - Sync 1 DAGs
[2023-11-23T02:28:15.666+0000] {logging_mixin.py:154} INFO - [2023-11-23T02:28:15.666+0000] {dag.py:3722} INFO - Setting next_dagrun for example_time_delta_sensor_async to None, run_after=None
[2023-11-23T02:28:15.688+0000] {processor.py:179} INFO - Processing /home/airflow/.local/lib/python3.8/site-packages/airflow/example_dags/example_time_delta_sensor_async.py took 0.092 seconds
[2023-11-23T02:28:46.072+0000] {processor.py:157} INFO - Started process (PID=432) to work on /home/airflow/.local/lib/python3.8/site-packages/airflow/example_dags/example_time_delta_sensor_async.py
[2023-11-23T02:28:46.087+0000] {processor.py:829} INFO - Processing file /home/airflow/.local/lib/python3.8/site-packages/airflow/example_dags/example_time_delta_sensor_async.py for tasks to queue
[2023-11-23T02:28:46.102+0000] {logging_mixin.py:154} INFO - [2023-11-23T02:28:46.102+0000] {dagbag.py:536} INFO - Filling up the DagBag from /home/airflow/.local/lib/python3.8/site-packages/airflow/example_dags/example_time_delta_sensor_async.py
[2023-11-23T02:28:46.119+0000] {processor.py:839} INFO - DAG(s) dict_keys(['example_time_delta_sensor_async']) retrieved from /home/airflow/.local/lib/python3.8/site-packages/airflow/example_dags/example_time_delta_sensor_async.py
[2023-11-23T02:28:46.188+0000] {logging_mixin.py:154} INFO - [2023-11-23T02:28:46.184+0000] {dag.py:2941} INFO - Sync 1 DAGs
[2023-11-23T02:28:46.218+0000] {logging_mixin.py:154} INFO - [2023-11-23T02:28:46.218+0000] {dag.py:3722} INFO - Setting next_dagrun for example_time_delta_sensor_async to None, run_after=None
[2023-11-23T02:28:46.245+0000] {processor.py:179} INFO - Processing /home/airflow/.local/lib/python3.8/site-packages/airflow/example_dags/example_time_delta_sensor_async.py took 0.189 seconds
[2023-11-23T02:29:16.447+0000] {processor.py:157} INFO - Started process (PID=486) to work on /home/airflow/.local/lib/python3.8/site-packages/airflow/example_dags/example_time_delta_sensor_async.py
[2023-11-23T02:29:16.449+0000] {processor.py:829} INFO - Processing file /home/airflow/.local/lib/python3.8/site-packages/airflow/example_dags/example_time_delta_sensor_async.py for tasks to queue
[2023-11-23T02:29:16.460+0000] {logging_mixin.py:154} INFO - [2023-11-23T02:29:16.459+0000] {dagbag.py:536} INFO - Filling up the DagBag from /home/airflow/.local/lib/python3.8/site-packages/airflow/example_dags/example_time_delta_sensor_async.py
[2023-11-23T02:29:16.472+0000] {processor.py:839} INFO - DAG(s) dict_keys(['example_time_delta_sensor_async']) retrieved from /home/airflow/.local/lib/python3.8/site-packages/airflow/example_dags/example_time_delta_sensor_async.py
[2023-11-23T02:29:16.504+0000] {logging_mixin.py:154} INFO - [2023-11-23T02:29:16.504+0000] {dag.py:2941} INFO - Sync 1 DAGs
[2023-11-23T02:29:16.524+0000] {logging_mixin.py:154} INFO - [2023-11-23T02:29:16.524+0000] {dag.py:3722} INFO - Setting next_dagrun for example_time_delta_sensor_async to None, run_after=None
[2023-11-23T02:29:16.550+0000] {processor.py:179} INFO - Processing /home/airflow/.local/lib/python3.8/site-packages/airflow/example_dags/example_time_delta_sensor_async.py took 0.109 seconds
[2023-11-23T02:29:46.995+0000] {processor.py:157} INFO - Started process (PID=540) to work on /home/airflow/.local/lib/python3.8/site-packages/airflow/example_dags/example_time_delta_sensor_async.py
[2023-11-23T02:29:46.996+0000] {processor.py:829} INFO - Processing file /home/airflow/.local/lib/python3.8/site-packages/airflow/example_dags/example_time_delta_sensor_async.py for tasks to queue
[2023-11-23T02:29:46.999+0000] {logging_mixin.py:154} INFO - [2023-11-23T02:29:46.999+0000] {dagbag.py:536} INFO - Filling up the DagBag from /home/airflow/.local/lib/python3.8/site-packages/airflow/example_dags/example_time_delta_sensor_async.py
[2023-11-23T02:29:47.005+0000] {processor.py:839} INFO - DAG(s) dict_keys(['example_time_delta_sensor_async']) retrieved from /home/airflow/.local/lib/python3.8/site-packages/airflow/example_dags/example_time_delta_sensor_async.py
[2023-11-23T02:29:47.029+0000] {logging_mixin.py:154} INFO - [2023-11-23T02:29:47.029+0000] {dag.py:2941} INFO - Sync 1 DAGs
[2023-11-23T02:29:47.044+0000] {logging_mixin.py:154} INFO - [2023-11-23T02:29:47.044+0000] {dag.py:3722} INFO - Setting next_dagrun for example_time_delta_sensor_async to None, run_after=None
[2023-11-23T02:29:47.067+0000] {processor.py:179} INFO - Processing /home/airflow/.local/lib/python3.8/site-packages/airflow/example_dags/example_time_delta_sensor_async.py took 0.076 seconds
[2023-11-23T02:30:17.183+0000] {processor.py:157} INFO - Started process (PID=594) to work on /home/airflow/.local/lib/python3.8/site-packages/airflow/example_dags/example_time_delta_sensor_async.py
[2023-11-23T02:30:17.193+0000] {processor.py:829} INFO - Processing file /home/airflow/.local/lib/python3.8/site-packages/airflow/example_dags/example_time_delta_sensor_async.py for tasks to queue
[2023-11-23T02:30:17.203+0000] {logging_mixin.py:154} INFO - [2023-11-23T02:30:17.202+0000] {dagbag.py:536} INFO - Filling up the DagBag from /home/airflow/.local/lib/python3.8/site-packages/airflow/example_dags/example_time_delta_sensor_async.py
[2023-11-23T02:30:17.245+0000] {processor.py:839} INFO - DAG(s) dict_keys(['example_time_delta_sensor_async']) retrieved from /home/airflow/.local/lib/python3.8/site-packages/airflow/example_dags/example_time_delta_sensor_async.py
[2023-11-23T02:30:17.351+0000] {logging_mixin.py:154} INFO - [2023-11-23T02:30:17.350+0000] {dag.py:2941} INFO - Sync 1 DAGs
[2023-11-23T02:30:17.461+0000] {logging_mixin.py:154} INFO - [2023-11-23T02:30:17.461+0000] {dag.py:3722} INFO - Setting next_dagrun for example_time_delta_sensor_async to None, run_after=None
[2023-11-23T02:30:17.584+0000] {processor.py:179} INFO - Processing /home/airflow/.local/lib/python3.8/site-packages/airflow/example_dags/example_time_delta_sensor_async.py took 0.410 seconds
[2023-11-23T02:30:48.357+0000] {processor.py:157} INFO - Started process (PID=647) to work on /home/airflow/.local/lib/python3.8/site-packages/airflow/example_dags/example_time_delta_sensor_async.py
[2023-11-23T02:30:48.361+0000] {processor.py:829} INFO - Processing file /home/airflow/.local/lib/python3.8/site-packages/airflow/example_dags/example_time_delta_sensor_async.py for tasks to queue
[2023-11-23T02:30:48.372+0000] {logging_mixin.py:154} INFO - [2023-11-23T02:30:48.372+0000] {dagbag.py:536} INFO - Filling up the DagBag from /home/airflow/.local/lib/python3.8/site-packages/airflow/example_dags/example_time_delta_sensor_async.py
[2023-11-23T02:30:48.384+0000] {processor.py:839} INFO - DAG(s) dict_keys(['example_time_delta_sensor_async']) retrieved from /home/airflow/.local/lib/python3.8/site-packages/airflow/example_dags/example_time_delta_sensor_async.py
[2023-11-23T02:30:48.435+0000] {logging_mixin.py:154} INFO - [2023-11-23T02:30:48.434+0000] {dag.py:2941} INFO - Sync 1 DAGs
[2023-11-23T02:30:48.467+0000] {logging_mixin.py:154} INFO - [2023-11-23T02:30:48.467+0000] {dag.py:3722} INFO - Setting next_dagrun for example_time_delta_sensor_async to None, run_after=None
[2023-11-23T02:30:48.528+0000] {processor.py:179} INFO - Processing /home/airflow/.local/lib/python3.8/site-packages/airflow/example_dags/example_time_delta_sensor_async.py took 0.183 seconds
[2023-11-23T02:31:19.928+0000] {processor.py:157} INFO - Started process (PID=701) to work on /home/airflow/.local/lib/python3.8/site-packages/airflow/example_dags/example_time_delta_sensor_async.py
[2023-11-23T02:31:19.931+0000] {processor.py:829} INFO - Processing file /home/airflow/.local/lib/python3.8/site-packages/airflow/example_dags/example_time_delta_sensor_async.py for tasks to queue
[2023-11-23T02:31:19.937+0000] {logging_mixin.py:154} INFO - [2023-11-23T02:31:19.937+0000] {dagbag.py:536} INFO - Filling up the DagBag from /home/airflow/.local/lib/python3.8/site-packages/airflow/example_dags/example_time_delta_sensor_async.py
[2023-11-23T02:31:19.953+0000] {processor.py:839} INFO - DAG(s) dict_keys(['example_time_delta_sensor_async']) retrieved from /home/airflow/.local/lib/python3.8/site-packages/airflow/example_dags/example_time_delta_sensor_async.py
[2023-11-23T02:31:20.008+0000] {logging_mixin.py:154} INFO - [2023-11-23T02:31:20.008+0000] {dag.py:2941} INFO - Sync 1 DAGs
[2023-11-23T02:31:20.039+0000] {logging_mixin.py:154} INFO - [2023-11-23T02:31:20.039+0000] {dag.py:3722} INFO - Setting next_dagrun for example_time_delta_sensor_async to None, run_after=None
[2023-11-23T02:31:20.082+0000] {processor.py:179} INFO - Processing /home/airflow/.local/lib/python3.8/site-packages/airflow/example_dags/example_time_delta_sensor_async.py took 0.169 seconds
[2023-11-23T02:31:50.645+0000] {processor.py:157} INFO - Started process (PID=753) to work on /home/airflow/.local/lib/python3.8/site-packages/airflow/example_dags/example_time_delta_sensor_async.py
[2023-11-23T02:31:50.646+0000] {processor.py:829} INFO - Processing file /home/airflow/.local/lib/python3.8/site-packages/airflow/example_dags/example_time_delta_sensor_async.py for tasks to queue
[2023-11-23T02:31:50.649+0000] {logging_mixin.py:154} INFO - [2023-11-23T02:31:50.649+0000] {dagbag.py:536} INFO - Filling up the DagBag from /home/airflow/.local/lib/python3.8/site-packages/airflow/example_dags/example_time_delta_sensor_async.py
[2023-11-23T02:31:50.660+0000] {processor.py:839} INFO - DAG(s) dict_keys(['example_time_delta_sensor_async']) retrieved from /home/airflow/.local/lib/python3.8/site-packages/airflow/example_dags/example_time_delta_sensor_async.py
[2023-11-23T02:31:50.683+0000] {logging_mixin.py:154} INFO - [2023-11-23T02:31:50.683+0000] {dag.py:2941} INFO - Sync 1 DAGs
[2023-11-23T02:31:50.712+0000] {logging_mixin.py:154} INFO - [2023-11-23T02:31:50.712+0000] {dag.py:3722} INFO - Setting next_dagrun for example_time_delta_sensor_async to None, run_after=None
[2023-11-23T02:31:50.738+0000] {processor.py:179} INFO - Processing /home/airflow/.local/lib/python3.8/site-packages/airflow/example_dags/example_time_delta_sensor_async.py took 0.097 seconds
[2023-11-23T03:44:09.715+0000] {processor.py:157} INFO - Started process (PID=61) to work on /home/airflow/.local/lib/python3.8/site-packages/airflow/example_dags/example_time_delta_sensor_async.py
[2023-11-23T03:44:09.718+0000] {processor.py:829} INFO - Processing file /home/airflow/.local/lib/python3.8/site-packages/airflow/example_dags/example_time_delta_sensor_async.py for tasks to queue
[2023-11-23T03:44:09.737+0000] {logging_mixin.py:154} INFO - [2023-11-23T03:44:09.736+0000] {dagbag.py:536} INFO - Filling up the DagBag from /home/airflow/.local/lib/python3.8/site-packages/airflow/example_dags/example_time_delta_sensor_async.py
[2023-11-23T03:44:09.779+0000] {processor.py:839} INFO - DAG(s) dict_keys(['example_time_delta_sensor_async']) retrieved from /home/airflow/.local/lib/python3.8/site-packages/airflow/example_dags/example_time_delta_sensor_async.py
[2023-11-23T03:44:10.316+0000] {logging_mixin.py:154} INFO - [2023-11-23T03:44:10.315+0000] {dag.py:2941} INFO - Sync 1 DAGs
[2023-11-23T03:44:10.373+0000] {logging_mixin.py:154} INFO - [2023-11-23T03:44:10.373+0000] {dag.py:3722} INFO - Setting next_dagrun for example_time_delta_sensor_async to None, run_after=None
[2023-11-23T03:44:10.530+0000] {processor.py:179} INFO - Processing /home/airflow/.local/lib/python3.8/site-packages/airflow/example_dags/example_time_delta_sensor_async.py took 0.826 seconds
[2023-11-23T03:44:51.688+0000] {processor.py:157} INFO - Started process (PID=122) to work on /home/airflow/.local/lib/python3.8/site-packages/airflow/example_dags/example_time_delta_sensor_async.py
[2023-11-23T03:44:51.737+0000] {processor.py:829} INFO - Processing file /home/airflow/.local/lib/python3.8/site-packages/airflow/example_dags/example_time_delta_sensor_async.py for tasks to queue
[2023-11-23T03:44:51.750+0000] {logging_mixin.py:154} INFO - [2023-11-23T03:44:51.750+0000] {dagbag.py:536} INFO - Filling up the DagBag from /home/airflow/.local/lib/python3.8/site-packages/airflow/example_dags/example_time_delta_sensor_async.py
[2023-11-23T03:44:51.767+0000] {processor.py:839} INFO - DAG(s) dict_keys(['example_time_delta_sensor_async']) retrieved from /home/airflow/.local/lib/python3.8/site-packages/airflow/example_dags/example_time_delta_sensor_async.py
[2023-11-23T03:44:51.857+0000] {logging_mixin.py:154} INFO - [2023-11-23T03:44:51.857+0000] {dag.py:2941} INFO - Sync 1 DAGs
[2023-11-23T03:44:51.914+0000] {logging_mixin.py:154} INFO - [2023-11-23T03:44:51.914+0000] {dag.py:3722} INFO - Setting next_dagrun for example_time_delta_sensor_async to None, run_after=None
[2023-11-23T03:44:51.990+0000] {processor.py:179} INFO - Processing /home/airflow/.local/lib/python3.8/site-packages/airflow/example_dags/example_time_delta_sensor_async.py took 0.322 seconds
[2023-11-23T04:15:41.679+0000] {processor.py:157} INFO - Started process (PID=187) to work on /home/airflow/.local/lib/python3.8/site-packages/airflow/example_dags/example_time_delta_sensor_async.py
[2023-11-23T04:15:41.681+0000] {processor.py:829} INFO - Processing file /home/airflow/.local/lib/python3.8/site-packages/airflow/example_dags/example_time_delta_sensor_async.py for tasks to queue
[2023-11-23T04:15:41.685+0000] {logging_mixin.py:154} INFO - [2023-11-23T04:15:41.685+0000] {dagbag.py:536} INFO - Filling up the DagBag from /home/airflow/.local/lib/python3.8/site-packages/airflow/example_dags/example_time_delta_sensor_async.py
[2023-11-23T04:15:41.695+0000] {processor.py:839} INFO - DAG(s) dict_keys(['example_time_delta_sensor_async']) retrieved from /home/airflow/.local/lib/python3.8/site-packages/airflow/example_dags/example_time_delta_sensor_async.py
[2023-11-23T04:15:41.751+0000] {logging_mixin.py:154} INFO - [2023-11-23T04:15:41.750+0000] {dag.py:2941} INFO - Sync 1 DAGs
[2023-11-23T04:15:41.774+0000] {logging_mixin.py:154} INFO - [2023-11-23T04:15:41.774+0000] {dag.py:3722} INFO - Setting next_dagrun for example_time_delta_sensor_async to None, run_after=None
[2023-11-23T04:15:41.812+0000] {processor.py:179} INFO - Processing /home/airflow/.local/lib/python3.8/site-packages/airflow/example_dags/example_time_delta_sensor_async.py took 0.141 seconds
[2023-11-23T04:16:11.940+0000] {processor.py:157} INFO - Started process (PID=240) to work on /home/airflow/.local/lib/python3.8/site-packages/airflow/example_dags/example_time_delta_sensor_async.py
[2023-11-23T04:16:11.942+0000] {processor.py:829} INFO - Processing file /home/airflow/.local/lib/python3.8/site-packages/airflow/example_dags/example_time_delta_sensor_async.py for tasks to queue
[2023-11-23T04:16:11.946+0000] {logging_mixin.py:154} INFO - [2023-11-23T04:16:11.945+0000] {dagbag.py:536} INFO - Filling up the DagBag from /home/airflow/.local/lib/python3.8/site-packages/airflow/example_dags/example_time_delta_sensor_async.py
[2023-11-23T04:16:11.955+0000] {processor.py:839} INFO - DAG(s) dict_keys(['example_time_delta_sensor_async']) retrieved from /home/airflow/.local/lib/python3.8/site-packages/airflow/example_dags/example_time_delta_sensor_async.py
[2023-11-23T04:16:11.999+0000] {logging_mixin.py:154} INFO - [2023-11-23T04:16:11.998+0000] {dag.py:2941} INFO - Sync 1 DAGs
[2023-11-23T04:16:12.020+0000] {logging_mixin.py:154} INFO - [2023-11-23T04:16:12.020+0000] {dag.py:3722} INFO - Setting next_dagrun for example_time_delta_sensor_async to None, run_after=None
[2023-11-23T04:16:12.049+0000] {processor.py:179} INFO - Processing /home/airflow/.local/lib/python3.8/site-packages/airflow/example_dags/example_time_delta_sensor_async.py took 0.114 seconds
[2023-11-23T04:16:42.823+0000] {processor.py:157} INFO - Started process (PID=294) to work on /home/airflow/.local/lib/python3.8/site-packages/airflow/example_dags/example_time_delta_sensor_async.py
[2023-11-23T04:16:42.825+0000] {processor.py:829} INFO - Processing file /home/airflow/.local/lib/python3.8/site-packages/airflow/example_dags/example_time_delta_sensor_async.py for tasks to queue
[2023-11-23T04:16:42.832+0000] {logging_mixin.py:154} INFO - [2023-11-23T04:16:42.831+0000] {dagbag.py:536} INFO - Filling up the DagBag from /home/airflow/.local/lib/python3.8/site-packages/airflow/example_dags/example_time_delta_sensor_async.py
[2023-11-23T04:16:42.839+0000] {processor.py:839} INFO - DAG(s) dict_keys(['example_time_delta_sensor_async']) retrieved from /home/airflow/.local/lib/python3.8/site-packages/airflow/example_dags/example_time_delta_sensor_async.py
[2023-11-23T04:16:42.879+0000] {logging_mixin.py:154} INFO - [2023-11-23T04:16:42.879+0000] {dag.py:2941} INFO - Sync 1 DAGs
[2023-11-23T04:16:42.894+0000] {logging_mixin.py:154} INFO - [2023-11-23T04:16:42.894+0000] {dag.py:3722} INFO - Setting next_dagrun for example_time_delta_sensor_async to None, run_after=None
[2023-11-23T04:16:42.925+0000] {processor.py:179} INFO - Processing /home/airflow/.local/lib/python3.8/site-packages/airflow/example_dags/example_time_delta_sensor_async.py took 0.110 seconds
[2023-11-23T04:17:13.958+0000] {processor.py:157} INFO - Started process (PID=348) to work on /home/airflow/.local/lib/python3.8/site-packages/airflow/example_dags/example_time_delta_sensor_async.py
[2023-11-23T04:17:13.961+0000] {processor.py:829} INFO - Processing file /home/airflow/.local/lib/python3.8/site-packages/airflow/example_dags/example_time_delta_sensor_async.py for tasks to queue
[2023-11-23T04:17:13.982+0000] {logging_mixin.py:154} INFO - [2023-11-23T04:17:13.981+0000] {dagbag.py:536} INFO - Filling up the DagBag from /home/airflow/.local/lib/python3.8/site-packages/airflow/example_dags/example_time_delta_sensor_async.py
[2023-11-23T04:17:13.996+0000] {processor.py:839} INFO - DAG(s) dict_keys(['example_time_delta_sensor_async']) retrieved from /home/airflow/.local/lib/python3.8/site-packages/airflow/example_dags/example_time_delta_sensor_async.py
[2023-11-23T04:17:14.069+0000] {logging_mixin.py:154} INFO - [2023-11-23T04:17:14.068+0000] {dag.py:2941} INFO - Sync 1 DAGs
[2023-11-23T04:17:14.091+0000] {logging_mixin.py:154} INFO - [2023-11-23T04:17:14.091+0000] {dag.py:3722} INFO - Setting next_dagrun for example_time_delta_sensor_async to None, run_after=None
[2023-11-23T04:17:14.123+0000] {processor.py:179} INFO - Processing /home/airflow/.local/lib/python3.8/site-packages/airflow/example_dags/example_time_delta_sensor_async.py took 0.197 seconds
[2023-11-23T04:17:44.599+0000] {processor.py:157} INFO - Started process (PID=402) to work on /home/airflow/.local/lib/python3.8/site-packages/airflow/example_dags/example_time_delta_sensor_async.py
[2023-11-23T04:17:44.601+0000] {processor.py:829} INFO - Processing file /home/airflow/.local/lib/python3.8/site-packages/airflow/example_dags/example_time_delta_sensor_async.py for tasks to queue
[2023-11-23T04:17:44.605+0000] {logging_mixin.py:154} INFO - [2023-11-23T04:17:44.604+0000] {dagbag.py:536} INFO - Filling up the DagBag from /home/airflow/.local/lib/python3.8/site-packages/airflow/example_dags/example_time_delta_sensor_async.py
[2023-11-23T04:17:44.614+0000] {processor.py:839} INFO - DAG(s) dict_keys(['example_time_delta_sensor_async']) retrieved from /home/airflow/.local/lib/python3.8/site-packages/airflow/example_dags/example_time_delta_sensor_async.py
[2023-11-23T04:17:44.648+0000] {logging_mixin.py:154} INFO - [2023-11-23T04:17:44.648+0000] {dag.py:2941} INFO - Sync 1 DAGs
[2023-11-23T04:17:44.670+0000] {logging_mixin.py:154} INFO - [2023-11-23T04:17:44.669+0000] {dag.py:3722} INFO - Setting next_dagrun for example_time_delta_sensor_async to None, run_after=None
[2023-11-23T04:17:44.691+0000] {processor.py:179} INFO - Processing /home/airflow/.local/lib/python3.8/site-packages/airflow/example_dags/example_time_delta_sensor_async.py took 0.098 seconds
[2023-11-23T04:18:15.658+0000] {processor.py:157} INFO - Started process (PID=455) to work on /home/airflow/.local/lib/python3.8/site-packages/airflow/example_dags/example_time_delta_sensor_async.py
[2023-11-23T04:18:15.662+0000] {processor.py:829} INFO - Processing file /home/airflow/.local/lib/python3.8/site-packages/airflow/example_dags/example_time_delta_sensor_async.py for tasks to queue
[2023-11-23T04:18:15.682+0000] {logging_mixin.py:154} INFO - [2023-11-23T04:18:15.681+0000] {dagbag.py:536} INFO - Filling up the DagBag from /home/airflow/.local/lib/python3.8/site-packages/airflow/example_dags/example_time_delta_sensor_async.py
[2023-11-23T04:18:15.698+0000] {processor.py:839} INFO - DAG(s) dict_keys(['example_time_delta_sensor_async']) retrieved from /home/airflow/.local/lib/python3.8/site-packages/airflow/example_dags/example_time_delta_sensor_async.py
[2023-11-23T04:18:15.756+0000] {logging_mixin.py:154} INFO - [2023-11-23T04:18:15.756+0000] {dag.py:2941} INFO - Sync 1 DAGs
[2023-11-23T04:18:15.785+0000] {logging_mixin.py:154} INFO - [2023-11-23T04:18:15.785+0000] {dag.py:3722} INFO - Setting next_dagrun for example_time_delta_sensor_async to None, run_after=None
[2023-11-23T04:18:15.825+0000] {processor.py:179} INFO - Processing /home/airflow/.local/lib/python3.8/site-packages/airflow/example_dags/example_time_delta_sensor_async.py took 0.176 seconds
[2023-11-23T04:18:48.163+0000] {processor.py:157} INFO - Started process (PID=516) to work on /home/airflow/.local/lib/python3.8/site-packages/airflow/example_dags/example_time_delta_sensor_async.py
[2023-11-23T04:18:48.165+0000] {processor.py:829} INFO - Processing file /home/airflow/.local/lib/python3.8/site-packages/airflow/example_dags/example_time_delta_sensor_async.py for tasks to queue
[2023-11-23T04:18:48.178+0000] {logging_mixin.py:154} INFO - [2023-11-23T04:18:48.178+0000] {dagbag.py:536} INFO - Filling up the DagBag from /home/airflow/.local/lib/python3.8/site-packages/airflow/example_dags/example_time_delta_sensor_async.py
[2023-11-23T04:18:48.187+0000] {processor.py:839} INFO - DAG(s) dict_keys(['example_time_delta_sensor_async']) retrieved from /home/airflow/.local/lib/python3.8/site-packages/airflow/example_dags/example_time_delta_sensor_async.py
[2023-11-23T04:18:48.227+0000] {logging_mixin.py:154} INFO - [2023-11-23T04:18:48.227+0000] {dag.py:2941} INFO - Sync 1 DAGs
[2023-11-23T04:18:48.250+0000] {logging_mixin.py:154} INFO - [2023-11-23T04:18:48.249+0000] {dag.py:3722} INFO - Setting next_dagrun for example_time_delta_sensor_async to None, run_after=None
[2023-11-23T04:18:48.289+0000] {processor.py:179} INFO - Processing /home/airflow/.local/lib/python3.8/site-packages/airflow/example_dags/example_time_delta_sensor_async.py took 0.137 seconds
[2023-11-23T04:19:19.341+0000] {processor.py:157} INFO - Started process (PID=570) to work on /home/airflow/.local/lib/python3.8/site-packages/airflow/example_dags/example_time_delta_sensor_async.py
[2023-11-23T04:19:19.344+0000] {processor.py:829} INFO - Processing file /home/airflow/.local/lib/python3.8/site-packages/airflow/example_dags/example_time_delta_sensor_async.py for tasks to queue
[2023-11-23T04:19:19.356+0000] {logging_mixin.py:154} INFO - [2023-11-23T04:19:19.354+0000] {dagbag.py:536} INFO - Filling up the DagBag from /home/airflow/.local/lib/python3.8/site-packages/airflow/example_dags/example_time_delta_sensor_async.py
[2023-11-23T04:19:19.373+0000] {processor.py:839} INFO - DAG(s) dict_keys(['example_time_delta_sensor_async']) retrieved from /home/airflow/.local/lib/python3.8/site-packages/airflow/example_dags/example_time_delta_sensor_async.py
[2023-11-23T04:19:19.448+0000] {logging_mixin.py:154} INFO - [2023-11-23T04:19:19.448+0000] {dag.py:2941} INFO - Sync 1 DAGs
[2023-11-23T04:19:19.486+0000] {logging_mixin.py:154} INFO - [2023-11-23T04:19:19.485+0000] {dag.py:3722} INFO - Setting next_dagrun for example_time_delta_sensor_async to None, run_after=None
[2023-11-23T04:19:19.544+0000] {processor.py:179} INFO - Processing /home/airflow/.local/lib/python3.8/site-packages/airflow/example_dags/example_time_delta_sensor_async.py took 0.211 seconds
[2023-11-23T04:19:49.767+0000] {processor.py:157} INFO - Started process (PID=624) to work on /home/airflow/.local/lib/python3.8/site-packages/airflow/example_dags/example_time_delta_sensor_async.py
[2023-11-23T04:19:49.771+0000] {processor.py:829} INFO - Processing file /home/airflow/.local/lib/python3.8/site-packages/airflow/example_dags/example_time_delta_sensor_async.py for tasks to queue
[2023-11-23T04:19:49.776+0000] {logging_mixin.py:154} INFO - [2023-11-23T04:19:49.775+0000] {dagbag.py:536} INFO - Filling up the DagBag from /home/airflow/.local/lib/python3.8/site-packages/airflow/example_dags/example_time_delta_sensor_async.py
[2023-11-23T04:19:49.792+0000] {processor.py:839} INFO - DAG(s) dict_keys(['example_time_delta_sensor_async']) retrieved from /home/airflow/.local/lib/python3.8/site-packages/airflow/example_dags/example_time_delta_sensor_async.py
[2023-11-23T04:19:49.861+0000] {logging_mixin.py:154} INFO - [2023-11-23T04:19:49.861+0000] {dag.py:2941} INFO - Sync 1 DAGs
[2023-11-23T04:19:49.894+0000] {logging_mixin.py:154} INFO - [2023-11-23T04:19:49.894+0000] {dag.py:3722} INFO - Setting next_dagrun for example_time_delta_sensor_async to None, run_after=None
[2023-11-23T04:19:49.927+0000] {processor.py:179} INFO - Processing /home/airflow/.local/lib/python3.8/site-packages/airflow/example_dags/example_time_delta_sensor_async.py took 0.170 seconds
[2023-11-23T04:20:20.878+0000] {processor.py:157} INFO - Started process (PID=677) to work on /home/airflow/.local/lib/python3.8/site-packages/airflow/example_dags/example_time_delta_sensor_async.py
[2023-11-23T04:20:20.880+0000] {processor.py:829} INFO - Processing file /home/airflow/.local/lib/python3.8/site-packages/airflow/example_dags/example_time_delta_sensor_async.py for tasks to queue
[2023-11-23T04:20:20.884+0000] {logging_mixin.py:154} INFO - [2023-11-23T04:20:20.884+0000] {dagbag.py:536} INFO - Filling up the DagBag from /home/airflow/.local/lib/python3.8/site-packages/airflow/example_dags/example_time_delta_sensor_async.py
[2023-11-23T04:20:20.897+0000] {processor.py:839} INFO - DAG(s) dict_keys(['example_time_delta_sensor_async']) retrieved from /home/airflow/.local/lib/python3.8/site-packages/airflow/example_dags/example_time_delta_sensor_async.py
[2023-11-23T04:20:20.940+0000] {logging_mixin.py:154} INFO - [2023-11-23T04:20:20.939+0000] {dag.py:2941} INFO - Sync 1 DAGs
[2023-11-23T04:20:20.968+0000] {logging_mixin.py:154} INFO - [2023-11-23T04:20:20.967+0000] {dag.py:3722} INFO - Setting next_dagrun for example_time_delta_sensor_async to None, run_after=None
[2023-11-23T04:20:20.996+0000] {processor.py:179} INFO - Processing /home/airflow/.local/lib/python3.8/site-packages/airflow/example_dags/example_time_delta_sensor_async.py took 0.125 seconds
[2023-11-23T04:20:51.890+0000] {processor.py:157} INFO - Started process (PID=731) to work on /home/airflow/.local/lib/python3.8/site-packages/airflow/example_dags/example_time_delta_sensor_async.py
[2023-11-23T04:20:51.898+0000] {processor.py:829} INFO - Processing file /home/airflow/.local/lib/python3.8/site-packages/airflow/example_dags/example_time_delta_sensor_async.py for tasks to queue
[2023-11-23T04:20:51.904+0000] {logging_mixin.py:154} INFO - [2023-11-23T04:20:51.904+0000] {dagbag.py:536} INFO - Filling up the DagBag from /home/airflow/.local/lib/python3.8/site-packages/airflow/example_dags/example_time_delta_sensor_async.py
[2023-11-23T04:20:51.931+0000] {processor.py:839} INFO - DAG(s) dict_keys(['example_time_delta_sensor_async']) retrieved from /home/airflow/.local/lib/python3.8/site-packages/airflow/example_dags/example_time_delta_sensor_async.py
[2023-11-23T04:20:52.079+0000] {logging_mixin.py:154} INFO - [2023-11-23T04:20:52.078+0000] {dag.py:2941} INFO - Sync 1 DAGs
[2023-11-23T04:20:52.144+0000] {logging_mixin.py:154} INFO - [2023-11-23T04:20:52.144+0000] {dag.py:3722} INFO - Setting next_dagrun for example_time_delta_sensor_async to None, run_after=None
[2023-11-23T04:20:52.204+0000] {processor.py:179} INFO - Processing /home/airflow/.local/lib/python3.8/site-packages/airflow/example_dags/example_time_delta_sensor_async.py took 0.329 seconds
[2023-11-23T04:21:27.257+0000] {processor.py:157} INFO - Started process (PID=785) to work on /home/airflow/.local/lib/python3.8/site-packages/airflow/example_dags/example_time_delta_sensor_async.py
[2023-11-23T04:21:27.263+0000] {processor.py:829} INFO - Processing file /home/airflow/.local/lib/python3.8/site-packages/airflow/example_dags/example_time_delta_sensor_async.py for tasks to queue
[2023-11-23T04:21:27.317+0000] {logging_mixin.py:154} INFO - [2023-11-23T04:21:27.317+0000] {dagbag.py:536} INFO - Filling up the DagBag from /home/airflow/.local/lib/python3.8/site-packages/airflow/example_dags/example_time_delta_sensor_async.py
[2023-11-23T04:21:27.335+0000] {processor.py:839} INFO - DAG(s) dict_keys(['example_time_delta_sensor_async']) retrieved from /home/airflow/.local/lib/python3.8/site-packages/airflow/example_dags/example_time_delta_sensor_async.py
[2023-11-23T04:21:27.653+0000] {logging_mixin.py:154} INFO - [2023-11-23T04:21:27.653+0000] {dag.py:2941} INFO - Sync 1 DAGs
[2023-11-23T04:21:27.767+0000] {logging_mixin.py:154} INFO - [2023-11-23T04:21:27.766+0000] {dag.py:3722} INFO - Setting next_dagrun for example_time_delta_sensor_async to None, run_after=None
[2023-11-23T04:21:27.863+0000] {processor.py:179} INFO - Processing /home/airflow/.local/lib/python3.8/site-packages/airflow/example_dags/example_time_delta_sensor_async.py took 0.667 seconds
[2023-11-23T04:21:58.222+0000] {processor.py:157} INFO - Started process (PID=839) to work on /home/airflow/.local/lib/python3.8/site-packages/airflow/example_dags/example_time_delta_sensor_async.py
[2023-11-23T04:21:58.225+0000] {processor.py:829} INFO - Processing file /home/airflow/.local/lib/python3.8/site-packages/airflow/example_dags/example_time_delta_sensor_async.py for tasks to queue
[2023-11-23T04:21:58.240+0000] {logging_mixin.py:154} INFO - [2023-11-23T04:21:58.239+0000] {dagbag.py:536} INFO - Filling up the DagBag from /home/airflow/.local/lib/python3.8/site-packages/airflow/example_dags/example_time_delta_sensor_async.py
[2023-11-23T04:21:58.251+0000] {processor.py:839} INFO - DAG(s) dict_keys(['example_time_delta_sensor_async']) retrieved from /home/airflow/.local/lib/python3.8/site-packages/airflow/example_dags/example_time_delta_sensor_async.py
[2023-11-23T04:21:58.302+0000] {logging_mixin.py:154} INFO - [2023-11-23T04:21:58.301+0000] {dag.py:2941} INFO - Sync 1 DAGs
[2023-11-23T04:21:58.338+0000] {logging_mixin.py:154} INFO - [2023-11-23T04:21:58.337+0000] {dag.py:3722} INFO - Setting next_dagrun for example_time_delta_sensor_async to None, run_after=None
[2023-11-23T04:21:58.378+0000] {processor.py:179} INFO - Processing /home/airflow/.local/lib/python3.8/site-packages/airflow/example_dags/example_time_delta_sensor_async.py took 0.163 seconds
