[2023-11-23T02:25:17.609+0000] {processor.py:157} INFO - Started process (PID=74) to work on /home/airflow/.local/lib/python3.8/site-packages/airflow/example_dags/example_trigger_target_dag.py
[2023-11-23T02:25:17.619+0000] {processor.py:829} INFO - Processing file /home/airflow/.local/lib/python3.8/site-packages/airflow/example_dags/example_trigger_target_dag.py for tasks to queue
[2023-11-23T02:25:17.633+0000] {logging_mixin.py:154} INFO - [2023-11-23T02:25:17.632+0000] {dagbag.py:536} INFO - Filling up the DagBag from /home/airflow/.local/lib/python3.8/site-packages/airflow/example_dags/example_trigger_target_dag.py
[2023-11-23T02:25:17.673+0000] {processor.py:839} INFO - DAG(s) dict_keys(['example_trigger_target_dag']) retrieved from /home/airflow/.local/lib/python3.8/site-packages/airflow/example_dags/example_trigger_target_dag.py
[2023-11-23T02:25:18.044+0000] {logging_mixin.py:154} INFO - [2023-11-23T02:25:18.044+0000] {manager.py:499} INFO - Created Permission View: %s
[2023-11-23T02:25:18.069+0000] {logging_mixin.py:154} INFO - [2023-11-23T02:25:18.069+0000] {manager.py:499} INFO - Created Permission View: %s
[2023-11-23T02:25:18.084+0000] {logging_mixin.py:154} INFO - [2023-11-23T02:25:18.084+0000] {manager.py:499} INFO - Created Permission View: %s
[2023-11-23T02:25:18.085+0000] {logging_mixin.py:154} INFO - [2023-11-23T02:25:18.085+0000] {dag.py:2941} INFO - Sync 1 DAGs
[2023-11-23T02:25:18.099+0000] {logging_mixin.py:154} INFO - [2023-11-23T02:25:18.099+0000] {dag.py:2963} INFO - Creating ORM DAG for example_trigger_target_dag
[2023-11-23T02:25:18.100+0000] {logging_mixin.py:154} INFO - [2023-11-23T02:25:18.100+0000] {dag.py:3722} INFO - Setting next_dagrun for example_trigger_target_dag to None, run_after=None
[2023-11-23T02:25:18.150+0000] {processor.py:179} INFO - Processing /home/airflow/.local/lib/python3.8/site-packages/airflow/example_dags/example_trigger_target_dag.py took 0.546 seconds
[2023-11-23T02:25:52.736+0000] {processor.py:157} INFO - Started process (PID=128) to work on /home/airflow/.local/lib/python3.8/site-packages/airflow/example_dags/example_trigger_target_dag.py
[2023-11-23T02:25:52.738+0000] {processor.py:829} INFO - Processing file /home/airflow/.local/lib/python3.8/site-packages/airflow/example_dags/example_trigger_target_dag.py for tasks to queue
[2023-11-23T02:25:52.743+0000] {logging_mixin.py:154} INFO - [2023-11-23T02:25:52.742+0000] {dagbag.py:536} INFO - Filling up the DagBag from /home/airflow/.local/lib/python3.8/site-packages/airflow/example_dags/example_trigger_target_dag.py
[2023-11-23T02:25:52.754+0000] {processor.py:839} INFO - DAG(s) dict_keys(['example_trigger_target_dag']) retrieved from /home/airflow/.local/lib/python3.8/site-packages/airflow/example_dags/example_trigger_target_dag.py
[2023-11-23T02:25:52.793+0000] {logging_mixin.py:154} INFO - [2023-11-23T02:25:52.793+0000] {dag.py:2941} INFO - Sync 1 DAGs
[2023-11-23T02:25:52.820+0000] {logging_mixin.py:154} INFO - [2023-11-23T02:25:52.820+0000] {dag.py:3722} INFO - Setting next_dagrun for example_trigger_target_dag to None, run_after=None
[2023-11-23T02:25:52.854+0000] {processor.py:179} INFO - Processing /home/airflow/.local/lib/python3.8/site-packages/airflow/example_dags/example_trigger_target_dag.py took 0.128 seconds
[2023-11-23T02:26:23.943+0000] {processor.py:157} INFO - Started process (PID=182) to work on /home/airflow/.local/lib/python3.8/site-packages/airflow/example_dags/example_trigger_target_dag.py
[2023-11-23T02:26:23.945+0000] {processor.py:829} INFO - Processing file /home/airflow/.local/lib/python3.8/site-packages/airflow/example_dags/example_trigger_target_dag.py for tasks to queue
[2023-11-23T02:26:23.949+0000] {logging_mixin.py:154} INFO - [2023-11-23T02:26:23.948+0000] {dagbag.py:536} INFO - Filling up the DagBag from /home/airflow/.local/lib/python3.8/site-packages/airflow/example_dags/example_trigger_target_dag.py
[2023-11-23T02:26:23.958+0000] {processor.py:839} INFO - DAG(s) dict_keys(['example_trigger_target_dag']) retrieved from /home/airflow/.local/lib/python3.8/site-packages/airflow/example_dags/example_trigger_target_dag.py
[2023-11-23T02:26:24.045+0000] {logging_mixin.py:154} INFO - [2023-11-23T02:26:24.045+0000] {dag.py:2941} INFO - Sync 1 DAGs
[2023-11-23T02:26:24.089+0000] {logging_mixin.py:154} INFO - [2023-11-23T02:26:24.089+0000] {dag.py:3722} INFO - Setting next_dagrun for example_trigger_target_dag to None, run_after=None
[2023-11-23T02:26:24.136+0000] {processor.py:179} INFO - Processing /home/airflow/.local/lib/python3.8/site-packages/airflow/example_dags/example_trigger_target_dag.py took 0.198 seconds
[2023-11-23T02:26:54.309+0000] {processor.py:157} INFO - Started process (PID=236) to work on /home/airflow/.local/lib/python3.8/site-packages/airflow/example_dags/example_trigger_target_dag.py
[2023-11-23T02:26:54.313+0000] {processor.py:829} INFO - Processing file /home/airflow/.local/lib/python3.8/site-packages/airflow/example_dags/example_trigger_target_dag.py for tasks to queue
[2023-11-23T02:26:54.317+0000] {logging_mixin.py:154} INFO - [2023-11-23T02:26:54.317+0000] {dagbag.py:536} INFO - Filling up the DagBag from /home/airflow/.local/lib/python3.8/site-packages/airflow/example_dags/example_trigger_target_dag.py
[2023-11-23T02:26:54.336+0000] {processor.py:839} INFO - DAG(s) dict_keys(['example_trigger_target_dag']) retrieved from /home/airflow/.local/lib/python3.8/site-packages/airflow/example_dags/example_trigger_target_dag.py
[2023-11-23T02:26:54.567+0000] {logging_mixin.py:154} INFO - [2023-11-23T02:26:54.566+0000] {dag.py:2941} INFO - Sync 1 DAGs
[2023-11-23T02:26:56.286+0000] {logging_mixin.py:154} INFO - [2023-11-23T02:26:56.285+0000] {dag.py:3722} INFO - Setting next_dagrun for example_trigger_target_dag to None, run_after=None
[2023-11-23T02:26:56.460+0000] {processor.py:179} INFO - Processing /home/airflow/.local/lib/python3.8/site-packages/airflow/example_dags/example_trigger_target_dag.py took 2.165 seconds
[2023-11-23T02:27:27.728+0000] {processor.py:157} INFO - Started process (PID=290) to work on /home/airflow/.local/lib/python3.8/site-packages/airflow/example_dags/example_trigger_target_dag.py
[2023-11-23T02:27:27.733+0000] {processor.py:829} INFO - Processing file /home/airflow/.local/lib/python3.8/site-packages/airflow/example_dags/example_trigger_target_dag.py for tasks to queue
[2023-11-23T02:27:27.759+0000] {logging_mixin.py:154} INFO - [2023-11-23T02:27:27.759+0000] {dagbag.py:536} INFO - Filling up the DagBag from /home/airflow/.local/lib/python3.8/site-packages/airflow/example_dags/example_trigger_target_dag.py
[2023-11-23T02:27:27.834+0000] {processor.py:839} INFO - DAG(s) dict_keys(['example_trigger_target_dag']) retrieved from /home/airflow/.local/lib/python3.8/site-packages/airflow/example_dags/example_trigger_target_dag.py
[2023-11-23T02:27:27.981+0000] {logging_mixin.py:154} INFO - [2023-11-23T02:27:27.981+0000] {dag.py:2941} INFO - Sync 1 DAGs
[2023-11-23T02:27:28.094+0000] {logging_mixin.py:154} INFO - [2023-11-23T02:27:28.094+0000] {dag.py:3722} INFO - Setting next_dagrun for example_trigger_target_dag to None, run_after=None
[2023-11-23T02:27:29.397+0000] {processor.py:179} INFO - Processing /home/airflow/.local/lib/python3.8/site-packages/airflow/example_dags/example_trigger_target_dag.py took 1.709 seconds
[2023-11-23T02:27:59.621+0000] {processor.py:157} INFO - Started process (PID=343) to work on /home/airflow/.local/lib/python3.8/site-packages/airflow/example_dags/example_trigger_target_dag.py
[2023-11-23T02:27:59.624+0000] {processor.py:829} INFO - Processing file /home/airflow/.local/lib/python3.8/site-packages/airflow/example_dags/example_trigger_target_dag.py for tasks to queue
[2023-11-23T02:27:59.633+0000] {logging_mixin.py:154} INFO - [2023-11-23T02:27:59.633+0000] {dagbag.py:536} INFO - Filling up the DagBag from /home/airflow/.local/lib/python3.8/site-packages/airflow/example_dags/example_trigger_target_dag.py
[2023-11-23T02:27:59.654+0000] {processor.py:839} INFO - DAG(s) dict_keys(['example_trigger_target_dag']) retrieved from /home/airflow/.local/lib/python3.8/site-packages/airflow/example_dags/example_trigger_target_dag.py
[2023-11-23T02:27:59.741+0000] {logging_mixin.py:154} INFO - [2023-11-23T02:27:59.741+0000] {dag.py:2941} INFO - Sync 1 DAGs
[2023-11-23T02:27:59.795+0000] {logging_mixin.py:154} INFO - [2023-11-23T02:27:59.795+0000] {dag.py:3722} INFO - Setting next_dagrun for example_trigger_target_dag to None, run_after=None
[2023-11-23T02:27:59.839+0000] {processor.py:179} INFO - Processing /home/airflow/.local/lib/python3.8/site-packages/airflow/example_dags/example_trigger_target_dag.py took 0.244 seconds
[2023-11-23T02:28:30.724+0000] {processor.py:157} INFO - Started process (PID=396) to work on /home/airflow/.local/lib/python3.8/site-packages/airflow/example_dags/example_trigger_target_dag.py
[2023-11-23T02:28:30.729+0000] {processor.py:829} INFO - Processing file /home/airflow/.local/lib/python3.8/site-packages/airflow/example_dags/example_trigger_target_dag.py for tasks to queue
[2023-11-23T02:28:30.742+0000] {logging_mixin.py:154} INFO - [2023-11-23T02:28:30.741+0000] {dagbag.py:536} INFO - Filling up the DagBag from /home/airflow/.local/lib/python3.8/site-packages/airflow/example_dags/example_trigger_target_dag.py
[2023-11-23T02:28:30.764+0000] {processor.py:839} INFO - DAG(s) dict_keys(['example_trigger_target_dag']) retrieved from /home/airflow/.local/lib/python3.8/site-packages/airflow/example_dags/example_trigger_target_dag.py
[2023-11-23T02:28:30.803+0000] {logging_mixin.py:154} INFO - [2023-11-23T02:28:30.803+0000] {dag.py:2941} INFO - Sync 1 DAGs
[2023-11-23T02:28:30.828+0000] {logging_mixin.py:154} INFO - [2023-11-23T02:28:30.828+0000] {dag.py:3722} INFO - Setting next_dagrun for example_trigger_target_dag to None, run_after=None
[2023-11-23T02:28:30.869+0000] {processor.py:179} INFO - Processing /home/airflow/.local/lib/python3.8/site-packages/airflow/example_dags/example_trigger_target_dag.py took 0.159 seconds
[2023-11-23T02:29:00.930+0000] {processor.py:157} INFO - Started process (PID=450) to work on /home/airflow/.local/lib/python3.8/site-packages/airflow/example_dags/example_trigger_target_dag.py
[2023-11-23T02:29:00.932+0000] {processor.py:829} INFO - Processing file /home/airflow/.local/lib/python3.8/site-packages/airflow/example_dags/example_trigger_target_dag.py for tasks to queue
[2023-11-23T02:29:00.949+0000] {logging_mixin.py:154} INFO - [2023-11-23T02:29:00.939+0000] {dagbag.py:536} INFO - Filling up the DagBag from /home/airflow/.local/lib/python3.8/site-packages/airflow/example_dags/example_trigger_target_dag.py
[2023-11-23T02:29:00.962+0000] {processor.py:839} INFO - DAG(s) dict_keys(['example_trigger_target_dag']) retrieved from /home/airflow/.local/lib/python3.8/site-packages/airflow/example_dags/example_trigger_target_dag.py
[2023-11-23T02:29:00.996+0000] {logging_mixin.py:154} INFO - [2023-11-23T02:29:00.996+0000] {dag.py:2941} INFO - Sync 1 DAGs
[2023-11-23T02:29:01.025+0000] {logging_mixin.py:154} INFO - [2023-11-23T02:29:01.025+0000] {dag.py:3722} INFO - Setting next_dagrun for example_trigger_target_dag to None, run_after=None
[2023-11-23T02:29:01.068+0000] {processor.py:179} INFO - Processing /home/airflow/.local/lib/python3.8/site-packages/airflow/example_dags/example_trigger_target_dag.py took 0.142 seconds
[2023-11-23T02:29:31.104+0000] {processor.py:157} INFO - Started process (PID=503) to work on /home/airflow/.local/lib/python3.8/site-packages/airflow/example_dags/example_trigger_target_dag.py
[2023-11-23T02:29:31.105+0000] {processor.py:829} INFO - Processing file /home/airflow/.local/lib/python3.8/site-packages/airflow/example_dags/example_trigger_target_dag.py for tasks to queue
[2023-11-23T02:29:31.108+0000] {logging_mixin.py:154} INFO - [2023-11-23T02:29:31.108+0000] {dagbag.py:536} INFO - Filling up the DagBag from /home/airflow/.local/lib/python3.8/site-packages/airflow/example_dags/example_trigger_target_dag.py
[2023-11-23T02:29:31.115+0000] {processor.py:839} INFO - DAG(s) dict_keys(['example_trigger_target_dag']) retrieved from /home/airflow/.local/lib/python3.8/site-packages/airflow/example_dags/example_trigger_target_dag.py
[2023-11-23T02:29:31.139+0000] {logging_mixin.py:154} INFO - [2023-11-23T02:29:31.139+0000] {dag.py:2941} INFO - Sync 1 DAGs
[2023-11-23T02:29:31.156+0000] {logging_mixin.py:154} INFO - [2023-11-23T02:29:31.155+0000] {dag.py:3722} INFO - Setting next_dagrun for example_trigger_target_dag to None, run_after=None
[2023-11-23T02:29:31.180+0000] {processor.py:179} INFO - Processing /home/airflow/.local/lib/python3.8/site-packages/airflow/example_dags/example_trigger_target_dag.py took 0.080 seconds
[2023-11-23T02:30:01.276+0000] {processor.py:157} INFO - Started process (PID=557) to work on /home/airflow/.local/lib/python3.8/site-packages/airflow/example_dags/example_trigger_target_dag.py
[2023-11-23T02:30:01.282+0000] {processor.py:829} INFO - Processing file /home/airflow/.local/lib/python3.8/site-packages/airflow/example_dags/example_trigger_target_dag.py for tasks to queue
[2023-11-23T02:30:01.285+0000] {logging_mixin.py:154} INFO - [2023-11-23T02:30:01.285+0000] {dagbag.py:536} INFO - Filling up the DagBag from /home/airflow/.local/lib/python3.8/site-packages/airflow/example_dags/example_trigger_target_dag.py
[2023-11-23T02:30:01.295+0000] {processor.py:839} INFO - DAG(s) dict_keys(['example_trigger_target_dag']) retrieved from /home/airflow/.local/lib/python3.8/site-packages/airflow/example_dags/example_trigger_target_dag.py
[2023-11-23T02:30:01.345+0000] {logging_mixin.py:154} INFO - [2023-11-23T02:30:01.345+0000] {dag.py:2941} INFO - Sync 1 DAGs
[2023-11-23T02:30:01.385+0000] {logging_mixin.py:154} INFO - [2023-11-23T02:30:01.385+0000] {dag.py:3722} INFO - Setting next_dagrun for example_trigger_target_dag to None, run_after=None
[2023-11-23T02:30:01.503+0000] {processor.py:179} INFO - Processing /home/airflow/.local/lib/python3.8/site-packages/airflow/example_dags/example_trigger_target_dag.py took 0.234 seconds
[2023-11-23T02:30:32.111+0000] {processor.py:157} INFO - Started process (PID=611) to work on /home/airflow/.local/lib/python3.8/site-packages/airflow/example_dags/example_trigger_target_dag.py
[2023-11-23T02:30:32.116+0000] {processor.py:829} INFO - Processing file /home/airflow/.local/lib/python3.8/site-packages/airflow/example_dags/example_trigger_target_dag.py for tasks to queue
[2023-11-23T02:30:32.124+0000] {logging_mixin.py:154} INFO - [2023-11-23T02:30:32.123+0000] {dagbag.py:536} INFO - Filling up the DagBag from /home/airflow/.local/lib/python3.8/site-packages/airflow/example_dags/example_trigger_target_dag.py
[2023-11-23T02:30:32.141+0000] {processor.py:839} INFO - DAG(s) dict_keys(['example_trigger_target_dag']) retrieved from /home/airflow/.local/lib/python3.8/site-packages/airflow/example_dags/example_trigger_target_dag.py
[2023-11-23T02:30:32.230+0000] {logging_mixin.py:154} INFO - [2023-11-23T02:30:32.230+0000] {dag.py:2941} INFO - Sync 1 DAGs
[2023-11-23T02:30:32.268+0000] {logging_mixin.py:154} INFO - [2023-11-23T02:30:32.268+0000] {dag.py:3722} INFO - Setting next_dagrun for example_trigger_target_dag to None, run_after=None
[2023-11-23T02:30:32.321+0000] {processor.py:179} INFO - Processing /home/airflow/.local/lib/python3.8/site-packages/airflow/example_dags/example_trigger_target_dag.py took 0.220 seconds
[2023-11-23T02:31:02.949+0000] {processor.py:157} INFO - Started process (PID=665) to work on /home/airflow/.local/lib/python3.8/site-packages/airflow/example_dags/example_trigger_target_dag.py
[2023-11-23T02:31:02.975+0000] {processor.py:829} INFO - Processing file /home/airflow/.local/lib/python3.8/site-packages/airflow/example_dags/example_trigger_target_dag.py for tasks to queue
[2023-11-23T02:31:02.981+0000] {logging_mixin.py:154} INFO - [2023-11-23T02:31:02.981+0000] {dagbag.py:536} INFO - Filling up the DagBag from /home/airflow/.local/lib/python3.8/site-packages/airflow/example_dags/example_trigger_target_dag.py
[2023-11-23T02:31:02.999+0000] {processor.py:839} INFO - DAG(s) dict_keys(['example_trigger_target_dag']) retrieved from /home/airflow/.local/lib/python3.8/site-packages/airflow/example_dags/example_trigger_target_dag.py
[2023-11-23T02:31:03.067+0000] {logging_mixin.py:154} INFO - [2023-11-23T02:31:03.067+0000] {dag.py:2941} INFO - Sync 1 DAGs
[2023-11-23T02:31:03.108+0000] {logging_mixin.py:154} INFO - [2023-11-23T02:31:03.107+0000] {dag.py:3722} INFO - Setting next_dagrun for example_trigger_target_dag to None, run_after=None
[2023-11-23T02:31:03.173+0000] {processor.py:179} INFO - Processing /home/airflow/.local/lib/python3.8/site-packages/airflow/example_dags/example_trigger_target_dag.py took 0.244 seconds
[2023-11-23T02:31:34.001+0000] {processor.py:157} INFO - Started process (PID=719) to work on /home/airflow/.local/lib/python3.8/site-packages/airflow/example_dags/example_trigger_target_dag.py
[2023-11-23T02:31:34.054+0000] {processor.py:829} INFO - Processing file /home/airflow/.local/lib/python3.8/site-packages/airflow/example_dags/example_trigger_target_dag.py for tasks to queue
[2023-11-23T02:31:34.074+0000] {logging_mixin.py:154} INFO - [2023-11-23T02:31:34.073+0000] {dagbag.py:536} INFO - Filling up the DagBag from /home/airflow/.local/lib/python3.8/site-packages/airflow/example_dags/example_trigger_target_dag.py
[2023-11-23T02:31:34.091+0000] {processor.py:839} INFO - DAG(s) dict_keys(['example_trigger_target_dag']) retrieved from /home/airflow/.local/lib/python3.8/site-packages/airflow/example_dags/example_trigger_target_dag.py
[2023-11-23T02:31:34.390+0000] {logging_mixin.py:154} INFO - [2023-11-23T02:31:34.390+0000] {dag.py:2941} INFO - Sync 1 DAGs
[2023-11-23T02:31:34.442+0000] {logging_mixin.py:154} INFO - [2023-11-23T02:31:34.442+0000] {dag.py:3722} INFO - Setting next_dagrun for example_trigger_target_dag to None, run_after=None
[2023-11-23T02:31:34.481+0000] {processor.py:179} INFO - Processing /home/airflow/.local/lib/python3.8/site-packages/airflow/example_dags/example_trigger_target_dag.py took 0.485 seconds
[2023-11-23T03:44:17.350+0000] {processor.py:157} INFO - Started process (PID=79) to work on /home/airflow/.local/lib/python3.8/site-packages/airflow/example_dags/example_trigger_target_dag.py
[2023-11-23T03:44:17.354+0000] {processor.py:829} INFO - Processing file /home/airflow/.local/lib/python3.8/site-packages/airflow/example_dags/example_trigger_target_dag.py for tasks to queue
[2023-11-23T03:44:17.382+0000] {logging_mixin.py:154} INFO - [2023-11-23T03:44:17.381+0000] {dagbag.py:536} INFO - Filling up the DagBag from /home/airflow/.local/lib/python3.8/site-packages/airflow/example_dags/example_trigger_target_dag.py
[2023-11-23T03:44:17.412+0000] {processor.py:839} INFO - DAG(s) dict_keys(['example_trigger_target_dag']) retrieved from /home/airflow/.local/lib/python3.8/site-packages/airflow/example_dags/example_trigger_target_dag.py
[2023-11-23T03:44:17.752+0000] {logging_mixin.py:154} INFO - [2023-11-23T03:44:17.752+0000] {dag.py:2941} INFO - Sync 1 DAGs
[2023-11-23T03:44:17.958+0000] {logging_mixin.py:154} INFO - [2023-11-23T03:44:17.946+0000] {dag.py:3722} INFO - Setting next_dagrun for example_trigger_target_dag to None, run_after=None
[2023-11-23T03:44:18.277+0000] {processor.py:179} INFO - Processing /home/airflow/.local/lib/python3.8/site-packages/airflow/example_dags/example_trigger_target_dag.py took 0.945 seconds
[2023-11-23T03:44:53.475+0000] {processor.py:157} INFO - Started process (PID=133) to work on /home/airflow/.local/lib/python3.8/site-packages/airflow/example_dags/example_trigger_target_dag.py
[2023-11-23T03:44:53.477+0000] {processor.py:829} INFO - Processing file /home/airflow/.local/lib/python3.8/site-packages/airflow/example_dags/example_trigger_target_dag.py for tasks to queue
[2023-11-23T03:44:53.482+0000] {logging_mixin.py:154} INFO - [2023-11-23T03:44:53.482+0000] {dagbag.py:536} INFO - Filling up the DagBag from /home/airflow/.local/lib/python3.8/site-packages/airflow/example_dags/example_trigger_target_dag.py
[2023-11-23T03:44:53.495+0000] {processor.py:839} INFO - DAG(s) dict_keys(['example_trigger_target_dag']) retrieved from /home/airflow/.local/lib/python3.8/site-packages/airflow/example_dags/example_trigger_target_dag.py
[2023-11-23T03:44:53.536+0000] {logging_mixin.py:154} INFO - [2023-11-23T03:44:53.536+0000] {dag.py:2941} INFO - Sync 1 DAGs
[2023-11-23T03:44:53.561+0000] {logging_mixin.py:154} INFO - [2023-11-23T03:44:53.561+0000] {dag.py:3722} INFO - Setting next_dagrun for example_trigger_target_dag to None, run_after=None
[2023-11-23T03:44:53.596+0000] {processor.py:179} INFO - Processing /home/airflow/.local/lib/python3.8/site-packages/airflow/example_dags/example_trigger_target_dag.py took 0.130 seconds
[2023-11-23T04:15:42.903+0000] {processor.py:157} INFO - Started process (PID=198) to work on /home/airflow/.local/lib/python3.8/site-packages/airflow/example_dags/example_trigger_target_dag.py
[2023-11-23T04:15:42.905+0000] {processor.py:829} INFO - Processing file /home/airflow/.local/lib/python3.8/site-packages/airflow/example_dags/example_trigger_target_dag.py for tasks to queue
[2023-11-23T04:15:42.910+0000] {logging_mixin.py:154} INFO - [2023-11-23T04:15:42.909+0000] {dagbag.py:536} INFO - Filling up the DagBag from /home/airflow/.local/lib/python3.8/site-packages/airflow/example_dags/example_trigger_target_dag.py
[2023-11-23T04:15:42.922+0000] {processor.py:839} INFO - DAG(s) dict_keys(['example_trigger_target_dag']) retrieved from /home/airflow/.local/lib/python3.8/site-packages/airflow/example_dags/example_trigger_target_dag.py
[2023-11-23T04:15:42.961+0000] {logging_mixin.py:154} INFO - [2023-11-23T04:15:42.958+0000] {dag.py:2941} INFO - Sync 1 DAGs
[2023-11-23T04:15:42.986+0000] {logging_mixin.py:154} INFO - [2023-11-23T04:15:42.985+0000] {dag.py:3722} INFO - Setting next_dagrun for example_trigger_target_dag to None, run_after=None
[2023-11-23T04:15:43.016+0000] {processor.py:179} INFO - Processing /home/airflow/.local/lib/python3.8/site-packages/airflow/example_dags/example_trigger_target_dag.py took 0.121 seconds
[2023-11-23T04:16:13.161+0000] {processor.py:157} INFO - Started process (PID=251) to work on /home/airflow/.local/lib/python3.8/site-packages/airflow/example_dags/example_trigger_target_dag.py
[2023-11-23T04:16:13.163+0000] {processor.py:829} INFO - Processing file /home/airflow/.local/lib/python3.8/site-packages/airflow/example_dags/example_trigger_target_dag.py for tasks to queue
[2023-11-23T04:16:13.167+0000] {logging_mixin.py:154} INFO - [2023-11-23T04:16:13.166+0000] {dagbag.py:536} INFO - Filling up the DagBag from /home/airflow/.local/lib/python3.8/site-packages/airflow/example_dags/example_trigger_target_dag.py
[2023-11-23T04:16:13.177+0000] {processor.py:839} INFO - DAG(s) dict_keys(['example_trigger_target_dag']) retrieved from /home/airflow/.local/lib/python3.8/site-packages/airflow/example_dags/example_trigger_target_dag.py
[2023-11-23T04:16:13.201+0000] {logging_mixin.py:154} INFO - [2023-11-23T04:16:13.201+0000] {dag.py:2941} INFO - Sync 1 DAGs
[2023-11-23T04:16:13.222+0000] {logging_mixin.py:154} INFO - [2023-11-23T04:16:13.221+0000] {dag.py:3722} INFO - Setting next_dagrun for example_trigger_target_dag to None, run_after=None
[2023-11-23T04:16:13.262+0000] {processor.py:179} INFO - Processing /home/airflow/.local/lib/python3.8/site-packages/airflow/example_dags/example_trigger_target_dag.py took 0.108 seconds
[2023-11-23T04:16:44.348+0000] {processor.py:157} INFO - Started process (PID=305) to work on /home/airflow/.local/lib/python3.8/site-packages/airflow/example_dags/example_trigger_target_dag.py
[2023-11-23T04:16:44.350+0000] {processor.py:829} INFO - Processing file /home/airflow/.local/lib/python3.8/site-packages/airflow/example_dags/example_trigger_target_dag.py for tasks to queue
[2023-11-23T04:16:44.357+0000] {logging_mixin.py:154} INFO - [2023-11-23T04:16:44.356+0000] {dagbag.py:536} INFO - Filling up the DagBag from /home/airflow/.local/lib/python3.8/site-packages/airflow/example_dags/example_trigger_target_dag.py
[2023-11-23T04:16:44.370+0000] {processor.py:839} INFO - DAG(s) dict_keys(['example_trigger_target_dag']) retrieved from /home/airflow/.local/lib/python3.8/site-packages/airflow/example_dags/example_trigger_target_dag.py
[2023-11-23T04:16:44.400+0000] {logging_mixin.py:154} INFO - [2023-11-23T04:16:44.400+0000] {dag.py:2941} INFO - Sync 1 DAGs
[2023-11-23T04:16:44.425+0000] {logging_mixin.py:154} INFO - [2023-11-23T04:16:44.424+0000] {dag.py:3722} INFO - Setting next_dagrun for example_trigger_target_dag to None, run_after=None
[2023-11-23T04:16:44.480+0000] {processor.py:179} INFO - Processing /home/airflow/.local/lib/python3.8/site-packages/airflow/example_dags/example_trigger_target_dag.py took 0.137 seconds
[2023-11-23T04:17:15.391+0000] {processor.py:157} INFO - Started process (PID=359) to work on /home/airflow/.local/lib/python3.8/site-packages/airflow/example_dags/example_trigger_target_dag.py
[2023-11-23T04:17:15.393+0000] {processor.py:829} INFO - Processing file /home/airflow/.local/lib/python3.8/site-packages/airflow/example_dags/example_trigger_target_dag.py for tasks to queue
[2023-11-23T04:17:15.398+0000] {logging_mixin.py:154} INFO - [2023-11-23T04:17:15.397+0000] {dagbag.py:536} INFO - Filling up the DagBag from /home/airflow/.local/lib/python3.8/site-packages/airflow/example_dags/example_trigger_target_dag.py
[2023-11-23T04:17:15.409+0000] {processor.py:839} INFO - DAG(s) dict_keys(['example_trigger_target_dag']) retrieved from /home/airflow/.local/lib/python3.8/site-packages/airflow/example_dags/example_trigger_target_dag.py
[2023-11-23T04:17:15.443+0000] {logging_mixin.py:154} INFO - [2023-11-23T04:17:15.442+0000] {dag.py:2941} INFO - Sync 1 DAGs
[2023-11-23T04:17:15.468+0000] {logging_mixin.py:154} INFO - [2023-11-23T04:17:15.467+0000] {dag.py:3722} INFO - Setting next_dagrun for example_trigger_target_dag to None, run_after=None
[2023-11-23T04:17:15.497+0000] {processor.py:179} INFO - Processing /home/airflow/.local/lib/python3.8/site-packages/airflow/example_dags/example_trigger_target_dag.py took 0.113 seconds
[2023-11-23T04:17:45.639+0000] {processor.py:157} INFO - Started process (PID=413) to work on /home/airflow/.local/lib/python3.8/site-packages/airflow/example_dags/example_trigger_target_dag.py
[2023-11-23T04:17:45.641+0000] {processor.py:829} INFO - Processing file /home/airflow/.local/lib/python3.8/site-packages/airflow/example_dags/example_trigger_target_dag.py for tasks to queue
[2023-11-23T04:17:45.645+0000] {logging_mixin.py:154} INFO - [2023-11-23T04:17:45.645+0000] {dagbag.py:536} INFO - Filling up the DagBag from /home/airflow/.local/lib/python3.8/site-packages/airflow/example_dags/example_trigger_target_dag.py
[2023-11-23T04:17:45.658+0000] {processor.py:839} INFO - DAG(s) dict_keys(['example_trigger_target_dag']) retrieved from /home/airflow/.local/lib/python3.8/site-packages/airflow/example_dags/example_trigger_target_dag.py
[2023-11-23T04:17:45.693+0000] {logging_mixin.py:154} INFO - [2023-11-23T04:17:45.692+0000] {dag.py:2941} INFO - Sync 1 DAGs
[2023-11-23T04:17:45.717+0000] {logging_mixin.py:154} INFO - [2023-11-23T04:17:45.717+0000] {dag.py:3722} INFO - Setting next_dagrun for example_trigger_target_dag to None, run_after=None
[2023-11-23T04:17:45.756+0000] {processor.py:179} INFO - Processing /home/airflow/.local/lib/python3.8/site-packages/airflow/example_dags/example_trigger_target_dag.py took 0.125 seconds
[2023-11-23T04:18:17.527+0000] {processor.py:157} INFO - Started process (PID=473) to work on /home/airflow/.local/lib/python3.8/site-packages/airflow/example_dags/example_trigger_target_dag.py
[2023-11-23T04:18:17.532+0000] {processor.py:829} INFO - Processing file /home/airflow/.local/lib/python3.8/site-packages/airflow/example_dags/example_trigger_target_dag.py for tasks to queue
[2023-11-23T04:18:17.542+0000] {logging_mixin.py:154} INFO - [2023-11-23T04:18:17.542+0000] {dagbag.py:536} INFO - Filling up the DagBag from /home/airflow/.local/lib/python3.8/site-packages/airflow/example_dags/example_trigger_target_dag.py
[2023-11-23T04:18:17.561+0000] {processor.py:839} INFO - DAG(s) dict_keys(['example_trigger_target_dag']) retrieved from /home/airflow/.local/lib/python3.8/site-packages/airflow/example_dags/example_trigger_target_dag.py
[2023-11-23T04:18:17.659+0000] {logging_mixin.py:154} INFO - [2023-11-23T04:18:17.659+0000] {dag.py:2941} INFO - Sync 1 DAGs
[2023-11-23T04:18:17.690+0000] {logging_mixin.py:154} INFO - [2023-11-23T04:18:17.690+0000] {dag.py:3722} INFO - Setting next_dagrun for example_trigger_target_dag to None, run_after=None
[2023-11-23T04:18:17.763+0000] {processor.py:179} INFO - Processing /home/airflow/.local/lib/python3.8/site-packages/airflow/example_dags/example_trigger_target_dag.py took 0.246 seconds
[2023-11-23T04:18:49.472+0000] {processor.py:157} INFO - Started process (PID=527) to work on /home/airflow/.local/lib/python3.8/site-packages/airflow/example_dags/example_trigger_target_dag.py
[2023-11-23T04:18:49.474+0000] {processor.py:829} INFO - Processing file /home/airflow/.local/lib/python3.8/site-packages/airflow/example_dags/example_trigger_target_dag.py for tasks to queue
[2023-11-23T04:18:49.479+0000] {logging_mixin.py:154} INFO - [2023-11-23T04:18:49.479+0000] {dagbag.py:536} INFO - Filling up the DagBag from /home/airflow/.local/lib/python3.8/site-packages/airflow/example_dags/example_trigger_target_dag.py
[2023-11-23T04:18:49.497+0000] {processor.py:839} INFO - DAG(s) dict_keys(['example_trigger_target_dag']) retrieved from /home/airflow/.local/lib/python3.8/site-packages/airflow/example_dags/example_trigger_target_dag.py
[2023-11-23T04:18:49.551+0000] {logging_mixin.py:154} INFO - [2023-11-23T04:18:49.551+0000] {dag.py:2941} INFO - Sync 1 DAGs
[2023-11-23T04:18:49.591+0000] {logging_mixin.py:154} INFO - [2023-11-23T04:18:49.589+0000] {dag.py:3722} INFO - Setting next_dagrun for example_trigger_target_dag to None, run_after=None
[2023-11-23T04:18:49.622+0000] {processor.py:179} INFO - Processing /home/airflow/.local/lib/python3.8/site-packages/airflow/example_dags/example_trigger_target_dag.py took 0.158 seconds
[2023-11-23T04:19:21.577+0000] {processor.py:157} INFO - Started process (PID=581) to work on /home/airflow/.local/lib/python3.8/site-packages/airflow/example_dags/example_trigger_target_dag.py
[2023-11-23T04:19:21.579+0000] {processor.py:829} INFO - Processing file /home/airflow/.local/lib/python3.8/site-packages/airflow/example_dags/example_trigger_target_dag.py for tasks to queue
[2023-11-23T04:19:21.593+0000] {logging_mixin.py:154} INFO - [2023-11-23T04:19:21.592+0000] {dagbag.py:536} INFO - Filling up the DagBag from /home/airflow/.local/lib/python3.8/site-packages/airflow/example_dags/example_trigger_target_dag.py
[2023-11-23T04:19:21.611+0000] {processor.py:839} INFO - DAG(s) dict_keys(['example_trigger_target_dag']) retrieved from /home/airflow/.local/lib/python3.8/site-packages/airflow/example_dags/example_trigger_target_dag.py
[2023-11-23T04:19:21.695+0000] {logging_mixin.py:154} INFO - [2023-11-23T04:19:21.695+0000] {dag.py:2941} INFO - Sync 1 DAGs
[2023-11-23T04:19:21.788+0000] {logging_mixin.py:154} INFO - [2023-11-23T04:19:21.788+0000] {dag.py:3722} INFO - Setting next_dagrun for example_trigger_target_dag to None, run_after=None
[2023-11-23T04:19:21.842+0000] {processor.py:179} INFO - Processing /home/airflow/.local/lib/python3.8/site-packages/airflow/example_dags/example_trigger_target_dag.py took 0.280 seconds
[2023-11-23T04:19:52.092+0000] {processor.py:157} INFO - Started process (PID=635) to work on /home/airflow/.local/lib/python3.8/site-packages/airflow/example_dags/example_trigger_target_dag.py
[2023-11-23T04:19:52.094+0000] {processor.py:829} INFO - Processing file /home/airflow/.local/lib/python3.8/site-packages/airflow/example_dags/example_trigger_target_dag.py for tasks to queue
[2023-11-23T04:19:52.099+0000] {logging_mixin.py:154} INFO - [2023-11-23T04:19:52.099+0000] {dagbag.py:536} INFO - Filling up the DagBag from /home/airflow/.local/lib/python3.8/site-packages/airflow/example_dags/example_trigger_target_dag.py
[2023-11-23T04:19:52.116+0000] {processor.py:839} INFO - DAG(s) dict_keys(['example_trigger_target_dag']) retrieved from /home/airflow/.local/lib/python3.8/site-packages/airflow/example_dags/example_trigger_target_dag.py
[2023-11-23T04:19:52.156+0000] {logging_mixin.py:154} INFO - [2023-11-23T04:19:52.156+0000] {dag.py:2941} INFO - Sync 1 DAGs
[2023-11-23T04:19:52.197+0000] {logging_mixin.py:154} INFO - [2023-11-23T04:19:52.196+0000] {dag.py:3722} INFO - Setting next_dagrun for example_trigger_target_dag to None, run_after=None
[2023-11-23T04:19:52.234+0000] {processor.py:179} INFO - Processing /home/airflow/.local/lib/python3.8/site-packages/airflow/example_dags/example_trigger_target_dag.py took 0.148 seconds
[2023-11-23T04:20:23.350+0000] {processor.py:157} INFO - Started process (PID=688) to work on /home/airflow/.local/lib/python3.8/site-packages/airflow/example_dags/example_trigger_target_dag.py
[2023-11-23T04:20:23.353+0000] {processor.py:829} INFO - Processing file /home/airflow/.local/lib/python3.8/site-packages/airflow/example_dags/example_trigger_target_dag.py for tasks to queue
[2023-11-23T04:20:23.358+0000] {logging_mixin.py:154} INFO - [2023-11-23T04:20:23.358+0000] {dagbag.py:536} INFO - Filling up the DagBag from /home/airflow/.local/lib/python3.8/site-packages/airflow/example_dags/example_trigger_target_dag.py
[2023-11-23T04:20:23.374+0000] {processor.py:839} INFO - DAG(s) dict_keys(['example_trigger_target_dag']) retrieved from /home/airflow/.local/lib/python3.8/site-packages/airflow/example_dags/example_trigger_target_dag.py
[2023-11-23T04:20:23.423+0000] {logging_mixin.py:154} INFO - [2023-11-23T04:20:23.423+0000] {dag.py:2941} INFO - Sync 1 DAGs
[2023-11-23T04:20:23.453+0000] {logging_mixin.py:154} INFO - [2023-11-23T04:20:23.453+0000] {dag.py:3722} INFO - Setting next_dagrun for example_trigger_target_dag to None, run_after=None
[2023-11-23T04:20:23.490+0000] {processor.py:179} INFO - Processing /home/airflow/.local/lib/python3.8/site-packages/airflow/example_dags/example_trigger_target_dag.py took 0.147 seconds
[2023-11-23T04:20:53.695+0000] {processor.py:157} INFO - Started process (PID=742) to work on /home/airflow/.local/lib/python3.8/site-packages/airflow/example_dags/example_trigger_target_dag.py
[2023-11-23T04:20:53.697+0000] {processor.py:829} INFO - Processing file /home/airflow/.local/lib/python3.8/site-packages/airflow/example_dags/example_trigger_target_dag.py for tasks to queue
[2023-11-23T04:20:53.710+0000] {logging_mixin.py:154} INFO - [2023-11-23T04:20:53.709+0000] {dagbag.py:536} INFO - Filling up the DagBag from /home/airflow/.local/lib/python3.8/site-packages/airflow/example_dags/example_trigger_target_dag.py
[2023-11-23T04:20:53.740+0000] {processor.py:839} INFO - DAG(s) dict_keys(['example_trigger_target_dag']) retrieved from /home/airflow/.local/lib/python3.8/site-packages/airflow/example_dags/example_trigger_target_dag.py
[2023-11-23T04:20:53.789+0000] {logging_mixin.py:154} INFO - [2023-11-23T04:20:53.789+0000] {dag.py:2941} INFO - Sync 1 DAGs
[2023-11-23T04:20:53.819+0000] {logging_mixin.py:154} INFO - [2023-11-23T04:20:53.818+0000] {dag.py:3722} INFO - Setting next_dagrun for example_trigger_target_dag to None, run_after=None
[2023-11-23T04:20:53.862+0000] {processor.py:179} INFO - Processing /home/airflow/.local/lib/python3.8/site-packages/airflow/example_dags/example_trigger_target_dag.py took 0.176 seconds
[2023-11-23T04:21:30.759+0000] {processor.py:157} INFO - Started process (PID=795) to work on /home/airflow/.local/lib/python3.8/site-packages/airflow/example_dags/example_trigger_target_dag.py
[2023-11-23T04:21:30.777+0000] {processor.py:829} INFO - Processing file /home/airflow/.local/lib/python3.8/site-packages/airflow/example_dags/example_trigger_target_dag.py for tasks to queue
[2023-11-23T04:21:30.789+0000] {logging_mixin.py:154} INFO - [2023-11-23T04:21:30.788+0000] {dagbag.py:536} INFO - Filling up the DagBag from /home/airflow/.local/lib/python3.8/site-packages/airflow/example_dags/example_trigger_target_dag.py
[2023-11-23T04:21:30.818+0000] {processor.py:839} INFO - DAG(s) dict_keys(['example_trigger_target_dag']) retrieved from /home/airflow/.local/lib/python3.8/site-packages/airflow/example_dags/example_trigger_target_dag.py
[2023-11-23T04:21:30.883+0000] {logging_mixin.py:154} INFO - [2023-11-23T04:21:30.883+0000] {dag.py:2941} INFO - Sync 1 DAGs
[2023-11-23T04:21:30.922+0000] {logging_mixin.py:154} INFO - [2023-11-23T04:21:30.922+0000] {dag.py:3722} INFO - Setting next_dagrun for example_trigger_target_dag to None, run_after=None
[2023-11-23T04:21:30.988+0000] {processor.py:179} INFO - Processing /home/airflow/.local/lib/python3.8/site-packages/airflow/example_dags/example_trigger_target_dag.py took 0.234 seconds
[2023-11-23T04:22:02.337+0000] {processor.py:157} INFO - Started process (PID=850) to work on /home/airflow/.local/lib/python3.8/site-packages/airflow/example_dags/example_trigger_target_dag.py
[2023-11-23T04:22:02.339+0000] {processor.py:829} INFO - Processing file /home/airflow/.local/lib/python3.8/site-packages/airflow/example_dags/example_trigger_target_dag.py for tasks to queue
[2023-11-23T04:22:02.342+0000] {logging_mixin.py:154} INFO - [2023-11-23T04:22:02.342+0000] {dagbag.py:536} INFO - Filling up the DagBag from /home/airflow/.local/lib/python3.8/site-packages/airflow/example_dags/example_trigger_target_dag.py
[2023-11-23T04:22:02.355+0000] {processor.py:839} INFO - DAG(s) dict_keys(['example_trigger_target_dag']) retrieved from /home/airflow/.local/lib/python3.8/site-packages/airflow/example_dags/example_trigger_target_dag.py
[2023-11-23T04:22:02.401+0000] {logging_mixin.py:154} INFO - [2023-11-23T04:22:02.398+0000] {dag.py:2941} INFO - Sync 1 DAGs
[2023-11-23T04:22:02.435+0000] {logging_mixin.py:154} INFO - [2023-11-23T04:22:02.434+0000] {dag.py:3722} INFO - Setting next_dagrun for example_trigger_target_dag to None, run_after=None
[2023-11-23T04:22:02.465+0000] {processor.py:179} INFO - Processing /home/airflow/.local/lib/python3.8/site-packages/airflow/example_dags/example_trigger_target_dag.py took 0.134 seconds
