[2023-11-23T02:25:16.743+0000] {processor.py:157} INFO - Started process (PID=71) to work on /home/airflow/.local/lib/python3.8/site-packages/airflow/example_dags/tutorial_dag.py
[2023-11-23T02:25:16.751+0000] {processor.py:829} INFO - Processing file /home/airflow/.local/lib/python3.8/site-packages/airflow/example_dags/tutorial_dag.py for tasks to queue
[2023-11-23T02:25:16.763+0000] {logging_mixin.py:154} INFO - [2023-11-23T02:25:16.763+0000] {dagbag.py:536} INFO - Filling up the DagBag from /home/airflow/.local/lib/python3.8/site-packages/airflow/example_dags/tutorial_dag.py
[2023-11-23T02:25:16.836+0000] {processor.py:839} INFO - DAG(s) dict_keys(['tutorial_dag']) retrieved from /home/airflow/.local/lib/python3.8/site-packages/airflow/example_dags/tutorial_dag.py
[2023-11-23T02:25:17.329+0000] {logging_mixin.py:154} INFO - [2023-11-23T02:25:17.328+0000] {manager.py:499} INFO - Created Permission View: %s
[2023-11-23T02:25:17.383+0000] {logging_mixin.py:154} INFO - [2023-11-23T02:25:17.382+0000] {manager.py:499} INFO - Created Permission View: %s
[2023-11-23T02:25:17.432+0000] {logging_mixin.py:154} INFO - [2023-11-23T02:25:17.432+0000] {manager.py:499} INFO - Created Permission View: %s
[2023-11-23T02:25:17.434+0000] {logging_mixin.py:154} INFO - [2023-11-23T02:25:17.434+0000] {dag.py:2941} INFO - Sync 1 DAGs
[2023-11-23T02:25:17.479+0000] {logging_mixin.py:154} INFO - [2023-11-23T02:25:17.479+0000] {dag.py:2963} INFO - Creating ORM DAG for tutorial_dag
[2023-11-23T02:25:17.481+0000] {logging_mixin.py:154} INFO - [2023-11-23T02:25:17.481+0000] {dag.py:3722} INFO - Setting next_dagrun for tutorial_dag to None, run_after=None
[2023-11-23T02:25:17.535+0000] {processor.py:179} INFO - Processing /home/airflow/.local/lib/python3.8/site-packages/airflow/example_dags/tutorial_dag.py took 0.806 seconds
[2023-11-23T02:25:52.376+0000] {processor.py:157} INFO - Started process (PID=126) to work on /home/airflow/.local/lib/python3.8/site-packages/airflow/example_dags/tutorial_dag.py
[2023-11-23T02:25:52.378+0000] {processor.py:829} INFO - Processing file /home/airflow/.local/lib/python3.8/site-packages/airflow/example_dags/tutorial_dag.py for tasks to queue
[2023-11-23T02:25:52.384+0000] {logging_mixin.py:154} INFO - [2023-11-23T02:25:52.383+0000] {dagbag.py:536} INFO - Filling up the DagBag from /home/airflow/.local/lib/python3.8/site-packages/airflow/example_dags/tutorial_dag.py
[2023-11-23T02:25:52.402+0000] {processor.py:839} INFO - DAG(s) dict_keys(['tutorial_dag']) retrieved from /home/airflow/.local/lib/python3.8/site-packages/airflow/example_dags/tutorial_dag.py
[2023-11-23T02:25:52.460+0000] {logging_mixin.py:154} INFO - [2023-11-23T02:25:52.460+0000] {dag.py:2941} INFO - Sync 1 DAGs
[2023-11-23T02:25:52.503+0000] {logging_mixin.py:154} INFO - [2023-11-23T02:25:52.502+0000] {dag.py:3722} INFO - Setting next_dagrun for tutorial_dag to None, run_after=None
[2023-11-23T02:25:52.576+0000] {processor.py:179} INFO - Processing /home/airflow/.local/lib/python3.8/site-packages/airflow/example_dags/tutorial_dag.py took 0.212 seconds
[2023-11-23T02:26:23.670+0000] {processor.py:157} INFO - Started process (PID=180) to work on /home/airflow/.local/lib/python3.8/site-packages/airflow/example_dags/tutorial_dag.py
[2023-11-23T02:26:23.672+0000] {processor.py:829} INFO - Processing file /home/airflow/.local/lib/python3.8/site-packages/airflow/example_dags/tutorial_dag.py for tasks to queue
[2023-11-23T02:26:23.675+0000] {logging_mixin.py:154} INFO - [2023-11-23T02:26:23.675+0000] {dagbag.py:536} INFO - Filling up the DagBag from /home/airflow/.local/lib/python3.8/site-packages/airflow/example_dags/tutorial_dag.py
[2023-11-23T02:26:23.687+0000] {processor.py:839} INFO - DAG(s) dict_keys(['tutorial_dag']) retrieved from /home/airflow/.local/lib/python3.8/site-packages/airflow/example_dags/tutorial_dag.py
[2023-11-23T02:26:23.739+0000] {logging_mixin.py:154} INFO - [2023-11-23T02:26:23.738+0000] {dag.py:2941} INFO - Sync 1 DAGs
[2023-11-23T02:26:23.829+0000] {logging_mixin.py:154} INFO - [2023-11-23T02:26:23.829+0000] {dag.py:3722} INFO - Setting next_dagrun for tutorial_dag to None, run_after=None
[2023-11-23T02:26:23.883+0000] {processor.py:179} INFO - Processing /home/airflow/.local/lib/python3.8/site-packages/airflow/example_dags/tutorial_dag.py took 0.221 seconds
[2023-11-23T02:26:53.958+0000] {processor.py:157} INFO - Started process (PID=234) to work on /home/airflow/.local/lib/python3.8/site-packages/airflow/example_dags/tutorial_dag.py
[2023-11-23T02:26:53.959+0000] {processor.py:829} INFO - Processing file /home/airflow/.local/lib/python3.8/site-packages/airflow/example_dags/tutorial_dag.py for tasks to queue
[2023-11-23T02:26:53.963+0000] {logging_mixin.py:154} INFO - [2023-11-23T02:26:53.962+0000] {dagbag.py:536} INFO - Filling up the DagBag from /home/airflow/.local/lib/python3.8/site-packages/airflow/example_dags/tutorial_dag.py
[2023-11-23T02:26:53.976+0000] {processor.py:839} INFO - DAG(s) dict_keys(['tutorial_dag']) retrieved from /home/airflow/.local/lib/python3.8/site-packages/airflow/example_dags/tutorial_dag.py
[2023-11-23T02:26:54.022+0000] {logging_mixin.py:154} INFO - [2023-11-23T02:26:54.022+0000] {dag.py:2941} INFO - Sync 1 DAGs
[2023-11-23T02:26:54.042+0000] {logging_mixin.py:154} INFO - [2023-11-23T02:26:54.042+0000] {dag.py:3722} INFO - Setting next_dagrun for tutorial_dag to None, run_after=None
[2023-11-23T02:26:54.161+0000] {processor.py:179} INFO - Processing /home/airflow/.local/lib/python3.8/site-packages/airflow/example_dags/tutorial_dag.py took 0.212 seconds
[2023-11-23T02:27:26.393+0000] {processor.py:157} INFO - Started process (PID=288) to work on /home/airflow/.local/lib/python3.8/site-packages/airflow/example_dags/tutorial_dag.py
[2023-11-23T02:27:26.396+0000] {processor.py:829} INFO - Processing file /home/airflow/.local/lib/python3.8/site-packages/airflow/example_dags/tutorial_dag.py for tasks to queue
[2023-11-23T02:27:26.445+0000] {logging_mixin.py:154} INFO - [2023-11-23T02:27:26.444+0000] {dagbag.py:536} INFO - Filling up the DagBag from /home/airflow/.local/lib/python3.8/site-packages/airflow/example_dags/tutorial_dag.py
[2023-11-23T02:27:26.654+0000] {processor.py:839} INFO - DAG(s) dict_keys(['tutorial_dag']) retrieved from /home/airflow/.local/lib/python3.8/site-packages/airflow/example_dags/tutorial_dag.py
[2023-11-23T02:27:26.962+0000] {logging_mixin.py:154} INFO - [2023-11-23T02:27:26.960+0000] {dag.py:2941} INFO - Sync 1 DAGs
[2023-11-23T02:27:27.268+0000] {logging_mixin.py:154} INFO - [2023-11-23T02:27:27.268+0000] {dag.py:3722} INFO - Setting next_dagrun for tutorial_dag to None, run_after=None
[2023-11-23T02:27:27.496+0000] {processor.py:179} INFO - Processing /home/airflow/.local/lib/python3.8/site-packages/airflow/example_dags/tutorial_dag.py took 1.421 seconds
[2023-11-23T02:27:58.380+0000] {processor.py:157} INFO - Started process (PID=341) to work on /home/airflow/.local/lib/python3.8/site-packages/airflow/example_dags/tutorial_dag.py
[2023-11-23T02:27:58.387+0000] {processor.py:829} INFO - Processing file /home/airflow/.local/lib/python3.8/site-packages/airflow/example_dags/tutorial_dag.py for tasks to queue
[2023-11-23T02:27:58.392+0000] {logging_mixin.py:154} INFO - [2023-11-23T02:27:58.391+0000] {dagbag.py:536} INFO - Filling up the DagBag from /home/airflow/.local/lib/python3.8/site-packages/airflow/example_dags/tutorial_dag.py
[2023-11-23T02:27:58.403+0000] {processor.py:839} INFO - DAG(s) dict_keys(['tutorial_dag']) retrieved from /home/airflow/.local/lib/python3.8/site-packages/airflow/example_dags/tutorial_dag.py
[2023-11-23T02:27:58.453+0000] {logging_mixin.py:154} INFO - [2023-11-23T02:27:58.453+0000] {dag.py:2941} INFO - Sync 1 DAGs
[2023-11-23T02:27:58.481+0000] {logging_mixin.py:154} INFO - [2023-11-23T02:27:58.481+0000] {dag.py:3722} INFO - Setting next_dagrun for tutorial_dag to None, run_after=None
[2023-11-23T02:27:58.516+0000] {processor.py:179} INFO - Processing /home/airflow/.local/lib/python3.8/site-packages/airflow/example_dags/tutorial_dag.py took 0.152 seconds
[2023-11-23T02:28:28.650+0000] {processor.py:157} INFO - Started process (PID=394) to work on /home/airflow/.local/lib/python3.8/site-packages/airflow/example_dags/tutorial_dag.py
[2023-11-23T02:28:28.651+0000] {processor.py:829} INFO - Processing file /home/airflow/.local/lib/python3.8/site-packages/airflow/example_dags/tutorial_dag.py for tasks to queue
[2023-11-23T02:28:28.654+0000] {logging_mixin.py:154} INFO - [2023-11-23T02:28:28.654+0000] {dagbag.py:536} INFO - Filling up the DagBag from /home/airflow/.local/lib/python3.8/site-packages/airflow/example_dags/tutorial_dag.py
[2023-11-23T02:28:28.661+0000] {processor.py:839} INFO - DAG(s) dict_keys(['tutorial_dag']) retrieved from /home/airflow/.local/lib/python3.8/site-packages/airflow/example_dags/tutorial_dag.py
[2023-11-23T02:28:28.686+0000] {logging_mixin.py:154} INFO - [2023-11-23T02:28:28.685+0000] {dag.py:2941} INFO - Sync 1 DAGs
[2023-11-23T02:28:28.701+0000] {logging_mixin.py:154} INFO - [2023-11-23T02:28:28.701+0000] {dag.py:3722} INFO - Setting next_dagrun for tutorial_dag to None, run_after=None
[2023-11-23T02:28:28.724+0000] {processor.py:179} INFO - Processing /home/airflow/.local/lib/python3.8/site-packages/airflow/example_dags/tutorial_dag.py took 0.079 seconds
[2023-11-23T02:28:58.803+0000] {processor.py:157} INFO - Started process (PID=448) to work on /home/airflow/.local/lib/python3.8/site-packages/airflow/example_dags/tutorial_dag.py
[2023-11-23T02:28:58.804+0000] {processor.py:829} INFO - Processing file /home/airflow/.local/lib/python3.8/site-packages/airflow/example_dags/tutorial_dag.py for tasks to queue
[2023-11-23T02:28:58.807+0000] {logging_mixin.py:154} INFO - [2023-11-23T02:28:58.807+0000] {dagbag.py:536} INFO - Filling up the DagBag from /home/airflow/.local/lib/python3.8/site-packages/airflow/example_dags/tutorial_dag.py
[2023-11-23T02:28:58.813+0000] {processor.py:839} INFO - DAG(s) dict_keys(['tutorial_dag']) retrieved from /home/airflow/.local/lib/python3.8/site-packages/airflow/example_dags/tutorial_dag.py
[2023-11-23T02:28:58.838+0000] {logging_mixin.py:154} INFO - [2023-11-23T02:28:58.838+0000] {dag.py:2941} INFO - Sync 1 DAGs
[2023-11-23T02:28:58.855+0000] {logging_mixin.py:154} INFO - [2023-11-23T02:28:58.855+0000] {dag.py:3722} INFO - Setting next_dagrun for tutorial_dag to None, run_after=None
[2023-11-23T02:28:58.879+0000] {processor.py:179} INFO - Processing /home/airflow/.local/lib/python3.8/site-packages/airflow/example_dags/tutorial_dag.py took 0.080 seconds
[2023-11-23T02:29:28.992+0000] {processor.py:157} INFO - Started process (PID=502) to work on /home/airflow/.local/lib/python3.8/site-packages/airflow/example_dags/tutorial_dag.py
[2023-11-23T02:29:28.993+0000] {processor.py:829} INFO - Processing file /home/airflow/.local/lib/python3.8/site-packages/airflow/example_dags/tutorial_dag.py for tasks to queue
[2023-11-23T02:29:28.996+0000] {logging_mixin.py:154} INFO - [2023-11-23T02:29:28.995+0000] {dagbag.py:536} INFO - Filling up the DagBag from /home/airflow/.local/lib/python3.8/site-packages/airflow/example_dags/tutorial_dag.py
[2023-11-23T02:29:29.002+0000] {processor.py:839} INFO - DAG(s) dict_keys(['tutorial_dag']) retrieved from /home/airflow/.local/lib/python3.8/site-packages/airflow/example_dags/tutorial_dag.py
[2023-11-23T02:29:29.027+0000] {logging_mixin.py:154} INFO - [2023-11-23T02:29:29.027+0000] {dag.py:2941} INFO - Sync 1 DAGs
[2023-11-23T02:29:29.042+0000] {logging_mixin.py:154} INFO - [2023-11-23T02:29:29.042+0000] {dag.py:3722} INFO - Setting next_dagrun for tutorial_dag to None, run_after=None
[2023-11-23T02:29:29.068+0000] {processor.py:179} INFO - Processing /home/airflow/.local/lib/python3.8/site-packages/airflow/example_dags/tutorial_dag.py took 0.081 seconds
[2023-11-23T02:29:59.225+0000] {processor.py:157} INFO - Started process (PID=556) to work on /home/airflow/.local/lib/python3.8/site-packages/airflow/example_dags/tutorial_dag.py
[2023-11-23T02:29:59.227+0000] {processor.py:829} INFO - Processing file /home/airflow/.local/lib/python3.8/site-packages/airflow/example_dags/tutorial_dag.py for tasks to queue
[2023-11-23T02:29:59.234+0000] {logging_mixin.py:154} INFO - [2023-11-23T02:29:59.233+0000] {dagbag.py:536} INFO - Filling up the DagBag from /home/airflow/.local/lib/python3.8/site-packages/airflow/example_dags/tutorial_dag.py
[2023-11-23T02:29:59.245+0000] {processor.py:839} INFO - DAG(s) dict_keys(['tutorial_dag']) retrieved from /home/airflow/.local/lib/python3.8/site-packages/airflow/example_dags/tutorial_dag.py
[2023-11-23T02:29:59.285+0000] {logging_mixin.py:154} INFO - [2023-11-23T02:29:59.285+0000] {dag.py:2941} INFO - Sync 1 DAGs
[2023-11-23T02:29:59.317+0000] {logging_mixin.py:154} INFO - [2023-11-23T02:29:59.314+0000] {dag.py:3722} INFO - Setting next_dagrun for tutorial_dag to None, run_after=None
[2023-11-23T02:29:59.349+0000] {processor.py:179} INFO - Processing /home/airflow/.local/lib/python3.8/site-packages/airflow/example_dags/tutorial_dag.py took 0.133 seconds
[2023-11-23T02:30:29.801+0000] {processor.py:157} INFO - Started process (PID=609) to work on /home/airflow/.local/lib/python3.8/site-packages/airflow/example_dags/tutorial_dag.py
[2023-11-23T02:30:29.804+0000] {processor.py:829} INFO - Processing file /home/airflow/.local/lib/python3.8/site-packages/airflow/example_dags/tutorial_dag.py for tasks to queue
[2023-11-23T02:30:29.811+0000] {logging_mixin.py:154} INFO - [2023-11-23T02:30:29.810+0000] {dagbag.py:536} INFO - Filling up the DagBag from /home/airflow/.local/lib/python3.8/site-packages/airflow/example_dags/tutorial_dag.py
[2023-11-23T02:30:29.823+0000] {processor.py:839} INFO - DAG(s) dict_keys(['tutorial_dag']) retrieved from /home/airflow/.local/lib/python3.8/site-packages/airflow/example_dags/tutorial_dag.py
[2023-11-23T02:30:29.877+0000] {logging_mixin.py:154} INFO - [2023-11-23T02:30:29.876+0000] {dag.py:2941} INFO - Sync 1 DAGs
[2023-11-23T02:30:29.938+0000] {logging_mixin.py:154} INFO - [2023-11-23T02:30:29.938+0000] {dag.py:3722} INFO - Setting next_dagrun for tutorial_dag to None, run_after=None
[2023-11-23T02:30:29.988+0000] {processor.py:179} INFO - Processing /home/airflow/.local/lib/python3.8/site-packages/airflow/example_dags/tutorial_dag.py took 0.198 seconds
[2023-11-23T02:31:00.673+0000] {processor.py:157} INFO - Started process (PID=663) to work on /home/airflow/.local/lib/python3.8/site-packages/airflow/example_dags/tutorial_dag.py
[2023-11-23T02:31:00.677+0000] {processor.py:829} INFO - Processing file /home/airflow/.local/lib/python3.8/site-packages/airflow/example_dags/tutorial_dag.py for tasks to queue
[2023-11-23T02:31:00.682+0000] {logging_mixin.py:154} INFO - [2023-11-23T02:31:00.682+0000] {dagbag.py:536} INFO - Filling up the DagBag from /home/airflow/.local/lib/python3.8/site-packages/airflow/example_dags/tutorial_dag.py
[2023-11-23T02:31:00.696+0000] {processor.py:839} INFO - DAG(s) dict_keys(['tutorial_dag']) retrieved from /home/airflow/.local/lib/python3.8/site-packages/airflow/example_dags/tutorial_dag.py
[2023-11-23T02:31:00.738+0000] {logging_mixin.py:154} INFO - [2023-11-23T02:31:00.738+0000] {dag.py:2941} INFO - Sync 1 DAGs
[2023-11-23T02:31:00.768+0000] {logging_mixin.py:154} INFO - [2023-11-23T02:31:00.768+0000] {dag.py:3722} INFO - Setting next_dagrun for tutorial_dag to None, run_after=None
[2023-11-23T02:31:00.814+0000] {processor.py:179} INFO - Processing /home/airflow/.local/lib/python3.8/site-packages/airflow/example_dags/tutorial_dag.py took 0.157 seconds
[2023-11-23T02:31:32.142+0000] {processor.py:157} INFO - Started process (PID=717) to work on /home/airflow/.local/lib/python3.8/site-packages/airflow/example_dags/tutorial_dag.py
[2023-11-23T02:31:32.214+0000] {processor.py:829} INFO - Processing file /home/airflow/.local/lib/python3.8/site-packages/airflow/example_dags/tutorial_dag.py for tasks to queue
[2023-11-23T02:31:32.234+0000] {logging_mixin.py:154} INFO - [2023-11-23T02:31:32.224+0000] {dagbag.py:536} INFO - Filling up the DagBag from /home/airflow/.local/lib/python3.8/site-packages/airflow/example_dags/tutorial_dag.py
[2023-11-23T02:31:32.268+0000] {processor.py:839} INFO - DAG(s) dict_keys(['tutorial_dag']) retrieved from /home/airflow/.local/lib/python3.8/site-packages/airflow/example_dags/tutorial_dag.py
[2023-11-23T02:31:32.490+0000] {logging_mixin.py:154} INFO - [2023-11-23T02:31:32.487+0000] {dag.py:2941} INFO - Sync 1 DAGs
[2023-11-23T02:31:32.636+0000] {logging_mixin.py:154} INFO - [2023-11-23T02:31:32.636+0000] {dag.py:3722} INFO - Setting next_dagrun for tutorial_dag to None, run_after=None
[2023-11-23T02:31:32.907+0000] {processor.py:179} INFO - Processing /home/airflow/.local/lib/python3.8/site-packages/airflow/example_dags/tutorial_dag.py took 0.864 seconds
[2023-11-23T03:44:16.487+0000] {processor.py:157} INFO - Started process (PID=77) to work on /home/airflow/.local/lib/python3.8/site-packages/airflow/example_dags/tutorial_dag.py
[2023-11-23T03:44:16.537+0000] {processor.py:829} INFO - Processing file /home/airflow/.local/lib/python3.8/site-packages/airflow/example_dags/tutorial_dag.py for tasks to queue
[2023-11-23T03:44:16.633+0000] {logging_mixin.py:154} INFO - [2023-11-23T03:44:16.630+0000] {dagbag.py:536} INFO - Filling up the DagBag from /home/airflow/.local/lib/python3.8/site-packages/airflow/example_dags/tutorial_dag.py
[2023-11-23T03:44:16.940+0000] {processor.py:839} INFO - DAG(s) dict_keys(['tutorial_dag']) retrieved from /home/airflow/.local/lib/python3.8/site-packages/airflow/example_dags/tutorial_dag.py
[2023-11-23T03:44:17.072+0000] {logging_mixin.py:154} INFO - [2023-11-23T03:44:17.072+0000] {dag.py:2941} INFO - Sync 1 DAGs
[2023-11-23T03:44:17.121+0000] {logging_mixin.py:154} INFO - [2023-11-23T03:44:17.121+0000] {dag.py:3722} INFO - Setting next_dagrun for tutorial_dag to None, run_after=None
[2023-11-23T03:44:17.210+0000] {processor.py:179} INFO - Processing /home/airflow/.local/lib/python3.8/site-packages/airflow/example_dags/tutorial_dag.py took 1.204 seconds
[2023-11-23T03:44:53.193+0000] {processor.py:157} INFO - Started process (PID=131) to work on /home/airflow/.local/lib/python3.8/site-packages/airflow/example_dags/tutorial_dag.py
[2023-11-23T03:44:53.196+0000] {processor.py:829} INFO - Processing file /home/airflow/.local/lib/python3.8/site-packages/airflow/example_dags/tutorial_dag.py for tasks to queue
[2023-11-23T03:44:53.200+0000] {logging_mixin.py:154} INFO - [2023-11-23T03:44:53.199+0000] {dagbag.py:536} INFO - Filling up the DagBag from /home/airflow/.local/lib/python3.8/site-packages/airflow/example_dags/tutorial_dag.py
[2023-11-23T03:44:53.221+0000] {processor.py:839} INFO - DAG(s) dict_keys(['tutorial_dag']) retrieved from /home/airflow/.local/lib/python3.8/site-packages/airflow/example_dags/tutorial_dag.py
[2023-11-23T03:44:53.280+0000] {logging_mixin.py:154} INFO - [2023-11-23T03:44:53.277+0000] {dag.py:2941} INFO - Sync 1 DAGs
[2023-11-23T03:44:53.335+0000] {logging_mixin.py:154} INFO - [2023-11-23T03:44:53.335+0000] {dag.py:3722} INFO - Setting next_dagrun for tutorial_dag to None, run_after=None
[2023-11-23T03:44:53.401+0000] {processor.py:179} INFO - Processing /home/airflow/.local/lib/python3.8/site-packages/airflow/example_dags/tutorial_dag.py took 0.214 seconds
[2023-11-23T04:15:42.721+0000] {processor.py:157} INFO - Started process (PID=196) to work on /home/airflow/.local/lib/python3.8/site-packages/airflow/example_dags/tutorial_dag.py
[2023-11-23T04:15:42.723+0000] {processor.py:829} INFO - Processing file /home/airflow/.local/lib/python3.8/site-packages/airflow/example_dags/tutorial_dag.py for tasks to queue
[2023-11-23T04:15:42.729+0000] {logging_mixin.py:154} INFO - [2023-11-23T04:15:42.728+0000] {dagbag.py:536} INFO - Filling up the DagBag from /home/airflow/.local/lib/python3.8/site-packages/airflow/example_dags/tutorial_dag.py
[2023-11-23T04:15:42.741+0000] {processor.py:839} INFO - DAG(s) dict_keys(['tutorial_dag']) retrieved from /home/airflow/.local/lib/python3.8/site-packages/airflow/example_dags/tutorial_dag.py
[2023-11-23T04:15:42.778+0000] {logging_mixin.py:154} INFO - [2023-11-23T04:15:42.778+0000] {dag.py:2941} INFO - Sync 1 DAGs
[2023-11-23T04:15:42.809+0000] {logging_mixin.py:154} INFO - [2023-11-23T04:15:42.809+0000] {dag.py:3722} INFO - Setting next_dagrun for tutorial_dag to None, run_after=None
[2023-11-23T04:15:42.846+0000] {processor.py:179} INFO - Processing /home/airflow/.local/lib/python3.8/site-packages/airflow/example_dags/tutorial_dag.py took 0.132 seconds
[2023-11-23T04:16:12.977+0000] {processor.py:157} INFO - Started process (PID=249) to work on /home/airflow/.local/lib/python3.8/site-packages/airflow/example_dags/tutorial_dag.py
[2023-11-23T04:16:12.979+0000] {processor.py:829} INFO - Processing file /home/airflow/.local/lib/python3.8/site-packages/airflow/example_dags/tutorial_dag.py for tasks to queue
[2023-11-23T04:16:12.984+0000] {logging_mixin.py:154} INFO - [2023-11-23T04:16:12.983+0000] {dagbag.py:536} INFO - Filling up the DagBag from /home/airflow/.local/lib/python3.8/site-packages/airflow/example_dags/tutorial_dag.py
[2023-11-23T04:16:12.995+0000] {processor.py:839} INFO - DAG(s) dict_keys(['tutorial_dag']) retrieved from /home/airflow/.local/lib/python3.8/site-packages/airflow/example_dags/tutorial_dag.py
[2023-11-23T04:16:13.056+0000] {logging_mixin.py:154} INFO - [2023-11-23T04:16:13.055+0000] {dag.py:2941} INFO - Sync 1 DAGs
[2023-11-23T04:16:13.080+0000] {logging_mixin.py:154} INFO - [2023-11-23T04:16:13.079+0000] {dag.py:3722} INFO - Setting next_dagrun for tutorial_dag to None, run_after=None
[2023-11-23T04:16:13.120+0000] {processor.py:179} INFO - Processing /home/airflow/.local/lib/python3.8/site-packages/airflow/example_dags/tutorial_dag.py took 0.148 seconds
[2023-11-23T04:16:44.209+0000] {processor.py:157} INFO - Started process (PID=303) to work on /home/airflow/.local/lib/python3.8/site-packages/airflow/example_dags/tutorial_dag.py
[2023-11-23T04:16:44.214+0000] {processor.py:829} INFO - Processing file /home/airflow/.local/lib/python3.8/site-packages/airflow/example_dags/tutorial_dag.py for tasks to queue
[2023-11-23T04:16:44.217+0000] {logging_mixin.py:154} INFO - [2023-11-23T04:16:44.217+0000] {dagbag.py:536} INFO - Filling up the DagBag from /home/airflow/.local/lib/python3.8/site-packages/airflow/example_dags/tutorial_dag.py
[2023-11-23T04:16:44.225+0000] {processor.py:839} INFO - DAG(s) dict_keys(['tutorial_dag']) retrieved from /home/airflow/.local/lib/python3.8/site-packages/airflow/example_dags/tutorial_dag.py
[2023-11-23T04:16:44.258+0000] {logging_mixin.py:154} INFO - [2023-11-23T04:16:44.257+0000] {dag.py:2941} INFO - Sync 1 DAGs
[2023-11-23T04:16:44.280+0000] {logging_mixin.py:154} INFO - [2023-11-23T04:16:44.280+0000] {dag.py:3722} INFO - Setting next_dagrun for tutorial_dag to None, run_after=None
[2023-11-23T04:16:44.306+0000] {processor.py:179} INFO - Processing /home/airflow/.local/lib/python3.8/site-packages/airflow/example_dags/tutorial_dag.py took 0.104 seconds
[2023-11-23T04:17:15.006+0000] {processor.py:157} INFO - Started process (PID=357) to work on /home/airflow/.local/lib/python3.8/site-packages/airflow/example_dags/tutorial_dag.py
[2023-11-23T04:17:15.008+0000] {processor.py:829} INFO - Processing file /home/airflow/.local/lib/python3.8/site-packages/airflow/example_dags/tutorial_dag.py for tasks to queue
[2023-11-23T04:17:15.012+0000] {logging_mixin.py:154} INFO - [2023-11-23T04:17:15.012+0000] {dagbag.py:536} INFO - Filling up the DagBag from /home/airflow/.local/lib/python3.8/site-packages/airflow/example_dags/tutorial_dag.py
[2023-11-23T04:17:15.025+0000] {processor.py:839} INFO - DAG(s) dict_keys(['tutorial_dag']) retrieved from /home/airflow/.local/lib/python3.8/site-packages/airflow/example_dags/tutorial_dag.py
[2023-11-23T04:17:15.073+0000] {logging_mixin.py:154} INFO - [2023-11-23T04:17:15.073+0000] {dag.py:2941} INFO - Sync 1 DAGs
[2023-11-23T04:17:15.098+0000] {logging_mixin.py:154} INFO - [2023-11-23T04:17:15.098+0000] {dag.py:3722} INFO - Setting next_dagrun for tutorial_dag to None, run_after=None
[2023-11-23T04:17:15.136+0000] {processor.py:179} INFO - Processing /home/airflow/.local/lib/python3.8/site-packages/airflow/example_dags/tutorial_dag.py took 0.136 seconds
[2023-11-23T04:17:45.489+0000] {processor.py:157} INFO - Started process (PID=411) to work on /home/airflow/.local/lib/python3.8/site-packages/airflow/example_dags/tutorial_dag.py
[2023-11-23T04:17:45.492+0000] {processor.py:829} INFO - Processing file /home/airflow/.local/lib/python3.8/site-packages/airflow/example_dags/tutorial_dag.py for tasks to queue
[2023-11-23T04:17:45.496+0000] {logging_mixin.py:154} INFO - [2023-11-23T04:17:45.495+0000] {dagbag.py:536} INFO - Filling up the DagBag from /home/airflow/.local/lib/python3.8/site-packages/airflow/example_dags/tutorial_dag.py
[2023-11-23T04:17:45.506+0000] {processor.py:839} INFO - DAG(s) dict_keys(['tutorial_dag']) retrieved from /home/airflow/.local/lib/python3.8/site-packages/airflow/example_dags/tutorial_dag.py
[2023-11-23T04:17:45.538+0000] {logging_mixin.py:154} INFO - [2023-11-23T04:17:45.538+0000] {dag.py:2941} INFO - Sync 1 DAGs
[2023-11-23T04:17:45.558+0000] {logging_mixin.py:154} INFO - [2023-11-23T04:17:45.557+0000] {dag.py:3722} INFO - Setting next_dagrun for tutorial_dag to None, run_after=None
[2023-11-23T04:17:45.590+0000] {processor.py:179} INFO - Processing /home/airflow/.local/lib/python3.8/site-packages/airflow/example_dags/tutorial_dag.py took 0.105 seconds
[2023-11-23T04:18:17.004+0000] {processor.py:157} INFO - Started process (PID=464) to work on /home/airflow/.local/lib/python3.8/site-packages/airflow/example_dags/tutorial_dag.py
[2023-11-23T04:18:17.007+0000] {processor.py:829} INFO - Processing file /home/airflow/.local/lib/python3.8/site-packages/airflow/example_dags/tutorial_dag.py for tasks to queue
[2023-11-23T04:18:17.013+0000] {logging_mixin.py:154} INFO - [2023-11-23T04:18:17.012+0000] {dagbag.py:536} INFO - Filling up the DagBag from /home/airflow/.local/lib/python3.8/site-packages/airflow/example_dags/tutorial_dag.py
[2023-11-23T04:18:17.038+0000] {processor.py:839} INFO - DAG(s) dict_keys(['tutorial_dag']) retrieved from /home/airflow/.local/lib/python3.8/site-packages/airflow/example_dags/tutorial_dag.py
[2023-11-23T04:18:17.146+0000] {logging_mixin.py:154} INFO - [2023-11-23T04:18:17.144+0000] {dag.py:2941} INFO - Sync 1 DAGs
[2023-11-23T04:18:17.191+0000] {logging_mixin.py:154} INFO - [2023-11-23T04:18:17.191+0000] {dag.py:3722} INFO - Setting next_dagrun for tutorial_dag to None, run_after=None
[2023-11-23T04:18:17.432+0000] {processor.py:179} INFO - Processing /home/airflow/.local/lib/python3.8/site-packages/airflow/example_dags/tutorial_dag.py took 0.436 seconds
[2023-11-23T04:18:49.284+0000] {processor.py:157} INFO - Started process (PID=525) to work on /home/airflow/.local/lib/python3.8/site-packages/airflow/example_dags/tutorial_dag.py
[2023-11-23T04:18:49.292+0000] {processor.py:829} INFO - Processing file /home/airflow/.local/lib/python3.8/site-packages/airflow/example_dags/tutorial_dag.py for tasks to queue
[2023-11-23T04:18:49.296+0000] {logging_mixin.py:154} INFO - [2023-11-23T04:18:49.296+0000] {dagbag.py:536} INFO - Filling up the DagBag from /home/airflow/.local/lib/python3.8/site-packages/airflow/example_dags/tutorial_dag.py
[2023-11-23T04:18:49.311+0000] {processor.py:839} INFO - DAG(s) dict_keys(['tutorial_dag']) retrieved from /home/airflow/.local/lib/python3.8/site-packages/airflow/example_dags/tutorial_dag.py
[2023-11-23T04:18:49.350+0000] {logging_mixin.py:154} INFO - [2023-11-23T04:18:49.350+0000] {dag.py:2941} INFO - Sync 1 DAGs
[2023-11-23T04:18:49.383+0000] {logging_mixin.py:154} INFO - [2023-11-23T04:18:49.383+0000] {dag.py:3722} INFO - Setting next_dagrun for tutorial_dag to None, run_after=None
[2023-11-23T04:18:49.418+0000] {processor.py:179} INFO - Processing /home/airflow/.local/lib/python3.8/site-packages/airflow/example_dags/tutorial_dag.py took 0.145 seconds
[2023-11-23T04:19:21.175+0000] {processor.py:157} INFO - Started process (PID=579) to work on /home/airflow/.local/lib/python3.8/site-packages/airflow/example_dags/tutorial_dag.py
[2023-11-23T04:19:21.180+0000] {processor.py:829} INFO - Processing file /home/airflow/.local/lib/python3.8/site-packages/airflow/example_dags/tutorial_dag.py for tasks to queue
[2023-11-23T04:19:21.191+0000] {logging_mixin.py:154} INFO - [2023-11-23T04:19:21.190+0000] {dagbag.py:536} INFO - Filling up the DagBag from /home/airflow/.local/lib/python3.8/site-packages/airflow/example_dags/tutorial_dag.py
[2023-11-23T04:19:21.241+0000] {processor.py:839} INFO - DAG(s) dict_keys(['tutorial_dag']) retrieved from /home/airflow/.local/lib/python3.8/site-packages/airflow/example_dags/tutorial_dag.py
[2023-11-23T04:19:21.326+0000] {logging_mixin.py:154} INFO - [2023-11-23T04:19:21.326+0000] {dag.py:2941} INFO - Sync 1 DAGs
[2023-11-23T04:19:21.387+0000] {logging_mixin.py:154} INFO - [2023-11-23T04:19:21.387+0000] {dag.py:3722} INFO - Setting next_dagrun for tutorial_dag to None, run_after=None
[2023-11-23T04:19:21.476+0000] {processor.py:179} INFO - Processing /home/airflow/.local/lib/python3.8/site-packages/airflow/example_dags/tutorial_dag.py took 0.320 seconds
[2023-11-23T04:19:51.770+0000] {processor.py:157} INFO - Started process (PID=633) to work on /home/airflow/.local/lib/python3.8/site-packages/airflow/example_dags/tutorial_dag.py
[2023-11-23T04:19:51.771+0000] {processor.py:829} INFO - Processing file /home/airflow/.local/lib/python3.8/site-packages/airflow/example_dags/tutorial_dag.py for tasks to queue
[2023-11-23T04:19:51.775+0000] {logging_mixin.py:154} INFO - [2023-11-23T04:19:51.774+0000] {dagbag.py:536} INFO - Filling up the DagBag from /home/airflow/.local/lib/python3.8/site-packages/airflow/example_dags/tutorial_dag.py
[2023-11-23T04:19:51.783+0000] {processor.py:839} INFO - DAG(s) dict_keys(['tutorial_dag']) retrieved from /home/airflow/.local/lib/python3.8/site-packages/airflow/example_dags/tutorial_dag.py
[2023-11-23T04:19:51.824+0000] {logging_mixin.py:154} INFO - [2023-11-23T04:19:51.824+0000] {dag.py:2941} INFO - Sync 1 DAGs
[2023-11-23T04:19:51.843+0000] {logging_mixin.py:154} INFO - [2023-11-23T04:19:51.843+0000] {dag.py:3722} INFO - Setting next_dagrun for tutorial_dag to None, run_after=None
[2023-11-23T04:19:51.875+0000] {processor.py:179} INFO - Processing /home/airflow/.local/lib/python3.8/site-packages/airflow/example_dags/tutorial_dag.py took 0.113 seconds
[2023-11-23T04:20:22.943+0000] {processor.py:157} INFO - Started process (PID=686) to work on /home/airflow/.local/lib/python3.8/site-packages/airflow/example_dags/tutorial_dag.py
[2023-11-23T04:20:22.944+0000] {processor.py:829} INFO - Processing file /home/airflow/.local/lib/python3.8/site-packages/airflow/example_dags/tutorial_dag.py for tasks to queue
[2023-11-23T04:20:22.949+0000] {logging_mixin.py:154} INFO - [2023-11-23T04:20:22.948+0000] {dagbag.py:536} INFO - Filling up the DagBag from /home/airflow/.local/lib/python3.8/site-packages/airflow/example_dags/tutorial_dag.py
[2023-11-23T04:20:22.969+0000] {processor.py:839} INFO - DAG(s) dict_keys(['tutorial_dag']) retrieved from /home/airflow/.local/lib/python3.8/site-packages/airflow/example_dags/tutorial_dag.py
[2023-11-23T04:20:23.055+0000] {logging_mixin.py:154} INFO - [2023-11-23T04:20:23.029+0000] {dag.py:2941} INFO - Sync 1 DAGs
[2023-11-23T04:20:23.175+0000] {logging_mixin.py:154} INFO - [2023-11-23T04:20:23.174+0000] {dag.py:3722} INFO - Setting next_dagrun for tutorial_dag to None, run_after=None
[2023-11-23T04:20:23.293+0000] {processor.py:179} INFO - Processing /home/airflow/.local/lib/python3.8/site-packages/airflow/example_dags/tutorial_dag.py took 0.359 seconds
[2023-11-23T04:20:53.463+0000] {processor.py:157} INFO - Started process (PID=740) to work on /home/airflow/.local/lib/python3.8/site-packages/airflow/example_dags/tutorial_dag.py
[2023-11-23T04:20:53.468+0000] {processor.py:829} INFO - Processing file /home/airflow/.local/lib/python3.8/site-packages/airflow/example_dags/tutorial_dag.py for tasks to queue
[2023-11-23T04:20:53.485+0000] {logging_mixin.py:154} INFO - [2023-11-23T04:20:53.483+0000] {dagbag.py:536} INFO - Filling up the DagBag from /home/airflow/.local/lib/python3.8/site-packages/airflow/example_dags/tutorial_dag.py
[2023-11-23T04:20:53.515+0000] {processor.py:839} INFO - DAG(s) dict_keys(['tutorial_dag']) retrieved from /home/airflow/.local/lib/python3.8/site-packages/airflow/example_dags/tutorial_dag.py
[2023-11-23T04:20:53.570+0000] {logging_mixin.py:154} INFO - [2023-11-23T04:20:53.569+0000] {dag.py:2941} INFO - Sync 1 DAGs
[2023-11-23T04:20:53.591+0000] {logging_mixin.py:154} INFO - [2023-11-23T04:20:53.590+0000] {dag.py:3722} INFO - Setting next_dagrun for tutorial_dag to None, run_after=None
[2023-11-23T04:20:53.632+0000] {processor.py:179} INFO - Processing /home/airflow/.local/lib/python3.8/site-packages/airflow/example_dags/tutorial_dag.py took 0.194 seconds
[2023-11-23T04:21:30.200+0000] {processor.py:157} INFO - Started process (PID=794) to work on /home/airflow/.local/lib/python3.8/site-packages/airflow/example_dags/tutorial_dag.py
[2023-11-23T04:21:30.211+0000] {processor.py:829} INFO - Processing file /home/airflow/.local/lib/python3.8/site-packages/airflow/example_dags/tutorial_dag.py for tasks to queue
[2023-11-23T04:21:30.231+0000] {logging_mixin.py:154} INFO - [2023-11-23T04:21:30.231+0000] {dagbag.py:536} INFO - Filling up the DagBag from /home/airflow/.local/lib/python3.8/site-packages/airflow/example_dags/tutorial_dag.py
[2023-11-23T04:21:30.278+0000] {processor.py:839} INFO - DAG(s) dict_keys(['tutorial_dag']) retrieved from /home/airflow/.local/lib/python3.8/site-packages/airflow/example_dags/tutorial_dag.py
[2023-11-23T04:21:30.559+0000] {logging_mixin.py:154} INFO - [2023-11-23T04:21:30.557+0000] {dag.py:2941} INFO - Sync 1 DAGs
[2023-11-23T04:21:30.646+0000] {logging_mixin.py:154} INFO - [2023-11-23T04:21:30.646+0000] {dag.py:3722} INFO - Setting next_dagrun for tutorial_dag to None, run_after=None
[2023-11-23T04:21:30.704+0000] {processor.py:179} INFO - Processing /home/airflow/.local/lib/python3.8/site-packages/airflow/example_dags/tutorial_dag.py took 0.534 seconds
[2023-11-23T04:22:02.040+0000] {processor.py:157} INFO - Started process (PID=848) to work on /home/airflow/.local/lib/python3.8/site-packages/airflow/example_dags/tutorial_dag.py
[2023-11-23T04:22:02.043+0000] {processor.py:829} INFO - Processing file /home/airflow/.local/lib/python3.8/site-packages/airflow/example_dags/tutorial_dag.py for tasks to queue
[2023-11-23T04:22:02.078+0000] {logging_mixin.py:154} INFO - [2023-11-23T04:22:02.076+0000] {dagbag.py:536} INFO - Filling up the DagBag from /home/airflow/.local/lib/python3.8/site-packages/airflow/example_dags/tutorial_dag.py
[2023-11-23T04:22:02.112+0000] {processor.py:839} INFO - DAG(s) dict_keys(['tutorial_dag']) retrieved from /home/airflow/.local/lib/python3.8/site-packages/airflow/example_dags/tutorial_dag.py
[2023-11-23T04:22:02.198+0000] {logging_mixin.py:154} INFO - [2023-11-23T04:22:02.198+0000] {dag.py:2941} INFO - Sync 1 DAGs
[2023-11-23T04:22:02.229+0000] {logging_mixin.py:154} INFO - [2023-11-23T04:22:02.229+0000] {dag.py:3722} INFO - Setting next_dagrun for tutorial_dag to None, run_after=None
[2023-11-23T04:22:02.281+0000] {processor.py:179} INFO - Processing /home/airflow/.local/lib/python3.8/site-packages/airflow/example_dags/tutorial_dag.py took 0.274 seconds
