[2023-11-23T02:24:56.581+0000] {processor.py:157} INFO - Started process (PID=37) to work on /home/airflow/.local/lib/python3.8/site-packages/airflow/example_dags/tutorial.py
[2023-11-23T02:24:56.593+0000] {processor.py:829} INFO - Processing file /home/airflow/.local/lib/python3.8/site-packages/airflow/example_dags/tutorial.py for tasks to queue
[2023-11-23T02:24:56.608+0000] {logging_mixin.py:154} INFO - [2023-11-23T02:24:56.608+0000] {dagbag.py:536} INFO - Filling up the DagBag from /home/airflow/.local/lib/python3.8/site-packages/airflow/example_dags/tutorial.py
[2023-11-23T02:24:56.678+0000] {processor.py:839} INFO - DAG(s) dict_keys(['tutorial']) retrieved from /home/airflow/.local/lib/python3.8/site-packages/airflow/example_dags/tutorial.py
[2023-11-23T02:24:57.735+0000] {logging_mixin.py:154} INFO - [2023-11-23T02:24:57.734+0000] {manager.py:499} INFO - Created Permission View: %s
[2023-11-23T02:24:57.766+0000] {logging_mixin.py:154} INFO - [2023-11-23T02:24:57.765+0000] {manager.py:499} INFO - Created Permission View: %s
[2023-11-23T02:24:57.780+0000] {logging_mixin.py:154} INFO - [2023-11-23T02:24:57.780+0000] {manager.py:499} INFO - Created Permission View: %s
[2023-11-23T02:24:57.781+0000] {logging_mixin.py:154} INFO - [2023-11-23T02:24:57.781+0000] {dag.py:2941} INFO - Sync 1 DAGs
[2023-11-23T02:24:57.834+0000] {logging_mixin.py:154} INFO - [2023-11-23T02:24:57.829+0000] {dag.py:2963} INFO - Creating ORM DAG for tutorial
[2023-11-23T02:24:57.880+0000] {logging_mixin.py:154} INFO - [2023-11-23T02:24:57.879+0000] {dag.py:3722} INFO - Setting next_dagrun for tutorial to 2023-11-22T02:24:57.879322+00:00, run_after=2023-11-23T02:24:57.879322+00:00
[2023-11-23T02:24:57.987+0000] {processor.py:179} INFO - Processing /home/airflow/.local/lib/python3.8/site-packages/airflow/example_dags/tutorial.py took 1.418 seconds
[2023-11-23T02:25:29.040+0000] {processor.py:157} INFO - Started process (PID=92) to work on /home/airflow/.local/lib/python3.8/site-packages/airflow/example_dags/tutorial.py
[2023-11-23T02:25:29.145+0000] {processor.py:829} INFO - Processing file /home/airflow/.local/lib/python3.8/site-packages/airflow/example_dags/tutorial.py for tasks to queue
[2023-11-23T02:25:29.259+0000] {logging_mixin.py:154} INFO - [2023-11-23T02:25:29.255+0000] {dagbag.py:536} INFO - Filling up the DagBag from /home/airflow/.local/lib/python3.8/site-packages/airflow/example_dags/tutorial.py
[2023-11-23T02:25:29.377+0000] {processor.py:839} INFO - DAG(s) dict_keys(['tutorial']) retrieved from /home/airflow/.local/lib/python3.8/site-packages/airflow/example_dags/tutorial.py
[2023-11-23T02:25:29.579+0000] {logging_mixin.py:154} INFO - [2023-11-23T02:25:29.579+0000] {dag.py:2941} INFO - Sync 1 DAGs
[2023-11-23T02:25:29.866+0000] {logging_mixin.py:154} INFO - [2023-11-23T02:25:29.866+0000] {dag.py:3722} INFO - Setting next_dagrun for tutorial to 2023-11-22T02:25:29.866218+00:00, run_after=2023-11-23T02:25:29.866218+00:00
[2023-11-23T02:25:29.960+0000] {processor.py:179} INFO - Processing /home/airflow/.local/lib/python3.8/site-packages/airflow/example_dags/tutorial.py took 1.115 seconds
[2023-11-23T02:26:00.563+0000] {processor.py:157} INFO - Started process (PID=146) to work on /home/airflow/.local/lib/python3.8/site-packages/airflow/example_dags/tutorial.py
[2023-11-23T02:26:00.565+0000] {processor.py:829} INFO - Processing file /home/airflow/.local/lib/python3.8/site-packages/airflow/example_dags/tutorial.py for tasks to queue
[2023-11-23T02:26:00.569+0000] {logging_mixin.py:154} INFO - [2023-11-23T02:26:00.569+0000] {dagbag.py:536} INFO - Filling up the DagBag from /home/airflow/.local/lib/python3.8/site-packages/airflow/example_dags/tutorial.py
[2023-11-23T02:26:00.581+0000] {processor.py:839} INFO - DAG(s) dict_keys(['tutorial']) retrieved from /home/airflow/.local/lib/python3.8/site-packages/airflow/example_dags/tutorial.py
[2023-11-23T02:26:00.618+0000] {logging_mixin.py:154} INFO - [2023-11-23T02:26:00.617+0000] {dag.py:2941} INFO - Sync 1 DAGs
[2023-11-23T02:26:00.668+0000] {logging_mixin.py:154} INFO - [2023-11-23T02:26:00.668+0000] {dag.py:3722} INFO - Setting next_dagrun for tutorial to 2023-11-22T02:26:00.666935+00:00, run_after=2023-11-23T02:26:00.666935+00:00
[2023-11-23T02:26:00.698+0000] {processor.py:179} INFO - Processing /home/airflow/.local/lib/python3.8/site-packages/airflow/example_dags/tutorial.py took 0.141 seconds
[2023-11-23T02:26:31.010+0000] {processor.py:157} INFO - Started process (PID=198) to work on /home/airflow/.local/lib/python3.8/site-packages/airflow/example_dags/tutorial.py
[2023-11-23T02:26:31.012+0000] {processor.py:829} INFO - Processing file /home/airflow/.local/lib/python3.8/site-packages/airflow/example_dags/tutorial.py for tasks to queue
[2023-11-23T02:26:31.015+0000] {logging_mixin.py:154} INFO - [2023-11-23T02:26:31.015+0000] {dagbag.py:536} INFO - Filling up the DagBag from /home/airflow/.local/lib/python3.8/site-packages/airflow/example_dags/tutorial.py
[2023-11-23T02:26:31.024+0000] {processor.py:839} INFO - DAG(s) dict_keys(['tutorial']) retrieved from /home/airflow/.local/lib/python3.8/site-packages/airflow/example_dags/tutorial.py
[2023-11-23T02:26:31.062+0000] {logging_mixin.py:154} INFO - [2023-11-23T02:26:31.061+0000] {dag.py:2941} INFO - Sync 1 DAGs
[2023-11-23T02:26:31.096+0000] {logging_mixin.py:154} INFO - [2023-11-23T02:26:31.096+0000] {dag.py:3722} INFO - Setting next_dagrun for tutorial to 2023-11-22T02:26:31.096231+00:00, run_after=2023-11-23T02:26:31.096231+00:00
[2023-11-23T02:26:31.126+0000] {processor.py:179} INFO - Processing /home/airflow/.local/lib/python3.8/site-packages/airflow/example_dags/tutorial.py took 0.123 seconds
[2023-11-23T02:27:02.188+0000] {processor.py:157} INFO - Started process (PID=252) to work on /home/airflow/.local/lib/python3.8/site-packages/airflow/example_dags/tutorial.py
[2023-11-23T02:27:02.195+0000] {processor.py:829} INFO - Processing file /home/airflow/.local/lib/python3.8/site-packages/airflow/example_dags/tutorial.py for tasks to queue
[2023-11-23T02:27:02.207+0000] {logging_mixin.py:154} INFO - [2023-11-23T02:27:02.206+0000] {dagbag.py:536} INFO - Filling up the DagBag from /home/airflow/.local/lib/python3.8/site-packages/airflow/example_dags/tutorial.py
[2023-11-23T02:27:02.223+0000] {processor.py:839} INFO - DAG(s) dict_keys(['tutorial']) retrieved from /home/airflow/.local/lib/python3.8/site-packages/airflow/example_dags/tutorial.py
[2023-11-23T02:27:02.419+0000] {logging_mixin.py:154} INFO - [2023-11-23T02:27:02.419+0000] {dag.py:2941} INFO - Sync 1 DAGs
[2023-11-23T02:27:02.548+0000] {logging_mixin.py:154} INFO - [2023-11-23T02:27:02.548+0000] {dag.py:3722} INFO - Setting next_dagrun for tutorial to 2023-11-22T02:27:02.547692+00:00, run_after=2023-11-23T02:27:02.547692+00:00
[2023-11-23T02:27:02.988+0000] {processor.py:179} INFO - Processing /home/airflow/.local/lib/python3.8/site-packages/airflow/example_dags/tutorial.py took 0.809 seconds
[2023-11-23T02:27:34.083+0000] {processor.py:157} INFO - Started process (PID=301) to work on /home/airflow/.local/lib/python3.8/site-packages/airflow/example_dags/tutorial.py
[2023-11-23T02:27:34.086+0000] {processor.py:829} INFO - Processing file /home/airflow/.local/lib/python3.8/site-packages/airflow/example_dags/tutorial.py for tasks to queue
[2023-11-23T02:27:34.091+0000] {logging_mixin.py:154} INFO - [2023-11-23T02:27:34.091+0000] {dagbag.py:536} INFO - Filling up the DagBag from /home/airflow/.local/lib/python3.8/site-packages/airflow/example_dags/tutorial.py
[2023-11-23T02:27:34.106+0000] {processor.py:839} INFO - DAG(s) dict_keys(['tutorial']) retrieved from /home/airflow/.local/lib/python3.8/site-packages/airflow/example_dags/tutorial.py
[2023-11-23T02:27:34.154+0000] {logging_mixin.py:154} INFO - [2023-11-23T02:27:34.153+0000] {dag.py:2941} INFO - Sync 1 DAGs
[2023-11-23T02:27:34.200+0000] {logging_mixin.py:154} INFO - [2023-11-23T02:27:34.200+0000] {dag.py:3722} INFO - Setting next_dagrun for tutorial to 2023-11-22T02:27:34.200085+00:00, run_after=2023-11-23T02:27:34.200085+00:00
[2023-11-23T02:27:34.243+0000] {processor.py:179} INFO - Processing /home/airflow/.local/lib/python3.8/site-packages/airflow/example_dags/tutorial.py took 0.174 seconds
[2023-11-23T02:28:04.762+0000] {processor.py:157} INFO - Started process (PID=351) to work on /home/airflow/.local/lib/python3.8/site-packages/airflow/example_dags/tutorial.py
[2023-11-23T02:28:04.768+0000] {processor.py:829} INFO - Processing file /home/airflow/.local/lib/python3.8/site-packages/airflow/example_dags/tutorial.py for tasks to queue
[2023-11-23T02:28:04.773+0000] {logging_mixin.py:154} INFO - [2023-11-23T02:28:04.773+0000] {dagbag.py:536} INFO - Filling up the DagBag from /home/airflow/.local/lib/python3.8/site-packages/airflow/example_dags/tutorial.py
[2023-11-23T02:28:04.787+0000] {processor.py:839} INFO - DAG(s) dict_keys(['tutorial']) retrieved from /home/airflow/.local/lib/python3.8/site-packages/airflow/example_dags/tutorial.py
[2023-11-23T02:28:04.835+0000] {logging_mixin.py:154} INFO - [2023-11-23T02:28:04.835+0000] {dag.py:2941} INFO - Sync 1 DAGs
[2023-11-23T02:28:04.897+0000] {logging_mixin.py:154} INFO - [2023-11-23T02:28:04.895+0000] {dag.py:3722} INFO - Setting next_dagrun for tutorial to 2023-11-22T02:28:04.895548+00:00, run_after=2023-11-23T02:28:04.895548+00:00
[2023-11-23T02:28:04.947+0000] {processor.py:179} INFO - Processing /home/airflow/.local/lib/python3.8/site-packages/airflow/example_dags/tutorial.py took 0.189 seconds
[2023-11-23T02:28:35.386+0000] {processor.py:157} INFO - Started process (PID=404) to work on /home/airflow/.local/lib/python3.8/site-packages/airflow/example_dags/tutorial.py
[2023-11-23T02:28:35.389+0000] {processor.py:829} INFO - Processing file /home/airflow/.local/lib/python3.8/site-packages/airflow/example_dags/tutorial.py for tasks to queue
[2023-11-23T02:28:35.394+0000] {logging_mixin.py:154} INFO - [2023-11-23T02:28:35.394+0000] {dagbag.py:536} INFO - Filling up the DagBag from /home/airflow/.local/lib/python3.8/site-packages/airflow/example_dags/tutorial.py
[2023-11-23T02:28:35.409+0000] {processor.py:839} INFO - DAG(s) dict_keys(['tutorial']) retrieved from /home/airflow/.local/lib/python3.8/site-packages/airflow/example_dags/tutorial.py
[2023-11-23T02:28:35.481+0000] {logging_mixin.py:154} INFO - [2023-11-23T02:28:35.481+0000] {dag.py:2941} INFO - Sync 1 DAGs
[2023-11-23T02:28:35.586+0000] {logging_mixin.py:154} INFO - [2023-11-23T02:28:35.585+0000] {dag.py:3722} INFO - Setting next_dagrun for tutorial to 2023-11-22T02:28:35.585673+00:00, run_after=2023-11-23T02:28:35.585673+00:00
[2023-11-23T02:28:35.676+0000] {processor.py:179} INFO - Processing /home/airflow/.local/lib/python3.8/site-packages/airflow/example_dags/tutorial.py took 0.299 seconds
[2023-11-23T02:29:06.556+0000] {processor.py:157} INFO - Started process (PID=458) to work on /home/airflow/.local/lib/python3.8/site-packages/airflow/example_dags/tutorial.py
[2023-11-23T02:29:06.558+0000] {processor.py:829} INFO - Processing file /home/airflow/.local/lib/python3.8/site-packages/airflow/example_dags/tutorial.py for tasks to queue
[2023-11-23T02:29:06.566+0000] {logging_mixin.py:154} INFO - [2023-11-23T02:29:06.566+0000] {dagbag.py:536} INFO - Filling up the DagBag from /home/airflow/.local/lib/python3.8/site-packages/airflow/example_dags/tutorial.py
[2023-11-23T02:29:06.579+0000] {processor.py:839} INFO - DAG(s) dict_keys(['tutorial']) retrieved from /home/airflow/.local/lib/python3.8/site-packages/airflow/example_dags/tutorial.py
[2023-11-23T02:29:06.626+0000] {logging_mixin.py:154} INFO - [2023-11-23T02:29:06.625+0000] {dag.py:2941} INFO - Sync 1 DAGs
[2023-11-23T02:29:06.682+0000] {logging_mixin.py:154} INFO - [2023-11-23T02:29:06.682+0000] {dag.py:3722} INFO - Setting next_dagrun for tutorial to 2023-11-22T02:29:06.682127+00:00, run_after=2023-11-23T02:29:06.682127+00:00
[2023-11-23T02:29:06.730+0000] {processor.py:179} INFO - Processing /home/airflow/.local/lib/python3.8/site-packages/airflow/example_dags/tutorial.py took 0.180 seconds
[2023-11-23T02:29:36.805+0000] {processor.py:157} INFO - Started process (PID=512) to work on /home/airflow/.local/lib/python3.8/site-packages/airflow/example_dags/tutorial.py
[2023-11-23T02:29:36.807+0000] {processor.py:829} INFO - Processing file /home/airflow/.local/lib/python3.8/site-packages/airflow/example_dags/tutorial.py for tasks to queue
[2023-11-23T02:29:36.810+0000] {logging_mixin.py:154} INFO - [2023-11-23T02:29:36.810+0000] {dagbag.py:536} INFO - Filling up the DagBag from /home/airflow/.local/lib/python3.8/site-packages/airflow/example_dags/tutorial.py
[2023-11-23T02:29:36.818+0000] {processor.py:839} INFO - DAG(s) dict_keys(['tutorial']) retrieved from /home/airflow/.local/lib/python3.8/site-packages/airflow/example_dags/tutorial.py
[2023-11-23T02:29:36.843+0000] {logging_mixin.py:154} INFO - [2023-11-23T02:29:36.842+0000] {dag.py:2941} INFO - Sync 1 DAGs
[2023-11-23T02:29:36.869+0000] {logging_mixin.py:154} INFO - [2023-11-23T02:29:36.869+0000] {dag.py:3722} INFO - Setting next_dagrun for tutorial to 2023-11-22T02:29:36.869277+00:00, run_after=2023-11-23T02:29:36.869277+00:00
[2023-11-23T02:29:36.895+0000] {processor.py:179} INFO - Processing /home/airflow/.local/lib/python3.8/site-packages/airflow/example_dags/tutorial.py took 0.094 seconds
[2023-11-23T02:30:07.441+0000] {processor.py:157} INFO - Started process (PID=566) to work on /home/airflow/.local/lib/python3.8/site-packages/airflow/example_dags/tutorial.py
[2023-11-23T02:30:07.450+0000] {processor.py:829} INFO - Processing file /home/airflow/.local/lib/python3.8/site-packages/airflow/example_dags/tutorial.py for tasks to queue
[2023-11-23T02:30:07.456+0000] {logging_mixin.py:154} INFO - [2023-11-23T02:30:07.455+0000] {dagbag.py:536} INFO - Filling up the DagBag from /home/airflow/.local/lib/python3.8/site-packages/airflow/example_dags/tutorial.py
[2023-11-23T02:30:07.478+0000] {processor.py:839} INFO - DAG(s) dict_keys(['tutorial']) retrieved from /home/airflow/.local/lib/python3.8/site-packages/airflow/example_dags/tutorial.py
[2023-11-23T02:30:07.534+0000] {logging_mixin.py:154} INFO - [2023-11-23T02:30:07.533+0000] {dag.py:2941} INFO - Sync 1 DAGs
[2023-11-23T02:30:07.638+0000] {logging_mixin.py:154} INFO - [2023-11-23T02:30:07.637+0000] {dag.py:3722} INFO - Setting next_dagrun for tutorial to 2023-11-22T02:30:07.637203+00:00, run_after=2023-11-23T02:30:07.637203+00:00
[2023-11-23T02:30:07.702+0000] {processor.py:179} INFO - Processing /home/airflow/.local/lib/python3.8/site-packages/airflow/example_dags/tutorial.py took 0.274 seconds
[2023-11-23T02:30:38.070+0000] {processor.py:157} INFO - Started process (PID=619) to work on /home/airflow/.local/lib/python3.8/site-packages/airflow/example_dags/tutorial.py
[2023-11-23T02:30:38.074+0000] {processor.py:829} INFO - Processing file /home/airflow/.local/lib/python3.8/site-packages/airflow/example_dags/tutorial.py for tasks to queue
[2023-11-23T02:30:38.078+0000] {logging_mixin.py:154} INFO - [2023-11-23T02:30:38.077+0000] {dagbag.py:536} INFO - Filling up the DagBag from /home/airflow/.local/lib/python3.8/site-packages/airflow/example_dags/tutorial.py
[2023-11-23T02:30:38.098+0000] {processor.py:839} INFO - DAG(s) dict_keys(['tutorial']) retrieved from /home/airflow/.local/lib/python3.8/site-packages/airflow/example_dags/tutorial.py
[2023-11-23T02:30:38.161+0000] {logging_mixin.py:154} INFO - [2023-11-23T02:30:38.160+0000] {dag.py:2941} INFO - Sync 1 DAGs
[2023-11-23T02:30:38.260+0000] {logging_mixin.py:154} INFO - [2023-11-23T02:30:38.259+0000] {dag.py:3722} INFO - Setting next_dagrun for tutorial to 2023-11-22T02:30:38.258838+00:00, run_after=2023-11-23T02:30:38.258838+00:00
[2023-11-23T02:30:38.317+0000] {processor.py:179} INFO - Processing /home/airflow/.local/lib/python3.8/site-packages/airflow/example_dags/tutorial.py took 0.255 seconds
[2023-11-23T02:31:08.532+0000] {processor.py:157} INFO - Started process (PID=673) to work on /home/airflow/.local/lib/python3.8/site-packages/airflow/example_dags/tutorial.py
[2023-11-23T02:31:08.548+0000] {processor.py:829} INFO - Processing file /home/airflow/.local/lib/python3.8/site-packages/airflow/example_dags/tutorial.py for tasks to queue
[2023-11-23T02:31:08.559+0000] {logging_mixin.py:154} INFO - [2023-11-23T02:31:08.558+0000] {dagbag.py:536} INFO - Filling up the DagBag from /home/airflow/.local/lib/python3.8/site-packages/airflow/example_dags/tutorial.py
[2023-11-23T02:31:08.588+0000] {processor.py:839} INFO - DAG(s) dict_keys(['tutorial']) retrieved from /home/airflow/.local/lib/python3.8/site-packages/airflow/example_dags/tutorial.py
[2023-11-23T02:31:08.653+0000] {logging_mixin.py:154} INFO - [2023-11-23T02:31:08.652+0000] {dag.py:2941} INFO - Sync 1 DAGs
[2023-11-23T02:31:08.736+0000] {logging_mixin.py:154} INFO - [2023-11-23T02:31:08.735+0000] {dag.py:3722} INFO - Setting next_dagrun for tutorial to 2023-11-22T02:31:08.735469+00:00, run_after=2023-11-23T02:31:08.735469+00:00
[2023-11-23T02:31:08.790+0000] {processor.py:179} INFO - Processing /home/airflow/.local/lib/python3.8/site-packages/airflow/example_dags/tutorial.py took 0.272 seconds
[2023-11-23T02:31:39.556+0000] {processor.py:157} INFO - Started process (PID=727) to work on /home/airflow/.local/lib/python3.8/site-packages/airflow/example_dags/tutorial.py
[2023-11-23T02:31:39.563+0000] {processor.py:829} INFO - Processing file /home/airflow/.local/lib/python3.8/site-packages/airflow/example_dags/tutorial.py for tasks to queue
[2023-11-23T02:31:39.571+0000] {logging_mixin.py:154} INFO - [2023-11-23T02:31:39.571+0000] {dagbag.py:536} INFO - Filling up the DagBag from /home/airflow/.local/lib/python3.8/site-packages/airflow/example_dags/tutorial.py
[2023-11-23T02:31:39.591+0000] {processor.py:839} INFO - DAG(s) dict_keys(['tutorial']) retrieved from /home/airflow/.local/lib/python3.8/site-packages/airflow/example_dags/tutorial.py
[2023-11-23T02:31:39.635+0000] {logging_mixin.py:154} INFO - [2023-11-23T02:31:39.635+0000] {dag.py:2941} INFO - Sync 1 DAGs
[2023-11-23T02:31:39.704+0000] {logging_mixin.py:154} INFO - [2023-11-23T02:31:39.697+0000] {dag.py:3722} INFO - Setting next_dagrun for tutorial to 2023-11-22T02:31:39.696275+00:00, run_after=2023-11-23T02:31:39.696275+00:00
[2023-11-23T02:31:39.850+0000] {processor.py:179} INFO - Processing /home/airflow/.local/lib/python3.8/site-packages/airflow/example_dags/tutorial.py took 0.312 seconds
[2023-11-23T03:43:54.169+0000] {processor.py:157} INFO - Started process (PID=43) to work on /home/airflow/.local/lib/python3.8/site-packages/airflow/example_dags/tutorial.py
[2023-11-23T03:43:54.176+0000] {processor.py:829} INFO - Processing file /home/airflow/.local/lib/python3.8/site-packages/airflow/example_dags/tutorial.py for tasks to queue
[2023-11-23T03:43:54.197+0000] {logging_mixin.py:154} INFO - [2023-11-23T03:43:54.196+0000] {dagbag.py:536} INFO - Filling up the DagBag from /home/airflow/.local/lib/python3.8/site-packages/airflow/example_dags/tutorial.py
[2023-11-23T03:43:54.480+0000] {processor.py:839} INFO - DAG(s) dict_keys(['tutorial']) retrieved from /home/airflow/.local/lib/python3.8/site-packages/airflow/example_dags/tutorial.py
[2023-11-23T03:43:55.367+0000] {logging_mixin.py:154} INFO - [2023-11-23T03:43:55.366+0000] {dag.py:2941} INFO - Sync 1 DAGs
[2023-11-23T03:43:55.520+0000] {logging_mixin.py:154} INFO - [2023-11-23T03:43:55.520+0000] {dag.py:3722} INFO - Setting next_dagrun for tutorial to 2023-11-22T03:43:55.520255+00:00, run_after=2023-11-23T03:43:55.520255+00:00
[2023-11-23T03:43:55.633+0000] {processor.py:179} INFO - Processing /home/airflow/.local/lib/python3.8/site-packages/airflow/example_dags/tutorial.py took 1.533 seconds
[2023-11-23T03:44:30.424+0000] {processor.py:157} INFO - Started process (PID=96) to work on /home/airflow/.local/lib/python3.8/site-packages/airflow/example_dags/tutorial.py
[2023-11-23T03:44:30.426+0000] {processor.py:829} INFO - Processing file /home/airflow/.local/lib/python3.8/site-packages/airflow/example_dags/tutorial.py for tasks to queue
[2023-11-23T03:44:30.446+0000] {logging_mixin.py:154} INFO - [2023-11-23T03:44:30.440+0000] {dagbag.py:536} INFO - Filling up the DagBag from /home/airflow/.local/lib/python3.8/site-packages/airflow/example_dags/tutorial.py
[2023-11-23T03:44:30.636+0000] {processor.py:839} INFO - DAG(s) dict_keys(['tutorial']) retrieved from /home/airflow/.local/lib/python3.8/site-packages/airflow/example_dags/tutorial.py
[2023-11-23T03:44:30.867+0000] {logging_mixin.py:154} INFO - [2023-11-23T03:44:30.866+0000] {dag.py:2941} INFO - Sync 1 DAGs
[2023-11-23T03:44:30.950+0000] {logging_mixin.py:154} INFO - [2023-11-23T03:44:30.950+0000] {dag.py:3722} INFO - Setting next_dagrun for tutorial to 2023-11-22T03:44:30.949095+00:00, run_after=2023-11-23T03:44:30.949095+00:00
[2023-11-23T03:44:31.030+0000] {processor.py:179} INFO - Processing /home/airflow/.local/lib/python3.8/site-packages/airflow/example_dags/tutorial.py took 0.613 seconds
[2023-11-23T03:45:01.674+0000] {processor.py:157} INFO - Started process (PID=149) to work on /home/airflow/.local/lib/python3.8/site-packages/airflow/example_dags/tutorial.py
[2023-11-23T03:45:01.676+0000] {processor.py:829} INFO - Processing file /home/airflow/.local/lib/python3.8/site-packages/airflow/example_dags/tutorial.py for tasks to queue
[2023-11-23T03:45:01.679+0000] {logging_mixin.py:154} INFO - [2023-11-23T03:45:01.678+0000] {dagbag.py:536} INFO - Filling up the DagBag from /home/airflow/.local/lib/python3.8/site-packages/airflow/example_dags/tutorial.py
[2023-11-23T03:45:01.686+0000] {processor.py:839} INFO - DAG(s) dict_keys(['tutorial']) retrieved from /home/airflow/.local/lib/python3.8/site-packages/airflow/example_dags/tutorial.py
[2023-11-23T03:45:01.718+0000] {logging_mixin.py:154} INFO - [2023-11-23T03:45:01.718+0000] {dag.py:2941} INFO - Sync 1 DAGs
[2023-11-23T03:45:01.743+0000] {logging_mixin.py:154} INFO - [2023-11-23T03:45:01.743+0000] {dag.py:3722} INFO - Setting next_dagrun for tutorial to 2023-11-22T03:45:01.743340+00:00, run_after=2023-11-23T03:45:01.743340+00:00
[2023-11-23T03:45:01.769+0000] {processor.py:179} INFO - Processing /home/airflow/.local/lib/python3.8/site-packages/airflow/example_dags/tutorial.py took 0.099 seconds
[2023-11-23T04:15:19.869+0000] {processor.py:157} INFO - Started process (PID=166) to work on /home/airflow/.local/lib/python3.8/site-packages/airflow/example_dags/tutorial.py
[2023-11-23T04:15:19.899+0000] {processor.py:829} INFO - Processing file /home/airflow/.local/lib/python3.8/site-packages/airflow/example_dags/tutorial.py for tasks to queue
[2023-11-23T04:15:19.921+0000] {logging_mixin.py:154} INFO - [2023-11-23T04:15:19.909+0000] {dagbag.py:536} INFO - Filling up the DagBag from /home/airflow/.local/lib/python3.8/site-packages/airflow/example_dags/tutorial.py
[2023-11-23T04:15:20.073+0000] {processor.py:839} INFO - DAG(s) dict_keys(['tutorial']) retrieved from /home/airflow/.local/lib/python3.8/site-packages/airflow/example_dags/tutorial.py
[2023-11-23T04:15:20.605+0000] {logging_mixin.py:154} INFO - [2023-11-23T04:15:20.605+0000] {dag.py:2941} INFO - Sync 1 DAGs
[2023-11-23T04:15:21.033+0000] {logging_mixin.py:154} INFO - [2023-11-23T04:15:21.027+0000] {dag.py:3722} INFO - Setting next_dagrun for tutorial to 2023-11-22T04:15:21.025663+00:00, run_after=2023-11-23T04:15:21.025663+00:00
[2023-11-23T04:15:21.178+0000] {processor.py:179} INFO - Processing /home/airflow/.local/lib/python3.8/site-packages/airflow/example_dags/tutorial.py took 1.327 seconds
[2023-11-23T04:15:37.084+0000] {processor.py:157} INFO - Started process (PID=169) to work on /home/airflow/.local/lib/python3.8/site-packages/airflow/example_dags/tutorial.py
[2023-11-23T04:15:37.091+0000] {processor.py:829} INFO - Processing file /home/airflow/.local/lib/python3.8/site-packages/airflow/example_dags/tutorial.py for tasks to queue
[2023-11-23T04:15:37.110+0000] {logging_mixin.py:154} INFO - [2023-11-23T04:15:37.109+0000] {dagbag.py:536} INFO - Filling up the DagBag from /home/airflow/.local/lib/python3.8/site-packages/airflow/example_dags/tutorial.py
[2023-11-23T04:15:37.173+0000] {processor.py:839} INFO - DAG(s) dict_keys(['tutorial']) retrieved from /home/airflow/.local/lib/python3.8/site-packages/airflow/example_dags/tutorial.py
[2023-11-23T04:15:37.399+0000] {logging_mixin.py:154} INFO - [2023-11-23T04:15:37.399+0000] {dag.py:2941} INFO - Sync 1 DAGs
[2023-11-23T04:15:37.493+0000] {logging_mixin.py:154} INFO - [2023-11-23T04:15:37.493+0000] {dag.py:3722} INFO - Setting next_dagrun for tutorial to 2023-11-22T04:15:37.492618+00:00, run_after=2023-11-23T04:15:37.492618+00:00
[2023-11-23T04:15:37.639+0000] {processor.py:179} INFO - Processing /home/airflow/.local/lib/python3.8/site-packages/airflow/example_dags/tutorial.py took 0.635 seconds
[2023-11-23T04:16:07.903+0000] {processor.py:157} INFO - Started process (PID=222) to work on /home/airflow/.local/lib/python3.8/site-packages/airflow/example_dags/tutorial.py
[2023-11-23T04:16:07.905+0000] {processor.py:829} INFO - Processing file /home/airflow/.local/lib/python3.8/site-packages/airflow/example_dags/tutorial.py for tasks to queue
[2023-11-23T04:16:07.909+0000] {logging_mixin.py:154} INFO - [2023-11-23T04:16:07.909+0000] {dagbag.py:536} INFO - Filling up the DagBag from /home/airflow/.local/lib/python3.8/site-packages/airflow/example_dags/tutorial.py
[2023-11-23T04:16:07.921+0000] {processor.py:839} INFO - DAG(s) dict_keys(['tutorial']) retrieved from /home/airflow/.local/lib/python3.8/site-packages/airflow/example_dags/tutorial.py
[2023-11-23T04:16:07.961+0000] {logging_mixin.py:154} INFO - [2023-11-23T04:16:07.961+0000] {dag.py:2941} INFO - Sync 1 DAGs
[2023-11-23T04:16:07.998+0000] {logging_mixin.py:154} INFO - [2023-11-23T04:16:07.998+0000] {dag.py:3722} INFO - Setting next_dagrun for tutorial to 2023-11-22T04:16:07.998263+00:00, run_after=2023-11-23T04:16:07.998263+00:00
[2023-11-23T04:16:08.026+0000] {processor.py:179} INFO - Processing /home/airflow/.local/lib/python3.8/site-packages/airflow/example_dags/tutorial.py took 0.129 seconds
[2023-11-23T04:16:38.103+0000] {processor.py:157} INFO - Started process (PID=276) to work on /home/airflow/.local/lib/python3.8/site-packages/airflow/example_dags/tutorial.py
[2023-11-23T04:16:38.105+0000] {processor.py:829} INFO - Processing file /home/airflow/.local/lib/python3.8/site-packages/airflow/example_dags/tutorial.py for tasks to queue
[2023-11-23T04:16:38.109+0000] {logging_mixin.py:154} INFO - [2023-11-23T04:16:38.108+0000] {dagbag.py:536} INFO - Filling up the DagBag from /home/airflow/.local/lib/python3.8/site-packages/airflow/example_dags/tutorial.py
[2023-11-23T04:16:38.120+0000] {processor.py:839} INFO - DAG(s) dict_keys(['tutorial']) retrieved from /home/airflow/.local/lib/python3.8/site-packages/airflow/example_dags/tutorial.py
[2023-11-23T04:16:38.148+0000] {logging_mixin.py:154} INFO - [2023-11-23T04:16:38.147+0000] {dag.py:2941} INFO - Sync 1 DAGs
[2023-11-23T04:16:38.174+0000] {logging_mixin.py:154} INFO - [2023-11-23T04:16:38.174+0000] {dag.py:3722} INFO - Setting next_dagrun for tutorial to 2023-11-22T04:16:38.173937+00:00, run_after=2023-11-23T04:16:38.173937+00:00
[2023-11-23T04:16:38.195+0000] {processor.py:179} INFO - Processing /home/airflow/.local/lib/python3.8/site-packages/airflow/example_dags/tutorial.py took 0.099 seconds
[2023-11-23T04:17:08.278+0000] {processor.py:157} INFO - Started process (PID=330) to work on /home/airflow/.local/lib/python3.8/site-packages/airflow/example_dags/tutorial.py
[2023-11-23T04:17:08.279+0000] {processor.py:829} INFO - Processing file /home/airflow/.local/lib/python3.8/site-packages/airflow/example_dags/tutorial.py for tasks to queue
[2023-11-23T04:17:08.284+0000] {logging_mixin.py:154} INFO - [2023-11-23T04:17:08.284+0000] {dagbag.py:536} INFO - Filling up the DagBag from /home/airflow/.local/lib/python3.8/site-packages/airflow/example_dags/tutorial.py
[2023-11-23T04:17:08.293+0000] {processor.py:839} INFO - DAG(s) dict_keys(['tutorial']) retrieved from /home/airflow/.local/lib/python3.8/site-packages/airflow/example_dags/tutorial.py
[2023-11-23T04:17:08.326+0000] {logging_mixin.py:154} INFO - [2023-11-23T04:17:08.325+0000] {dag.py:2941} INFO - Sync 1 DAGs
[2023-11-23T04:17:08.358+0000] {logging_mixin.py:154} INFO - [2023-11-23T04:17:08.357+0000] {dag.py:3722} INFO - Setting next_dagrun for tutorial to 2023-11-22T04:17:08.357276+00:00, run_after=2023-11-23T04:17:08.357276+00:00
[2023-11-23T04:17:08.384+0000] {processor.py:179} INFO - Processing /home/airflow/.local/lib/python3.8/site-packages/airflow/example_dags/tutorial.py took 0.113 seconds
[2023-11-23T04:17:38.808+0000] {processor.py:157} INFO - Started process (PID=384) to work on /home/airflow/.local/lib/python3.8/site-packages/airflow/example_dags/tutorial.py
[2023-11-23T04:17:38.822+0000] {processor.py:829} INFO - Processing file /home/airflow/.local/lib/python3.8/site-packages/airflow/example_dags/tutorial.py for tasks to queue
[2023-11-23T04:17:38.865+0000] {logging_mixin.py:154} INFO - [2023-11-23T04:17:38.864+0000] {dagbag.py:536} INFO - Filling up the DagBag from /home/airflow/.local/lib/python3.8/site-packages/airflow/example_dags/tutorial.py
[2023-11-23T04:17:38.885+0000] {processor.py:839} INFO - DAG(s) dict_keys(['tutorial']) retrieved from /home/airflow/.local/lib/python3.8/site-packages/airflow/example_dags/tutorial.py
[2023-11-23T04:17:38.963+0000] {logging_mixin.py:154} INFO - [2023-11-23T04:17:38.963+0000] {dag.py:2941} INFO - Sync 1 DAGs
[2023-11-23T04:17:39.027+0000] {logging_mixin.py:154} INFO - [2023-11-23T04:17:39.027+0000] {dag.py:3722} INFO - Setting next_dagrun for tutorial to 2023-11-22T04:17:39.025560+00:00, run_after=2023-11-23T04:17:39.025560+00:00
[2023-11-23T04:17:39.087+0000] {processor.py:179} INFO - Processing /home/airflow/.local/lib/python3.8/site-packages/airflow/example_dags/tutorial.py took 0.291 seconds
[2023-11-23T04:18:09.298+0000] {processor.py:157} INFO - Started process (PID=437) to work on /home/airflow/.local/lib/python3.8/site-packages/airflow/example_dags/tutorial.py
[2023-11-23T04:18:09.299+0000] {processor.py:829} INFO - Processing file /home/airflow/.local/lib/python3.8/site-packages/airflow/example_dags/tutorial.py for tasks to queue
[2023-11-23T04:18:09.303+0000] {logging_mixin.py:154} INFO - [2023-11-23T04:18:09.302+0000] {dagbag.py:536} INFO - Filling up the DagBag from /home/airflow/.local/lib/python3.8/site-packages/airflow/example_dags/tutorial.py
[2023-11-23T04:18:09.314+0000] {processor.py:839} INFO - DAG(s) dict_keys(['tutorial']) retrieved from /home/airflow/.local/lib/python3.8/site-packages/airflow/example_dags/tutorial.py
[2023-11-23T04:18:09.338+0000] {logging_mixin.py:154} INFO - [2023-11-23T04:18:09.338+0000] {dag.py:2941} INFO - Sync 1 DAGs
[2023-11-23T04:18:09.369+0000] {logging_mixin.py:154} INFO - [2023-11-23T04:18:09.369+0000] {dag.py:3722} INFO - Setting next_dagrun for tutorial to 2023-11-22T04:18:09.369187+00:00, run_after=2023-11-23T04:18:09.369187+00:00
[2023-11-23T04:18:09.401+0000] {processor.py:179} INFO - Processing /home/airflow/.local/lib/python3.8/site-packages/airflow/example_dags/tutorial.py took 0.107 seconds
[2023-11-23T04:18:39.779+0000] {processor.py:157} INFO - Started process (PID=491) to work on /home/airflow/.local/lib/python3.8/site-packages/airflow/example_dags/tutorial.py
[2023-11-23T04:18:39.780+0000] {processor.py:829} INFO - Processing file /home/airflow/.local/lib/python3.8/site-packages/airflow/example_dags/tutorial.py for tasks to queue
[2023-11-23T04:18:39.784+0000] {logging_mixin.py:154} INFO - [2023-11-23T04:18:39.784+0000] {dagbag.py:536} INFO - Filling up the DagBag from /home/airflow/.local/lib/python3.8/site-packages/airflow/example_dags/tutorial.py
[2023-11-23T04:18:39.791+0000] {processor.py:839} INFO - DAG(s) dict_keys(['tutorial']) retrieved from /home/airflow/.local/lib/python3.8/site-packages/airflow/example_dags/tutorial.py
[2023-11-23T04:18:39.820+0000] {logging_mixin.py:154} INFO - [2023-11-23T04:18:39.820+0000] {dag.py:2941} INFO - Sync 1 DAGs
[2023-11-23T04:18:39.864+0000] {logging_mixin.py:154} INFO - [2023-11-23T04:18:39.863+0000] {dag.py:3722} INFO - Setting next_dagrun for tutorial to 2023-11-22T04:18:39.863445+00:00, run_after=2023-11-23T04:18:39.863445+00:00
[2023-11-23T04:18:39.895+0000] {processor.py:179} INFO - Processing /home/airflow/.local/lib/python3.8/site-packages/airflow/example_dags/tutorial.py took 0.121 seconds
[2023-11-23T04:19:10.049+0000] {processor.py:157} INFO - Started process (PID=545) to work on /home/airflow/.local/lib/python3.8/site-packages/airflow/example_dags/tutorial.py
[2023-11-23T04:19:10.051+0000] {processor.py:829} INFO - Processing file /home/airflow/.local/lib/python3.8/site-packages/airflow/example_dags/tutorial.py for tasks to queue
[2023-11-23T04:19:10.056+0000] {logging_mixin.py:154} INFO - [2023-11-23T04:19:10.056+0000] {dagbag.py:536} INFO - Filling up the DagBag from /home/airflow/.local/lib/python3.8/site-packages/airflow/example_dags/tutorial.py
[2023-11-23T04:19:10.069+0000] {processor.py:839} INFO - DAG(s) dict_keys(['tutorial']) retrieved from /home/airflow/.local/lib/python3.8/site-packages/airflow/example_dags/tutorial.py
[2023-11-23T04:19:10.096+0000] {logging_mixin.py:154} INFO - [2023-11-23T04:19:10.096+0000] {dag.py:2941} INFO - Sync 1 DAGs
[2023-11-23T04:19:10.127+0000] {logging_mixin.py:154} INFO - [2023-11-23T04:19:10.127+0000] {dag.py:3722} INFO - Setting next_dagrun for tutorial to 2023-11-22T04:19:10.127138+00:00, run_after=2023-11-23T04:19:10.127138+00:00
[2023-11-23T04:19:10.156+0000] {processor.py:179} INFO - Processing /home/airflow/.local/lib/python3.8/site-packages/airflow/example_dags/tutorial.py took 0.115 seconds
[2023-11-23T04:19:40.265+0000] {processor.py:157} INFO - Started process (PID=599) to work on /home/airflow/.local/lib/python3.8/site-packages/airflow/example_dags/tutorial.py
[2023-11-23T04:19:40.275+0000] {processor.py:829} INFO - Processing file /home/airflow/.local/lib/python3.8/site-packages/airflow/example_dags/tutorial.py for tasks to queue
[2023-11-23T04:19:40.282+0000] {logging_mixin.py:154} INFO - [2023-11-23T04:19:40.281+0000] {dagbag.py:536} INFO - Filling up the DagBag from /home/airflow/.local/lib/python3.8/site-packages/airflow/example_dags/tutorial.py
[2023-11-23T04:19:40.303+0000] {processor.py:839} INFO - DAG(s) dict_keys(['tutorial']) retrieved from /home/airflow/.local/lib/python3.8/site-packages/airflow/example_dags/tutorial.py
[2023-11-23T04:19:40.341+0000] {logging_mixin.py:154} INFO - [2023-11-23T04:19:40.341+0000] {dag.py:2941} INFO - Sync 1 DAGs
[2023-11-23T04:19:40.392+0000] {logging_mixin.py:154} INFO - [2023-11-23T04:19:40.392+0000] {dag.py:3722} INFO - Setting next_dagrun for tutorial to 2023-11-22T04:19:40.392032+00:00, run_after=2023-11-23T04:19:40.392032+00:00
[2023-11-23T04:19:40.435+0000] {processor.py:179} INFO - Processing /home/airflow/.local/lib/python3.8/site-packages/airflow/example_dags/tutorial.py took 0.177 seconds
[2023-11-23T04:20:11.121+0000] {processor.py:157} INFO - Started process (PID=653) to work on /home/airflow/.local/lib/python3.8/site-packages/airflow/example_dags/tutorial.py
[2023-11-23T04:20:11.122+0000] {processor.py:829} INFO - Processing file /home/airflow/.local/lib/python3.8/site-packages/airflow/example_dags/tutorial.py for tasks to queue
[2023-11-23T04:20:11.125+0000] {logging_mixin.py:154} INFO - [2023-11-23T04:20:11.125+0000] {dagbag.py:536} INFO - Filling up the DagBag from /home/airflow/.local/lib/python3.8/site-packages/airflow/example_dags/tutorial.py
[2023-11-23T04:20:11.134+0000] {processor.py:839} INFO - DAG(s) dict_keys(['tutorial']) retrieved from /home/airflow/.local/lib/python3.8/site-packages/airflow/example_dags/tutorial.py
[2023-11-23T04:20:11.160+0000] {logging_mixin.py:154} INFO - [2023-11-23T04:20:11.160+0000] {dag.py:2941} INFO - Sync 1 DAGs
[2023-11-23T04:20:11.184+0000] {logging_mixin.py:154} INFO - [2023-11-23T04:20:11.184+0000] {dag.py:3722} INFO - Setting next_dagrun for tutorial to 2023-11-22T04:20:11.184059+00:00, run_after=2023-11-23T04:20:11.184059+00:00
[2023-11-23T04:20:11.206+0000] {processor.py:179} INFO - Processing /home/airflow/.local/lib/python3.8/site-packages/airflow/example_dags/tutorial.py took 0.089 seconds
[2023-11-23T04:20:41.396+0000] {processor.py:157} INFO - Started process (PID=706) to work on /home/airflow/.local/lib/python3.8/site-packages/airflow/example_dags/tutorial.py
[2023-11-23T04:20:41.398+0000] {processor.py:829} INFO - Processing file /home/airflow/.local/lib/python3.8/site-packages/airflow/example_dags/tutorial.py for tasks to queue
[2023-11-23T04:20:41.404+0000] {logging_mixin.py:154} INFO - [2023-11-23T04:20:41.403+0000] {dagbag.py:536} INFO - Filling up the DagBag from /home/airflow/.local/lib/python3.8/site-packages/airflow/example_dags/tutorial.py
[2023-11-23T04:20:41.418+0000] {processor.py:839} INFO - DAG(s) dict_keys(['tutorial']) retrieved from /home/airflow/.local/lib/python3.8/site-packages/airflow/example_dags/tutorial.py
[2023-11-23T04:20:41.466+0000] {logging_mixin.py:154} INFO - [2023-11-23T04:20:41.466+0000] {dag.py:2941} INFO - Sync 1 DAGs
[2023-11-23T04:20:41.505+0000] {logging_mixin.py:154} INFO - [2023-11-23T04:20:41.504+0000] {dag.py:3722} INFO - Setting next_dagrun for tutorial to 2023-11-22T04:20:41.504375+00:00, run_after=2023-11-23T04:20:41.504375+00:00
[2023-11-23T04:20:41.536+0000] {processor.py:179} INFO - Processing /home/airflow/.local/lib/python3.8/site-packages/airflow/example_dags/tutorial.py took 0.153 seconds
[2023-11-23T04:21:12.023+0000] {processor.py:157} INFO - Started process (PID=760) to work on /home/airflow/.local/lib/python3.8/site-packages/airflow/example_dags/tutorial.py
[2023-11-23T04:21:12.049+0000] {processor.py:829} INFO - Processing file /home/airflow/.local/lib/python3.8/site-packages/airflow/example_dags/tutorial.py for tasks to queue
[2023-11-23T04:21:12.064+0000] {logging_mixin.py:154} INFO - [2023-11-23T04:21:12.064+0000] {dagbag.py:536} INFO - Filling up the DagBag from /home/airflow/.local/lib/python3.8/site-packages/airflow/example_dags/tutorial.py
[2023-11-23T04:21:12.152+0000] {processor.py:839} INFO - DAG(s) dict_keys(['tutorial']) retrieved from /home/airflow/.local/lib/python3.8/site-packages/airflow/example_dags/tutorial.py
[2023-11-23T04:21:12.255+0000] {logging_mixin.py:154} INFO - [2023-11-23T04:21:12.255+0000] {dag.py:2941} INFO - Sync 1 DAGs
[2023-11-23T04:21:12.347+0000] {logging_mixin.py:154} INFO - [2023-11-23T04:21:12.347+0000] {dag.py:3722} INFO - Setting next_dagrun for tutorial to 2023-11-22T04:21:12.346633+00:00, run_after=2023-11-23T04:21:12.346633+00:00
[2023-11-23T04:21:12.578+0000] {processor.py:179} INFO - Processing /home/airflow/.local/lib/python3.8/site-packages/airflow/example_dags/tutorial.py took 0.587 seconds
[2023-11-23T04:21:43.249+0000] {processor.py:157} INFO - Started process (PID=814) to work on /home/airflow/.local/lib/python3.8/site-packages/airflow/example_dags/tutorial.py
[2023-11-23T04:21:43.256+0000] {processor.py:829} INFO - Processing file /home/airflow/.local/lib/python3.8/site-packages/airflow/example_dags/tutorial.py for tasks to queue
[2023-11-23T04:21:43.260+0000] {logging_mixin.py:154} INFO - [2023-11-23T04:21:43.259+0000] {dagbag.py:536} INFO - Filling up the DagBag from /home/airflow/.local/lib/python3.8/site-packages/airflow/example_dags/tutorial.py
[2023-11-23T04:21:43.285+0000] {processor.py:839} INFO - DAG(s) dict_keys(['tutorial']) retrieved from /home/airflow/.local/lib/python3.8/site-packages/airflow/example_dags/tutorial.py
[2023-11-23T04:21:43.405+0000] {logging_mixin.py:154} INFO - [2023-11-23T04:21:43.405+0000] {dag.py:2941} INFO - Sync 1 DAGs
[2023-11-23T04:21:43.530+0000] {logging_mixin.py:154} INFO - [2023-11-23T04:21:43.530+0000] {dag.py:3722} INFO - Setting next_dagrun for tutorial to 2023-11-22T04:21:43.528349+00:00, run_after=2023-11-23T04:21:43.528349+00:00
[2023-11-23T04:21:43.611+0000] {processor.py:179} INFO - Processing /home/airflow/.local/lib/python3.8/site-packages/airflow/example_dags/tutorial.py took 0.386 seconds
[2023-11-23T04:22:14.220+0000] {processor.py:157} INFO - Started process (PID=866) to work on /home/airflow/.local/lib/python3.8/site-packages/airflow/example_dags/tutorial.py
[2023-11-23T04:22:14.241+0000] {processor.py:829} INFO - Processing file /home/airflow/.local/lib/python3.8/site-packages/airflow/example_dags/tutorial.py for tasks to queue
[2023-11-23T04:22:14.259+0000] {logging_mixin.py:154} INFO - [2023-11-23T04:22:14.258+0000] {dagbag.py:536} INFO - Filling up the DagBag from /home/airflow/.local/lib/python3.8/site-packages/airflow/example_dags/tutorial.py
[2023-11-23T04:22:14.324+0000] {processor.py:839} INFO - DAG(s) dict_keys(['tutorial']) retrieved from /home/airflow/.local/lib/python3.8/site-packages/airflow/example_dags/tutorial.py
[2023-11-23T04:22:14.735+0000] {logging_mixin.py:154} INFO - [2023-11-23T04:22:14.701+0000] {dag.py:2941} INFO - Sync 1 DAGs
[2023-11-23T04:22:14.849+0000] {logging_mixin.py:154} INFO - [2023-11-23T04:22:14.849+0000] {dag.py:3722} INFO - Setting next_dagrun for tutorial to 2023-11-22T04:22:14.848777+00:00, run_after=2023-11-23T04:22:14.848777+00:00
[2023-11-23T04:22:15.111+0000] {processor.py:179} INFO - Processing /home/airflow/.local/lib/python3.8/site-packages/airflow/example_dags/tutorial.py took 0.937 seconds
