[2023-11-23T02:25:09.560+0000] {processor.py:157} INFO - Started process (PID=54) to work on /home/airflow/.local/lib/python3.8/site-packages/airflow/example_dags/tutorial_taskflow_api_virtualenv.py
[2023-11-23T02:25:09.572+0000] {processor.py:829} INFO - Processing file /home/airflow/.local/lib/python3.8/site-packages/airflow/example_dags/tutorial_taskflow_api_virtualenv.py for tasks to queue
[2023-11-23T02:25:09.587+0000] {logging_mixin.py:154} INFO - [2023-11-23T02:25:09.587+0000] {dagbag.py:536} INFO - Filling up the DagBag from /home/airflow/.local/lib/python3.8/site-packages/airflow/example_dags/tutorial_taskflow_api_virtualenv.py
[2023-11-23T02:25:09.656+0000] {processor.py:839} INFO - DAG(s) dict_keys(['tutorial_taskflow_api_virtualenv']) retrieved from /home/airflow/.local/lib/python3.8/site-packages/airflow/example_dags/tutorial_taskflow_api_virtualenv.py
[2023-11-23T02:25:10.399+0000] {logging_mixin.py:154} INFO - [2023-11-23T02:25:10.399+0000] {manager.py:499} INFO - Created Permission View: %s
[2023-11-23T02:25:10.418+0000] {logging_mixin.py:154} INFO - [2023-11-23T02:25:10.417+0000] {manager.py:499} INFO - Created Permission View: %s
[2023-11-23T02:25:10.431+0000] {logging_mixin.py:154} INFO - [2023-11-23T02:25:10.431+0000] {manager.py:499} INFO - Created Permission View: %s
[2023-11-23T02:25:10.432+0000] {logging_mixin.py:154} INFO - [2023-11-23T02:25:10.431+0000] {dag.py:2941} INFO - Sync 1 DAGs
[2023-11-23T02:25:10.534+0000] {logging_mixin.py:154} INFO - [2023-11-23T02:25:10.533+0000] {dag.py:2963} INFO - Creating ORM DAG for tutorial_taskflow_api_virtualenv
[2023-11-23T02:25:10.540+0000] {logging_mixin.py:154} INFO - [2023-11-23T02:25:10.540+0000] {dag.py:3722} INFO - Setting next_dagrun for tutorial_taskflow_api_virtualenv to None, run_after=None
[2023-11-23T02:25:10.617+0000] {processor.py:179} INFO - Processing /home/airflow/.local/lib/python3.8/site-packages/airflow/example_dags/tutorial_taskflow_api_virtualenv.py took 1.081 seconds
[2023-11-23T02:25:40.866+0000] {processor.py:157} INFO - Started process (PID=109) to work on /home/airflow/.local/lib/python3.8/site-packages/airflow/example_dags/tutorial_taskflow_api_virtualenv.py
[2023-11-23T02:25:40.867+0000] {processor.py:829} INFO - Processing file /home/airflow/.local/lib/python3.8/site-packages/airflow/example_dags/tutorial_taskflow_api_virtualenv.py for tasks to queue
[2023-11-23T02:25:40.871+0000] {logging_mixin.py:154} INFO - [2023-11-23T02:25:40.870+0000] {dagbag.py:536} INFO - Filling up the DagBag from /home/airflow/.local/lib/python3.8/site-packages/airflow/example_dags/tutorial_taskflow_api_virtualenv.py
[2023-11-23T02:25:40.882+0000] {processor.py:839} INFO - DAG(s) dict_keys(['tutorial_taskflow_api_virtualenv']) retrieved from /home/airflow/.local/lib/python3.8/site-packages/airflow/example_dags/tutorial_taskflow_api_virtualenv.py
[2023-11-23T02:25:40.911+0000] {logging_mixin.py:154} INFO - [2023-11-23T02:25:40.910+0000] {dag.py:2941} INFO - Sync 1 DAGs
[2023-11-23T02:25:40.934+0000] {logging_mixin.py:154} INFO - [2023-11-23T02:25:40.933+0000] {dag.py:3722} INFO - Setting next_dagrun for tutorial_taskflow_api_virtualenv to None, run_after=None
[2023-11-23T02:25:41.009+0000] {processor.py:179} INFO - Processing /home/airflow/.local/lib/python3.8/site-packages/airflow/example_dags/tutorial_taskflow_api_virtualenv.py took 0.147 seconds
[2023-11-23T02:26:11.911+0000] {processor.py:157} INFO - Started process (PID=163) to work on /home/airflow/.local/lib/python3.8/site-packages/airflow/example_dags/tutorial_taskflow_api_virtualenv.py
[2023-11-23T02:26:11.921+0000] {processor.py:829} INFO - Processing file /home/airflow/.local/lib/python3.8/site-packages/airflow/example_dags/tutorial_taskflow_api_virtualenv.py for tasks to queue
[2023-11-23T02:26:11.946+0000] {logging_mixin.py:154} INFO - [2023-11-23T02:26:11.945+0000] {dagbag.py:536} INFO - Filling up the DagBag from /home/airflow/.local/lib/python3.8/site-packages/airflow/example_dags/tutorial_taskflow_api_virtualenv.py
[2023-11-23T02:26:12.010+0000] {processor.py:839} INFO - DAG(s) dict_keys(['tutorial_taskflow_api_virtualenv']) retrieved from /home/airflow/.local/lib/python3.8/site-packages/airflow/example_dags/tutorial_taskflow_api_virtualenv.py
[2023-11-23T02:26:12.091+0000] {logging_mixin.py:154} INFO - [2023-11-23T02:26:12.087+0000] {dag.py:2941} INFO - Sync 1 DAGs
[2023-11-23T02:26:12.135+0000] {logging_mixin.py:154} INFO - [2023-11-23T02:26:12.134+0000] {dag.py:3722} INFO - Setting next_dagrun for tutorial_taskflow_api_virtualenv to None, run_after=None
[2023-11-23T02:26:12.198+0000] {processor.py:179} INFO - Processing /home/airflow/.local/lib/python3.8/site-packages/airflow/example_dags/tutorial_taskflow_api_virtualenv.py took 0.299 seconds
[2023-11-23T02:26:43.002+0000] {processor.py:157} INFO - Started process (PID=217) to work on /home/airflow/.local/lib/python3.8/site-packages/airflow/example_dags/tutorial_taskflow_api_virtualenv.py
[2023-11-23T02:26:43.015+0000] {processor.py:829} INFO - Processing file /home/airflow/.local/lib/python3.8/site-packages/airflow/example_dags/tutorial_taskflow_api_virtualenv.py for tasks to queue
[2023-11-23T02:26:43.031+0000] {logging_mixin.py:154} INFO - [2023-11-23T02:26:43.031+0000] {dagbag.py:536} INFO - Filling up the DagBag from /home/airflow/.local/lib/python3.8/site-packages/airflow/example_dags/tutorial_taskflow_api_virtualenv.py
[2023-11-23T02:26:43.102+0000] {processor.py:839} INFO - DAG(s) dict_keys(['tutorial_taskflow_api_virtualenv']) retrieved from /home/airflow/.local/lib/python3.8/site-packages/airflow/example_dags/tutorial_taskflow_api_virtualenv.py
[2023-11-23T02:26:43.261+0000] {logging_mixin.py:154} INFO - [2023-11-23T02:26:43.261+0000] {dag.py:2941} INFO - Sync 1 DAGs
[2023-11-23T02:26:43.383+0000] {logging_mixin.py:154} INFO - [2023-11-23T02:26:43.383+0000] {dag.py:3722} INFO - Setting next_dagrun for tutorial_taskflow_api_virtualenv to None, run_after=None
[2023-11-23T02:26:43.505+0000] {processor.py:179} INFO - Processing /home/airflow/.local/lib/python3.8/site-packages/airflow/example_dags/tutorial_taskflow_api_virtualenv.py took 0.528 seconds
[2023-11-23T02:27:13.679+0000] {processor.py:157} INFO - Started process (PID=271) to work on /home/airflow/.local/lib/python3.8/site-packages/airflow/example_dags/tutorial_taskflow_api_virtualenv.py
[2023-11-23T02:27:13.687+0000] {processor.py:829} INFO - Processing file /home/airflow/.local/lib/python3.8/site-packages/airflow/example_dags/tutorial_taskflow_api_virtualenv.py for tasks to queue
[2023-11-23T02:27:13.708+0000] {logging_mixin.py:154} INFO - [2023-11-23T02:27:13.707+0000] {dagbag.py:536} INFO - Filling up the DagBag from /home/airflow/.local/lib/python3.8/site-packages/airflow/example_dags/tutorial_taskflow_api_virtualenv.py
[2023-11-23T02:27:13.730+0000] {processor.py:839} INFO - DAG(s) dict_keys(['tutorial_taskflow_api_virtualenv']) retrieved from /home/airflow/.local/lib/python3.8/site-packages/airflow/example_dags/tutorial_taskflow_api_virtualenv.py
[2023-11-23T02:27:13.869+0000] {logging_mixin.py:154} INFO - [2023-11-23T02:27:13.868+0000] {dag.py:2941} INFO - Sync 1 DAGs
[2023-11-23T02:27:13.902+0000] {logging_mixin.py:154} INFO - [2023-11-23T02:27:13.902+0000] {dag.py:3722} INFO - Setting next_dagrun for tutorial_taskflow_api_virtualenv to None, run_after=None
[2023-11-23T02:27:14.005+0000] {processor.py:179} INFO - Processing /home/airflow/.local/lib/python3.8/site-packages/airflow/example_dags/tutorial_taskflow_api_virtualenv.py took 0.340 seconds
[2023-11-23T02:27:44.602+0000] {processor.py:157} INFO - Started process (PID=325) to work on /home/airflow/.local/lib/python3.8/site-packages/airflow/example_dags/tutorial_taskflow_api_virtualenv.py
[2023-11-23T02:27:44.604+0000] {processor.py:829} INFO - Processing file /home/airflow/.local/lib/python3.8/site-packages/airflow/example_dags/tutorial_taskflow_api_virtualenv.py for tasks to queue
[2023-11-23T02:27:44.613+0000] {logging_mixin.py:154} INFO - [2023-11-23T02:27:44.613+0000] {dagbag.py:536} INFO - Filling up the DagBag from /home/airflow/.local/lib/python3.8/site-packages/airflow/example_dags/tutorial_taskflow_api_virtualenv.py
[2023-11-23T02:27:44.641+0000] {processor.py:839} INFO - DAG(s) dict_keys(['tutorial_taskflow_api_virtualenv']) retrieved from /home/airflow/.local/lib/python3.8/site-packages/airflow/example_dags/tutorial_taskflow_api_virtualenv.py
[2023-11-23T02:27:44.834+0000] {logging_mixin.py:154} INFO - [2023-11-23T02:27:44.833+0000] {dag.py:2941} INFO - Sync 1 DAGs
[2023-11-23T02:27:44.938+0000] {logging_mixin.py:154} INFO - [2023-11-23T02:27:44.938+0000] {dag.py:3722} INFO - Setting next_dagrun for tutorial_taskflow_api_virtualenv to None, run_after=None
[2023-11-23T02:27:45.019+0000] {processor.py:179} INFO - Processing /home/airflow/.local/lib/python3.8/site-packages/airflow/example_dags/tutorial_taskflow_api_virtualenv.py took 0.439 seconds
[2023-11-23T02:28:15.594+0000] {processor.py:157} INFO - Started process (PID=378) to work on /home/airflow/.local/lib/python3.8/site-packages/airflow/example_dags/tutorial_taskflow_api_virtualenv.py
[2023-11-23T02:28:15.595+0000] {processor.py:829} INFO - Processing file /home/airflow/.local/lib/python3.8/site-packages/airflow/example_dags/tutorial_taskflow_api_virtualenv.py for tasks to queue
[2023-11-23T02:28:15.598+0000] {logging_mixin.py:154} INFO - [2023-11-23T02:28:15.598+0000] {dagbag.py:536} INFO - Filling up the DagBag from /home/airflow/.local/lib/python3.8/site-packages/airflow/example_dags/tutorial_taskflow_api_virtualenv.py
[2023-11-23T02:28:15.608+0000] {processor.py:839} INFO - DAG(s) dict_keys(['tutorial_taskflow_api_virtualenv']) retrieved from /home/airflow/.local/lib/python3.8/site-packages/airflow/example_dags/tutorial_taskflow_api_virtualenv.py
[2023-11-23T02:28:15.640+0000] {logging_mixin.py:154} INFO - [2023-11-23T02:28:15.640+0000] {dag.py:2941} INFO - Sync 1 DAGs
[2023-11-23T02:28:15.659+0000] {logging_mixin.py:154} INFO - [2023-11-23T02:28:15.659+0000] {dag.py:3722} INFO - Setting next_dagrun for tutorial_taskflow_api_virtualenv to None, run_after=None
[2023-11-23T02:28:15.705+0000] {processor.py:179} INFO - Processing /home/airflow/.local/lib/python3.8/site-packages/airflow/example_dags/tutorial_taskflow_api_virtualenv.py took 0.115 seconds
[2023-11-23T02:28:46.046+0000] {processor.py:157} INFO - Started process (PID=431) to work on /home/airflow/.local/lib/python3.8/site-packages/airflow/example_dags/tutorial_taskflow_api_virtualenv.py
[2023-11-23T02:28:46.057+0000] {processor.py:829} INFO - Processing file /home/airflow/.local/lib/python3.8/site-packages/airflow/example_dags/tutorial_taskflow_api_virtualenv.py for tasks to queue
[2023-11-23T02:28:46.087+0000] {logging_mixin.py:154} INFO - [2023-11-23T02:28:46.086+0000] {dagbag.py:536} INFO - Filling up the DagBag from /home/airflow/.local/lib/python3.8/site-packages/airflow/example_dags/tutorial_taskflow_api_virtualenv.py
[2023-11-23T02:28:46.116+0000] {processor.py:839} INFO - DAG(s) dict_keys(['tutorial_taskflow_api_virtualenv']) retrieved from /home/airflow/.local/lib/python3.8/site-packages/airflow/example_dags/tutorial_taskflow_api_virtualenv.py
[2023-11-23T02:28:46.217+0000] {logging_mixin.py:154} INFO - [2023-11-23T02:28:46.217+0000] {dag.py:2941} INFO - Sync 1 DAGs
[2023-11-23T02:28:46.241+0000] {logging_mixin.py:154} INFO - [2023-11-23T02:28:46.241+0000] {dag.py:3722} INFO - Setting next_dagrun for tutorial_taskflow_api_virtualenv to None, run_after=None
[2023-11-23T02:28:46.275+0000] {processor.py:179} INFO - Processing /home/airflow/.local/lib/python3.8/site-packages/airflow/example_dags/tutorial_taskflow_api_virtualenv.py took 0.246 seconds
[2023-11-23T02:29:16.431+0000] {processor.py:157} INFO - Started process (PID=485) to work on /home/airflow/.local/lib/python3.8/site-packages/airflow/example_dags/tutorial_taskflow_api_virtualenv.py
[2023-11-23T02:29:16.433+0000] {processor.py:829} INFO - Processing file /home/airflow/.local/lib/python3.8/site-packages/airflow/example_dags/tutorial_taskflow_api_virtualenv.py for tasks to queue
[2023-11-23T02:29:16.436+0000] {logging_mixin.py:154} INFO - [2023-11-23T02:29:16.436+0000] {dagbag.py:536} INFO - Filling up the DagBag from /home/airflow/.local/lib/python3.8/site-packages/airflow/example_dags/tutorial_taskflow_api_virtualenv.py
[2023-11-23T02:29:16.447+0000] {processor.py:839} INFO - DAG(s) dict_keys(['tutorial_taskflow_api_virtualenv']) retrieved from /home/airflow/.local/lib/python3.8/site-packages/airflow/example_dags/tutorial_taskflow_api_virtualenv.py
[2023-11-23T02:29:16.476+0000] {logging_mixin.py:154} INFO - [2023-11-23T02:29:16.475+0000] {dag.py:2941} INFO - Sync 1 DAGs
[2023-11-23T02:29:16.498+0000] {logging_mixin.py:154} INFO - [2023-11-23T02:29:16.498+0000] {dag.py:3722} INFO - Setting next_dagrun for tutorial_taskflow_api_virtualenv to None, run_after=None
[2023-11-23T02:29:16.523+0000] {processor.py:179} INFO - Processing /home/airflow/.local/lib/python3.8/site-packages/airflow/example_dags/tutorial_taskflow_api_virtualenv.py took 0.097 seconds
[2023-11-23T02:29:46.988+0000] {processor.py:157} INFO - Started process (PID=539) to work on /home/airflow/.local/lib/python3.8/site-packages/airflow/example_dags/tutorial_taskflow_api_virtualenv.py
[2023-11-23T02:29:46.990+0000] {processor.py:829} INFO - Processing file /home/airflow/.local/lib/python3.8/site-packages/airflow/example_dags/tutorial_taskflow_api_virtualenv.py for tasks to queue
[2023-11-23T02:29:46.993+0000] {logging_mixin.py:154} INFO - [2023-11-23T02:29:46.993+0000] {dagbag.py:536} INFO - Filling up the DagBag from /home/airflow/.local/lib/python3.8/site-packages/airflow/example_dags/tutorial_taskflow_api_virtualenv.py
[2023-11-23T02:29:47.002+0000] {processor.py:839} INFO - DAG(s) dict_keys(['tutorial_taskflow_api_virtualenv']) retrieved from /home/airflow/.local/lib/python3.8/site-packages/airflow/example_dags/tutorial_taskflow_api_virtualenv.py
[2023-11-23T02:29:47.028+0000] {logging_mixin.py:154} INFO - [2023-11-23T02:29:47.028+0000] {dag.py:2941} INFO - Sync 1 DAGs
[2023-11-23T02:29:47.043+0000] {logging_mixin.py:154} INFO - [2023-11-23T02:29:47.043+0000] {dag.py:3722} INFO - Setting next_dagrun for tutorial_taskflow_api_virtualenv to None, run_after=None
[2023-11-23T02:29:47.066+0000] {processor.py:179} INFO - Processing /home/airflow/.local/lib/python3.8/site-packages/airflow/example_dags/tutorial_taskflow_api_virtualenv.py took 0.083 seconds
[2023-11-23T02:30:17.151+0000] {processor.py:157} INFO - Started process (PID=593) to work on /home/airflow/.local/lib/python3.8/site-packages/airflow/example_dags/tutorial_taskflow_api_virtualenv.py
[2023-11-23T02:30:17.156+0000] {processor.py:829} INFO - Processing file /home/airflow/.local/lib/python3.8/site-packages/airflow/example_dags/tutorial_taskflow_api_virtualenv.py for tasks to queue
[2023-11-23T02:30:17.170+0000] {logging_mixin.py:154} INFO - [2023-11-23T02:30:17.169+0000] {dagbag.py:536} INFO - Filling up the DagBag from /home/airflow/.local/lib/python3.8/site-packages/airflow/example_dags/tutorial_taskflow_api_virtualenv.py
[2023-11-23T02:30:17.206+0000] {processor.py:839} INFO - DAG(s) dict_keys(['tutorial_taskflow_api_virtualenv']) retrieved from /home/airflow/.local/lib/python3.8/site-packages/airflow/example_dags/tutorial_taskflow_api_virtualenv.py
[2023-11-23T02:30:17.362+0000] {logging_mixin.py:154} INFO - [2023-11-23T02:30:17.362+0000] {dag.py:2941} INFO - Sync 1 DAGs
[2023-11-23T02:30:17.482+0000] {logging_mixin.py:154} INFO - [2023-11-23T02:30:17.477+0000] {dag.py:3722} INFO - Setting next_dagrun for tutorial_taskflow_api_virtualenv to None, run_after=None
[2023-11-23T02:30:17.579+0000] {processor.py:179} INFO - Processing /home/airflow/.local/lib/python3.8/site-packages/airflow/example_dags/tutorial_taskflow_api_virtualenv.py took 0.450 seconds
[2023-11-23T02:30:48.117+0000] {processor.py:157} INFO - Started process (PID=646) to work on /home/airflow/.local/lib/python3.8/site-packages/airflow/example_dags/tutorial_taskflow_api_virtualenv.py
[2023-11-23T02:30:48.120+0000] {processor.py:829} INFO - Processing file /home/airflow/.local/lib/python3.8/site-packages/airflow/example_dags/tutorial_taskflow_api_virtualenv.py for tasks to queue
[2023-11-23T02:30:48.124+0000] {logging_mixin.py:154} INFO - [2023-11-23T02:30:48.124+0000] {dagbag.py:536} INFO - Filling up the DagBag from /home/airflow/.local/lib/python3.8/site-packages/airflow/example_dags/tutorial_taskflow_api_virtualenv.py
[2023-11-23T02:30:48.146+0000] {processor.py:839} INFO - DAG(s) dict_keys(['tutorial_taskflow_api_virtualenv']) retrieved from /home/airflow/.local/lib/python3.8/site-packages/airflow/example_dags/tutorial_taskflow_api_virtualenv.py
[2023-11-23T02:30:48.212+0000] {logging_mixin.py:154} INFO - [2023-11-23T02:30:48.212+0000] {dag.py:2941} INFO - Sync 1 DAGs
[2023-11-23T02:30:48.254+0000] {logging_mixin.py:154} INFO - [2023-11-23T02:30:48.254+0000] {dag.py:3722} INFO - Setting next_dagrun for tutorial_taskflow_api_virtualenv to None, run_after=None
[2023-11-23T02:30:48.356+0000] {processor.py:179} INFO - Processing /home/airflow/.local/lib/python3.8/site-packages/airflow/example_dags/tutorial_taskflow_api_virtualenv.py took 0.253 seconds
[2023-11-23T02:31:19.231+0000] {processor.py:157} INFO - Started process (PID=700) to work on /home/airflow/.local/lib/python3.8/site-packages/airflow/example_dags/tutorial_taskflow_api_virtualenv.py
[2023-11-23T02:31:19.233+0000] {processor.py:829} INFO - Processing file /home/airflow/.local/lib/python3.8/site-packages/airflow/example_dags/tutorial_taskflow_api_virtualenv.py for tasks to queue
[2023-11-23T02:31:19.243+0000] {logging_mixin.py:154} INFO - [2023-11-23T02:31:19.242+0000] {dagbag.py:536} INFO - Filling up the DagBag from /home/airflow/.local/lib/python3.8/site-packages/airflow/example_dags/tutorial_taskflow_api_virtualenv.py
[2023-11-23T02:31:19.405+0000] {processor.py:839} INFO - DAG(s) dict_keys(['tutorial_taskflow_api_virtualenv']) retrieved from /home/airflow/.local/lib/python3.8/site-packages/airflow/example_dags/tutorial_taskflow_api_virtualenv.py
[2023-11-23T02:31:19.482+0000] {logging_mixin.py:154} INFO - [2023-11-23T02:31:19.481+0000] {dag.py:2941} INFO - Sync 1 DAGs
[2023-11-23T02:31:19.722+0000] {logging_mixin.py:154} INFO - [2023-11-23T02:31:19.708+0000] {dag.py:3722} INFO - Setting next_dagrun for tutorial_taskflow_api_virtualenv to None, run_after=None
[2023-11-23T02:31:19.852+0000] {processor.py:179} INFO - Processing /home/airflow/.local/lib/python3.8/site-packages/airflow/example_dags/tutorial_taskflow_api_virtualenv.py took 0.642 seconds
[2023-11-23T02:31:50.632+0000] {processor.py:157} INFO - Started process (PID=752) to work on /home/airflow/.local/lib/python3.8/site-packages/airflow/example_dags/tutorial_taskflow_api_virtualenv.py
[2023-11-23T02:31:50.633+0000] {processor.py:829} INFO - Processing file /home/airflow/.local/lib/python3.8/site-packages/airflow/example_dags/tutorial_taskflow_api_virtualenv.py for tasks to queue
[2023-11-23T02:31:50.637+0000] {logging_mixin.py:154} INFO - [2023-11-23T02:31:50.637+0000] {dagbag.py:536} INFO - Filling up the DagBag from /home/airflow/.local/lib/python3.8/site-packages/airflow/example_dags/tutorial_taskflow_api_virtualenv.py
[2023-11-23T02:31:50.647+0000] {processor.py:839} INFO - DAG(s) dict_keys(['tutorial_taskflow_api_virtualenv']) retrieved from /home/airflow/.local/lib/python3.8/site-packages/airflow/example_dags/tutorial_taskflow_api_virtualenv.py
[2023-11-23T02:31:50.673+0000] {logging_mixin.py:154} INFO - [2023-11-23T02:31:50.673+0000] {dag.py:2941} INFO - Sync 1 DAGs
[2023-11-23T02:31:50.689+0000] {logging_mixin.py:154} INFO - [2023-11-23T02:31:50.689+0000] {dag.py:3722} INFO - Setting next_dagrun for tutorial_taskflow_api_virtualenv to None, run_after=None
[2023-11-23T02:31:50.722+0000] {processor.py:179} INFO - Processing /home/airflow/.local/lib/python3.8/site-packages/airflow/example_dags/tutorial_taskflow_api_virtualenv.py took 0.095 seconds
[2023-11-23T03:44:08.724+0000] {processor.py:157} INFO - Started process (PID=60) to work on /home/airflow/.local/lib/python3.8/site-packages/airflow/example_dags/tutorial_taskflow_api_virtualenv.py
[2023-11-23T03:44:08.741+0000] {processor.py:829} INFO - Processing file /home/airflow/.local/lib/python3.8/site-packages/airflow/example_dags/tutorial_taskflow_api_virtualenv.py for tasks to queue
[2023-11-23T03:44:08.771+0000] {logging_mixin.py:154} INFO - [2023-11-23T03:44:08.770+0000] {dagbag.py:536} INFO - Filling up the DagBag from /home/airflow/.local/lib/python3.8/site-packages/airflow/example_dags/tutorial_taskflow_api_virtualenv.py
[2023-11-23T03:44:08.918+0000] {processor.py:839} INFO - DAG(s) dict_keys(['tutorial_taskflow_api_virtualenv']) retrieved from /home/airflow/.local/lib/python3.8/site-packages/airflow/example_dags/tutorial_taskflow_api_virtualenv.py
[2023-11-23T03:44:09.119+0000] {logging_mixin.py:154} INFO - [2023-11-23T03:44:09.119+0000] {dag.py:2941} INFO - Sync 1 DAGs
[2023-11-23T03:44:09.441+0000] {logging_mixin.py:154} INFO - [2023-11-23T03:44:09.440+0000] {dag.py:3722} INFO - Setting next_dagrun for tutorial_taskflow_api_virtualenv to None, run_after=None
[2023-11-23T03:44:09.613+0000] {processor.py:179} INFO - Processing /home/airflow/.local/lib/python3.8/site-packages/airflow/example_dags/tutorial_taskflow_api_virtualenv.py took 0.906 seconds
[2023-11-23T03:44:51.017+0000] {processor.py:157} INFO - Started process (PID=121) to work on /home/airflow/.local/lib/python3.8/site-packages/airflow/example_dags/tutorial_taskflow_api_virtualenv.py
[2023-11-23T03:44:51.024+0000] {processor.py:829} INFO - Processing file /home/airflow/.local/lib/python3.8/site-packages/airflow/example_dags/tutorial_taskflow_api_virtualenv.py for tasks to queue
[2023-11-23T03:44:51.042+0000] {logging_mixin.py:154} INFO - [2023-11-23T03:44:51.041+0000] {dagbag.py:536} INFO - Filling up the DagBag from /home/airflow/.local/lib/python3.8/site-packages/airflow/example_dags/tutorial_taskflow_api_virtualenv.py
[2023-11-23T03:44:51.139+0000] {processor.py:839} INFO - DAG(s) dict_keys(['tutorial_taskflow_api_virtualenv']) retrieved from /home/airflow/.local/lib/python3.8/site-packages/airflow/example_dags/tutorial_taskflow_api_virtualenv.py
[2023-11-23T03:44:51.427+0000] {logging_mixin.py:154} INFO - [2023-11-23T03:44:51.427+0000] {dag.py:2941} INFO - Sync 1 DAGs
[2023-11-23T03:44:51.573+0000] {logging_mixin.py:154} INFO - [2023-11-23T03:44:51.573+0000] {dag.py:3722} INFO - Setting next_dagrun for tutorial_taskflow_api_virtualenv to None, run_after=None
[2023-11-23T03:44:51.650+0000] {processor.py:179} INFO - Processing /home/airflow/.local/lib/python3.8/site-packages/airflow/example_dags/tutorial_taskflow_api_virtualenv.py took 0.817 seconds
[2023-11-23T04:15:41.545+0000] {processor.py:157} INFO - Started process (PID=186) to work on /home/airflow/.local/lib/python3.8/site-packages/airflow/example_dags/tutorial_taskflow_api_virtualenv.py
[2023-11-23T04:15:41.547+0000] {processor.py:829} INFO - Processing file /home/airflow/.local/lib/python3.8/site-packages/airflow/example_dags/tutorial_taskflow_api_virtualenv.py for tasks to queue
[2023-11-23T04:15:41.554+0000] {logging_mixin.py:154} INFO - [2023-11-23T04:15:41.554+0000] {dagbag.py:536} INFO - Filling up the DagBag from /home/airflow/.local/lib/python3.8/site-packages/airflow/example_dags/tutorial_taskflow_api_virtualenv.py
[2023-11-23T04:15:41.577+0000] {processor.py:839} INFO - DAG(s) dict_keys(['tutorial_taskflow_api_virtualenv']) retrieved from /home/airflow/.local/lib/python3.8/site-packages/airflow/example_dags/tutorial_taskflow_api_virtualenv.py
[2023-11-23T04:15:41.649+0000] {logging_mixin.py:154} INFO - [2023-11-23T04:15:41.648+0000] {dag.py:2941} INFO - Sync 1 DAGs
[2023-11-23T04:15:41.675+0000] {logging_mixin.py:154} INFO - [2023-11-23T04:15:41.675+0000] {dag.py:3722} INFO - Setting next_dagrun for tutorial_taskflow_api_virtualenv to None, run_after=None
[2023-11-23T04:15:41.709+0000] {processor.py:179} INFO - Processing /home/airflow/.local/lib/python3.8/site-packages/airflow/example_dags/tutorial_taskflow_api_virtualenv.py took 0.177 seconds
[2023-11-23T04:16:11.858+0000] {processor.py:157} INFO - Started process (PID=239) to work on /home/airflow/.local/lib/python3.8/site-packages/airflow/example_dags/tutorial_taskflow_api_virtualenv.py
[2023-11-23T04:16:11.859+0000] {processor.py:829} INFO - Processing file /home/airflow/.local/lib/python3.8/site-packages/airflow/example_dags/tutorial_taskflow_api_virtualenv.py for tasks to queue
[2023-11-23T04:16:11.864+0000] {logging_mixin.py:154} INFO - [2023-11-23T04:16:11.863+0000] {dagbag.py:536} INFO - Filling up the DagBag from /home/airflow/.local/lib/python3.8/site-packages/airflow/example_dags/tutorial_taskflow_api_virtualenv.py
[2023-11-23T04:16:11.874+0000] {processor.py:839} INFO - DAG(s) dict_keys(['tutorial_taskflow_api_virtualenv']) retrieved from /home/airflow/.local/lib/python3.8/site-packages/airflow/example_dags/tutorial_taskflow_api_virtualenv.py
[2023-11-23T04:16:11.909+0000] {logging_mixin.py:154} INFO - [2023-11-23T04:16:11.908+0000] {dag.py:2941} INFO - Sync 1 DAGs
[2023-11-23T04:16:11.927+0000] {logging_mixin.py:154} INFO - [2023-11-23T04:16:11.926+0000] {dag.py:3722} INFO - Setting next_dagrun for tutorial_taskflow_api_virtualenv to None, run_after=None
[2023-11-23T04:16:11.956+0000] {processor.py:179} INFO - Processing /home/airflow/.local/lib/python3.8/site-packages/airflow/example_dags/tutorial_taskflow_api_virtualenv.py took 0.104 seconds
[2023-11-23T04:16:42.804+0000] {processor.py:157} INFO - Started process (PID=293) to work on /home/airflow/.local/lib/python3.8/site-packages/airflow/example_dags/tutorial_taskflow_api_virtualenv.py
[2023-11-23T04:16:42.806+0000] {processor.py:829} INFO - Processing file /home/airflow/.local/lib/python3.8/site-packages/airflow/example_dags/tutorial_taskflow_api_virtualenv.py for tasks to queue
[2023-11-23T04:16:42.812+0000] {logging_mixin.py:154} INFO - [2023-11-23T04:16:42.812+0000] {dagbag.py:536} INFO - Filling up the DagBag from /home/airflow/.local/lib/python3.8/site-packages/airflow/example_dags/tutorial_taskflow_api_virtualenv.py
[2023-11-23T04:16:42.825+0000] {processor.py:839} INFO - DAG(s) dict_keys(['tutorial_taskflow_api_virtualenv']) retrieved from /home/airflow/.local/lib/python3.8/site-packages/airflow/example_dags/tutorial_taskflow_api_virtualenv.py
[2023-11-23T04:16:42.867+0000] {logging_mixin.py:154} INFO - [2023-11-23T04:16:42.866+0000] {dag.py:2941} INFO - Sync 1 DAGs
[2023-11-23T04:16:42.882+0000] {logging_mixin.py:154} INFO - [2023-11-23T04:16:42.882+0000] {dag.py:3722} INFO - Setting next_dagrun for tutorial_taskflow_api_virtualenv to None, run_after=None
[2023-11-23T04:16:42.906+0000] {processor.py:179} INFO - Processing /home/airflow/.local/lib/python3.8/site-packages/airflow/example_dags/tutorial_taskflow_api_virtualenv.py took 0.108 seconds
[2023-11-23T04:17:13.750+0000] {processor.py:157} INFO - Started process (PID=347) to work on /home/airflow/.local/lib/python3.8/site-packages/airflow/example_dags/tutorial_taskflow_api_virtualenv.py
[2023-11-23T04:17:13.753+0000] {processor.py:829} INFO - Processing file /home/airflow/.local/lib/python3.8/site-packages/airflow/example_dags/tutorial_taskflow_api_virtualenv.py for tasks to queue
[2023-11-23T04:17:13.760+0000] {logging_mixin.py:154} INFO - [2023-11-23T04:17:13.759+0000] {dagbag.py:536} INFO - Filling up the DagBag from /home/airflow/.local/lib/python3.8/site-packages/airflow/example_dags/tutorial_taskflow_api_virtualenv.py
[2023-11-23T04:17:13.776+0000] {processor.py:839} INFO - DAG(s) dict_keys(['tutorial_taskflow_api_virtualenv']) retrieved from /home/airflow/.local/lib/python3.8/site-packages/airflow/example_dags/tutorial_taskflow_api_virtualenv.py
[2023-11-23T04:17:13.819+0000] {logging_mixin.py:154} INFO - [2023-11-23T04:17:13.819+0000] {dag.py:2941} INFO - Sync 1 DAGs
[2023-11-23T04:17:13.868+0000] {logging_mixin.py:154} INFO - [2023-11-23T04:17:13.867+0000] {dag.py:3722} INFO - Setting next_dagrun for tutorial_taskflow_api_virtualenv to None, run_after=None
[2023-11-23T04:17:13.895+0000] {processor.py:179} INFO - Processing /home/airflow/.local/lib/python3.8/site-packages/airflow/example_dags/tutorial_taskflow_api_virtualenv.py took 0.157 seconds
[2023-11-23T04:17:44.466+0000] {processor.py:157} INFO - Started process (PID=401) to work on /home/airflow/.local/lib/python3.8/site-packages/airflow/example_dags/tutorial_taskflow_api_virtualenv.py
[2023-11-23T04:17:44.468+0000] {processor.py:829} INFO - Processing file /home/airflow/.local/lib/python3.8/site-packages/airflow/example_dags/tutorial_taskflow_api_virtualenv.py for tasks to queue
[2023-11-23T04:17:44.472+0000] {logging_mixin.py:154} INFO - [2023-11-23T04:17:44.471+0000] {dagbag.py:536} INFO - Filling up the DagBag from /home/airflow/.local/lib/python3.8/site-packages/airflow/example_dags/tutorial_taskflow_api_virtualenv.py
[2023-11-23T04:17:44.481+0000] {processor.py:839} INFO - DAG(s) dict_keys(['tutorial_taskflow_api_virtualenv']) retrieved from /home/airflow/.local/lib/python3.8/site-packages/airflow/example_dags/tutorial_taskflow_api_virtualenv.py
[2023-11-23T04:17:44.508+0000] {logging_mixin.py:154} INFO - [2023-11-23T04:17:44.508+0000] {dag.py:2941} INFO - Sync 1 DAGs
[2023-11-23T04:17:44.531+0000] {logging_mixin.py:154} INFO - [2023-11-23T04:17:44.531+0000] {dag.py:3722} INFO - Setting next_dagrun for tutorial_taskflow_api_virtualenv to None, run_after=None
[2023-11-23T04:17:44.566+0000] {processor.py:179} INFO - Processing /home/airflow/.local/lib/python3.8/site-packages/airflow/example_dags/tutorial_taskflow_api_virtualenv.py took 0.107 seconds
[2023-11-23T04:18:15.645+0000] {processor.py:157} INFO - Started process (PID=454) to work on /home/airflow/.local/lib/python3.8/site-packages/airflow/example_dags/tutorial_taskflow_api_virtualenv.py
[2023-11-23T04:18:15.648+0000] {processor.py:829} INFO - Processing file /home/airflow/.local/lib/python3.8/site-packages/airflow/example_dags/tutorial_taskflow_api_virtualenv.py for tasks to queue
[2023-11-23T04:18:15.653+0000] {logging_mixin.py:154} INFO - [2023-11-23T04:18:15.652+0000] {dagbag.py:536} INFO - Filling up the DagBag from /home/airflow/.local/lib/python3.8/site-packages/airflow/example_dags/tutorial_taskflow_api_virtualenv.py
[2023-11-23T04:18:15.703+0000] {processor.py:839} INFO - DAG(s) dict_keys(['tutorial_taskflow_api_virtualenv']) retrieved from /home/airflow/.local/lib/python3.8/site-packages/airflow/example_dags/tutorial_taskflow_api_virtualenv.py
[2023-11-23T04:18:15.760+0000] {logging_mixin.py:154} INFO - [2023-11-23T04:18:15.760+0000] {dag.py:2941} INFO - Sync 1 DAGs
[2023-11-23T04:18:15.797+0000] {logging_mixin.py:154} INFO - [2023-11-23T04:18:15.796+0000] {dag.py:3722} INFO - Setting next_dagrun for tutorial_taskflow_api_virtualenv to None, run_after=None
[2023-11-23T04:18:15.867+0000] {processor.py:179} INFO - Processing /home/airflow/.local/lib/python3.8/site-packages/airflow/example_dags/tutorial_taskflow_api_virtualenv.py took 0.230 seconds
[2023-11-23T04:18:47.985+0000] {processor.py:157} INFO - Started process (PID=515) to work on /home/airflow/.local/lib/python3.8/site-packages/airflow/example_dags/tutorial_taskflow_api_virtualenv.py
[2023-11-23T04:18:47.987+0000] {processor.py:829} INFO - Processing file /home/airflow/.local/lib/python3.8/site-packages/airflow/example_dags/tutorial_taskflow_api_virtualenv.py for tasks to queue
[2023-11-23T04:18:47.991+0000] {logging_mixin.py:154} INFO - [2023-11-23T04:18:47.991+0000] {dagbag.py:536} INFO - Filling up the DagBag from /home/airflow/.local/lib/python3.8/site-packages/airflow/example_dags/tutorial_taskflow_api_virtualenv.py
[2023-11-23T04:18:48.005+0000] {processor.py:839} INFO - DAG(s) dict_keys(['tutorial_taskflow_api_virtualenv']) retrieved from /home/airflow/.local/lib/python3.8/site-packages/airflow/example_dags/tutorial_taskflow_api_virtualenv.py
[2023-11-23T04:18:48.043+0000] {logging_mixin.py:154} INFO - [2023-11-23T04:18:48.043+0000] {dag.py:2941} INFO - Sync 1 DAGs
[2023-11-23T04:18:48.070+0000] {logging_mixin.py:154} INFO - [2023-11-23T04:18:48.070+0000] {dag.py:3722} INFO - Setting next_dagrun for tutorial_taskflow_api_virtualenv to None, run_after=None
[2023-11-23T04:18:48.110+0000] {processor.py:179} INFO - Processing /home/airflow/.local/lib/python3.8/site-packages/airflow/example_dags/tutorial_taskflow_api_virtualenv.py took 0.131 seconds
[2023-11-23T04:19:19.127+0000] {processor.py:157} INFO - Started process (PID=569) to work on /home/airflow/.local/lib/python3.8/site-packages/airflow/example_dags/tutorial_taskflow_api_virtualenv.py
[2023-11-23T04:19:19.139+0000] {processor.py:829} INFO - Processing file /home/airflow/.local/lib/python3.8/site-packages/airflow/example_dags/tutorial_taskflow_api_virtualenv.py for tasks to queue
[2023-11-23T04:19:19.151+0000] {logging_mixin.py:154} INFO - [2023-11-23T04:19:19.150+0000] {dagbag.py:536} INFO - Filling up the DagBag from /home/airflow/.local/lib/python3.8/site-packages/airflow/example_dags/tutorial_taskflow_api_virtualenv.py
[2023-11-23T04:19:19.195+0000] {processor.py:839} INFO - DAG(s) dict_keys(['tutorial_taskflow_api_virtualenv']) retrieved from /home/airflow/.local/lib/python3.8/site-packages/airflow/example_dags/tutorial_taskflow_api_virtualenv.py
[2023-11-23T04:19:19.313+0000] {logging_mixin.py:154} INFO - [2023-11-23T04:19:19.313+0000] {dag.py:2941} INFO - Sync 1 DAGs
[2023-11-23T04:19:19.364+0000] {logging_mixin.py:154} INFO - [2023-11-23T04:19:19.363+0000] {dag.py:3722} INFO - Setting next_dagrun for tutorial_taskflow_api_virtualenv to None, run_after=None
[2023-11-23T04:19:19.420+0000] {processor.py:179} INFO - Processing /home/airflow/.local/lib/python3.8/site-packages/airflow/example_dags/tutorial_taskflow_api_virtualenv.py took 0.325 seconds
[2023-11-23T04:19:49.653+0000] {processor.py:157} INFO - Started process (PID=623) to work on /home/airflow/.local/lib/python3.8/site-packages/airflow/example_dags/tutorial_taskflow_api_virtualenv.py
[2023-11-23T04:19:49.656+0000] {processor.py:829} INFO - Processing file /home/airflow/.local/lib/python3.8/site-packages/airflow/example_dags/tutorial_taskflow_api_virtualenv.py for tasks to queue
[2023-11-23T04:19:49.661+0000] {logging_mixin.py:154} INFO - [2023-11-23T04:19:49.661+0000] {dagbag.py:536} INFO - Filling up the DagBag from /home/airflow/.local/lib/python3.8/site-packages/airflow/example_dags/tutorial_taskflow_api_virtualenv.py
[2023-11-23T04:19:49.675+0000] {processor.py:839} INFO - DAG(s) dict_keys(['tutorial_taskflow_api_virtualenv']) retrieved from /home/airflow/.local/lib/python3.8/site-packages/airflow/example_dags/tutorial_taskflow_api_virtualenv.py
[2023-11-23T04:19:49.714+0000] {logging_mixin.py:154} INFO - [2023-11-23T04:19:49.714+0000] {dag.py:2941} INFO - Sync 1 DAGs
[2023-11-23T04:19:49.749+0000] {logging_mixin.py:154} INFO - [2023-11-23T04:19:49.749+0000] {dag.py:3722} INFO - Setting next_dagrun for tutorial_taskflow_api_virtualenv to None, run_after=None
[2023-11-23T04:19:49.811+0000] {processor.py:179} INFO - Processing /home/airflow/.local/lib/python3.8/site-packages/airflow/example_dags/tutorial_taskflow_api_virtualenv.py took 0.164 seconds
[2023-11-23T04:20:20.746+0000] {processor.py:157} INFO - Started process (PID=676) to work on /home/airflow/.local/lib/python3.8/site-packages/airflow/example_dags/tutorial_taskflow_api_virtualenv.py
[2023-11-23T04:20:20.748+0000] {processor.py:829} INFO - Processing file /home/airflow/.local/lib/python3.8/site-packages/airflow/example_dags/tutorial_taskflow_api_virtualenv.py for tasks to queue
[2023-11-23T04:20:20.754+0000] {logging_mixin.py:154} INFO - [2023-11-23T04:20:20.753+0000] {dagbag.py:536} INFO - Filling up the DagBag from /home/airflow/.local/lib/python3.8/site-packages/airflow/example_dags/tutorial_taskflow_api_virtualenv.py
[2023-11-23T04:20:20.771+0000] {processor.py:839} INFO - DAG(s) dict_keys(['tutorial_taskflow_api_virtualenv']) retrieved from /home/airflow/.local/lib/python3.8/site-packages/airflow/example_dags/tutorial_taskflow_api_virtualenv.py
[2023-11-23T04:20:20.818+0000] {logging_mixin.py:154} INFO - [2023-11-23T04:20:20.817+0000] {dag.py:2941} INFO - Sync 1 DAGs
[2023-11-23T04:20:20.840+0000] {logging_mixin.py:154} INFO - [2023-11-23T04:20:20.840+0000] {dag.py:3722} INFO - Setting next_dagrun for tutorial_taskflow_api_virtualenv to None, run_after=None
[2023-11-23T04:20:20.892+0000] {processor.py:179} INFO - Processing /home/airflow/.local/lib/python3.8/site-packages/airflow/example_dags/tutorial_taskflow_api_virtualenv.py took 0.152 seconds
[2023-11-23T04:20:51.723+0000] {processor.py:157} INFO - Started process (PID=730) to work on /home/airflow/.local/lib/python3.8/site-packages/airflow/example_dags/tutorial_taskflow_api_virtualenv.py
[2023-11-23T04:20:51.735+0000] {processor.py:829} INFO - Processing file /home/airflow/.local/lib/python3.8/site-packages/airflow/example_dags/tutorial_taskflow_api_virtualenv.py for tasks to queue
[2023-11-23T04:20:51.740+0000] {logging_mixin.py:154} INFO - [2023-11-23T04:20:51.740+0000] {dagbag.py:536} INFO - Filling up the DagBag from /home/airflow/.local/lib/python3.8/site-packages/airflow/example_dags/tutorial_taskflow_api_virtualenv.py
[2023-11-23T04:20:51.769+0000] {processor.py:839} INFO - DAG(s) dict_keys(['tutorial_taskflow_api_virtualenv']) retrieved from /home/airflow/.local/lib/python3.8/site-packages/airflow/example_dags/tutorial_taskflow_api_virtualenv.py
[2023-11-23T04:20:51.881+0000] {logging_mixin.py:154} INFO - [2023-11-23T04:20:51.881+0000] {dag.py:2941} INFO - Sync 1 DAGs
[2023-11-23T04:20:51.962+0000] {logging_mixin.py:154} INFO - [2023-11-23T04:20:51.962+0000] {dag.py:3722} INFO - Setting next_dagrun for tutorial_taskflow_api_virtualenv to None, run_after=None
[2023-11-23T04:20:52.090+0000] {processor.py:179} INFO - Processing /home/airflow/.local/lib/python3.8/site-packages/airflow/example_dags/tutorial_taskflow_api_virtualenv.py took 0.385 seconds
[2023-11-23T04:21:26.861+0000] {processor.py:157} INFO - Started process (PID=784) to work on /home/airflow/.local/lib/python3.8/site-packages/airflow/example_dags/tutorial_taskflow_api_virtualenv.py
[2023-11-23T04:21:26.867+0000] {processor.py:829} INFO - Processing file /home/airflow/.local/lib/python3.8/site-packages/airflow/example_dags/tutorial_taskflow_api_virtualenv.py for tasks to queue
[2023-11-23T04:21:26.883+0000] {logging_mixin.py:154} INFO - [2023-11-23T04:21:26.882+0000] {dagbag.py:536} INFO - Filling up the DagBag from /home/airflow/.local/lib/python3.8/site-packages/airflow/example_dags/tutorial_taskflow_api_virtualenv.py
[2023-11-23T04:21:26.928+0000] {processor.py:839} INFO - DAG(s) dict_keys(['tutorial_taskflow_api_virtualenv']) retrieved from /home/airflow/.local/lib/python3.8/site-packages/airflow/example_dags/tutorial_taskflow_api_virtualenv.py
[2023-11-23T04:21:27.125+0000] {logging_mixin.py:154} INFO - [2023-11-23T04:21:27.125+0000] {dag.py:2941} INFO - Sync 1 DAGs
[2023-11-23T04:21:27.170+0000] {logging_mixin.py:154} INFO - [2023-11-23T04:21:27.169+0000] {dag.py:3722} INFO - Setting next_dagrun for tutorial_taskflow_api_virtualenv to None, run_after=None
[2023-11-23T04:21:27.430+0000] {processor.py:179} INFO - Processing /home/airflow/.local/lib/python3.8/site-packages/airflow/example_dags/tutorial_taskflow_api_virtualenv.py took 0.650 seconds
[2023-11-23T04:21:57.873+0000] {processor.py:157} INFO - Started process (PID=838) to work on /home/airflow/.local/lib/python3.8/site-packages/airflow/example_dags/tutorial_taskflow_api_virtualenv.py
[2023-11-23T04:21:57.879+0000] {processor.py:829} INFO - Processing file /home/airflow/.local/lib/python3.8/site-packages/airflow/example_dags/tutorial_taskflow_api_virtualenv.py for tasks to queue
[2023-11-23T04:21:57.885+0000] {logging_mixin.py:154} INFO - [2023-11-23T04:21:57.885+0000] {dagbag.py:536} INFO - Filling up the DagBag from /home/airflow/.local/lib/python3.8/site-packages/airflow/example_dags/tutorial_taskflow_api_virtualenv.py
[2023-11-23T04:21:57.964+0000] {processor.py:839} INFO - DAG(s) dict_keys(['tutorial_taskflow_api_virtualenv']) retrieved from /home/airflow/.local/lib/python3.8/site-packages/airflow/example_dags/tutorial_taskflow_api_virtualenv.py
[2023-11-23T04:21:58.028+0000] {logging_mixin.py:154} INFO - [2023-11-23T04:21:58.026+0000] {dag.py:2941} INFO - Sync 1 DAGs
[2023-11-23T04:21:58.088+0000] {logging_mixin.py:154} INFO - [2023-11-23T04:21:58.087+0000] {dag.py:3722} INFO - Setting next_dagrun for tutorial_taskflow_api_virtualenv to None, run_after=None
[2023-11-23T04:21:58.154+0000] {processor.py:179} INFO - Processing /home/airflow/.local/lib/python3.8/site-packages/airflow/example_dags/tutorial_taskflow_api_virtualenv.py took 0.298 seconds
