[2023-11-25T01:44:16.757+0000] {taskinstance.py:1159} INFO - Dependencies all met for dep_context=non-requeueable deps ti=<TaskInstance: outcomes_dag.extract scheduled__2023-11-24T00:00:00+00:00 [queued]>
[2023-11-25T01:44:16.777+0000] {taskinstance.py:1159} INFO - Dependencies all met for dep_context=requeueable deps ti=<TaskInstance: outcomes_dag.extract scheduled__2023-11-24T00:00:00+00:00 [queued]>
[2023-11-25T01:44:16.778+0000] {taskinstance.py:1361} INFO - Starting attempt 3 of 3
[2023-11-25T01:44:16.796+0000] {taskinstance.py:1382} INFO - Executing <Task(PythonOperator): extract> on 2023-11-24 00:00:00+00:00
[2023-11-25T01:44:16.802+0000] {standard_task_runner.py:57} INFO - Started process 970 to run task
[2023-11-25T01:44:16.806+0000] {standard_task_runner.py:84} INFO - Running: ['***', 'tasks', 'run', 'outcomes_dag', 'extract', 'scheduled__2023-11-24T00:00:00+00:00', '--job-id', '25', '--raw', '--subdir', 'DAGS_FOLDER/outcomes_dag.py', '--cfg-path', '/tmp/tmpi05t7yt0']
[2023-11-25T01:44:16.810+0000] {standard_task_runner.py:85} INFO - Job 25: Subtask extract
[2023-11-25T01:44:16.866+0000] {task_command.py:416} INFO - Running <TaskInstance: outcomes_dag.extract scheduled__2023-11-24T00:00:00+00:00 [running]> on host 8e76b4343da0
[2023-11-25T01:44:16.997+0000] {taskinstance.py:1662} INFO - Exporting env vars: AIRFLOW_CTX_DAG_OWNER='***' AIRFLOW_CTX_DAG_ID='outcomes_dag' AIRFLOW_CTX_TASK_ID='extract' AIRFLOW_CTX_EXECUTION_DATE='2023-11-24T00:00:00+00:00' AIRFLOW_CTX_TRY_NUMBER='3' AIRFLOW_CTX_DAG_RUN_ID='scheduled__2023-11-24T00:00:00+00:00'
[2023-11-25T01:44:17.868+0000] {python.py:194} INFO - Done. Returned value was: None
[2023-11-25T01:44:17.908+0000] {taskinstance.py:1400} INFO - Marking task as SUCCESS. dag_id=outcomes_dag, task_id=extract, execution_date=20231124T000000, start_date=20231125T014416, end_date=20231125T014417
[2023-11-25T01:44:17.981+0000] {local_task_job_runner.py:228} INFO - Task exited with return code 0
[2023-11-25T01:44:18.008+0000] {taskinstance.py:2778} INFO - 0 downstream tasks scheduled from follow-on schedule check
[2023-11-25T20:53:08.885+0000] {taskinstance.py:1159} INFO - Dependencies all met for dep_context=non-requeueable deps ti=<TaskInstance: outcomes_dag.extract scheduled__2023-11-24T00:00:00+00:00 [queued]>
[2023-11-25T20:53:08.899+0000] {taskinstance.py:1159} INFO - Dependencies all met for dep_context=requeueable deps ti=<TaskInstance: outcomes_dag.extract scheduled__2023-11-24T00:00:00+00:00 [queued]>
[2023-11-25T20:53:08.899+0000] {taskinstance.py:1361} INFO - Starting attempt 3 of 3
[2023-11-25T20:53:08.916+0000] {taskinstance.py:1382} INFO - Executing <Task(PythonOperator): extract> on 2023-11-24 00:00:00+00:00
[2023-11-25T20:53:08.922+0000] {standard_task_runner.py:57} INFO - Started process 604 to run task
[2023-11-25T20:53:08.926+0000] {standard_task_runner.py:84} INFO - Running: ['***', 'tasks', 'run', 'outcomes_dag', 'extract', 'scheduled__2023-11-24T00:00:00+00:00', '--job-id', '55', '--raw', '--subdir', 'DAGS_FOLDER/outcomes_dag.py', '--cfg-path', '/tmp/tmp7cjzk5il']
[2023-11-25T20:53:08.929+0000] {standard_task_runner.py:85} INFO - Job 55: Subtask extract
[2023-11-25T20:53:08.980+0000] {task_command.py:416} INFO - Running <TaskInstance: outcomes_dag.extract scheduled__2023-11-24T00:00:00+00:00 [running]> on host 17ac1e2d02c6
[2023-11-25T20:53:09.066+0000] {taskinstance.py:1662} INFO - Exporting env vars: AIRFLOW_CTX_DAG_OWNER='***' AIRFLOW_CTX_DAG_ID='outcomes_dag' AIRFLOW_CTX_TASK_ID='extract' AIRFLOW_CTX_EXECUTION_DATE='2023-11-24T00:00:00+00:00' AIRFLOW_CTX_TRY_NUMBER='3' AIRFLOW_CTX_DAG_RUN_ID='scheduled__2023-11-24T00:00:00+00:00'
[2023-11-25T20:53:10.156+0000] {python.py:194} INFO - Done. Returned value was: None
[2023-11-25T20:53:10.182+0000] {taskinstance.py:1400} INFO - Marking task as SUCCESS. dag_id=outcomes_dag, task_id=extract, execution_date=20231124T000000, start_date=20231125T205308, end_date=20231125T205310
[2023-11-25T20:53:10.230+0000] {local_task_job_runner.py:228} INFO - Task exited with return code 0
[2023-11-25T20:53:10.267+0000] {taskinstance.py:2778} INFO - 1 downstream tasks scheduled from follow-on schedule check
[2023-11-26T03:05:23.167+0000] {taskinstance.py:1159} INFO - Dependencies all met for dep_context=non-requeueable deps ti=<TaskInstance: outcomes_dag.extract scheduled__2023-11-24T00:00:00+00:00 [queued]>
[2023-11-26T03:05:23.180+0000] {taskinstance.py:1159} INFO - Dependencies all met for dep_context=requeueable deps ti=<TaskInstance: outcomes_dag.extract scheduled__2023-11-24T00:00:00+00:00 [queued]>
[2023-11-26T03:05:23.181+0000] {taskinstance.py:1361} INFO - Starting attempt 3 of 3
[2023-11-26T03:05:23.195+0000] {taskinstance.py:1382} INFO - Executing <Task(PythonOperator): extract> on 2023-11-24 00:00:00+00:00
[2023-11-26T03:05:23.200+0000] {standard_task_runner.py:57} INFO - Started process 850 to run task
[2023-11-26T03:05:23.204+0000] {standard_task_runner.py:84} INFO - Running: ['***', 'tasks', 'run', 'outcomes_dag', 'extract', 'scheduled__2023-11-24T00:00:00+00:00', '--job-id', '149', '--raw', '--subdir', 'DAGS_FOLDER/outcomes_dag.py', '--cfg-path', '/tmp/tmpdx2drj0b']
[2023-11-26T03:05:23.207+0000] {standard_task_runner.py:85} INFO - Job 149: Subtask extract
[2023-11-26T03:05:23.260+0000] {task_command.py:416} INFO - Running <TaskInstance: outcomes_dag.extract scheduled__2023-11-24T00:00:00+00:00 [running]> on host d8c33f99ee50
[2023-11-26T03:05:23.349+0000] {taskinstance.py:1662} INFO - Exporting env vars: AIRFLOW_CTX_DAG_OWNER='***' AIRFLOW_CTX_DAG_ID='outcomes_dag' AIRFLOW_CTX_TASK_ID='extract' AIRFLOW_CTX_EXECUTION_DATE='2023-11-24T00:00:00+00:00' AIRFLOW_CTX_TRY_NUMBER='3' AIRFLOW_CTX_DAG_RUN_ID='scheduled__2023-11-24T00:00:00+00:00'
[2023-11-26T03:05:24.444+0000] {python.py:194} INFO - Done. Returned value was: None
[2023-11-26T03:05:24.458+0000] {taskinstance.py:1400} INFO - Marking task as SUCCESS. dag_id=outcomes_dag, task_id=extract, execution_date=20231124T000000, start_date=20231126T030523, end_date=20231126T030524
[2023-11-26T03:05:24.509+0000] {local_task_job_runner.py:228} INFO - Task exited with return code 0
[2023-11-26T03:05:24.550+0000] {taskinstance.py:2778} INFO - 0 downstream tasks scheduled from follow-on schedule check
