[2023-11-20T19:35:58.335+0000] {processor.py:157} INFO - Started process (PID=67) to work on /home/airflow/.local/lib/python3.8/site-packages/airflow/example_dags/example_bash_operator.py
[2023-11-20T19:35:58.341+0000] {processor.py:829} INFO - Processing file /home/airflow/.local/lib/python3.8/site-packages/airflow/example_dags/example_bash_operator.py for tasks to queue
[2023-11-20T19:35:58.355+0000] {logging_mixin.py:154} INFO - [2023-11-20T19:35:58.355+0000] {dagbag.py:536} INFO - Filling up the DagBag from /home/airflow/.local/lib/python3.8/site-packages/airflow/example_dags/example_bash_operator.py
[2023-11-20T19:35:58.418+0000] {processor.py:839} INFO - DAG(s) dict_keys(['example_bash_operator']) retrieved from /home/airflow/.local/lib/python3.8/site-packages/airflow/example_dags/example_bash_operator.py
[2023-11-20T19:35:58.635+0000] {logging_mixin.py:154} INFO - [2023-11-20T19:35:58.635+0000] {dag.py:2941} INFO - Sync 1 DAGs
[2023-11-20T19:35:58.888+0000] {logging_mixin.py:154} INFO - [2023-11-20T19:35:58.888+0000] {dag.py:3722} INFO - Setting next_dagrun for example_bash_operator to 2023-11-19T00:00:00+00:00, run_after=2023-11-20T00:00:00+00:00
[2023-11-20T19:35:58.980+0000] {processor.py:179} INFO - Processing /home/airflow/.local/lib/python3.8/site-packages/airflow/example_dags/example_bash_operator.py took 0.650 seconds
[2023-11-20T19:36:30.293+0000] {processor.py:157} INFO - Started process (PID=120) to work on /home/airflow/.local/lib/python3.8/site-packages/airflow/example_dags/example_bash_operator.py
[2023-11-20T19:36:30.294+0000] {processor.py:829} INFO - Processing file /home/airflow/.local/lib/python3.8/site-packages/airflow/example_dags/example_bash_operator.py for tasks to queue
[2023-11-20T19:36:30.298+0000] {logging_mixin.py:154} INFO - [2023-11-20T19:36:30.298+0000] {dagbag.py:536} INFO - Filling up the DagBag from /home/airflow/.local/lib/python3.8/site-packages/airflow/example_dags/example_bash_operator.py
[2023-11-20T19:36:30.326+0000] {processor.py:839} INFO - DAG(s) dict_keys(['example_bash_operator']) retrieved from /home/airflow/.local/lib/python3.8/site-packages/airflow/example_dags/example_bash_operator.py
[2023-11-20T19:36:30.387+0000] {logging_mixin.py:154} INFO - [2023-11-20T19:36:30.387+0000] {dag.py:2941} INFO - Sync 1 DAGs
[2023-11-20T19:36:30.452+0000] {logging_mixin.py:154} INFO - [2023-11-20T19:36:30.452+0000] {dag.py:3722} INFO - Setting next_dagrun for example_bash_operator to 2023-11-19T00:00:00+00:00, run_after=2023-11-20T00:00:00+00:00
[2023-11-20T19:36:30.489+0000] {processor.py:179} INFO - Processing /home/airflow/.local/lib/python3.8/site-packages/airflow/example_dags/example_bash_operator.py took 0.201 seconds
[2023-11-20T19:37:01.904+0000] {processor.py:157} INFO - Started process (PID=174) to work on /home/airflow/.local/lib/python3.8/site-packages/airflow/example_dags/example_bash_operator.py
[2023-11-20T19:37:01.908+0000] {processor.py:829} INFO - Processing file /home/airflow/.local/lib/python3.8/site-packages/airflow/example_dags/example_bash_operator.py for tasks to queue
[2023-11-20T19:37:01.913+0000] {logging_mixin.py:154} INFO - [2023-11-20T19:37:01.912+0000] {dagbag.py:536} INFO - Filling up the DagBag from /home/airflow/.local/lib/python3.8/site-packages/airflow/example_dags/example_bash_operator.py
[2023-11-20T19:37:01.932+0000] {processor.py:839} INFO - DAG(s) dict_keys(['example_bash_operator']) retrieved from /home/airflow/.local/lib/python3.8/site-packages/airflow/example_dags/example_bash_operator.py
[2023-11-20T19:37:01.980+0000] {logging_mixin.py:154} INFO - [2023-11-20T19:37:01.980+0000] {dag.py:2941} INFO - Sync 1 DAGs
[2023-11-20T19:37:02.035+0000] {logging_mixin.py:154} INFO - [2023-11-20T19:37:02.034+0000] {dag.py:3722} INFO - Setting next_dagrun for example_bash_operator to 2023-11-19T00:00:00+00:00, run_after=2023-11-20T00:00:00+00:00
[2023-11-20T19:37:02.078+0000] {processor.py:179} INFO - Processing /home/airflow/.local/lib/python3.8/site-packages/airflow/example_dags/example_bash_operator.py took 0.179 seconds
[2023-11-20T19:37:32.655+0000] {processor.py:157} INFO - Started process (PID=227) to work on /home/airflow/.local/lib/python3.8/site-packages/airflow/example_dags/example_bash_operator.py
[2023-11-20T19:37:32.661+0000] {processor.py:829} INFO - Processing file /home/airflow/.local/lib/python3.8/site-packages/airflow/example_dags/example_bash_operator.py for tasks to queue
[2023-11-20T19:37:32.667+0000] {logging_mixin.py:154} INFO - [2023-11-20T19:37:32.667+0000] {dagbag.py:536} INFO - Filling up the DagBag from /home/airflow/.local/lib/python3.8/site-packages/airflow/example_dags/example_bash_operator.py
[2023-11-20T19:37:32.692+0000] {processor.py:839} INFO - DAG(s) dict_keys(['example_bash_operator']) retrieved from /home/airflow/.local/lib/python3.8/site-packages/airflow/example_dags/example_bash_operator.py
[2023-11-20T19:37:32.736+0000] {logging_mixin.py:154} INFO - [2023-11-20T19:37:32.736+0000] {dag.py:2941} INFO - Sync 1 DAGs
[2023-11-20T19:37:32.773+0000] {logging_mixin.py:154} INFO - [2023-11-20T19:37:32.772+0000] {dag.py:3722} INFO - Setting next_dagrun for example_bash_operator to 2023-11-19T00:00:00+00:00, run_after=2023-11-20T00:00:00+00:00
[2023-11-20T19:37:32.805+0000] {processor.py:179} INFO - Processing /home/airflow/.local/lib/python3.8/site-packages/airflow/example_dags/example_bash_operator.py took 0.162 seconds
[2023-11-20T19:38:05.823+0000] {processor.py:157} INFO - Started process (PID=280) to work on /home/airflow/.local/lib/python3.8/site-packages/airflow/example_dags/example_bash_operator.py
[2023-11-20T19:38:05.831+0000] {processor.py:829} INFO - Processing file /home/airflow/.local/lib/python3.8/site-packages/airflow/example_dags/example_bash_operator.py for tasks to queue
[2023-11-20T19:38:05.842+0000] {logging_mixin.py:154} INFO - [2023-11-20T19:38:05.841+0000] {dagbag.py:536} INFO - Filling up the DagBag from /home/airflow/.local/lib/python3.8/site-packages/airflow/example_dags/example_bash_operator.py
[2023-11-20T19:38:05.882+0000] {processor.py:839} INFO - DAG(s) dict_keys(['example_bash_operator']) retrieved from /home/airflow/.local/lib/python3.8/site-packages/airflow/example_dags/example_bash_operator.py
[2023-11-20T19:38:06.062+0000] {logging_mixin.py:154} INFO - [2023-11-20T19:38:06.061+0000] {dag.py:2941} INFO - Sync 1 DAGs
[2023-11-20T19:38:06.191+0000] {logging_mixin.py:154} INFO - [2023-11-20T19:38:06.190+0000] {dag.py:3722} INFO - Setting next_dagrun for example_bash_operator to 2023-11-19T00:00:00+00:00, run_after=2023-11-20T00:00:00+00:00
[2023-11-20T19:38:06.222+0000] {processor.py:179} INFO - Processing /home/airflow/.local/lib/python3.8/site-packages/airflow/example_dags/example_bash_operator.py took 0.416 seconds
[2023-11-20T19:38:37.971+0000] {processor.py:157} INFO - Started process (PID=334) to work on /home/airflow/.local/lib/python3.8/site-packages/airflow/example_dags/example_bash_operator.py
[2023-11-20T19:38:37.980+0000] {processor.py:829} INFO - Processing file /home/airflow/.local/lib/python3.8/site-packages/airflow/example_dags/example_bash_operator.py for tasks to queue
[2023-11-20T19:38:37.988+0000] {logging_mixin.py:154} INFO - [2023-11-20T19:38:37.988+0000] {dagbag.py:536} INFO - Filling up the DagBag from /home/airflow/.local/lib/python3.8/site-packages/airflow/example_dags/example_bash_operator.py
[2023-11-20T19:38:38.075+0000] {processor.py:839} INFO - DAG(s) dict_keys(['example_bash_operator']) retrieved from /home/airflow/.local/lib/python3.8/site-packages/airflow/example_dags/example_bash_operator.py
[2023-11-20T19:38:38.315+0000] {logging_mixin.py:154} INFO - [2023-11-20T19:38:38.314+0000] {dag.py:2941} INFO - Sync 1 DAGs
[2023-11-20T19:38:38.460+0000] {logging_mixin.py:154} INFO - [2023-11-20T19:38:38.460+0000] {dag.py:3722} INFO - Setting next_dagrun for example_bash_operator to 2023-11-19T00:00:00+00:00, run_after=2023-11-20T00:00:00+00:00
[2023-11-20T19:38:38.536+0000] {processor.py:179} INFO - Processing /home/airflow/.local/lib/python3.8/site-packages/airflow/example_dags/example_bash_operator.py took 0.576 seconds
[2023-11-20T19:39:09.074+0000] {processor.py:157} INFO - Started process (PID=387) to work on /home/airflow/.local/lib/python3.8/site-packages/airflow/example_dags/example_bash_operator.py
[2023-11-20T19:39:09.081+0000] {processor.py:829} INFO - Processing file /home/airflow/.local/lib/python3.8/site-packages/airflow/example_dags/example_bash_operator.py for tasks to queue
[2023-11-20T19:39:09.092+0000] {logging_mixin.py:154} INFO - [2023-11-20T19:39:09.092+0000] {dagbag.py:536} INFO - Filling up the DagBag from /home/airflow/.local/lib/python3.8/site-packages/airflow/example_dags/example_bash_operator.py
[2023-11-20T19:39:09.119+0000] {processor.py:839} INFO - DAG(s) dict_keys(['example_bash_operator']) retrieved from /home/airflow/.local/lib/python3.8/site-packages/airflow/example_dags/example_bash_operator.py
[2023-11-20T19:39:09.175+0000] {logging_mixin.py:154} INFO - [2023-11-20T19:39:09.174+0000] {dag.py:2941} INFO - Sync 1 DAGs
[2023-11-20T19:39:09.222+0000] {logging_mixin.py:154} INFO - [2023-11-20T19:39:09.221+0000] {dag.py:3722} INFO - Setting next_dagrun for example_bash_operator to 2023-11-19T00:00:00+00:00, run_after=2023-11-20T00:00:00+00:00
[2023-11-20T19:39:09.269+0000] {processor.py:179} INFO - Processing /home/airflow/.local/lib/python3.8/site-packages/airflow/example_dags/example_bash_operator.py took 0.214 seconds
[2023-11-20T19:39:39.409+0000] {processor.py:157} INFO - Started process (PID=440) to work on /home/airflow/.local/lib/python3.8/site-packages/airflow/example_dags/example_bash_operator.py
[2023-11-20T19:39:39.419+0000] {processor.py:829} INFO - Processing file /home/airflow/.local/lib/python3.8/site-packages/airflow/example_dags/example_bash_operator.py for tasks to queue
[2023-11-20T19:39:39.427+0000] {logging_mixin.py:154} INFO - [2023-11-20T19:39:39.426+0000] {dagbag.py:536} INFO - Filling up the DagBag from /home/airflow/.local/lib/python3.8/site-packages/airflow/example_dags/example_bash_operator.py
[2023-11-20T19:39:39.450+0000] {processor.py:839} INFO - DAG(s) dict_keys(['example_bash_operator']) retrieved from /home/airflow/.local/lib/python3.8/site-packages/airflow/example_dags/example_bash_operator.py
[2023-11-20T19:39:39.498+0000] {logging_mixin.py:154} INFO - [2023-11-20T19:39:39.497+0000] {dag.py:2941} INFO - Sync 1 DAGs
[2023-11-20T19:39:39.535+0000] {logging_mixin.py:154} INFO - [2023-11-20T19:39:39.535+0000] {dag.py:3722} INFO - Setting next_dagrun for example_bash_operator to 2023-11-19T00:00:00+00:00, run_after=2023-11-20T00:00:00+00:00
[2023-11-20T19:39:39.563+0000] {processor.py:179} INFO - Processing /home/airflow/.local/lib/python3.8/site-packages/airflow/example_dags/example_bash_operator.py took 0.163 seconds
[2023-11-20T19:40:10.390+0000] {processor.py:157} INFO - Started process (PID=494) to work on /home/airflow/.local/lib/python3.8/site-packages/airflow/example_dags/example_bash_operator.py
[2023-11-20T19:40:10.405+0000] {processor.py:829} INFO - Processing file /home/airflow/.local/lib/python3.8/site-packages/airflow/example_dags/example_bash_operator.py for tasks to queue
[2023-11-20T19:40:10.417+0000] {logging_mixin.py:154} INFO - [2023-11-20T19:40:10.416+0000] {dagbag.py:536} INFO - Filling up the DagBag from /home/airflow/.local/lib/python3.8/site-packages/airflow/example_dags/example_bash_operator.py
[2023-11-20T19:40:10.487+0000] {processor.py:839} INFO - DAG(s) dict_keys(['example_bash_operator']) retrieved from /home/airflow/.local/lib/python3.8/site-packages/airflow/example_dags/example_bash_operator.py
[2023-11-20T19:40:10.573+0000] {logging_mixin.py:154} INFO - [2023-11-20T19:40:10.573+0000] {dag.py:2941} INFO - Sync 1 DAGs
[2023-11-20T19:40:10.625+0000] {logging_mixin.py:154} INFO - [2023-11-20T19:40:10.625+0000] {dag.py:3722} INFO - Setting next_dagrun for example_bash_operator to 2023-11-19T00:00:00+00:00, run_after=2023-11-20T00:00:00+00:00
[2023-11-20T19:40:10.725+0000] {processor.py:179} INFO - Processing /home/airflow/.local/lib/python3.8/site-packages/airflow/example_dags/example_bash_operator.py took 0.350 seconds
[2023-11-20T19:40:40.801+0000] {processor.py:157} INFO - Started process (PID=548) to work on /home/airflow/.local/lib/python3.8/site-packages/airflow/example_dags/example_bash_operator.py
[2023-11-20T19:40:40.810+0000] {processor.py:829} INFO - Processing file /home/airflow/.local/lib/python3.8/site-packages/airflow/example_dags/example_bash_operator.py for tasks to queue
[2023-11-20T19:40:40.821+0000] {logging_mixin.py:154} INFO - [2023-11-20T19:40:40.821+0000] {dagbag.py:536} INFO - Filling up the DagBag from /home/airflow/.local/lib/python3.8/site-packages/airflow/example_dags/example_bash_operator.py
[2023-11-20T19:40:40.845+0000] {processor.py:839} INFO - DAG(s) dict_keys(['example_bash_operator']) retrieved from /home/airflow/.local/lib/python3.8/site-packages/airflow/example_dags/example_bash_operator.py
[2023-11-20T19:40:40.953+0000] {logging_mixin.py:154} INFO - [2023-11-20T19:40:40.953+0000] {dag.py:2941} INFO - Sync 1 DAGs
[2023-11-20T19:40:41.026+0000] {logging_mixin.py:154} INFO - [2023-11-20T19:40:41.025+0000] {dag.py:3722} INFO - Setting next_dagrun for example_bash_operator to 2023-11-19T00:00:00+00:00, run_after=2023-11-20T00:00:00+00:00
[2023-11-20T19:40:41.060+0000] {processor.py:179} INFO - Processing /home/airflow/.local/lib/python3.8/site-packages/airflow/example_dags/example_bash_operator.py took 0.265 seconds
[2023-11-20T19:41:12.027+0000] {processor.py:157} INFO - Started process (PID=601) to work on /home/airflow/.local/lib/python3.8/site-packages/airflow/example_dags/example_bash_operator.py
[2023-11-20T19:41:12.030+0000] {processor.py:829} INFO - Processing file /home/airflow/.local/lib/python3.8/site-packages/airflow/example_dags/example_bash_operator.py for tasks to queue
[2023-11-20T19:41:12.040+0000] {logging_mixin.py:154} INFO - [2023-11-20T19:41:12.039+0000] {dagbag.py:536} INFO - Filling up the DagBag from /home/airflow/.local/lib/python3.8/site-packages/airflow/example_dags/example_bash_operator.py
[2023-11-20T19:41:12.063+0000] {processor.py:839} INFO - DAG(s) dict_keys(['example_bash_operator']) retrieved from /home/airflow/.local/lib/python3.8/site-packages/airflow/example_dags/example_bash_operator.py
[2023-11-20T19:41:12.117+0000] {logging_mixin.py:154} INFO - [2023-11-20T19:41:12.117+0000] {dag.py:2941} INFO - Sync 1 DAGs
[2023-11-20T19:41:12.152+0000] {logging_mixin.py:154} INFO - [2023-11-20T19:41:12.152+0000] {dag.py:3722} INFO - Setting next_dagrun for example_bash_operator to 2023-11-19T00:00:00+00:00, run_after=2023-11-20T00:00:00+00:00
[2023-11-20T19:41:12.188+0000] {processor.py:179} INFO - Processing /home/airflow/.local/lib/python3.8/site-packages/airflow/example_dags/example_bash_operator.py took 0.173 seconds
[2023-11-20T19:41:42.737+0000] {processor.py:157} INFO - Started process (PID=655) to work on /home/airflow/.local/lib/python3.8/site-packages/airflow/example_dags/example_bash_operator.py
[2023-11-20T19:41:42.741+0000] {processor.py:829} INFO - Processing file /home/airflow/.local/lib/python3.8/site-packages/airflow/example_dags/example_bash_operator.py for tasks to queue
[2023-11-20T19:41:42.745+0000] {logging_mixin.py:154} INFO - [2023-11-20T19:41:42.745+0000] {dagbag.py:536} INFO - Filling up the DagBag from /home/airflow/.local/lib/python3.8/site-packages/airflow/example_dags/example_bash_operator.py
[2023-11-20T19:41:42.792+0000] {processor.py:839} INFO - DAG(s) dict_keys(['example_bash_operator']) retrieved from /home/airflow/.local/lib/python3.8/site-packages/airflow/example_dags/example_bash_operator.py
[2023-11-20T19:41:42.852+0000] {logging_mixin.py:154} INFO - [2023-11-20T19:41:42.852+0000] {dag.py:2941} INFO - Sync 1 DAGs
[2023-11-20T19:41:42.900+0000] {logging_mixin.py:154} INFO - [2023-11-20T19:41:42.900+0000] {dag.py:3722} INFO - Setting next_dagrun for example_bash_operator to 2023-11-19T00:00:00+00:00, run_after=2023-11-20T00:00:00+00:00
[2023-11-20T19:41:42.935+0000] {processor.py:179} INFO - Processing /home/airflow/.local/lib/python3.8/site-packages/airflow/example_dags/example_bash_operator.py took 0.206 seconds
[2023-11-20T19:42:13.498+0000] {processor.py:157} INFO - Started process (PID=709) to work on /home/airflow/.local/lib/python3.8/site-packages/airflow/example_dags/example_bash_operator.py
[2023-11-20T19:42:13.500+0000] {processor.py:829} INFO - Processing file /home/airflow/.local/lib/python3.8/site-packages/airflow/example_dags/example_bash_operator.py for tasks to queue
[2023-11-20T19:42:13.504+0000] {logging_mixin.py:154} INFO - [2023-11-20T19:42:13.503+0000] {dagbag.py:536} INFO - Filling up the DagBag from /home/airflow/.local/lib/python3.8/site-packages/airflow/example_dags/example_bash_operator.py
[2023-11-20T19:42:13.527+0000] {processor.py:839} INFO - DAG(s) dict_keys(['example_bash_operator']) retrieved from /home/airflow/.local/lib/python3.8/site-packages/airflow/example_dags/example_bash_operator.py
[2023-11-20T19:42:13.566+0000] {logging_mixin.py:154} INFO - [2023-11-20T19:42:13.566+0000] {dag.py:2941} INFO - Sync 1 DAGs
[2023-11-20T19:42:13.595+0000] {logging_mixin.py:154} INFO - [2023-11-20T19:42:13.594+0000] {dag.py:3722} INFO - Setting next_dagrun for example_bash_operator to 2023-11-19T00:00:00+00:00, run_after=2023-11-20T00:00:00+00:00
[2023-11-20T19:42:13.616+0000] {processor.py:179} INFO - Processing /home/airflow/.local/lib/python3.8/site-packages/airflow/example_dags/example_bash_operator.py took 0.127 seconds
[2023-11-20T19:42:45.133+0000] {processor.py:157} INFO - Started process (PID=763) to work on /home/airflow/.local/lib/python3.8/site-packages/airflow/example_dags/example_bash_operator.py
[2023-11-20T19:42:45.146+0000] {processor.py:829} INFO - Processing file /home/airflow/.local/lib/python3.8/site-packages/airflow/example_dags/example_bash_operator.py for tasks to queue
[2023-11-20T19:42:45.167+0000] {logging_mixin.py:154} INFO - [2023-11-20T19:42:45.166+0000] {dagbag.py:536} INFO - Filling up the DagBag from /home/airflow/.local/lib/python3.8/site-packages/airflow/example_dags/example_bash_operator.py
[2023-11-20T19:42:45.217+0000] {processor.py:839} INFO - DAG(s) dict_keys(['example_bash_operator']) retrieved from /home/airflow/.local/lib/python3.8/site-packages/airflow/example_dags/example_bash_operator.py
[2023-11-20T19:42:45.307+0000] {logging_mixin.py:154} INFO - [2023-11-20T19:42:45.307+0000] {dag.py:2941} INFO - Sync 1 DAGs
[2023-11-20T19:42:45.370+0000] {logging_mixin.py:154} INFO - [2023-11-20T19:42:45.369+0000] {dag.py:3722} INFO - Setting next_dagrun for example_bash_operator to 2023-11-19T00:00:00+00:00, run_after=2023-11-20T00:00:00+00:00
[2023-11-20T19:42:45.474+0000] {processor.py:179} INFO - Processing /home/airflow/.local/lib/python3.8/site-packages/airflow/example_dags/example_bash_operator.py took 0.350 seconds
[2023-11-20T19:43:15.826+0000] {processor.py:157} INFO - Started process (PID=817) to work on /home/airflow/.local/lib/python3.8/site-packages/airflow/example_dags/example_bash_operator.py
[2023-11-20T19:43:15.827+0000] {processor.py:829} INFO - Processing file /home/airflow/.local/lib/python3.8/site-packages/airflow/example_dags/example_bash_operator.py for tasks to queue
[2023-11-20T19:43:15.831+0000] {logging_mixin.py:154} INFO - [2023-11-20T19:43:15.830+0000] {dagbag.py:536} INFO - Filling up the DagBag from /home/airflow/.local/lib/python3.8/site-packages/airflow/example_dags/example_bash_operator.py
[2023-11-20T19:43:15.847+0000] {processor.py:839} INFO - DAG(s) dict_keys(['example_bash_operator']) retrieved from /home/airflow/.local/lib/python3.8/site-packages/airflow/example_dags/example_bash_operator.py
[2023-11-20T19:43:15.892+0000] {logging_mixin.py:154} INFO - [2023-11-20T19:43:15.891+0000] {dag.py:2941} INFO - Sync 1 DAGs
[2023-11-20T19:43:15.922+0000] {logging_mixin.py:154} INFO - [2023-11-20T19:43:15.922+0000] {dag.py:3722} INFO - Setting next_dagrun for example_bash_operator to 2023-11-19T00:00:00+00:00, run_after=2023-11-20T00:00:00+00:00
[2023-11-20T19:43:15.949+0000] {processor.py:179} INFO - Processing /home/airflow/.local/lib/python3.8/site-packages/airflow/example_dags/example_bash_operator.py took 0.128 seconds
[2023-11-20T19:43:46.573+0000] {processor.py:157} INFO - Started process (PID=870) to work on /home/airflow/.local/lib/python3.8/site-packages/airflow/example_dags/example_bash_operator.py
[2023-11-20T19:43:46.581+0000] {processor.py:829} INFO - Processing file /home/airflow/.local/lib/python3.8/site-packages/airflow/example_dags/example_bash_operator.py for tasks to queue
[2023-11-20T19:43:46.590+0000] {logging_mixin.py:154} INFO - [2023-11-20T19:43:46.589+0000] {dagbag.py:536} INFO - Filling up the DagBag from /home/airflow/.local/lib/python3.8/site-packages/airflow/example_dags/example_bash_operator.py
[2023-11-20T19:43:46.621+0000] {processor.py:839} INFO - DAG(s) dict_keys(['example_bash_operator']) retrieved from /home/airflow/.local/lib/python3.8/site-packages/airflow/example_dags/example_bash_operator.py
[2023-11-20T19:43:46.746+0000] {logging_mixin.py:154} INFO - [2023-11-20T19:43:46.745+0000] {dag.py:2941} INFO - Sync 1 DAGs
[2023-11-20T19:43:46.856+0000] {logging_mixin.py:154} INFO - [2023-11-20T19:43:46.856+0000] {dag.py:3722} INFO - Setting next_dagrun for example_bash_operator to 2023-11-19T00:00:00+00:00, run_after=2023-11-20T00:00:00+00:00
[2023-11-20T19:43:46.901+0000] {processor.py:179} INFO - Processing /home/airflow/.local/lib/python3.8/site-packages/airflow/example_dags/example_bash_operator.py took 0.342 seconds
[2023-11-20T19:44:17.254+0000] {processor.py:157} INFO - Started process (PID=923) to work on /home/airflow/.local/lib/python3.8/site-packages/airflow/example_dags/example_bash_operator.py
[2023-11-20T19:44:17.262+0000] {processor.py:829} INFO - Processing file /home/airflow/.local/lib/python3.8/site-packages/airflow/example_dags/example_bash_operator.py for tasks to queue
[2023-11-20T19:44:17.268+0000] {logging_mixin.py:154} INFO - [2023-11-20T19:44:17.267+0000] {dagbag.py:536} INFO - Filling up the DagBag from /home/airflow/.local/lib/python3.8/site-packages/airflow/example_dags/example_bash_operator.py
[2023-11-20T19:44:17.294+0000] {processor.py:839} INFO - DAG(s) dict_keys(['example_bash_operator']) retrieved from /home/airflow/.local/lib/python3.8/site-packages/airflow/example_dags/example_bash_operator.py
[2023-11-20T19:44:17.351+0000] {logging_mixin.py:154} INFO - [2023-11-20T19:44:17.351+0000] {dag.py:2941} INFO - Sync 1 DAGs
[2023-11-20T19:44:17.637+0000] {logging_mixin.py:154} INFO - [2023-11-20T19:44:17.637+0000] {dag.py:3722} INFO - Setting next_dagrun for example_bash_operator to 2023-11-19T00:00:00+00:00, run_after=2023-11-20T00:00:00+00:00
[2023-11-20T19:44:17.664+0000] {processor.py:179} INFO - Processing /home/airflow/.local/lib/python3.8/site-packages/airflow/example_dags/example_bash_operator.py took 0.414 seconds
[2023-11-20T19:44:47.786+0000] {processor.py:157} INFO - Started process (PID=977) to work on /home/airflow/.local/lib/python3.8/site-packages/airflow/example_dags/example_bash_operator.py
[2023-11-20T19:44:47.787+0000] {processor.py:829} INFO - Processing file /home/airflow/.local/lib/python3.8/site-packages/airflow/example_dags/example_bash_operator.py for tasks to queue
[2023-11-20T19:44:47.791+0000] {logging_mixin.py:154} INFO - [2023-11-20T19:44:47.791+0000] {dagbag.py:536} INFO - Filling up the DagBag from /home/airflow/.local/lib/python3.8/site-packages/airflow/example_dags/example_bash_operator.py
[2023-11-20T19:44:47.811+0000] {processor.py:839} INFO - DAG(s) dict_keys(['example_bash_operator']) retrieved from /home/airflow/.local/lib/python3.8/site-packages/airflow/example_dags/example_bash_operator.py
[2023-11-20T19:44:47.869+0000] {logging_mixin.py:154} INFO - [2023-11-20T19:44:47.869+0000] {dag.py:2941} INFO - Sync 1 DAGs
[2023-11-20T19:44:47.928+0000] {logging_mixin.py:154} INFO - [2023-11-20T19:44:47.928+0000] {dag.py:3722} INFO - Setting next_dagrun for example_bash_operator to 2023-11-19T00:00:00+00:00, run_after=2023-11-20T00:00:00+00:00
[2023-11-20T19:44:48.187+0000] {processor.py:179} INFO - Processing /home/airflow/.local/lib/python3.8/site-packages/airflow/example_dags/example_bash_operator.py took 0.408 seconds
[2023-11-20T19:45:18.287+0000] {processor.py:157} INFO - Started process (PID=1031) to work on /home/airflow/.local/lib/python3.8/site-packages/airflow/example_dags/example_bash_operator.py
[2023-11-20T19:45:18.309+0000] {processor.py:829} INFO - Processing file /home/airflow/.local/lib/python3.8/site-packages/airflow/example_dags/example_bash_operator.py for tasks to queue
[2023-11-20T19:45:18.316+0000] {logging_mixin.py:154} INFO - [2023-11-20T19:45:18.314+0000] {dagbag.py:536} INFO - Filling up the DagBag from /home/airflow/.local/lib/python3.8/site-packages/airflow/example_dags/example_bash_operator.py
[2023-11-20T19:45:18.339+0000] {processor.py:839} INFO - DAG(s) dict_keys(['example_bash_operator']) retrieved from /home/airflow/.local/lib/python3.8/site-packages/airflow/example_dags/example_bash_operator.py
[2023-11-20T19:45:18.464+0000] {logging_mixin.py:154} INFO - [2023-11-20T19:45:18.464+0000] {dag.py:2941} INFO - Sync 1 DAGs
[2023-11-20T19:45:18.668+0000] {logging_mixin.py:154} INFO - [2023-11-20T19:45:18.667+0000] {dag.py:3722} INFO - Setting next_dagrun for example_bash_operator to 2023-11-19T00:00:00+00:00, run_after=2023-11-20T00:00:00+00:00
[2023-11-20T19:45:18.710+0000] {processor.py:179} INFO - Processing /home/airflow/.local/lib/python3.8/site-packages/airflow/example_dags/example_bash_operator.py took 0.431 seconds
[2023-11-20T19:45:50.810+0000] {processor.py:157} INFO - Started process (PID=1086) to work on /home/airflow/.local/lib/python3.8/site-packages/airflow/example_dags/example_bash_operator.py
[2023-11-20T19:45:50.835+0000] {processor.py:829} INFO - Processing file /home/airflow/.local/lib/python3.8/site-packages/airflow/example_dags/example_bash_operator.py for tasks to queue
[2023-11-20T19:45:50.844+0000] {logging_mixin.py:154} INFO - [2023-11-20T19:45:50.843+0000] {dagbag.py:536} INFO - Filling up the DagBag from /home/airflow/.local/lib/python3.8/site-packages/airflow/example_dags/example_bash_operator.py
[2023-11-20T19:45:50.954+0000] {processor.py:839} INFO - DAG(s) dict_keys(['example_bash_operator']) retrieved from /home/airflow/.local/lib/python3.8/site-packages/airflow/example_dags/example_bash_operator.py
[2023-11-20T19:45:51.191+0000] {logging_mixin.py:154} INFO - [2023-11-20T19:45:51.191+0000] {dag.py:2941} INFO - Sync 1 DAGs
[2023-11-20T19:45:52.432+0000] {logging_mixin.py:154} INFO - [2023-11-20T19:45:52.432+0000] {dag.py:3722} INFO - Setting next_dagrun for example_bash_operator to 2023-11-19T00:00:00+00:00, run_after=2023-11-20T00:00:00+00:00
[2023-11-20T19:45:52.498+0000] {processor.py:179} INFO - Processing /home/airflow/.local/lib/python3.8/site-packages/airflow/example_dags/example_bash_operator.py took 1.716 seconds
[2023-11-20T19:46:22.755+0000] {processor.py:157} INFO - Started process (PID=1139) to work on /home/airflow/.local/lib/python3.8/site-packages/airflow/example_dags/example_bash_operator.py
[2023-11-20T19:46:22.757+0000] {processor.py:829} INFO - Processing file /home/airflow/.local/lib/python3.8/site-packages/airflow/example_dags/example_bash_operator.py for tasks to queue
[2023-11-20T19:46:22.761+0000] {logging_mixin.py:154} INFO - [2023-11-20T19:46:22.760+0000] {dagbag.py:536} INFO - Filling up the DagBag from /home/airflow/.local/lib/python3.8/site-packages/airflow/example_dags/example_bash_operator.py
[2023-11-20T19:46:22.825+0000] {processor.py:839} INFO - DAG(s) dict_keys(['example_bash_operator']) retrieved from /home/airflow/.local/lib/python3.8/site-packages/airflow/example_dags/example_bash_operator.py
[2023-11-20T19:46:22.897+0000] {logging_mixin.py:154} INFO - [2023-11-20T19:46:22.896+0000] {dag.py:2941} INFO - Sync 1 DAGs
[2023-11-20T19:46:22.954+0000] {logging_mixin.py:154} INFO - [2023-11-20T19:46:22.953+0000] {dag.py:3722} INFO - Setting next_dagrun for example_bash_operator to 2023-11-19T00:00:00+00:00, run_after=2023-11-20T00:00:00+00:00
[2023-11-20T19:46:22.995+0000] {processor.py:179} INFO - Processing /home/airflow/.local/lib/python3.8/site-packages/airflow/example_dags/example_bash_operator.py took 0.259 seconds
[2023-11-20T19:46:53.551+0000] {processor.py:157} INFO - Started process (PID=1192) to work on /home/airflow/.local/lib/python3.8/site-packages/airflow/example_dags/example_bash_operator.py
[2023-11-20T19:46:53.556+0000] {processor.py:829} INFO - Processing file /home/airflow/.local/lib/python3.8/site-packages/airflow/example_dags/example_bash_operator.py for tasks to queue
[2023-11-20T19:46:53.560+0000] {logging_mixin.py:154} INFO - [2023-11-20T19:46:53.560+0000] {dagbag.py:536} INFO - Filling up the DagBag from /home/airflow/.local/lib/python3.8/site-packages/airflow/example_dags/example_bash_operator.py
[2023-11-20T19:46:53.591+0000] {processor.py:839} INFO - DAG(s) dict_keys(['example_bash_operator']) retrieved from /home/airflow/.local/lib/python3.8/site-packages/airflow/example_dags/example_bash_operator.py
[2023-11-20T19:46:53.666+0000] {logging_mixin.py:154} INFO - [2023-11-20T19:46:53.665+0000] {dag.py:2941} INFO - Sync 1 DAGs
[2023-11-20T19:46:53.733+0000] {logging_mixin.py:154} INFO - [2023-11-20T19:46:53.733+0000] {dag.py:3722} INFO - Setting next_dagrun for example_bash_operator to 2023-11-19T00:00:00+00:00, run_after=2023-11-20T00:00:00+00:00
[2023-11-20T19:46:53.776+0000] {processor.py:179} INFO - Processing /home/airflow/.local/lib/python3.8/site-packages/airflow/example_dags/example_bash_operator.py took 0.235 seconds
[2023-11-20T19:47:25.035+0000] {processor.py:157} INFO - Started process (PID=1246) to work on /home/airflow/.local/lib/python3.8/site-packages/airflow/example_dags/example_bash_operator.py
[2023-11-20T19:47:25.037+0000] {processor.py:829} INFO - Processing file /home/airflow/.local/lib/python3.8/site-packages/airflow/example_dags/example_bash_operator.py for tasks to queue
[2023-11-20T19:47:25.039+0000] {logging_mixin.py:154} INFO - [2023-11-20T19:47:25.039+0000] {dagbag.py:536} INFO - Filling up the DagBag from /home/airflow/.local/lib/python3.8/site-packages/airflow/example_dags/example_bash_operator.py
[2023-11-20T19:47:25.056+0000] {processor.py:839} INFO - DAG(s) dict_keys(['example_bash_operator']) retrieved from /home/airflow/.local/lib/python3.8/site-packages/airflow/example_dags/example_bash_operator.py
[2023-11-20T19:47:25.097+0000] {logging_mixin.py:154} INFO - [2023-11-20T19:47:25.097+0000] {dag.py:2941} INFO - Sync 1 DAGs
[2023-11-20T19:47:25.324+0000] {logging_mixin.py:154} INFO - [2023-11-20T19:47:25.324+0000] {dag.py:3722} INFO - Setting next_dagrun for example_bash_operator to 2023-11-19T00:00:00+00:00, run_after=2023-11-20T00:00:00+00:00
[2023-11-20T19:47:25.362+0000] {processor.py:179} INFO - Processing /home/airflow/.local/lib/python3.8/site-packages/airflow/example_dags/example_bash_operator.py took 0.333 seconds
[2023-11-20T19:48:02.861+0000] {processor.py:157} INFO - Started process (PID=1307) to work on /home/airflow/.local/lib/python3.8/site-packages/airflow/example_dags/example_bash_operator.py
[2023-11-20T19:48:02.866+0000] {processor.py:829} INFO - Processing file /home/airflow/.local/lib/python3.8/site-packages/airflow/example_dags/example_bash_operator.py for tasks to queue
[2023-11-20T19:48:02.904+0000] {logging_mixin.py:154} INFO - [2023-11-20T19:48:02.899+0000] {dagbag.py:536} INFO - Filling up the DagBag from /home/airflow/.local/lib/python3.8/site-packages/airflow/example_dags/example_bash_operator.py
[2023-11-20T19:48:03.034+0000] {processor.py:839} INFO - DAG(s) dict_keys(['example_bash_operator']) retrieved from /home/airflow/.local/lib/python3.8/site-packages/airflow/example_dags/example_bash_operator.py
[2023-11-20T19:48:03.244+0000] {logging_mixin.py:154} INFO - [2023-11-20T19:48:03.244+0000] {dag.py:2941} INFO - Sync 1 DAGs
[2023-11-20T19:48:03.334+0000] {logging_mixin.py:154} INFO - [2023-11-20T19:48:03.333+0000] {dag.py:3722} INFO - Setting next_dagrun for example_bash_operator to 2023-11-19T00:00:00+00:00, run_after=2023-11-20T00:00:00+00:00
[2023-11-20T19:48:03.395+0000] {processor.py:179} INFO - Processing /home/airflow/.local/lib/python3.8/site-packages/airflow/example_dags/example_bash_operator.py took 0.550 seconds
