[2023-11-20T19:35:57.273+0000] {processor.py:157} INFO - Started process (PID=64) to work on /home/airflow/.local/lib/python3.8/site-packages/airflow/example_dags/example_external_task_marker_dag.py
[2023-11-20T19:35:57.293+0000] {processor.py:829} INFO - Processing file /home/airflow/.local/lib/python3.8/site-packages/airflow/example_dags/example_external_task_marker_dag.py for tasks to queue
[2023-11-20T19:35:57.300+0000] {logging_mixin.py:154} INFO - [2023-11-20T19:35:57.300+0000] {dagbag.py:536} INFO - Filling up the DagBag from /home/airflow/.local/lib/python3.8/site-packages/airflow/example_dags/example_external_task_marker_dag.py
[2023-11-20T19:35:57.343+0000] {processor.py:839} INFO - DAG(s) dict_keys(['example_external_task_marker_parent', 'example_external_task_marker_child']) retrieved from /home/airflow/.local/lib/python3.8/site-packages/airflow/example_dags/example_external_task_marker_dag.py
[2023-11-20T19:35:57.519+0000] {logging_mixin.py:154} INFO - [2023-11-20T19:35:57.519+0000] {dag.py:2941} INFO - Sync 2 DAGs
[2023-11-20T19:35:57.709+0000] {logging_mixin.py:154} INFO - [2023-11-20T19:35:57.708+0000] {dag.py:3722} INFO - Setting next_dagrun for example_external_task_marker_child to None, run_after=None
[2023-11-20T19:35:57.722+0000] {logging_mixin.py:154} INFO - [2023-11-20T19:35:57.722+0000] {dag.py:3722} INFO - Setting next_dagrun for example_external_task_marker_parent to None, run_after=None
[2023-11-20T19:35:57.853+0000] {processor.py:179} INFO - Processing /home/airflow/.local/lib/python3.8/site-packages/airflow/example_dags/example_external_task_marker_dag.py took 0.591 seconds
[2023-11-20T19:36:29.977+0000] {processor.py:157} INFO - Started process (PID=117) to work on /home/airflow/.local/lib/python3.8/site-packages/airflow/example_dags/example_external_task_marker_dag.py
[2023-11-20T19:36:29.978+0000] {processor.py:829} INFO - Processing file /home/airflow/.local/lib/python3.8/site-packages/airflow/example_dags/example_external_task_marker_dag.py for tasks to queue
[2023-11-20T19:36:29.981+0000] {logging_mixin.py:154} INFO - [2023-11-20T19:36:29.981+0000] {dagbag.py:536} INFO - Filling up the DagBag from /home/airflow/.local/lib/python3.8/site-packages/airflow/example_dags/example_external_task_marker_dag.py
[2023-11-20T19:36:29.991+0000] {processor.py:839} INFO - DAG(s) dict_keys(['example_external_task_marker_parent', 'example_external_task_marker_child']) retrieved from /home/airflow/.local/lib/python3.8/site-packages/airflow/example_dags/example_external_task_marker_dag.py
[2023-11-20T19:36:30.028+0000] {logging_mixin.py:154} INFO - [2023-11-20T19:36:30.027+0000] {dag.py:2941} INFO - Sync 2 DAGs
[2023-11-20T19:36:30.047+0000] {logging_mixin.py:154} INFO - [2023-11-20T19:36:30.047+0000] {dag.py:3722} INFO - Setting next_dagrun for example_external_task_marker_child to None, run_after=None
[2023-11-20T19:36:30.052+0000] {logging_mixin.py:154} INFO - [2023-11-20T19:36:30.052+0000] {dag.py:3722} INFO - Setting next_dagrun for example_external_task_marker_parent to None, run_after=None
[2023-11-20T19:36:30.106+0000] {processor.py:179} INFO - Processing /home/airflow/.local/lib/python3.8/site-packages/airflow/example_dags/example_external_task_marker_dag.py took 0.141 seconds
[2023-11-20T19:37:01.424+0000] {processor.py:157} INFO - Started process (PID=171) to work on /home/airflow/.local/lib/python3.8/site-packages/airflow/example_dags/example_external_task_marker_dag.py
[2023-11-20T19:37:01.426+0000] {processor.py:829} INFO - Processing file /home/airflow/.local/lib/python3.8/site-packages/airflow/example_dags/example_external_task_marker_dag.py for tasks to queue
[2023-11-20T19:37:01.431+0000] {logging_mixin.py:154} INFO - [2023-11-20T19:37:01.430+0000] {dagbag.py:536} INFO - Filling up the DagBag from /home/airflow/.local/lib/python3.8/site-packages/airflow/example_dags/example_external_task_marker_dag.py
[2023-11-20T19:37:01.453+0000] {processor.py:839} INFO - DAG(s) dict_keys(['example_external_task_marker_child', 'example_external_task_marker_parent']) retrieved from /home/airflow/.local/lib/python3.8/site-packages/airflow/example_dags/example_external_task_marker_dag.py
[2023-11-20T19:37:01.535+0000] {logging_mixin.py:154} INFO - [2023-11-20T19:37:01.535+0000] {dag.py:2941} INFO - Sync 2 DAGs
[2023-11-20T19:37:01.564+0000] {logging_mixin.py:154} INFO - [2023-11-20T19:37:01.564+0000] {dag.py:3722} INFO - Setting next_dagrun for example_external_task_marker_child to None, run_after=None
[2023-11-20T19:37:01.573+0000] {logging_mixin.py:154} INFO - [2023-11-20T19:37:01.573+0000] {dag.py:3722} INFO - Setting next_dagrun for example_external_task_marker_parent to None, run_after=None
[2023-11-20T19:37:01.658+0000] {processor.py:179} INFO - Processing /home/airflow/.local/lib/python3.8/site-packages/airflow/example_dags/example_external_task_marker_dag.py took 0.243 seconds
[2023-11-20T19:37:32.344+0000] {processor.py:157} INFO - Started process (PID=224) to work on /home/airflow/.local/lib/python3.8/site-packages/airflow/example_dags/example_external_task_marker_dag.py
[2023-11-20T19:37:32.346+0000] {processor.py:829} INFO - Processing file /home/airflow/.local/lib/python3.8/site-packages/airflow/example_dags/example_external_task_marker_dag.py for tasks to queue
[2023-11-20T19:37:32.349+0000] {logging_mixin.py:154} INFO - [2023-11-20T19:37:32.349+0000] {dagbag.py:536} INFO - Filling up the DagBag from /home/airflow/.local/lib/python3.8/site-packages/airflow/example_dags/example_external_task_marker_dag.py
[2023-11-20T19:37:32.363+0000] {processor.py:839} INFO - DAG(s) dict_keys(['example_external_task_marker_child', 'example_external_task_marker_parent']) retrieved from /home/airflow/.local/lib/python3.8/site-packages/airflow/example_dags/example_external_task_marker_dag.py
[2023-11-20T19:37:32.443+0000] {logging_mixin.py:154} INFO - [2023-11-20T19:37:32.442+0000] {dag.py:2941} INFO - Sync 2 DAGs
[2023-11-20T19:37:32.482+0000] {logging_mixin.py:154} INFO - [2023-11-20T19:37:32.482+0000] {dag.py:3722} INFO - Setting next_dagrun for example_external_task_marker_child to None, run_after=None
[2023-11-20T19:37:32.508+0000] {logging_mixin.py:154} INFO - [2023-11-20T19:37:32.507+0000] {dag.py:3722} INFO - Setting next_dagrun for example_external_task_marker_parent to None, run_after=None
[2023-11-20T19:37:32.558+0000] {processor.py:179} INFO - Processing /home/airflow/.local/lib/python3.8/site-packages/airflow/example_dags/example_external_task_marker_dag.py took 0.230 seconds
[2023-11-20T19:38:05.294+0000] {processor.py:157} INFO - Started process (PID=277) to work on /home/airflow/.local/lib/python3.8/site-packages/airflow/example_dags/example_external_task_marker_dag.py
[2023-11-20T19:38:05.303+0000] {processor.py:829} INFO - Processing file /home/airflow/.local/lib/python3.8/site-packages/airflow/example_dags/example_external_task_marker_dag.py for tasks to queue
[2023-11-20T19:38:05.306+0000] {logging_mixin.py:154} INFO - [2023-11-20T19:38:05.306+0000] {dagbag.py:536} INFO - Filling up the DagBag from /home/airflow/.local/lib/python3.8/site-packages/airflow/example_dags/example_external_task_marker_dag.py
[2023-11-20T19:38:05.329+0000] {processor.py:839} INFO - DAG(s) dict_keys(['example_external_task_marker_parent', 'example_external_task_marker_child']) retrieved from /home/airflow/.local/lib/python3.8/site-packages/airflow/example_dags/example_external_task_marker_dag.py
[2023-11-20T19:38:05.447+0000] {logging_mixin.py:154} INFO - [2023-11-20T19:38:05.446+0000] {dag.py:2941} INFO - Sync 2 DAGs
[2023-11-20T19:38:05.523+0000] {logging_mixin.py:154} INFO - [2023-11-20T19:38:05.523+0000] {dag.py:3722} INFO - Setting next_dagrun for example_external_task_marker_child to None, run_after=None
[2023-11-20T19:38:05.536+0000] {logging_mixin.py:154} INFO - [2023-11-20T19:38:05.536+0000] {dag.py:3722} INFO - Setting next_dagrun for example_external_task_marker_parent to None, run_after=None
[2023-11-20T19:38:05.576+0000] {processor.py:179} INFO - Processing /home/airflow/.local/lib/python3.8/site-packages/airflow/example_dags/example_external_task_marker_dag.py took 0.289 seconds
[2023-11-20T19:38:36.315+0000] {processor.py:157} INFO - Started process (PID=331) to work on /home/airflow/.local/lib/python3.8/site-packages/airflow/example_dags/example_external_task_marker_dag.py
[2023-11-20T19:38:36.341+0000] {processor.py:829} INFO - Processing file /home/airflow/.local/lib/python3.8/site-packages/airflow/example_dags/example_external_task_marker_dag.py for tasks to queue
[2023-11-20T19:38:36.357+0000] {logging_mixin.py:154} INFO - [2023-11-20T19:38:36.356+0000] {dagbag.py:536} INFO - Filling up the DagBag from /home/airflow/.local/lib/python3.8/site-packages/airflow/example_dags/example_external_task_marker_dag.py
[2023-11-20T19:38:36.399+0000] {processor.py:839} INFO - DAG(s) dict_keys(['example_external_task_marker_child', 'example_external_task_marker_parent']) retrieved from /home/airflow/.local/lib/python3.8/site-packages/airflow/example_dags/example_external_task_marker_dag.py
[2023-11-20T19:38:36.587+0000] {logging_mixin.py:154} INFO - [2023-11-20T19:38:36.587+0000] {dag.py:2941} INFO - Sync 2 DAGs
[2023-11-20T19:38:36.692+0000] {logging_mixin.py:154} INFO - [2023-11-20T19:38:36.692+0000] {dag.py:3722} INFO - Setting next_dagrun for example_external_task_marker_child to None, run_after=None
[2023-11-20T19:38:36.721+0000] {logging_mixin.py:154} INFO - [2023-11-20T19:38:36.720+0000] {dag.py:3722} INFO - Setting next_dagrun for example_external_task_marker_parent to None, run_after=None
[2023-11-20T19:38:37.090+0000] {processor.py:179} INFO - Processing /home/airflow/.local/lib/python3.8/site-packages/airflow/example_dags/example_external_task_marker_dag.py took 0.808 seconds
[2023-11-20T19:39:07.445+0000] {processor.py:157} INFO - Started process (PID=384) to work on /home/airflow/.local/lib/python3.8/site-packages/airflow/example_dags/example_external_task_marker_dag.py
[2023-11-20T19:39:07.447+0000] {processor.py:829} INFO - Processing file /home/airflow/.local/lib/python3.8/site-packages/airflow/example_dags/example_external_task_marker_dag.py for tasks to queue
[2023-11-20T19:39:07.452+0000] {logging_mixin.py:154} INFO - [2023-11-20T19:39:07.451+0000] {dagbag.py:536} INFO - Filling up the DagBag from /home/airflow/.local/lib/python3.8/site-packages/airflow/example_dags/example_external_task_marker_dag.py
[2023-11-20T19:39:07.471+0000] {processor.py:839} INFO - DAG(s) dict_keys(['example_external_task_marker_child', 'example_external_task_marker_parent']) retrieved from /home/airflow/.local/lib/python3.8/site-packages/airflow/example_dags/example_external_task_marker_dag.py
[2023-11-20T19:39:07.527+0000] {logging_mixin.py:154} INFO - [2023-11-20T19:39:07.526+0000] {dag.py:2941} INFO - Sync 2 DAGs
[2023-11-20T19:39:07.568+0000] {logging_mixin.py:154} INFO - [2023-11-20T19:39:07.568+0000] {dag.py:3722} INFO - Setting next_dagrun for example_external_task_marker_child to None, run_after=None
[2023-11-20T19:39:07.578+0000] {logging_mixin.py:154} INFO - [2023-11-20T19:39:07.577+0000] {dag.py:3722} INFO - Setting next_dagrun for example_external_task_marker_parent to None, run_after=None
[2023-11-20T19:39:07.610+0000] {processor.py:179} INFO - Processing /home/airflow/.local/lib/python3.8/site-packages/airflow/example_dags/example_external_task_marker_dag.py took 0.171 seconds
[2023-11-20T19:39:37.974+0000] {processor.py:157} INFO - Started process (PID=437) to work on /home/airflow/.local/lib/python3.8/site-packages/airflow/example_dags/example_external_task_marker_dag.py
[2023-11-20T19:39:37.978+0000] {processor.py:829} INFO - Processing file /home/airflow/.local/lib/python3.8/site-packages/airflow/example_dags/example_external_task_marker_dag.py for tasks to queue
[2023-11-20T19:39:37.983+0000] {logging_mixin.py:154} INFO - [2023-11-20T19:39:37.982+0000] {dagbag.py:536} INFO - Filling up the DagBag from /home/airflow/.local/lib/python3.8/site-packages/airflow/example_dags/example_external_task_marker_dag.py
[2023-11-20T19:39:37.994+0000] {processor.py:839} INFO - DAG(s) dict_keys(['example_external_task_marker_child', 'example_external_task_marker_parent']) retrieved from /home/airflow/.local/lib/python3.8/site-packages/airflow/example_dags/example_external_task_marker_dag.py
[2023-11-20T19:39:38.054+0000] {logging_mixin.py:154} INFO - [2023-11-20T19:39:38.054+0000] {dag.py:2941} INFO - Sync 2 DAGs
[2023-11-20T19:39:38.088+0000] {logging_mixin.py:154} INFO - [2023-11-20T19:39:38.088+0000] {dag.py:3722} INFO - Setting next_dagrun for example_external_task_marker_child to None, run_after=None
[2023-11-20T19:39:38.098+0000] {logging_mixin.py:154} INFO - [2023-11-20T19:39:38.098+0000] {dag.py:3722} INFO - Setting next_dagrun for example_external_task_marker_parent to None, run_after=None
[2023-11-20T19:39:38.143+0000] {processor.py:179} INFO - Processing /home/airflow/.local/lib/python3.8/site-packages/airflow/example_dags/example_external_task_marker_dag.py took 0.178 seconds
[2023-11-20T19:40:08.751+0000] {processor.py:157} INFO - Started process (PID=491) to work on /home/airflow/.local/lib/python3.8/site-packages/airflow/example_dags/example_external_task_marker_dag.py
[2023-11-20T19:40:08.753+0000] {processor.py:829} INFO - Processing file /home/airflow/.local/lib/python3.8/site-packages/airflow/example_dags/example_external_task_marker_dag.py for tasks to queue
[2023-11-20T19:40:08.757+0000] {logging_mixin.py:154} INFO - [2023-11-20T19:40:08.756+0000] {dagbag.py:536} INFO - Filling up the DagBag from /home/airflow/.local/lib/python3.8/site-packages/airflow/example_dags/example_external_task_marker_dag.py
[2023-11-20T19:40:08.785+0000] {processor.py:839} INFO - DAG(s) dict_keys(['example_external_task_marker_parent', 'example_external_task_marker_child']) retrieved from /home/airflow/.local/lib/python3.8/site-packages/airflow/example_dags/example_external_task_marker_dag.py
[2023-11-20T19:40:08.878+0000] {logging_mixin.py:154} INFO - [2023-11-20T19:40:08.876+0000] {dag.py:2941} INFO - Sync 2 DAGs
[2023-11-20T19:40:08.976+0000] {logging_mixin.py:154} INFO - [2023-11-20T19:40:08.975+0000] {dag.py:3722} INFO - Setting next_dagrun for example_external_task_marker_child to None, run_after=None
[2023-11-20T19:40:08.991+0000] {logging_mixin.py:154} INFO - [2023-11-20T19:40:08.990+0000] {dag.py:3722} INFO - Setting next_dagrun for example_external_task_marker_parent to None, run_after=None
[2023-11-20T19:40:09.048+0000] {processor.py:179} INFO - Processing /home/airflow/.local/lib/python3.8/site-packages/airflow/example_dags/example_external_task_marker_dag.py took 0.306 seconds
[2023-11-20T19:40:39.405+0000] {processor.py:157} INFO - Started process (PID=545) to work on /home/airflow/.local/lib/python3.8/site-packages/airflow/example_dags/example_external_task_marker_dag.py
[2023-11-20T19:40:39.407+0000] {processor.py:829} INFO - Processing file /home/airflow/.local/lib/python3.8/site-packages/airflow/example_dags/example_external_task_marker_dag.py for tasks to queue
[2023-11-20T19:40:39.412+0000] {logging_mixin.py:154} INFO - [2023-11-20T19:40:39.411+0000] {dagbag.py:536} INFO - Filling up the DagBag from /home/airflow/.local/lib/python3.8/site-packages/airflow/example_dags/example_external_task_marker_dag.py
[2023-11-20T19:40:39.429+0000] {processor.py:839} INFO - DAG(s) dict_keys(['example_external_task_marker_parent', 'example_external_task_marker_child']) retrieved from /home/airflow/.local/lib/python3.8/site-packages/airflow/example_dags/example_external_task_marker_dag.py
[2023-11-20T19:40:39.487+0000] {logging_mixin.py:154} INFO - [2023-11-20T19:40:39.487+0000] {dag.py:2941} INFO - Sync 2 DAGs
[2023-11-20T19:40:39.523+0000] {logging_mixin.py:154} INFO - [2023-11-20T19:40:39.523+0000] {dag.py:3722} INFO - Setting next_dagrun for example_external_task_marker_child to None, run_after=None
[2023-11-20T19:40:39.532+0000] {logging_mixin.py:154} INFO - [2023-11-20T19:40:39.532+0000] {dag.py:3722} INFO - Setting next_dagrun for example_external_task_marker_parent to None, run_after=None
[2023-11-20T19:40:39.569+0000] {processor.py:179} INFO - Processing /home/airflow/.local/lib/python3.8/site-packages/airflow/example_dags/example_external_task_marker_dag.py took 0.171 seconds
[2023-11-20T19:41:09.628+0000] {processor.py:157} INFO - Started process (PID=598) to work on /home/airflow/.local/lib/python3.8/site-packages/airflow/example_dags/example_external_task_marker_dag.py
[2023-11-20T19:41:09.630+0000] {processor.py:829} INFO - Processing file /home/airflow/.local/lib/python3.8/site-packages/airflow/example_dags/example_external_task_marker_dag.py for tasks to queue
[2023-11-20T19:41:09.633+0000] {logging_mixin.py:154} INFO - [2023-11-20T19:41:09.632+0000] {dagbag.py:536} INFO - Filling up the DagBag from /home/airflow/.local/lib/python3.8/site-packages/airflow/example_dags/example_external_task_marker_dag.py
[2023-11-20T19:41:09.641+0000] {processor.py:839} INFO - DAG(s) dict_keys(['example_external_task_marker_parent', 'example_external_task_marker_child']) retrieved from /home/airflow/.local/lib/python3.8/site-packages/airflow/example_dags/example_external_task_marker_dag.py
[2023-11-20T19:41:09.671+0000] {logging_mixin.py:154} INFO - [2023-11-20T19:41:09.671+0000] {dag.py:2941} INFO - Sync 2 DAGs
[2023-11-20T19:41:09.687+0000] {logging_mixin.py:154} INFO - [2023-11-20T19:41:09.687+0000] {dag.py:3722} INFO - Setting next_dagrun for example_external_task_marker_child to None, run_after=None
[2023-11-20T19:41:09.692+0000] {logging_mixin.py:154} INFO - [2023-11-20T19:41:09.692+0000] {dag.py:3722} INFO - Setting next_dagrun for example_external_task_marker_parent to None, run_after=None
[2023-11-20T19:41:09.711+0000] {processor.py:179} INFO - Processing /home/airflow/.local/lib/python3.8/site-packages/airflow/example_dags/example_external_task_marker_dag.py took 0.088 seconds
[2023-11-20T19:41:40.322+0000] {processor.py:157} INFO - Started process (PID=652) to work on /home/airflow/.local/lib/python3.8/site-packages/airflow/example_dags/example_external_task_marker_dag.py
[2023-11-20T19:41:40.325+0000] {processor.py:829} INFO - Processing file /home/airflow/.local/lib/python3.8/site-packages/airflow/example_dags/example_external_task_marker_dag.py for tasks to queue
[2023-11-20T19:41:40.333+0000] {logging_mixin.py:154} INFO - [2023-11-20T19:41:40.332+0000] {dagbag.py:536} INFO - Filling up the DagBag from /home/airflow/.local/lib/python3.8/site-packages/airflow/example_dags/example_external_task_marker_dag.py
[2023-11-20T19:41:40.346+0000] {processor.py:839} INFO - DAG(s) dict_keys(['example_external_task_marker_parent', 'example_external_task_marker_child']) retrieved from /home/airflow/.local/lib/python3.8/site-packages/airflow/example_dags/example_external_task_marker_dag.py
[2023-11-20T19:41:40.398+0000] {logging_mixin.py:154} INFO - [2023-11-20T19:41:40.398+0000] {dag.py:2941} INFO - Sync 2 DAGs
[2023-11-20T19:41:40.420+0000] {logging_mixin.py:154} INFO - [2023-11-20T19:41:40.419+0000] {dag.py:3722} INFO - Setting next_dagrun for example_external_task_marker_child to None, run_after=None
[2023-11-20T19:41:40.427+0000] {logging_mixin.py:154} INFO - [2023-11-20T19:41:40.427+0000] {dag.py:3722} INFO - Setting next_dagrun for example_external_task_marker_parent to None, run_after=None
[2023-11-20T19:41:40.454+0000] {processor.py:179} INFO - Processing /home/airflow/.local/lib/python3.8/site-packages/airflow/example_dags/example_external_task_marker_dag.py took 0.139 seconds
[2023-11-20T19:42:11.029+0000] {processor.py:157} INFO - Started process (PID=704) to work on /home/airflow/.local/lib/python3.8/site-packages/airflow/example_dags/example_external_task_marker_dag.py
[2023-11-20T19:42:11.038+0000] {processor.py:829} INFO - Processing file /home/airflow/.local/lib/python3.8/site-packages/airflow/example_dags/example_external_task_marker_dag.py for tasks to queue
[2023-11-20T19:42:11.046+0000] {logging_mixin.py:154} INFO - [2023-11-20T19:42:11.046+0000] {dagbag.py:536} INFO - Filling up the DagBag from /home/airflow/.local/lib/python3.8/site-packages/airflow/example_dags/example_external_task_marker_dag.py
[2023-11-20T19:42:11.059+0000] {processor.py:839} INFO - DAG(s) dict_keys(['example_external_task_marker_parent', 'example_external_task_marker_child']) retrieved from /home/airflow/.local/lib/python3.8/site-packages/airflow/example_dags/example_external_task_marker_dag.py
[2023-11-20T19:42:11.138+0000] {logging_mixin.py:154} INFO - [2023-11-20T19:42:11.137+0000] {dag.py:2941} INFO - Sync 2 DAGs
[2023-11-20T19:42:11.185+0000] {logging_mixin.py:154} INFO - [2023-11-20T19:42:11.185+0000] {dag.py:3722} INFO - Setting next_dagrun for example_external_task_marker_child to None, run_after=None
[2023-11-20T19:42:11.194+0000] {logging_mixin.py:154} INFO - [2023-11-20T19:42:11.194+0000] {dag.py:3722} INFO - Setting next_dagrun for example_external_task_marker_parent to None, run_after=None
[2023-11-20T19:42:11.255+0000] {processor.py:179} INFO - Processing /home/airflow/.local/lib/python3.8/site-packages/airflow/example_dags/example_external_task_marker_dag.py took 0.231 seconds
[2023-11-20T19:42:43.124+0000] {processor.py:157} INFO - Started process (PID=758) to work on /home/airflow/.local/lib/python3.8/site-packages/airflow/example_dags/example_external_task_marker_dag.py
[2023-11-20T19:42:43.131+0000] {processor.py:829} INFO - Processing file /home/airflow/.local/lib/python3.8/site-packages/airflow/example_dags/example_external_task_marker_dag.py for tasks to queue
[2023-11-20T19:42:43.136+0000] {logging_mixin.py:154} INFO - [2023-11-20T19:42:43.135+0000] {dagbag.py:536} INFO - Filling up the DagBag from /home/airflow/.local/lib/python3.8/site-packages/airflow/example_dags/example_external_task_marker_dag.py
[2023-11-20T19:42:43.155+0000] {processor.py:839} INFO - DAG(s) dict_keys(['example_external_task_marker_child', 'example_external_task_marker_parent']) retrieved from /home/airflow/.local/lib/python3.8/site-packages/airflow/example_dags/example_external_task_marker_dag.py
[2023-11-20T19:42:43.212+0000] {logging_mixin.py:154} INFO - [2023-11-20T19:42:43.212+0000] {dag.py:2941} INFO - Sync 2 DAGs
[2023-11-20T19:42:43.241+0000] {logging_mixin.py:154} INFO - [2023-11-20T19:42:43.240+0000] {dag.py:3722} INFO - Setting next_dagrun for example_external_task_marker_child to None, run_after=None
[2023-11-20T19:42:43.248+0000] {logging_mixin.py:154} INFO - [2023-11-20T19:42:43.248+0000] {dag.py:3722} INFO - Setting next_dagrun for example_external_task_marker_parent to None, run_after=None
[2023-11-20T19:42:43.309+0000] {processor.py:179} INFO - Processing /home/airflow/.local/lib/python3.8/site-packages/airflow/example_dags/example_external_task_marker_dag.py took 0.198 seconds
[2023-11-20T19:43:14.148+0000] {processor.py:157} INFO - Started process (PID=812) to work on /home/airflow/.local/lib/python3.8/site-packages/airflow/example_dags/example_external_task_marker_dag.py
[2023-11-20T19:43:14.150+0000] {processor.py:829} INFO - Processing file /home/airflow/.local/lib/python3.8/site-packages/airflow/example_dags/example_external_task_marker_dag.py for tasks to queue
[2023-11-20T19:43:14.153+0000] {logging_mixin.py:154} INFO - [2023-11-20T19:43:14.152+0000] {dagbag.py:536} INFO - Filling up the DagBag from /home/airflow/.local/lib/python3.8/site-packages/airflow/example_dags/example_external_task_marker_dag.py
[2023-11-20T19:43:14.160+0000] {processor.py:839} INFO - DAG(s) dict_keys(['example_external_task_marker_child', 'example_external_task_marker_parent']) retrieved from /home/airflow/.local/lib/python3.8/site-packages/airflow/example_dags/example_external_task_marker_dag.py
[2023-11-20T19:43:14.190+0000] {logging_mixin.py:154} INFO - [2023-11-20T19:43:14.190+0000] {dag.py:2941} INFO - Sync 2 DAGs
[2023-11-20T19:43:14.206+0000] {logging_mixin.py:154} INFO - [2023-11-20T19:43:14.206+0000] {dag.py:3722} INFO - Setting next_dagrun for example_external_task_marker_child to None, run_after=None
[2023-11-20T19:43:14.211+0000] {logging_mixin.py:154} INFO - [2023-11-20T19:43:14.210+0000] {dag.py:3722} INFO - Setting next_dagrun for example_external_task_marker_parent to None, run_after=None
[2023-11-20T19:43:14.232+0000] {processor.py:179} INFO - Processing /home/airflow/.local/lib/python3.8/site-packages/airflow/example_dags/example_external_task_marker_dag.py took 0.088 seconds
[2023-11-20T19:43:44.702+0000] {processor.py:157} INFO - Started process (PID=866) to work on /home/airflow/.local/lib/python3.8/site-packages/airflow/example_dags/example_external_task_marker_dag.py
[2023-11-20T19:43:44.706+0000] {processor.py:829} INFO - Processing file /home/airflow/.local/lib/python3.8/site-packages/airflow/example_dags/example_external_task_marker_dag.py for tasks to queue
[2023-11-20T19:43:44.718+0000] {logging_mixin.py:154} INFO - [2023-11-20T19:43:44.718+0000] {dagbag.py:536} INFO - Filling up the DagBag from /home/airflow/.local/lib/python3.8/site-packages/airflow/example_dags/example_external_task_marker_dag.py
[2023-11-20T19:43:44.751+0000] {processor.py:839} INFO - DAG(s) dict_keys(['example_external_task_marker_parent', 'example_external_task_marker_child']) retrieved from /home/airflow/.local/lib/python3.8/site-packages/airflow/example_dags/example_external_task_marker_dag.py
[2023-11-20T19:43:44.823+0000] {logging_mixin.py:154} INFO - [2023-11-20T19:43:44.822+0000] {dag.py:2941} INFO - Sync 2 DAGs
[2023-11-20T19:43:44.853+0000] {logging_mixin.py:154} INFO - [2023-11-20T19:43:44.852+0000] {dag.py:3722} INFO - Setting next_dagrun for example_external_task_marker_child to None, run_after=None
[2023-11-20T19:43:44.860+0000] {logging_mixin.py:154} INFO - [2023-11-20T19:43:44.859+0000] {dag.py:3722} INFO - Setting next_dagrun for example_external_task_marker_parent to None, run_after=None
[2023-11-20T19:43:44.889+0000] {processor.py:179} INFO - Processing /home/airflow/.local/lib/python3.8/site-packages/airflow/example_dags/example_external_task_marker_dag.py took 0.194 seconds
[2023-11-20T19:44:15.343+0000] {processor.py:157} INFO - Started process (PID=920) to work on /home/airflow/.local/lib/python3.8/site-packages/airflow/example_dags/example_external_task_marker_dag.py
[2023-11-20T19:44:15.344+0000] {processor.py:829} INFO - Processing file /home/airflow/.local/lib/python3.8/site-packages/airflow/example_dags/example_external_task_marker_dag.py for tasks to queue
[2023-11-20T19:44:15.347+0000] {logging_mixin.py:154} INFO - [2023-11-20T19:44:15.347+0000] {dagbag.py:536} INFO - Filling up the DagBag from /home/airflow/.local/lib/python3.8/site-packages/airflow/example_dags/example_external_task_marker_dag.py
[2023-11-20T19:44:15.357+0000] {processor.py:839} INFO - DAG(s) dict_keys(['example_external_task_marker_child', 'example_external_task_marker_parent']) retrieved from /home/airflow/.local/lib/python3.8/site-packages/airflow/example_dags/example_external_task_marker_dag.py
[2023-11-20T19:44:15.393+0000] {logging_mixin.py:154} INFO - [2023-11-20T19:44:15.393+0000] {dag.py:2941} INFO - Sync 2 DAGs
[2023-11-20T19:44:15.417+0000] {logging_mixin.py:154} INFO - [2023-11-20T19:44:15.417+0000] {dag.py:3722} INFO - Setting next_dagrun for example_external_task_marker_child to None, run_after=None
[2023-11-20T19:44:15.424+0000] {logging_mixin.py:154} INFO - [2023-11-20T19:44:15.424+0000] {dag.py:3722} INFO - Setting next_dagrun for example_external_task_marker_parent to None, run_after=None
[2023-11-20T19:44:15.725+0000] {processor.py:179} INFO - Processing /home/airflow/.local/lib/python3.8/site-packages/airflow/example_dags/example_external_task_marker_dag.py took 0.389 seconds
[2023-11-20T19:44:46.139+0000] {processor.py:157} INFO - Started process (PID=974) to work on /home/airflow/.local/lib/python3.8/site-packages/airflow/example_dags/example_external_task_marker_dag.py
[2023-11-20T19:44:46.140+0000] {processor.py:829} INFO - Processing file /home/airflow/.local/lib/python3.8/site-packages/airflow/example_dags/example_external_task_marker_dag.py for tasks to queue
[2023-11-20T19:44:46.143+0000] {logging_mixin.py:154} INFO - [2023-11-20T19:44:46.143+0000] {dagbag.py:536} INFO - Filling up the DagBag from /home/airflow/.local/lib/python3.8/site-packages/airflow/example_dags/example_external_task_marker_dag.py
[2023-11-20T19:44:46.156+0000] {processor.py:839} INFO - DAG(s) dict_keys(['example_external_task_marker_parent', 'example_external_task_marker_child']) retrieved from /home/airflow/.local/lib/python3.8/site-packages/airflow/example_dags/example_external_task_marker_dag.py
[2023-11-20T19:44:46.199+0000] {logging_mixin.py:154} INFO - [2023-11-20T19:44:46.198+0000] {dag.py:2941} INFO - Sync 2 DAGs
[2023-11-20T19:44:46.229+0000] {logging_mixin.py:154} INFO - [2023-11-20T19:44:46.228+0000] {dag.py:3722} INFO - Setting next_dagrun for example_external_task_marker_child to None, run_after=None
[2023-11-20T19:44:46.237+0000] {logging_mixin.py:154} INFO - [2023-11-20T19:44:46.236+0000] {dag.py:3722} INFO - Setting next_dagrun for example_external_task_marker_parent to None, run_after=None
[2023-11-20T19:44:46.283+0000] {processor.py:179} INFO - Processing /home/airflow/.local/lib/python3.8/site-packages/airflow/example_dags/example_external_task_marker_dag.py took 0.150 seconds
[2023-11-20T19:45:17.350+0000] {processor.py:157} INFO - Started process (PID=1028) to work on /home/airflow/.local/lib/python3.8/site-packages/airflow/example_dags/example_external_task_marker_dag.py
[2023-11-20T19:45:17.353+0000] {processor.py:829} INFO - Processing file /home/airflow/.local/lib/python3.8/site-packages/airflow/example_dags/example_external_task_marker_dag.py for tasks to queue
[2023-11-20T19:45:17.394+0000] {logging_mixin.py:154} INFO - [2023-11-20T19:45:17.393+0000] {dagbag.py:536} INFO - Filling up the DagBag from /home/airflow/.local/lib/python3.8/site-packages/airflow/example_dags/example_external_task_marker_dag.py
[2023-11-20T19:45:17.514+0000] {processor.py:839} INFO - DAG(s) dict_keys(['example_external_task_marker_child', 'example_external_task_marker_parent']) retrieved from /home/airflow/.local/lib/python3.8/site-packages/airflow/example_dags/example_external_task_marker_dag.py
[2023-11-20T19:45:17.642+0000] {logging_mixin.py:154} INFO - [2023-11-20T19:45:17.642+0000] {dag.py:2941} INFO - Sync 2 DAGs
[2023-11-20T19:45:17.730+0000] {logging_mixin.py:154} INFO - [2023-11-20T19:45:17.730+0000] {dag.py:3722} INFO - Setting next_dagrun for example_external_task_marker_child to None, run_after=None
[2023-11-20T19:45:17.749+0000] {logging_mixin.py:154} INFO - [2023-11-20T19:45:17.749+0000] {dag.py:3722} INFO - Setting next_dagrun for example_external_task_marker_parent to None, run_after=None
[2023-11-20T19:45:17.787+0000] {processor.py:179} INFO - Processing /home/airflow/.local/lib/python3.8/site-packages/airflow/example_dags/example_external_task_marker_dag.py took 0.450 seconds
[2023-11-20T19:45:49.515+0000] {processor.py:157} INFO - Started process (PID=1083) to work on /home/airflow/.local/lib/python3.8/site-packages/airflow/example_dags/example_external_task_marker_dag.py
[2023-11-20T19:45:49.517+0000] {processor.py:829} INFO - Processing file /home/airflow/.local/lib/python3.8/site-packages/airflow/example_dags/example_external_task_marker_dag.py for tasks to queue
[2023-11-20T19:45:49.521+0000] {logging_mixin.py:154} INFO - [2023-11-20T19:45:49.520+0000] {dagbag.py:536} INFO - Filling up the DagBag from /home/airflow/.local/lib/python3.8/site-packages/airflow/example_dags/example_external_task_marker_dag.py
[2023-11-20T19:45:49.532+0000] {processor.py:839} INFO - DAG(s) dict_keys(['example_external_task_marker_child', 'example_external_task_marker_parent']) retrieved from /home/airflow/.local/lib/python3.8/site-packages/airflow/example_dags/example_external_task_marker_dag.py
[2023-11-20T19:45:49.625+0000] {logging_mixin.py:154} INFO - [2023-11-20T19:45:49.624+0000] {dag.py:2941} INFO - Sync 2 DAGs
[2023-11-20T19:45:50.124+0000] {logging_mixin.py:154} INFO - [2023-11-20T19:45:50.123+0000] {dag.py:3722} INFO - Setting next_dagrun for example_external_task_marker_child to None, run_after=None
[2023-11-20T19:45:50.185+0000] {logging_mixin.py:154} INFO - [2023-11-20T19:45:50.184+0000] {dag.py:3722} INFO - Setting next_dagrun for example_external_task_marker_parent to None, run_after=None
[2023-11-20T19:45:50.294+0000] {processor.py:179} INFO - Processing /home/airflow/.local/lib/python3.8/site-packages/airflow/example_dags/example_external_task_marker_dag.py took 0.788 seconds
[2023-11-20T19:46:20.510+0000] {processor.py:157} INFO - Started process (PID=1136) to work on /home/airflow/.local/lib/python3.8/site-packages/airflow/example_dags/example_external_task_marker_dag.py
[2023-11-20T19:46:20.519+0000] {processor.py:829} INFO - Processing file /home/airflow/.local/lib/python3.8/site-packages/airflow/example_dags/example_external_task_marker_dag.py for tasks to queue
[2023-11-20T19:46:20.526+0000] {logging_mixin.py:154} INFO - [2023-11-20T19:46:20.525+0000] {dagbag.py:536} INFO - Filling up the DagBag from /home/airflow/.local/lib/python3.8/site-packages/airflow/example_dags/example_external_task_marker_dag.py
[2023-11-20T19:46:20.542+0000] {processor.py:839} INFO - DAG(s) dict_keys(['example_external_task_marker_parent', 'example_external_task_marker_child']) retrieved from /home/airflow/.local/lib/python3.8/site-packages/airflow/example_dags/example_external_task_marker_dag.py
[2023-11-20T19:46:20.581+0000] {logging_mixin.py:154} INFO - [2023-11-20T19:46:20.581+0000] {dag.py:2941} INFO - Sync 2 DAGs
[2023-11-20T19:46:20.617+0000] {logging_mixin.py:154} INFO - [2023-11-20T19:46:20.617+0000] {dag.py:3722} INFO - Setting next_dagrun for example_external_task_marker_child to None, run_after=None
[2023-11-20T19:46:20.628+0000] {logging_mixin.py:154} INFO - [2023-11-20T19:46:20.628+0000] {dag.py:3722} INFO - Setting next_dagrun for example_external_task_marker_parent to None, run_after=None
[2023-11-20T19:46:20.659+0000] {processor.py:179} INFO - Processing /home/airflow/.local/lib/python3.8/site-packages/airflow/example_dags/example_external_task_marker_dag.py took 0.157 seconds
[2023-11-20T19:46:53.063+0000] {processor.py:157} INFO - Started process (PID=1189) to work on /home/airflow/.local/lib/python3.8/site-packages/airflow/example_dags/example_external_task_marker_dag.py
[2023-11-20T19:46:53.066+0000] {processor.py:829} INFO - Processing file /home/airflow/.local/lib/python3.8/site-packages/airflow/example_dags/example_external_task_marker_dag.py for tasks to queue
[2023-11-20T19:46:53.070+0000] {logging_mixin.py:154} INFO - [2023-11-20T19:46:53.070+0000] {dagbag.py:536} INFO - Filling up the DagBag from /home/airflow/.local/lib/python3.8/site-packages/airflow/example_dags/example_external_task_marker_dag.py
[2023-11-20T19:46:53.082+0000] {processor.py:839} INFO - DAG(s) dict_keys(['example_external_task_marker_parent', 'example_external_task_marker_child']) retrieved from /home/airflow/.local/lib/python3.8/site-packages/airflow/example_dags/example_external_task_marker_dag.py
[2023-11-20T19:46:53.411+0000] {logging_mixin.py:154} INFO - [2023-11-20T19:46:53.410+0000] {dag.py:2941} INFO - Sync 2 DAGs
[2023-11-20T19:46:53.446+0000] {logging_mixin.py:154} INFO - [2023-11-20T19:46:53.446+0000] {dag.py:3722} INFO - Setting next_dagrun for example_external_task_marker_child to None, run_after=None
[2023-11-20T19:46:53.452+0000] {logging_mixin.py:154} INFO - [2023-11-20T19:46:53.452+0000] {dag.py:3722} INFO - Setting next_dagrun for example_external_task_marker_parent to None, run_after=None
[2023-11-20T19:46:53.492+0000] {processor.py:179} INFO - Processing /home/airflow/.local/lib/python3.8/site-packages/airflow/example_dags/example_external_task_marker_dag.py took 0.436 seconds
[2023-11-20T19:47:23.972+0000] {processor.py:157} INFO - Started process (PID=1243) to work on /home/airflow/.local/lib/python3.8/site-packages/airflow/example_dags/example_external_task_marker_dag.py
[2023-11-20T19:47:23.975+0000] {processor.py:829} INFO - Processing file /home/airflow/.local/lib/python3.8/site-packages/airflow/example_dags/example_external_task_marker_dag.py for tasks to queue
[2023-11-20T19:47:23.979+0000] {logging_mixin.py:154} INFO - [2023-11-20T19:47:23.979+0000] {dagbag.py:536} INFO - Filling up the DagBag from /home/airflow/.local/lib/python3.8/site-packages/airflow/example_dags/example_external_task_marker_dag.py
[2023-11-20T19:47:23.988+0000] {processor.py:839} INFO - DAG(s) dict_keys(['example_external_task_marker_child', 'example_external_task_marker_parent']) retrieved from /home/airflow/.local/lib/python3.8/site-packages/airflow/example_dags/example_external_task_marker_dag.py
[2023-11-20T19:47:24.037+0000] {logging_mixin.py:154} INFO - [2023-11-20T19:47:24.037+0000] {dag.py:2941} INFO - Sync 2 DAGs
[2023-11-20T19:47:24.061+0000] {logging_mixin.py:154} INFO - [2023-11-20T19:47:24.061+0000] {dag.py:3722} INFO - Setting next_dagrun for example_external_task_marker_child to None, run_after=None
[2023-11-20T19:47:24.070+0000] {logging_mixin.py:154} INFO - [2023-11-20T19:47:24.070+0000] {dag.py:3722} INFO - Setting next_dagrun for example_external_task_marker_parent to None, run_after=None
[2023-11-20T19:47:24.656+0000] {processor.py:179} INFO - Processing /home/airflow/.local/lib/python3.8/site-packages/airflow/example_dags/example_external_task_marker_dag.py took 0.689 seconds
[2023-11-20T19:47:59.903+0000] {processor.py:157} INFO - Started process (PID=1297) to work on /home/airflow/.local/lib/python3.8/site-packages/airflow/example_dags/example_external_task_marker_dag.py
[2023-11-20T19:47:59.915+0000] {processor.py:829} INFO - Processing file /home/airflow/.local/lib/python3.8/site-packages/airflow/example_dags/example_external_task_marker_dag.py for tasks to queue
[2023-11-20T19:47:59.965+0000] {logging_mixin.py:154} INFO - [2023-11-20T19:47:59.964+0000] {dagbag.py:536} INFO - Filling up the DagBag from /home/airflow/.local/lib/python3.8/site-packages/airflow/example_dags/example_external_task_marker_dag.py
[2023-11-20T19:48:00.009+0000] {processor.py:839} INFO - DAG(s) dict_keys(['example_external_task_marker_child', 'example_external_task_marker_parent']) retrieved from /home/airflow/.local/lib/python3.8/site-packages/airflow/example_dags/example_external_task_marker_dag.py
[2023-11-20T19:48:00.408+0000] {logging_mixin.py:154} INFO - [2023-11-20T19:48:00.396+0000] {dag.py:2941} INFO - Sync 2 DAGs
[2023-11-20T19:48:00.637+0000] {logging_mixin.py:154} INFO - [2023-11-20T19:48:00.607+0000] {dag.py:3722} INFO - Setting next_dagrun for example_external_task_marker_child to None, run_after=None
[2023-11-20T19:48:00.825+0000] {logging_mixin.py:154} INFO - [2023-11-20T19:48:00.804+0000] {dag.py:3722} INFO - Setting next_dagrun for example_external_task_marker_parent to None, run_after=None
[2023-11-20T19:48:01.498+0000] {processor.py:179} INFO - Processing /home/airflow/.local/lib/python3.8/site-packages/airflow/example_dags/example_external_task_marker_dag.py took 1.680 seconds
