[2023-11-20T19:35:59.049+0000] {processor.py:157} INFO - Started process (PID=69) to work on /home/airflow/.local/lib/python3.8/site-packages/airflow/example_dags/example_nested_branch_dag.py
[2023-11-20T19:35:59.053+0000] {processor.py:829} INFO - Processing file /home/airflow/.local/lib/python3.8/site-packages/airflow/example_dags/example_nested_branch_dag.py for tasks to queue
[2023-11-20T19:35:59.061+0000] {logging_mixin.py:154} INFO - [2023-11-20T19:35:59.060+0000] {dagbag.py:536} INFO - Filling up the DagBag from /home/airflow/.local/lib/python3.8/site-packages/airflow/example_dags/example_nested_branch_dag.py
[2023-11-20T19:35:59.091+0000] {processor.py:839} INFO - DAG(s) dict_keys(['example_nested_branch_dag']) retrieved from /home/airflow/.local/lib/python3.8/site-packages/airflow/example_dags/example_nested_branch_dag.py
[2023-11-20T19:35:59.164+0000] {logging_mixin.py:154} INFO - [2023-11-20T19:35:59.158+0000] {dag.py:2941} INFO - Sync 1 DAGs
[2023-11-20T19:35:59.234+0000] {logging_mixin.py:154} INFO - [2023-11-20T19:35:59.233+0000] {dag.py:3722} INFO - Setting next_dagrun for example_nested_branch_dag to 2023-11-19T00:00:00+00:00, run_after=2023-11-20T00:00:00+00:00
[2023-11-20T19:35:59.351+0000] {processor.py:179} INFO - Processing /home/airflow/.local/lib/python3.8/site-packages/airflow/example_dags/example_nested_branch_dag.py took 0.318 seconds
[2023-11-20T19:36:30.757+0000] {processor.py:157} INFO - Started process (PID=122) to work on /home/airflow/.local/lib/python3.8/site-packages/airflow/example_dags/example_nested_branch_dag.py
[2023-11-20T19:36:30.766+0000] {processor.py:829} INFO - Processing file /home/airflow/.local/lib/python3.8/site-packages/airflow/example_dags/example_nested_branch_dag.py for tasks to queue
[2023-11-20T19:36:30.773+0000] {logging_mixin.py:154} INFO - [2023-11-20T19:36:30.773+0000] {dagbag.py:536} INFO - Filling up the DagBag from /home/airflow/.local/lib/python3.8/site-packages/airflow/example_dags/example_nested_branch_dag.py
[2023-11-20T19:36:30.792+0000] {processor.py:839} INFO - DAG(s) dict_keys(['example_nested_branch_dag']) retrieved from /home/airflow/.local/lib/python3.8/site-packages/airflow/example_dags/example_nested_branch_dag.py
[2023-11-20T19:36:30.861+0000] {logging_mixin.py:154} INFO - [2023-11-20T19:36:30.858+0000] {dag.py:2941} INFO - Sync 1 DAGs
[2023-11-20T19:36:30.926+0000] {logging_mixin.py:154} INFO - [2023-11-20T19:36:30.925+0000] {dag.py:3722} INFO - Setting next_dagrun for example_nested_branch_dag to 2023-11-19T00:00:00+00:00, run_after=2023-11-20T00:00:00+00:00
[2023-11-20T19:36:30.951+0000] {processor.py:179} INFO - Processing /home/airflow/.local/lib/python3.8/site-packages/airflow/example_dags/example_nested_branch_dag.py took 0.198 seconds
[2023-11-20T19:37:02.139+0000] {processor.py:157} INFO - Started process (PID=176) to work on /home/airflow/.local/lib/python3.8/site-packages/airflow/example_dags/example_nested_branch_dag.py
[2023-11-20T19:37:02.140+0000] {processor.py:829} INFO - Processing file /home/airflow/.local/lib/python3.8/site-packages/airflow/example_dags/example_nested_branch_dag.py for tasks to queue
[2023-11-20T19:37:02.143+0000] {logging_mixin.py:154} INFO - [2023-11-20T19:37:02.143+0000] {dagbag.py:536} INFO - Filling up the DagBag from /home/airflow/.local/lib/python3.8/site-packages/airflow/example_dags/example_nested_branch_dag.py
[2023-11-20T19:37:02.160+0000] {processor.py:839} INFO - DAG(s) dict_keys(['example_nested_branch_dag']) retrieved from /home/airflow/.local/lib/python3.8/site-packages/airflow/example_dags/example_nested_branch_dag.py
[2023-11-20T19:37:02.201+0000] {logging_mixin.py:154} INFO - [2023-11-20T19:37:02.201+0000] {dag.py:2941} INFO - Sync 1 DAGs
[2023-11-20T19:37:02.233+0000] {logging_mixin.py:154} INFO - [2023-11-20T19:37:02.233+0000] {dag.py:3722} INFO - Setting next_dagrun for example_nested_branch_dag to 2023-11-19T00:00:00+00:00, run_after=2023-11-20T00:00:00+00:00
[2023-11-20T19:37:02.257+0000] {processor.py:179} INFO - Processing /home/airflow/.local/lib/python3.8/site-packages/airflow/example_dags/example_nested_branch_dag.py took 0.122 seconds
[2023-11-20T19:37:32.874+0000] {processor.py:157} INFO - Started process (PID=229) to work on /home/airflow/.local/lib/python3.8/site-packages/airflow/example_dags/example_nested_branch_dag.py
[2023-11-20T19:37:32.877+0000] {processor.py:829} INFO - Processing file /home/airflow/.local/lib/python3.8/site-packages/airflow/example_dags/example_nested_branch_dag.py for tasks to queue
[2023-11-20T19:37:32.883+0000] {logging_mixin.py:154} INFO - [2023-11-20T19:37:32.883+0000] {dagbag.py:536} INFO - Filling up the DagBag from /home/airflow/.local/lib/python3.8/site-packages/airflow/example_dags/example_nested_branch_dag.py
[2023-11-20T19:37:32.908+0000] {processor.py:839} INFO - DAG(s) dict_keys(['example_nested_branch_dag']) retrieved from /home/airflow/.local/lib/python3.8/site-packages/airflow/example_dags/example_nested_branch_dag.py
[2023-11-20T19:37:32.958+0000] {logging_mixin.py:154} INFO - [2023-11-20T19:37:32.958+0000] {dag.py:2941} INFO - Sync 1 DAGs
[2023-11-20T19:37:33.002+0000] {logging_mixin.py:154} INFO - [2023-11-20T19:37:33.001+0000] {dag.py:3722} INFO - Setting next_dagrun for example_nested_branch_dag to 2023-11-19T00:00:00+00:00, run_after=2023-11-20T00:00:00+00:00
[2023-11-20T19:37:33.043+0000] {processor.py:179} INFO - Processing /home/airflow/.local/lib/python3.8/site-packages/airflow/example_dags/example_nested_branch_dag.py took 0.178 seconds
[2023-11-20T19:38:06.305+0000] {processor.py:157} INFO - Started process (PID=282) to work on /home/airflow/.local/lib/python3.8/site-packages/airflow/example_dags/example_nested_branch_dag.py
[2023-11-20T19:38:06.312+0000] {processor.py:829} INFO - Processing file /home/airflow/.local/lib/python3.8/site-packages/airflow/example_dags/example_nested_branch_dag.py for tasks to queue
[2023-11-20T19:38:06.317+0000] {logging_mixin.py:154} INFO - [2023-11-20T19:38:06.317+0000] {dagbag.py:536} INFO - Filling up the DagBag from /home/airflow/.local/lib/python3.8/site-packages/airflow/example_dags/example_nested_branch_dag.py
[2023-11-20T19:38:06.354+0000] {processor.py:839} INFO - DAG(s) dict_keys(['example_nested_branch_dag']) retrieved from /home/airflow/.local/lib/python3.8/site-packages/airflow/example_dags/example_nested_branch_dag.py
[2023-11-20T19:38:06.455+0000] {logging_mixin.py:154} INFO - [2023-11-20T19:38:06.455+0000] {dag.py:2941} INFO - Sync 1 DAGs
[2023-11-20T19:38:06.573+0000] {logging_mixin.py:154} INFO - [2023-11-20T19:38:06.572+0000] {dag.py:3722} INFO - Setting next_dagrun for example_nested_branch_dag to 2023-11-19T00:00:00+00:00, run_after=2023-11-20T00:00:00+00:00
[2023-11-20T19:38:06.634+0000] {processor.py:179} INFO - Processing /home/airflow/.local/lib/python3.8/site-packages/airflow/example_dags/example_nested_branch_dag.py took 0.338 seconds
[2023-11-20T19:38:38.668+0000] {processor.py:157} INFO - Started process (PID=336) to work on /home/airflow/.local/lib/python3.8/site-packages/airflow/example_dags/example_nested_branch_dag.py
[2023-11-20T19:38:38.676+0000] {processor.py:829} INFO - Processing file /home/airflow/.local/lib/python3.8/site-packages/airflow/example_dags/example_nested_branch_dag.py for tasks to queue
[2023-11-20T19:38:38.687+0000] {logging_mixin.py:154} INFO - [2023-11-20T19:38:38.687+0000] {dagbag.py:536} INFO - Filling up the DagBag from /home/airflow/.local/lib/python3.8/site-packages/airflow/example_dags/example_nested_branch_dag.py
[2023-11-20T19:38:38.722+0000] {processor.py:839} INFO - DAG(s) dict_keys(['example_nested_branch_dag']) retrieved from /home/airflow/.local/lib/python3.8/site-packages/airflow/example_dags/example_nested_branch_dag.py
[2023-11-20T19:38:38.805+0000] {logging_mixin.py:154} INFO - [2023-11-20T19:38:38.805+0000] {dag.py:2941} INFO - Sync 1 DAGs
[2023-11-20T19:38:39.006+0000] {logging_mixin.py:154} INFO - [2023-11-20T19:38:39.002+0000] {dag.py:3722} INFO - Setting next_dagrun for example_nested_branch_dag to 2023-11-19T00:00:00+00:00, run_after=2023-11-20T00:00:00+00:00
[2023-11-20T19:38:39.101+0000] {processor.py:179} INFO - Processing /home/airflow/.local/lib/python3.8/site-packages/airflow/example_dags/example_nested_branch_dag.py took 0.461 seconds
[2023-11-20T19:39:09.428+0000] {processor.py:157} INFO - Started process (PID=389) to work on /home/airflow/.local/lib/python3.8/site-packages/airflow/example_dags/example_nested_branch_dag.py
[2023-11-20T19:39:09.430+0000] {processor.py:829} INFO - Processing file /home/airflow/.local/lib/python3.8/site-packages/airflow/example_dags/example_nested_branch_dag.py for tasks to queue
[2023-11-20T19:39:09.440+0000] {logging_mixin.py:154} INFO - [2023-11-20T19:39:09.440+0000] {dagbag.py:536} INFO - Filling up the DagBag from /home/airflow/.local/lib/python3.8/site-packages/airflow/example_dags/example_nested_branch_dag.py
[2023-11-20T19:39:09.469+0000] {processor.py:839} INFO - DAG(s) dict_keys(['example_nested_branch_dag']) retrieved from /home/airflow/.local/lib/python3.8/site-packages/airflow/example_dags/example_nested_branch_dag.py
[2023-11-20T19:39:09.561+0000] {logging_mixin.py:154} INFO - [2023-11-20T19:39:09.561+0000] {dag.py:2941} INFO - Sync 1 DAGs
[2023-11-20T19:39:09.685+0000] {logging_mixin.py:154} INFO - [2023-11-20T19:39:09.685+0000] {dag.py:3722} INFO - Setting next_dagrun for example_nested_branch_dag to 2023-11-19T00:00:00+00:00, run_after=2023-11-20T00:00:00+00:00
[2023-11-20T19:39:09.752+0000] {processor.py:179} INFO - Processing /home/airflow/.local/lib/python3.8/site-packages/airflow/example_dags/example_nested_branch_dag.py took 0.351 seconds
[2023-11-20T19:39:40.496+0000] {processor.py:157} INFO - Started process (PID=442) to work on /home/airflow/.local/lib/python3.8/site-packages/airflow/example_dags/example_nested_branch_dag.py
[2023-11-20T19:39:40.599+0000] {processor.py:829} INFO - Processing file /home/airflow/.local/lib/python3.8/site-packages/airflow/example_dags/example_nested_branch_dag.py for tasks to queue
[2023-11-20T19:39:40.603+0000] {logging_mixin.py:154} INFO - [2023-11-20T19:39:40.602+0000] {dagbag.py:536} INFO - Filling up the DagBag from /home/airflow/.local/lib/python3.8/site-packages/airflow/example_dags/example_nested_branch_dag.py
[2023-11-20T19:39:40.627+0000] {processor.py:839} INFO - DAG(s) dict_keys(['example_nested_branch_dag']) retrieved from /home/airflow/.local/lib/python3.8/site-packages/airflow/example_dags/example_nested_branch_dag.py
[2023-11-20T19:39:40.677+0000] {logging_mixin.py:154} INFO - [2023-11-20T19:39:40.677+0000] {dag.py:2941} INFO - Sync 1 DAGs
[2023-11-20T19:39:40.735+0000] {logging_mixin.py:154} INFO - [2023-11-20T19:39:40.734+0000] {dag.py:3722} INFO - Setting next_dagrun for example_nested_branch_dag to 2023-11-19T00:00:00+00:00, run_after=2023-11-20T00:00:00+00:00
[2023-11-20T19:39:40.776+0000] {processor.py:179} INFO - Processing /home/airflow/.local/lib/python3.8/site-packages/airflow/example_dags/example_nested_branch_dag.py took 0.285 seconds
[2023-11-20T19:40:11.587+0000] {processor.py:157} INFO - Started process (PID=496) to work on /home/airflow/.local/lib/python3.8/site-packages/airflow/example_dags/example_nested_branch_dag.py
[2023-11-20T19:40:11.598+0000] {processor.py:829} INFO - Processing file /home/airflow/.local/lib/python3.8/site-packages/airflow/example_dags/example_nested_branch_dag.py for tasks to queue
[2023-11-20T19:40:11.623+0000] {logging_mixin.py:154} INFO - [2023-11-20T19:40:11.622+0000] {dagbag.py:536} INFO - Filling up the DagBag from /home/airflow/.local/lib/python3.8/site-packages/airflow/example_dags/example_nested_branch_dag.py
[2023-11-20T19:40:11.679+0000] {processor.py:839} INFO - DAG(s) dict_keys(['example_nested_branch_dag']) retrieved from /home/airflow/.local/lib/python3.8/site-packages/airflow/example_dags/example_nested_branch_dag.py
[2023-11-20T19:40:11.812+0000] {logging_mixin.py:154} INFO - [2023-11-20T19:40:11.812+0000] {dag.py:2941} INFO - Sync 1 DAGs
[2023-11-20T19:40:11.947+0000] {logging_mixin.py:154} INFO - [2023-11-20T19:40:11.925+0000] {dag.py:3722} INFO - Setting next_dagrun for example_nested_branch_dag to 2023-11-19T00:00:00+00:00, run_after=2023-11-20T00:00:00+00:00
[2023-11-20T19:40:12.017+0000] {processor.py:179} INFO - Processing /home/airflow/.local/lib/python3.8/site-packages/airflow/example_dags/example_nested_branch_dag.py took 0.448 seconds
[2023-11-20T19:40:42.100+0000] {processor.py:157} INFO - Started process (PID=549) to work on /home/airflow/.local/lib/python3.8/site-packages/airflow/example_dags/example_nested_branch_dag.py
[2023-11-20T19:40:42.103+0000] {processor.py:829} INFO - Processing file /home/airflow/.local/lib/python3.8/site-packages/airflow/example_dags/example_nested_branch_dag.py for tasks to queue
[2023-11-20T19:40:42.111+0000] {logging_mixin.py:154} INFO - [2023-11-20T19:40:42.111+0000] {dagbag.py:536} INFO - Filling up the DagBag from /home/airflow/.local/lib/python3.8/site-packages/airflow/example_dags/example_nested_branch_dag.py
[2023-11-20T19:40:42.129+0000] {processor.py:839} INFO - DAG(s) dict_keys(['example_nested_branch_dag']) retrieved from /home/airflow/.local/lib/python3.8/site-packages/airflow/example_dags/example_nested_branch_dag.py
[2023-11-20T19:40:42.194+0000] {logging_mixin.py:154} INFO - [2023-11-20T19:40:42.194+0000] {dag.py:2941} INFO - Sync 1 DAGs
[2023-11-20T19:40:42.237+0000] {logging_mixin.py:154} INFO - [2023-11-20T19:40:42.236+0000] {dag.py:3722} INFO - Setting next_dagrun for example_nested_branch_dag to 2023-11-19T00:00:00+00:00, run_after=2023-11-20T00:00:00+00:00
[2023-11-20T19:40:42.264+0000] {processor.py:179} INFO - Processing /home/airflow/.local/lib/python3.8/site-packages/airflow/example_dags/example_nested_branch_dag.py took 0.169 seconds
[2023-11-20T19:41:13.074+0000] {processor.py:157} INFO - Started process (PID=603) to work on /home/airflow/.local/lib/python3.8/site-packages/airflow/example_dags/example_nested_branch_dag.py
[2023-11-20T19:41:13.075+0000] {processor.py:829} INFO - Processing file /home/airflow/.local/lib/python3.8/site-packages/airflow/example_dags/example_nested_branch_dag.py for tasks to queue
[2023-11-20T19:41:13.078+0000] {logging_mixin.py:154} INFO - [2023-11-20T19:41:13.078+0000] {dagbag.py:536} INFO - Filling up the DagBag from /home/airflow/.local/lib/python3.8/site-packages/airflow/example_dags/example_nested_branch_dag.py
[2023-11-20T19:41:13.092+0000] {processor.py:839} INFO - DAG(s) dict_keys(['example_nested_branch_dag']) retrieved from /home/airflow/.local/lib/python3.8/site-packages/airflow/example_dags/example_nested_branch_dag.py
[2023-11-20T19:41:13.122+0000] {logging_mixin.py:154} INFO - [2023-11-20T19:41:13.122+0000] {dag.py:2941} INFO - Sync 1 DAGs
[2023-11-20T19:41:13.154+0000] {logging_mixin.py:154} INFO - [2023-11-20T19:41:13.154+0000] {dag.py:3722} INFO - Setting next_dagrun for example_nested_branch_dag to 2023-11-19T00:00:00+00:00, run_after=2023-11-20T00:00:00+00:00
[2023-11-20T19:41:13.182+0000] {processor.py:179} INFO - Processing /home/airflow/.local/lib/python3.8/site-packages/airflow/example_dags/example_nested_branch_dag.py took 0.113 seconds
[2023-11-20T19:41:43.833+0000] {processor.py:157} INFO - Started process (PID=657) to work on /home/airflow/.local/lib/python3.8/site-packages/airflow/example_dags/example_nested_branch_dag.py
[2023-11-20T19:41:43.835+0000] {processor.py:829} INFO - Processing file /home/airflow/.local/lib/python3.8/site-packages/airflow/example_dags/example_nested_branch_dag.py for tasks to queue
[2023-11-20T19:41:43.838+0000] {logging_mixin.py:154} INFO - [2023-11-20T19:41:43.838+0000] {dagbag.py:536} INFO - Filling up the DagBag from /home/airflow/.local/lib/python3.8/site-packages/airflow/example_dags/example_nested_branch_dag.py
[2023-11-20T19:41:43.872+0000] {processor.py:839} INFO - DAG(s) dict_keys(['example_nested_branch_dag']) retrieved from /home/airflow/.local/lib/python3.8/site-packages/airflow/example_dags/example_nested_branch_dag.py
[2023-11-20T19:41:43.941+0000] {logging_mixin.py:154} INFO - [2023-11-20T19:41:43.941+0000] {dag.py:2941} INFO - Sync 1 DAGs
[2023-11-20T19:41:44.009+0000] {logging_mixin.py:154} INFO - [2023-11-20T19:41:44.009+0000] {dag.py:3722} INFO - Setting next_dagrun for example_nested_branch_dag to 2023-11-19T00:00:00+00:00, run_after=2023-11-20T00:00:00+00:00
[2023-11-20T19:41:44.046+0000] {processor.py:179} INFO - Processing /home/airflow/.local/lib/python3.8/site-packages/airflow/example_dags/example_nested_branch_dag.py took 0.221 seconds
[2023-11-20T19:42:14.589+0000] {processor.py:157} INFO - Started process (PID=711) to work on /home/airflow/.local/lib/python3.8/site-packages/airflow/example_dags/example_nested_branch_dag.py
[2023-11-20T19:42:14.591+0000] {processor.py:829} INFO - Processing file /home/airflow/.local/lib/python3.8/site-packages/airflow/example_dags/example_nested_branch_dag.py for tasks to queue
[2023-11-20T19:42:14.594+0000] {logging_mixin.py:154} INFO - [2023-11-20T19:42:14.594+0000] {dagbag.py:536} INFO - Filling up the DagBag from /home/airflow/.local/lib/python3.8/site-packages/airflow/example_dags/example_nested_branch_dag.py
[2023-11-20T19:42:14.625+0000] {processor.py:839} INFO - DAG(s) dict_keys(['example_nested_branch_dag']) retrieved from /home/airflow/.local/lib/python3.8/site-packages/airflow/example_dags/example_nested_branch_dag.py
[2023-11-20T19:42:14.664+0000] {logging_mixin.py:154} INFO - [2023-11-20T19:42:14.664+0000] {dag.py:2941} INFO - Sync 1 DAGs
[2023-11-20T19:42:14.694+0000] {logging_mixin.py:154} INFO - [2023-11-20T19:42:14.694+0000] {dag.py:3722} INFO - Setting next_dagrun for example_nested_branch_dag to 2023-11-19T00:00:00+00:00, run_after=2023-11-20T00:00:00+00:00
[2023-11-20T19:42:14.720+0000] {processor.py:179} INFO - Processing /home/airflow/.local/lib/python3.8/site-packages/airflow/example_dags/example_nested_branch_dag.py took 0.137 seconds
[2023-11-20T19:42:45.564+0000] {processor.py:157} INFO - Started process (PID=765) to work on /home/airflow/.local/lib/python3.8/site-packages/airflow/example_dags/example_nested_branch_dag.py
[2023-11-20T19:42:45.574+0000] {processor.py:829} INFO - Processing file /home/airflow/.local/lib/python3.8/site-packages/airflow/example_dags/example_nested_branch_dag.py for tasks to queue
[2023-11-20T19:42:45.587+0000] {logging_mixin.py:154} INFO - [2023-11-20T19:42:45.587+0000] {dagbag.py:536} INFO - Filling up the DagBag from /home/airflow/.local/lib/python3.8/site-packages/airflow/example_dags/example_nested_branch_dag.py
[2023-11-20T19:42:45.652+0000] {processor.py:839} INFO - DAG(s) dict_keys(['example_nested_branch_dag']) retrieved from /home/airflow/.local/lib/python3.8/site-packages/airflow/example_dags/example_nested_branch_dag.py
[2023-11-20T19:42:45.767+0000] {logging_mixin.py:154} INFO - [2023-11-20T19:42:45.767+0000] {dag.py:2941} INFO - Sync 1 DAGs
[2023-11-20T19:42:45.868+0000] {logging_mixin.py:154} INFO - [2023-11-20T19:42:45.867+0000] {dag.py:3722} INFO - Setting next_dagrun for example_nested_branch_dag to 2023-11-19T00:00:00+00:00, run_after=2023-11-20T00:00:00+00:00
[2023-11-20T19:42:45.919+0000] {processor.py:179} INFO - Processing /home/airflow/.local/lib/python3.8/site-packages/airflow/example_dags/example_nested_branch_dag.py took 0.366 seconds
[2023-11-20T19:43:15.986+0000] {processor.py:157} INFO - Started process (PID=819) to work on /home/airflow/.local/lib/python3.8/site-packages/airflow/example_dags/example_nested_branch_dag.py
[2023-11-20T19:43:15.988+0000] {processor.py:829} INFO - Processing file /home/airflow/.local/lib/python3.8/site-packages/airflow/example_dags/example_nested_branch_dag.py for tasks to queue
[2023-11-20T19:43:15.991+0000] {logging_mixin.py:154} INFO - [2023-11-20T19:43:15.991+0000] {dagbag.py:536} INFO - Filling up the DagBag from /home/airflow/.local/lib/python3.8/site-packages/airflow/example_dags/example_nested_branch_dag.py
[2023-11-20T19:43:16.008+0000] {processor.py:839} INFO - DAG(s) dict_keys(['example_nested_branch_dag']) retrieved from /home/airflow/.local/lib/python3.8/site-packages/airflow/example_dags/example_nested_branch_dag.py
[2023-11-20T19:43:16.049+0000] {logging_mixin.py:154} INFO - [2023-11-20T19:43:16.049+0000] {dag.py:2941} INFO - Sync 1 DAGs
[2023-11-20T19:43:16.081+0000] {logging_mixin.py:154} INFO - [2023-11-20T19:43:16.081+0000] {dag.py:3722} INFO - Setting next_dagrun for example_nested_branch_dag to 2023-11-19T00:00:00+00:00, run_after=2023-11-20T00:00:00+00:00
[2023-11-20T19:43:16.104+0000] {processor.py:179} INFO - Processing /home/airflow/.local/lib/python3.8/site-packages/airflow/example_dags/example_nested_branch_dag.py took 0.122 seconds
[2023-11-20T19:43:47.422+0000] {processor.py:157} INFO - Started process (PID=873) to work on /home/airflow/.local/lib/python3.8/site-packages/airflow/example_dags/example_nested_branch_dag.py
[2023-11-20T19:43:47.424+0000] {processor.py:829} INFO - Processing file /home/airflow/.local/lib/python3.8/site-packages/airflow/example_dags/example_nested_branch_dag.py for tasks to queue
[2023-11-20T19:43:47.430+0000] {logging_mixin.py:154} INFO - [2023-11-20T19:43:47.429+0000] {dagbag.py:536} INFO - Filling up the DagBag from /home/airflow/.local/lib/python3.8/site-packages/airflow/example_dags/example_nested_branch_dag.py
[2023-11-20T19:43:47.513+0000] {processor.py:839} INFO - DAG(s) dict_keys(['example_nested_branch_dag']) retrieved from /home/airflow/.local/lib/python3.8/site-packages/airflow/example_dags/example_nested_branch_dag.py
[2023-11-20T19:43:47.631+0000] {logging_mixin.py:154} INFO - [2023-11-20T19:43:47.630+0000] {dag.py:2941} INFO - Sync 1 DAGs
[2023-11-20T19:43:47.749+0000] {logging_mixin.py:154} INFO - [2023-11-20T19:43:47.747+0000] {dag.py:3722} INFO - Setting next_dagrun for example_nested_branch_dag to 2023-11-19T00:00:00+00:00, run_after=2023-11-20T00:00:00+00:00
[2023-11-20T19:43:48.023+0000] {processor.py:179} INFO - Processing /home/airflow/.local/lib/python3.8/site-packages/airflow/example_dags/example_nested_branch_dag.py took 0.610 seconds
[2023-11-20T19:44:18.884+0000] {processor.py:157} INFO - Started process (PID=925) to work on /home/airflow/.local/lib/python3.8/site-packages/airflow/example_dags/example_nested_branch_dag.py
[2023-11-20T19:44:18.889+0000] {processor.py:829} INFO - Processing file /home/airflow/.local/lib/python3.8/site-packages/airflow/example_dags/example_nested_branch_dag.py for tasks to queue
[2023-11-20T19:44:19.101+0000] {logging_mixin.py:154} INFO - [2023-11-20T19:44:19.042+0000] {dagbag.py:536} INFO - Filling up the DagBag from /home/airflow/.local/lib/python3.8/site-packages/airflow/example_dags/example_nested_branch_dag.py
[2023-11-20T19:44:19.214+0000] {processor.py:839} INFO - DAG(s) dict_keys(['example_nested_branch_dag']) retrieved from /home/airflow/.local/lib/python3.8/site-packages/airflow/example_dags/example_nested_branch_dag.py
[2023-11-20T19:44:19.288+0000] {logging_mixin.py:154} INFO - [2023-11-20T19:44:19.287+0000] {dag.py:2941} INFO - Sync 1 DAGs
[2023-11-20T19:44:19.367+0000] {logging_mixin.py:154} INFO - [2023-11-20T19:44:19.366+0000] {dag.py:3722} INFO - Setting next_dagrun for example_nested_branch_dag to 2023-11-19T00:00:00+00:00, run_after=2023-11-20T00:00:00+00:00
[2023-11-20T19:44:19.457+0000] {processor.py:179} INFO - Processing /home/airflow/.local/lib/python3.8/site-packages/airflow/example_dags/example_nested_branch_dag.py took 0.589 seconds
[2023-11-20T19:44:49.775+0000] {processor.py:157} INFO - Started process (PID=979) to work on /home/airflow/.local/lib/python3.8/site-packages/airflow/example_dags/example_nested_branch_dag.py
[2023-11-20T19:44:49.780+0000] {processor.py:829} INFO - Processing file /home/airflow/.local/lib/python3.8/site-packages/airflow/example_dags/example_nested_branch_dag.py for tasks to queue
[2023-11-20T19:44:49.790+0000] {logging_mixin.py:154} INFO - [2023-11-20T19:44:49.790+0000] {dagbag.py:536} INFO - Filling up the DagBag from /home/airflow/.local/lib/python3.8/site-packages/airflow/example_dags/example_nested_branch_dag.py
[2023-11-20T19:44:49.820+0000] {processor.py:839} INFO - DAG(s) dict_keys(['example_nested_branch_dag']) retrieved from /home/airflow/.local/lib/python3.8/site-packages/airflow/example_dags/example_nested_branch_dag.py
[2023-11-20T19:44:49.889+0000] {logging_mixin.py:154} INFO - [2023-11-20T19:44:49.889+0000] {dag.py:2941} INFO - Sync 1 DAGs
[2023-11-20T19:44:49.991+0000] {logging_mixin.py:154} INFO - [2023-11-20T19:44:49.990+0000] {dag.py:3722} INFO - Setting next_dagrun for example_nested_branch_dag to 2023-11-19T00:00:00+00:00, run_after=2023-11-20T00:00:00+00:00
[2023-11-20T19:44:50.351+0000] {processor.py:179} INFO - Processing /home/airflow/.local/lib/python3.8/site-packages/airflow/example_dags/example_nested_branch_dag.py took 0.591 seconds
[2023-11-20T19:45:20.537+0000] {processor.py:157} INFO - Started process (PID=1035) to work on /home/airflow/.local/lib/python3.8/site-packages/airflow/example_dags/example_nested_branch_dag.py
[2023-11-20T19:45:20.541+0000] {processor.py:829} INFO - Processing file /home/airflow/.local/lib/python3.8/site-packages/airflow/example_dags/example_nested_branch_dag.py for tasks to queue
[2023-11-20T19:45:20.547+0000] {logging_mixin.py:154} INFO - [2023-11-20T19:45:20.547+0000] {dagbag.py:536} INFO - Filling up the DagBag from /home/airflow/.local/lib/python3.8/site-packages/airflow/example_dags/example_nested_branch_dag.py
[2023-11-20T19:45:20.572+0000] {processor.py:839} INFO - DAG(s) dict_keys(['example_nested_branch_dag']) retrieved from /home/airflow/.local/lib/python3.8/site-packages/airflow/example_dags/example_nested_branch_dag.py
[2023-11-20T19:45:20.622+0000] {logging_mixin.py:154} INFO - [2023-11-20T19:45:20.622+0000] {dag.py:2941} INFO - Sync 1 DAGs
[2023-11-20T19:45:20.668+0000] {logging_mixin.py:154} INFO - [2023-11-20T19:45:20.668+0000] {dag.py:3722} INFO - Setting next_dagrun for example_nested_branch_dag to 2023-11-19T00:00:00+00:00, run_after=2023-11-20T00:00:00+00:00
[2023-11-20T19:45:20.703+0000] {processor.py:179} INFO - Processing /home/airflow/.local/lib/python3.8/site-packages/airflow/example_dags/example_nested_branch_dag.py took 0.175 seconds
[2023-11-20T19:45:52.681+0000] {processor.py:157} INFO - Started process (PID=1088) to work on /home/airflow/.local/lib/python3.8/site-packages/airflow/example_dags/example_nested_branch_dag.py
[2023-11-20T19:45:52.692+0000] {processor.py:829} INFO - Processing file /home/airflow/.local/lib/python3.8/site-packages/airflow/example_dags/example_nested_branch_dag.py for tasks to queue
[2023-11-20T19:45:52.706+0000] {logging_mixin.py:154} INFO - [2023-11-20T19:45:52.705+0000] {dagbag.py:536} INFO - Filling up the DagBag from /home/airflow/.local/lib/python3.8/site-packages/airflow/example_dags/example_nested_branch_dag.py
[2023-11-20T19:45:52.773+0000] {processor.py:839} INFO - DAG(s) dict_keys(['example_nested_branch_dag']) retrieved from /home/airflow/.local/lib/python3.8/site-packages/airflow/example_dags/example_nested_branch_dag.py
[2023-11-20T19:45:53.003+0000] {logging_mixin.py:154} INFO - [2023-11-20T19:45:53.003+0000] {dag.py:2941} INFO - Sync 1 DAGs
[2023-11-20T19:45:53.093+0000] {logging_mixin.py:154} INFO - [2023-11-20T19:45:53.091+0000] {dag.py:3722} INFO - Setting next_dagrun for example_nested_branch_dag to 2023-11-19T00:00:00+00:00, run_after=2023-11-20T00:00:00+00:00
[2023-11-20T19:45:53.139+0000] {processor.py:179} INFO - Processing /home/airflow/.local/lib/python3.8/site-packages/airflow/example_dags/example_nested_branch_dag.py took 0.483 seconds
[2023-11-20T19:46:23.986+0000] {processor.py:157} INFO - Started process (PID=1141) to work on /home/airflow/.local/lib/python3.8/site-packages/airflow/example_dags/example_nested_branch_dag.py
[2023-11-20T19:46:23.992+0000] {processor.py:829} INFO - Processing file /home/airflow/.local/lib/python3.8/site-packages/airflow/example_dags/example_nested_branch_dag.py for tasks to queue
[2023-11-20T19:46:24.009+0000] {logging_mixin.py:154} INFO - [2023-11-20T19:46:24.008+0000] {dagbag.py:536} INFO - Filling up the DagBag from /home/airflow/.local/lib/python3.8/site-packages/airflow/example_dags/example_nested_branch_dag.py
[2023-11-20T19:46:24.087+0000] {processor.py:839} INFO - DAG(s) dict_keys(['example_nested_branch_dag']) retrieved from /home/airflow/.local/lib/python3.8/site-packages/airflow/example_dags/example_nested_branch_dag.py
[2023-11-20T19:46:24.220+0000] {logging_mixin.py:154} INFO - [2023-11-20T19:46:24.220+0000] {dag.py:2941} INFO - Sync 1 DAGs
[2023-11-20T19:46:24.395+0000] {logging_mixin.py:154} INFO - [2023-11-20T19:46:24.394+0000] {dag.py:3722} INFO - Setting next_dagrun for example_nested_branch_dag to 2023-11-19T00:00:00+00:00, run_after=2023-11-20T00:00:00+00:00
[2023-11-20T19:46:24.494+0000] {processor.py:179} INFO - Processing /home/airflow/.local/lib/python3.8/site-packages/airflow/example_dags/example_nested_branch_dag.py took 0.520 seconds
[2023-11-20T19:46:54.757+0000] {processor.py:157} INFO - Started process (PID=1194) to work on /home/airflow/.local/lib/python3.8/site-packages/airflow/example_dags/example_nested_branch_dag.py
[2023-11-20T19:46:54.759+0000] {processor.py:829} INFO - Processing file /home/airflow/.local/lib/python3.8/site-packages/airflow/example_dags/example_nested_branch_dag.py for tasks to queue
[2023-11-20T19:46:54.766+0000] {logging_mixin.py:154} INFO - [2023-11-20T19:46:54.765+0000] {dagbag.py:536} INFO - Filling up the DagBag from /home/airflow/.local/lib/python3.8/site-packages/airflow/example_dags/example_nested_branch_dag.py
[2023-11-20T19:46:54.792+0000] {processor.py:839} INFO - DAG(s) dict_keys(['example_nested_branch_dag']) retrieved from /home/airflow/.local/lib/python3.8/site-packages/airflow/example_dags/example_nested_branch_dag.py
[2023-11-20T19:46:54.847+0000] {logging_mixin.py:154} INFO - [2023-11-20T19:46:54.846+0000] {dag.py:2941} INFO - Sync 1 DAGs
[2023-11-20T19:46:54.892+0000] {logging_mixin.py:154} INFO - [2023-11-20T19:46:54.892+0000] {dag.py:3722} INFO - Setting next_dagrun for example_nested_branch_dag to 2023-11-19T00:00:00+00:00, run_after=2023-11-20T00:00:00+00:00
[2023-11-20T19:46:54.948+0000] {processor.py:179} INFO - Processing /home/airflow/.local/lib/python3.8/site-packages/airflow/example_dags/example_nested_branch_dag.py took 0.200 seconds
[2023-11-20T19:47:25.516+0000] {processor.py:157} INFO - Started process (PID=1248) to work on /home/airflow/.local/lib/python3.8/site-packages/airflow/example_dags/example_nested_branch_dag.py
[2023-11-20T19:47:25.526+0000] {processor.py:829} INFO - Processing file /home/airflow/.local/lib/python3.8/site-packages/airflow/example_dags/example_nested_branch_dag.py for tasks to queue
[2023-11-20T19:47:25.529+0000] {logging_mixin.py:154} INFO - [2023-11-20T19:47:25.529+0000] {dagbag.py:536} INFO - Filling up the DagBag from /home/airflow/.local/lib/python3.8/site-packages/airflow/example_dags/example_nested_branch_dag.py
[2023-11-20T19:47:25.568+0000] {processor.py:839} INFO - DAG(s) dict_keys(['example_nested_branch_dag']) retrieved from /home/airflow/.local/lib/python3.8/site-packages/airflow/example_dags/example_nested_branch_dag.py
[2023-11-20T19:47:25.698+0000] {logging_mixin.py:154} INFO - [2023-11-20T19:47:25.698+0000] {dag.py:2941} INFO - Sync 1 DAGs
[2023-11-20T19:47:26.282+0000] {logging_mixin.py:154} INFO - [2023-11-20T19:47:26.282+0000] {dag.py:3722} INFO - Setting next_dagrun for example_nested_branch_dag to 2023-11-19T00:00:00+00:00, run_after=2023-11-20T00:00:00+00:00
[2023-11-20T19:47:26.358+0000] {processor.py:179} INFO - Processing /home/airflow/.local/lib/python3.8/site-packages/airflow/example_dags/example_nested_branch_dag.py took 0.848 seconds
[2023-11-20T19:48:03.483+0000] {processor.py:157} INFO - Started process (PID=1309) to work on /home/airflow/.local/lib/python3.8/site-packages/airflow/example_dags/example_nested_branch_dag.py
[2023-11-20T19:48:03.490+0000] {processor.py:829} INFO - Processing file /home/airflow/.local/lib/python3.8/site-packages/airflow/example_dags/example_nested_branch_dag.py for tasks to queue
[2023-11-20T19:48:03.496+0000] {logging_mixin.py:154} INFO - [2023-11-20T19:48:03.495+0000] {dagbag.py:536} INFO - Filling up the DagBag from /home/airflow/.local/lib/python3.8/site-packages/airflow/example_dags/example_nested_branch_dag.py
[2023-11-20T19:48:03.523+0000] {processor.py:839} INFO - DAG(s) dict_keys(['example_nested_branch_dag']) retrieved from /home/airflow/.local/lib/python3.8/site-packages/airflow/example_dags/example_nested_branch_dag.py
[2023-11-20T19:48:03.613+0000] {logging_mixin.py:154} INFO - [2023-11-20T19:48:03.613+0000] {dag.py:2941} INFO - Sync 1 DAGs
[2023-11-20T19:48:03.797+0000] {logging_mixin.py:154} INFO - [2023-11-20T19:48:03.797+0000] {dag.py:3722} INFO - Setting next_dagrun for example_nested_branch_dag to 2023-11-19T00:00:00+00:00, run_after=2023-11-20T00:00:00+00:00
[2023-11-20T19:48:03.872+0000] {processor.py:179} INFO - Processing /home/airflow/.local/lib/python3.8/site-packages/airflow/example_dags/example_nested_branch_dag.py took 0.409 seconds
