[2023-11-20T19:35:55.465+0000] {processor.py:157} INFO - Started process (PID=59) to work on /home/airflow/.local/lib/python3.8/site-packages/airflow/example_dags/example_xcom.py
[2023-11-20T19:35:55.467+0000] {processor.py:829} INFO - Processing file /home/airflow/.local/lib/python3.8/site-packages/airflow/example_dags/example_xcom.py for tasks to queue
[2023-11-20T19:35:55.471+0000] {logging_mixin.py:154} INFO - [2023-11-20T19:35:55.471+0000] {dagbag.py:536} INFO - Filling up the DagBag from /home/airflow/.local/lib/python3.8/site-packages/airflow/example_dags/example_xcom.py
[2023-11-20T19:35:55.507+0000] {processor.py:839} INFO - DAG(s) dict_keys(['example_xcom']) retrieved from /home/airflow/.local/lib/python3.8/site-packages/airflow/example_dags/example_xcom.py
[2023-11-20T19:35:55.567+0000] {logging_mixin.py:154} INFO - [2023-11-20T19:35:55.567+0000] {dag.py:2941} INFO - Sync 1 DAGs
[2023-11-20T19:35:55.626+0000] {logging_mixin.py:154} INFO - [2023-11-20T19:35:55.625+0000] {dag.py:3722} INFO - Setting next_dagrun for example_xcom to 2021-01-01T00:00:00+00:00, run_after=2021-01-01T00:00:00+00:00
[2023-11-20T19:35:55.678+0000] {processor.py:179} INFO - Processing /home/airflow/.local/lib/python3.8/site-packages/airflow/example_dags/example_xcom.py took 0.227 seconds
[2023-11-20T19:36:29.258+0000] {processor.py:157} INFO - Started process (PID=112) to work on /home/airflow/.local/lib/python3.8/site-packages/airflow/example_dags/example_xcom.py
[2023-11-20T19:36:29.263+0000] {processor.py:829} INFO - Processing file /home/airflow/.local/lib/python3.8/site-packages/airflow/example_dags/example_xcom.py for tasks to queue
[2023-11-20T19:36:29.282+0000] {logging_mixin.py:154} INFO - [2023-11-20T19:36:29.281+0000] {dagbag.py:536} INFO - Filling up the DagBag from /home/airflow/.local/lib/python3.8/site-packages/airflow/example_dags/example_xcom.py
[2023-11-20T19:36:29.317+0000] {processor.py:839} INFO - DAG(s) dict_keys(['example_xcom']) retrieved from /home/airflow/.local/lib/python3.8/site-packages/airflow/example_dags/example_xcom.py
[2023-11-20T19:36:29.422+0000] {logging_mixin.py:154} INFO - [2023-11-20T19:36:29.422+0000] {dag.py:2941} INFO - Sync 1 DAGs
[2023-11-20T19:36:29.514+0000] {logging_mixin.py:154} INFO - [2023-11-20T19:36:29.512+0000] {dag.py:3722} INFO - Setting next_dagrun for example_xcom to 2021-01-01T00:00:00+00:00, run_after=2021-01-01T00:00:00+00:00
[2023-11-20T19:36:29.574+0000] {processor.py:179} INFO - Processing /home/airflow/.local/lib/python3.8/site-packages/airflow/example_dags/example_xcom.py took 0.330 seconds
[2023-11-20T19:37:00.393+0000] {processor.py:157} INFO - Started process (PID=166) to work on /home/airflow/.local/lib/python3.8/site-packages/airflow/example_dags/example_xcom.py
[2023-11-20T19:37:00.396+0000] {processor.py:829} INFO - Processing file /home/airflow/.local/lib/python3.8/site-packages/airflow/example_dags/example_xcom.py for tasks to queue
[2023-11-20T19:37:00.399+0000] {logging_mixin.py:154} INFO - [2023-11-20T19:37:00.399+0000] {dagbag.py:536} INFO - Filling up the DagBag from /home/airflow/.local/lib/python3.8/site-packages/airflow/example_dags/example_xcom.py
[2023-11-20T19:37:00.409+0000] {processor.py:839} INFO - DAG(s) dict_keys(['example_xcom']) retrieved from /home/airflow/.local/lib/python3.8/site-packages/airflow/example_dags/example_xcom.py
[2023-11-20T19:37:00.440+0000] {logging_mixin.py:154} INFO - [2023-11-20T19:37:00.440+0000] {dag.py:2941} INFO - Sync 1 DAGs
[2023-11-20T19:37:00.469+0000] {logging_mixin.py:154} INFO - [2023-11-20T19:37:00.468+0000] {dag.py:3722} INFO - Setting next_dagrun for example_xcom to 2021-01-01T00:00:00+00:00, run_after=2021-01-01T00:00:00+00:00
[2023-11-20T19:37:00.495+0000] {processor.py:179} INFO - Processing /home/airflow/.local/lib/python3.8/site-packages/airflow/example_dags/example_xcom.py took 0.107 seconds
[2023-11-20T19:37:30.972+0000] {processor.py:157} INFO - Started process (PID=219) to work on /home/airflow/.local/lib/python3.8/site-packages/airflow/example_dags/example_xcom.py
[2023-11-20T19:37:30.974+0000] {processor.py:829} INFO - Processing file /home/airflow/.local/lib/python3.8/site-packages/airflow/example_dags/example_xcom.py for tasks to queue
[2023-11-20T19:37:30.977+0000] {logging_mixin.py:154} INFO - [2023-11-20T19:37:30.977+0000] {dagbag.py:536} INFO - Filling up the DagBag from /home/airflow/.local/lib/python3.8/site-packages/airflow/example_dags/example_xcom.py
[2023-11-20T19:37:30.988+0000] {processor.py:839} INFO - DAG(s) dict_keys(['example_xcom']) retrieved from /home/airflow/.local/lib/python3.8/site-packages/airflow/example_dags/example_xcom.py
[2023-11-20T19:37:31.017+0000] {logging_mixin.py:154} INFO - [2023-11-20T19:37:31.017+0000] {dag.py:2941} INFO - Sync 1 DAGs
[2023-11-20T19:37:31.061+0000] {logging_mixin.py:154} INFO - [2023-11-20T19:37:31.061+0000] {dag.py:3722} INFO - Setting next_dagrun for example_xcom to 2021-01-01T00:00:00+00:00, run_after=2021-01-01T00:00:00+00:00
[2023-11-20T19:37:31.093+0000] {processor.py:179} INFO - Processing /home/airflow/.local/lib/python3.8/site-packages/airflow/example_dags/example_xcom.py took 0.126 seconds
[2023-11-20T19:38:04.454+0000] {processor.py:157} INFO - Started process (PID=272) to work on /home/airflow/.local/lib/python3.8/site-packages/airflow/example_dags/example_xcom.py
[2023-11-20T19:38:04.464+0000] {processor.py:829} INFO - Processing file /home/airflow/.local/lib/python3.8/site-packages/airflow/example_dags/example_xcom.py for tasks to queue
[2023-11-20T19:38:04.474+0000] {logging_mixin.py:154} INFO - [2023-11-20T19:38:04.473+0000] {dagbag.py:536} INFO - Filling up the DagBag from /home/airflow/.local/lib/python3.8/site-packages/airflow/example_dags/example_xcom.py
[2023-11-20T19:38:04.512+0000] {processor.py:839} INFO - DAG(s) dict_keys(['example_xcom']) retrieved from /home/airflow/.local/lib/python3.8/site-packages/airflow/example_dags/example_xcom.py
[2023-11-20T19:38:04.579+0000] {logging_mixin.py:154} INFO - [2023-11-20T19:38:04.578+0000] {dag.py:2941} INFO - Sync 1 DAGs
[2023-11-20T19:38:04.657+0000] {logging_mixin.py:154} INFO - [2023-11-20T19:38:04.657+0000] {dag.py:3722} INFO - Setting next_dagrun for example_xcom to 2021-01-01T00:00:00+00:00, run_after=2021-01-01T00:00:00+00:00
[2023-11-20T19:38:04.716+0000] {processor.py:179} INFO - Processing /home/airflow/.local/lib/python3.8/site-packages/airflow/example_dags/example_xcom.py took 0.268 seconds
[2023-11-20T19:38:35.171+0000] {processor.py:157} INFO - Started process (PID=326) to work on /home/airflow/.local/lib/python3.8/site-packages/airflow/example_dags/example_xcom.py
[2023-11-20T19:38:35.178+0000] {processor.py:829} INFO - Processing file /home/airflow/.local/lib/python3.8/site-packages/airflow/example_dags/example_xcom.py for tasks to queue
[2023-11-20T19:38:35.186+0000] {logging_mixin.py:154} INFO - [2023-11-20T19:38:35.185+0000] {dagbag.py:536} INFO - Filling up the DagBag from /home/airflow/.local/lib/python3.8/site-packages/airflow/example_dags/example_xcom.py
[2023-11-20T19:38:35.204+0000] {processor.py:839} INFO - DAG(s) dict_keys(['example_xcom']) retrieved from /home/airflow/.local/lib/python3.8/site-packages/airflow/example_dags/example_xcom.py
[2023-11-20T19:38:35.262+0000] {logging_mixin.py:154} INFO - [2023-11-20T19:38:35.262+0000] {dag.py:2941} INFO - Sync 1 DAGs
[2023-11-20T19:38:35.327+0000] {logging_mixin.py:154} INFO - [2023-11-20T19:38:35.326+0000] {dag.py:3722} INFO - Setting next_dagrun for example_xcom to 2021-01-01T00:00:00+00:00, run_after=2021-01-01T00:00:00+00:00
[2023-11-20T19:38:35.371+0000] {processor.py:179} INFO - Processing /home/airflow/.local/lib/python3.8/site-packages/airflow/example_dags/example_xcom.py took 0.213 seconds
[2023-11-20T19:39:06.016+0000] {processor.py:157} INFO - Started process (PID=379) to work on /home/airflow/.local/lib/python3.8/site-packages/airflow/example_dags/example_xcom.py
[2023-11-20T19:39:06.018+0000] {processor.py:829} INFO - Processing file /home/airflow/.local/lib/python3.8/site-packages/airflow/example_dags/example_xcom.py for tasks to queue
[2023-11-20T19:39:06.025+0000] {logging_mixin.py:154} INFO - [2023-11-20T19:39:06.024+0000] {dagbag.py:536} INFO - Filling up the DagBag from /home/airflow/.local/lib/python3.8/site-packages/airflow/example_dags/example_xcom.py
[2023-11-20T19:39:06.042+0000] {processor.py:839} INFO - DAG(s) dict_keys(['example_xcom']) retrieved from /home/airflow/.local/lib/python3.8/site-packages/airflow/example_dags/example_xcom.py
[2023-11-20T19:39:06.105+0000] {logging_mixin.py:154} INFO - [2023-11-20T19:39:06.104+0000] {dag.py:2941} INFO - Sync 1 DAGs
[2023-11-20T19:39:06.160+0000] {logging_mixin.py:154} INFO - [2023-11-20T19:39:06.160+0000] {dag.py:3722} INFO - Setting next_dagrun for example_xcom to 2021-01-01T00:00:00+00:00, run_after=2021-01-01T00:00:00+00:00
[2023-11-20T19:39:06.202+0000] {processor.py:179} INFO - Processing /home/airflow/.local/lib/python3.8/site-packages/airflow/example_dags/example_xcom.py took 0.198 seconds
[2023-11-20T19:39:36.369+0000] {processor.py:157} INFO - Started process (PID=432) to work on /home/airflow/.local/lib/python3.8/site-packages/airflow/example_dags/example_xcom.py
[2023-11-20T19:39:36.373+0000] {processor.py:829} INFO - Processing file /home/airflow/.local/lib/python3.8/site-packages/airflow/example_dags/example_xcom.py for tasks to queue
[2023-11-20T19:39:36.377+0000] {logging_mixin.py:154} INFO - [2023-11-20T19:39:36.376+0000] {dagbag.py:536} INFO - Filling up the DagBag from /home/airflow/.local/lib/python3.8/site-packages/airflow/example_dags/example_xcom.py
[2023-11-20T19:39:36.390+0000] {processor.py:839} INFO - DAG(s) dict_keys(['example_xcom']) retrieved from /home/airflow/.local/lib/python3.8/site-packages/airflow/example_dags/example_xcom.py
[2023-11-20T19:39:36.463+0000] {logging_mixin.py:154} INFO - [2023-11-20T19:39:36.462+0000] {dag.py:2941} INFO - Sync 1 DAGs
[2023-11-20T19:39:36.527+0000] {logging_mixin.py:154} INFO - [2023-11-20T19:39:36.526+0000] {dag.py:3722} INFO - Setting next_dagrun for example_xcom to 2021-01-01T00:00:00+00:00, run_after=2021-01-01T00:00:00+00:00
[2023-11-20T19:39:36.598+0000] {processor.py:179} INFO - Processing /home/airflow/.local/lib/python3.8/site-packages/airflow/example_dags/example_xcom.py took 0.233 seconds
[2023-11-20T19:40:07.230+0000] {processor.py:157} INFO - Started process (PID=486) to work on /home/airflow/.local/lib/python3.8/site-packages/airflow/example_dags/example_xcom.py
[2023-11-20T19:40:07.248+0000] {processor.py:829} INFO - Processing file /home/airflow/.local/lib/python3.8/site-packages/airflow/example_dags/example_xcom.py for tasks to queue
[2023-11-20T19:40:07.254+0000] {logging_mixin.py:154} INFO - [2023-11-20T19:40:07.253+0000] {dagbag.py:536} INFO - Filling up the DagBag from /home/airflow/.local/lib/python3.8/site-packages/airflow/example_dags/example_xcom.py
[2023-11-20T19:40:07.324+0000] {processor.py:839} INFO - DAG(s) dict_keys(['example_xcom']) retrieved from /home/airflow/.local/lib/python3.8/site-packages/airflow/example_dags/example_xcom.py
[2023-11-20T19:40:07.395+0000] {logging_mixin.py:154} INFO - [2023-11-20T19:40:07.394+0000] {dag.py:2941} INFO - Sync 1 DAGs
[2023-11-20T19:40:07.463+0000] {logging_mixin.py:154} INFO - [2023-11-20T19:40:07.463+0000] {dag.py:3722} INFO - Setting next_dagrun for example_xcom to 2021-01-01T00:00:00+00:00, run_after=2021-01-01T00:00:00+00:00
[2023-11-20T19:40:07.495+0000] {processor.py:179} INFO - Processing /home/airflow/.local/lib/python3.8/site-packages/airflow/example_dags/example_xcom.py took 0.276 seconds
[2023-11-20T19:40:37.991+0000] {processor.py:157} INFO - Started process (PID=540) to work on /home/airflow/.local/lib/python3.8/site-packages/airflow/example_dags/example_xcom.py
[2023-11-20T19:40:37.994+0000] {processor.py:829} INFO - Processing file /home/airflow/.local/lib/python3.8/site-packages/airflow/example_dags/example_xcom.py for tasks to queue
[2023-11-20T19:40:37.999+0000] {logging_mixin.py:154} INFO - [2023-11-20T19:40:37.998+0000] {dagbag.py:536} INFO - Filling up the DagBag from /home/airflow/.local/lib/python3.8/site-packages/airflow/example_dags/example_xcom.py
[2023-11-20T19:40:38.018+0000] {processor.py:839} INFO - DAG(s) dict_keys(['example_xcom']) retrieved from /home/airflow/.local/lib/python3.8/site-packages/airflow/example_dags/example_xcom.py
[2023-11-20T19:40:38.070+0000] {logging_mixin.py:154} INFO - [2023-11-20T19:40:38.069+0000] {dag.py:2941} INFO - Sync 1 DAGs
[2023-11-20T19:40:38.113+0000] {logging_mixin.py:154} INFO - [2023-11-20T19:40:38.113+0000] {dag.py:3722} INFO - Setting next_dagrun for example_xcom to 2021-01-01T00:00:00+00:00, run_after=2021-01-01T00:00:00+00:00
[2023-11-20T19:40:38.158+0000] {processor.py:179} INFO - Processing /home/airflow/.local/lib/python3.8/site-packages/airflow/example_dags/example_xcom.py took 0.173 seconds
[2023-11-20T19:41:08.309+0000] {processor.py:157} INFO - Started process (PID=593) to work on /home/airflow/.local/lib/python3.8/site-packages/airflow/example_dags/example_xcom.py
[2023-11-20T19:41:08.312+0000] {processor.py:829} INFO - Processing file /home/airflow/.local/lib/python3.8/site-packages/airflow/example_dags/example_xcom.py for tasks to queue
[2023-11-20T19:41:08.321+0000] {logging_mixin.py:154} INFO - [2023-11-20T19:41:08.320+0000] {dagbag.py:536} INFO - Filling up the DagBag from /home/airflow/.local/lib/python3.8/site-packages/airflow/example_dags/example_xcom.py
[2023-11-20T19:41:08.335+0000] {processor.py:839} INFO - DAG(s) dict_keys(['example_xcom']) retrieved from /home/airflow/.local/lib/python3.8/site-packages/airflow/example_dags/example_xcom.py
[2023-11-20T19:41:08.389+0000] {logging_mixin.py:154} INFO - [2023-11-20T19:41:08.388+0000] {dag.py:2941} INFO - Sync 1 DAGs
[2023-11-20T19:41:08.424+0000] {logging_mixin.py:154} INFO - [2023-11-20T19:41:08.424+0000] {dag.py:3722} INFO - Setting next_dagrun for example_xcom to 2021-01-01T00:00:00+00:00, run_after=2021-01-01T00:00:00+00:00
[2023-11-20T19:41:08.458+0000] {processor.py:179} INFO - Processing /home/airflow/.local/lib/python3.8/site-packages/airflow/example_dags/example_xcom.py took 0.157 seconds
[2023-11-20T19:41:39.171+0000] {processor.py:157} INFO - Started process (PID=645) to work on /home/airflow/.local/lib/python3.8/site-packages/airflow/example_dags/example_xcom.py
[2023-11-20T19:41:39.174+0000] {processor.py:829} INFO - Processing file /home/airflow/.local/lib/python3.8/site-packages/airflow/example_dags/example_xcom.py for tasks to queue
[2023-11-20T19:41:39.178+0000] {logging_mixin.py:154} INFO - [2023-11-20T19:41:39.177+0000] {dagbag.py:536} INFO - Filling up the DagBag from /home/airflow/.local/lib/python3.8/site-packages/airflow/example_dags/example_xcom.py
[2023-11-20T19:41:39.200+0000] {processor.py:839} INFO - DAG(s) dict_keys(['example_xcom']) retrieved from /home/airflow/.local/lib/python3.8/site-packages/airflow/example_dags/example_xcom.py
[2023-11-20T19:41:39.257+0000] {logging_mixin.py:154} INFO - [2023-11-20T19:41:39.257+0000] {dag.py:2941} INFO - Sync 1 DAGs
[2023-11-20T19:41:39.337+0000] {logging_mixin.py:154} INFO - [2023-11-20T19:41:39.337+0000] {dag.py:3722} INFO - Setting next_dagrun for example_xcom to 2021-01-01T00:00:00+00:00, run_after=2021-01-01T00:00:00+00:00
[2023-11-20T19:41:39.378+0000] {processor.py:179} INFO - Processing /home/airflow/.local/lib/python3.8/site-packages/airflow/example_dags/example_xcom.py took 0.216 seconds
[2023-11-20T19:42:09.591+0000] {processor.py:157} INFO - Started process (PID=699) to work on /home/airflow/.local/lib/python3.8/site-packages/airflow/example_dags/example_xcom.py
[2023-11-20T19:42:09.597+0000] {processor.py:829} INFO - Processing file /home/airflow/.local/lib/python3.8/site-packages/airflow/example_dags/example_xcom.py for tasks to queue
[2023-11-20T19:42:09.605+0000] {logging_mixin.py:154} INFO - [2023-11-20T19:42:09.604+0000] {dagbag.py:536} INFO - Filling up the DagBag from /home/airflow/.local/lib/python3.8/site-packages/airflow/example_dags/example_xcom.py
[2023-11-20T19:42:09.619+0000] {processor.py:839} INFO - DAG(s) dict_keys(['example_xcom']) retrieved from /home/airflow/.local/lib/python3.8/site-packages/airflow/example_dags/example_xcom.py
[2023-11-20T19:42:09.682+0000] {logging_mixin.py:154} INFO - [2023-11-20T19:42:09.682+0000] {dag.py:2941} INFO - Sync 1 DAGs
[2023-11-20T19:42:09.748+0000] {logging_mixin.py:154} INFO - [2023-11-20T19:42:09.747+0000] {dag.py:3722} INFO - Setting next_dagrun for example_xcom to 2021-01-01T00:00:00+00:00, run_after=2021-01-01T00:00:00+00:00
[2023-11-20T19:42:09.794+0000] {processor.py:179} INFO - Processing /home/airflow/.local/lib/python3.8/site-packages/airflow/example_dags/example_xcom.py took 0.208 seconds
[2023-11-20T19:42:40.941+0000] {processor.py:157} INFO - Started process (PID=753) to work on /home/airflow/.local/lib/python3.8/site-packages/airflow/example_dags/example_xcom.py
[2023-11-20T19:42:40.949+0000] {processor.py:829} INFO - Processing file /home/airflow/.local/lib/python3.8/site-packages/airflow/example_dags/example_xcom.py for tasks to queue
[2023-11-20T19:42:40.965+0000] {logging_mixin.py:154} INFO - [2023-11-20T19:42:40.964+0000] {dagbag.py:536} INFO - Filling up the DagBag from /home/airflow/.local/lib/python3.8/site-packages/airflow/example_dags/example_xcom.py
[2023-11-20T19:42:41.000+0000] {processor.py:839} INFO - DAG(s) dict_keys(['example_xcom']) retrieved from /home/airflow/.local/lib/python3.8/site-packages/airflow/example_dags/example_xcom.py
[2023-11-20T19:42:41.147+0000] {logging_mixin.py:154} INFO - [2023-11-20T19:42:41.147+0000] {dag.py:2941} INFO - Sync 1 DAGs
[2023-11-20T19:42:41.328+0000] {logging_mixin.py:154} INFO - [2023-11-20T19:42:41.327+0000] {dag.py:3722} INFO - Setting next_dagrun for example_xcom to 2021-01-01T00:00:00+00:00, run_after=2021-01-01T00:00:00+00:00
[2023-11-20T19:42:41.666+0000] {processor.py:179} INFO - Processing /home/airflow/.local/lib/python3.8/site-packages/airflow/example_dags/example_xcom.py took 0.742 seconds
[2023-11-20T19:43:11.805+0000] {processor.py:157} INFO - Started process (PID=808) to work on /home/airflow/.local/lib/python3.8/site-packages/airflow/example_dags/example_xcom.py
[2023-11-20T19:43:11.818+0000] {processor.py:829} INFO - Processing file /home/airflow/.local/lib/python3.8/site-packages/airflow/example_dags/example_xcom.py for tasks to queue
[2023-11-20T19:43:11.830+0000] {logging_mixin.py:154} INFO - [2023-11-20T19:43:11.830+0000] {dagbag.py:536} INFO - Filling up the DagBag from /home/airflow/.local/lib/python3.8/site-packages/airflow/example_dags/example_xcom.py
[2023-11-20T19:43:11.848+0000] {processor.py:839} INFO - DAG(s) dict_keys(['example_xcom']) retrieved from /home/airflow/.local/lib/python3.8/site-packages/airflow/example_dags/example_xcom.py
[2023-11-20T19:43:11.877+0000] {logging_mixin.py:154} INFO - [2023-11-20T19:43:11.877+0000] {dag.py:2941} INFO - Sync 1 DAGs
[2023-11-20T19:43:11.928+0000] {logging_mixin.py:154} INFO - [2023-11-20T19:43:11.928+0000] {dag.py:3722} INFO - Setting next_dagrun for example_xcom to 2021-01-01T00:00:00+00:00, run_after=2021-01-01T00:00:00+00:00
[2023-11-20T19:43:11.952+0000] {processor.py:179} INFO - Processing /home/airflow/.local/lib/python3.8/site-packages/airflow/example_dags/example_xcom.py took 0.152 seconds
[2023-11-20T19:43:42.077+0000] {processor.py:157} INFO - Started process (PID=861) to work on /home/airflow/.local/lib/python3.8/site-packages/airflow/example_dags/example_xcom.py
[2023-11-20T19:43:42.079+0000] {processor.py:829} INFO - Processing file /home/airflow/.local/lib/python3.8/site-packages/airflow/example_dags/example_xcom.py for tasks to queue
[2023-11-20T19:43:42.084+0000] {logging_mixin.py:154} INFO - [2023-11-20T19:43:42.084+0000] {dagbag.py:536} INFO - Filling up the DagBag from /home/airflow/.local/lib/python3.8/site-packages/airflow/example_dags/example_xcom.py
[2023-11-20T19:43:42.100+0000] {processor.py:839} INFO - DAG(s) dict_keys(['example_xcom']) retrieved from /home/airflow/.local/lib/python3.8/site-packages/airflow/example_dags/example_xcom.py
[2023-11-20T19:43:42.140+0000] {logging_mixin.py:154} INFO - [2023-11-20T19:43:42.140+0000] {dag.py:2941} INFO - Sync 1 DAGs
[2023-11-20T19:43:42.186+0000] {logging_mixin.py:154} INFO - [2023-11-20T19:43:42.185+0000] {dag.py:3722} INFO - Setting next_dagrun for example_xcom to 2021-01-01T00:00:00+00:00, run_after=2021-01-01T00:00:00+00:00
[2023-11-20T19:43:42.228+0000] {processor.py:179} INFO - Processing /home/airflow/.local/lib/python3.8/site-packages/airflow/example_dags/example_xcom.py took 0.158 seconds
[2023-11-20T19:44:12.949+0000] {processor.py:157} INFO - Started process (PID=915) to work on /home/airflow/.local/lib/python3.8/site-packages/airflow/example_dags/example_xcom.py
[2023-11-20T19:44:12.951+0000] {processor.py:829} INFO - Processing file /home/airflow/.local/lib/python3.8/site-packages/airflow/example_dags/example_xcom.py for tasks to queue
[2023-11-20T19:44:12.955+0000] {logging_mixin.py:154} INFO - [2023-11-20T19:44:12.955+0000] {dagbag.py:536} INFO - Filling up the DagBag from /home/airflow/.local/lib/python3.8/site-packages/airflow/example_dags/example_xcom.py
[2023-11-20T19:44:12.975+0000] {processor.py:839} INFO - DAG(s) dict_keys(['example_xcom']) retrieved from /home/airflow/.local/lib/python3.8/site-packages/airflow/example_dags/example_xcom.py
[2023-11-20T19:44:13.022+0000] {logging_mixin.py:154} INFO - [2023-11-20T19:44:13.022+0000] {dag.py:2941} INFO - Sync 1 DAGs
[2023-11-20T19:44:13.377+0000] {logging_mixin.py:154} INFO - [2023-11-20T19:44:13.377+0000] {dag.py:3722} INFO - Setting next_dagrun for example_xcom to 2021-01-01T00:00:00+00:00, run_after=2021-01-01T00:00:00+00:00
[2023-11-20T19:44:13.424+0000] {processor.py:179} INFO - Processing /home/airflow/.local/lib/python3.8/site-packages/airflow/example_dags/example_xcom.py took 0.481 seconds
[2023-11-20T19:44:44.041+0000] {processor.py:157} INFO - Started process (PID=969) to work on /home/airflow/.local/lib/python3.8/site-packages/airflow/example_dags/example_xcom.py
[2023-11-20T19:44:44.043+0000] {processor.py:829} INFO - Processing file /home/airflow/.local/lib/python3.8/site-packages/airflow/example_dags/example_xcom.py for tasks to queue
[2023-11-20T19:44:44.048+0000] {logging_mixin.py:154} INFO - [2023-11-20T19:44:44.048+0000] {dagbag.py:536} INFO - Filling up the DagBag from /home/airflow/.local/lib/python3.8/site-packages/airflow/example_dags/example_xcom.py
[2023-11-20T19:44:44.070+0000] {processor.py:839} INFO - DAG(s) dict_keys(['example_xcom']) retrieved from /home/airflow/.local/lib/python3.8/site-packages/airflow/example_dags/example_xcom.py
[2023-11-20T19:44:44.141+0000] {logging_mixin.py:154} INFO - [2023-11-20T19:44:44.141+0000] {dag.py:2941} INFO - Sync 1 DAGs
[2023-11-20T19:44:44.222+0000] {logging_mixin.py:154} INFO - [2023-11-20T19:44:44.220+0000] {dag.py:3722} INFO - Setting next_dagrun for example_xcom to 2021-01-01T00:00:00+00:00, run_after=2021-01-01T00:00:00+00:00
[2023-11-20T19:44:44.362+0000] {processor.py:179} INFO - Processing /home/airflow/.local/lib/python3.8/site-packages/airflow/example_dags/example_xcom.py took 0.332 seconds
[2023-11-20T19:45:14.963+0000] {processor.py:157} INFO - Started process (PID=1023) to work on /home/airflow/.local/lib/python3.8/site-packages/airflow/example_dags/example_xcom.py
[2023-11-20T19:45:14.977+0000] {processor.py:829} INFO - Processing file /home/airflow/.local/lib/python3.8/site-packages/airflow/example_dags/example_xcom.py for tasks to queue
[2023-11-20T19:45:14.991+0000] {logging_mixin.py:154} INFO - [2023-11-20T19:45:14.990+0000] {dagbag.py:536} INFO - Filling up the DagBag from /home/airflow/.local/lib/python3.8/site-packages/airflow/example_dags/example_xcom.py
[2023-11-20T19:45:15.073+0000] {processor.py:839} INFO - DAG(s) dict_keys(['example_xcom']) retrieved from /home/airflow/.local/lib/python3.8/site-packages/airflow/example_dags/example_xcom.py
[2023-11-20T19:45:15.242+0000] {logging_mixin.py:154} INFO - [2023-11-20T19:45:15.241+0000] {dag.py:2941} INFO - Sync 1 DAGs
[2023-11-20T19:45:15.461+0000] {logging_mixin.py:154} INFO - [2023-11-20T19:45:15.460+0000] {dag.py:3722} INFO - Setting next_dagrun for example_xcom to 2021-01-01T00:00:00+00:00, run_after=2021-01-01T00:00:00+00:00
[2023-11-20T19:45:16.363+0000] {processor.py:179} INFO - Processing /home/airflow/.local/lib/python3.8/site-packages/airflow/example_dags/example_xcom.py took 1.408 seconds
[2023-11-20T19:45:46.778+0000] {processor.py:157} INFO - Started process (PID=1078) to work on /home/airflow/.local/lib/python3.8/site-packages/airflow/example_dags/example_xcom.py
[2023-11-20T19:45:46.783+0000] {processor.py:829} INFO - Processing file /home/airflow/.local/lib/python3.8/site-packages/airflow/example_dags/example_xcom.py for tasks to queue
[2023-11-20T19:45:46.793+0000] {logging_mixin.py:154} INFO - [2023-11-20T19:45:46.793+0000] {dagbag.py:536} INFO - Filling up the DagBag from /home/airflow/.local/lib/python3.8/site-packages/airflow/example_dags/example_xcom.py
[2023-11-20T19:45:46.824+0000] {processor.py:839} INFO - DAG(s) dict_keys(['example_xcom']) retrieved from /home/airflow/.local/lib/python3.8/site-packages/airflow/example_dags/example_xcom.py
[2023-11-20T19:45:46.909+0000] {logging_mixin.py:154} INFO - [2023-11-20T19:45:46.908+0000] {dag.py:2941} INFO - Sync 1 DAGs
[2023-11-20T19:45:47.552+0000] {logging_mixin.py:154} INFO - [2023-11-20T19:45:47.551+0000] {dag.py:3722} INFO - Setting next_dagrun for example_xcom to 2021-01-01T00:00:00+00:00, run_after=2021-01-01T00:00:00+00:00
[2023-11-20T19:45:47.658+0000] {processor.py:179} INFO - Processing /home/airflow/.local/lib/python3.8/site-packages/airflow/example_dags/example_xcom.py took 0.906 seconds
[2023-11-20T19:46:17.934+0000] {processor.py:157} INFO - Started process (PID=1131) to work on /home/airflow/.local/lib/python3.8/site-packages/airflow/example_dags/example_xcom.py
[2023-11-20T19:46:17.937+0000] {processor.py:829} INFO - Processing file /home/airflow/.local/lib/python3.8/site-packages/airflow/example_dags/example_xcom.py for tasks to queue
[2023-11-20T19:46:17.942+0000] {logging_mixin.py:154} INFO - [2023-11-20T19:46:17.942+0000] {dagbag.py:536} INFO - Filling up the DagBag from /home/airflow/.local/lib/python3.8/site-packages/airflow/example_dags/example_xcom.py
[2023-11-20T19:46:17.961+0000] {processor.py:839} INFO - DAG(s) dict_keys(['example_xcom']) retrieved from /home/airflow/.local/lib/python3.8/site-packages/airflow/example_dags/example_xcom.py
[2023-11-20T19:46:18.006+0000] {logging_mixin.py:154} INFO - [2023-11-20T19:46:18.006+0000] {dag.py:2941} INFO - Sync 1 DAGs
[2023-11-20T19:46:18.055+0000] {logging_mixin.py:154} INFO - [2023-11-20T19:46:18.054+0000] {dag.py:3722} INFO - Setting next_dagrun for example_xcom to 2021-01-01T00:00:00+00:00, run_after=2021-01-01T00:00:00+00:00
[2023-11-20T19:46:18.087+0000] {processor.py:179} INFO - Processing /home/airflow/.local/lib/python3.8/site-packages/airflow/example_dags/example_xcom.py took 0.159 seconds
[2023-11-20T19:46:50.616+0000] {processor.py:157} INFO - Started process (PID=1184) to work on /home/airflow/.local/lib/python3.8/site-packages/airflow/example_dags/example_xcom.py
[2023-11-20T19:46:50.618+0000] {processor.py:829} INFO - Processing file /home/airflow/.local/lib/python3.8/site-packages/airflow/example_dags/example_xcom.py for tasks to queue
[2023-11-20T19:46:50.627+0000] {logging_mixin.py:154} INFO - [2023-11-20T19:46:50.627+0000] {dagbag.py:536} INFO - Filling up the DagBag from /home/airflow/.local/lib/python3.8/site-packages/airflow/example_dags/example_xcom.py
[2023-11-20T19:46:50.654+0000] {processor.py:839} INFO - DAG(s) dict_keys(['example_xcom']) retrieved from /home/airflow/.local/lib/python3.8/site-packages/airflow/example_dags/example_xcom.py
[2023-11-20T19:46:50.762+0000] {logging_mixin.py:154} INFO - [2023-11-20T19:46:50.761+0000] {dag.py:2941} INFO - Sync 1 DAGs
[2023-11-20T19:46:51.228+0000] {logging_mixin.py:154} INFO - [2023-11-20T19:46:51.228+0000] {dag.py:3722} INFO - Setting next_dagrun for example_xcom to 2021-01-01T00:00:00+00:00, run_after=2021-01-01T00:00:00+00:00
[2023-11-20T19:46:51.300+0000] {processor.py:179} INFO - Processing /home/airflow/.local/lib/python3.8/site-packages/airflow/example_dags/example_xcom.py took 0.690 seconds
[2023-11-20T19:47:21.776+0000] {processor.py:157} INFO - Started process (PID=1238) to work on /home/airflow/.local/lib/python3.8/site-packages/airflow/example_dags/example_xcom.py
[2023-11-20T19:47:21.789+0000] {processor.py:829} INFO - Processing file /home/airflow/.local/lib/python3.8/site-packages/airflow/example_dags/example_xcom.py for tasks to queue
[2023-11-20T19:47:21.798+0000] {logging_mixin.py:154} INFO - [2023-11-20T19:47:21.798+0000] {dagbag.py:536} INFO - Filling up the DagBag from /home/airflow/.local/lib/python3.8/site-packages/airflow/example_dags/example_xcom.py
[2023-11-20T19:47:21.817+0000] {processor.py:839} INFO - DAG(s) dict_keys(['example_xcom']) retrieved from /home/airflow/.local/lib/python3.8/site-packages/airflow/example_dags/example_xcom.py
[2023-11-20T19:47:21.867+0000] {logging_mixin.py:154} INFO - [2023-11-20T19:47:21.867+0000] {dag.py:2941} INFO - Sync 1 DAGs
[2023-11-20T19:47:21.898+0000] {logging_mixin.py:154} INFO - [2023-11-20T19:47:21.898+0000] {dag.py:3722} INFO - Setting next_dagrun for example_xcom to 2021-01-01T00:00:00+00:00, run_after=2021-01-01T00:00:00+00:00
[2023-11-20T19:47:22.097+0000] {processor.py:179} INFO - Processing /home/airflow/.local/lib/python3.8/site-packages/airflow/example_dags/example_xcom.py took 0.326 seconds
[2023-11-20T19:47:57.403+0000] {processor.py:157} INFO - Started process (PID=1292) to work on /home/airflow/.local/lib/python3.8/site-packages/airflow/example_dags/example_xcom.py
[2023-11-20T19:47:57.438+0000] {processor.py:829} INFO - Processing file /home/airflow/.local/lib/python3.8/site-packages/airflow/example_dags/example_xcom.py for tasks to queue
[2023-11-20T19:47:57.450+0000] {logging_mixin.py:154} INFO - [2023-11-20T19:47:57.450+0000] {dagbag.py:536} INFO - Filling up the DagBag from /home/airflow/.local/lib/python3.8/site-packages/airflow/example_dags/example_xcom.py
[2023-11-20T19:47:57.591+0000] {processor.py:839} INFO - DAG(s) dict_keys(['example_xcom']) retrieved from /home/airflow/.local/lib/python3.8/site-packages/airflow/example_dags/example_xcom.py
[2023-11-20T19:47:57.827+0000] {logging_mixin.py:154} INFO - [2023-11-20T19:47:57.826+0000] {dag.py:2941} INFO - Sync 1 DAGs
[2023-11-20T19:47:58.161+0000] {logging_mixin.py:154} INFO - [2023-11-20T19:47:58.160+0000] {dag.py:3722} INFO - Setting next_dagrun for example_xcom to 2021-01-01T00:00:00+00:00, run_after=2021-01-01T00:00:00+00:00
[2023-11-20T19:47:58.270+0000] {processor.py:179} INFO - Processing /home/airflow/.local/lib/python3.8/site-packages/airflow/example_dags/example_xcom.py took 0.903 seconds
