[2023-11-20T19:35:56.303+0000] {processor.py:157} INFO - Started process (PID=62) to work on /home/airflow/.local/lib/python3.8/site-packages/airflow/example_dags/example_short_circuit_operator.py
[2023-11-20T19:35:56.328+0000] {processor.py:829} INFO - Processing file /home/airflow/.local/lib/python3.8/site-packages/airflow/example_dags/example_short_circuit_operator.py for tasks to queue
[2023-11-20T19:35:56.566+0000] {logging_mixin.py:154} INFO - [2023-11-20T19:35:56.555+0000] {dagbag.py:536} INFO - Filling up the DagBag from /home/airflow/.local/lib/python3.8/site-packages/airflow/example_dags/example_short_circuit_operator.py
[2023-11-20T19:35:56.800+0000] {processor.py:839} INFO - DAG(s) dict_keys(['example_short_circuit_operator']) retrieved from /home/airflow/.local/lib/python3.8/site-packages/airflow/example_dags/example_short_circuit_operator.py
[2023-11-20T19:35:56.959+0000] {logging_mixin.py:154} INFO - [2023-11-20T19:35:56.959+0000] {dag.py:2941} INFO - Sync 1 DAGs
[2023-11-20T19:35:57.165+0000] {logging_mixin.py:154} INFO - [2023-11-20T19:35:57.165+0000] {dag.py:3722} INFO - Setting next_dagrun for example_short_circuit_operator to 2023-11-19T19:35:57.164758+00:00, run_after=2023-11-20T19:35:57.164758+00:00
[2023-11-20T19:35:57.314+0000] {processor.py:179} INFO - Processing /home/airflow/.local/lib/python3.8/site-packages/airflow/example_dags/example_short_circuit_operator.py took 1.026 seconds
[2023-11-20T19:36:29.780+0000] {processor.py:157} INFO - Started process (PID=115) to work on /home/airflow/.local/lib/python3.8/site-packages/airflow/example_dags/example_short_circuit_operator.py
[2023-11-20T19:36:29.784+0000] {processor.py:829} INFO - Processing file /home/airflow/.local/lib/python3.8/site-packages/airflow/example_dags/example_short_circuit_operator.py for tasks to queue
[2023-11-20T19:36:29.788+0000] {logging_mixin.py:154} INFO - [2023-11-20T19:36:29.788+0000] {dagbag.py:536} INFO - Filling up the DagBag from /home/airflow/.local/lib/python3.8/site-packages/airflow/example_dags/example_short_circuit_operator.py
[2023-11-20T19:36:29.808+0000] {processor.py:839} INFO - DAG(s) dict_keys(['example_short_circuit_operator']) retrieved from /home/airflow/.local/lib/python3.8/site-packages/airflow/example_dags/example_short_circuit_operator.py
[2023-11-20T19:36:29.839+0000] {logging_mixin.py:154} INFO - [2023-11-20T19:36:29.838+0000] {dag.py:2941} INFO - Sync 1 DAGs
[2023-11-20T19:36:29.871+0000] {logging_mixin.py:154} INFO - [2023-11-20T19:36:29.870+0000] {dag.py:3722} INFO - Setting next_dagrun for example_short_circuit_operator to 2023-11-19T19:36:29.870649+00:00, run_after=2023-11-20T19:36:29.870649+00:00
[2023-11-20T19:36:29.921+0000] {processor.py:179} INFO - Processing /home/airflow/.local/lib/python3.8/site-packages/airflow/example_dags/example_short_circuit_operator.py took 0.146 seconds
[2023-11-20T19:37:00.967+0000] {processor.py:157} INFO - Started process (PID=169) to work on /home/airflow/.local/lib/python3.8/site-packages/airflow/example_dags/example_short_circuit_operator.py
[2023-11-20T19:37:00.971+0000] {processor.py:829} INFO - Processing file /home/airflow/.local/lib/python3.8/site-packages/airflow/example_dags/example_short_circuit_operator.py for tasks to queue
[2023-11-20T19:37:00.980+0000] {logging_mixin.py:154} INFO - [2023-11-20T19:37:00.979+0000] {dagbag.py:536} INFO - Filling up the DagBag from /home/airflow/.local/lib/python3.8/site-packages/airflow/example_dags/example_short_circuit_operator.py
[2023-11-20T19:37:01.075+0000] {processor.py:839} INFO - DAG(s) dict_keys(['example_short_circuit_operator']) retrieved from /home/airflow/.local/lib/python3.8/site-packages/airflow/example_dags/example_short_circuit_operator.py
[2023-11-20T19:37:01.206+0000] {logging_mixin.py:154} INFO - [2023-11-20T19:37:01.205+0000] {dag.py:2941} INFO - Sync 1 DAGs
[2023-11-20T19:37:01.323+0000] {logging_mixin.py:154} INFO - [2023-11-20T19:37:01.323+0000] {dag.py:3722} INFO - Setting next_dagrun for example_short_circuit_operator to 2023-11-19T19:37:01.322803+00:00, run_after=2023-11-20T19:37:01.322803+00:00
[2023-11-20T19:37:01.365+0000] {processor.py:179} INFO - Processing /home/airflow/.local/lib/python3.8/site-packages/airflow/example_dags/example_short_circuit_operator.py took 0.413 seconds
[2023-11-20T19:37:32.157+0000] {processor.py:157} INFO - Started process (PID=222) to work on /home/airflow/.local/lib/python3.8/site-packages/airflow/example_dags/example_short_circuit_operator.py
[2023-11-20T19:37:32.161+0000] {processor.py:829} INFO - Processing file /home/airflow/.local/lib/python3.8/site-packages/airflow/example_dags/example_short_circuit_operator.py for tasks to queue
[2023-11-20T19:37:32.165+0000] {logging_mixin.py:154} INFO - [2023-11-20T19:37:32.164+0000] {dagbag.py:536} INFO - Filling up the DagBag from /home/airflow/.local/lib/python3.8/site-packages/airflow/example_dags/example_short_circuit_operator.py
[2023-11-20T19:37:32.184+0000] {processor.py:839} INFO - DAG(s) dict_keys(['example_short_circuit_operator']) retrieved from /home/airflow/.local/lib/python3.8/site-packages/airflow/example_dags/example_short_circuit_operator.py
[2023-11-20T19:37:32.235+0000] {logging_mixin.py:154} INFO - [2023-11-20T19:37:32.235+0000] {dag.py:2941} INFO - Sync 1 DAGs
[2023-11-20T19:37:32.275+0000] {logging_mixin.py:154} INFO - [2023-11-20T19:37:32.274+0000] {dag.py:3722} INFO - Setting next_dagrun for example_short_circuit_operator to 2023-11-19T19:37:32.274420+00:00, run_after=2023-11-20T19:37:32.274420+00:00
[2023-11-20T19:37:32.300+0000] {processor.py:179} INFO - Processing /home/airflow/.local/lib/python3.8/site-packages/airflow/example_dags/example_short_circuit_operator.py took 0.151 seconds
[2023-11-20T19:38:04.917+0000] {processor.py:157} INFO - Started process (PID=275) to work on /home/airflow/.local/lib/python3.8/site-packages/airflow/example_dags/example_short_circuit_operator.py
[2023-11-20T19:38:04.924+0000] {processor.py:829} INFO - Processing file /home/airflow/.local/lib/python3.8/site-packages/airflow/example_dags/example_short_circuit_operator.py for tasks to queue
[2023-11-20T19:38:04.938+0000] {logging_mixin.py:154} INFO - [2023-11-20T19:38:04.938+0000] {dagbag.py:536} INFO - Filling up the DagBag from /home/airflow/.local/lib/python3.8/site-packages/airflow/example_dags/example_short_circuit_operator.py
[2023-11-20T19:38:04.983+0000] {processor.py:839} INFO - DAG(s) dict_keys(['example_short_circuit_operator']) retrieved from /home/airflow/.local/lib/python3.8/site-packages/airflow/example_dags/example_short_circuit_operator.py
[2023-11-20T19:38:05.073+0000] {logging_mixin.py:154} INFO - [2023-11-20T19:38:05.072+0000] {dag.py:2941} INFO - Sync 1 DAGs
[2023-11-20T19:38:05.152+0000] {logging_mixin.py:154} INFO - [2023-11-20T19:38:05.152+0000] {dag.py:3722} INFO - Setting next_dagrun for example_short_circuit_operator to 2023-11-19T19:38:05.151696+00:00, run_after=2023-11-20T19:38:05.151696+00:00
[2023-11-20T19:38:05.226+0000] {processor.py:179} INFO - Processing /home/airflow/.local/lib/python3.8/site-packages/airflow/example_dags/example_short_circuit_operator.py took 0.338 seconds
[2023-11-20T19:38:35.557+0000] {processor.py:157} INFO - Started process (PID=329) to work on /home/airflow/.local/lib/python3.8/site-packages/airflow/example_dags/example_short_circuit_operator.py
[2023-11-20T19:38:35.559+0000] {processor.py:829} INFO - Processing file /home/airflow/.local/lib/python3.8/site-packages/airflow/example_dags/example_short_circuit_operator.py for tasks to queue
[2023-11-20T19:38:35.588+0000] {logging_mixin.py:154} INFO - [2023-11-20T19:38:35.588+0000] {dagbag.py:536} INFO - Filling up the DagBag from /home/airflow/.local/lib/python3.8/site-packages/airflow/example_dags/example_short_circuit_operator.py
[2023-11-20T19:38:35.622+0000] {processor.py:839} INFO - DAG(s) dict_keys(['example_short_circuit_operator']) retrieved from /home/airflow/.local/lib/python3.8/site-packages/airflow/example_dags/example_short_circuit_operator.py
[2023-11-20T19:38:35.768+0000] {logging_mixin.py:154} INFO - [2023-11-20T19:38:35.768+0000] {dag.py:2941} INFO - Sync 1 DAGs
[2023-11-20T19:38:35.957+0000] {logging_mixin.py:154} INFO - [2023-11-20T19:38:35.942+0000] {dag.py:3722} INFO - Setting next_dagrun for example_short_circuit_operator to 2023-11-19T19:38:35.940467+00:00, run_after=2023-11-20T19:38:35.940467+00:00
[2023-11-20T19:38:36.167+0000] {processor.py:179} INFO - Processing /home/airflow/.local/lib/python3.8/site-packages/airflow/example_dags/example_short_circuit_operator.py took 0.626 seconds
[2023-11-20T19:39:06.353+0000] {processor.py:157} INFO - Started process (PID=382) to work on /home/airflow/.local/lib/python3.8/site-packages/airflow/example_dags/example_short_circuit_operator.py
[2023-11-20T19:39:06.355+0000] {processor.py:829} INFO - Processing file /home/airflow/.local/lib/python3.8/site-packages/airflow/example_dags/example_short_circuit_operator.py for tasks to queue
[2023-11-20T19:39:06.360+0000] {logging_mixin.py:154} INFO - [2023-11-20T19:39:06.360+0000] {dagbag.py:536} INFO - Filling up the DagBag from /home/airflow/.local/lib/python3.8/site-packages/airflow/example_dags/example_short_circuit_operator.py
[2023-11-20T19:39:06.375+0000] {processor.py:839} INFO - DAG(s) dict_keys(['example_short_circuit_operator']) retrieved from /home/airflow/.local/lib/python3.8/site-packages/airflow/example_dags/example_short_circuit_operator.py
[2023-11-20T19:39:06.419+0000] {logging_mixin.py:154} INFO - [2023-11-20T19:39:06.419+0000] {dag.py:2941} INFO - Sync 1 DAGs
[2023-11-20T19:39:06.454+0000] {logging_mixin.py:154} INFO - [2023-11-20T19:39:06.454+0000] {dag.py:3722} INFO - Setting next_dagrun for example_short_circuit_operator to 2023-11-19T19:39:06.454106+00:00, run_after=2023-11-20T19:39:06.454106+00:00
[2023-11-20T19:39:06.495+0000] {processor.py:179} INFO - Processing /home/airflow/.local/lib/python3.8/site-packages/airflow/example_dags/example_short_circuit_operator.py took 0.153 seconds
[2023-11-20T19:39:36.778+0000] {processor.py:157} INFO - Started process (PID=435) to work on /home/airflow/.local/lib/python3.8/site-packages/airflow/example_dags/example_short_circuit_operator.py
[2023-11-20T19:39:36.782+0000] {processor.py:829} INFO - Processing file /home/airflow/.local/lib/python3.8/site-packages/airflow/example_dags/example_short_circuit_operator.py for tasks to queue
[2023-11-20T19:39:36.796+0000] {logging_mixin.py:154} INFO - [2023-11-20T19:39:36.795+0000] {dagbag.py:536} INFO - Filling up the DagBag from /home/airflow/.local/lib/python3.8/site-packages/airflow/example_dags/example_short_circuit_operator.py
[2023-11-20T19:39:36.826+0000] {processor.py:839} INFO - DAG(s) dict_keys(['example_short_circuit_operator']) retrieved from /home/airflow/.local/lib/python3.8/site-packages/airflow/example_dags/example_short_circuit_operator.py
[2023-11-20T19:39:36.898+0000] {logging_mixin.py:154} INFO - [2023-11-20T19:39:36.898+0000] {dag.py:2941} INFO - Sync 1 DAGs
[2023-11-20T19:39:36.945+0000] {logging_mixin.py:154} INFO - [2023-11-20T19:39:36.945+0000] {dag.py:3722} INFO - Setting next_dagrun for example_short_circuit_operator to 2023-11-19T19:39:36.944945+00:00, run_after=2023-11-20T19:39:36.944945+00:00
[2023-11-20T19:39:36.980+0000] {processor.py:179} INFO - Processing /home/airflow/.local/lib/python3.8/site-packages/airflow/example_dags/example_short_circuit_operator.py took 0.213 seconds
[2023-11-20T19:40:07.609+0000] {processor.py:157} INFO - Started process (PID=489) to work on /home/airflow/.local/lib/python3.8/site-packages/airflow/example_dags/example_short_circuit_operator.py
[2023-11-20T19:40:07.613+0000] {processor.py:829} INFO - Processing file /home/airflow/.local/lib/python3.8/site-packages/airflow/example_dags/example_short_circuit_operator.py for tasks to queue
[2023-11-20T19:40:07.617+0000] {logging_mixin.py:154} INFO - [2023-11-20T19:40:07.616+0000] {dagbag.py:536} INFO - Filling up the DagBag from /home/airflow/.local/lib/python3.8/site-packages/airflow/example_dags/example_short_circuit_operator.py
[2023-11-20T19:40:07.632+0000] {processor.py:839} INFO - DAG(s) dict_keys(['example_short_circuit_operator']) retrieved from /home/airflow/.local/lib/python3.8/site-packages/airflow/example_dags/example_short_circuit_operator.py
[2023-11-20T19:40:07.689+0000] {logging_mixin.py:154} INFO - [2023-11-20T19:40:07.689+0000] {dag.py:2941} INFO - Sync 1 DAGs
[2023-11-20T19:40:07.876+0000] {logging_mixin.py:154} INFO - [2023-11-20T19:40:07.870+0000] {dag.py:3722} INFO - Setting next_dagrun for example_short_circuit_operator to 2023-11-19T19:40:07.870139+00:00, run_after=2023-11-20T19:40:07.870139+00:00
[2023-11-20T19:40:07.934+0000] {processor.py:179} INFO - Processing /home/airflow/.local/lib/python3.8/site-packages/airflow/example_dags/example_short_circuit_operator.py took 0.333 seconds
[2023-11-20T19:40:38.365+0000] {processor.py:157} INFO - Started process (PID=543) to work on /home/airflow/.local/lib/python3.8/site-packages/airflow/example_dags/example_short_circuit_operator.py
[2023-11-20T19:40:38.367+0000] {processor.py:829} INFO - Processing file /home/airflow/.local/lib/python3.8/site-packages/airflow/example_dags/example_short_circuit_operator.py for tasks to queue
[2023-11-20T19:40:38.372+0000] {logging_mixin.py:154} INFO - [2023-11-20T19:40:38.372+0000] {dagbag.py:536} INFO - Filling up the DagBag from /home/airflow/.local/lib/python3.8/site-packages/airflow/example_dags/example_short_circuit_operator.py
[2023-11-20T19:40:38.386+0000] {processor.py:839} INFO - DAG(s) dict_keys(['example_short_circuit_operator']) retrieved from /home/airflow/.local/lib/python3.8/site-packages/airflow/example_dags/example_short_circuit_operator.py
[2023-11-20T19:40:38.429+0000] {logging_mixin.py:154} INFO - [2023-11-20T19:40:38.429+0000] {dag.py:2941} INFO - Sync 1 DAGs
[2023-11-20T19:40:38.472+0000] {logging_mixin.py:154} INFO - [2023-11-20T19:40:38.471+0000] {dag.py:3722} INFO - Setting next_dagrun for example_short_circuit_operator to 2023-11-19T19:40:38.471565+00:00, run_after=2023-11-20T19:40:38.471565+00:00
[2023-11-20T19:40:38.504+0000] {processor.py:179} INFO - Processing /home/airflow/.local/lib/python3.8/site-packages/airflow/example_dags/example_short_circuit_operator.py took 0.146 seconds
[2023-11-20T19:41:08.608+0000] {processor.py:157} INFO - Started process (PID=596) to work on /home/airflow/.local/lib/python3.8/site-packages/airflow/example_dags/example_short_circuit_operator.py
[2023-11-20T19:41:08.610+0000] {processor.py:829} INFO - Processing file /home/airflow/.local/lib/python3.8/site-packages/airflow/example_dags/example_short_circuit_operator.py for tasks to queue
[2023-11-20T19:41:08.613+0000] {logging_mixin.py:154} INFO - [2023-11-20T19:41:08.613+0000] {dagbag.py:536} INFO - Filling up the DagBag from /home/airflow/.local/lib/python3.8/site-packages/airflow/example_dags/example_short_circuit_operator.py
[2023-11-20T19:41:08.623+0000] {processor.py:839} INFO - DAG(s) dict_keys(['example_short_circuit_operator']) retrieved from /home/airflow/.local/lib/python3.8/site-packages/airflow/example_dags/example_short_circuit_operator.py
[2023-11-20T19:41:08.654+0000] {logging_mixin.py:154} INFO - [2023-11-20T19:41:08.654+0000] {dag.py:2941} INFO - Sync 1 DAGs
[2023-11-20T19:41:08.683+0000] {logging_mixin.py:154} INFO - [2023-11-20T19:41:08.683+0000] {dag.py:3722} INFO - Setting next_dagrun for example_short_circuit_operator to 2023-11-19T19:41:08.682388+00:00, run_after=2023-11-20T19:41:08.682388+00:00
[2023-11-20T19:41:08.709+0000] {processor.py:179} INFO - Processing /home/airflow/.local/lib/python3.8/site-packages/airflow/example_dags/example_short_circuit_operator.py took 0.105 seconds
[2023-11-20T19:41:39.648+0000] {processor.py:157} INFO - Started process (PID=649) to work on /home/airflow/.local/lib/python3.8/site-packages/airflow/example_dags/example_short_circuit_operator.py
[2023-11-20T19:41:39.653+0000] {processor.py:829} INFO - Processing file /home/airflow/.local/lib/python3.8/site-packages/airflow/example_dags/example_short_circuit_operator.py for tasks to queue
[2023-11-20T19:41:39.658+0000] {logging_mixin.py:154} INFO - [2023-11-20T19:41:39.658+0000] {dagbag.py:536} INFO - Filling up the DagBag from /home/airflow/.local/lib/python3.8/site-packages/airflow/example_dags/example_short_circuit_operator.py
[2023-11-20T19:41:39.677+0000] {processor.py:839} INFO - DAG(s) dict_keys(['example_short_circuit_operator']) retrieved from /home/airflow/.local/lib/python3.8/site-packages/airflow/example_dags/example_short_circuit_operator.py
[2023-11-20T19:41:39.729+0000] {logging_mixin.py:154} INFO - [2023-11-20T19:41:39.729+0000] {dag.py:2941} INFO - Sync 1 DAGs
[2023-11-20T19:41:39.778+0000] {logging_mixin.py:154} INFO - [2023-11-20T19:41:39.777+0000] {dag.py:3722} INFO - Setting next_dagrun for example_short_circuit_operator to 2023-11-19T19:41:39.777380+00:00, run_after=2023-11-20T19:41:39.777380+00:00
[2023-11-20T19:41:39.822+0000] {processor.py:179} INFO - Processing /home/airflow/.local/lib/python3.8/site-packages/airflow/example_dags/example_short_circuit_operator.py took 0.182 seconds
[2023-11-20T19:42:10.001+0000] {processor.py:157} INFO - Started process (PID=702) to work on /home/airflow/.local/lib/python3.8/site-packages/airflow/example_dags/example_short_circuit_operator.py
[2023-11-20T19:42:10.002+0000] {processor.py:829} INFO - Processing file /home/airflow/.local/lib/python3.8/site-packages/airflow/example_dags/example_short_circuit_operator.py for tasks to queue
[2023-11-20T19:42:10.005+0000] {logging_mixin.py:154} INFO - [2023-11-20T19:42:10.005+0000] {dagbag.py:536} INFO - Filling up the DagBag from /home/airflow/.local/lib/python3.8/site-packages/airflow/example_dags/example_short_circuit_operator.py
[2023-11-20T19:42:10.017+0000] {processor.py:839} INFO - DAG(s) dict_keys(['example_short_circuit_operator']) retrieved from /home/airflow/.local/lib/python3.8/site-packages/airflow/example_dags/example_short_circuit_operator.py
[2023-11-20T19:42:10.051+0000] {logging_mixin.py:154} INFO - [2023-11-20T19:42:10.051+0000] {dag.py:2941} INFO - Sync 1 DAGs
[2023-11-20T19:42:10.083+0000] {logging_mixin.py:154} INFO - [2023-11-20T19:42:10.082+0000] {dag.py:3722} INFO - Setting next_dagrun for example_short_circuit_operator to 2023-11-19T19:42:10.082540+00:00, run_after=2023-11-20T19:42:10.082540+00:00
[2023-11-20T19:42:10.104+0000] {processor.py:179} INFO - Processing /home/airflow/.local/lib/python3.8/site-packages/airflow/example_dags/example_short_circuit_operator.py took 0.109 seconds
[2023-11-20T19:42:41.683+0000] {processor.py:157} INFO - Started process (PID=756) to work on /home/airflow/.local/lib/python3.8/site-packages/airflow/example_dags/example_short_circuit_operator.py
[2023-11-20T19:42:41.686+0000] {processor.py:829} INFO - Processing file /home/airflow/.local/lib/python3.8/site-packages/airflow/example_dags/example_short_circuit_operator.py for tasks to queue
[2023-11-20T19:42:41.695+0000] {logging_mixin.py:154} INFO - [2023-11-20T19:42:41.694+0000] {dagbag.py:536} INFO - Filling up the DagBag from /home/airflow/.local/lib/python3.8/site-packages/airflow/example_dags/example_short_circuit_operator.py
[2023-11-20T19:42:41.709+0000] {processor.py:839} INFO - DAG(s) dict_keys(['example_short_circuit_operator']) retrieved from /home/airflow/.local/lib/python3.8/site-packages/airflow/example_dags/example_short_circuit_operator.py
[2023-11-20T19:42:41.836+0000] {logging_mixin.py:154} INFO - [2023-11-20T19:42:41.836+0000] {dag.py:2941} INFO - Sync 1 DAGs
[2023-11-20T19:42:41.911+0000] {logging_mixin.py:154} INFO - [2023-11-20T19:42:41.910+0000] {dag.py:3722} INFO - Setting next_dagrun for example_short_circuit_operator to 2023-11-19T19:42:41.910198+00:00, run_after=2023-11-20T19:42:41.910198+00:00
[2023-11-20T19:42:43.043+0000] {processor.py:179} INFO - Processing /home/airflow/.local/lib/python3.8/site-packages/airflow/example_dags/example_short_circuit_operator.py took 1.373 seconds
[2023-11-20T19:43:14.016+0000] {processor.py:157} INFO - Started process (PID=810) to work on /home/airflow/.local/lib/python3.8/site-packages/airflow/example_dags/example_short_circuit_operator.py
[2023-11-20T19:43:14.017+0000] {processor.py:829} INFO - Processing file /home/airflow/.local/lib/python3.8/site-packages/airflow/example_dags/example_short_circuit_operator.py for tasks to queue
[2023-11-20T19:43:14.020+0000] {logging_mixin.py:154} INFO - [2023-11-20T19:43:14.020+0000] {dagbag.py:536} INFO - Filling up the DagBag from /home/airflow/.local/lib/python3.8/site-packages/airflow/example_dags/example_short_circuit_operator.py
[2023-11-20T19:43:14.031+0000] {processor.py:839} INFO - DAG(s) dict_keys(['example_short_circuit_operator']) retrieved from /home/airflow/.local/lib/python3.8/site-packages/airflow/example_dags/example_short_circuit_operator.py
[2023-11-20T19:43:14.068+0000] {logging_mixin.py:154} INFO - [2023-11-20T19:43:14.068+0000] {dag.py:2941} INFO - Sync 1 DAGs
[2023-11-20T19:43:14.097+0000] {logging_mixin.py:154} INFO - [2023-11-20T19:43:14.097+0000] {dag.py:3722} INFO - Setting next_dagrun for example_short_circuit_operator to 2023-11-19T19:43:14.097479+00:00, run_after=2023-11-20T19:43:14.097479+00:00
[2023-11-20T19:43:14.121+0000] {processor.py:179} INFO - Processing /home/airflow/.local/lib/python3.8/site-packages/airflow/example_dags/example_short_circuit_operator.py took 0.109 seconds
[2023-11-20T19:43:44.432+0000] {processor.py:157} INFO - Started process (PID=864) to work on /home/airflow/.local/lib/python3.8/site-packages/airflow/example_dags/example_short_circuit_operator.py
[2023-11-20T19:43:44.441+0000] {processor.py:829} INFO - Processing file /home/airflow/.local/lib/python3.8/site-packages/airflow/example_dags/example_short_circuit_operator.py for tasks to queue
[2023-11-20T19:43:44.460+0000] {logging_mixin.py:154} INFO - [2023-11-20T19:43:44.460+0000] {dagbag.py:536} INFO - Filling up the DagBag from /home/airflow/.local/lib/python3.8/site-packages/airflow/example_dags/example_short_circuit_operator.py
[2023-11-20T19:43:44.501+0000] {processor.py:839} INFO - DAG(s) dict_keys(['example_short_circuit_operator']) retrieved from /home/airflow/.local/lib/python3.8/site-packages/airflow/example_dags/example_short_circuit_operator.py
[2023-11-20T19:43:44.549+0000] {logging_mixin.py:154} INFO - [2023-11-20T19:43:44.549+0000] {dag.py:2941} INFO - Sync 1 DAGs
[2023-11-20T19:43:44.617+0000] {logging_mixin.py:154} INFO - [2023-11-20T19:43:44.616+0000] {dag.py:3722} INFO - Setting next_dagrun for example_short_circuit_operator to 2023-11-19T19:43:44.616128+00:00, run_after=2023-11-20T19:43:44.616128+00:00
[2023-11-20T19:43:44.649+0000] {processor.py:179} INFO - Processing /home/airflow/.local/lib/python3.8/site-packages/airflow/example_dags/example_short_circuit_operator.py took 0.231 seconds
[2023-11-20T19:44:14.865+0000] {processor.py:157} INFO - Started process (PID=918) to work on /home/airflow/.local/lib/python3.8/site-packages/airflow/example_dags/example_short_circuit_operator.py
[2023-11-20T19:44:14.871+0000] {processor.py:829} INFO - Processing file /home/airflow/.local/lib/python3.8/site-packages/airflow/example_dags/example_short_circuit_operator.py for tasks to queue
[2023-11-20T19:44:14.876+0000] {logging_mixin.py:154} INFO - [2023-11-20T19:44:14.875+0000] {dagbag.py:536} INFO - Filling up the DagBag from /home/airflow/.local/lib/python3.8/site-packages/airflow/example_dags/example_short_circuit_operator.py
[2023-11-20T19:44:14.894+0000] {processor.py:839} INFO - DAG(s) dict_keys(['example_short_circuit_operator']) retrieved from /home/airflow/.local/lib/python3.8/site-packages/airflow/example_dags/example_short_circuit_operator.py
[2023-11-20T19:44:14.965+0000] {logging_mixin.py:154} INFO - [2023-11-20T19:44:14.965+0000] {dag.py:2941} INFO - Sync 1 DAGs
[2023-11-20T19:44:15.253+0000] {logging_mixin.py:154} INFO - [2023-11-20T19:44:15.253+0000] {dag.py:3722} INFO - Setting next_dagrun for example_short_circuit_operator to 2023-11-19T19:44:15.252949+00:00, run_after=2023-11-20T19:44:15.252949+00:00
[2023-11-20T19:44:15.297+0000] {processor.py:179} INFO - Processing /home/airflow/.local/lib/python3.8/site-packages/airflow/example_dags/example_short_circuit_operator.py took 0.439 seconds
[2023-11-20T19:44:45.857+0000] {processor.py:157} INFO - Started process (PID=972) to work on /home/airflow/.local/lib/python3.8/site-packages/airflow/example_dags/example_short_circuit_operator.py
[2023-11-20T19:44:45.859+0000] {processor.py:829} INFO - Processing file /home/airflow/.local/lib/python3.8/site-packages/airflow/example_dags/example_short_circuit_operator.py for tasks to queue
[2023-11-20T19:44:45.867+0000] {logging_mixin.py:154} INFO - [2023-11-20T19:44:45.866+0000] {dagbag.py:536} INFO - Filling up the DagBag from /home/airflow/.local/lib/python3.8/site-packages/airflow/example_dags/example_short_circuit_operator.py
[2023-11-20T19:44:45.887+0000] {processor.py:839} INFO - DAG(s) dict_keys(['example_short_circuit_operator']) retrieved from /home/airflow/.local/lib/python3.8/site-packages/airflow/example_dags/example_short_circuit_operator.py
[2023-11-20T19:44:45.958+0000] {logging_mixin.py:154} INFO - [2023-11-20T19:44:45.958+0000] {dag.py:2941} INFO - Sync 1 DAGs
[2023-11-20T19:44:46.052+0000] {logging_mixin.py:154} INFO - [2023-11-20T19:44:46.052+0000] {dag.py:3722} INFO - Setting next_dagrun for example_short_circuit_operator to 2023-11-19T19:44:46.051967+00:00, run_after=2023-11-20T19:44:46.051967+00:00
[2023-11-20T19:44:46.096+0000] {processor.py:179} INFO - Processing /home/airflow/.local/lib/python3.8/site-packages/airflow/example_dags/example_short_circuit_operator.py took 0.254 seconds
[2023-11-20T19:45:16.849+0000] {processor.py:157} INFO - Started process (PID=1026) to work on /home/airflow/.local/lib/python3.8/site-packages/airflow/example_dags/example_short_circuit_operator.py
[2023-11-20T19:45:16.864+0000] {processor.py:829} INFO - Processing file /home/airflow/.local/lib/python3.8/site-packages/airflow/example_dags/example_short_circuit_operator.py for tasks to queue
[2023-11-20T19:45:16.885+0000] {logging_mixin.py:154} INFO - [2023-11-20T19:45:16.884+0000] {dagbag.py:536} INFO - Filling up the DagBag from /home/airflow/.local/lib/python3.8/site-packages/airflow/example_dags/example_short_circuit_operator.py
[2023-11-20T19:45:16.914+0000] {processor.py:839} INFO - DAG(s) dict_keys(['example_short_circuit_operator']) retrieved from /home/airflow/.local/lib/python3.8/site-packages/airflow/example_dags/example_short_circuit_operator.py
[2023-11-20T19:45:16.969+0000] {logging_mixin.py:154} INFO - [2023-11-20T19:45:16.969+0000] {dag.py:2941} INFO - Sync 1 DAGs
[2023-11-20T19:45:17.013+0000] {logging_mixin.py:154} INFO - [2023-11-20T19:45:17.013+0000] {dag.py:3722} INFO - Setting next_dagrun for example_short_circuit_operator to 2023-11-19T19:45:17.012632+00:00, run_after=2023-11-20T19:45:17.012632+00:00
[2023-11-20T19:45:17.057+0000] {processor.py:179} INFO - Processing /home/airflow/.local/lib/python3.8/site-packages/airflow/example_dags/example_short_circuit_operator.py took 0.260 seconds
[2023-11-20T19:45:47.949+0000] {processor.py:157} INFO - Started process (PID=1081) to work on /home/airflow/.local/lib/python3.8/site-packages/airflow/example_dags/example_short_circuit_operator.py
[2023-11-20T19:45:47.954+0000] {processor.py:829} INFO - Processing file /home/airflow/.local/lib/python3.8/site-packages/airflow/example_dags/example_short_circuit_operator.py for tasks to queue
[2023-11-20T19:45:47.962+0000] {logging_mixin.py:154} INFO - [2023-11-20T19:45:47.961+0000] {dagbag.py:536} INFO - Filling up the DagBag from /home/airflow/.local/lib/python3.8/site-packages/airflow/example_dags/example_short_circuit_operator.py
[2023-11-20T19:45:48.017+0000] {processor.py:839} INFO - DAG(s) dict_keys(['example_short_circuit_operator']) retrieved from /home/airflow/.local/lib/python3.8/site-packages/airflow/example_dags/example_short_circuit_operator.py
[2023-11-20T19:45:48.100+0000] {logging_mixin.py:154} INFO - [2023-11-20T19:45:48.100+0000] {dag.py:2941} INFO - Sync 1 DAGs
[2023-11-20T19:45:48.706+0000] {logging_mixin.py:154} INFO - [2023-11-20T19:45:48.704+0000] {dag.py:3722} INFO - Setting next_dagrun for example_short_circuit_operator to 2023-11-19T19:45:48.703042+00:00, run_after=2023-11-20T19:45:48.703042+00:00
[2023-11-20T19:45:48.803+0000] {processor.py:179} INFO - Processing /home/airflow/.local/lib/python3.8/site-packages/airflow/example_dags/example_short_circuit_operator.py took 0.866 seconds
[2023-11-20T19:46:19.231+0000] {processor.py:157} INFO - Started process (PID=1134) to work on /home/airflow/.local/lib/python3.8/site-packages/airflow/example_dags/example_short_circuit_operator.py
[2023-11-20T19:46:19.242+0000] {processor.py:829} INFO - Processing file /home/airflow/.local/lib/python3.8/site-packages/airflow/example_dags/example_short_circuit_operator.py for tasks to queue
[2023-11-20T19:46:19.248+0000] {logging_mixin.py:154} INFO - [2023-11-20T19:46:19.247+0000] {dagbag.py:536} INFO - Filling up the DagBag from /home/airflow/.local/lib/python3.8/site-packages/airflow/example_dags/example_short_circuit_operator.py
[2023-11-20T19:46:19.283+0000] {processor.py:839} INFO - DAG(s) dict_keys(['example_short_circuit_operator']) retrieved from /home/airflow/.local/lib/python3.8/site-packages/airflow/example_dags/example_short_circuit_operator.py
[2023-11-20T19:46:19.331+0000] {logging_mixin.py:154} INFO - [2023-11-20T19:46:19.331+0000] {dag.py:2941} INFO - Sync 1 DAGs
[2023-11-20T19:46:19.385+0000] {logging_mixin.py:154} INFO - [2023-11-20T19:46:19.385+0000] {dag.py:3722} INFO - Setting next_dagrun for example_short_circuit_operator to 2023-11-19T19:46:19.384916+00:00, run_after=2023-11-20T19:46:19.384916+00:00
[2023-11-20T19:46:19.440+0000] {processor.py:179} INFO - Processing /home/airflow/.local/lib/python3.8/site-packages/airflow/example_dags/example_short_circuit_operator.py took 0.233 seconds
[2023-11-20T19:46:51.856+0000] {processor.py:157} INFO - Started process (PID=1187) to work on /home/airflow/.local/lib/python3.8/site-packages/airflow/example_dags/example_short_circuit_operator.py
[2023-11-20T19:46:51.877+0000] {processor.py:829} INFO - Processing file /home/airflow/.local/lib/python3.8/site-packages/airflow/example_dags/example_short_circuit_operator.py for tasks to queue
[2023-11-20T19:46:51.893+0000] {logging_mixin.py:154} INFO - [2023-11-20T19:46:51.893+0000] {dagbag.py:536} INFO - Filling up the DagBag from /home/airflow/.local/lib/python3.8/site-packages/airflow/example_dags/example_short_circuit_operator.py
[2023-11-20T19:46:51.974+0000] {processor.py:839} INFO - DAG(s) dict_keys(['example_short_circuit_operator']) retrieved from /home/airflow/.local/lib/python3.8/site-packages/airflow/example_dags/example_short_circuit_operator.py
[2023-11-20T19:46:52.184+0000] {logging_mixin.py:154} INFO - [2023-11-20T19:46:52.184+0000] {dag.py:2941} INFO - Sync 1 DAGs
[2023-11-20T19:46:52.941+0000] {logging_mixin.py:154} INFO - [2023-11-20T19:46:52.940+0000] {dag.py:3722} INFO - Setting next_dagrun for example_short_circuit_operator to 2023-11-19T19:46:52.940286+00:00, run_after=2023-11-20T19:46:52.940286+00:00
[2023-11-20T19:46:53.003+0000] {processor.py:179} INFO - Processing /home/airflow/.local/lib/python3.8/site-packages/airflow/example_dags/example_short_circuit_operator.py took 1.155 seconds
[2023-11-20T19:47:23.158+0000] {processor.py:157} INFO - Started process (PID=1241) to work on /home/airflow/.local/lib/python3.8/site-packages/airflow/example_dags/example_short_circuit_operator.py
[2023-11-20T19:47:23.163+0000] {processor.py:829} INFO - Processing file /home/airflow/.local/lib/python3.8/site-packages/airflow/example_dags/example_short_circuit_operator.py for tasks to queue
[2023-11-20T19:47:23.169+0000] {logging_mixin.py:154} INFO - [2023-11-20T19:47:23.169+0000] {dagbag.py:536} INFO - Filling up the DagBag from /home/airflow/.local/lib/python3.8/site-packages/airflow/example_dags/example_short_circuit_operator.py
[2023-11-20T19:47:23.216+0000] {processor.py:839} INFO - DAG(s) dict_keys(['example_short_circuit_operator']) retrieved from /home/airflow/.local/lib/python3.8/site-packages/airflow/example_dags/example_short_circuit_operator.py
[2023-11-20T19:47:23.276+0000] {logging_mixin.py:154} INFO - [2023-11-20T19:47:23.275+0000] {dag.py:2941} INFO - Sync 1 DAGs
[2023-11-20T19:47:23.366+0000] {logging_mixin.py:154} INFO - [2023-11-20T19:47:23.365+0000] {dag.py:3722} INFO - Setting next_dagrun for example_short_circuit_operator to 2023-11-19T19:47:23.364605+00:00, run_after=2023-11-20T19:47:23.364605+00:00
[2023-11-20T19:47:23.881+0000] {processor.py:179} INFO - Processing /home/airflow/.local/lib/python3.8/site-packages/airflow/example_dags/example_short_circuit_operator.py took 0.729 seconds
[2023-11-20T19:47:58.453+0000] {processor.py:157} INFO - Started process (PID=1295) to work on /home/airflow/.local/lib/python3.8/site-packages/airflow/example_dags/example_short_circuit_operator.py
[2023-11-20T19:47:58.464+0000] {processor.py:829} INFO - Processing file /home/airflow/.local/lib/python3.8/site-packages/airflow/example_dags/example_short_circuit_operator.py for tasks to queue
[2023-11-20T19:47:58.476+0000] {logging_mixin.py:154} INFO - [2023-11-20T19:47:58.475+0000] {dagbag.py:536} INFO - Filling up the DagBag from /home/airflow/.local/lib/python3.8/site-packages/airflow/example_dags/example_short_circuit_operator.py
[2023-11-20T19:47:58.560+0000] {processor.py:839} INFO - DAG(s) dict_keys(['example_short_circuit_operator']) retrieved from /home/airflow/.local/lib/python3.8/site-packages/airflow/example_dags/example_short_circuit_operator.py
[2023-11-20T19:47:58.763+0000] {logging_mixin.py:154} INFO - [2023-11-20T19:47:58.762+0000] {dag.py:2941} INFO - Sync 1 DAGs
[2023-11-20T19:47:59.408+0000] {logging_mixin.py:154} INFO - [2023-11-20T19:47:59.401+0000] {dag.py:3722} INFO - Setting next_dagrun for example_short_circuit_operator to 2023-11-19T19:47:59.398641+00:00, run_after=2023-11-20T19:47:59.398641+00:00
[2023-11-20T19:47:59.619+0000] {processor.py:179} INFO - Processing /home/airflow/.local/lib/python3.8/site-packages/airflow/example_dags/example_short_circuit_operator.py took 1.175 seconds
