[2023-11-20T19:35:46.830+0000] {processor.py:157} INFO - Started process (PID=38) to work on /home/airflow/.local/lib/python3.8/site-packages/airflow/example_dags/example_branch_python_dop_operator_3.py
[2023-11-20T19:35:46.840+0000] {processor.py:829} INFO - Processing file /home/airflow/.local/lib/python3.8/site-packages/airflow/example_dags/example_branch_python_dop_operator_3.py for tasks to queue
[2023-11-20T19:35:46.854+0000] {logging_mixin.py:154} INFO - [2023-11-20T19:35:46.854+0000] {dagbag.py:536} INFO - Filling up the DagBag from /home/airflow/.local/lib/python3.8/site-packages/airflow/example_dags/example_branch_python_dop_operator_3.py
[2023-11-20T19:35:46.961+0000] {processor.py:839} INFO - DAG(s) dict_keys(['example_branch_dop_operator_v3']) retrieved from /home/airflow/.local/lib/python3.8/site-packages/airflow/example_dags/example_branch_python_dop_operator_3.py
[2023-11-20T19:35:47.094+0000] {logging_mixin.py:154} INFO - [2023-11-20T19:35:47.094+0000] {dag.py:2941} INFO - Sync 1 DAGs
[2023-11-20T19:35:47.358+0000] {logging_mixin.py:154} INFO - [2023-11-20T19:35:47.356+0000] {dag.py:3722} INFO - Setting next_dagrun for example_branch_dop_operator_v3 to 2023-11-20T19:34:00+00:00, run_after=2023-11-20T19:35:00+00:00
[2023-11-20T19:35:47.974+0000] {processor.py:179} INFO - Processing /home/airflow/.local/lib/python3.8/site-packages/airflow/example_dags/example_branch_python_dop_operator_3.py took 1.178 seconds
[2023-11-20T19:36:20.287+0000] {processor.py:157} INFO - Started process (PID=92) to work on /home/airflow/.local/lib/python3.8/site-packages/airflow/example_dags/example_branch_python_dop_operator_3.py
[2023-11-20T19:36:20.290+0000] {processor.py:829} INFO - Processing file /home/airflow/.local/lib/python3.8/site-packages/airflow/example_dags/example_branch_python_dop_operator_3.py for tasks to queue
[2023-11-20T19:36:20.293+0000] {logging_mixin.py:154} INFO - [2023-11-20T19:36:20.292+0000] {dagbag.py:536} INFO - Filling up the DagBag from /home/airflow/.local/lib/python3.8/site-packages/airflow/example_dags/example_branch_python_dop_operator_3.py
[2023-11-20T19:36:20.342+0000] {processor.py:839} INFO - DAG(s) dict_keys(['example_branch_dop_operator_v3']) retrieved from /home/airflow/.local/lib/python3.8/site-packages/airflow/example_dags/example_branch_python_dop_operator_3.py
[2023-11-20T19:36:20.647+0000] {logging_mixin.py:154} INFO - [2023-11-20T19:36:20.647+0000] {dag.py:2941} INFO - Sync 1 DAGs
[2023-11-20T19:36:20.927+0000] {logging_mixin.py:154} INFO - [2023-11-20T19:36:20.926+0000] {dag.py:3722} INFO - Setting next_dagrun for example_branch_dop_operator_v3 to 2023-11-20T19:35:00+00:00, run_after=2023-11-20T19:36:00+00:00
[2023-11-20T19:36:21.125+0000] {processor.py:179} INFO - Processing /home/airflow/.local/lib/python3.8/site-packages/airflow/example_dags/example_branch_python_dop_operator_3.py took 0.854 seconds
[2023-11-20T19:36:51.185+0000] {processor.py:157} INFO - Started process (PID=143) to work on /home/airflow/.local/lib/python3.8/site-packages/airflow/example_dags/example_branch_python_dop_operator_3.py
[2023-11-20T19:36:51.191+0000] {processor.py:829} INFO - Processing file /home/airflow/.local/lib/python3.8/site-packages/airflow/example_dags/example_branch_python_dop_operator_3.py for tasks to queue
[2023-11-20T19:36:51.195+0000] {logging_mixin.py:154} INFO - [2023-11-20T19:36:51.195+0000] {dagbag.py:536} INFO - Filling up the DagBag from /home/airflow/.local/lib/python3.8/site-packages/airflow/example_dags/example_branch_python_dop_operator_3.py
[2023-11-20T19:36:51.208+0000] {processor.py:839} INFO - DAG(s) dict_keys(['example_branch_dop_operator_v3']) retrieved from /home/airflow/.local/lib/python3.8/site-packages/airflow/example_dags/example_branch_python_dop_operator_3.py
[2023-11-20T19:36:51.237+0000] {logging_mixin.py:154} INFO - [2023-11-20T19:36:51.237+0000] {dag.py:2941} INFO - Sync 1 DAGs
[2023-11-20T19:36:51.293+0000] {logging_mixin.py:154} INFO - [2023-11-20T19:36:51.293+0000] {dag.py:3722} INFO - Setting next_dagrun for example_branch_dop_operator_v3 to 2023-11-20T19:35:00+00:00, run_after=2023-11-20T19:36:00+00:00
[2023-11-20T19:36:51.363+0000] {processor.py:179} INFO - Processing /home/airflow/.local/lib/python3.8/site-packages/airflow/example_dags/example_branch_python_dop_operator_3.py took 0.183 seconds
[2023-11-20T19:37:22.321+0000] {processor.py:157} INFO - Started process (PID=197) to work on /home/airflow/.local/lib/python3.8/site-packages/airflow/example_dags/example_branch_python_dop_operator_3.py
[2023-11-20T19:37:22.338+0000] {processor.py:829} INFO - Processing file /home/airflow/.local/lib/python3.8/site-packages/airflow/example_dags/example_branch_python_dop_operator_3.py for tasks to queue
[2023-11-20T19:37:22.348+0000] {logging_mixin.py:154} INFO - [2023-11-20T19:37:22.347+0000] {dagbag.py:536} INFO - Filling up the DagBag from /home/airflow/.local/lib/python3.8/site-packages/airflow/example_dags/example_branch_python_dop_operator_3.py
[2023-11-20T19:37:22.576+0000] {processor.py:839} INFO - DAG(s) dict_keys(['example_branch_dop_operator_v3']) retrieved from /home/airflow/.local/lib/python3.8/site-packages/airflow/example_dags/example_branch_python_dop_operator_3.py
[2023-11-20T19:37:22.800+0000] {logging_mixin.py:154} INFO - [2023-11-20T19:37:22.800+0000] {dag.py:2941} INFO - Sync 1 DAGs
[2023-11-20T19:37:23.012+0000] {logging_mixin.py:154} INFO - [2023-11-20T19:37:23.012+0000] {dag.py:3722} INFO - Setting next_dagrun for example_branch_dop_operator_v3 to 2023-11-20T19:36:00+00:00, run_after=2023-11-20T19:37:00+00:00
[2023-11-20T19:37:23.175+0000] {processor.py:179} INFO - Processing /home/airflow/.local/lib/python3.8/site-packages/airflow/example_dags/example_branch_python_dop_operator_3.py took 0.909 seconds
[2023-11-20T19:37:53.369+0000] {processor.py:157} INFO - Started process (PID=250) to work on /home/airflow/.local/lib/python3.8/site-packages/airflow/example_dags/example_branch_python_dop_operator_3.py
[2023-11-20T19:37:53.374+0000] {processor.py:829} INFO - Processing file /home/airflow/.local/lib/python3.8/site-packages/airflow/example_dags/example_branch_python_dop_operator_3.py for tasks to queue
[2023-11-20T19:37:53.381+0000] {logging_mixin.py:154} INFO - [2023-11-20T19:37:53.381+0000] {dagbag.py:536} INFO - Filling up the DagBag from /home/airflow/.local/lib/python3.8/site-packages/airflow/example_dags/example_branch_python_dop_operator_3.py
[2023-11-20T19:37:53.442+0000] {processor.py:839} INFO - DAG(s) dict_keys(['example_branch_dop_operator_v3']) retrieved from /home/airflow/.local/lib/python3.8/site-packages/airflow/example_dags/example_branch_python_dop_operator_3.py
[2023-11-20T19:37:53.759+0000] {logging_mixin.py:154} INFO - [2023-11-20T19:37:53.758+0000] {dag.py:2941} INFO - Sync 1 DAGs
[2023-11-20T19:37:53.997+0000] {logging_mixin.py:154} INFO - [2023-11-20T19:37:53.997+0000] {dag.py:3722} INFO - Setting next_dagrun for example_branch_dop_operator_v3 to 2023-11-20T19:36:00+00:00, run_after=2023-11-20T19:37:00+00:00
[2023-11-20T19:37:54.211+0000] {processor.py:179} INFO - Processing /home/airflow/.local/lib/python3.8/site-packages/airflow/example_dags/example_branch_python_dop_operator_3.py took 0.855 seconds
[2023-11-20T19:38:25.120+0000] {processor.py:157} INFO - Started process (PID=310) to work on /home/airflow/.local/lib/python3.8/site-packages/airflow/example_dags/example_branch_python_dop_operator_3.py
[2023-11-20T19:38:25.121+0000] {processor.py:829} INFO - Processing file /home/airflow/.local/lib/python3.8/site-packages/airflow/example_dags/example_branch_python_dop_operator_3.py for tasks to queue
[2023-11-20T19:38:25.125+0000] {logging_mixin.py:154} INFO - [2023-11-20T19:38:25.124+0000] {dagbag.py:536} INFO - Filling up the DagBag from /home/airflow/.local/lib/python3.8/site-packages/airflow/example_dags/example_branch_python_dop_operator_3.py
[2023-11-20T19:38:25.143+0000] {processor.py:839} INFO - DAG(s) dict_keys(['example_branch_dop_operator_v3']) retrieved from /home/airflow/.local/lib/python3.8/site-packages/airflow/example_dags/example_branch_python_dop_operator_3.py
[2023-11-20T19:38:25.166+0000] {logging_mixin.py:154} INFO - [2023-11-20T19:38:25.166+0000] {dag.py:2941} INFO - Sync 1 DAGs
[2023-11-20T19:38:25.201+0000] {logging_mixin.py:154} INFO - [2023-11-20T19:38:25.201+0000] {dag.py:3722} INFO - Setting next_dagrun for example_branch_dop_operator_v3 to 2023-11-20T19:37:00+00:00, run_after=2023-11-20T19:38:00+00:00
[2023-11-20T19:38:25.226+0000] {processor.py:179} INFO - Processing /home/airflow/.local/lib/python3.8/site-packages/airflow/example_dags/example_branch_python_dop_operator_3.py took 0.111 seconds
[2023-11-20T19:38:55.259+0000] {processor.py:157} INFO - Started process (PID=362) to work on /home/airflow/.local/lib/python3.8/site-packages/airflow/example_dags/example_branch_python_dop_operator_3.py
[2023-11-20T19:38:55.262+0000] {processor.py:829} INFO - Processing file /home/airflow/.local/lib/python3.8/site-packages/airflow/example_dags/example_branch_python_dop_operator_3.py for tasks to queue
[2023-11-20T19:38:55.266+0000] {logging_mixin.py:154} INFO - [2023-11-20T19:38:55.266+0000] {dagbag.py:536} INFO - Filling up the DagBag from /home/airflow/.local/lib/python3.8/site-packages/airflow/example_dags/example_branch_python_dop_operator_3.py
[2023-11-20T19:38:55.287+0000] {processor.py:839} INFO - DAG(s) dict_keys(['example_branch_dop_operator_v3']) retrieved from /home/airflow/.local/lib/python3.8/site-packages/airflow/example_dags/example_branch_python_dop_operator_3.py
[2023-11-20T19:38:55.319+0000] {logging_mixin.py:154} INFO - [2023-11-20T19:38:55.319+0000] {dag.py:2941} INFO - Sync 1 DAGs
[2023-11-20T19:38:55.362+0000] {logging_mixin.py:154} INFO - [2023-11-20T19:38:55.362+0000] {dag.py:3722} INFO - Setting next_dagrun for example_branch_dop_operator_v3 to 2023-11-20T19:37:00+00:00, run_after=2023-11-20T19:38:00+00:00
[2023-11-20T19:38:55.393+0000] {processor.py:179} INFO - Processing /home/airflow/.local/lib/python3.8/site-packages/airflow/example_dags/example_branch_python_dop_operator_3.py took 0.140 seconds
[2023-11-20T19:39:26.209+0000] {processor.py:157} INFO - Started process (PID=416) to work on /home/airflow/.local/lib/python3.8/site-packages/airflow/example_dags/example_branch_python_dop_operator_3.py
[2023-11-20T19:39:26.210+0000] {processor.py:829} INFO - Processing file /home/airflow/.local/lib/python3.8/site-packages/airflow/example_dags/example_branch_python_dop_operator_3.py for tasks to queue
[2023-11-20T19:39:26.215+0000] {logging_mixin.py:154} INFO - [2023-11-20T19:39:26.214+0000] {dagbag.py:536} INFO - Filling up the DagBag from /home/airflow/.local/lib/python3.8/site-packages/airflow/example_dags/example_branch_python_dop_operator_3.py
[2023-11-20T19:39:26.262+0000] {processor.py:839} INFO - DAG(s) dict_keys(['example_branch_dop_operator_v3']) retrieved from /home/airflow/.local/lib/python3.8/site-packages/airflow/example_dags/example_branch_python_dop_operator_3.py
[2023-11-20T19:39:26.319+0000] {logging_mixin.py:154} INFO - [2023-11-20T19:39:26.318+0000] {dag.py:2941} INFO - Sync 1 DAGs
[2023-11-20T19:39:26.389+0000] {logging_mixin.py:154} INFO - [2023-11-20T19:39:26.388+0000] {dag.py:3722} INFO - Setting next_dagrun for example_branch_dop_operator_v3 to 2023-11-20T19:38:00+00:00, run_after=2023-11-20T19:39:00+00:00
[2023-11-20T19:39:26.439+0000] {processor.py:179} INFO - Processing /home/airflow/.local/lib/python3.8/site-packages/airflow/example_dags/example_branch_python_dop_operator_3.py took 0.237 seconds
[2023-11-20T19:39:56.495+0000] {processor.py:157} INFO - Started process (PID=469) to work on /home/airflow/.local/lib/python3.8/site-packages/airflow/example_dags/example_branch_python_dop_operator_3.py
[2023-11-20T19:39:56.496+0000] {processor.py:829} INFO - Processing file /home/airflow/.local/lib/python3.8/site-packages/airflow/example_dags/example_branch_python_dop_operator_3.py for tasks to queue
[2023-11-20T19:39:56.500+0000] {logging_mixin.py:154} INFO - [2023-11-20T19:39:56.500+0000] {dagbag.py:536} INFO - Filling up the DagBag from /home/airflow/.local/lib/python3.8/site-packages/airflow/example_dags/example_branch_python_dop_operator_3.py
[2023-11-20T19:39:56.528+0000] {processor.py:839} INFO - DAG(s) dict_keys(['example_branch_dop_operator_v3']) retrieved from /home/airflow/.local/lib/python3.8/site-packages/airflow/example_dags/example_branch_python_dop_operator_3.py
[2023-11-20T19:39:56.582+0000] {logging_mixin.py:154} INFO - [2023-11-20T19:39:56.581+0000] {dag.py:2941} INFO - Sync 1 DAGs
[2023-11-20T19:39:56.630+0000] {logging_mixin.py:154} INFO - [2023-11-20T19:39:56.630+0000] {dag.py:3722} INFO - Setting next_dagrun for example_branch_dop_operator_v3 to 2023-11-20T19:38:00+00:00, run_after=2023-11-20T19:39:00+00:00
[2023-11-20T19:39:56.670+0000] {processor.py:179} INFO - Processing /home/airflow/.local/lib/python3.8/site-packages/airflow/example_dags/example_branch_python_dop_operator_3.py took 0.181 seconds
[2023-11-20T19:40:26.996+0000] {processor.py:157} INFO - Started process (PID=523) to work on /home/airflow/.local/lib/python3.8/site-packages/airflow/example_dags/example_branch_python_dop_operator_3.py
[2023-11-20T19:40:27.000+0000] {processor.py:829} INFO - Processing file /home/airflow/.local/lib/python3.8/site-packages/airflow/example_dags/example_branch_python_dop_operator_3.py for tasks to queue
[2023-11-20T19:40:27.004+0000] {logging_mixin.py:154} INFO - [2023-11-20T19:40:27.003+0000] {dagbag.py:536} INFO - Filling up the DagBag from /home/airflow/.local/lib/python3.8/site-packages/airflow/example_dags/example_branch_python_dop_operator_3.py
[2023-11-20T19:40:27.023+0000] {processor.py:839} INFO - DAG(s) dict_keys(['example_branch_dop_operator_v3']) retrieved from /home/airflow/.local/lib/python3.8/site-packages/airflow/example_dags/example_branch_python_dop_operator_3.py
[2023-11-20T19:40:27.123+0000] {logging_mixin.py:154} INFO - [2023-11-20T19:40:27.122+0000] {dag.py:2941} INFO - Sync 1 DAGs
[2023-11-20T19:40:27.297+0000] {logging_mixin.py:154} INFO - [2023-11-20T19:40:27.297+0000] {dag.py:3722} INFO - Setting next_dagrun for example_branch_dop_operator_v3 to 2023-11-20T19:39:00+00:00, run_after=2023-11-20T19:40:00+00:00
[2023-11-20T19:40:27.357+0000] {processor.py:179} INFO - Processing /home/airflow/.local/lib/python3.8/site-packages/airflow/example_dags/example_branch_python_dop_operator_3.py took 0.370 seconds
[2023-11-20T19:40:57.701+0000] {processor.py:157} INFO - Started process (PID=576) to work on /home/airflow/.local/lib/python3.8/site-packages/airflow/example_dags/example_branch_python_dop_operator_3.py
[2023-11-20T19:40:57.703+0000] {processor.py:829} INFO - Processing file /home/airflow/.local/lib/python3.8/site-packages/airflow/example_dags/example_branch_python_dop_operator_3.py for tasks to queue
[2023-11-20T19:40:57.716+0000] {logging_mixin.py:154} INFO - [2023-11-20T19:40:57.716+0000] {dagbag.py:536} INFO - Filling up the DagBag from /home/airflow/.local/lib/python3.8/site-packages/airflow/example_dags/example_branch_python_dop_operator_3.py
[2023-11-20T19:40:57.767+0000] {processor.py:839} INFO - DAG(s) dict_keys(['example_branch_dop_operator_v3']) retrieved from /home/airflow/.local/lib/python3.8/site-packages/airflow/example_dags/example_branch_python_dop_operator_3.py
[2023-11-20T19:40:58.007+0000] {logging_mixin.py:154} INFO - [2023-11-20T19:40:58.005+0000] {dag.py:2941} INFO - Sync 1 DAGs
[2023-11-20T19:40:58.260+0000] {logging_mixin.py:154} INFO - [2023-11-20T19:40:58.259+0000] {dag.py:3722} INFO - Setting next_dagrun for example_branch_dop_operator_v3 to 2023-11-20T19:39:00+00:00, run_after=2023-11-20T19:40:00+00:00
[2023-11-20T19:40:58.324+0000] {processor.py:179} INFO - Processing /home/airflow/.local/lib/python3.8/site-packages/airflow/example_dags/example_branch_python_dop_operator_3.py took 0.629 seconds
[2023-11-20T19:41:29.350+0000] {processor.py:157} INFO - Started process (PID=631) to work on /home/airflow/.local/lib/python3.8/site-packages/airflow/example_dags/example_branch_python_dop_operator_3.py
[2023-11-20T19:41:29.470+0000] {processor.py:829} INFO - Processing file /home/airflow/.local/lib/python3.8/site-packages/airflow/example_dags/example_branch_python_dop_operator_3.py for tasks to queue
[2023-11-20T19:41:29.484+0000] {logging_mixin.py:154} INFO - [2023-11-20T19:41:29.483+0000] {dagbag.py:536} INFO - Filling up the DagBag from /home/airflow/.local/lib/python3.8/site-packages/airflow/example_dags/example_branch_python_dop_operator_3.py
[2023-11-20T19:41:29.518+0000] {processor.py:839} INFO - DAG(s) dict_keys(['example_branch_dop_operator_v3']) retrieved from /home/airflow/.local/lib/python3.8/site-packages/airflow/example_dags/example_branch_python_dop_operator_3.py
[2023-11-20T19:41:29.650+0000] {logging_mixin.py:154} INFO - [2023-11-20T19:41:29.648+0000] {dag.py:2941} INFO - Sync 1 DAGs
[2023-11-20T19:41:29.786+0000] {logging_mixin.py:154} INFO - [2023-11-20T19:41:29.786+0000] {dag.py:3722} INFO - Setting next_dagrun for example_branch_dop_operator_v3 to 2023-11-20T19:40:00+00:00, run_after=2023-11-20T19:41:00+00:00
[2023-11-20T19:41:29.853+0000] {processor.py:179} INFO - Processing /home/airflow/.local/lib/python3.8/site-packages/airflow/example_dags/example_branch_python_dop_operator_3.py took 0.538 seconds
[2023-11-20T19:42:00.195+0000] {processor.py:157} INFO - Started process (PID=685) to work on /home/airflow/.local/lib/python3.8/site-packages/airflow/example_dags/example_branch_python_dop_operator_3.py
[2023-11-20T19:42:00.196+0000] {processor.py:829} INFO - Processing file /home/airflow/.local/lib/python3.8/site-packages/airflow/example_dags/example_branch_python_dop_operator_3.py for tasks to queue
[2023-11-20T19:42:00.199+0000] {logging_mixin.py:154} INFO - [2023-11-20T19:42:00.199+0000] {dagbag.py:536} INFO - Filling up the DagBag from /home/airflow/.local/lib/python3.8/site-packages/airflow/example_dags/example_branch_python_dop_operator_3.py
[2023-11-20T19:42:00.218+0000] {processor.py:839} INFO - DAG(s) dict_keys(['example_branch_dop_operator_v3']) retrieved from /home/airflow/.local/lib/python3.8/site-packages/airflow/example_dags/example_branch_python_dop_operator_3.py
[2023-11-20T19:42:00.240+0000] {logging_mixin.py:154} INFO - [2023-11-20T19:42:00.240+0000] {dag.py:2941} INFO - Sync 1 DAGs
[2023-11-20T19:42:00.275+0000] {logging_mixin.py:154} INFO - [2023-11-20T19:42:00.274+0000] {dag.py:3722} INFO - Setting next_dagrun for example_branch_dop_operator_v3 to 2023-11-20T19:41:00+00:00, run_after=2023-11-20T19:42:00+00:00
[2023-11-20T19:42:00.300+0000] {processor.py:179} INFO - Processing /home/airflow/.local/lib/python3.8/site-packages/airflow/example_dags/example_branch_python_dop_operator_3.py took 0.110 seconds
[2023-11-20T19:42:30.686+0000] {processor.py:157} INFO - Started process (PID=739) to work on /home/airflow/.local/lib/python3.8/site-packages/airflow/example_dags/example_branch_python_dop_operator_3.py
[2023-11-20T19:42:30.690+0000] {processor.py:829} INFO - Processing file /home/airflow/.local/lib/python3.8/site-packages/airflow/example_dags/example_branch_python_dop_operator_3.py for tasks to queue
[2023-11-20T19:42:30.696+0000] {logging_mixin.py:154} INFO - [2023-11-20T19:42:30.696+0000] {dagbag.py:536} INFO - Filling up the DagBag from /home/airflow/.local/lib/python3.8/site-packages/airflow/example_dags/example_branch_python_dop_operator_3.py
[2023-11-20T19:42:30.720+0000] {processor.py:839} INFO - DAG(s) dict_keys(['example_branch_dop_operator_v3']) retrieved from /home/airflow/.local/lib/python3.8/site-packages/airflow/example_dags/example_branch_python_dop_operator_3.py
[2023-11-20T19:42:30.844+0000] {logging_mixin.py:154} INFO - [2023-11-20T19:42:30.843+0000] {dag.py:2941} INFO - Sync 1 DAGs
[2023-11-20T19:42:30.963+0000] {logging_mixin.py:154} INFO - [2023-11-20T19:42:30.963+0000] {dag.py:3722} INFO - Setting next_dagrun for example_branch_dop_operator_v3 to 2023-11-20T19:41:00+00:00, run_after=2023-11-20T19:42:00+00:00
[2023-11-20T19:42:31.109+0000] {processor.py:179} INFO - Processing /home/airflow/.local/lib/python3.8/site-packages/airflow/example_dags/example_branch_python_dop_operator_3.py took 0.433 seconds
[2023-11-20T19:43:01.341+0000] {processor.py:157} INFO - Started process (PID=793) to work on /home/airflow/.local/lib/python3.8/site-packages/airflow/example_dags/example_branch_python_dop_operator_3.py
[2023-11-20T19:43:01.343+0000] {processor.py:829} INFO - Processing file /home/airflow/.local/lib/python3.8/site-packages/airflow/example_dags/example_branch_python_dop_operator_3.py for tasks to queue
[2023-11-20T19:43:01.346+0000] {logging_mixin.py:154} INFO - [2023-11-20T19:43:01.345+0000] {dagbag.py:536} INFO - Filling up the DagBag from /home/airflow/.local/lib/python3.8/site-packages/airflow/example_dags/example_branch_python_dop_operator_3.py
[2023-11-20T19:43:01.360+0000] {processor.py:839} INFO - DAG(s) dict_keys(['example_branch_dop_operator_v3']) retrieved from /home/airflow/.local/lib/python3.8/site-packages/airflow/example_dags/example_branch_python_dop_operator_3.py
[2023-11-20T19:43:01.384+0000] {logging_mixin.py:154} INFO - [2023-11-20T19:43:01.384+0000] {dag.py:2941} INFO - Sync 1 DAGs
[2023-11-20T19:43:01.419+0000] {logging_mixin.py:154} INFO - [2023-11-20T19:43:01.419+0000] {dag.py:3722} INFO - Setting next_dagrun for example_branch_dop_operator_v3 to 2023-11-20T19:42:00+00:00, run_after=2023-11-20T19:43:00+00:00
[2023-11-20T19:43:01.443+0000] {processor.py:179} INFO - Processing /home/airflow/.local/lib/python3.8/site-packages/airflow/example_dags/example_branch_python_dop_operator_3.py took 0.105 seconds
[2023-11-20T19:43:31.542+0000] {processor.py:157} INFO - Started process (PID=847) to work on /home/airflow/.local/lib/python3.8/site-packages/airflow/example_dags/example_branch_python_dop_operator_3.py
[2023-11-20T19:43:31.545+0000] {processor.py:829} INFO - Processing file /home/airflow/.local/lib/python3.8/site-packages/airflow/example_dags/example_branch_python_dop_operator_3.py for tasks to queue
[2023-11-20T19:43:31.550+0000] {logging_mixin.py:154} INFO - [2023-11-20T19:43:31.549+0000] {dagbag.py:536} INFO - Filling up the DagBag from /home/airflow/.local/lib/python3.8/site-packages/airflow/example_dags/example_branch_python_dop_operator_3.py
[2023-11-20T19:43:31.577+0000] {processor.py:839} INFO - DAG(s) dict_keys(['example_branch_dop_operator_v3']) retrieved from /home/airflow/.local/lib/python3.8/site-packages/airflow/example_dags/example_branch_python_dop_operator_3.py
[2023-11-20T19:43:31.672+0000] {logging_mixin.py:154} INFO - [2023-11-20T19:43:31.671+0000] {dag.py:2941} INFO - Sync 1 DAGs
[2023-11-20T19:43:31.740+0000] {logging_mixin.py:154} INFO - [2023-11-20T19:43:31.740+0000] {dag.py:3722} INFO - Setting next_dagrun for example_branch_dop_operator_v3 to 2023-11-20T19:42:00+00:00, run_after=2023-11-20T19:43:00+00:00
[2023-11-20T19:43:31.763+0000] {processor.py:179} INFO - Processing /home/airflow/.local/lib/python3.8/site-packages/airflow/example_dags/example_branch_python_dop_operator_3.py took 0.241 seconds
[2023-11-20T19:44:01.894+0000] {processor.py:157} INFO - Started process (PID=901) to work on /home/airflow/.local/lib/python3.8/site-packages/airflow/example_dags/example_branch_python_dop_operator_3.py
[2023-11-20T19:44:01.898+0000] {processor.py:829} INFO - Processing file /home/airflow/.local/lib/python3.8/site-packages/airflow/example_dags/example_branch_python_dop_operator_3.py for tasks to queue
[2023-11-20T19:44:01.906+0000] {logging_mixin.py:154} INFO - [2023-11-20T19:44:01.905+0000] {dagbag.py:536} INFO - Filling up the DagBag from /home/airflow/.local/lib/python3.8/site-packages/airflow/example_dags/example_branch_python_dop_operator_3.py
[2023-11-20T19:44:01.931+0000] {processor.py:839} INFO - DAG(s) dict_keys(['example_branch_dop_operator_v3']) retrieved from /home/airflow/.local/lib/python3.8/site-packages/airflow/example_dags/example_branch_python_dop_operator_3.py
[2023-11-20T19:44:01.969+0000] {logging_mixin.py:154} INFO - [2023-11-20T19:44:01.969+0000] {dag.py:2941} INFO - Sync 1 DAGs
[2023-11-20T19:44:02.183+0000] {logging_mixin.py:154} INFO - [2023-11-20T19:44:02.183+0000] {dag.py:3722} INFO - Setting next_dagrun for example_branch_dop_operator_v3 to 2023-11-20T19:43:00+00:00, run_after=2023-11-20T19:44:00+00:00
[2023-11-20T19:44:02.225+0000] {processor.py:179} INFO - Processing /home/airflow/.local/lib/python3.8/site-packages/airflow/example_dags/example_branch_python_dop_operator_3.py took 0.337 seconds
[2023-11-20T19:44:32.608+0000] {processor.py:157} INFO - Started process (PID=955) to work on /home/airflow/.local/lib/python3.8/site-packages/airflow/example_dags/example_branch_python_dop_operator_3.py
[2023-11-20T19:44:32.610+0000] {processor.py:829} INFO - Processing file /home/airflow/.local/lib/python3.8/site-packages/airflow/example_dags/example_branch_python_dop_operator_3.py for tasks to queue
[2023-11-20T19:44:32.631+0000] {logging_mixin.py:154} INFO - [2023-11-20T19:44:32.629+0000] {dagbag.py:536} INFO - Filling up the DagBag from /home/airflow/.local/lib/python3.8/site-packages/airflow/example_dags/example_branch_python_dop_operator_3.py
[2023-11-20T19:44:32.674+0000] {processor.py:839} INFO - DAG(s) dict_keys(['example_branch_dop_operator_v3']) retrieved from /home/airflow/.local/lib/python3.8/site-packages/airflow/example_dags/example_branch_python_dop_operator_3.py
[2023-11-20T19:44:32.767+0000] {logging_mixin.py:154} INFO - [2023-11-20T19:44:32.767+0000] {dag.py:2941} INFO - Sync 1 DAGs
[2023-11-20T19:44:32.866+0000] {logging_mixin.py:154} INFO - [2023-11-20T19:44:32.866+0000] {dag.py:3722} INFO - Setting next_dagrun for example_branch_dop_operator_v3 to 2023-11-20T19:43:00+00:00, run_after=2023-11-20T19:44:00+00:00
[2023-11-20T19:44:32.939+0000] {processor.py:179} INFO - Processing /home/airflow/.local/lib/python3.8/site-packages/airflow/example_dags/example_branch_python_dop_operator_3.py took 0.340 seconds
[2023-11-20T19:45:08.807+0000] {processor.py:157} INFO - Started process (PID=1009) to work on /home/airflow/.local/lib/python3.8/site-packages/airflow/example_dags/example_branch_python_dop_operator_3.py
[2023-11-20T19:45:08.814+0000] {processor.py:829} INFO - Processing file /home/airflow/.local/lib/python3.8/site-packages/airflow/example_dags/example_branch_python_dop_operator_3.py for tasks to queue
[2023-11-20T19:45:08.823+0000] {logging_mixin.py:154} INFO - [2023-11-20T19:45:08.823+0000] {dagbag.py:536} INFO - Filling up the DagBag from /home/airflow/.local/lib/python3.8/site-packages/airflow/example_dags/example_branch_python_dop_operator_3.py
[2023-11-20T19:45:09.128+0000] {processor.py:839} INFO - DAG(s) dict_keys(['example_branch_dop_operator_v3']) retrieved from /home/airflow/.local/lib/python3.8/site-packages/airflow/example_dags/example_branch_python_dop_operator_3.py
[2023-11-20T19:45:10.418+0000] {logging_mixin.py:154} INFO - [2023-11-20T19:45:10.417+0000] {dag.py:2941} INFO - Sync 1 DAGs
[2023-11-20T19:45:11.224+0000] {logging_mixin.py:154} INFO - [2023-11-20T19:45:11.224+0000] {dag.py:3722} INFO - Setting next_dagrun for example_branch_dop_operator_v3 to 2023-11-20T19:44:00+00:00, run_after=2023-11-20T19:45:00+00:00
[2023-11-20T19:45:11.381+0000] {processor.py:179} INFO - Processing /home/airflow/.local/lib/python3.8/site-packages/airflow/example_dags/example_branch_python_dop_operator_3.py took 2.580 seconds
[2023-11-20T19:45:41.841+0000] {processor.py:157} INFO - Started process (PID=1064) to work on /home/airflow/.local/lib/python3.8/site-packages/airflow/example_dags/example_branch_python_dop_operator_3.py
[2023-11-20T19:45:41.843+0000] {processor.py:829} INFO - Processing file /home/airflow/.local/lib/python3.8/site-packages/airflow/example_dags/example_branch_python_dop_operator_3.py for tasks to queue
[2023-11-20T19:45:41.872+0000] {logging_mixin.py:154} INFO - [2023-11-20T19:45:41.871+0000] {dagbag.py:536} INFO - Filling up the DagBag from /home/airflow/.local/lib/python3.8/site-packages/airflow/example_dags/example_branch_python_dop_operator_3.py
[2023-11-20T19:45:41.890+0000] {processor.py:839} INFO - DAG(s) dict_keys(['example_branch_dop_operator_v3']) retrieved from /home/airflow/.local/lib/python3.8/site-packages/airflow/example_dags/example_branch_python_dop_operator_3.py
[2023-11-20T19:45:42.006+0000] {logging_mixin.py:154} INFO - [2023-11-20T19:45:42.005+0000] {dag.py:2941} INFO - Sync 1 DAGs
[2023-11-20T19:45:42.105+0000] {logging_mixin.py:154} INFO - [2023-11-20T19:45:42.105+0000] {dag.py:3722} INFO - Setting next_dagrun for example_branch_dop_operator_v3 to 2023-11-20T19:44:00+00:00, run_after=2023-11-20T19:45:00+00:00
[2023-11-20T19:45:42.405+0000] {processor.py:179} INFO - Processing /home/airflow/.local/lib/python3.8/site-packages/airflow/example_dags/example_branch_python_dop_operator_3.py took 0.570 seconds
[2023-11-20T19:46:13.274+0000] {processor.py:157} INFO - Started process (PID=1117) to work on /home/airflow/.local/lib/python3.8/site-packages/airflow/example_dags/example_branch_python_dop_operator_3.py
[2023-11-20T19:46:13.276+0000] {processor.py:829} INFO - Processing file /home/airflow/.local/lib/python3.8/site-packages/airflow/example_dags/example_branch_python_dop_operator_3.py for tasks to queue
[2023-11-20T19:46:13.287+0000] {logging_mixin.py:154} INFO - [2023-11-20T19:46:13.287+0000] {dagbag.py:536} INFO - Filling up the DagBag from /home/airflow/.local/lib/python3.8/site-packages/airflow/example_dags/example_branch_python_dop_operator_3.py
[2023-11-20T19:46:13.334+0000] {processor.py:839} INFO - DAG(s) dict_keys(['example_branch_dop_operator_v3']) retrieved from /home/airflow/.local/lib/python3.8/site-packages/airflow/example_dags/example_branch_python_dop_operator_3.py
[2023-11-20T19:46:13.428+0000] {logging_mixin.py:154} INFO - [2023-11-20T19:46:13.427+0000] {dag.py:2941} INFO - Sync 1 DAGs
[2023-11-20T19:46:13.545+0000] {logging_mixin.py:154} INFO - [2023-11-20T19:46:13.544+0000] {dag.py:3722} INFO - Setting next_dagrun for example_branch_dop_operator_v3 to 2023-11-20T19:45:00+00:00, run_after=2023-11-20T19:46:00+00:00
[2023-11-20T19:46:13.603+0000] {processor.py:179} INFO - Processing /home/airflow/.local/lib/python3.8/site-packages/airflow/example_dags/example_branch_python_dop_operator_3.py took 0.339 seconds
[2023-11-20T19:46:43.974+0000] {processor.py:157} INFO - Started process (PID=1170) to work on /home/airflow/.local/lib/python3.8/site-packages/airflow/example_dags/example_branch_python_dop_operator_3.py
[2023-11-20T19:46:43.993+0000] {processor.py:829} INFO - Processing file /home/airflow/.local/lib/python3.8/site-packages/airflow/example_dags/example_branch_python_dop_operator_3.py for tasks to queue
[2023-11-20T19:46:43.998+0000] {logging_mixin.py:154} INFO - [2023-11-20T19:46:43.997+0000] {dagbag.py:536} INFO - Filling up the DagBag from /home/airflow/.local/lib/python3.8/site-packages/airflow/example_dags/example_branch_python_dop_operator_3.py
[2023-11-20T19:46:44.016+0000] {processor.py:839} INFO - DAG(s) dict_keys(['example_branch_dop_operator_v3']) retrieved from /home/airflow/.local/lib/python3.8/site-packages/airflow/example_dags/example_branch_python_dop_operator_3.py
[2023-11-20T19:46:44.050+0000] {logging_mixin.py:154} INFO - [2023-11-20T19:46:44.050+0000] {dag.py:2941} INFO - Sync 1 DAGs
[2023-11-20T19:46:44.378+0000] {logging_mixin.py:154} INFO - [2023-11-20T19:46:44.377+0000] {dag.py:3722} INFO - Setting next_dagrun for example_branch_dop_operator_v3 to 2023-11-20T19:45:00+00:00, run_after=2023-11-20T19:46:00+00:00
[2023-11-20T19:46:44.417+0000] {processor.py:179} INFO - Processing /home/airflow/.local/lib/python3.8/site-packages/airflow/example_dags/example_branch_python_dop_operator_3.py took 0.446 seconds
[2023-11-20T19:47:14.718+0000] {processor.py:157} INFO - Started process (PID=1224) to work on /home/airflow/.local/lib/python3.8/site-packages/airflow/example_dags/example_branch_python_dop_operator_3.py
[2023-11-20T19:47:14.725+0000] {processor.py:829} INFO - Processing file /home/airflow/.local/lib/python3.8/site-packages/airflow/example_dags/example_branch_python_dop_operator_3.py for tasks to queue
[2023-11-20T19:47:14.730+0000] {logging_mixin.py:154} INFO - [2023-11-20T19:47:14.730+0000] {dagbag.py:536} INFO - Filling up the DagBag from /home/airflow/.local/lib/python3.8/site-packages/airflow/example_dags/example_branch_python_dop_operator_3.py
[2023-11-20T19:47:14.768+0000] {processor.py:839} INFO - DAG(s) dict_keys(['example_branch_dop_operator_v3']) retrieved from /home/airflow/.local/lib/python3.8/site-packages/airflow/example_dags/example_branch_python_dop_operator_3.py
[2023-11-20T19:47:14.847+0000] {logging_mixin.py:154} INFO - [2023-11-20T19:47:14.846+0000] {dag.py:2941} INFO - Sync 1 DAGs
[2023-11-20T19:47:14.969+0000] {logging_mixin.py:154} INFO - [2023-11-20T19:47:14.969+0000] {dag.py:3722} INFO - Setting next_dagrun for example_branch_dop_operator_v3 to 2023-11-20T19:46:00+00:00, run_after=2023-11-20T19:47:00+00:00
[2023-11-20T19:47:15.025+0000] {processor.py:179} INFO - Processing /home/airflow/.local/lib/python3.8/site-packages/airflow/example_dags/example_branch_python_dop_operator_3.py took 0.311 seconds
[2023-11-20T19:47:52.519+0000] {processor.py:157} INFO - Started process (PID=1278) to work on /home/airflow/.local/lib/python3.8/site-packages/airflow/example_dags/example_branch_python_dop_operator_3.py
[2023-11-20T19:47:52.528+0000] {processor.py:829} INFO - Processing file /home/airflow/.local/lib/python3.8/site-packages/airflow/example_dags/example_branch_python_dop_operator_3.py for tasks to queue
[2023-11-20T19:47:52.544+0000] {logging_mixin.py:154} INFO - [2023-11-20T19:47:52.544+0000] {dagbag.py:536} INFO - Filling up the DagBag from /home/airflow/.local/lib/python3.8/site-packages/airflow/example_dags/example_branch_python_dop_operator_3.py
[2023-11-20T19:47:52.591+0000] {processor.py:839} INFO - DAG(s) dict_keys(['example_branch_dop_operator_v3']) retrieved from /home/airflow/.local/lib/python3.8/site-packages/airflow/example_dags/example_branch_python_dop_operator_3.py
[2023-11-20T19:47:52.715+0000] {logging_mixin.py:154} INFO - [2023-11-20T19:47:52.714+0000] {dag.py:2941} INFO - Sync 1 DAGs
[2023-11-20T19:47:52.975+0000] {logging_mixin.py:154} INFO - [2023-11-20T19:47:52.975+0000] {dag.py:3722} INFO - Setting next_dagrun for example_branch_dop_operator_v3 to 2023-11-20T19:46:00+00:00, run_after=2023-11-20T19:47:00+00:00
[2023-11-20T19:47:53.297+0000] {processor.py:179} INFO - Processing /home/airflow/.local/lib/python3.8/site-packages/airflow/example_dags/example_branch_python_dop_operator_3.py took 0.833 seconds
[2023-11-20T19:48:23.500+0000] {processor.py:157} INFO - Started process (PID=1332) to work on /home/airflow/.local/lib/python3.8/site-packages/airflow/example_dags/example_branch_python_dop_operator_3.py
[2023-11-20T19:48:23.502+0000] {processor.py:829} INFO - Processing file /home/airflow/.local/lib/python3.8/site-packages/airflow/example_dags/example_branch_python_dop_operator_3.py for tasks to queue
[2023-11-20T19:48:23.507+0000] {logging_mixin.py:154} INFO - [2023-11-20T19:48:23.506+0000] {dagbag.py:536} INFO - Filling up the DagBag from /home/airflow/.local/lib/python3.8/site-packages/airflow/example_dags/example_branch_python_dop_operator_3.py
[2023-11-20T19:48:23.522+0000] {processor.py:839} INFO - DAG(s) dict_keys(['example_branch_dop_operator_v3']) retrieved from /home/airflow/.local/lib/python3.8/site-packages/airflow/example_dags/example_branch_python_dop_operator_3.py
[2023-11-20T19:48:23.568+0000] {logging_mixin.py:154} INFO - [2023-11-20T19:48:23.567+0000] {dag.py:2941} INFO - Sync 1 DAGs
[2023-11-20T19:48:24.099+0000] {logging_mixin.py:154} INFO - [2023-11-20T19:48:24.098+0000] {dag.py:3722} INFO - Setting next_dagrun for example_branch_dop_operator_v3 to 2023-11-20T19:47:00+00:00, run_after=2023-11-20T19:48:00+00:00
[2023-11-20T19:48:24.166+0000] {processor.py:179} INFO - Processing /home/airflow/.local/lib/python3.8/site-packages/airflow/example_dags/example_branch_python_dop_operator_3.py took 0.677 seconds
