[2023-11-20T19:35:50.245+0000] {processor.py:157} INFO - Started process (PID=44) to work on /home/airflow/.local/lib/python3.8/site-packages/airflow/example_dags/example_skip_dag.py
[2023-11-20T19:35:50.250+0000] {processor.py:829} INFO - Processing file /home/airflow/.local/lib/python3.8/site-packages/airflow/example_dags/example_skip_dag.py for tasks to queue
[2023-11-20T19:35:50.268+0000] {logging_mixin.py:154} INFO - [2023-11-20T19:35:50.260+0000] {dagbag.py:536} INFO - Filling up the DagBag from /home/airflow/.local/lib/python3.8/site-packages/airflow/example_dags/example_skip_dag.py
[2023-11-20T19:35:50.341+0000] {processor.py:839} INFO - DAG(s) dict_keys(['example_skip_dag']) retrieved from /home/airflow/.local/lib/python3.8/site-packages/airflow/example_dags/example_skip_dag.py
[2023-11-20T19:35:50.487+0000] {logging_mixin.py:154} INFO - [2023-11-20T19:35:50.487+0000] {dag.py:2941} INFO - Sync 1 DAGs
[2023-11-20T19:35:50.594+0000] {logging_mixin.py:154} INFO - [2023-11-20T19:35:50.594+0000] {dag.py:3722} INFO - Setting next_dagrun for example_skip_dag to 2023-11-19T19:35:50.593852+00:00, run_after=2023-11-20T19:35:50.593852+00:00
[2023-11-20T19:35:50.818+0000] {processor.py:179} INFO - Processing /home/airflow/.local/lib/python3.8/site-packages/airflow/example_dags/example_skip_dag.py took 0.612 seconds
[2023-11-20T19:36:23.833+0000] {processor.py:157} INFO - Started process (PID=104) to work on /home/airflow/.local/lib/python3.8/site-packages/airflow/example_dags/example_skip_dag.py
[2023-11-20T19:36:23.839+0000] {processor.py:829} INFO - Processing file /home/airflow/.local/lib/python3.8/site-packages/airflow/example_dags/example_skip_dag.py for tasks to queue
[2023-11-20T19:36:23.848+0000] {logging_mixin.py:154} INFO - [2023-11-20T19:36:23.845+0000] {dagbag.py:536} INFO - Filling up the DagBag from /home/airflow/.local/lib/python3.8/site-packages/airflow/example_dags/example_skip_dag.py
[2023-11-20T19:36:23.882+0000] {processor.py:839} INFO - DAG(s) dict_keys(['example_skip_dag']) retrieved from /home/airflow/.local/lib/python3.8/site-packages/airflow/example_dags/example_skip_dag.py
[2023-11-20T19:36:25.342+0000] {logging_mixin.py:154} INFO - [2023-11-20T19:36:25.277+0000] {dag.py:2941} INFO - Sync 1 DAGs
[2023-11-20T19:36:25.677+0000] {logging_mixin.py:154} INFO - [2023-11-20T19:36:25.677+0000] {dag.py:3722} INFO - Setting next_dagrun for example_skip_dag to 2023-11-19T19:36:25.665835+00:00, run_after=2023-11-20T19:36:25.665835+00:00
[2023-11-20T19:36:25.854+0000] {processor.py:179} INFO - Processing /home/airflow/.local/lib/python3.8/site-packages/airflow/example_dags/example_skip_dag.py took 2.032 seconds
[2023-11-20T19:36:56.486+0000] {processor.py:157} INFO - Started process (PID=158) to work on /home/airflow/.local/lib/python3.8/site-packages/airflow/example_dags/example_skip_dag.py
[2023-11-20T19:36:56.488+0000] {processor.py:829} INFO - Processing file /home/airflow/.local/lib/python3.8/site-packages/airflow/example_dags/example_skip_dag.py for tasks to queue
[2023-11-20T19:36:56.491+0000] {logging_mixin.py:154} INFO - [2023-11-20T19:36:56.490+0000] {dagbag.py:536} INFO - Filling up the DagBag from /home/airflow/.local/lib/python3.8/site-packages/airflow/example_dags/example_skip_dag.py
[2023-11-20T19:36:56.500+0000] {processor.py:839} INFO - DAG(s) dict_keys(['example_skip_dag']) retrieved from /home/airflow/.local/lib/python3.8/site-packages/airflow/example_dags/example_skip_dag.py
[2023-11-20T19:36:56.529+0000] {logging_mixin.py:154} INFO - [2023-11-20T19:36:56.528+0000] {dag.py:2941} INFO - Sync 1 DAGs
[2023-11-20T19:36:56.556+0000] {logging_mixin.py:154} INFO - [2023-11-20T19:36:56.556+0000] {dag.py:3722} INFO - Setting next_dagrun for example_skip_dag to 2023-11-19T19:36:56.556221+00:00, run_after=2023-11-20T19:36:56.556221+00:00
[2023-11-20T19:36:56.577+0000] {processor.py:179} INFO - Processing /home/airflow/.local/lib/python3.8/site-packages/airflow/example_dags/example_skip_dag.py took 0.095 seconds
[2023-11-20T19:37:26.771+0000] {processor.py:157} INFO - Started process (PID=211) to work on /home/airflow/.local/lib/python3.8/site-packages/airflow/example_dags/example_skip_dag.py
[2023-11-20T19:37:26.779+0000] {processor.py:829} INFO - Processing file /home/airflow/.local/lib/python3.8/site-packages/airflow/example_dags/example_skip_dag.py for tasks to queue
[2023-11-20T19:37:26.783+0000] {logging_mixin.py:154} INFO - [2023-11-20T19:37:26.782+0000] {dagbag.py:536} INFO - Filling up the DagBag from /home/airflow/.local/lib/python3.8/site-packages/airflow/example_dags/example_skip_dag.py
[2023-11-20T19:37:26.826+0000] {processor.py:839} INFO - DAG(s) dict_keys(['example_skip_dag']) retrieved from /home/airflow/.local/lib/python3.8/site-packages/airflow/example_dags/example_skip_dag.py
[2023-11-20T19:37:26.875+0000] {logging_mixin.py:154} INFO - [2023-11-20T19:37:26.875+0000] {dag.py:2941} INFO - Sync 1 DAGs
[2023-11-20T19:37:26.920+0000] {logging_mixin.py:154} INFO - [2023-11-20T19:37:26.920+0000] {dag.py:3722} INFO - Setting next_dagrun for example_skip_dag to 2023-11-19T19:37:26.916351+00:00, run_after=2023-11-20T19:37:26.916351+00:00
[2023-11-20T19:37:26.958+0000] {processor.py:179} INFO - Processing /home/airflow/.local/lib/python3.8/site-packages/airflow/example_dags/example_skip_dag.py took 0.196 seconds
[2023-11-20T19:37:58.222+0000] {processor.py:157} INFO - Started process (PID=264) to work on /home/airflow/.local/lib/python3.8/site-packages/airflow/example_dags/example_skip_dag.py
[2023-11-20T19:37:58.228+0000] {processor.py:829} INFO - Processing file /home/airflow/.local/lib/python3.8/site-packages/airflow/example_dags/example_skip_dag.py for tasks to queue
[2023-11-20T19:37:58.271+0000] {logging_mixin.py:154} INFO - [2023-11-20T19:37:58.270+0000] {dagbag.py:536} INFO - Filling up the DagBag from /home/airflow/.local/lib/python3.8/site-packages/airflow/example_dags/example_skip_dag.py
[2023-11-20T19:37:58.362+0000] {processor.py:839} INFO - DAG(s) dict_keys(['example_skip_dag']) retrieved from /home/airflow/.local/lib/python3.8/site-packages/airflow/example_dags/example_skip_dag.py
[2023-11-20T19:37:58.587+0000] {logging_mixin.py:154} INFO - [2023-11-20T19:37:58.586+0000] {dag.py:2941} INFO - Sync 1 DAGs
[2023-11-20T19:37:58.844+0000] {logging_mixin.py:154} INFO - [2023-11-20T19:37:58.837+0000] {dag.py:3722} INFO - Setting next_dagrun for example_skip_dag to 2023-11-19T19:37:58.837540+00:00, run_after=2023-11-20T19:37:58.837540+00:00
[2023-11-20T19:37:59.149+0000] {processor.py:179} INFO - Processing /home/airflow/.local/lib/python3.8/site-packages/airflow/example_dags/example_skip_dag.py took 0.950 seconds
[2023-11-20T19:38:29.550+0000] {processor.py:157} INFO - Started process (PID=316) to work on /home/airflow/.local/lib/python3.8/site-packages/airflow/example_dags/example_skip_dag.py
[2023-11-20T19:38:29.551+0000] {processor.py:829} INFO - Processing file /home/airflow/.local/lib/python3.8/site-packages/airflow/example_dags/example_skip_dag.py for tasks to queue
[2023-11-20T19:38:29.554+0000] {logging_mixin.py:154} INFO - [2023-11-20T19:38:29.554+0000] {dagbag.py:536} INFO - Filling up the DagBag from /home/airflow/.local/lib/python3.8/site-packages/airflow/example_dags/example_skip_dag.py
[2023-11-20T19:38:29.563+0000] {processor.py:839} INFO - DAG(s) dict_keys(['example_skip_dag']) retrieved from /home/airflow/.local/lib/python3.8/site-packages/airflow/example_dags/example_skip_dag.py
[2023-11-20T19:38:29.593+0000] {logging_mixin.py:154} INFO - [2023-11-20T19:38:29.593+0000] {dag.py:2941} INFO - Sync 1 DAGs
[2023-11-20T19:38:29.618+0000] {logging_mixin.py:154} INFO - [2023-11-20T19:38:29.618+0000] {dag.py:3722} INFO - Setting next_dagrun for example_skip_dag to 2023-11-19T19:38:29.618390+00:00, run_after=2023-11-20T19:38:29.618390+00:00
[2023-11-20T19:38:29.642+0000] {processor.py:179} INFO - Processing /home/airflow/.local/lib/python3.8/site-packages/airflow/example_dags/example_skip_dag.py took 0.096 seconds
[2023-11-20T19:39:00.080+0000] {processor.py:157} INFO - Started process (PID=369) to work on /home/airflow/.local/lib/python3.8/site-packages/airflow/example_dags/example_skip_dag.py
[2023-11-20T19:39:00.084+0000] {processor.py:829} INFO - Processing file /home/airflow/.local/lib/python3.8/site-packages/airflow/example_dags/example_skip_dag.py for tasks to queue
[2023-11-20T19:39:00.087+0000] {logging_mixin.py:154} INFO - [2023-11-20T19:39:00.087+0000] {dagbag.py:536} INFO - Filling up the DagBag from /home/airflow/.local/lib/python3.8/site-packages/airflow/example_dags/example_skip_dag.py
[2023-11-20T19:39:00.102+0000] {processor.py:839} INFO - DAG(s) dict_keys(['example_skip_dag']) retrieved from /home/airflow/.local/lib/python3.8/site-packages/airflow/example_dags/example_skip_dag.py
[2023-11-20T19:39:00.146+0000] {logging_mixin.py:154} INFO - [2023-11-20T19:39:00.145+0000] {dag.py:2941} INFO - Sync 1 DAGs
[2023-11-20T19:39:00.192+0000] {logging_mixin.py:154} INFO - [2023-11-20T19:39:00.192+0000] {dag.py:3722} INFO - Setting next_dagrun for example_skip_dag to 2023-11-19T19:39:00.191780+00:00, run_after=2023-11-20T19:39:00.191780+00:00
[2023-11-20T19:39:00.236+0000] {processor.py:179} INFO - Processing /home/airflow/.local/lib/python3.8/site-packages/airflow/example_dags/example_skip_dag.py took 0.163 seconds
[2023-11-20T19:39:31.067+0000] {processor.py:157} INFO - Started process (PID=422) to work on /home/airflow/.local/lib/python3.8/site-packages/airflow/example_dags/example_skip_dag.py
[2023-11-20T19:39:31.069+0000] {processor.py:829} INFO - Processing file /home/airflow/.local/lib/python3.8/site-packages/airflow/example_dags/example_skip_dag.py for tasks to queue
[2023-11-20T19:39:31.073+0000] {logging_mixin.py:154} INFO - [2023-11-20T19:39:31.072+0000] {dagbag.py:536} INFO - Filling up the DagBag from /home/airflow/.local/lib/python3.8/site-packages/airflow/example_dags/example_skip_dag.py
[2023-11-20T19:39:31.086+0000] {processor.py:839} INFO - DAG(s) dict_keys(['example_skip_dag']) retrieved from /home/airflow/.local/lib/python3.8/site-packages/airflow/example_dags/example_skip_dag.py
[2023-11-20T19:39:31.127+0000] {logging_mixin.py:154} INFO - [2023-11-20T19:39:31.126+0000] {dag.py:2941} INFO - Sync 1 DAGs
[2023-11-20T19:39:31.170+0000] {logging_mixin.py:154} INFO - [2023-11-20T19:39:31.170+0000] {dag.py:3722} INFO - Setting next_dagrun for example_skip_dag to 2023-11-19T19:39:31.169835+00:00, run_after=2023-11-20T19:39:31.169835+00:00
[2023-11-20T19:39:31.206+0000] {processor.py:179} INFO - Processing /home/airflow/.local/lib/python3.8/site-packages/airflow/example_dags/example_skip_dag.py took 0.148 seconds
[2023-11-20T19:40:01.572+0000] {processor.py:157} INFO - Started process (PID=476) to work on /home/airflow/.local/lib/python3.8/site-packages/airflow/example_dags/example_skip_dag.py
[2023-11-20T19:40:01.574+0000] {processor.py:829} INFO - Processing file /home/airflow/.local/lib/python3.8/site-packages/airflow/example_dags/example_skip_dag.py for tasks to queue
[2023-11-20T19:40:01.578+0000] {logging_mixin.py:154} INFO - [2023-11-20T19:40:01.578+0000] {dagbag.py:536} INFO - Filling up the DagBag from /home/airflow/.local/lib/python3.8/site-packages/airflow/example_dags/example_skip_dag.py
[2023-11-20T19:40:01.589+0000] {processor.py:839} INFO - DAG(s) dict_keys(['example_skip_dag']) retrieved from /home/airflow/.local/lib/python3.8/site-packages/airflow/example_dags/example_skip_dag.py
[2023-11-20T19:40:01.646+0000] {logging_mixin.py:154} INFO - [2023-11-20T19:40:01.646+0000] {dag.py:2941} INFO - Sync 1 DAGs
[2023-11-20T19:40:01.748+0000] {logging_mixin.py:154} INFO - [2023-11-20T19:40:01.747+0000] {dag.py:3722} INFO - Setting next_dagrun for example_skip_dag to 2023-11-19T19:40:01.747605+00:00, run_after=2023-11-20T19:40:01.747605+00:00
[2023-11-20T19:40:01.797+0000] {processor.py:179} INFO - Processing /home/airflow/.local/lib/python3.8/site-packages/airflow/example_dags/example_skip_dag.py took 0.229 seconds
[2023-11-20T19:40:32.373+0000] {processor.py:157} INFO - Started process (PID=530) to work on /home/airflow/.local/lib/python3.8/site-packages/airflow/example_dags/example_skip_dag.py
[2023-11-20T19:40:32.378+0000] {processor.py:829} INFO - Processing file /home/airflow/.local/lib/python3.8/site-packages/airflow/example_dags/example_skip_dag.py for tasks to queue
[2023-11-20T19:40:32.383+0000] {logging_mixin.py:154} INFO - [2023-11-20T19:40:32.382+0000] {dagbag.py:536} INFO - Filling up the DagBag from /home/airflow/.local/lib/python3.8/site-packages/airflow/example_dags/example_skip_dag.py
[2023-11-20T19:40:32.392+0000] {processor.py:839} INFO - DAG(s) dict_keys(['example_skip_dag']) retrieved from /home/airflow/.local/lib/python3.8/site-packages/airflow/example_dags/example_skip_dag.py
[2023-11-20T19:40:32.429+0000] {logging_mixin.py:154} INFO - [2023-11-20T19:40:32.429+0000] {dag.py:2941} INFO - Sync 1 DAGs
[2023-11-20T19:40:32.484+0000] {logging_mixin.py:154} INFO - [2023-11-20T19:40:32.484+0000] {dag.py:3722} INFO - Setting next_dagrun for example_skip_dag to 2023-11-19T19:40:32.483253+00:00, run_after=2023-11-20T19:40:32.483253+00:00
[2023-11-20T19:40:32.528+0000] {processor.py:179} INFO - Processing /home/airflow/.local/lib/python3.8/site-packages/airflow/example_dags/example_skip_dag.py took 0.160 seconds
[2023-11-20T19:41:03.084+0000] {processor.py:157} INFO - Started process (PID=583) to work on /home/airflow/.local/lib/python3.8/site-packages/airflow/example_dags/example_skip_dag.py
[2023-11-20T19:41:03.085+0000] {processor.py:829} INFO - Processing file /home/airflow/.local/lib/python3.8/site-packages/airflow/example_dags/example_skip_dag.py for tasks to queue
[2023-11-20T19:41:03.088+0000] {logging_mixin.py:154} INFO - [2023-11-20T19:41:03.088+0000] {dagbag.py:536} INFO - Filling up the DagBag from /home/airflow/.local/lib/python3.8/site-packages/airflow/example_dags/example_skip_dag.py
[2023-11-20T19:41:03.106+0000] {processor.py:839} INFO - DAG(s) dict_keys(['example_skip_dag']) retrieved from /home/airflow/.local/lib/python3.8/site-packages/airflow/example_dags/example_skip_dag.py
[2023-11-20T19:41:03.134+0000] {logging_mixin.py:154} INFO - [2023-11-20T19:41:03.134+0000] {dag.py:2941} INFO - Sync 1 DAGs
[2023-11-20T19:41:03.164+0000] {logging_mixin.py:154} INFO - [2023-11-20T19:41:03.163+0000] {dag.py:3722} INFO - Setting next_dagrun for example_skip_dag to 2023-11-19T19:41:03.163542+00:00, run_after=2023-11-20T19:41:03.163542+00:00
[2023-11-20T19:41:03.191+0000] {processor.py:179} INFO - Processing /home/airflow/.local/lib/python3.8/site-packages/airflow/example_dags/example_skip_dag.py took 0.112 seconds
[2023-11-20T19:41:33.844+0000] {processor.py:157} INFO - Started process (PID=637) to work on /home/airflow/.local/lib/python3.8/site-packages/airflow/example_dags/example_skip_dag.py
[2023-11-20T19:41:33.847+0000] {processor.py:829} INFO - Processing file /home/airflow/.local/lib/python3.8/site-packages/airflow/example_dags/example_skip_dag.py for tasks to queue
[2023-11-20T19:41:33.853+0000] {logging_mixin.py:154} INFO - [2023-11-20T19:41:33.853+0000] {dagbag.py:536} INFO - Filling up the DagBag from /home/airflow/.local/lib/python3.8/site-packages/airflow/example_dags/example_skip_dag.py
[2023-11-20T19:41:33.870+0000] {processor.py:839} INFO - DAG(s) dict_keys(['example_skip_dag']) retrieved from /home/airflow/.local/lib/python3.8/site-packages/airflow/example_dags/example_skip_dag.py
[2023-11-20T19:41:33.921+0000] {logging_mixin.py:154} INFO - [2023-11-20T19:41:33.921+0000] {dag.py:2941} INFO - Sync 1 DAGs
[2023-11-20T19:41:33.965+0000] {logging_mixin.py:154} INFO - [2023-11-20T19:41:33.965+0000] {dag.py:3722} INFO - Setting next_dagrun for example_skip_dag to 2023-11-19T19:41:33.964482+00:00, run_after=2023-11-20T19:41:33.964482+00:00
[2023-11-20T19:41:34.005+0000] {processor.py:179} INFO - Processing /home/airflow/.local/lib/python3.8/site-packages/airflow/example_dags/example_skip_dag.py took 0.181 seconds
[2023-11-20T19:42:04.711+0000] {processor.py:157} INFO - Started process (PID=691) to work on /home/airflow/.local/lib/python3.8/site-packages/airflow/example_dags/example_skip_dag.py
[2023-11-20T19:42:04.713+0000] {processor.py:829} INFO - Processing file /home/airflow/.local/lib/python3.8/site-packages/airflow/example_dags/example_skip_dag.py for tasks to queue
[2023-11-20T19:42:04.717+0000] {logging_mixin.py:154} INFO - [2023-11-20T19:42:04.716+0000] {dagbag.py:536} INFO - Filling up the DagBag from /home/airflow/.local/lib/python3.8/site-packages/airflow/example_dags/example_skip_dag.py
[2023-11-20T19:42:04.725+0000] {processor.py:839} INFO - DAG(s) dict_keys(['example_skip_dag']) retrieved from /home/airflow/.local/lib/python3.8/site-packages/airflow/example_dags/example_skip_dag.py
[2023-11-20T19:42:04.753+0000] {logging_mixin.py:154} INFO - [2023-11-20T19:42:04.752+0000] {dag.py:2941} INFO - Sync 1 DAGs
[2023-11-20T19:42:04.783+0000] {logging_mixin.py:154} INFO - [2023-11-20T19:42:04.783+0000] {dag.py:3722} INFO - Setting next_dagrun for example_skip_dag to 2023-11-19T19:42:04.782997+00:00, run_after=2023-11-20T19:42:04.782997+00:00
[2023-11-20T19:42:04.814+0000] {processor.py:179} INFO - Processing /home/airflow/.local/lib/python3.8/site-packages/airflow/example_dags/example_skip_dag.py took 0.108 seconds
[2023-11-20T19:42:34.881+0000] {processor.py:157} INFO - Started process (PID=745) to work on /home/airflow/.local/lib/python3.8/site-packages/airflow/example_dags/example_skip_dag.py
[2023-11-20T19:42:34.886+0000] {processor.py:829} INFO - Processing file /home/airflow/.local/lib/python3.8/site-packages/airflow/example_dags/example_skip_dag.py for tasks to queue
[2023-11-20T19:42:34.891+0000] {logging_mixin.py:154} INFO - [2023-11-20T19:42:34.890+0000] {dagbag.py:536} INFO - Filling up the DagBag from /home/airflow/.local/lib/python3.8/site-packages/airflow/example_dags/example_skip_dag.py
[2023-11-20T19:42:34.918+0000] {processor.py:839} INFO - DAG(s) dict_keys(['example_skip_dag']) retrieved from /home/airflow/.local/lib/python3.8/site-packages/airflow/example_dags/example_skip_dag.py
[2023-11-20T19:42:34.978+0000] {logging_mixin.py:154} INFO - [2023-11-20T19:42:34.977+0000] {dag.py:2941} INFO - Sync 1 DAGs
[2023-11-20T19:42:35.015+0000] {logging_mixin.py:154} INFO - [2023-11-20T19:42:35.015+0000] {dag.py:3722} INFO - Setting next_dagrun for example_skip_dag to 2023-11-19T19:42:35.015348+00:00, run_after=2023-11-20T19:42:35.015348+00:00
[2023-11-20T19:42:35.049+0000] {processor.py:179} INFO - Processing /home/airflow/.local/lib/python3.8/site-packages/airflow/example_dags/example_skip_dag.py took 0.178 seconds
[2023-11-20T19:43:05.894+0000] {processor.py:157} INFO - Started process (PID=799) to work on /home/airflow/.local/lib/python3.8/site-packages/airflow/example_dags/example_skip_dag.py
[2023-11-20T19:43:05.897+0000] {processor.py:829} INFO - Processing file /home/airflow/.local/lib/python3.8/site-packages/airflow/example_dags/example_skip_dag.py for tasks to queue
[2023-11-20T19:43:05.901+0000] {logging_mixin.py:154} INFO - [2023-11-20T19:43:05.900+0000] {dagbag.py:536} INFO - Filling up the DagBag from /home/airflow/.local/lib/python3.8/site-packages/airflow/example_dags/example_skip_dag.py
[2023-11-20T19:43:05.910+0000] {processor.py:839} INFO - DAG(s) dict_keys(['example_skip_dag']) retrieved from /home/airflow/.local/lib/python3.8/site-packages/airflow/example_dags/example_skip_dag.py
[2023-11-20T19:43:05.937+0000] {logging_mixin.py:154} INFO - [2023-11-20T19:43:05.937+0000] {dag.py:2941} INFO - Sync 1 DAGs
[2023-11-20T19:43:05.965+0000] {logging_mixin.py:154} INFO - [2023-11-20T19:43:05.965+0000] {dag.py:3722} INFO - Setting next_dagrun for example_skip_dag to 2023-11-19T19:43:05.964968+00:00, run_after=2023-11-20T19:43:05.964968+00:00
[2023-11-20T19:43:05.992+0000] {processor.py:179} INFO - Processing /home/airflow/.local/lib/python3.8/site-packages/airflow/example_dags/example_skip_dag.py took 0.103 seconds
[2023-11-20T19:43:36.091+0000] {processor.py:157} INFO - Started process (PID=853) to work on /home/airflow/.local/lib/python3.8/site-packages/airflow/example_dags/example_skip_dag.py
[2023-11-20T19:43:36.093+0000] {processor.py:829} INFO - Processing file /home/airflow/.local/lib/python3.8/site-packages/airflow/example_dags/example_skip_dag.py for tasks to queue
[2023-11-20T19:43:36.096+0000] {logging_mixin.py:154} INFO - [2023-11-20T19:43:36.095+0000] {dagbag.py:536} INFO - Filling up the DagBag from /home/airflow/.local/lib/python3.8/site-packages/airflow/example_dags/example_skip_dag.py
[2023-11-20T19:43:36.105+0000] {processor.py:839} INFO - DAG(s) dict_keys(['example_skip_dag']) retrieved from /home/airflow/.local/lib/python3.8/site-packages/airflow/example_dags/example_skip_dag.py
[2023-11-20T19:43:36.133+0000] {logging_mixin.py:154} INFO - [2023-11-20T19:43:36.133+0000] {dag.py:2941} INFO - Sync 1 DAGs
[2023-11-20T19:43:36.162+0000] {logging_mixin.py:154} INFO - [2023-11-20T19:43:36.162+0000] {dag.py:3722} INFO - Setting next_dagrun for example_skip_dag to 2023-11-19T19:43:36.161988+00:00, run_after=2023-11-20T19:43:36.161988+00:00
[2023-11-20T19:43:36.187+0000] {processor.py:179} INFO - Processing /home/airflow/.local/lib/python3.8/site-packages/airflow/example_dags/example_skip_dag.py took 0.100 seconds
[2023-11-20T19:44:06.378+0000] {processor.py:157} INFO - Started process (PID=907) to work on /home/airflow/.local/lib/python3.8/site-packages/airflow/example_dags/example_skip_dag.py
[2023-11-20T19:44:06.380+0000] {processor.py:829} INFO - Processing file /home/airflow/.local/lib/python3.8/site-packages/airflow/example_dags/example_skip_dag.py for tasks to queue
[2023-11-20T19:44:06.394+0000] {logging_mixin.py:154} INFO - [2023-11-20T19:44:06.393+0000] {dagbag.py:536} INFO - Filling up the DagBag from /home/airflow/.local/lib/python3.8/site-packages/airflow/example_dags/example_skip_dag.py
[2023-11-20T19:44:06.415+0000] {processor.py:839} INFO - DAG(s) dict_keys(['example_skip_dag']) retrieved from /home/airflow/.local/lib/python3.8/site-packages/airflow/example_dags/example_skip_dag.py
[2023-11-20T19:44:06.477+0000] {logging_mixin.py:154} INFO - [2023-11-20T19:44:06.477+0000] {dag.py:2941} INFO - Sync 1 DAGs
[2023-11-20T19:44:06.551+0000] {logging_mixin.py:154} INFO - [2023-11-20T19:44:06.550+0000] {dag.py:3722} INFO - Setting next_dagrun for example_skip_dag to 2023-11-19T19:44:06.549927+00:00, run_after=2023-11-20T19:44:06.549927+00:00
[2023-11-20T19:44:06.838+0000] {processor.py:179} INFO - Processing /home/airflow/.local/lib/python3.8/site-packages/airflow/example_dags/example_skip_dag.py took 0.469 seconds
[2023-11-20T19:44:37.567+0000] {processor.py:157} INFO - Started process (PID=961) to work on /home/airflow/.local/lib/python3.8/site-packages/airflow/example_dags/example_skip_dag.py
[2023-11-20T19:44:37.569+0000] {processor.py:829} INFO - Processing file /home/airflow/.local/lib/python3.8/site-packages/airflow/example_dags/example_skip_dag.py for tasks to queue
[2023-11-20T19:44:37.574+0000] {logging_mixin.py:154} INFO - [2023-11-20T19:44:37.572+0000] {dagbag.py:536} INFO - Filling up the DagBag from /home/airflow/.local/lib/python3.8/site-packages/airflow/example_dags/example_skip_dag.py
[2023-11-20T19:44:37.593+0000] {processor.py:839} INFO - DAG(s) dict_keys(['example_skip_dag']) retrieved from /home/airflow/.local/lib/python3.8/site-packages/airflow/example_dags/example_skip_dag.py
[2023-11-20T19:44:37.644+0000] {logging_mixin.py:154} INFO - [2023-11-20T19:44:37.644+0000] {dag.py:2941} INFO - Sync 1 DAGs
[2023-11-20T19:44:37.689+0000] {logging_mixin.py:154} INFO - [2023-11-20T19:44:37.689+0000] {dag.py:3722} INFO - Setting next_dagrun for example_skip_dag to 2023-11-19T19:44:37.689371+00:00, run_after=2023-11-20T19:44:37.689371+00:00
[2023-11-20T19:44:37.719+0000] {processor.py:179} INFO - Processing /home/airflow/.local/lib/python3.8/site-packages/airflow/example_dags/example_skip_dag.py took 0.164 seconds
[2023-11-20T19:45:12.969+0000] {processor.py:157} INFO - Started process (PID=1015) to work on /home/airflow/.local/lib/python3.8/site-packages/airflow/example_dags/example_skip_dag.py
[2023-11-20T19:45:12.974+0000] {processor.py:829} INFO - Processing file /home/airflow/.local/lib/python3.8/site-packages/airflow/example_dags/example_skip_dag.py for tasks to queue
[2023-11-20T19:45:12.982+0000] {logging_mixin.py:154} INFO - [2023-11-20T19:45:12.982+0000] {dagbag.py:536} INFO - Filling up the DagBag from /home/airflow/.local/lib/python3.8/site-packages/airflow/example_dags/example_skip_dag.py
[2023-11-20T19:45:13.024+0000] {processor.py:839} INFO - DAG(s) dict_keys(['example_skip_dag']) retrieved from /home/airflow/.local/lib/python3.8/site-packages/airflow/example_dags/example_skip_dag.py
[2023-11-20T19:45:13.127+0000] {logging_mixin.py:154} INFO - [2023-11-20T19:45:13.127+0000] {dag.py:2941} INFO - Sync 1 DAGs
[2023-11-20T19:45:13.216+0000] {logging_mixin.py:154} INFO - [2023-11-20T19:45:13.216+0000] {dag.py:3722} INFO - Setting next_dagrun for example_skip_dag to 2023-11-19T19:45:13.215486+00:00, run_after=2023-11-20T19:45:13.215486+00:00
[2023-11-20T19:45:13.278+0000] {processor.py:179} INFO - Processing /home/airflow/.local/lib/python3.8/site-packages/airflow/example_dags/example_skip_dag.py took 0.316 seconds
[2023-11-20T19:45:43.785+0000] {processor.py:157} INFO - Started process (PID=1070) to work on /home/airflow/.local/lib/python3.8/site-packages/airflow/example_dags/example_skip_dag.py
[2023-11-20T19:45:43.786+0000] {processor.py:829} INFO - Processing file /home/airflow/.local/lib/python3.8/site-packages/airflow/example_dags/example_skip_dag.py for tasks to queue
[2023-11-20T19:45:43.791+0000] {logging_mixin.py:154} INFO - [2023-11-20T19:45:43.790+0000] {dagbag.py:536} INFO - Filling up the DagBag from /home/airflow/.local/lib/python3.8/site-packages/airflow/example_dags/example_skip_dag.py
[2023-11-20T19:45:43.804+0000] {processor.py:839} INFO - DAG(s) dict_keys(['example_skip_dag']) retrieved from /home/airflow/.local/lib/python3.8/site-packages/airflow/example_dags/example_skip_dag.py
[2023-11-20T19:45:43.845+0000] {logging_mixin.py:154} INFO - [2023-11-20T19:45:43.845+0000] {dag.py:2941} INFO - Sync 1 DAGs
[2023-11-20T19:45:43.880+0000] {logging_mixin.py:154} INFO - [2023-11-20T19:45:43.880+0000] {dag.py:3722} INFO - Setting next_dagrun for example_skip_dag to 2023-11-19T19:45:43.879985+00:00, run_after=2023-11-20T19:45:43.879985+00:00
[2023-11-20T19:45:44.123+0000] {processor.py:179} INFO - Processing /home/airflow/.local/lib/python3.8/site-packages/airflow/example_dags/example_skip_dag.py took 0.345 seconds
[2023-11-20T19:46:14.520+0000] {processor.py:157} INFO - Started process (PID=1123) to work on /home/airflow/.local/lib/python3.8/site-packages/airflow/example_dags/example_skip_dag.py
[2023-11-20T19:46:14.529+0000] {processor.py:829} INFO - Processing file /home/airflow/.local/lib/python3.8/site-packages/airflow/example_dags/example_skip_dag.py for tasks to queue
[2023-11-20T19:46:14.544+0000] {logging_mixin.py:154} INFO - [2023-11-20T19:46:14.543+0000] {dagbag.py:536} INFO - Filling up the DagBag from /home/airflow/.local/lib/python3.8/site-packages/airflow/example_dags/example_skip_dag.py
[2023-11-20T19:46:14.577+0000] {processor.py:839} INFO - DAG(s) dict_keys(['example_skip_dag']) retrieved from /home/airflow/.local/lib/python3.8/site-packages/airflow/example_dags/example_skip_dag.py
[2023-11-20T19:46:14.618+0000] {logging_mixin.py:154} INFO - [2023-11-20T19:46:14.618+0000] {dag.py:2941} INFO - Sync 1 DAGs
[2023-11-20T19:46:14.669+0000] {logging_mixin.py:154} INFO - [2023-11-20T19:46:14.669+0000] {dag.py:3722} INFO - Setting next_dagrun for example_skip_dag to 2023-11-19T19:46:14.668885+00:00, run_after=2023-11-20T19:46:14.668885+00:00
[2023-11-20T19:46:14.703+0000] {processor.py:179} INFO - Processing /home/airflow/.local/lib/python3.8/site-packages/airflow/example_dags/example_skip_dag.py took 0.187 seconds
[2023-11-20T19:46:46.541+0000] {processor.py:157} INFO - Started process (PID=1176) to work on /home/airflow/.local/lib/python3.8/site-packages/airflow/example_dags/example_skip_dag.py
[2023-11-20T19:46:46.554+0000] {processor.py:829} INFO - Processing file /home/airflow/.local/lib/python3.8/site-packages/airflow/example_dags/example_skip_dag.py for tasks to queue
[2023-11-20T19:46:46.578+0000] {logging_mixin.py:154} INFO - [2023-11-20T19:46:46.578+0000] {dagbag.py:536} INFO - Filling up the DagBag from /home/airflow/.local/lib/python3.8/site-packages/airflow/example_dags/example_skip_dag.py
[2023-11-20T19:46:46.640+0000] {processor.py:839} INFO - DAG(s) dict_keys(['example_skip_dag']) retrieved from /home/airflow/.local/lib/python3.8/site-packages/airflow/example_dags/example_skip_dag.py
[2023-11-20T19:46:46.763+0000] {logging_mixin.py:154} INFO - [2023-11-20T19:46:46.762+0000] {dag.py:2941} INFO - Sync 1 DAGs
[2023-11-20T19:46:47.463+0000] {logging_mixin.py:154} INFO - [2023-11-20T19:46:47.462+0000] {dag.py:3722} INFO - Setting next_dagrun for example_skip_dag to 2023-11-19T19:46:47.462305+00:00, run_after=2023-11-20T19:46:47.462305+00:00
[2023-11-20T19:46:47.546+0000] {processor.py:179} INFO - Processing /home/airflow/.local/lib/python3.8/site-packages/airflow/example_dags/example_skip_dag.py took 1.021 seconds
[2023-11-20T19:47:17.839+0000] {processor.py:157} INFO - Started process (PID=1230) to work on /home/airflow/.local/lib/python3.8/site-packages/airflow/example_dags/example_skip_dag.py
[2023-11-20T19:47:17.841+0000] {processor.py:829} INFO - Processing file /home/airflow/.local/lib/python3.8/site-packages/airflow/example_dags/example_skip_dag.py for tasks to queue
[2023-11-20T19:47:17.844+0000] {logging_mixin.py:154} INFO - [2023-11-20T19:47:17.844+0000] {dagbag.py:536} INFO - Filling up the DagBag from /home/airflow/.local/lib/python3.8/site-packages/airflow/example_dags/example_skip_dag.py
[2023-11-20T19:47:17.855+0000] {processor.py:839} INFO - DAG(s) dict_keys(['example_skip_dag']) retrieved from /home/airflow/.local/lib/python3.8/site-packages/airflow/example_dags/example_skip_dag.py
[2023-11-20T19:47:17.884+0000] {logging_mixin.py:154} INFO - [2023-11-20T19:47:17.884+0000] {dag.py:2941} INFO - Sync 1 DAGs
[2023-11-20T19:47:17.919+0000] {logging_mixin.py:154} INFO - [2023-11-20T19:47:17.918+0000] {dag.py:3722} INFO - Setting next_dagrun for example_skip_dag to 2023-11-19T19:47:17.918598+00:00, run_after=2023-11-20T19:47:17.918598+00:00
[2023-11-20T19:47:17.956+0000] {processor.py:179} INFO - Processing /home/airflow/.local/lib/python3.8/site-packages/airflow/example_dags/example_skip_dag.py took 0.122 seconds
[2023-11-20T19:47:54.618+0000] {processor.py:157} INFO - Started process (PID=1284) to work on /home/airflow/.local/lib/python3.8/site-packages/airflow/example_dags/example_skip_dag.py
[2023-11-20T19:47:54.626+0000] {processor.py:829} INFO - Processing file /home/airflow/.local/lib/python3.8/site-packages/airflow/example_dags/example_skip_dag.py for tasks to queue
[2023-11-20T19:47:54.716+0000] {logging_mixin.py:154} INFO - [2023-11-20T19:47:54.668+0000] {dagbag.py:536} INFO - Filling up the DagBag from /home/airflow/.local/lib/python3.8/site-packages/airflow/example_dags/example_skip_dag.py
[2023-11-20T19:47:54.877+0000] {processor.py:839} INFO - DAG(s) dict_keys(['example_skip_dag']) retrieved from /home/airflow/.local/lib/python3.8/site-packages/airflow/example_dags/example_skip_dag.py
[2023-11-20T19:47:55.116+0000] {logging_mixin.py:154} INFO - [2023-11-20T19:47:55.115+0000] {dag.py:2941} INFO - Sync 1 DAGs
[2023-11-20T19:47:55.170+0000] {logging_mixin.py:154} INFO - [2023-11-20T19:47:55.170+0000] {dag.py:3722} INFO - Setting next_dagrun for example_skip_dag to 2023-11-19T19:47:55.170053+00:00, run_after=2023-11-20T19:47:55.170053+00:00
[2023-11-20T19:47:55.240+0000] {processor.py:179} INFO - Processing /home/airflow/.local/lib/python3.8/site-packages/airflow/example_dags/example_skip_dag.py took 0.697 seconds
[2023-11-20T19:48:25.801+0000] {processor.py:157} INFO - Started process (PID=1338) to work on /home/airflow/.local/lib/python3.8/site-packages/airflow/example_dags/example_skip_dag.py
[2023-11-20T19:48:25.803+0000] {processor.py:829} INFO - Processing file /home/airflow/.local/lib/python3.8/site-packages/airflow/example_dags/example_skip_dag.py for tasks to queue
[2023-11-20T19:48:25.808+0000] {logging_mixin.py:154} INFO - [2023-11-20T19:48:25.807+0000] {dagbag.py:536} INFO - Filling up the DagBag from /home/airflow/.local/lib/python3.8/site-packages/airflow/example_dags/example_skip_dag.py
[2023-11-20T19:48:25.821+0000] {processor.py:839} INFO - DAG(s) dict_keys(['example_skip_dag']) retrieved from /home/airflow/.local/lib/python3.8/site-packages/airflow/example_dags/example_skip_dag.py
[2023-11-20T19:48:25.856+0000] {logging_mixin.py:154} INFO - [2023-11-20T19:48:25.856+0000] {dag.py:2941} INFO - Sync 1 DAGs
[2023-11-20T19:48:26.129+0000] {logging_mixin.py:154} INFO - [2023-11-20T19:48:26.128+0000] {dag.py:3722} INFO - Setting next_dagrun for example_skip_dag to 2023-11-19T19:48:26.128345+00:00, run_after=2023-11-20T19:48:26.128345+00:00
[2023-11-20T19:48:26.158+0000] {processor.py:179} INFO - Processing /home/airflow/.local/lib/python3.8/site-packages/airflow/example_dags/example_skip_dag.py took 0.363 seconds
