[2023-11-20T19:35:49.216+0000] {processor.py:157} INFO - Started process (PID=42) to work on /home/airflow/.local/lib/python3.8/site-packages/airflow/example_dags/example_sensors.py
[2023-11-20T19:35:49.232+0000] {processor.py:829} INFO - Processing file /home/airflow/.local/lib/python3.8/site-packages/airflow/example_dags/example_sensors.py for tasks to queue
[2023-11-20T19:35:49.247+0000] {logging_mixin.py:154} INFO - [2023-11-20T19:35:49.245+0000] {dagbag.py:536} INFO - Filling up the DagBag from /home/airflow/.local/lib/python3.8/site-packages/airflow/example_dags/example_sensors.py
[2023-11-20T19:35:49.387+0000] {processor.py:839} INFO - DAG(s) dict_keys(['example_sensors']) retrieved from /home/airflow/.local/lib/python3.8/site-packages/airflow/example_dags/example_sensors.py
[2023-11-20T19:35:49.824+0000] {logging_mixin.py:154} INFO - [2023-11-20T19:35:49.824+0000] {dag.py:2941} INFO - Sync 1 DAGs
[2023-11-20T19:35:49.897+0000] {logging_mixin.py:154} INFO - [2023-11-20T19:35:49.897+0000] {dag.py:3722} INFO - Setting next_dagrun for example_sensors to None, run_after=None
[2023-11-20T19:35:49.944+0000] {processor.py:179} INFO - Processing /home/airflow/.local/lib/python3.8/site-packages/airflow/example_dags/example_sensors.py took 0.762 seconds
[2023-11-20T19:36:23.417+0000] {processor.py:157} INFO - Started process (PID=102) to work on /home/airflow/.local/lib/python3.8/site-packages/airflow/example_dags/example_sensors.py
[2023-11-20T19:36:23.420+0000] {processor.py:829} INFO - Processing file /home/airflow/.local/lib/python3.8/site-packages/airflow/example_dags/example_sensors.py for tasks to queue
[2023-11-20T19:36:23.426+0000] {logging_mixin.py:154} INFO - [2023-11-20T19:36:23.426+0000] {dagbag.py:536} INFO - Filling up the DagBag from /home/airflow/.local/lib/python3.8/site-packages/airflow/example_dags/example_sensors.py
[2023-11-20T19:36:23.478+0000] {processor.py:839} INFO - DAG(s) dict_keys(['example_sensors']) retrieved from /home/airflow/.local/lib/python3.8/site-packages/airflow/example_dags/example_sensors.py
[2023-11-20T19:36:23.586+0000] {logging_mixin.py:154} INFO - [2023-11-20T19:36:23.581+0000] {dag.py:2941} INFO - Sync 1 DAGs
[2023-11-20T19:36:23.677+0000] {logging_mixin.py:154} INFO - [2023-11-20T19:36:23.676+0000] {dag.py:3722} INFO - Setting next_dagrun for example_sensors to None, run_after=None
[2023-11-20T19:36:23.737+0000] {processor.py:179} INFO - Processing /home/airflow/.local/lib/python3.8/site-packages/airflow/example_dags/example_sensors.py took 0.339 seconds
[2023-11-20T19:36:54.337+0000] {processor.py:157} INFO - Started process (PID=156) to work on /home/airflow/.local/lib/python3.8/site-packages/airflow/example_dags/example_sensors.py
[2023-11-20T19:36:54.338+0000] {processor.py:829} INFO - Processing file /home/airflow/.local/lib/python3.8/site-packages/airflow/example_dags/example_sensors.py for tasks to queue
[2023-11-20T19:36:54.342+0000] {logging_mixin.py:154} INFO - [2023-11-20T19:36:54.341+0000] {dagbag.py:536} INFO - Filling up the DagBag from /home/airflow/.local/lib/python3.8/site-packages/airflow/example_dags/example_sensors.py
[2023-11-20T19:36:54.354+0000] {processor.py:839} INFO - DAG(s) dict_keys(['example_sensors']) retrieved from /home/airflow/.local/lib/python3.8/site-packages/airflow/example_dags/example_sensors.py
[2023-11-20T19:36:54.401+0000] {logging_mixin.py:154} INFO - [2023-11-20T19:36:54.401+0000] {dag.py:2941} INFO - Sync 1 DAGs
[2023-11-20T19:36:54.423+0000] {logging_mixin.py:154} INFO - [2023-11-20T19:36:54.423+0000] {dag.py:3722} INFO - Setting next_dagrun for example_sensors to None, run_after=None
[2023-11-20T19:36:54.452+0000] {processor.py:179} INFO - Processing /home/airflow/.local/lib/python3.8/site-packages/airflow/example_dags/example_sensors.py took 0.119 seconds
[2023-11-20T19:37:25.319+0000] {processor.py:157} INFO - Started process (PID=209) to work on /home/airflow/.local/lib/python3.8/site-packages/airflow/example_dags/example_sensors.py
[2023-11-20T19:37:25.325+0000] {processor.py:829} INFO - Processing file /home/airflow/.local/lib/python3.8/site-packages/airflow/example_dags/example_sensors.py for tasks to queue
[2023-11-20T19:37:25.340+0000] {logging_mixin.py:154} INFO - [2023-11-20T19:37:25.340+0000] {dagbag.py:536} INFO - Filling up the DagBag from /home/airflow/.local/lib/python3.8/site-packages/airflow/example_dags/example_sensors.py
[2023-11-20T19:37:25.372+0000] {processor.py:839} INFO - DAG(s) dict_keys(['example_sensors']) retrieved from /home/airflow/.local/lib/python3.8/site-packages/airflow/example_dags/example_sensors.py
[2023-11-20T19:37:25.460+0000] {logging_mixin.py:154} INFO - [2023-11-20T19:37:25.459+0000] {dag.py:2941} INFO - Sync 1 DAGs
[2023-11-20T19:37:25.508+0000] {logging_mixin.py:154} INFO - [2023-11-20T19:37:25.508+0000] {dag.py:3722} INFO - Setting next_dagrun for example_sensors to None, run_after=None
[2023-11-20T19:37:25.534+0000] {processor.py:179} INFO - Processing /home/airflow/.local/lib/python3.8/site-packages/airflow/example_dags/example_sensors.py took 0.278 seconds
[2023-11-20T19:37:55.684+0000] {processor.py:157} INFO - Started process (PID=260) to work on /home/airflow/.local/lib/python3.8/site-packages/airflow/example_dags/example_sensors.py
[2023-11-20T19:37:55.686+0000] {processor.py:829} INFO - Processing file /home/airflow/.local/lib/python3.8/site-packages/airflow/example_dags/example_sensors.py for tasks to queue
[2023-11-20T19:37:55.695+0000] {logging_mixin.py:154} INFO - [2023-11-20T19:37:55.694+0000] {dagbag.py:536} INFO - Filling up the DagBag from /home/airflow/.local/lib/python3.8/site-packages/airflow/example_dags/example_sensors.py
[2023-11-20T19:37:55.759+0000] {processor.py:839} INFO - DAG(s) dict_keys(['example_sensors']) retrieved from /home/airflow/.local/lib/python3.8/site-packages/airflow/example_dags/example_sensors.py
[2023-11-20T19:37:55.865+0000] {logging_mixin.py:154} INFO - [2023-11-20T19:37:55.865+0000] {dag.py:2941} INFO - Sync 1 DAGs
[2023-11-20T19:37:55.927+0000] {logging_mixin.py:154} INFO - [2023-11-20T19:37:55.926+0000] {dag.py:3722} INFO - Setting next_dagrun for example_sensors to None, run_after=None
[2023-11-20T19:37:56.007+0000] {processor.py:179} INFO - Processing /home/airflow/.local/lib/python3.8/site-packages/airflow/example_dags/example_sensors.py took 0.343 seconds
[2023-11-20T19:38:26.402+0000] {processor.py:157} INFO - Started process (PID=314) to work on /home/airflow/.local/lib/python3.8/site-packages/airflow/example_dags/example_sensors.py
[2023-11-20T19:38:26.403+0000] {processor.py:829} INFO - Processing file /home/airflow/.local/lib/python3.8/site-packages/airflow/example_dags/example_sensors.py for tasks to queue
[2023-11-20T19:38:26.407+0000] {logging_mixin.py:154} INFO - [2023-11-20T19:38:26.406+0000] {dagbag.py:536} INFO - Filling up the DagBag from /home/airflow/.local/lib/python3.8/site-packages/airflow/example_dags/example_sensors.py
[2023-11-20T19:38:26.420+0000] {processor.py:839} INFO - DAG(s) dict_keys(['example_sensors']) retrieved from /home/airflow/.local/lib/python3.8/site-packages/airflow/example_dags/example_sensors.py
[2023-11-20T19:38:26.474+0000] {logging_mixin.py:154} INFO - [2023-11-20T19:38:26.474+0000] {dag.py:2941} INFO - Sync 1 DAGs
[2023-11-20T19:38:26.509+0000] {logging_mixin.py:154} INFO - [2023-11-20T19:38:26.509+0000] {dag.py:3722} INFO - Setting next_dagrun for example_sensors to None, run_after=None
[2023-11-20T19:38:26.557+0000] {processor.py:179} INFO - Processing /home/airflow/.local/lib/python3.8/site-packages/airflow/example_dags/example_sensors.py took 0.160 seconds
[2023-11-20T19:38:56.768+0000] {processor.py:157} INFO - Started process (PID=367) to work on /home/airflow/.local/lib/python3.8/site-packages/airflow/example_dags/example_sensors.py
[2023-11-20T19:38:56.770+0000] {processor.py:829} INFO - Processing file /home/airflow/.local/lib/python3.8/site-packages/airflow/example_dags/example_sensors.py for tasks to queue
[2023-11-20T19:38:56.780+0000] {logging_mixin.py:154} INFO - [2023-11-20T19:38:56.774+0000] {dagbag.py:536} INFO - Filling up the DagBag from /home/airflow/.local/lib/python3.8/site-packages/airflow/example_dags/example_sensors.py
[2023-11-20T19:38:56.804+0000] {processor.py:839} INFO - DAG(s) dict_keys(['example_sensors']) retrieved from /home/airflow/.local/lib/python3.8/site-packages/airflow/example_dags/example_sensors.py
[2023-11-20T19:38:56.862+0000] {logging_mixin.py:154} INFO - [2023-11-20T19:38:56.862+0000] {dag.py:2941} INFO - Sync 1 DAGs
[2023-11-20T19:38:56.896+0000] {logging_mixin.py:154} INFO - [2023-11-20T19:38:56.896+0000] {dag.py:3722} INFO - Setting next_dagrun for example_sensors to None, run_after=None
[2023-11-20T19:38:56.938+0000] {processor.py:179} INFO - Processing /home/airflow/.local/lib/python3.8/site-packages/airflow/example_dags/example_sensors.py took 0.180 seconds
[2023-11-20T19:39:27.754+0000] {processor.py:157} INFO - Started process (PID=420) to work on /home/airflow/.local/lib/python3.8/site-packages/airflow/example_dags/example_sensors.py
[2023-11-20T19:39:27.781+0000] {processor.py:829} INFO - Processing file /home/airflow/.local/lib/python3.8/site-packages/airflow/example_dags/example_sensors.py for tasks to queue
[2023-11-20T19:39:27.786+0000] {logging_mixin.py:154} INFO - [2023-11-20T19:39:27.785+0000] {dagbag.py:536} INFO - Filling up the DagBag from /home/airflow/.local/lib/python3.8/site-packages/airflow/example_dags/example_sensors.py
[2023-11-20T19:39:27.816+0000] {processor.py:839} INFO - DAG(s) dict_keys(['example_sensors']) retrieved from /home/airflow/.local/lib/python3.8/site-packages/airflow/example_dags/example_sensors.py
[2023-11-20T19:39:27.893+0000] {logging_mixin.py:154} INFO - [2023-11-20T19:39:27.892+0000] {dag.py:2941} INFO - Sync 1 DAGs
[2023-11-20T19:39:27.944+0000] {logging_mixin.py:154} INFO - [2023-11-20T19:39:27.944+0000] {dag.py:3722} INFO - Setting next_dagrun for example_sensors to None, run_after=None
[2023-11-20T19:39:27.995+0000] {processor.py:179} INFO - Processing /home/airflow/.local/lib/python3.8/site-packages/airflow/example_dags/example_sensors.py took 0.246 seconds
[2023-11-20T19:39:58.294+0000] {processor.py:157} INFO - Started process (PID=474) to work on /home/airflow/.local/lib/python3.8/site-packages/airflow/example_dags/example_sensors.py
[2023-11-20T19:39:58.298+0000] {processor.py:829} INFO - Processing file /home/airflow/.local/lib/python3.8/site-packages/airflow/example_dags/example_sensors.py for tasks to queue
[2023-11-20T19:39:58.309+0000] {logging_mixin.py:154} INFO - [2023-11-20T19:39:58.308+0000] {dagbag.py:536} INFO - Filling up the DagBag from /home/airflow/.local/lib/python3.8/site-packages/airflow/example_dags/example_sensors.py
[2023-11-20T19:39:58.328+0000] {processor.py:839} INFO - DAG(s) dict_keys(['example_sensors']) retrieved from /home/airflow/.local/lib/python3.8/site-packages/airflow/example_dags/example_sensors.py
[2023-11-20T19:39:58.399+0000] {logging_mixin.py:154} INFO - [2023-11-20T19:39:58.398+0000] {dag.py:2941} INFO - Sync 1 DAGs
[2023-11-20T19:39:58.437+0000] {logging_mixin.py:154} INFO - [2023-11-20T19:39:58.437+0000] {dag.py:3722} INFO - Setting next_dagrun for example_sensors to None, run_after=None
[2023-11-20T19:39:58.506+0000] {processor.py:179} INFO - Processing /home/airflow/.local/lib/python3.8/site-packages/airflow/example_dags/example_sensors.py took 0.221 seconds
[2023-11-20T19:40:29.072+0000] {processor.py:157} INFO - Started process (PID=528) to work on /home/airflow/.local/lib/python3.8/site-packages/airflow/example_dags/example_sensors.py
[2023-11-20T19:40:29.079+0000] {processor.py:829} INFO - Processing file /home/airflow/.local/lib/python3.8/site-packages/airflow/example_dags/example_sensors.py for tasks to queue
[2023-11-20T19:40:29.085+0000] {logging_mixin.py:154} INFO - [2023-11-20T19:40:29.084+0000] {dagbag.py:536} INFO - Filling up the DagBag from /home/airflow/.local/lib/python3.8/site-packages/airflow/example_dags/example_sensors.py
[2023-11-20T19:40:29.117+0000] {processor.py:839} INFO - DAG(s) dict_keys(['example_sensors']) retrieved from /home/airflow/.local/lib/python3.8/site-packages/airflow/example_dags/example_sensors.py
[2023-11-20T19:40:29.164+0000] {logging_mixin.py:154} INFO - [2023-11-20T19:40:29.163+0000] {dag.py:2941} INFO - Sync 1 DAGs
[2023-11-20T19:40:29.189+0000] {logging_mixin.py:154} INFO - [2023-11-20T19:40:29.189+0000] {dag.py:3722} INFO - Setting next_dagrun for example_sensors to None, run_after=None
[2023-11-20T19:40:29.246+0000] {processor.py:179} INFO - Processing /home/airflow/.local/lib/python3.8/site-packages/airflow/example_dags/example_sensors.py took 0.197 seconds
[2023-11-20T19:40:59.798+0000] {processor.py:157} INFO - Started process (PID=581) to work on /home/airflow/.local/lib/python3.8/site-packages/airflow/example_dags/example_sensors.py
[2023-11-20T19:40:59.808+0000] {processor.py:829} INFO - Processing file /home/airflow/.local/lib/python3.8/site-packages/airflow/example_dags/example_sensors.py for tasks to queue
[2023-11-20T19:40:59.820+0000] {logging_mixin.py:154} INFO - [2023-11-20T19:40:59.819+0000] {dagbag.py:536} INFO - Filling up the DagBag from /home/airflow/.local/lib/python3.8/site-packages/airflow/example_dags/example_sensors.py
[2023-11-20T19:40:59.846+0000] {processor.py:839} INFO - DAG(s) dict_keys(['example_sensors']) retrieved from /home/airflow/.local/lib/python3.8/site-packages/airflow/example_dags/example_sensors.py
[2023-11-20T19:40:59.936+0000] {logging_mixin.py:154} INFO - [2023-11-20T19:40:59.935+0000] {dag.py:2941} INFO - Sync 1 DAGs
[2023-11-20T19:40:59.968+0000] {logging_mixin.py:154} INFO - [2023-11-20T19:40:59.968+0000] {dag.py:3722} INFO - Setting next_dagrun for example_sensors to None, run_after=None
[2023-11-20T19:41:00.022+0000] {processor.py:179} INFO - Processing /home/airflow/.local/lib/python3.8/site-packages/airflow/example_dags/example_sensors.py took 0.240 seconds
[2023-11-20T19:41:30.417+0000] {processor.py:157} INFO - Started process (PID=635) to work on /home/airflow/.local/lib/python3.8/site-packages/airflow/example_dags/example_sensors.py
[2023-11-20T19:41:30.427+0000] {processor.py:829} INFO - Processing file /home/airflow/.local/lib/python3.8/site-packages/airflow/example_dags/example_sensors.py for tasks to queue
[2023-11-20T19:41:30.438+0000] {logging_mixin.py:154} INFO - [2023-11-20T19:41:30.437+0000] {dagbag.py:536} INFO - Filling up the DagBag from /home/airflow/.local/lib/python3.8/site-packages/airflow/example_dags/example_sensors.py
[2023-11-20T19:41:30.476+0000] {processor.py:839} INFO - DAG(s) dict_keys(['example_sensors']) retrieved from /home/airflow/.local/lib/python3.8/site-packages/airflow/example_dags/example_sensors.py
[2023-11-20T19:41:30.577+0000] {logging_mixin.py:154} INFO - [2023-11-20T19:41:30.577+0000] {dag.py:2941} INFO - Sync 1 DAGs
[2023-11-20T19:41:30.630+0000] {logging_mixin.py:154} INFO - [2023-11-20T19:41:30.630+0000] {dag.py:3722} INFO - Setting next_dagrun for example_sensors to None, run_after=None
[2023-11-20T19:41:30.725+0000] {processor.py:179} INFO - Processing /home/airflow/.local/lib/python3.8/site-packages/airflow/example_dags/example_sensors.py took 0.313 seconds
[2023-11-20T19:42:01.485+0000] {processor.py:157} INFO - Started process (PID=689) to work on /home/airflow/.local/lib/python3.8/site-packages/airflow/example_dags/example_sensors.py
[2023-11-20T19:42:01.486+0000] {processor.py:829} INFO - Processing file /home/airflow/.local/lib/python3.8/site-packages/airflow/example_dags/example_sensors.py for tasks to queue
[2023-11-20T19:42:01.489+0000] {logging_mixin.py:154} INFO - [2023-11-20T19:42:01.489+0000] {dagbag.py:536} INFO - Filling up the DagBag from /home/airflow/.local/lib/python3.8/site-packages/airflow/example_dags/example_sensors.py
[2023-11-20T19:42:01.503+0000] {processor.py:839} INFO - DAG(s) dict_keys(['example_sensors']) retrieved from /home/airflow/.local/lib/python3.8/site-packages/airflow/example_dags/example_sensors.py
[2023-11-20T19:42:01.540+0000] {logging_mixin.py:154} INFO - [2023-11-20T19:42:01.540+0000] {dag.py:2941} INFO - Sync 1 DAGs
[2023-11-20T19:42:01.557+0000] {logging_mixin.py:154} INFO - [2023-11-20T19:42:01.557+0000] {dag.py:3722} INFO - Setting next_dagrun for example_sensors to None, run_after=None
[2023-11-20T19:42:01.608+0000] {processor.py:179} INFO - Processing /home/airflow/.local/lib/python3.8/site-packages/airflow/example_dags/example_sensors.py took 0.128 seconds
[2023-11-20T19:42:32.385+0000] {processor.py:157} INFO - Started process (PID=743) to work on /home/airflow/.local/lib/python3.8/site-packages/airflow/example_dags/example_sensors.py
[2023-11-20T19:42:32.388+0000] {processor.py:829} INFO - Processing file /home/airflow/.local/lib/python3.8/site-packages/airflow/example_dags/example_sensors.py for tasks to queue
[2023-11-20T19:42:32.400+0000] {logging_mixin.py:154} INFO - [2023-11-20T19:42:32.400+0000] {dagbag.py:536} INFO - Filling up the DagBag from /home/airflow/.local/lib/python3.8/site-packages/airflow/example_dags/example_sensors.py
[2023-11-20T19:42:32.425+0000] {processor.py:839} INFO - DAG(s) dict_keys(['example_sensors']) retrieved from /home/airflow/.local/lib/python3.8/site-packages/airflow/example_dags/example_sensors.py
[2023-11-20T19:42:32.470+0000] {logging_mixin.py:154} INFO - [2023-11-20T19:42:32.469+0000] {dag.py:2941} INFO - Sync 1 DAGs
[2023-11-20T19:42:32.512+0000] {logging_mixin.py:154} INFO - [2023-11-20T19:42:32.511+0000] {dag.py:3722} INFO - Setting next_dagrun for example_sensors to None, run_after=None
[2023-11-20T19:42:32.567+0000] {processor.py:179} INFO - Processing /home/airflow/.local/lib/python3.8/site-packages/airflow/example_dags/example_sensors.py took 0.191 seconds
[2023-11-20T19:43:02.732+0000] {processor.py:157} INFO - Started process (PID=797) to work on /home/airflow/.local/lib/python3.8/site-packages/airflow/example_dags/example_sensors.py
[2023-11-20T19:43:02.735+0000] {processor.py:829} INFO - Processing file /home/airflow/.local/lib/python3.8/site-packages/airflow/example_dags/example_sensors.py for tasks to queue
[2023-11-20T19:43:02.738+0000] {logging_mixin.py:154} INFO - [2023-11-20T19:43:02.738+0000] {dagbag.py:536} INFO - Filling up the DagBag from /home/airflow/.local/lib/python3.8/site-packages/airflow/example_dags/example_sensors.py
[2023-11-20T19:43:02.751+0000] {processor.py:839} INFO - DAG(s) dict_keys(['example_sensors']) retrieved from /home/airflow/.local/lib/python3.8/site-packages/airflow/example_dags/example_sensors.py
[2023-11-20T19:43:02.786+0000] {logging_mixin.py:154} INFO - [2023-11-20T19:43:02.785+0000] {dag.py:2941} INFO - Sync 1 DAGs
[2023-11-20T19:43:02.802+0000] {logging_mixin.py:154} INFO - [2023-11-20T19:43:02.801+0000] {dag.py:3722} INFO - Setting next_dagrun for example_sensors to None, run_after=None
[2023-11-20T19:43:02.832+0000] {processor.py:179} INFO - Processing /home/airflow/.local/lib/python3.8/site-packages/airflow/example_dags/example_sensors.py took 0.105 seconds
[2023-11-20T19:43:32.936+0000] {processor.py:157} INFO - Started process (PID=851) to work on /home/airflow/.local/lib/python3.8/site-packages/airflow/example_dags/example_sensors.py
[2023-11-20T19:43:32.937+0000] {processor.py:829} INFO - Processing file /home/airflow/.local/lib/python3.8/site-packages/airflow/example_dags/example_sensors.py for tasks to queue
[2023-11-20T19:43:32.941+0000] {logging_mixin.py:154} INFO - [2023-11-20T19:43:32.941+0000] {dagbag.py:536} INFO - Filling up the DagBag from /home/airflow/.local/lib/python3.8/site-packages/airflow/example_dags/example_sensors.py
[2023-11-20T19:43:32.953+0000] {processor.py:839} INFO - DAG(s) dict_keys(['example_sensors']) retrieved from /home/airflow/.local/lib/python3.8/site-packages/airflow/example_dags/example_sensors.py
[2023-11-20T19:43:32.989+0000] {logging_mixin.py:154} INFO - [2023-11-20T19:43:32.988+0000] {dag.py:2941} INFO - Sync 1 DAGs
[2023-11-20T19:43:33.007+0000] {logging_mixin.py:154} INFO - [2023-11-20T19:43:33.007+0000] {dag.py:3722} INFO - Setting next_dagrun for example_sensors to None, run_after=None
[2023-11-20T19:43:33.038+0000] {processor.py:179} INFO - Processing /home/airflow/.local/lib/python3.8/site-packages/airflow/example_dags/example_sensors.py took 0.106 seconds
[2023-11-20T19:44:03.576+0000] {processor.py:157} INFO - Started process (PID=905) to work on /home/airflow/.local/lib/python3.8/site-packages/airflow/example_dags/example_sensors.py
[2023-11-20T19:44:03.584+0000] {processor.py:829} INFO - Processing file /home/airflow/.local/lib/python3.8/site-packages/airflow/example_dags/example_sensors.py for tasks to queue
[2023-11-20T19:44:03.588+0000] {logging_mixin.py:154} INFO - [2023-11-20T19:44:03.588+0000] {dagbag.py:536} INFO - Filling up the DagBag from /home/airflow/.local/lib/python3.8/site-packages/airflow/example_dags/example_sensors.py
[2023-11-20T19:44:03.616+0000] {processor.py:839} INFO - DAG(s) dict_keys(['example_sensors']) retrieved from /home/airflow/.local/lib/python3.8/site-packages/airflow/example_dags/example_sensors.py
[2023-11-20T19:44:03.744+0000] {logging_mixin.py:154} INFO - [2023-11-20T19:44:03.743+0000] {dag.py:2941} INFO - Sync 1 DAGs
[2023-11-20T19:44:03.806+0000] {logging_mixin.py:154} INFO - [2023-11-20T19:44:03.805+0000] {dag.py:3722} INFO - Setting next_dagrun for example_sensors to None, run_after=None
[2023-11-20T19:44:03.890+0000] {processor.py:179} INFO - Processing /home/airflow/.local/lib/python3.8/site-packages/airflow/example_dags/example_sensors.py took 0.326 seconds
[2023-11-20T19:44:34.272+0000] {processor.py:157} INFO - Started process (PID=959) to work on /home/airflow/.local/lib/python3.8/site-packages/airflow/example_dags/example_sensors.py
[2023-11-20T19:44:34.274+0000] {processor.py:829} INFO - Processing file /home/airflow/.local/lib/python3.8/site-packages/airflow/example_dags/example_sensors.py for tasks to queue
[2023-11-20T19:44:34.277+0000] {logging_mixin.py:154} INFO - [2023-11-20T19:44:34.277+0000] {dagbag.py:536} INFO - Filling up the DagBag from /home/airflow/.local/lib/python3.8/site-packages/airflow/example_dags/example_sensors.py
[2023-11-20T19:44:34.303+0000] {processor.py:839} INFO - DAG(s) dict_keys(['example_sensors']) retrieved from /home/airflow/.local/lib/python3.8/site-packages/airflow/example_dags/example_sensors.py
[2023-11-20T19:44:34.370+0000] {logging_mixin.py:154} INFO - [2023-11-20T19:44:34.370+0000] {dag.py:2941} INFO - Sync 1 DAGs
[2023-11-20T19:44:34.399+0000] {logging_mixin.py:154} INFO - [2023-11-20T19:44:34.398+0000] {dag.py:3722} INFO - Setting next_dagrun for example_sensors to None, run_after=None
[2023-11-20T19:44:34.452+0000] {processor.py:179} INFO - Processing /home/airflow/.local/lib/python3.8/site-packages/airflow/example_dags/example_sensors.py took 0.188 seconds
[2023-11-20T19:45:12.489+0000] {processor.py:157} INFO - Started process (PID=1013) to work on /home/airflow/.local/lib/python3.8/site-packages/airflow/example_dags/example_sensors.py
[2023-11-20T19:45:12.493+0000] {processor.py:829} INFO - Processing file /home/airflow/.local/lib/python3.8/site-packages/airflow/example_dags/example_sensors.py for tasks to queue
[2023-11-20T19:45:12.521+0000] {logging_mixin.py:154} INFO - [2023-11-20T19:45:12.519+0000] {dagbag.py:536} INFO - Filling up the DagBag from /home/airflow/.local/lib/python3.8/site-packages/airflow/example_dags/example_sensors.py
[2023-11-20T19:45:12.560+0000] {processor.py:839} INFO - DAG(s) dict_keys(['example_sensors']) retrieved from /home/airflow/.local/lib/python3.8/site-packages/airflow/example_dags/example_sensors.py
[2023-11-20T19:45:12.734+0000] {logging_mixin.py:154} INFO - [2023-11-20T19:45:12.734+0000] {dag.py:2941} INFO - Sync 1 DAGs
[2023-11-20T19:45:12.786+0000] {logging_mixin.py:154} INFO - [2023-11-20T19:45:12.786+0000] {dag.py:3722} INFO - Setting next_dagrun for example_sensors to None, run_after=None
[2023-11-20T19:45:12.887+0000] {processor.py:179} INFO - Processing /home/airflow/.local/lib/python3.8/site-packages/airflow/example_dags/example_sensors.py took 0.424 seconds
[2023-11-20T19:45:43.296+0000] {processor.py:157} INFO - Started process (PID=1068) to work on /home/airflow/.local/lib/python3.8/site-packages/airflow/example_dags/example_sensors.py
[2023-11-20T19:45:43.299+0000] {processor.py:829} INFO - Processing file /home/airflow/.local/lib/python3.8/site-packages/airflow/example_dags/example_sensors.py for tasks to queue
[2023-11-20T19:45:43.304+0000] {logging_mixin.py:154} INFO - [2023-11-20T19:45:43.303+0000] {dagbag.py:536} INFO - Filling up the DagBag from /home/airflow/.local/lib/python3.8/site-packages/airflow/example_dags/example_sensors.py
[2023-11-20T19:45:43.322+0000] {processor.py:839} INFO - DAG(s) dict_keys(['example_sensors']) retrieved from /home/airflow/.local/lib/python3.8/site-packages/airflow/example_dags/example_sensors.py
[2023-11-20T19:45:43.384+0000] {logging_mixin.py:154} INFO - [2023-11-20T19:45:43.384+0000] {dag.py:2941} INFO - Sync 1 DAGs
[2023-11-20T19:45:43.410+0000] {logging_mixin.py:154} INFO - [2023-11-20T19:45:43.410+0000] {dag.py:3722} INFO - Setting next_dagrun for example_sensors to None, run_after=None
[2023-11-20T19:45:43.731+0000] {processor.py:179} INFO - Processing /home/airflow/.local/lib/python3.8/site-packages/airflow/example_dags/example_sensors.py took 0.440 seconds
[2023-11-20T19:46:14.168+0000] {processor.py:157} INFO - Started process (PID=1121) to work on /home/airflow/.local/lib/python3.8/site-packages/airflow/example_dags/example_sensors.py
[2023-11-20T19:46:14.172+0000] {processor.py:829} INFO - Processing file /home/airflow/.local/lib/python3.8/site-packages/airflow/example_dags/example_sensors.py for tasks to queue
[2023-11-20T19:46:14.188+0000] {logging_mixin.py:154} INFO - [2023-11-20T19:46:14.186+0000] {dagbag.py:536} INFO - Filling up the DagBag from /home/airflow/.local/lib/python3.8/site-packages/airflow/example_dags/example_sensors.py
[2023-11-20T19:46:14.227+0000] {processor.py:839} INFO - DAG(s) dict_keys(['example_sensors']) retrieved from /home/airflow/.local/lib/python3.8/site-packages/airflow/example_dags/example_sensors.py
[2023-11-20T19:46:14.324+0000] {logging_mixin.py:154} INFO - [2023-11-20T19:46:14.317+0000] {dag.py:2941} INFO - Sync 1 DAGs
[2023-11-20T19:46:14.372+0000] {logging_mixin.py:154} INFO - [2023-11-20T19:46:14.371+0000] {dag.py:3722} INFO - Setting next_dagrun for example_sensors to None, run_after=None
[2023-11-20T19:46:14.447+0000] {processor.py:179} INFO - Processing /home/airflow/.local/lib/python3.8/site-packages/airflow/example_dags/example_sensors.py took 0.305 seconds
[2023-11-20T19:46:45.062+0000] {processor.py:157} INFO - Started process (PID=1174) to work on /home/airflow/.local/lib/python3.8/site-packages/airflow/example_dags/example_sensors.py
[2023-11-20T19:46:45.067+0000] {processor.py:829} INFO - Processing file /home/airflow/.local/lib/python3.8/site-packages/airflow/example_dags/example_sensors.py for tasks to queue
[2023-11-20T19:46:45.074+0000] {logging_mixin.py:154} INFO - [2023-11-20T19:46:45.073+0000] {dagbag.py:536} INFO - Filling up the DagBag from /home/airflow/.local/lib/python3.8/site-packages/airflow/example_dags/example_sensors.py
[2023-11-20T19:46:45.117+0000] {processor.py:839} INFO - DAG(s) dict_keys(['example_sensors']) retrieved from /home/airflow/.local/lib/python3.8/site-packages/airflow/example_dags/example_sensors.py
[2023-11-20T19:46:45.349+0000] {logging_mixin.py:154} INFO - [2023-11-20T19:46:45.349+0000] {dag.py:2941} INFO - Sync 1 DAGs
[2023-11-20T19:46:46.352+0000] {logging_mixin.py:154} INFO - [2023-11-20T19:46:46.351+0000] {dag.py:3722} INFO - Setting next_dagrun for example_sensors to None, run_after=None
[2023-11-20T19:46:46.424+0000] {processor.py:179} INFO - Processing /home/airflow/.local/lib/python3.8/site-packages/airflow/example_dags/example_sensors.py took 1.378 seconds
[2023-11-20T19:47:16.609+0000] {processor.py:157} INFO - Started process (PID=1228) to work on /home/airflow/.local/lib/python3.8/site-packages/airflow/example_dags/example_sensors.py
[2023-11-20T19:47:16.619+0000] {processor.py:829} INFO - Processing file /home/airflow/.local/lib/python3.8/site-packages/airflow/example_dags/example_sensors.py for tasks to queue
[2023-11-20T19:47:16.623+0000] {logging_mixin.py:154} INFO - [2023-11-20T19:47:16.622+0000] {dagbag.py:536} INFO - Filling up the DagBag from /home/airflow/.local/lib/python3.8/site-packages/airflow/example_dags/example_sensors.py
[2023-11-20T19:47:16.647+0000] {processor.py:839} INFO - DAG(s) dict_keys(['example_sensors']) retrieved from /home/airflow/.local/lib/python3.8/site-packages/airflow/example_dags/example_sensors.py
[2023-11-20T19:47:16.727+0000] {logging_mixin.py:154} INFO - [2023-11-20T19:47:16.726+0000] {dag.py:2941} INFO - Sync 1 DAGs
[2023-11-20T19:47:16.750+0000] {logging_mixin.py:154} INFO - [2023-11-20T19:47:16.750+0000] {dag.py:3722} INFO - Setting next_dagrun for example_sensors to None, run_after=None
[2023-11-20T19:47:16.788+0000] {processor.py:179} INFO - Processing /home/airflow/.local/lib/python3.8/site-packages/airflow/example_dags/example_sensors.py took 0.184 seconds
[2023-11-20T19:47:54.059+0000] {processor.py:157} INFO - Started process (PID=1282) to work on /home/airflow/.local/lib/python3.8/site-packages/airflow/example_dags/example_sensors.py
[2023-11-20T19:47:54.064+0000] {processor.py:829} INFO - Processing file /home/airflow/.local/lib/python3.8/site-packages/airflow/example_dags/example_sensors.py for tasks to queue
[2023-11-20T19:47:54.091+0000] {logging_mixin.py:154} INFO - [2023-11-20T19:47:54.091+0000] {dagbag.py:536} INFO - Filling up the DagBag from /home/airflow/.local/lib/python3.8/site-packages/airflow/example_dags/example_sensors.py
[2023-11-20T19:47:54.139+0000] {processor.py:839} INFO - DAG(s) dict_keys(['example_sensors']) retrieved from /home/airflow/.local/lib/python3.8/site-packages/airflow/example_dags/example_sensors.py
[2023-11-20T19:47:54.261+0000] {logging_mixin.py:154} INFO - [2023-11-20T19:47:54.260+0000] {dag.py:2941} INFO - Sync 1 DAGs
[2023-11-20T19:47:54.338+0000] {logging_mixin.py:154} INFO - [2023-11-20T19:47:54.338+0000] {dag.py:3722} INFO - Setting next_dagrun for example_sensors to None, run_after=None
[2023-11-20T19:47:54.414+0000] {processor.py:179} INFO - Processing /home/airflow/.local/lib/python3.8/site-packages/airflow/example_dags/example_sensors.py took 0.384 seconds
[2023-11-20T19:48:25.433+0000] {processor.py:157} INFO - Started process (PID=1336) to work on /home/airflow/.local/lib/python3.8/site-packages/airflow/example_dags/example_sensors.py
[2023-11-20T19:48:25.435+0000] {processor.py:829} INFO - Processing file /home/airflow/.local/lib/python3.8/site-packages/airflow/example_dags/example_sensors.py for tasks to queue
[2023-11-20T19:48:25.440+0000] {logging_mixin.py:154} INFO - [2023-11-20T19:48:25.439+0000] {dagbag.py:536} INFO - Filling up the DagBag from /home/airflow/.local/lib/python3.8/site-packages/airflow/example_dags/example_sensors.py
[2023-11-20T19:48:25.457+0000] {processor.py:839} INFO - DAG(s) dict_keys(['example_sensors']) retrieved from /home/airflow/.local/lib/python3.8/site-packages/airflow/example_dags/example_sensors.py
[2023-11-20T19:48:25.502+0000] {logging_mixin.py:154} INFO - [2023-11-20T19:48:25.501+0000] {dag.py:2941} INFO - Sync 1 DAGs
[2023-11-20T19:48:25.707+0000] {logging_mixin.py:154} INFO - [2023-11-20T19:48:25.706+0000] {dag.py:3722} INFO - Setting next_dagrun for example_sensors to None, run_after=None
[2023-11-20T19:48:25.748+0000] {processor.py:179} INFO - Processing /home/airflow/.local/lib/python3.8/site-packages/airflow/example_dags/example_sensors.py took 0.320 seconds
