[2023-11-20T19:36:06.906+0000] {processor.py:157} INFO - Started process (PID=82) to work on /home/airflow/.local/lib/python3.8/site-packages/airflow/example_dags/example_datasets.py
[2023-11-20T19:36:06.933+0000] {processor.py:829} INFO - Processing file /home/airflow/.local/lib/python3.8/site-packages/airflow/example_dags/example_datasets.py for tasks to queue
[2023-11-20T19:36:06.955+0000] {logging_mixin.py:154} INFO - [2023-11-20T19:36:06.954+0000] {dagbag.py:536} INFO - Filling up the DagBag from /home/airflow/.local/lib/python3.8/site-packages/airflow/example_dags/example_datasets.py
[2023-11-20T19:36:07.039+0000] {processor.py:839} INFO - DAG(s) dict_keys(['dataset_produces_2', 'dataset_consumes_1_and_2', 'dataset_consumes_unknown_never_scheduled', 'dataset_consumes_1_never_scheduled', 'dataset_produces_1', 'dataset_consumes_1']) retrieved from /home/airflow/.local/lib/python3.8/site-packages/airflow/example_dags/example_datasets.py
[2023-11-20T19:36:07.762+0000] {logging_mixin.py:154} INFO - [2023-11-20T19:36:07.762+0000] {dag.py:2941} INFO - Sync 6 DAGs
[2023-11-20T19:36:08.306+0000] {logging_mixin.py:154} INFO - [2023-11-20T19:36:08.306+0000] {dag.py:3722} INFO - Setting next_dagrun for dataset_consumes_1 to None, run_after=None
[2023-11-20T19:36:08.346+0000] {logging_mixin.py:154} INFO - [2023-11-20T19:36:08.346+0000] {dag.py:3722} INFO - Setting next_dagrun for dataset_consumes_1_and_2 to None, run_after=None
[2023-11-20T19:36:08.352+0000] {logging_mixin.py:154} INFO - [2023-11-20T19:36:08.351+0000] {dag.py:3722} INFO - Setting next_dagrun for dataset_consumes_1_never_scheduled to None, run_after=None
[2023-11-20T19:36:08.360+0000] {logging_mixin.py:154} INFO - [2023-11-20T19:36:08.357+0000] {dag.py:3722} INFO - Setting next_dagrun for dataset_consumes_unknown_never_scheduled to None, run_after=None
[2023-11-20T19:36:08.373+0000] {logging_mixin.py:154} INFO - [2023-11-20T19:36:08.373+0000] {dag.py:3722} INFO - Setting next_dagrun for dataset_produces_1 to 2023-11-19T00:00:00+00:00, run_after=2023-11-20T00:00:00+00:00
[2023-11-20T19:36:08.380+0000] {logging_mixin.py:154} INFO - [2023-11-20T19:36:08.380+0000] {dag.py:3722} INFO - Setting next_dagrun for dataset_produces_2 to None, run_after=None
[2023-11-20T19:36:08.718+0000] {processor.py:179} INFO - Processing /home/airflow/.local/lib/python3.8/site-packages/airflow/example_dags/example_datasets.py took 1.861 seconds
[2023-11-20T19:36:38.808+0000] {processor.py:157} INFO - Started process (PID=135) to work on /home/airflow/.local/lib/python3.8/site-packages/airflow/example_dags/example_datasets.py
[2023-11-20T19:36:38.814+0000] {processor.py:829} INFO - Processing file /home/airflow/.local/lib/python3.8/site-packages/airflow/example_dags/example_datasets.py for tasks to queue
[2023-11-20T19:36:38.823+0000] {logging_mixin.py:154} INFO - [2023-11-20T19:36:38.823+0000] {dagbag.py:536} INFO - Filling up the DagBag from /home/airflow/.local/lib/python3.8/site-packages/airflow/example_dags/example_datasets.py
[2023-11-20T19:36:38.849+0000] {processor.py:839} INFO - DAG(s) dict_keys(['dataset_consumes_unknown_never_scheduled', 'dataset_produces_2', 'dataset_consumes_1', 'dataset_consumes_1_never_scheduled', 'dataset_consumes_1_and_2', 'dataset_produces_1']) retrieved from /home/airflow/.local/lib/python3.8/site-packages/airflow/example_dags/example_datasets.py
[2023-11-20T19:36:38.984+0000] {logging_mixin.py:154} INFO - [2023-11-20T19:36:38.984+0000] {dag.py:2941} INFO - Sync 6 DAGs
[2023-11-20T19:36:39.083+0000] {logging_mixin.py:154} INFO - [2023-11-20T19:36:39.083+0000] {dag.py:3722} INFO - Setting next_dagrun for dataset_consumes_1 to None, run_after=None
[2023-11-20T19:36:39.099+0000] {logging_mixin.py:154} INFO - [2023-11-20T19:36:39.098+0000] {dag.py:3722} INFO - Setting next_dagrun for dataset_consumes_1_and_2 to None, run_after=None
[2023-11-20T19:36:39.111+0000] {logging_mixin.py:154} INFO - [2023-11-20T19:36:39.111+0000] {dag.py:3722} INFO - Setting next_dagrun for dataset_consumes_1_never_scheduled to None, run_after=None
[2023-11-20T19:36:39.147+0000] {logging_mixin.py:154} INFO - [2023-11-20T19:36:39.147+0000] {dag.py:3722} INFO - Setting next_dagrun for dataset_consumes_unknown_never_scheduled to None, run_after=None
[2023-11-20T19:36:39.234+0000] {logging_mixin.py:154} INFO - [2023-11-20T19:36:39.234+0000] {dag.py:3722} INFO - Setting next_dagrun for dataset_produces_1 to 2023-11-19T00:00:00+00:00, run_after=2023-11-20T00:00:00+00:00
[2023-11-20T19:36:39.240+0000] {logging_mixin.py:154} INFO - [2023-11-20T19:36:39.240+0000] {dag.py:3722} INFO - Setting next_dagrun for dataset_produces_2 to None, run_after=None
[2023-11-20T19:36:39.295+0000] {processor.py:179} INFO - Processing /home/airflow/.local/lib/python3.8/site-packages/airflow/example_dags/example_datasets.py took 0.493 seconds
[2023-11-20T19:37:09.403+0000] {processor.py:157} INFO - Started process (PID=189) to work on /home/airflow/.local/lib/python3.8/site-packages/airflow/example_dags/example_datasets.py
[2023-11-20T19:37:09.406+0000] {processor.py:829} INFO - Processing file /home/airflow/.local/lib/python3.8/site-packages/airflow/example_dags/example_datasets.py for tasks to queue
[2023-11-20T19:37:09.421+0000] {logging_mixin.py:154} INFO - [2023-11-20T19:37:09.419+0000] {dagbag.py:536} INFO - Filling up the DagBag from /home/airflow/.local/lib/python3.8/site-packages/airflow/example_dags/example_datasets.py
[2023-11-20T19:37:09.438+0000] {processor.py:839} INFO - DAG(s) dict_keys(['dataset_produces_1', 'dataset_consumes_1_and_2', 'dataset_consumes_1', 'dataset_consumes_1_never_scheduled', 'dataset_consumes_unknown_never_scheduled', 'dataset_produces_2']) retrieved from /home/airflow/.local/lib/python3.8/site-packages/airflow/example_dags/example_datasets.py
[2023-11-20T19:37:09.489+0000] {logging_mixin.py:154} INFO - [2023-11-20T19:37:09.489+0000] {dag.py:2941} INFO - Sync 6 DAGs
[2023-11-20T19:37:09.516+0000] {logging_mixin.py:154} INFO - [2023-11-20T19:37:09.516+0000] {dag.py:3722} INFO - Setting next_dagrun for dataset_consumes_1 to None, run_after=None
[2023-11-20T19:37:09.520+0000] {logging_mixin.py:154} INFO - [2023-11-20T19:37:09.520+0000] {dag.py:3722} INFO - Setting next_dagrun for dataset_consumes_1_and_2 to None, run_after=None
[2023-11-20T19:37:09.522+0000] {logging_mixin.py:154} INFO - [2023-11-20T19:37:09.522+0000] {dag.py:3722} INFO - Setting next_dagrun for dataset_consumes_1_never_scheduled to None, run_after=None
[2023-11-20T19:37:09.524+0000] {logging_mixin.py:154} INFO - [2023-11-20T19:37:09.524+0000] {dag.py:3722} INFO - Setting next_dagrun for dataset_consumes_unknown_never_scheduled to None, run_after=None
[2023-11-20T19:37:09.528+0000] {logging_mixin.py:154} INFO - [2023-11-20T19:37:09.528+0000] {dag.py:3722} INFO - Setting next_dagrun for dataset_produces_1 to 2023-11-19T00:00:00+00:00, run_after=2023-11-20T00:00:00+00:00
[2023-11-20T19:37:09.530+0000] {logging_mixin.py:154} INFO - [2023-11-20T19:37:09.530+0000] {dag.py:3722} INFO - Setting next_dagrun for dataset_produces_2 to None, run_after=None
[2023-11-20T19:37:09.572+0000] {processor.py:179} INFO - Processing /home/airflow/.local/lib/python3.8/site-packages/airflow/example_dags/example_datasets.py took 0.175 seconds
[2023-11-20T19:37:40.067+0000] {processor.py:157} INFO - Started process (PID=242) to work on /home/airflow/.local/lib/python3.8/site-packages/airflow/example_dags/example_datasets.py
[2023-11-20T19:37:40.068+0000] {processor.py:829} INFO - Processing file /home/airflow/.local/lib/python3.8/site-packages/airflow/example_dags/example_datasets.py for tasks to queue
[2023-11-20T19:37:40.071+0000] {logging_mixin.py:154} INFO - [2023-11-20T19:37:40.071+0000] {dagbag.py:536} INFO - Filling up the DagBag from /home/airflow/.local/lib/python3.8/site-packages/airflow/example_dags/example_datasets.py
[2023-11-20T19:37:40.087+0000] {processor.py:839} INFO - DAG(s) dict_keys(['dataset_consumes_1', 'dataset_consumes_1_and_2', 'dataset_produces_1', 'dataset_consumes_1_never_scheduled', 'dataset_produces_2', 'dataset_consumes_unknown_never_scheduled']) retrieved from /home/airflow/.local/lib/python3.8/site-packages/airflow/example_dags/example_datasets.py
[2023-11-20T19:37:40.142+0000] {logging_mixin.py:154} INFO - [2023-11-20T19:37:40.142+0000] {dag.py:2941} INFO - Sync 6 DAGs
[2023-11-20T19:37:40.178+0000] {logging_mixin.py:154} INFO - [2023-11-20T19:37:40.178+0000] {dag.py:3722} INFO - Setting next_dagrun for dataset_consumes_1 to None, run_after=None
[2023-11-20T19:37:40.183+0000] {logging_mixin.py:154} INFO - [2023-11-20T19:37:40.182+0000] {dag.py:3722} INFO - Setting next_dagrun for dataset_consumes_1_and_2 to None, run_after=None
[2023-11-20T19:37:40.187+0000] {logging_mixin.py:154} INFO - [2023-11-20T19:37:40.187+0000] {dag.py:3722} INFO - Setting next_dagrun for dataset_consumes_1_never_scheduled to None, run_after=None
[2023-11-20T19:37:40.190+0000] {logging_mixin.py:154} INFO - [2023-11-20T19:37:40.190+0000] {dag.py:3722} INFO - Setting next_dagrun for dataset_consumes_unknown_never_scheduled to None, run_after=None
[2023-11-20T19:37:40.197+0000] {logging_mixin.py:154} INFO - [2023-11-20T19:37:40.196+0000] {dag.py:3722} INFO - Setting next_dagrun for dataset_produces_1 to 2023-11-19T00:00:00+00:00, run_after=2023-11-20T00:00:00+00:00
[2023-11-20T19:37:40.199+0000] {logging_mixin.py:154} INFO - [2023-11-20T19:37:40.199+0000] {dag.py:3722} INFO - Setting next_dagrun for dataset_produces_2 to None, run_after=None
[2023-11-20T19:37:40.242+0000] {processor.py:179} INFO - Processing /home/airflow/.local/lib/python3.8/site-packages/airflow/example_dags/example_datasets.py took 0.180 seconds
[2023-11-20T19:38:10.586+0000] {processor.py:157} INFO - Started process (PID=295) to work on /home/airflow/.local/lib/python3.8/site-packages/airflow/example_dags/example_datasets.py
[2023-11-20T19:38:10.589+0000] {processor.py:829} INFO - Processing file /home/airflow/.local/lib/python3.8/site-packages/airflow/example_dags/example_datasets.py for tasks to queue
[2023-11-20T19:38:10.594+0000] {logging_mixin.py:154} INFO - [2023-11-20T19:38:10.593+0000] {dagbag.py:536} INFO - Filling up the DagBag from /home/airflow/.local/lib/python3.8/site-packages/airflow/example_dags/example_datasets.py
[2023-11-20T19:38:10.614+0000] {processor.py:839} INFO - DAG(s) dict_keys(['dataset_produces_2', 'dataset_consumes_1', 'dataset_consumes_1_and_2', 'dataset_consumes_1_never_scheduled', 'dataset_produces_1', 'dataset_consumes_unknown_never_scheduled']) retrieved from /home/airflow/.local/lib/python3.8/site-packages/airflow/example_dags/example_datasets.py
[2023-11-20T19:38:10.687+0000] {logging_mixin.py:154} INFO - [2023-11-20T19:38:10.686+0000] {dag.py:2941} INFO - Sync 6 DAGs
[2023-11-20T19:38:10.732+0000] {logging_mixin.py:154} INFO - [2023-11-20T19:38:10.731+0000] {dag.py:3722} INFO - Setting next_dagrun for dataset_consumes_1 to None, run_after=None
[2023-11-20T19:38:10.740+0000] {logging_mixin.py:154} INFO - [2023-11-20T19:38:10.740+0000] {dag.py:3722} INFO - Setting next_dagrun for dataset_consumes_1_and_2 to None, run_after=None
[2023-11-20T19:38:10.743+0000] {logging_mixin.py:154} INFO - [2023-11-20T19:38:10.742+0000] {dag.py:3722} INFO - Setting next_dagrun for dataset_consumes_1_never_scheduled to None, run_after=None
[2023-11-20T19:38:10.745+0000] {logging_mixin.py:154} INFO - [2023-11-20T19:38:10.745+0000] {dag.py:3722} INFO - Setting next_dagrun for dataset_consumes_unknown_never_scheduled to None, run_after=None
[2023-11-20T19:38:10.750+0000] {logging_mixin.py:154} INFO - [2023-11-20T19:38:10.750+0000] {dag.py:3722} INFO - Setting next_dagrun for dataset_produces_1 to 2023-11-19T00:00:00+00:00, run_after=2023-11-20T00:00:00+00:00
[2023-11-20T19:38:10.753+0000] {logging_mixin.py:154} INFO - [2023-11-20T19:38:10.752+0000] {dag.py:3722} INFO - Setting next_dagrun for dataset_produces_2 to None, run_after=None
[2023-11-20T19:38:10.809+0000] {processor.py:179} INFO - Processing /home/airflow/.local/lib/python3.8/site-packages/airflow/example_dags/example_datasets.py took 0.231 seconds
[2023-11-20T19:38:42.046+0000] {processor.py:157} INFO - Started process (PID=349) to work on /home/airflow/.local/lib/python3.8/site-packages/airflow/example_dags/example_datasets.py
[2023-11-20T19:38:42.048+0000] {processor.py:829} INFO - Processing file /home/airflow/.local/lib/python3.8/site-packages/airflow/example_dags/example_datasets.py for tasks to queue
[2023-11-20T19:38:42.058+0000] {logging_mixin.py:154} INFO - [2023-11-20T19:38:42.057+0000] {dagbag.py:536} INFO - Filling up the DagBag from /home/airflow/.local/lib/python3.8/site-packages/airflow/example_dags/example_datasets.py
[2023-11-20T19:38:42.086+0000] {processor.py:839} INFO - DAG(s) dict_keys(['dataset_consumes_1', 'dataset_produces_2', 'dataset_consumes_1_never_scheduled', 'dataset_produces_1', 'dataset_consumes_unknown_never_scheduled', 'dataset_consumes_1_and_2']) retrieved from /home/airflow/.local/lib/python3.8/site-packages/airflow/example_dags/example_datasets.py
[2023-11-20T19:38:42.216+0000] {logging_mixin.py:154} INFO - [2023-11-20T19:38:42.216+0000] {dag.py:2941} INFO - Sync 6 DAGs
[2023-11-20T19:38:42.297+0000] {logging_mixin.py:154} INFO - [2023-11-20T19:38:42.297+0000] {dag.py:3722} INFO - Setting next_dagrun for dataset_consumes_1 to None, run_after=None
[2023-11-20T19:38:42.306+0000] {logging_mixin.py:154} INFO - [2023-11-20T19:38:42.305+0000] {dag.py:3722} INFO - Setting next_dagrun for dataset_consumes_1_and_2 to None, run_after=None
[2023-11-20T19:38:42.309+0000] {logging_mixin.py:154} INFO - [2023-11-20T19:38:42.308+0000] {dag.py:3722} INFO - Setting next_dagrun for dataset_consumes_1_never_scheduled to None, run_after=None
[2023-11-20T19:38:42.317+0000] {logging_mixin.py:154} INFO - [2023-11-20T19:38:42.317+0000] {dag.py:3722} INFO - Setting next_dagrun for dataset_consumes_unknown_never_scheduled to None, run_after=None
[2023-11-20T19:38:42.325+0000] {logging_mixin.py:154} INFO - [2023-11-20T19:38:42.325+0000] {dag.py:3722} INFO - Setting next_dagrun for dataset_produces_1 to 2023-11-19T00:00:00+00:00, run_after=2023-11-20T00:00:00+00:00
[2023-11-20T19:38:42.329+0000] {logging_mixin.py:154} INFO - [2023-11-20T19:38:42.329+0000] {dag.py:3722} INFO - Setting next_dagrun for dataset_produces_2 to None, run_after=None
[2023-11-20T19:38:42.397+0000] {processor.py:179} INFO - Processing /home/airflow/.local/lib/python3.8/site-packages/airflow/example_dags/example_datasets.py took 0.356 seconds
[2023-11-20T19:39:13.904+0000] {processor.py:157} INFO - Started process (PID=403) to work on /home/airflow/.local/lib/python3.8/site-packages/airflow/example_dags/example_datasets.py
[2023-11-20T19:39:13.913+0000] {processor.py:829} INFO - Processing file /home/airflow/.local/lib/python3.8/site-packages/airflow/example_dags/example_datasets.py for tasks to queue
[2023-11-20T19:39:13.924+0000] {logging_mixin.py:154} INFO - [2023-11-20T19:39:13.923+0000] {dagbag.py:536} INFO - Filling up the DagBag from /home/airflow/.local/lib/python3.8/site-packages/airflow/example_dags/example_datasets.py
[2023-11-20T19:39:13.986+0000] {processor.py:839} INFO - DAG(s) dict_keys(['dataset_consumes_1_and_2', 'dataset_produces_1', 'dataset_consumes_1', 'dataset_produces_2', 'dataset_consumes_unknown_never_scheduled', 'dataset_consumes_1_never_scheduled']) retrieved from /home/airflow/.local/lib/python3.8/site-packages/airflow/example_dags/example_datasets.py
[2023-11-20T19:39:14.247+0000] {logging_mixin.py:154} INFO - [2023-11-20T19:39:14.246+0000] {dag.py:2941} INFO - Sync 6 DAGs
[2023-11-20T19:39:14.348+0000] {logging_mixin.py:154} INFO - [2023-11-20T19:39:14.348+0000] {dag.py:3722} INFO - Setting next_dagrun for dataset_consumes_1 to None, run_after=None
[2023-11-20T19:39:14.356+0000] {logging_mixin.py:154} INFO - [2023-11-20T19:39:14.356+0000] {dag.py:3722} INFO - Setting next_dagrun for dataset_consumes_1_and_2 to None, run_after=None
[2023-11-20T19:39:14.362+0000] {logging_mixin.py:154} INFO - [2023-11-20T19:39:14.361+0000] {dag.py:3722} INFO - Setting next_dagrun for dataset_consumes_1_never_scheduled to None, run_after=None
[2023-11-20T19:39:14.370+0000] {logging_mixin.py:154} INFO - [2023-11-20T19:39:14.370+0000] {dag.py:3722} INFO - Setting next_dagrun for dataset_consumes_unknown_never_scheduled to None, run_after=None
[2023-11-20T19:39:14.378+0000] {logging_mixin.py:154} INFO - [2023-11-20T19:39:14.378+0000] {dag.py:3722} INFO - Setting next_dagrun for dataset_produces_1 to 2023-11-19T00:00:00+00:00, run_after=2023-11-20T00:00:00+00:00
[2023-11-20T19:39:14.389+0000] {logging_mixin.py:154} INFO - [2023-11-20T19:39:14.389+0000] {dag.py:3722} INFO - Setting next_dagrun for dataset_produces_2 to None, run_after=None
[2023-11-20T19:39:14.562+0000] {processor.py:179} INFO - Processing /home/airflow/.local/lib/python3.8/site-packages/airflow/example_dags/example_datasets.py took 0.670 seconds
[2023-11-20T19:39:45.436+0000] {processor.py:157} INFO - Started process (PID=456) to work on /home/airflow/.local/lib/python3.8/site-packages/airflow/example_dags/example_datasets.py
[2023-11-20T19:39:45.439+0000] {processor.py:829} INFO - Processing file /home/airflow/.local/lib/python3.8/site-packages/airflow/example_dags/example_datasets.py for tasks to queue
[2023-11-20T19:39:45.448+0000] {logging_mixin.py:154} INFO - [2023-11-20T19:39:45.448+0000] {dagbag.py:536} INFO - Filling up the DagBag from /home/airflow/.local/lib/python3.8/site-packages/airflow/example_dags/example_datasets.py
[2023-11-20T19:39:45.496+0000] {processor.py:839} INFO - DAG(s) dict_keys(['dataset_consumes_1_and_2', 'dataset_consumes_1_never_scheduled', 'dataset_produces_2', 'dataset_produces_1', 'dataset_consumes_unknown_never_scheduled', 'dataset_consumes_1']) retrieved from /home/airflow/.local/lib/python3.8/site-packages/airflow/example_dags/example_datasets.py
[2023-11-20T19:39:45.644+0000] {logging_mixin.py:154} INFO - [2023-11-20T19:39:45.643+0000] {dag.py:2941} INFO - Sync 6 DAGs
[2023-11-20T19:39:45.723+0000] {logging_mixin.py:154} INFO - [2023-11-20T19:39:45.723+0000] {dag.py:3722} INFO - Setting next_dagrun for dataset_consumes_1 to None, run_after=None
[2023-11-20T19:39:45.735+0000] {logging_mixin.py:154} INFO - [2023-11-20T19:39:45.735+0000] {dag.py:3722} INFO - Setting next_dagrun for dataset_consumes_1_and_2 to None, run_after=None
[2023-11-20T19:39:45.743+0000] {logging_mixin.py:154} INFO - [2023-11-20T19:39:45.742+0000] {dag.py:3722} INFO - Setting next_dagrun for dataset_consumes_1_never_scheduled to None, run_after=None
[2023-11-20T19:39:45.745+0000] {logging_mixin.py:154} INFO - [2023-11-20T19:39:45.745+0000] {dag.py:3722} INFO - Setting next_dagrun for dataset_consumes_unknown_never_scheduled to None, run_after=None
[2023-11-20T19:39:45.763+0000] {logging_mixin.py:154} INFO - [2023-11-20T19:39:45.763+0000] {dag.py:3722} INFO - Setting next_dagrun for dataset_produces_1 to 2023-11-19T00:00:00+00:00, run_after=2023-11-20T00:00:00+00:00
[2023-11-20T19:39:45.774+0000] {logging_mixin.py:154} INFO - [2023-11-20T19:39:45.774+0000] {dag.py:3722} INFO - Setting next_dagrun for dataset_produces_2 to None, run_after=None
[2023-11-20T19:39:45.900+0000] {processor.py:179} INFO - Processing /home/airflow/.local/lib/python3.8/site-packages/airflow/example_dags/example_datasets.py took 0.484 seconds
[2023-11-20T19:40:16.361+0000] {processor.py:157} INFO - Started process (PID=509) to work on /home/airflow/.local/lib/python3.8/site-packages/airflow/example_dags/example_datasets.py
[2023-11-20T19:40:16.365+0000] {processor.py:829} INFO - Processing file /home/airflow/.local/lib/python3.8/site-packages/airflow/example_dags/example_datasets.py for tasks to queue
[2023-11-20T19:40:16.369+0000] {logging_mixin.py:154} INFO - [2023-11-20T19:40:16.369+0000] {dagbag.py:536} INFO - Filling up the DagBag from /home/airflow/.local/lib/python3.8/site-packages/airflow/example_dags/example_datasets.py
[2023-11-20T19:40:16.396+0000] {processor.py:839} INFO - DAG(s) dict_keys(['dataset_produces_1', 'dataset_produces_2', 'dataset_consumes_1_and_2', 'dataset_consumes_unknown_never_scheduled', 'dataset_consumes_1_never_scheduled', 'dataset_consumes_1']) retrieved from /home/airflow/.local/lib/python3.8/site-packages/airflow/example_dags/example_datasets.py
[2023-11-20T19:40:16.472+0000] {logging_mixin.py:154} INFO - [2023-11-20T19:40:16.472+0000] {dag.py:2941} INFO - Sync 6 DAGs
[2023-11-20T19:40:16.618+0000] {logging_mixin.py:154} INFO - [2023-11-20T19:40:16.618+0000] {dag.py:3722} INFO - Setting next_dagrun for dataset_consumes_1 to None, run_after=None
[2023-11-20T19:40:16.626+0000] {logging_mixin.py:154} INFO - [2023-11-20T19:40:16.626+0000] {dag.py:3722} INFO - Setting next_dagrun for dataset_consumes_1_and_2 to None, run_after=None
[2023-11-20T19:40:16.632+0000] {logging_mixin.py:154} INFO - [2023-11-20T19:40:16.632+0000] {dag.py:3722} INFO - Setting next_dagrun for dataset_consumes_1_never_scheduled to None, run_after=None
[2023-11-20T19:40:16.637+0000] {logging_mixin.py:154} INFO - [2023-11-20T19:40:16.637+0000] {dag.py:3722} INFO - Setting next_dagrun for dataset_consumes_unknown_never_scheduled to None, run_after=None
[2023-11-20T19:40:16.646+0000] {logging_mixin.py:154} INFO - [2023-11-20T19:40:16.645+0000] {dag.py:3722} INFO - Setting next_dagrun for dataset_produces_1 to 2023-11-19T00:00:00+00:00, run_after=2023-11-20T00:00:00+00:00
[2023-11-20T19:40:16.649+0000] {logging_mixin.py:154} INFO - [2023-11-20T19:40:16.649+0000] {dag.py:3722} INFO - Setting next_dagrun for dataset_produces_2 to None, run_after=None
[2023-11-20T19:40:16.785+0000] {processor.py:179} INFO - Processing /home/airflow/.local/lib/python3.8/site-packages/airflow/example_dags/example_datasets.py took 0.432 seconds
[2023-11-20T19:40:46.884+0000] {processor.py:157} INFO - Started process (PID=563) to work on /home/airflow/.local/lib/python3.8/site-packages/airflow/example_dags/example_datasets.py
[2023-11-20T19:40:46.886+0000] {processor.py:829} INFO - Processing file /home/airflow/.local/lib/python3.8/site-packages/airflow/example_dags/example_datasets.py for tasks to queue
[2023-11-20T19:40:46.891+0000] {logging_mixin.py:154} INFO - [2023-11-20T19:40:46.890+0000] {dagbag.py:536} INFO - Filling up the DagBag from /home/airflow/.local/lib/python3.8/site-packages/airflow/example_dags/example_datasets.py
[2023-11-20T19:40:46.919+0000] {processor.py:839} INFO - DAG(s) dict_keys(['dataset_produces_1', 'dataset_consumes_1', 'dataset_consumes_unknown_never_scheduled', 'dataset_produces_2', 'dataset_consumes_1_never_scheduled', 'dataset_consumes_1_and_2']) retrieved from /home/airflow/.local/lib/python3.8/site-packages/airflow/example_dags/example_datasets.py
[2023-11-20T19:40:47.013+0000] {logging_mixin.py:154} INFO - [2023-11-20T19:40:47.012+0000] {dag.py:2941} INFO - Sync 6 DAGs
[2023-11-20T19:40:47.062+0000] {logging_mixin.py:154} INFO - [2023-11-20T19:40:47.062+0000] {dag.py:3722} INFO - Setting next_dagrun for dataset_consumes_1 to None, run_after=None
[2023-11-20T19:40:47.068+0000] {logging_mixin.py:154} INFO - [2023-11-20T19:40:47.068+0000] {dag.py:3722} INFO - Setting next_dagrun for dataset_consumes_1_and_2 to None, run_after=None
[2023-11-20T19:40:47.071+0000] {logging_mixin.py:154} INFO - [2023-11-20T19:40:47.070+0000] {dag.py:3722} INFO - Setting next_dagrun for dataset_consumes_1_never_scheduled to None, run_after=None
[2023-11-20T19:40:47.074+0000] {logging_mixin.py:154} INFO - [2023-11-20T19:40:47.073+0000] {dag.py:3722} INFO - Setting next_dagrun for dataset_consumes_unknown_never_scheduled to None, run_after=None
[2023-11-20T19:40:47.082+0000] {logging_mixin.py:154} INFO - [2023-11-20T19:40:47.082+0000] {dag.py:3722} INFO - Setting next_dagrun for dataset_produces_1 to 2023-11-19T00:00:00+00:00, run_after=2023-11-20T00:00:00+00:00
[2023-11-20T19:40:47.084+0000] {logging_mixin.py:154} INFO - [2023-11-20T19:40:47.084+0000] {dag.py:3722} INFO - Setting next_dagrun for dataset_produces_2 to None, run_after=None
[2023-11-20T19:40:47.140+0000] {processor.py:179} INFO - Processing /home/airflow/.local/lib/python3.8/site-packages/airflow/example_dags/example_datasets.py took 0.266 seconds
[2023-11-20T19:41:17.385+0000] {processor.py:157} INFO - Started process (PID=616) to work on /home/airflow/.local/lib/python3.8/site-packages/airflow/example_dags/example_datasets.py
[2023-11-20T19:41:17.387+0000] {processor.py:829} INFO - Processing file /home/airflow/.local/lib/python3.8/site-packages/airflow/example_dags/example_datasets.py for tasks to queue
[2023-11-20T19:41:17.390+0000] {logging_mixin.py:154} INFO - [2023-11-20T19:41:17.390+0000] {dagbag.py:536} INFO - Filling up the DagBag from /home/airflow/.local/lib/python3.8/site-packages/airflow/example_dags/example_datasets.py
[2023-11-20T19:41:17.405+0000] {processor.py:839} INFO - DAG(s) dict_keys(['dataset_consumes_unknown_never_scheduled', 'dataset_consumes_1_never_scheduled', 'dataset_consumes_1_and_2', 'dataset_consumes_1', 'dataset_produces_1', 'dataset_produces_2']) retrieved from /home/airflow/.local/lib/python3.8/site-packages/airflow/example_dags/example_datasets.py
[2023-11-20T19:41:17.482+0000] {logging_mixin.py:154} INFO - [2023-11-20T19:41:17.482+0000] {dag.py:2941} INFO - Sync 6 DAGs
[2023-11-20T19:41:17.525+0000] {logging_mixin.py:154} INFO - [2023-11-20T19:41:17.525+0000] {dag.py:3722} INFO - Setting next_dagrun for dataset_consumes_1 to None, run_after=None
[2023-11-20T19:41:17.538+0000] {logging_mixin.py:154} INFO - [2023-11-20T19:41:17.538+0000] {dag.py:3722} INFO - Setting next_dagrun for dataset_consumes_1_and_2 to None, run_after=None
[2023-11-20T19:41:17.542+0000] {logging_mixin.py:154} INFO - [2023-11-20T19:41:17.542+0000] {dag.py:3722} INFO - Setting next_dagrun for dataset_consumes_1_never_scheduled to None, run_after=None
[2023-11-20T19:41:17.555+0000] {logging_mixin.py:154} INFO - [2023-11-20T19:41:17.555+0000] {dag.py:3722} INFO - Setting next_dagrun for dataset_consumes_unknown_never_scheduled to None, run_after=None
[2023-11-20T19:41:17.582+0000] {logging_mixin.py:154} INFO - [2023-11-20T19:41:17.581+0000] {dag.py:3722} INFO - Setting next_dagrun for dataset_produces_1 to 2023-11-19T00:00:00+00:00, run_after=2023-11-20T00:00:00+00:00
[2023-11-20T19:41:17.589+0000] {logging_mixin.py:154} INFO - [2023-11-20T19:41:17.589+0000] {dag.py:3722} INFO - Setting next_dagrun for dataset_produces_2 to None, run_after=None
[2023-11-20T19:41:17.740+0000] {processor.py:179} INFO - Processing /home/airflow/.local/lib/python3.8/site-packages/airflow/example_dags/example_datasets.py took 0.360 seconds
[2023-11-20T19:41:48.491+0000] {processor.py:157} INFO - Started process (PID=671) to work on /home/airflow/.local/lib/python3.8/site-packages/airflow/example_dags/example_datasets.py
[2023-11-20T19:41:48.493+0000] {processor.py:829} INFO - Processing file /home/airflow/.local/lib/python3.8/site-packages/airflow/example_dags/example_datasets.py for tasks to queue
[2023-11-20T19:41:48.497+0000] {logging_mixin.py:154} INFO - [2023-11-20T19:41:48.496+0000] {dagbag.py:536} INFO - Filling up the DagBag from /home/airflow/.local/lib/python3.8/site-packages/airflow/example_dags/example_datasets.py
[2023-11-20T19:41:48.516+0000] {processor.py:839} INFO - DAG(s) dict_keys(['dataset_consumes_1_and_2', 'dataset_consumes_1', 'dataset_consumes_unknown_never_scheduled', 'dataset_produces_1', 'dataset_produces_2', 'dataset_consumes_1_never_scheduled']) retrieved from /home/airflow/.local/lib/python3.8/site-packages/airflow/example_dags/example_datasets.py
[2023-11-20T19:41:48.581+0000] {logging_mixin.py:154} INFO - [2023-11-20T19:41:48.581+0000] {dag.py:2941} INFO - Sync 6 DAGs
[2023-11-20T19:41:48.624+0000] {logging_mixin.py:154} INFO - [2023-11-20T19:41:48.623+0000] {dag.py:3722} INFO - Setting next_dagrun for dataset_consumes_1 to None, run_after=None
[2023-11-20T19:41:48.645+0000] {logging_mixin.py:154} INFO - [2023-11-20T19:41:48.644+0000] {dag.py:3722} INFO - Setting next_dagrun for dataset_consumes_1_and_2 to None, run_after=None
[2023-11-20T19:41:48.651+0000] {logging_mixin.py:154} INFO - [2023-11-20T19:41:48.651+0000] {dag.py:3722} INFO - Setting next_dagrun for dataset_consumes_1_never_scheduled to None, run_after=None
[2023-11-20T19:41:48.654+0000] {logging_mixin.py:154} INFO - [2023-11-20T19:41:48.653+0000] {dag.py:3722} INFO - Setting next_dagrun for dataset_consumes_unknown_never_scheduled to None, run_after=None
[2023-11-20T19:41:48.663+0000] {logging_mixin.py:154} INFO - [2023-11-20T19:41:48.663+0000] {dag.py:3722} INFO - Setting next_dagrun for dataset_produces_1 to 2023-11-19T00:00:00+00:00, run_after=2023-11-20T00:00:00+00:00
[2023-11-20T19:41:48.670+0000] {logging_mixin.py:154} INFO - [2023-11-20T19:41:48.669+0000] {dag.py:3722} INFO - Setting next_dagrun for dataset_produces_2 to None, run_after=None
[2023-11-20T19:41:48.766+0000] {processor.py:179} INFO - Processing /home/airflow/.local/lib/python3.8/site-packages/airflow/example_dags/example_datasets.py took 0.279 seconds
[2023-11-20T19:42:19.166+0000] {processor.py:157} INFO - Started process (PID=725) to work on /home/airflow/.local/lib/python3.8/site-packages/airflow/example_dags/example_datasets.py
[2023-11-20T19:42:19.168+0000] {processor.py:829} INFO - Processing file /home/airflow/.local/lib/python3.8/site-packages/airflow/example_dags/example_datasets.py for tasks to queue
[2023-11-20T19:42:19.174+0000] {logging_mixin.py:154} INFO - [2023-11-20T19:42:19.174+0000] {dagbag.py:536} INFO - Filling up the DagBag from /home/airflow/.local/lib/python3.8/site-packages/airflow/example_dags/example_datasets.py
[2023-11-20T19:42:19.205+0000] {processor.py:839} INFO - DAG(s) dict_keys(['dataset_consumes_unknown_never_scheduled', 'dataset_produces_2', 'dataset_produces_1', 'dataset_consumes_1_and_2', 'dataset_consumes_1', 'dataset_consumes_1_never_scheduled']) retrieved from /home/airflow/.local/lib/python3.8/site-packages/airflow/example_dags/example_datasets.py
[2023-11-20T19:42:19.276+0000] {logging_mixin.py:154} INFO - [2023-11-20T19:42:19.276+0000] {dag.py:2941} INFO - Sync 6 DAGs
[2023-11-20T19:42:19.314+0000] {logging_mixin.py:154} INFO - [2023-11-20T19:42:19.313+0000] {dag.py:3722} INFO - Setting next_dagrun for dataset_consumes_1 to None, run_after=None
[2023-11-20T19:42:19.318+0000] {logging_mixin.py:154} INFO - [2023-11-20T19:42:19.318+0000] {dag.py:3722} INFO - Setting next_dagrun for dataset_consumes_1_and_2 to None, run_after=None
[2023-11-20T19:42:19.322+0000] {logging_mixin.py:154} INFO - [2023-11-20T19:42:19.322+0000] {dag.py:3722} INFO - Setting next_dagrun for dataset_consumes_1_never_scheduled to None, run_after=None
[2023-11-20T19:42:19.324+0000] {logging_mixin.py:154} INFO - [2023-11-20T19:42:19.324+0000] {dag.py:3722} INFO - Setting next_dagrun for dataset_consumes_unknown_never_scheduled to None, run_after=None
[2023-11-20T19:42:19.332+0000] {logging_mixin.py:154} INFO - [2023-11-20T19:42:19.332+0000] {dag.py:3722} INFO - Setting next_dagrun for dataset_produces_1 to 2023-11-19T00:00:00+00:00, run_after=2023-11-20T00:00:00+00:00
[2023-11-20T19:42:19.335+0000] {logging_mixin.py:154} INFO - [2023-11-20T19:42:19.335+0000] {dag.py:3722} INFO - Setting next_dagrun for dataset_produces_2 to None, run_after=None
[2023-11-20T19:42:19.404+0000] {processor.py:179} INFO - Processing /home/airflow/.local/lib/python3.8/site-packages/airflow/example_dags/example_datasets.py took 0.246 seconds
[2023-11-20T19:42:50.171+0000] {processor.py:157} INFO - Started process (PID=779) to work on /home/airflow/.local/lib/python3.8/site-packages/airflow/example_dags/example_datasets.py
[2023-11-20T19:42:50.173+0000] {processor.py:829} INFO - Processing file /home/airflow/.local/lib/python3.8/site-packages/airflow/example_dags/example_datasets.py for tasks to queue
[2023-11-20T19:42:50.181+0000] {logging_mixin.py:154} INFO - [2023-11-20T19:42:50.180+0000] {dagbag.py:536} INFO - Filling up the DagBag from /home/airflow/.local/lib/python3.8/site-packages/airflow/example_dags/example_datasets.py
[2023-11-20T19:42:50.214+0000] {processor.py:839} INFO - DAG(s) dict_keys(['dataset_consumes_unknown_never_scheduled', 'dataset_produces_1', 'dataset_produces_2', 'dataset_consumes_1_never_scheduled', 'dataset_consumes_1', 'dataset_consumes_1_and_2']) retrieved from /home/airflow/.local/lib/python3.8/site-packages/airflow/example_dags/example_datasets.py
[2023-11-20T19:42:50.298+0000] {logging_mixin.py:154} INFO - [2023-11-20T19:42:50.298+0000] {dag.py:2941} INFO - Sync 6 DAGs
[2023-11-20T19:42:50.350+0000] {logging_mixin.py:154} INFO - [2023-11-20T19:42:50.350+0000] {dag.py:3722} INFO - Setting next_dagrun for dataset_consumes_1 to None, run_after=None
[2023-11-20T19:42:50.356+0000] {logging_mixin.py:154} INFO - [2023-11-20T19:42:50.355+0000] {dag.py:3722} INFO - Setting next_dagrun for dataset_consumes_1_and_2 to None, run_after=None
[2023-11-20T19:42:50.359+0000] {logging_mixin.py:154} INFO - [2023-11-20T19:42:50.358+0000] {dag.py:3722} INFO - Setting next_dagrun for dataset_consumes_1_never_scheduled to None, run_after=None
[2023-11-20T19:42:50.366+0000] {logging_mixin.py:154} INFO - [2023-11-20T19:42:50.365+0000] {dag.py:3722} INFO - Setting next_dagrun for dataset_consumes_unknown_never_scheduled to None, run_after=None
[2023-11-20T19:42:50.373+0000] {logging_mixin.py:154} INFO - [2023-11-20T19:42:50.372+0000] {dag.py:3722} INFO - Setting next_dagrun for dataset_produces_1 to 2023-11-19T00:00:00+00:00, run_after=2023-11-20T00:00:00+00:00
[2023-11-20T19:42:50.377+0000] {logging_mixin.py:154} INFO - [2023-11-20T19:42:50.375+0000] {dag.py:3722} INFO - Setting next_dagrun for dataset_produces_2 to None, run_after=None
[2023-11-20T19:42:50.462+0000] {processor.py:179} INFO - Processing /home/airflow/.local/lib/python3.8/site-packages/airflow/example_dags/example_datasets.py took 0.297 seconds
[2023-11-20T19:43:20.772+0000] {processor.py:157} INFO - Started process (PID=833) to work on /home/airflow/.local/lib/python3.8/site-packages/airflow/example_dags/example_datasets.py
[2023-11-20T19:43:20.780+0000] {processor.py:829} INFO - Processing file /home/airflow/.local/lib/python3.8/site-packages/airflow/example_dags/example_datasets.py for tasks to queue
[2023-11-20T19:43:20.788+0000] {logging_mixin.py:154} INFO - [2023-11-20T19:43:20.788+0000] {dagbag.py:536} INFO - Filling up the DagBag from /home/airflow/.local/lib/python3.8/site-packages/airflow/example_dags/example_datasets.py
[2023-11-20T19:43:20.811+0000] {processor.py:839} INFO - DAG(s) dict_keys(['dataset_consumes_unknown_never_scheduled', 'dataset_consumes_1', 'dataset_consumes_1_never_scheduled', 'dataset_produces_1', 'dataset_produces_2', 'dataset_consumes_1_and_2']) retrieved from /home/airflow/.local/lib/python3.8/site-packages/airflow/example_dags/example_datasets.py
[2023-11-20T19:43:20.870+0000] {logging_mixin.py:154} INFO - [2023-11-20T19:43:20.870+0000] {dag.py:2941} INFO - Sync 6 DAGs
[2023-11-20T19:43:21.500+0000] {logging_mixin.py:154} INFO - [2023-11-20T19:43:21.499+0000] {dag.py:3722} INFO - Setting next_dagrun for dataset_consumes_1 to None, run_after=None
[2023-11-20T19:43:21.518+0000] {logging_mixin.py:154} INFO - [2023-11-20T19:43:21.517+0000] {dag.py:3722} INFO - Setting next_dagrun for dataset_consumes_1_and_2 to None, run_after=None
[2023-11-20T19:43:21.521+0000] {logging_mixin.py:154} INFO - [2023-11-20T19:43:21.520+0000] {dag.py:3722} INFO - Setting next_dagrun for dataset_consumes_1_never_scheduled to None, run_after=None
[2023-11-20T19:43:21.530+0000] {logging_mixin.py:154} INFO - [2023-11-20T19:43:21.530+0000] {dag.py:3722} INFO - Setting next_dagrun for dataset_consumes_unknown_never_scheduled to None, run_after=None
[2023-11-20T19:43:21.549+0000] {logging_mixin.py:154} INFO - [2023-11-20T19:43:21.548+0000] {dag.py:3722} INFO - Setting next_dagrun for dataset_produces_1 to 2023-11-19T00:00:00+00:00, run_after=2023-11-20T00:00:00+00:00
[2023-11-20T19:43:21.556+0000] {logging_mixin.py:154} INFO - [2023-11-20T19:43:21.556+0000] {dag.py:3722} INFO - Setting next_dagrun for dataset_produces_2 to None, run_after=None
[2023-11-20T19:43:21.814+0000] {processor.py:179} INFO - Processing /home/airflow/.local/lib/python3.8/site-packages/airflow/example_dags/example_datasets.py took 1.045 seconds
[2023-11-20T19:43:52.281+0000] {processor.py:157} INFO - Started process (PID=887) to work on /home/airflow/.local/lib/python3.8/site-packages/airflow/example_dags/example_datasets.py
[2023-11-20T19:43:52.290+0000] {processor.py:829} INFO - Processing file /home/airflow/.local/lib/python3.8/site-packages/airflow/example_dags/example_datasets.py for tasks to queue
[2023-11-20T19:43:52.294+0000] {logging_mixin.py:154} INFO - [2023-11-20T19:43:52.294+0000] {dagbag.py:536} INFO - Filling up the DagBag from /home/airflow/.local/lib/python3.8/site-packages/airflow/example_dags/example_datasets.py
[2023-11-20T19:43:52.312+0000] {processor.py:839} INFO - DAG(s) dict_keys(['dataset_consumes_unknown_never_scheduled', 'dataset_produces_1', 'dataset_consumes_1_and_2', 'dataset_produces_2', 'dataset_consumes_1_never_scheduled', 'dataset_consumes_1']) retrieved from /home/airflow/.local/lib/python3.8/site-packages/airflow/example_dags/example_datasets.py
[2023-11-20T19:43:52.386+0000] {logging_mixin.py:154} INFO - [2023-11-20T19:43:52.386+0000] {dag.py:2941} INFO - Sync 6 DAGs
[2023-11-20T19:43:52.435+0000] {logging_mixin.py:154} INFO - [2023-11-20T19:43:52.435+0000] {dag.py:3722} INFO - Setting next_dagrun for dataset_consumes_1 to None, run_after=None
[2023-11-20T19:43:52.440+0000] {logging_mixin.py:154} INFO - [2023-11-20T19:43:52.440+0000] {dag.py:3722} INFO - Setting next_dagrun for dataset_consumes_1_and_2 to None, run_after=None
[2023-11-20T19:43:52.442+0000] {logging_mixin.py:154} INFO - [2023-11-20T19:43:52.442+0000] {dag.py:3722} INFO - Setting next_dagrun for dataset_consumes_1_never_scheduled to None, run_after=None
[2023-11-20T19:43:52.444+0000] {logging_mixin.py:154} INFO - [2023-11-20T19:43:52.444+0000] {dag.py:3722} INFO - Setting next_dagrun for dataset_consumes_unknown_never_scheduled to None, run_after=None
[2023-11-20T19:43:52.450+0000] {logging_mixin.py:154} INFO - [2023-11-20T19:43:52.450+0000] {dag.py:3722} INFO - Setting next_dagrun for dataset_produces_1 to 2023-11-19T00:00:00+00:00, run_after=2023-11-20T00:00:00+00:00
[2023-11-20T19:43:52.452+0000] {logging_mixin.py:154} INFO - [2023-11-20T19:43:52.452+0000] {dag.py:3722} INFO - Setting next_dagrun for dataset_produces_2 to None, run_after=None
[2023-11-20T19:43:52.859+0000] {processor.py:179} INFO - Processing /home/airflow/.local/lib/python3.8/site-packages/airflow/example_dags/example_datasets.py took 0.585 seconds
[2023-11-20T19:44:23.112+0000] {processor.py:157} INFO - Started process (PID=943) to work on /home/airflow/.local/lib/python3.8/site-packages/airflow/example_dags/example_datasets.py
[2023-11-20T19:44:23.119+0000] {processor.py:829} INFO - Processing file /home/airflow/.local/lib/python3.8/site-packages/airflow/example_dags/example_datasets.py for tasks to queue
[2023-11-20T19:44:23.123+0000] {logging_mixin.py:154} INFO - [2023-11-20T19:44:23.122+0000] {dagbag.py:536} INFO - Filling up the DagBag from /home/airflow/.local/lib/python3.8/site-packages/airflow/example_dags/example_datasets.py
[2023-11-20T19:44:23.181+0000] {processor.py:839} INFO - DAG(s) dict_keys(['dataset_consumes_1_never_scheduled', 'dataset_consumes_unknown_never_scheduled', 'dataset_consumes_1', 'dataset_produces_1', 'dataset_consumes_1_and_2', 'dataset_produces_2']) retrieved from /home/airflow/.local/lib/python3.8/site-packages/airflow/example_dags/example_datasets.py
[2023-11-20T19:44:23.325+0000] {logging_mixin.py:154} INFO - [2023-11-20T19:44:23.325+0000] {dag.py:2941} INFO - Sync 6 DAGs
[2023-11-20T19:44:23.387+0000] {logging_mixin.py:154} INFO - [2023-11-20T19:44:23.386+0000] {dag.py:3722} INFO - Setting next_dagrun for dataset_consumes_1 to None, run_after=None
[2023-11-20T19:44:23.394+0000] {logging_mixin.py:154} INFO - [2023-11-20T19:44:23.393+0000] {dag.py:3722} INFO - Setting next_dagrun for dataset_consumes_1_and_2 to None, run_after=None
[2023-11-20T19:44:23.397+0000] {logging_mixin.py:154} INFO - [2023-11-20T19:44:23.397+0000] {dag.py:3722} INFO - Setting next_dagrun for dataset_consumes_1_never_scheduled to None, run_after=None
[2023-11-20T19:44:23.401+0000] {logging_mixin.py:154} INFO - [2023-11-20T19:44:23.401+0000] {dag.py:3722} INFO - Setting next_dagrun for dataset_consumes_unknown_never_scheduled to None, run_after=None
[2023-11-20T19:44:23.411+0000] {logging_mixin.py:154} INFO - [2023-11-20T19:44:23.411+0000] {dag.py:3722} INFO - Setting next_dagrun for dataset_produces_1 to 2023-11-19T00:00:00+00:00, run_after=2023-11-20T00:00:00+00:00
[2023-11-20T19:44:23.414+0000] {logging_mixin.py:154} INFO - [2023-11-20T19:44:23.413+0000] {dag.py:3722} INFO - Setting next_dagrun for dataset_produces_2 to None, run_after=None
[2023-11-20T19:44:23.496+0000] {processor.py:179} INFO - Processing /home/airflow/.local/lib/python3.8/site-packages/airflow/example_dags/example_datasets.py took 0.399 seconds
[2023-11-20T19:44:54.794+0000] {processor.py:157} INFO - Started process (PID=995) to work on /home/airflow/.local/lib/python3.8/site-packages/airflow/example_dags/example_datasets.py
[2023-11-20T19:44:54.822+0000] {processor.py:829} INFO - Processing file /home/airflow/.local/lib/python3.8/site-packages/airflow/example_dags/example_datasets.py for tasks to queue
[2023-11-20T19:44:54.851+0000] {logging_mixin.py:154} INFO - [2023-11-20T19:44:54.850+0000] {dagbag.py:536} INFO - Filling up the DagBag from /home/airflow/.local/lib/python3.8/site-packages/airflow/example_dags/example_datasets.py
[2023-11-20T19:44:54.923+0000] {processor.py:839} INFO - DAG(s) dict_keys(['dataset_produces_2', 'dataset_consumes_unknown_never_scheduled', 'dataset_consumes_1', 'dataset_consumes_1_never_scheduled', 'dataset_produces_1', 'dataset_consumes_1_and_2']) retrieved from /home/airflow/.local/lib/python3.8/site-packages/airflow/example_dags/example_datasets.py
[2023-11-20T19:44:55.074+0000] {logging_mixin.py:154} INFO - [2023-11-20T19:44:55.073+0000] {dag.py:2941} INFO - Sync 6 DAGs
[2023-11-20T19:44:55.683+0000] {logging_mixin.py:154} INFO - [2023-11-20T19:44:55.683+0000] {dag.py:3722} INFO - Setting next_dagrun for dataset_consumes_1 to None, run_after=None
[2023-11-20T19:44:55.707+0000] {logging_mixin.py:154} INFO - [2023-11-20T19:44:55.707+0000] {dag.py:3722} INFO - Setting next_dagrun for dataset_consumes_1_and_2 to None, run_after=None
[2023-11-20T19:44:55.725+0000] {logging_mixin.py:154} INFO - [2023-11-20T19:44:55.725+0000] {dag.py:3722} INFO - Setting next_dagrun for dataset_consumes_1_never_scheduled to None, run_after=None
[2023-11-20T19:44:55.729+0000] {logging_mixin.py:154} INFO - [2023-11-20T19:44:55.728+0000] {dag.py:3722} INFO - Setting next_dagrun for dataset_consumes_unknown_never_scheduled to None, run_after=None
[2023-11-20T19:44:55.750+0000] {logging_mixin.py:154} INFO - [2023-11-20T19:44:55.742+0000] {dag.py:3722} INFO - Setting next_dagrun for dataset_produces_1 to 2023-11-19T00:00:00+00:00, run_after=2023-11-20T00:00:00+00:00
[2023-11-20T19:44:55.760+0000] {logging_mixin.py:154} INFO - [2023-11-20T19:44:55.759+0000] {dag.py:3722} INFO - Setting next_dagrun for dataset_produces_2 to None, run_after=None
[2023-11-20T19:44:56.091+0000] {processor.py:179} INFO - Processing /home/airflow/.local/lib/python3.8/site-packages/airflow/example_dags/example_datasets.py took 1.304 seconds
[2023-11-20T19:45:26.437+0000] {processor.py:157} INFO - Started process (PID=1049) to work on /home/airflow/.local/lib/python3.8/site-packages/airflow/example_dags/example_datasets.py
[2023-11-20T19:45:26.439+0000] {processor.py:829} INFO - Processing file /home/airflow/.local/lib/python3.8/site-packages/airflow/example_dags/example_datasets.py for tasks to queue
[2023-11-20T19:45:26.442+0000] {logging_mixin.py:154} INFO - [2023-11-20T19:45:26.442+0000] {dagbag.py:536} INFO - Filling up the DagBag from /home/airflow/.local/lib/python3.8/site-packages/airflow/example_dags/example_datasets.py
[2023-11-20T19:45:26.459+0000] {processor.py:839} INFO - DAG(s) dict_keys(['dataset_consumes_1_and_2', 'dataset_produces_2', 'dataset_consumes_1_never_scheduled', 'dataset_consumes_unknown_never_scheduled', 'dataset_consumes_1', 'dataset_produces_1']) retrieved from /home/airflow/.local/lib/python3.8/site-packages/airflow/example_dags/example_datasets.py
[2023-11-20T19:45:26.542+0000] {logging_mixin.py:154} INFO - [2023-11-20T19:45:26.542+0000] {dag.py:2941} INFO - Sync 6 DAGs
[2023-11-20T19:45:26.598+0000] {logging_mixin.py:154} INFO - [2023-11-20T19:45:26.598+0000] {dag.py:3722} INFO - Setting next_dagrun for dataset_consumes_1 to None, run_after=None
[2023-11-20T19:45:26.608+0000] {logging_mixin.py:154} INFO - [2023-11-20T19:45:26.608+0000] {dag.py:3722} INFO - Setting next_dagrun for dataset_consumes_1_and_2 to None, run_after=None
[2023-11-20T19:45:26.615+0000] {logging_mixin.py:154} INFO - [2023-11-20T19:45:26.614+0000] {dag.py:3722} INFO - Setting next_dagrun for dataset_consumes_1_never_scheduled to None, run_after=None
[2023-11-20T19:45:26.618+0000] {logging_mixin.py:154} INFO - [2023-11-20T19:45:26.618+0000] {dag.py:3722} INFO - Setting next_dagrun for dataset_consumes_unknown_never_scheduled to None, run_after=None
[2023-11-20T19:45:26.653+0000] {logging_mixin.py:154} INFO - [2023-11-20T19:45:26.639+0000] {dag.py:3722} INFO - Setting next_dagrun for dataset_produces_1 to 2023-11-19T00:00:00+00:00, run_after=2023-11-20T00:00:00+00:00
[2023-11-20T19:45:26.687+0000] {logging_mixin.py:154} INFO - [2023-11-20T19:45:26.685+0000] {dag.py:3722} INFO - Setting next_dagrun for dataset_produces_2 to None, run_after=None
[2023-11-20T19:45:27.103+0000] {processor.py:179} INFO - Processing /home/airflow/.local/lib/python3.8/site-packages/airflow/example_dags/example_datasets.py took 0.672 seconds
[2023-11-20T19:45:57.391+0000] {processor.py:157} INFO - Started process (PID=1104) to work on /home/airflow/.local/lib/python3.8/site-packages/airflow/example_dags/example_datasets.py
[2023-11-20T19:45:57.394+0000] {processor.py:829} INFO - Processing file /home/airflow/.local/lib/python3.8/site-packages/airflow/example_dags/example_datasets.py for tasks to queue
[2023-11-20T19:45:57.399+0000] {logging_mixin.py:154} INFO - [2023-11-20T19:45:57.398+0000] {dagbag.py:536} INFO - Filling up the DagBag from /home/airflow/.local/lib/python3.8/site-packages/airflow/example_dags/example_datasets.py
[2023-11-20T19:45:57.418+0000] {processor.py:839} INFO - DAG(s) dict_keys(['dataset_consumes_1_never_scheduled', 'dataset_consumes_1', 'dataset_produces_1', 'dataset_produces_2', 'dataset_consumes_1_and_2', 'dataset_consumes_unknown_never_scheduled']) retrieved from /home/airflow/.local/lib/python3.8/site-packages/airflow/example_dags/example_datasets.py
[2023-11-20T19:45:57.613+0000] {logging_mixin.py:154} INFO - [2023-11-20T19:45:57.613+0000] {dag.py:2941} INFO - Sync 6 DAGs
[2023-11-20T19:45:57.690+0000] {logging_mixin.py:154} INFO - [2023-11-20T19:45:57.690+0000] {dag.py:3722} INFO - Setting next_dagrun for dataset_consumes_1 to None, run_after=None
[2023-11-20T19:45:57.705+0000] {logging_mixin.py:154} INFO - [2023-11-20T19:45:57.703+0000] {dag.py:3722} INFO - Setting next_dagrun for dataset_consumes_1_and_2 to None, run_after=None
[2023-11-20T19:45:57.714+0000] {logging_mixin.py:154} INFO - [2023-11-20T19:45:57.710+0000] {dag.py:3722} INFO - Setting next_dagrun for dataset_consumes_1_never_scheduled to None, run_after=None
[2023-11-20T19:45:57.722+0000] {logging_mixin.py:154} INFO - [2023-11-20T19:45:57.721+0000] {dag.py:3722} INFO - Setting next_dagrun for dataset_consumes_unknown_never_scheduled to None, run_after=None
[2023-11-20T19:45:57.766+0000] {logging_mixin.py:154} INFO - [2023-11-20T19:45:57.765+0000] {dag.py:3722} INFO - Setting next_dagrun for dataset_produces_1 to 2023-11-19T00:00:00+00:00, run_after=2023-11-20T00:00:00+00:00
[2023-11-20T19:45:57.810+0000] {logging_mixin.py:154} INFO - [2023-11-20T19:45:57.810+0000] {dag.py:3722} INFO - Setting next_dagrun for dataset_produces_2 to None, run_after=None
[2023-11-20T19:45:58.007+0000] {processor.py:179} INFO - Processing /home/airflow/.local/lib/python3.8/site-packages/airflow/example_dags/example_datasets.py took 0.622 seconds
[2023-11-20T19:46:29.994+0000] {processor.py:157} INFO - Started process (PID=1162) to work on /home/airflow/.local/lib/python3.8/site-packages/airflow/example_dags/example_datasets.py
[2023-11-20T19:46:30.005+0000] {processor.py:829} INFO - Processing file /home/airflow/.local/lib/python3.8/site-packages/airflow/example_dags/example_datasets.py for tasks to queue
[2023-11-20T19:46:30.024+0000] {logging_mixin.py:154} INFO - [2023-11-20T19:46:30.023+0000] {dagbag.py:536} INFO - Filling up the DagBag from /home/airflow/.local/lib/python3.8/site-packages/airflow/example_dags/example_datasets.py
[2023-11-20T19:46:30.077+0000] {processor.py:839} INFO - DAG(s) dict_keys(['dataset_consumes_1', 'dataset_consumes_1_and_2', 'dataset_consumes_1_never_scheduled', 'dataset_produces_1', 'dataset_produces_2', 'dataset_consumes_unknown_never_scheduled']) retrieved from /home/airflow/.local/lib/python3.8/site-packages/airflow/example_dags/example_datasets.py
[2023-11-20T19:46:30.274+0000] {logging_mixin.py:154} INFO - [2023-11-20T19:46:30.273+0000] {dag.py:2941} INFO - Sync 6 DAGs
[2023-11-20T19:46:34.480+0000] {logging_mixin.py:154} INFO - [2023-11-20T19:46:34.479+0000] {dag.py:3722} INFO - Setting next_dagrun for dataset_consumes_1 to None, run_after=None
[2023-11-20T19:46:34.550+0000] {logging_mixin.py:154} INFO - [2023-11-20T19:46:34.549+0000] {dag.py:3722} INFO - Setting next_dagrun for dataset_consumes_1_and_2 to None, run_after=None
[2023-11-20T19:46:34.558+0000] {logging_mixin.py:154} INFO - [2023-11-20T19:46:34.554+0000] {dag.py:3722} INFO - Setting next_dagrun for dataset_consumes_1_never_scheduled to None, run_after=None
[2023-11-20T19:46:34.564+0000] {logging_mixin.py:154} INFO - [2023-11-20T19:46:34.564+0000] {dag.py:3722} INFO - Setting next_dagrun for dataset_consumes_unknown_never_scheduled to None, run_after=None
[2023-11-20T19:46:34.579+0000] {logging_mixin.py:154} INFO - [2023-11-20T19:46:34.578+0000] {dag.py:3722} INFO - Setting next_dagrun for dataset_produces_1 to 2023-11-19T00:00:00+00:00, run_after=2023-11-20T00:00:00+00:00
[2023-11-20T19:46:34.588+0000] {logging_mixin.py:154} INFO - [2023-11-20T19:46:34.588+0000] {dag.py:3722} INFO - Setting next_dagrun for dataset_produces_2 to None, run_after=None
[2023-11-20T19:46:34.760+0000] {processor.py:179} INFO - Processing /home/airflow/.local/lib/python3.8/site-packages/airflow/example_dags/example_datasets.py took 4.798 seconds
[2023-11-20T19:47:05.669+0000] {processor.py:157} INFO - Started process (PID=1215) to work on /home/airflow/.local/lib/python3.8/site-packages/airflow/example_dags/example_datasets.py
[2023-11-20T19:47:05.672+0000] {processor.py:829} INFO - Processing file /home/airflow/.local/lib/python3.8/site-packages/airflow/example_dags/example_datasets.py for tasks to queue
[2023-11-20T19:47:05.685+0000] {logging_mixin.py:154} INFO - [2023-11-20T19:47:05.684+0000] {dagbag.py:536} INFO - Filling up the DagBag from /home/airflow/.local/lib/python3.8/site-packages/airflow/example_dags/example_datasets.py
[2023-11-20T19:47:05.830+0000] {processor.py:839} INFO - DAG(s) dict_keys(['dataset_produces_2', 'dataset_consumes_1_never_scheduled', 'dataset_produces_1', 'dataset_consumes_1_and_2', 'dataset_consumes_unknown_never_scheduled', 'dataset_consumes_1']) retrieved from /home/airflow/.local/lib/python3.8/site-packages/airflow/example_dags/example_datasets.py
[2023-11-20T19:47:06.101+0000] {logging_mixin.py:154} INFO - [2023-11-20T19:47:06.101+0000] {dag.py:2941} INFO - Sync 6 DAGs
[2023-11-20T19:47:06.204+0000] {logging_mixin.py:154} INFO - [2023-11-20T19:47:06.204+0000] {dag.py:3722} INFO - Setting next_dagrun for dataset_consumes_1 to None, run_after=None
[2023-11-20T19:47:06.231+0000] {logging_mixin.py:154} INFO - [2023-11-20T19:47:06.231+0000] {dag.py:3722} INFO - Setting next_dagrun for dataset_consumes_1_and_2 to None, run_after=None
[2023-11-20T19:47:06.247+0000] {logging_mixin.py:154} INFO - [2023-11-20T19:47:06.246+0000] {dag.py:3722} INFO - Setting next_dagrun for dataset_consumes_1_never_scheduled to None, run_after=None
[2023-11-20T19:47:06.293+0000] {logging_mixin.py:154} INFO - [2023-11-20T19:47:06.292+0000] {dag.py:3722} INFO - Setting next_dagrun for dataset_consumes_unknown_never_scheduled to None, run_after=None
[2023-11-20T19:47:06.325+0000] {logging_mixin.py:154} INFO - [2023-11-20T19:47:06.325+0000] {dag.py:3722} INFO - Setting next_dagrun for dataset_produces_1 to 2023-11-19T00:00:00+00:00, run_after=2023-11-20T00:00:00+00:00
[2023-11-20T19:47:06.340+0000] {logging_mixin.py:154} INFO - [2023-11-20T19:47:06.339+0000] {dag.py:3722} INFO - Setting next_dagrun for dataset_produces_2 to None, run_after=None
[2023-11-20T19:47:07.291+0000] {processor.py:179} INFO - Processing /home/airflow/.local/lib/python3.8/site-packages/airflow/example_dags/example_datasets.py took 1.635 seconds
[2023-11-20T19:47:38.108+0000] {processor.py:157} INFO - Started process (PID=1269) to work on /home/airflow/.local/lib/python3.8/site-packages/airflow/example_dags/example_datasets.py
[2023-11-20T19:47:38.111+0000] {processor.py:829} INFO - Processing file /home/airflow/.local/lib/python3.8/site-packages/airflow/example_dags/example_datasets.py for tasks to queue
[2023-11-20T19:47:38.119+0000] {logging_mixin.py:154} INFO - [2023-11-20T19:47:38.118+0000] {dagbag.py:536} INFO - Filling up the DagBag from /home/airflow/.local/lib/python3.8/site-packages/airflow/example_dags/example_datasets.py
[2023-11-20T19:47:38.141+0000] {processor.py:839} INFO - DAG(s) dict_keys(['dataset_consumes_unknown_never_scheduled', 'dataset_produces_2', 'dataset_produces_1', 'dataset_consumes_1_and_2', 'dataset_consumes_1_never_scheduled', 'dataset_consumes_1']) retrieved from /home/airflow/.local/lib/python3.8/site-packages/airflow/example_dags/example_datasets.py
[2023-11-20T19:47:38.460+0000] {logging_mixin.py:154} INFO - [2023-11-20T19:47:38.460+0000] {dag.py:2941} INFO - Sync 6 DAGs
[2023-11-20T19:47:38.510+0000] {logging_mixin.py:154} INFO - [2023-11-20T19:47:38.510+0000] {dag.py:3722} INFO - Setting next_dagrun for dataset_consumes_1 to None, run_after=None
[2023-11-20T19:47:38.519+0000] {logging_mixin.py:154} INFO - [2023-11-20T19:47:38.518+0000] {dag.py:3722} INFO - Setting next_dagrun for dataset_consumes_1_and_2 to None, run_after=None
[2023-11-20T19:47:38.521+0000] {logging_mixin.py:154} INFO - [2023-11-20T19:47:38.521+0000] {dag.py:3722} INFO - Setting next_dagrun for dataset_consumes_1_never_scheduled to None, run_after=None
[2023-11-20T19:47:38.523+0000] {logging_mixin.py:154} INFO - [2023-11-20T19:47:38.523+0000] {dag.py:3722} INFO - Setting next_dagrun for dataset_consumes_unknown_never_scheduled to None, run_after=None
[2023-11-20T19:47:38.527+0000] {logging_mixin.py:154} INFO - [2023-11-20T19:47:38.527+0000] {dag.py:3722} INFO - Setting next_dagrun for dataset_produces_1 to 2023-11-19T00:00:00+00:00, run_after=2023-11-20T00:00:00+00:00
[2023-11-20T19:47:38.530+0000] {logging_mixin.py:154} INFO - [2023-11-20T19:47:38.530+0000] {dag.py:3722} INFO - Setting next_dagrun for dataset_produces_2 to None, run_after=None
[2023-11-20T19:47:38.594+0000] {processor.py:179} INFO - Processing /home/airflow/.local/lib/python3.8/site-packages/airflow/example_dags/example_datasets.py took 0.500 seconds
[2023-11-20T19:48:09.094+0000] {processor.py:157} INFO - Started process (PID=1323) to work on /home/airflow/.local/lib/python3.8/site-packages/airflow/example_dags/example_datasets.py
[2023-11-20T19:48:09.131+0000] {processor.py:829} INFO - Processing file /home/airflow/.local/lib/python3.8/site-packages/airflow/example_dags/example_datasets.py for tasks to queue
[2023-11-20T19:48:09.140+0000] {logging_mixin.py:154} INFO - [2023-11-20T19:48:09.139+0000] {dagbag.py:536} INFO - Filling up the DagBag from /home/airflow/.local/lib/python3.8/site-packages/airflow/example_dags/example_datasets.py
[2023-11-20T19:48:09.237+0000] {processor.py:839} INFO - DAG(s) dict_keys(['dataset_consumes_1_never_scheduled', 'dataset_consumes_unknown_never_scheduled', 'dataset_consumes_1', 'dataset_produces_2', 'dataset_produces_1', 'dataset_consumes_1_and_2']) retrieved from /home/airflow/.local/lib/python3.8/site-packages/airflow/example_dags/example_datasets.py
[2023-11-20T19:48:09.343+0000] {logging_mixin.py:154} INFO - [2023-11-20T19:48:09.343+0000] {dag.py:2941} INFO - Sync 6 DAGs
[2023-11-20T19:48:09.395+0000] {logging_mixin.py:154} INFO - [2023-11-20T19:48:09.395+0000] {dag.py:3722} INFO - Setting next_dagrun for dataset_consumes_1 to None, run_after=None
[2023-11-20T19:48:09.605+0000] {logging_mixin.py:154} INFO - [2023-11-20T19:48:09.605+0000] {dag.py:3722} INFO - Setting next_dagrun for dataset_consumes_1_and_2 to None, run_after=None
[2023-11-20T19:48:09.608+0000] {logging_mixin.py:154} INFO - [2023-11-20T19:48:09.608+0000] {dag.py:3722} INFO - Setting next_dagrun for dataset_consumes_1_never_scheduled to None, run_after=None
[2023-11-20T19:48:09.611+0000] {logging_mixin.py:154} INFO - [2023-11-20T19:48:09.610+0000] {dag.py:3722} INFO - Setting next_dagrun for dataset_consumes_unknown_never_scheduled to None, run_after=None
[2023-11-20T19:48:09.616+0000] {logging_mixin.py:154} INFO - [2023-11-20T19:48:09.616+0000] {dag.py:3722} INFO - Setting next_dagrun for dataset_produces_1 to 2023-11-19T00:00:00+00:00, run_after=2023-11-20T00:00:00+00:00
[2023-11-20T19:48:09.618+0000] {logging_mixin.py:154} INFO - [2023-11-20T19:48:09.618+0000] {dag.py:3722} INFO - Setting next_dagrun for dataset_produces_2 to None, run_after=None
[2023-11-20T19:48:09.683+0000] {processor.py:179} INFO - Processing /home/airflow/.local/lib/python3.8/site-packages/airflow/example_dags/example_datasets.py took 0.600 seconds
