[2023-11-20T19:36:04.656+0000] {processor.py:157} INFO - Started process (PID=78) to work on /home/airflow/.local/lib/python3.8/site-packages/airflow/example_dags/example_dynamic_task_mapping_with_no_taskflow_operators.py
[2023-11-20T19:36:04.666+0000] {processor.py:829} INFO - Processing file /home/airflow/.local/lib/python3.8/site-packages/airflow/example_dags/example_dynamic_task_mapping_with_no_taskflow_operators.py for tasks to queue
[2023-11-20T19:36:04.676+0000] {logging_mixin.py:154} INFO - [2023-11-20T19:36:04.676+0000] {dagbag.py:536} INFO - Filling up the DagBag from /home/airflow/.local/lib/python3.8/site-packages/airflow/example_dags/example_dynamic_task_mapping_with_no_taskflow_operators.py
[2023-11-20T19:36:04.695+0000] {processor.py:839} INFO - DAG(s) dict_keys(['example_dynamic_task_mapping_with_no_taskflow_operators']) retrieved from /home/airflow/.local/lib/python3.8/site-packages/airflow/example_dags/example_dynamic_task_mapping_with_no_taskflow_operators.py
[2023-11-20T19:36:04.756+0000] {logging_mixin.py:154} INFO - [2023-11-20T19:36:04.755+0000] {dag.py:2941} INFO - Sync 1 DAGs
[2023-11-20T19:36:04.909+0000] {logging_mixin.py:154} INFO - [2023-11-20T19:36:04.909+0000] {dag.py:3722} INFO - Setting next_dagrun for example_dynamic_task_mapping_with_no_taskflow_operators to 2023-11-19T19:36:04.908802+00:00, run_after=2023-11-20T19:36:04.908802+00:00
[2023-11-20T19:36:04.984+0000] {processor.py:179} INFO - Processing /home/airflow/.local/lib/python3.8/site-packages/airflow/example_dags/example_dynamic_task_mapping_with_no_taskflow_operators.py took 0.333 seconds
[2023-11-20T19:36:37.340+0000] {processor.py:157} INFO - Started process (PID=131) to work on /home/airflow/.local/lib/python3.8/site-packages/airflow/example_dags/example_dynamic_task_mapping_with_no_taskflow_operators.py
[2023-11-20T19:36:37.355+0000] {processor.py:829} INFO - Processing file /home/airflow/.local/lib/python3.8/site-packages/airflow/example_dags/example_dynamic_task_mapping_with_no_taskflow_operators.py for tasks to queue
[2023-11-20T19:36:37.360+0000] {logging_mixin.py:154} INFO - [2023-11-20T19:36:37.360+0000] {dagbag.py:536} INFO - Filling up the DagBag from /home/airflow/.local/lib/python3.8/site-packages/airflow/example_dags/example_dynamic_task_mapping_with_no_taskflow_operators.py
[2023-11-20T19:36:37.371+0000] {processor.py:839} INFO - DAG(s) dict_keys(['example_dynamic_task_mapping_with_no_taskflow_operators']) retrieved from /home/airflow/.local/lib/python3.8/site-packages/airflow/example_dags/example_dynamic_task_mapping_with_no_taskflow_operators.py
[2023-11-20T19:36:37.423+0000] {logging_mixin.py:154} INFO - [2023-11-20T19:36:37.423+0000] {dag.py:2941} INFO - Sync 1 DAGs
[2023-11-20T19:36:37.473+0000] {logging_mixin.py:154} INFO - [2023-11-20T19:36:37.473+0000] {dag.py:3722} INFO - Setting next_dagrun for example_dynamic_task_mapping_with_no_taskflow_operators to 2023-11-19T19:36:37.473087+00:00, run_after=2023-11-20T19:36:37.473087+00:00
[2023-11-20T19:36:37.528+0000] {processor.py:179} INFO - Processing /home/airflow/.local/lib/python3.8/site-packages/airflow/example_dags/example_dynamic_task_mapping_with_no_taskflow_operators.py took 0.192 seconds
[2023-11-20T19:37:08.048+0000] {processor.py:157} INFO - Started process (PID=185) to work on /home/airflow/.local/lib/python3.8/site-packages/airflow/example_dags/example_dynamic_task_mapping_with_no_taskflow_operators.py
[2023-11-20T19:37:08.050+0000] {processor.py:829} INFO - Processing file /home/airflow/.local/lib/python3.8/site-packages/airflow/example_dags/example_dynamic_task_mapping_with_no_taskflow_operators.py for tasks to queue
[2023-11-20T19:37:08.054+0000] {logging_mixin.py:154} INFO - [2023-11-20T19:37:08.053+0000] {dagbag.py:536} INFO - Filling up the DagBag from /home/airflow/.local/lib/python3.8/site-packages/airflow/example_dags/example_dynamic_task_mapping_with_no_taskflow_operators.py
[2023-11-20T19:37:08.064+0000] {processor.py:839} INFO - DAG(s) dict_keys(['example_dynamic_task_mapping_with_no_taskflow_operators']) retrieved from /home/airflow/.local/lib/python3.8/site-packages/airflow/example_dags/example_dynamic_task_mapping_with_no_taskflow_operators.py
[2023-11-20T19:37:08.093+0000] {logging_mixin.py:154} INFO - [2023-11-20T19:37:08.093+0000] {dag.py:2941} INFO - Sync 1 DAGs
[2023-11-20T19:37:08.121+0000] {logging_mixin.py:154} INFO - [2023-11-20T19:37:08.121+0000] {dag.py:3722} INFO - Setting next_dagrun for example_dynamic_task_mapping_with_no_taskflow_operators to 2023-11-19T19:37:08.120904+00:00, run_after=2023-11-20T19:37:08.120904+00:00
[2023-11-20T19:37:08.146+0000] {processor.py:179} INFO - Processing /home/airflow/.local/lib/python3.8/site-packages/airflow/example_dags/example_dynamic_task_mapping_with_no_taskflow_operators.py took 0.107 seconds
[2023-11-20T19:37:38.698+0000] {processor.py:157} INFO - Started process (PID=238) to work on /home/airflow/.local/lib/python3.8/site-packages/airflow/example_dags/example_dynamic_task_mapping_with_no_taskflow_operators.py
[2023-11-20T19:37:38.706+0000] {processor.py:829} INFO - Processing file /home/airflow/.local/lib/python3.8/site-packages/airflow/example_dags/example_dynamic_task_mapping_with_no_taskflow_operators.py for tasks to queue
[2023-11-20T19:37:38.716+0000] {logging_mixin.py:154} INFO - [2023-11-20T19:37:38.715+0000] {dagbag.py:536} INFO - Filling up the DagBag from /home/airflow/.local/lib/python3.8/site-packages/airflow/example_dags/example_dynamic_task_mapping_with_no_taskflow_operators.py
[2023-11-20T19:37:38.725+0000] {processor.py:839} INFO - DAG(s) dict_keys(['example_dynamic_task_mapping_with_no_taskflow_operators']) retrieved from /home/airflow/.local/lib/python3.8/site-packages/airflow/example_dags/example_dynamic_task_mapping_with_no_taskflow_operators.py
[2023-11-20T19:37:38.749+0000] {logging_mixin.py:154} INFO - [2023-11-20T19:37:38.749+0000] {dag.py:2941} INFO - Sync 1 DAGs
[2023-11-20T19:37:38.777+0000] {logging_mixin.py:154} INFO - [2023-11-20T19:37:38.777+0000] {dag.py:3722} INFO - Setting next_dagrun for example_dynamic_task_mapping_with_no_taskflow_operators to 2023-11-19T19:37:38.776988+00:00, run_after=2023-11-20T19:37:38.776988+00:00
[2023-11-20T19:37:38.799+0000] {processor.py:179} INFO - Processing /home/airflow/.local/lib/python3.8/site-packages/airflow/example_dags/example_dynamic_task_mapping_with_no_taskflow_operators.py took 0.107 seconds
[2023-11-20T19:38:09.584+0000] {processor.py:157} INFO - Started process (PID=291) to work on /home/airflow/.local/lib/python3.8/site-packages/airflow/example_dags/example_dynamic_task_mapping_with_no_taskflow_operators.py
[2023-11-20T19:38:09.586+0000] {processor.py:829} INFO - Processing file /home/airflow/.local/lib/python3.8/site-packages/airflow/example_dags/example_dynamic_task_mapping_with_no_taskflow_operators.py for tasks to queue
[2023-11-20T19:38:09.593+0000] {logging_mixin.py:154} INFO - [2023-11-20T19:38:09.593+0000] {dagbag.py:536} INFO - Filling up the DagBag from /home/airflow/.local/lib/python3.8/site-packages/airflow/example_dags/example_dynamic_task_mapping_with_no_taskflow_operators.py
[2023-11-20T19:38:09.606+0000] {processor.py:839} INFO - DAG(s) dict_keys(['example_dynamic_task_mapping_with_no_taskflow_operators']) retrieved from /home/airflow/.local/lib/python3.8/site-packages/airflow/example_dags/example_dynamic_task_mapping_with_no_taskflow_operators.py
[2023-11-20T19:38:09.642+0000] {logging_mixin.py:154} INFO - [2023-11-20T19:38:09.642+0000] {dag.py:2941} INFO - Sync 1 DAGs
[2023-11-20T19:38:09.688+0000] {logging_mixin.py:154} INFO - [2023-11-20T19:38:09.687+0000] {dag.py:3722} INFO - Setting next_dagrun for example_dynamic_task_mapping_with_no_taskflow_operators to 2023-11-19T19:38:09.687406+00:00, run_after=2023-11-20T19:38:09.687406+00:00
[2023-11-20T19:38:09.728+0000] {processor.py:179} INFO - Processing /home/airflow/.local/lib/python3.8/site-packages/airflow/example_dags/example_dynamic_task_mapping_with_no_taskflow_operators.py took 0.151 seconds
[2023-11-20T19:38:40.347+0000] {processor.py:157} INFO - Started process (PID=344) to work on /home/airflow/.local/lib/python3.8/site-packages/airflow/example_dags/example_dynamic_task_mapping_with_no_taskflow_operators.py
[2023-11-20T19:38:40.369+0000] {processor.py:829} INFO - Processing file /home/airflow/.local/lib/python3.8/site-packages/airflow/example_dags/example_dynamic_task_mapping_with_no_taskflow_operators.py for tasks to queue
[2023-11-20T19:38:40.376+0000] {logging_mixin.py:154} INFO - [2023-11-20T19:38:40.375+0000] {dagbag.py:536} INFO - Filling up the DagBag from /home/airflow/.local/lib/python3.8/site-packages/airflow/example_dags/example_dynamic_task_mapping_with_no_taskflow_operators.py
[2023-11-20T19:38:40.399+0000] {processor.py:839} INFO - DAG(s) dict_keys(['example_dynamic_task_mapping_with_no_taskflow_operators']) retrieved from /home/airflow/.local/lib/python3.8/site-packages/airflow/example_dags/example_dynamic_task_mapping_with_no_taskflow_operators.py
[2023-11-20T19:38:40.481+0000] {logging_mixin.py:154} INFO - [2023-11-20T19:38:40.480+0000] {dag.py:2941} INFO - Sync 1 DAGs
[2023-11-20T19:38:40.590+0000] {logging_mixin.py:154} INFO - [2023-11-20T19:38:40.589+0000] {dag.py:3722} INFO - Setting next_dagrun for example_dynamic_task_mapping_with_no_taskflow_operators to 2023-11-19T19:38:40.573737+00:00, run_after=2023-11-20T19:38:40.573737+00:00
[2023-11-20T19:38:40.703+0000] {processor.py:179} INFO - Processing /home/airflow/.local/lib/python3.8/site-packages/airflow/example_dags/example_dynamic_task_mapping_with_no_taskflow_operators.py took 0.362 seconds
[2023-11-20T19:39:11.167+0000] {processor.py:157} INFO - Started process (PID=397) to work on /home/airflow/.local/lib/python3.8/site-packages/airflow/example_dags/example_dynamic_task_mapping_with_no_taskflow_operators.py
[2023-11-20T19:39:11.168+0000] {processor.py:829} INFO - Processing file /home/airflow/.local/lib/python3.8/site-packages/airflow/example_dags/example_dynamic_task_mapping_with_no_taskflow_operators.py for tasks to queue
[2023-11-20T19:39:11.172+0000] {logging_mixin.py:154} INFO - [2023-11-20T19:39:11.172+0000] {dagbag.py:536} INFO - Filling up the DagBag from /home/airflow/.local/lib/python3.8/site-packages/airflow/example_dags/example_dynamic_task_mapping_with_no_taskflow_operators.py
[2023-11-20T19:39:11.185+0000] {processor.py:839} INFO - DAG(s) dict_keys(['example_dynamic_task_mapping_with_no_taskflow_operators']) retrieved from /home/airflow/.local/lib/python3.8/site-packages/airflow/example_dags/example_dynamic_task_mapping_with_no_taskflow_operators.py
[2023-11-20T19:39:11.259+0000] {logging_mixin.py:154} INFO - [2023-11-20T19:39:11.259+0000] {dag.py:2941} INFO - Sync 1 DAGs
[2023-11-20T19:39:11.306+0000] {logging_mixin.py:154} INFO - [2023-11-20T19:39:11.306+0000] {dag.py:3722} INFO - Setting next_dagrun for example_dynamic_task_mapping_with_no_taskflow_operators to 2023-11-19T19:39:11.305788+00:00, run_after=2023-11-20T19:39:11.305788+00:00
[2023-11-20T19:39:11.336+0000] {processor.py:179} INFO - Processing /home/airflow/.local/lib/python3.8/site-packages/airflow/example_dags/example_dynamic_task_mapping_with_no_taskflow_operators.py took 0.175 seconds
[2023-11-20T19:39:41.859+0000] {processor.py:157} INFO - Started process (PID=450) to work on /home/airflow/.local/lib/python3.8/site-packages/airflow/example_dags/example_dynamic_task_mapping_with_no_taskflow_operators.py
[2023-11-20T19:39:41.862+0000] {processor.py:829} INFO - Processing file /home/airflow/.local/lib/python3.8/site-packages/airflow/example_dags/example_dynamic_task_mapping_with_no_taskflow_operators.py for tasks to queue
[2023-11-20T19:39:41.867+0000] {logging_mixin.py:154} INFO - [2023-11-20T19:39:41.867+0000] {dagbag.py:536} INFO - Filling up the DagBag from /home/airflow/.local/lib/python3.8/site-packages/airflow/example_dags/example_dynamic_task_mapping_with_no_taskflow_operators.py
[2023-11-20T19:39:41.885+0000] {processor.py:839} INFO - DAG(s) dict_keys(['example_dynamic_task_mapping_with_no_taskflow_operators']) retrieved from /home/airflow/.local/lib/python3.8/site-packages/airflow/example_dags/example_dynamic_task_mapping_with_no_taskflow_operators.py
[2023-11-20T19:39:41.922+0000] {logging_mixin.py:154} INFO - [2023-11-20T19:39:41.922+0000] {dag.py:2941} INFO - Sync 1 DAGs
[2023-11-20T19:39:41.987+0000] {logging_mixin.py:154} INFO - [2023-11-20T19:39:41.986+0000] {dag.py:3722} INFO - Setting next_dagrun for example_dynamic_task_mapping_with_no_taskflow_operators to 2023-11-19T19:39:41.985714+00:00, run_after=2023-11-20T19:39:41.985714+00:00
[2023-11-20T19:39:42.023+0000] {processor.py:179} INFO - Processing /home/airflow/.local/lib/python3.8/site-packages/airflow/example_dags/example_dynamic_task_mapping_with_no_taskflow_operators.py took 0.179 seconds
[2023-11-20T19:40:12.883+0000] {processor.py:157} INFO - Started process (PID=504) to work on /home/airflow/.local/lib/python3.8/site-packages/airflow/example_dags/example_dynamic_task_mapping_with_no_taskflow_operators.py
[2023-11-20T19:40:12.886+0000] {processor.py:829} INFO - Processing file /home/airflow/.local/lib/python3.8/site-packages/airflow/example_dags/example_dynamic_task_mapping_with_no_taskflow_operators.py for tasks to queue
[2023-11-20T19:40:12.890+0000] {logging_mixin.py:154} INFO - [2023-11-20T19:40:12.890+0000] {dagbag.py:536} INFO - Filling up the DagBag from /home/airflow/.local/lib/python3.8/site-packages/airflow/example_dags/example_dynamic_task_mapping_with_no_taskflow_operators.py
[2023-11-20T19:40:12.904+0000] {processor.py:839} INFO - DAG(s) dict_keys(['example_dynamic_task_mapping_with_no_taskflow_operators']) retrieved from /home/airflow/.local/lib/python3.8/site-packages/airflow/example_dags/example_dynamic_task_mapping_with_no_taskflow_operators.py
[2023-11-20T19:40:12.944+0000] {logging_mixin.py:154} INFO - [2023-11-20T19:40:12.943+0000] {dag.py:2941} INFO - Sync 1 DAGs
[2023-11-20T19:40:12.989+0000] {logging_mixin.py:154} INFO - [2023-11-20T19:40:12.988+0000] {dag.py:3722} INFO - Setting next_dagrun for example_dynamic_task_mapping_with_no_taskflow_operators to 2023-11-19T19:40:12.988419+00:00, run_after=2023-11-20T19:40:12.988419+00:00
[2023-11-20T19:40:13.020+0000] {processor.py:179} INFO - Processing /home/airflow/.local/lib/python3.8/site-packages/airflow/example_dags/example_dynamic_task_mapping_with_no_taskflow_operators.py took 0.144 seconds
[2023-11-20T19:40:43.356+0000] {processor.py:157} INFO - Started process (PID=558) to work on /home/airflow/.local/lib/python3.8/site-packages/airflow/example_dags/example_dynamic_task_mapping_with_no_taskflow_operators.py
[2023-11-20T19:40:43.358+0000] {processor.py:829} INFO - Processing file /home/airflow/.local/lib/python3.8/site-packages/airflow/example_dags/example_dynamic_task_mapping_with_no_taskflow_operators.py for tasks to queue
[2023-11-20T19:40:43.362+0000] {logging_mixin.py:154} INFO - [2023-11-20T19:40:43.362+0000] {dagbag.py:536} INFO - Filling up the DagBag from /home/airflow/.local/lib/python3.8/site-packages/airflow/example_dags/example_dynamic_task_mapping_with_no_taskflow_operators.py
[2023-11-20T19:40:43.384+0000] {processor.py:839} INFO - DAG(s) dict_keys(['example_dynamic_task_mapping_with_no_taskflow_operators']) retrieved from /home/airflow/.local/lib/python3.8/site-packages/airflow/example_dags/example_dynamic_task_mapping_with_no_taskflow_operators.py
[2023-11-20T19:40:43.431+0000] {logging_mixin.py:154} INFO - [2023-11-20T19:40:43.431+0000] {dag.py:2941} INFO - Sync 1 DAGs
[2023-11-20T19:40:43.493+0000] {logging_mixin.py:154} INFO - [2023-11-20T19:40:43.492+0000] {dag.py:3722} INFO - Setting next_dagrun for example_dynamic_task_mapping_with_no_taskflow_operators to 2023-11-19T19:40:43.492018+00:00, run_after=2023-11-20T19:40:43.492018+00:00
[2023-11-20T19:40:43.539+0000] {processor.py:179} INFO - Processing /home/airflow/.local/lib/python3.8/site-packages/airflow/example_dags/example_dynamic_task_mapping_with_no_taskflow_operators.py took 0.190 seconds
[2023-11-20T19:41:13.916+0000] {processor.py:157} INFO - Started process (PID=611) to work on /home/airflow/.local/lib/python3.8/site-packages/airflow/example_dags/example_dynamic_task_mapping_with_no_taskflow_operators.py
[2023-11-20T19:41:13.926+0000] {processor.py:829} INFO - Processing file /home/airflow/.local/lib/python3.8/site-packages/airflow/example_dags/example_dynamic_task_mapping_with_no_taskflow_operators.py for tasks to queue
[2023-11-20T19:41:13.938+0000] {logging_mixin.py:154} INFO - [2023-11-20T19:41:13.937+0000] {dagbag.py:536} INFO - Filling up the DagBag from /home/airflow/.local/lib/python3.8/site-packages/airflow/example_dags/example_dynamic_task_mapping_with_no_taskflow_operators.py
[2023-11-20T19:41:13.960+0000] {processor.py:839} INFO - DAG(s) dict_keys(['example_dynamic_task_mapping_with_no_taskflow_operators']) retrieved from /home/airflow/.local/lib/python3.8/site-packages/airflow/example_dags/example_dynamic_task_mapping_with_no_taskflow_operators.py
[2023-11-20T19:41:14.016+0000] {logging_mixin.py:154} INFO - [2023-11-20T19:41:14.016+0000] {dag.py:2941} INFO - Sync 1 DAGs
[2023-11-20T19:41:14.058+0000] {logging_mixin.py:154} INFO - [2023-11-20T19:41:14.058+0000] {dag.py:3722} INFO - Setting next_dagrun for example_dynamic_task_mapping_with_no_taskflow_operators to 2023-11-19T19:41:14.057729+00:00, run_after=2023-11-20T19:41:14.057729+00:00
[2023-11-20T19:41:14.086+0000] {processor.py:179} INFO - Processing /home/airflow/.local/lib/python3.8/site-packages/airflow/example_dags/example_dynamic_task_mapping_with_no_taskflow_operators.py took 0.181 seconds
[2023-11-20T19:41:44.882+0000] {processor.py:157} INFO - Started process (PID=665) to work on /home/airflow/.local/lib/python3.8/site-packages/airflow/example_dags/example_dynamic_task_mapping_with_no_taskflow_operators.py
[2023-11-20T19:41:44.891+0000] {processor.py:829} INFO - Processing file /home/airflow/.local/lib/python3.8/site-packages/airflow/example_dags/example_dynamic_task_mapping_with_no_taskflow_operators.py for tasks to queue
[2023-11-20T19:41:44.905+0000] {logging_mixin.py:154} INFO - [2023-11-20T19:41:44.905+0000] {dagbag.py:536} INFO - Filling up the DagBag from /home/airflow/.local/lib/python3.8/site-packages/airflow/example_dags/example_dynamic_task_mapping_with_no_taskflow_operators.py
[2023-11-20T19:41:44.925+0000] {processor.py:839} INFO - DAG(s) dict_keys(['example_dynamic_task_mapping_with_no_taskflow_operators']) retrieved from /home/airflow/.local/lib/python3.8/site-packages/airflow/example_dags/example_dynamic_task_mapping_with_no_taskflow_operators.py
[2023-11-20T19:41:44.980+0000] {logging_mixin.py:154} INFO - [2023-11-20T19:41:44.979+0000] {dag.py:2941} INFO - Sync 1 DAGs
[2023-11-20T19:41:45.026+0000] {logging_mixin.py:154} INFO - [2023-11-20T19:41:45.025+0000] {dag.py:3722} INFO - Setting next_dagrun for example_dynamic_task_mapping_with_no_taskflow_operators to 2023-11-19T19:41:45.025162+00:00, run_after=2023-11-20T19:41:45.025162+00:00
[2023-11-20T19:41:45.065+0000] {processor.py:179} INFO - Processing /home/airflow/.local/lib/python3.8/site-packages/airflow/example_dags/example_dynamic_task_mapping_with_no_taskflow_operators.py took 0.189 seconds
[2023-11-20T19:42:15.515+0000] {processor.py:157} INFO - Started process (PID=719) to work on /home/airflow/.local/lib/python3.8/site-packages/airflow/example_dags/example_dynamic_task_mapping_with_no_taskflow_operators.py
[2023-11-20T19:42:15.518+0000] {processor.py:829} INFO - Processing file /home/airflow/.local/lib/python3.8/site-packages/airflow/example_dags/example_dynamic_task_mapping_with_no_taskflow_operators.py for tasks to queue
[2023-11-20T19:42:15.522+0000] {logging_mixin.py:154} INFO - [2023-11-20T19:42:15.521+0000] {dagbag.py:536} INFO - Filling up the DagBag from /home/airflow/.local/lib/python3.8/site-packages/airflow/example_dags/example_dynamic_task_mapping_with_no_taskflow_operators.py
[2023-11-20T19:42:15.533+0000] {processor.py:839} INFO - DAG(s) dict_keys(['example_dynamic_task_mapping_with_no_taskflow_operators']) retrieved from /home/airflow/.local/lib/python3.8/site-packages/airflow/example_dags/example_dynamic_task_mapping_with_no_taskflow_operators.py
[2023-11-20T19:42:15.557+0000] {logging_mixin.py:154} INFO - [2023-11-20T19:42:15.557+0000] {dag.py:2941} INFO - Sync 1 DAGs
[2023-11-20T19:42:15.591+0000] {logging_mixin.py:154} INFO - [2023-11-20T19:42:15.590+0000] {dag.py:3722} INFO - Setting next_dagrun for example_dynamic_task_mapping_with_no_taskflow_operators to 2023-11-19T19:42:15.590603+00:00, run_after=2023-11-20T19:42:15.590603+00:00
[2023-11-20T19:42:15.612+0000] {processor.py:179} INFO - Processing /home/airflow/.local/lib/python3.8/site-packages/airflow/example_dags/example_dynamic_task_mapping_with_no_taskflow_operators.py took 0.102 seconds
[2023-11-20T19:42:46.834+0000] {processor.py:157} INFO - Started process (PID=773) to work on /home/airflow/.local/lib/python3.8/site-packages/airflow/example_dags/example_dynamic_task_mapping_with_no_taskflow_operators.py
[2023-11-20T19:42:46.840+0000] {processor.py:829} INFO - Processing file /home/airflow/.local/lib/python3.8/site-packages/airflow/example_dags/example_dynamic_task_mapping_with_no_taskflow_operators.py for tasks to queue
[2023-11-20T19:42:46.850+0000] {logging_mixin.py:154} INFO - [2023-11-20T19:42:46.849+0000] {dagbag.py:536} INFO - Filling up the DagBag from /home/airflow/.local/lib/python3.8/site-packages/airflow/example_dags/example_dynamic_task_mapping_with_no_taskflow_operators.py
[2023-11-20T19:42:46.874+0000] {processor.py:839} INFO - DAG(s) dict_keys(['example_dynamic_task_mapping_with_no_taskflow_operators']) retrieved from /home/airflow/.local/lib/python3.8/site-packages/airflow/example_dags/example_dynamic_task_mapping_with_no_taskflow_operators.py
[2023-11-20T19:42:46.955+0000] {logging_mixin.py:154} INFO - [2023-11-20T19:42:46.955+0000] {dag.py:2941} INFO - Sync 1 DAGs
[2023-11-20T19:42:47.045+0000] {logging_mixin.py:154} INFO - [2023-11-20T19:42:47.044+0000] {dag.py:3722} INFO - Setting next_dagrun for example_dynamic_task_mapping_with_no_taskflow_operators to 2023-11-19T19:42:47.043955+00:00, run_after=2023-11-20T19:42:47.043955+00:00
[2023-11-20T19:42:47.113+0000] {processor.py:179} INFO - Processing /home/airflow/.local/lib/python3.8/site-packages/airflow/example_dags/example_dynamic_task_mapping_with_no_taskflow_operators.py took 0.293 seconds
[2023-11-20T19:43:18.210+0000] {processor.py:157} INFO - Started process (PID=827) to work on /home/airflow/.local/lib/python3.8/site-packages/airflow/example_dags/example_dynamic_task_mapping_with_no_taskflow_operators.py
[2023-11-20T19:43:18.212+0000] {processor.py:829} INFO - Processing file /home/airflow/.local/lib/python3.8/site-packages/airflow/example_dags/example_dynamic_task_mapping_with_no_taskflow_operators.py for tasks to queue
[2023-11-20T19:43:18.216+0000] {logging_mixin.py:154} INFO - [2023-11-20T19:43:18.215+0000] {dagbag.py:536} INFO - Filling up the DagBag from /home/airflow/.local/lib/python3.8/site-packages/airflow/example_dags/example_dynamic_task_mapping_with_no_taskflow_operators.py
[2023-11-20T19:43:18.236+0000] {processor.py:839} INFO - DAG(s) dict_keys(['example_dynamic_task_mapping_with_no_taskflow_operators']) retrieved from /home/airflow/.local/lib/python3.8/site-packages/airflow/example_dags/example_dynamic_task_mapping_with_no_taskflow_operators.py
[2023-11-20T19:43:18.273+0000] {logging_mixin.py:154} INFO - [2023-11-20T19:43:18.273+0000] {dag.py:2941} INFO - Sync 1 DAGs
[2023-11-20T19:43:18.316+0000] {logging_mixin.py:154} INFO - [2023-11-20T19:43:18.316+0000] {dag.py:3722} INFO - Setting next_dagrun for example_dynamic_task_mapping_with_no_taskflow_operators to 2023-11-19T19:43:18.316267+00:00, run_after=2023-11-20T19:43:18.316267+00:00
[2023-11-20T19:43:18.505+0000] {processor.py:179} INFO - Processing /home/airflow/.local/lib/python3.8/site-packages/airflow/example_dags/example_dynamic_task_mapping_with_no_taskflow_operators.py took 0.301 seconds
[2023-11-20T19:43:49.766+0000] {processor.py:157} INFO - Started process (PID=882) to work on /home/airflow/.local/lib/python3.8/site-packages/airflow/example_dags/example_dynamic_task_mapping_with_no_taskflow_operators.py
[2023-11-20T19:43:49.769+0000] {processor.py:829} INFO - Processing file /home/airflow/.local/lib/python3.8/site-packages/airflow/example_dags/example_dynamic_task_mapping_with_no_taskflow_operators.py for tasks to queue
[2023-11-20T19:43:49.775+0000] {logging_mixin.py:154} INFO - [2023-11-20T19:43:49.775+0000] {dagbag.py:536} INFO - Filling up the DagBag from /home/airflow/.local/lib/python3.8/site-packages/airflow/example_dags/example_dynamic_task_mapping_with_no_taskflow_operators.py
[2023-11-20T19:43:49.784+0000] {processor.py:839} INFO - DAG(s) dict_keys(['example_dynamic_task_mapping_with_no_taskflow_operators']) retrieved from /home/airflow/.local/lib/python3.8/site-packages/airflow/example_dags/example_dynamic_task_mapping_with_no_taskflow_operators.py
[2023-11-20T19:43:49.815+0000] {logging_mixin.py:154} INFO - [2023-11-20T19:43:49.814+0000] {dag.py:2941} INFO - Sync 1 DAGs
[2023-11-20T19:43:49.850+0000] {logging_mixin.py:154} INFO - [2023-11-20T19:43:49.850+0000] {dag.py:3722} INFO - Setting next_dagrun for example_dynamic_task_mapping_with_no_taskflow_operators to 2023-11-19T19:43:49.850385+00:00, run_after=2023-11-20T19:43:49.850385+00:00
[2023-11-20T19:43:49.879+0000] {processor.py:179} INFO - Processing /home/airflow/.local/lib/python3.8/site-packages/airflow/example_dags/example_dynamic_task_mapping_with_no_taskflow_operators.py took 0.121 seconds
[2023-11-20T19:44:21.650+0000] {processor.py:157} INFO - Started process (PID=935) to work on /home/airflow/.local/lib/python3.8/site-packages/airflow/example_dags/example_dynamic_task_mapping_with_no_taskflow_operators.py
[2023-11-20T19:44:21.656+0000] {processor.py:829} INFO - Processing file /home/airflow/.local/lib/python3.8/site-packages/airflow/example_dags/example_dynamic_task_mapping_with_no_taskflow_operators.py for tasks to queue
[2023-11-20T19:44:21.659+0000] {logging_mixin.py:154} INFO - [2023-11-20T19:44:21.659+0000] {dagbag.py:536} INFO - Filling up the DagBag from /home/airflow/.local/lib/python3.8/site-packages/airflow/example_dags/example_dynamic_task_mapping_with_no_taskflow_operators.py
[2023-11-20T19:44:21.698+0000] {processor.py:839} INFO - DAG(s) dict_keys(['example_dynamic_task_mapping_with_no_taskflow_operators']) retrieved from /home/airflow/.local/lib/python3.8/site-packages/airflow/example_dags/example_dynamic_task_mapping_with_no_taskflow_operators.py
[2023-11-20T19:44:21.761+0000] {logging_mixin.py:154} INFO - [2023-11-20T19:44:21.760+0000] {dag.py:2941} INFO - Sync 1 DAGs
[2023-11-20T19:44:21.990+0000] {logging_mixin.py:154} INFO - [2023-11-20T19:44:21.989+0000] {dag.py:3722} INFO - Setting next_dagrun for example_dynamic_task_mapping_with_no_taskflow_operators to 2023-11-19T19:44:21.989397+00:00, run_after=2023-11-20T19:44:21.989397+00:00
[2023-11-20T19:44:22.088+0000] {processor.py:179} INFO - Processing /home/airflow/.local/lib/python3.8/site-packages/airflow/example_dags/example_dynamic_task_mapping_with_no_taskflow_operators.py took 0.455 seconds
[2023-11-20T19:44:52.895+0000] {processor.py:157} INFO - Started process (PID=988) to work on /home/airflow/.local/lib/python3.8/site-packages/airflow/example_dags/example_dynamic_task_mapping_with_no_taskflow_operators.py
[2023-11-20T19:44:52.909+0000] {processor.py:829} INFO - Processing file /home/airflow/.local/lib/python3.8/site-packages/airflow/example_dags/example_dynamic_task_mapping_with_no_taskflow_operators.py for tasks to queue
[2023-11-20T19:44:52.922+0000] {logging_mixin.py:154} INFO - [2023-11-20T19:44:52.922+0000] {dagbag.py:536} INFO - Filling up the DagBag from /home/airflow/.local/lib/python3.8/site-packages/airflow/example_dags/example_dynamic_task_mapping_with_no_taskflow_operators.py
[2023-11-20T19:44:52.941+0000] {processor.py:839} INFO - DAG(s) dict_keys(['example_dynamic_task_mapping_with_no_taskflow_operators']) retrieved from /home/airflow/.local/lib/python3.8/site-packages/airflow/example_dags/example_dynamic_task_mapping_with_no_taskflow_operators.py
[2023-11-20T19:44:53.008+0000] {logging_mixin.py:154} INFO - [2023-11-20T19:44:53.003+0000] {dag.py:2941} INFO - Sync 1 DAGs
[2023-11-20T19:44:53.366+0000] {logging_mixin.py:154} INFO - [2023-11-20T19:44:53.365+0000] {dag.py:3722} INFO - Setting next_dagrun for example_dynamic_task_mapping_with_no_taskflow_operators to 2023-11-19T19:44:53.365460+00:00, run_after=2023-11-20T19:44:53.365460+00:00
[2023-11-20T19:44:53.400+0000] {processor.py:179} INFO - Processing /home/airflow/.local/lib/python3.8/site-packages/airflow/example_dags/example_dynamic_task_mapping_with_no_taskflow_operators.py took 0.515 seconds
[2023-11-20T19:45:23.742+0000] {processor.py:157} INFO - Started process (PID=1041) to work on /home/airflow/.local/lib/python3.8/site-packages/airflow/example_dags/example_dynamic_task_mapping_with_no_taskflow_operators.py
[2023-11-20T19:45:23.744+0000] {processor.py:829} INFO - Processing file /home/airflow/.local/lib/python3.8/site-packages/airflow/example_dags/example_dynamic_task_mapping_with_no_taskflow_operators.py for tasks to queue
[2023-11-20T19:45:23.751+0000] {logging_mixin.py:154} INFO - [2023-11-20T19:45:23.751+0000] {dagbag.py:536} INFO - Filling up the DagBag from /home/airflow/.local/lib/python3.8/site-packages/airflow/example_dags/example_dynamic_task_mapping_with_no_taskflow_operators.py
[2023-11-20T19:45:23.780+0000] {processor.py:839} INFO - DAG(s) dict_keys(['example_dynamic_task_mapping_with_no_taskflow_operators']) retrieved from /home/airflow/.local/lib/python3.8/site-packages/airflow/example_dags/example_dynamic_task_mapping_with_no_taskflow_operators.py
[2023-11-20T19:45:23.948+0000] {logging_mixin.py:154} INFO - [2023-11-20T19:45:23.947+0000] {dag.py:2941} INFO - Sync 1 DAGs
[2023-11-20T19:45:24.070+0000] {logging_mixin.py:154} INFO - [2023-11-20T19:45:24.070+0000] {dag.py:3722} INFO - Setting next_dagrun for example_dynamic_task_mapping_with_no_taskflow_operators to 2023-11-19T19:45:24.069498+00:00, run_after=2023-11-20T19:45:24.069498+00:00
[2023-11-20T19:45:24.201+0000] {processor.py:179} INFO - Processing /home/airflow/.local/lib/python3.8/site-packages/airflow/example_dags/example_dynamic_task_mapping_with_no_taskflow_operators.py took 0.463 seconds
[2023-11-20T19:45:54.607+0000] {processor.py:157} INFO - Started process (PID=1096) to work on /home/airflow/.local/lib/python3.8/site-packages/airflow/example_dags/example_dynamic_task_mapping_with_no_taskflow_operators.py
[2023-11-20T19:45:54.612+0000] {processor.py:829} INFO - Processing file /home/airflow/.local/lib/python3.8/site-packages/airflow/example_dags/example_dynamic_task_mapping_with_no_taskflow_operators.py for tasks to queue
[2023-11-20T19:45:54.617+0000] {logging_mixin.py:154} INFO - [2023-11-20T19:45:54.617+0000] {dagbag.py:536} INFO - Filling up the DagBag from /home/airflow/.local/lib/python3.8/site-packages/airflow/example_dags/example_dynamic_task_mapping_with_no_taskflow_operators.py
[2023-11-20T19:45:54.651+0000] {processor.py:839} INFO - DAG(s) dict_keys(['example_dynamic_task_mapping_with_no_taskflow_operators']) retrieved from /home/airflow/.local/lib/python3.8/site-packages/airflow/example_dags/example_dynamic_task_mapping_with_no_taskflow_operators.py
[2023-11-20T19:45:54.787+0000] {logging_mixin.py:154} INFO - [2023-11-20T19:45:54.778+0000] {dag.py:2941} INFO - Sync 1 DAGs
[2023-11-20T19:45:54.953+0000] {logging_mixin.py:154} INFO - [2023-11-20T19:45:54.938+0000] {dag.py:3722} INFO - Setting next_dagrun for example_dynamic_task_mapping_with_no_taskflow_operators to 2023-11-19T19:45:54.937761+00:00, run_after=2023-11-20T19:45:54.937761+00:00
[2023-11-20T19:45:55.137+0000] {processor.py:179} INFO - Processing /home/airflow/.local/lib/python3.8/site-packages/airflow/example_dags/example_dynamic_task_mapping_with_no_taskflow_operators.py took 0.561 seconds
[2023-11-20T19:46:26.913+0000] {processor.py:157} INFO - Started process (PID=1149) to work on /home/airflow/.local/lib/python3.8/site-packages/airflow/example_dags/example_dynamic_task_mapping_with_no_taskflow_operators.py
[2023-11-20T19:46:26.920+0000] {processor.py:829} INFO - Processing file /home/airflow/.local/lib/python3.8/site-packages/airflow/example_dags/example_dynamic_task_mapping_with_no_taskflow_operators.py for tasks to queue
[2023-11-20T19:46:26.937+0000] {logging_mixin.py:154} INFO - [2023-11-20T19:46:26.936+0000] {dagbag.py:536} INFO - Filling up the DagBag from /home/airflow/.local/lib/python3.8/site-packages/airflow/example_dags/example_dynamic_task_mapping_with_no_taskflow_operators.py
[2023-11-20T19:46:26.960+0000] {processor.py:839} INFO - DAG(s) dict_keys(['example_dynamic_task_mapping_with_no_taskflow_operators']) retrieved from /home/airflow/.local/lib/python3.8/site-packages/airflow/example_dags/example_dynamic_task_mapping_with_no_taskflow_operators.py
[2023-11-20T19:46:27.031+0000] {logging_mixin.py:154} INFO - [2023-11-20T19:46:27.029+0000] {dag.py:2941} INFO - Sync 1 DAGs
[2023-11-20T19:46:27.161+0000] {logging_mixin.py:154} INFO - [2023-11-20T19:46:27.160+0000] {dag.py:3722} INFO - Setting next_dagrun for example_dynamic_task_mapping_with_no_taskflow_operators to 2023-11-19T19:46:27.157393+00:00, run_after=2023-11-20T19:46:27.157393+00:00
[2023-11-20T19:46:28.339+0000] {processor.py:179} INFO - Processing /home/airflow/.local/lib/python3.8/site-packages/airflow/example_dags/example_dynamic_task_mapping_with_no_taskflow_operators.py took 1.441 seconds
[2023-11-20T19:47:01.819+0000] {processor.py:157} INFO - Started process (PID=1210) to work on /home/airflow/.local/lib/python3.8/site-packages/airflow/example_dags/example_dynamic_task_mapping_with_no_taskflow_operators.py
[2023-11-20T19:47:01.825+0000] {processor.py:829} INFO - Processing file /home/airflow/.local/lib/python3.8/site-packages/airflow/example_dags/example_dynamic_task_mapping_with_no_taskflow_operators.py for tasks to queue
[2023-11-20T19:47:01.838+0000] {logging_mixin.py:154} INFO - [2023-11-20T19:47:01.837+0000] {dagbag.py:536} INFO - Filling up the DagBag from /home/airflow/.local/lib/python3.8/site-packages/airflow/example_dags/example_dynamic_task_mapping_with_no_taskflow_operators.py
[2023-11-20T19:47:01.885+0000] {processor.py:839} INFO - DAG(s) dict_keys(['example_dynamic_task_mapping_with_no_taskflow_operators']) retrieved from /home/airflow/.local/lib/python3.8/site-packages/airflow/example_dags/example_dynamic_task_mapping_with_no_taskflow_operators.py
[2023-11-20T19:47:01.937+0000] {logging_mixin.py:154} INFO - [2023-11-20T19:47:01.936+0000] {dag.py:2941} INFO - Sync 1 DAGs
[2023-11-20T19:47:02.036+0000] {logging_mixin.py:154} INFO - [2023-11-20T19:47:02.036+0000] {dag.py:3722} INFO - Setting next_dagrun for example_dynamic_task_mapping_with_no_taskflow_operators to 2023-11-19T19:47:02.035648+00:00, run_after=2023-11-20T19:47:02.035648+00:00
[2023-11-20T19:47:02.120+0000] {processor.py:179} INFO - Processing /home/airflow/.local/lib/python3.8/site-packages/airflow/example_dags/example_dynamic_task_mapping_with_no_taskflow_operators.py took 0.324 seconds
[2023-11-20T19:47:32.528+0000] {processor.py:157} INFO - Started process (PID=1263) to work on /home/airflow/.local/lib/python3.8/site-packages/airflow/example_dags/example_dynamic_task_mapping_with_no_taskflow_operators.py
[2023-11-20T19:47:32.538+0000] {processor.py:829} INFO - Processing file /home/airflow/.local/lib/python3.8/site-packages/airflow/example_dags/example_dynamic_task_mapping_with_no_taskflow_operators.py for tasks to queue
[2023-11-20T19:47:32.543+0000] {logging_mixin.py:154} INFO - [2023-11-20T19:47:32.543+0000] {dagbag.py:536} INFO - Filling up the DagBag from /home/airflow/.local/lib/python3.8/site-packages/airflow/example_dags/example_dynamic_task_mapping_with_no_taskflow_operators.py
[2023-11-20T19:47:32.561+0000] {processor.py:839} INFO - DAG(s) dict_keys(['example_dynamic_task_mapping_with_no_taskflow_operators']) retrieved from /home/airflow/.local/lib/python3.8/site-packages/airflow/example_dags/example_dynamic_task_mapping_with_no_taskflow_operators.py
[2023-11-20T19:47:32.656+0000] {logging_mixin.py:154} INFO - [2023-11-20T19:47:32.655+0000] {dag.py:2941} INFO - Sync 1 DAGs
[2023-11-20T19:47:33.091+0000] {logging_mixin.py:154} INFO - [2023-11-20T19:47:33.090+0000] {dag.py:3722} INFO - Setting next_dagrun for example_dynamic_task_mapping_with_no_taskflow_operators to 2023-11-19T19:47:33.090524+00:00, run_after=2023-11-20T19:47:33.090524+00:00
[2023-11-20T19:47:33.140+0000] {processor.py:179} INFO - Processing /home/airflow/.local/lib/python3.8/site-packages/airflow/example_dags/example_dynamic_task_mapping_with_no_taskflow_operators.py took 0.618 seconds
[2023-11-20T19:48:05.459+0000] {processor.py:157} INFO - Started process (PID=1317) to work on /home/airflow/.local/lib/python3.8/site-packages/airflow/example_dags/example_dynamic_task_mapping_with_no_taskflow_operators.py
[2023-11-20T19:48:05.468+0000] {processor.py:829} INFO - Processing file /home/airflow/.local/lib/python3.8/site-packages/airflow/example_dags/example_dynamic_task_mapping_with_no_taskflow_operators.py for tasks to queue
[2023-11-20T19:48:05.472+0000] {logging_mixin.py:154} INFO - [2023-11-20T19:48:05.471+0000] {dagbag.py:536} INFO - Filling up the DagBag from /home/airflow/.local/lib/python3.8/site-packages/airflow/example_dags/example_dynamic_task_mapping_with_no_taskflow_operators.py
[2023-11-20T19:48:05.502+0000] {processor.py:839} INFO - DAG(s) dict_keys(['example_dynamic_task_mapping_with_no_taskflow_operators']) retrieved from /home/airflow/.local/lib/python3.8/site-packages/airflow/example_dags/example_dynamic_task_mapping_with_no_taskflow_operators.py
[2023-11-20T19:48:05.579+0000] {logging_mixin.py:154} INFO - [2023-11-20T19:48:05.579+0000] {dag.py:2941} INFO - Sync 1 DAGs
[2023-11-20T19:48:05.713+0000] {logging_mixin.py:154} INFO - [2023-11-20T19:48:05.712+0000] {dag.py:3722} INFO - Setting next_dagrun for example_dynamic_task_mapping_with_no_taskflow_operators to 2023-11-19T19:48:05.711925+00:00, run_after=2023-11-20T19:48:05.711925+00:00
[2023-11-20T19:48:05.770+0000] {processor.py:179} INFO - Processing /home/airflow/.local/lib/python3.8/site-packages/airflow/example_dags/example_dynamic_task_mapping_with_no_taskflow_operators.py took 0.317 seconds
