[2023-11-20T19:35:59.506+0000] {processor.py:157} INFO - Started process (PID=71) to work on /home/airflow/.local/lib/python3.8/site-packages/airflow/example_dags/example_task_group_decorator.py
[2023-11-20T19:35:59.512+0000] {processor.py:829} INFO - Processing file /home/airflow/.local/lib/python3.8/site-packages/airflow/example_dags/example_task_group_decorator.py for tasks to queue
[2023-11-20T19:35:59.524+0000] {logging_mixin.py:154} INFO - [2023-11-20T19:35:59.523+0000] {dagbag.py:536} INFO - Filling up the DagBag from /home/airflow/.local/lib/python3.8/site-packages/airflow/example_dags/example_task_group_decorator.py
[2023-11-20T19:35:59.599+0000] {processor.py:839} INFO - DAG(s) dict_keys(['example_task_group_decorator']) retrieved from /home/airflow/.local/lib/python3.8/site-packages/airflow/example_dags/example_task_group_decorator.py
[2023-11-20T19:35:59.670+0000] {logging_mixin.py:154} INFO - [2023-11-20T19:35:59.669+0000] {dag.py:2941} INFO - Sync 1 DAGs
[2023-11-20T19:35:59.714+0000] {logging_mixin.py:154} INFO - [2023-11-20T19:35:59.714+0000] {dag.py:3722} INFO - Setting next_dagrun for example_task_group_decorator to 2023-11-19T19:35:59.714220+00:00, run_after=2023-11-20T19:35:59.714220+00:00
[2023-11-20T19:35:59.788+0000] {processor.py:179} INFO - Processing /home/airflow/.local/lib/python3.8/site-packages/airflow/example_dags/example_task_group_decorator.py took 0.311 seconds
[2023-11-20T19:36:30.922+0000] {processor.py:157} INFO - Started process (PID=124) to work on /home/airflow/.local/lib/python3.8/site-packages/airflow/example_dags/example_task_group_decorator.py
[2023-11-20T19:36:30.924+0000] {processor.py:829} INFO - Processing file /home/airflow/.local/lib/python3.8/site-packages/airflow/example_dags/example_task_group_decorator.py for tasks to queue
[2023-11-20T19:36:30.927+0000] {logging_mixin.py:154} INFO - [2023-11-20T19:36:30.927+0000] {dagbag.py:536} INFO - Filling up the DagBag from /home/airflow/.local/lib/python3.8/site-packages/airflow/example_dags/example_task_group_decorator.py
[2023-11-20T19:36:30.993+0000] {processor.py:839} INFO - DAG(s) dict_keys(['example_task_group_decorator']) retrieved from /home/airflow/.local/lib/python3.8/site-packages/airflow/example_dags/example_task_group_decorator.py
[2023-11-20T19:36:31.089+0000] {logging_mixin.py:154} INFO - [2023-11-20T19:36:31.088+0000] {dag.py:2941} INFO - Sync 1 DAGs
[2023-11-20T19:36:31.214+0000] {logging_mixin.py:154} INFO - [2023-11-20T19:36:31.213+0000] {dag.py:3722} INFO - Setting next_dagrun for example_task_group_decorator to 2023-11-19T19:36:31.213383+00:00, run_after=2023-11-20T19:36:31.213383+00:00
[2023-11-20T19:36:31.262+0000] {processor.py:179} INFO - Processing /home/airflow/.local/lib/python3.8/site-packages/airflow/example_dags/example_task_group_decorator.py took 0.345 seconds
[2023-11-20T19:37:02.338+0000] {processor.py:157} INFO - Started process (PID=178) to work on /home/airflow/.local/lib/python3.8/site-packages/airflow/example_dags/example_task_group_decorator.py
[2023-11-20T19:37:02.340+0000] {processor.py:829} INFO - Processing file /home/airflow/.local/lib/python3.8/site-packages/airflow/example_dags/example_task_group_decorator.py for tasks to queue
[2023-11-20T19:37:02.343+0000] {logging_mixin.py:154} INFO - [2023-11-20T19:37:02.343+0000] {dagbag.py:536} INFO - Filling up the DagBag from /home/airflow/.local/lib/python3.8/site-packages/airflow/example_dags/example_task_group_decorator.py
[2023-11-20T19:37:02.369+0000] {processor.py:839} INFO - DAG(s) dict_keys(['example_task_group_decorator']) retrieved from /home/airflow/.local/lib/python3.8/site-packages/airflow/example_dags/example_task_group_decorator.py
[2023-11-20T19:37:02.410+0000] {logging_mixin.py:154} INFO - [2023-11-20T19:37:02.410+0000] {dag.py:2941} INFO - Sync 1 DAGs
[2023-11-20T19:37:02.442+0000] {logging_mixin.py:154} INFO - [2023-11-20T19:37:02.441+0000] {dag.py:3722} INFO - Setting next_dagrun for example_task_group_decorator to 2023-11-19T19:37:02.441334+00:00, run_after=2023-11-20T19:37:02.441334+00:00
[2023-11-20T19:37:02.464+0000] {processor.py:179} INFO - Processing /home/airflow/.local/lib/python3.8/site-packages/airflow/example_dags/example_task_group_decorator.py took 0.132 seconds
[2023-11-20T19:37:33.119+0000] {processor.py:157} INFO - Started process (PID=231) to work on /home/airflow/.local/lib/python3.8/site-packages/airflow/example_dags/example_task_group_decorator.py
[2023-11-20T19:37:33.125+0000] {processor.py:829} INFO - Processing file /home/airflow/.local/lib/python3.8/site-packages/airflow/example_dags/example_task_group_decorator.py for tasks to queue
[2023-11-20T19:37:33.132+0000] {logging_mixin.py:154} INFO - [2023-11-20T19:37:33.131+0000] {dagbag.py:536} INFO - Filling up the DagBag from /home/airflow/.local/lib/python3.8/site-packages/airflow/example_dags/example_task_group_decorator.py
[2023-11-20T19:37:33.161+0000] {processor.py:839} INFO - DAG(s) dict_keys(['example_task_group_decorator']) retrieved from /home/airflow/.local/lib/python3.8/site-packages/airflow/example_dags/example_task_group_decorator.py
[2023-11-20T19:37:33.199+0000] {logging_mixin.py:154} INFO - [2023-11-20T19:37:33.199+0000] {dag.py:2941} INFO - Sync 1 DAGs
[2023-11-20T19:37:33.231+0000] {logging_mixin.py:154} INFO - [2023-11-20T19:37:33.231+0000] {dag.py:3722} INFO - Setting next_dagrun for example_task_group_decorator to 2023-11-19T19:37:33.231087+00:00, run_after=2023-11-20T19:37:33.231087+00:00
[2023-11-20T19:37:33.255+0000] {processor.py:179} INFO - Processing /home/airflow/.local/lib/python3.8/site-packages/airflow/example_dags/example_task_group_decorator.py took 0.141 seconds
[2023-11-20T19:38:06.843+0000] {processor.py:157} INFO - Started process (PID=284) to work on /home/airflow/.local/lib/python3.8/site-packages/airflow/example_dags/example_task_group_decorator.py
[2023-11-20T19:38:06.845+0000] {processor.py:829} INFO - Processing file /home/airflow/.local/lib/python3.8/site-packages/airflow/example_dags/example_task_group_decorator.py for tasks to queue
[2023-11-20T19:38:06.850+0000] {logging_mixin.py:154} INFO - [2023-11-20T19:38:06.849+0000] {dagbag.py:536} INFO - Filling up the DagBag from /home/airflow/.local/lib/python3.8/site-packages/airflow/example_dags/example_task_group_decorator.py
[2023-11-20T19:38:06.942+0000] {processor.py:839} INFO - DAG(s) dict_keys(['example_task_group_decorator']) retrieved from /home/airflow/.local/lib/python3.8/site-packages/airflow/example_dags/example_task_group_decorator.py
[2023-11-20T19:38:07.009+0000] {logging_mixin.py:154} INFO - [2023-11-20T19:38:07.007+0000] {dag.py:2941} INFO - Sync 1 DAGs
[2023-11-20T19:38:07.055+0000] {logging_mixin.py:154} INFO - [2023-11-20T19:38:07.055+0000] {dag.py:3722} INFO - Setting next_dagrun for example_task_group_decorator to 2023-11-19T19:38:07.055075+00:00, run_after=2023-11-20T19:38:07.055075+00:00
[2023-11-20T19:38:07.086+0000] {processor.py:179} INFO - Processing /home/airflow/.local/lib/python3.8/site-packages/airflow/example_dags/example_task_group_decorator.py took 0.249 seconds
[2023-11-20T19:38:39.157+0000] {processor.py:157} INFO - Started process (PID=338) to work on /home/airflow/.local/lib/python3.8/site-packages/airflow/example_dags/example_task_group_decorator.py
[2023-11-20T19:38:39.158+0000] {processor.py:829} INFO - Processing file /home/airflow/.local/lib/python3.8/site-packages/airflow/example_dags/example_task_group_decorator.py for tasks to queue
[2023-11-20T19:38:39.162+0000] {logging_mixin.py:154} INFO - [2023-11-20T19:38:39.162+0000] {dagbag.py:536} INFO - Filling up the DagBag from /home/airflow/.local/lib/python3.8/site-packages/airflow/example_dags/example_task_group_decorator.py
[2023-11-20T19:38:39.217+0000] {processor.py:839} INFO - DAG(s) dict_keys(['example_task_group_decorator']) retrieved from /home/airflow/.local/lib/python3.8/site-packages/airflow/example_dags/example_task_group_decorator.py
[2023-11-20T19:38:39.303+0000] {logging_mixin.py:154} INFO - [2023-11-20T19:38:39.302+0000] {dag.py:2941} INFO - Sync 1 DAGs
[2023-11-20T19:38:39.347+0000] {logging_mixin.py:154} INFO - [2023-11-20T19:38:39.347+0000] {dag.py:3722} INFO - Setting next_dagrun for example_task_group_decorator to 2023-11-19T19:38:39.346763+00:00, run_after=2023-11-20T19:38:39.346763+00:00
[2023-11-20T19:38:39.380+0000] {processor.py:179} INFO - Processing /home/airflow/.local/lib/python3.8/site-packages/airflow/example_dags/example_task_group_decorator.py took 0.230 seconds
[2023-11-20T19:39:09.837+0000] {processor.py:157} INFO - Started process (PID=391) to work on /home/airflow/.local/lib/python3.8/site-packages/airflow/example_dags/example_task_group_decorator.py
[2023-11-20T19:39:09.844+0000] {processor.py:829} INFO - Processing file /home/airflow/.local/lib/python3.8/site-packages/airflow/example_dags/example_task_group_decorator.py for tasks to queue
[2023-11-20T19:39:09.853+0000] {logging_mixin.py:154} INFO - [2023-11-20T19:39:09.852+0000] {dagbag.py:536} INFO - Filling up the DagBag from /home/airflow/.local/lib/python3.8/site-packages/airflow/example_dags/example_task_group_decorator.py
[2023-11-20T19:39:09.951+0000] {processor.py:839} INFO - DAG(s) dict_keys(['example_task_group_decorator']) retrieved from /home/airflow/.local/lib/python3.8/site-packages/airflow/example_dags/example_task_group_decorator.py
[2023-11-20T19:39:10.075+0000] {logging_mixin.py:154} INFO - [2023-11-20T19:39:10.075+0000] {dag.py:2941} INFO - Sync 1 DAGs
[2023-11-20T19:39:10.166+0000] {logging_mixin.py:154} INFO - [2023-11-20T19:39:10.166+0000] {dag.py:3722} INFO - Setting next_dagrun for example_task_group_decorator to 2023-11-19T19:39:10.166171+00:00, run_after=2023-11-20T19:39:10.166171+00:00
[2023-11-20T19:39:10.212+0000] {processor.py:179} INFO - Processing /home/airflow/.local/lib/python3.8/site-packages/airflow/example_dags/example_task_group_decorator.py took 0.382 seconds
[2023-11-20T19:39:40.914+0000] {processor.py:157} INFO - Started process (PID=444) to work on /home/airflow/.local/lib/python3.8/site-packages/airflow/example_dags/example_task_group_decorator.py
[2023-11-20T19:39:40.922+0000] {processor.py:829} INFO - Processing file /home/airflow/.local/lib/python3.8/site-packages/airflow/example_dags/example_task_group_decorator.py for tasks to queue
[2023-11-20T19:39:40.926+0000] {logging_mixin.py:154} INFO - [2023-11-20T19:39:40.926+0000] {dagbag.py:536} INFO - Filling up the DagBag from /home/airflow/.local/lib/python3.8/site-packages/airflow/example_dags/example_task_group_decorator.py
[2023-11-20T19:39:40.965+0000] {processor.py:839} INFO - DAG(s) dict_keys(['example_task_group_decorator']) retrieved from /home/airflow/.local/lib/python3.8/site-packages/airflow/example_dags/example_task_group_decorator.py
[2023-11-20T19:39:41.020+0000] {logging_mixin.py:154} INFO - [2023-11-20T19:39:41.019+0000] {dag.py:2941} INFO - Sync 1 DAGs
[2023-11-20T19:39:41.072+0000] {logging_mixin.py:154} INFO - [2023-11-20T19:39:41.072+0000] {dag.py:3722} INFO - Setting next_dagrun for example_task_group_decorator to 2023-11-19T19:39:41.071939+00:00, run_after=2023-11-20T19:39:41.071939+00:00
[2023-11-20T19:39:41.106+0000] {processor.py:179} INFO - Processing /home/airflow/.local/lib/python3.8/site-packages/airflow/example_dags/example_task_group_decorator.py took 0.206 seconds
[2023-11-20T19:40:12.187+0000] {processor.py:157} INFO - Started process (PID=498) to work on /home/airflow/.local/lib/python3.8/site-packages/airflow/example_dags/example_task_group_decorator.py
[2023-11-20T19:40:12.189+0000] {processor.py:829} INFO - Processing file /home/airflow/.local/lib/python3.8/site-packages/airflow/example_dags/example_task_group_decorator.py for tasks to queue
[2023-11-20T19:40:12.196+0000] {logging_mixin.py:154} INFO - [2023-11-20T19:40:12.195+0000] {dagbag.py:536} INFO - Filling up the DagBag from /home/airflow/.local/lib/python3.8/site-packages/airflow/example_dags/example_task_group_decorator.py
[2023-11-20T19:40:12.232+0000] {processor.py:839} INFO - DAG(s) dict_keys(['example_task_group_decorator']) retrieved from /home/airflow/.local/lib/python3.8/site-packages/airflow/example_dags/example_task_group_decorator.py
[2023-11-20T19:40:12.306+0000] {logging_mixin.py:154} INFO - [2023-11-20T19:40:12.306+0000] {dag.py:2941} INFO - Sync 1 DAGs
[2023-11-20T19:40:12.372+0000] {logging_mixin.py:154} INFO - [2023-11-20T19:40:12.372+0000] {dag.py:3722} INFO - Setting next_dagrun for example_task_group_decorator to 2023-11-19T19:40:12.371541+00:00, run_after=2023-11-20T19:40:12.371541+00:00
[2023-11-20T19:40:12.435+0000] {processor.py:179} INFO - Processing /home/airflow/.local/lib/python3.8/site-packages/airflow/example_dags/example_task_group_decorator.py took 0.253 seconds
[2023-11-20T19:40:42.549+0000] {processor.py:157} INFO - Started process (PID=552) to work on /home/airflow/.local/lib/python3.8/site-packages/airflow/example_dags/example_task_group_decorator.py
[2023-11-20T19:40:42.554+0000] {processor.py:829} INFO - Processing file /home/airflow/.local/lib/python3.8/site-packages/airflow/example_dags/example_task_group_decorator.py for tasks to queue
[2023-11-20T19:40:42.560+0000] {logging_mixin.py:154} INFO - [2023-11-20T19:40:42.559+0000] {dagbag.py:536} INFO - Filling up the DagBag from /home/airflow/.local/lib/python3.8/site-packages/airflow/example_dags/example_task_group_decorator.py
[2023-11-20T19:40:42.588+0000] {processor.py:839} INFO - DAG(s) dict_keys(['example_task_group_decorator']) retrieved from /home/airflow/.local/lib/python3.8/site-packages/airflow/example_dags/example_task_group_decorator.py
[2023-11-20T19:40:42.643+0000] {logging_mixin.py:154} INFO - [2023-11-20T19:40:42.643+0000] {dag.py:2941} INFO - Sync 1 DAGs
[2023-11-20T19:40:42.706+0000] {logging_mixin.py:154} INFO - [2023-11-20T19:40:42.705+0000] {dag.py:3722} INFO - Setting next_dagrun for example_task_group_decorator to 2023-11-19T19:40:42.705578+00:00, run_after=2023-11-20T19:40:42.705578+00:00
[2023-11-20T19:40:42.760+0000] {processor.py:179} INFO - Processing /home/airflow/.local/lib/python3.8/site-packages/airflow/example_dags/example_task_group_decorator.py took 0.217 seconds
[2023-11-20T19:41:13.358+0000] {processor.py:157} INFO - Started process (PID=605) to work on /home/airflow/.local/lib/python3.8/site-packages/airflow/example_dags/example_task_group_decorator.py
[2023-11-20T19:41:13.359+0000] {processor.py:829} INFO - Processing file /home/airflow/.local/lib/python3.8/site-packages/airflow/example_dags/example_task_group_decorator.py for tasks to queue
[2023-11-20T19:41:13.362+0000] {logging_mixin.py:154} INFO - [2023-11-20T19:41:13.362+0000] {dagbag.py:536} INFO - Filling up the DagBag from /home/airflow/.local/lib/python3.8/site-packages/airflow/example_dags/example_task_group_decorator.py
[2023-11-20T19:41:13.388+0000] {processor.py:839} INFO - DAG(s) dict_keys(['example_task_group_decorator']) retrieved from /home/airflow/.local/lib/python3.8/site-packages/airflow/example_dags/example_task_group_decorator.py
[2023-11-20T19:41:13.430+0000] {logging_mixin.py:154} INFO - [2023-11-20T19:41:13.429+0000] {dag.py:2941} INFO - Sync 1 DAGs
[2023-11-20T19:41:13.461+0000] {logging_mixin.py:154} INFO - [2023-11-20T19:41:13.461+0000] {dag.py:3722} INFO - Setting next_dagrun for example_task_group_decorator to 2023-11-19T19:41:13.460892+00:00, run_after=2023-11-20T19:41:13.460892+00:00
[2023-11-20T19:41:13.496+0000] {processor.py:179} INFO - Processing /home/airflow/.local/lib/python3.8/site-packages/airflow/example_dags/example_task_group_decorator.py took 0.144 seconds
[2023-11-20T19:41:44.134+0000] {processor.py:157} INFO - Started process (PID=659) to work on /home/airflow/.local/lib/python3.8/site-packages/airflow/example_dags/example_task_group_decorator.py
[2023-11-20T19:41:44.137+0000] {processor.py:829} INFO - Processing file /home/airflow/.local/lib/python3.8/site-packages/airflow/example_dags/example_task_group_decorator.py for tasks to queue
[2023-11-20T19:41:44.141+0000] {logging_mixin.py:154} INFO - [2023-11-20T19:41:44.140+0000] {dagbag.py:536} INFO - Filling up the DagBag from /home/airflow/.local/lib/python3.8/site-packages/airflow/example_dags/example_task_group_decorator.py
[2023-11-20T19:41:44.178+0000] {processor.py:839} INFO - DAG(s) dict_keys(['example_task_group_decorator']) retrieved from /home/airflow/.local/lib/python3.8/site-packages/airflow/example_dags/example_task_group_decorator.py
[2023-11-20T19:41:44.242+0000] {logging_mixin.py:154} INFO - [2023-11-20T19:41:44.242+0000] {dag.py:2941} INFO - Sync 1 DAGs
[2023-11-20T19:41:44.295+0000] {logging_mixin.py:154} INFO - [2023-11-20T19:41:44.294+0000] {dag.py:3722} INFO - Setting next_dagrun for example_task_group_decorator to 2023-11-19T19:41:44.293975+00:00, run_after=2023-11-20T19:41:44.293975+00:00
[2023-11-20T19:41:44.367+0000] {processor.py:179} INFO - Processing /home/airflow/.local/lib/python3.8/site-packages/airflow/example_dags/example_task_group_decorator.py took 0.239 seconds
[2023-11-20T19:42:14.831+0000] {processor.py:157} INFO - Started process (PID=713) to work on /home/airflow/.local/lib/python3.8/site-packages/airflow/example_dags/example_task_group_decorator.py
[2023-11-20T19:42:14.835+0000] {processor.py:829} INFO - Processing file /home/airflow/.local/lib/python3.8/site-packages/airflow/example_dags/example_task_group_decorator.py for tasks to queue
[2023-11-20T19:42:14.845+0000] {logging_mixin.py:154} INFO - [2023-11-20T19:42:14.845+0000] {dagbag.py:536} INFO - Filling up the DagBag from /home/airflow/.local/lib/python3.8/site-packages/airflow/example_dags/example_task_group_decorator.py
[2023-11-20T19:42:14.879+0000] {processor.py:839} INFO - DAG(s) dict_keys(['example_task_group_decorator']) retrieved from /home/airflow/.local/lib/python3.8/site-packages/airflow/example_dags/example_task_group_decorator.py
[2023-11-20T19:42:14.956+0000] {logging_mixin.py:154} INFO - [2023-11-20T19:42:14.956+0000] {dag.py:2941} INFO - Sync 1 DAGs
[2023-11-20T19:42:15.031+0000] {logging_mixin.py:154} INFO - [2023-11-20T19:42:15.031+0000] {dag.py:3722} INFO - Setting next_dagrun for example_task_group_decorator to 2023-11-19T19:42:15.028473+00:00, run_after=2023-11-20T19:42:15.028473+00:00
[2023-11-20T19:42:15.086+0000] {processor.py:179} INFO - Processing /home/airflow/.local/lib/python3.8/site-packages/airflow/example_dags/example_task_group_decorator.py took 0.267 seconds
[2023-11-20T19:42:45.905+0000] {processor.py:157} INFO - Started process (PID=767) to work on /home/airflow/.local/lib/python3.8/site-packages/airflow/example_dags/example_task_group_decorator.py
[2023-11-20T19:42:45.908+0000] {processor.py:829} INFO - Processing file /home/airflow/.local/lib/python3.8/site-packages/airflow/example_dags/example_task_group_decorator.py for tasks to queue
[2023-11-20T19:42:45.921+0000] {logging_mixin.py:154} INFO - [2023-11-20T19:42:45.920+0000] {dagbag.py:536} INFO - Filling up the DagBag from /home/airflow/.local/lib/python3.8/site-packages/airflow/example_dags/example_task_group_decorator.py
[2023-11-20T19:42:45.990+0000] {processor.py:839} INFO - DAG(s) dict_keys(['example_task_group_decorator']) retrieved from /home/airflow/.local/lib/python3.8/site-packages/airflow/example_dags/example_task_group_decorator.py
[2023-11-20T19:42:46.029+0000] {logging_mixin.py:154} INFO - [2023-11-20T19:42:46.029+0000] {dag.py:2941} INFO - Sync 1 DAGs
[2023-11-20T19:42:46.075+0000] {logging_mixin.py:154} INFO - [2023-11-20T19:42:46.075+0000] {dag.py:3722} INFO - Setting next_dagrun for example_task_group_decorator to 2023-11-19T19:42:46.075001+00:00, run_after=2023-11-20T19:42:46.075001+00:00
[2023-11-20T19:42:46.114+0000] {processor.py:179} INFO - Processing /home/airflow/.local/lib/python3.8/site-packages/airflow/example_dags/example_task_group_decorator.py took 0.220 seconds
[2023-11-20T19:43:17.326+0000] {processor.py:157} INFO - Started process (PID=821) to work on /home/airflow/.local/lib/python3.8/site-packages/airflow/example_dags/example_task_group_decorator.py
[2023-11-20T19:43:17.330+0000] {processor.py:829} INFO - Processing file /home/airflow/.local/lib/python3.8/site-packages/airflow/example_dags/example_task_group_decorator.py for tasks to queue
[2023-11-20T19:43:17.345+0000] {logging_mixin.py:154} INFO - [2023-11-20T19:43:17.345+0000] {dagbag.py:536} INFO - Filling up the DagBag from /home/airflow/.local/lib/python3.8/site-packages/airflow/example_dags/example_task_group_decorator.py
[2023-11-20T19:43:17.477+0000] {processor.py:839} INFO - DAG(s) dict_keys(['example_task_group_decorator']) retrieved from /home/airflow/.local/lib/python3.8/site-packages/airflow/example_dags/example_task_group_decorator.py
[2023-11-20T19:43:17.626+0000] {logging_mixin.py:154} INFO - [2023-11-20T19:43:17.625+0000] {dag.py:2941} INFO - Sync 1 DAGs
[2023-11-20T19:43:17.673+0000] {logging_mixin.py:154} INFO - [2023-11-20T19:43:17.673+0000] {dag.py:3722} INFO - Setting next_dagrun for example_task_group_decorator to 2023-11-19T19:43:17.673320+00:00, run_after=2023-11-20T19:43:17.673320+00:00
[2023-11-20T19:43:17.890+0000] {processor.py:179} INFO - Processing /home/airflow/.local/lib/python3.8/site-packages/airflow/example_dags/example_task_group_decorator.py took 0.572 seconds
[2023-11-20T19:43:48.557+0000] {processor.py:157} INFO - Started process (PID=875) to work on /home/airflow/.local/lib/python3.8/site-packages/airflow/example_dags/example_task_group_decorator.py
[2023-11-20T19:43:48.558+0000] {processor.py:829} INFO - Processing file /home/airflow/.local/lib/python3.8/site-packages/airflow/example_dags/example_task_group_decorator.py for tasks to queue
[2023-11-20T19:43:48.562+0000] {logging_mixin.py:154} INFO - [2023-11-20T19:43:48.562+0000] {dagbag.py:536} INFO - Filling up the DagBag from /home/airflow/.local/lib/python3.8/site-packages/airflow/example_dags/example_task_group_decorator.py
[2023-11-20T19:43:48.614+0000] {processor.py:839} INFO - DAG(s) dict_keys(['example_task_group_decorator']) retrieved from /home/airflow/.local/lib/python3.8/site-packages/airflow/example_dags/example_task_group_decorator.py
[2023-11-20T19:43:48.719+0000] {logging_mixin.py:154} INFO - [2023-11-20T19:43:48.719+0000] {dag.py:2941} INFO - Sync 1 DAGs
[2023-11-20T19:43:48.777+0000] {logging_mixin.py:154} INFO - [2023-11-20T19:43:48.777+0000] {dag.py:3722} INFO - Setting next_dagrun for example_task_group_decorator to 2023-11-19T19:43:48.776961+00:00, run_after=2023-11-20T19:43:48.776961+00:00
[2023-11-20T19:43:48.814+0000] {processor.py:179} INFO - Processing /home/airflow/.local/lib/python3.8/site-packages/airflow/example_dags/example_task_group_decorator.py took 0.274 seconds
[2023-11-20T19:44:19.429+0000] {processor.py:157} INFO - Started process (PID=927) to work on /home/airflow/.local/lib/python3.8/site-packages/airflow/example_dags/example_task_group_decorator.py
[2023-11-20T19:44:19.444+0000] {processor.py:829} INFO - Processing file /home/airflow/.local/lib/python3.8/site-packages/airflow/example_dags/example_task_group_decorator.py for tasks to queue
[2023-11-20T19:44:19.452+0000] {logging_mixin.py:154} INFO - [2023-11-20T19:44:19.451+0000] {dagbag.py:536} INFO - Filling up the DagBag from /home/airflow/.local/lib/python3.8/site-packages/airflow/example_dags/example_task_group_decorator.py
[2023-11-20T19:44:19.508+0000] {processor.py:839} INFO - DAG(s) dict_keys(['example_task_group_decorator']) retrieved from /home/airflow/.local/lib/python3.8/site-packages/airflow/example_dags/example_task_group_decorator.py
[2023-11-20T19:44:19.600+0000] {logging_mixin.py:154} INFO - [2023-11-20T19:44:19.600+0000] {dag.py:2941} INFO - Sync 1 DAGs
[2023-11-20T19:44:19.640+0000] {logging_mixin.py:154} INFO - [2023-11-20T19:44:19.640+0000] {dag.py:3722} INFO - Setting next_dagrun for example_task_group_decorator to 2023-11-19T19:44:19.639615+00:00, run_after=2023-11-20T19:44:19.639615+00:00
[2023-11-20T19:44:19.712+0000] {processor.py:179} INFO - Processing /home/airflow/.local/lib/python3.8/site-packages/airflow/example_dags/example_task_group_decorator.py took 0.341 seconds
[2023-11-20T19:44:50.342+0000] {processor.py:157} INFO - Started process (PID=982) to work on /home/airflow/.local/lib/python3.8/site-packages/airflow/example_dags/example_task_group_decorator.py
[2023-11-20T19:44:50.344+0000] {processor.py:829} INFO - Processing file /home/airflow/.local/lib/python3.8/site-packages/airflow/example_dags/example_task_group_decorator.py for tasks to queue
[2023-11-20T19:44:50.348+0000] {logging_mixin.py:154} INFO - [2023-11-20T19:44:50.347+0000] {dagbag.py:536} INFO - Filling up the DagBag from /home/airflow/.local/lib/python3.8/site-packages/airflow/example_dags/example_task_group_decorator.py
[2023-11-20T19:44:50.405+0000] {processor.py:839} INFO - DAG(s) dict_keys(['example_task_group_decorator']) retrieved from /home/airflow/.local/lib/python3.8/site-packages/airflow/example_dags/example_task_group_decorator.py
[2023-11-20T19:44:50.461+0000] {logging_mixin.py:154} INFO - [2023-11-20T19:44:50.460+0000] {dag.py:2941} INFO - Sync 1 DAGs
[2023-11-20T19:44:50.531+0000] {logging_mixin.py:154} INFO - [2023-11-20T19:44:50.529+0000] {dag.py:3722} INFO - Setting next_dagrun for example_task_group_decorator to 2023-11-19T19:44:50.528840+00:00, run_after=2023-11-20T19:44:50.528840+00:00
[2023-11-20T19:44:51.102+0000] {processor.py:179} INFO - Processing /home/airflow/.local/lib/python3.8/site-packages/airflow/example_dags/example_task_group_decorator.py took 0.767 seconds
[2023-11-20T19:45:21.585+0000] {processor.py:157} INFO - Started process (PID=1036) to work on /home/airflow/.local/lib/python3.8/site-packages/airflow/example_dags/example_task_group_decorator.py
[2023-11-20T19:45:21.589+0000] {processor.py:829} INFO - Processing file /home/airflow/.local/lib/python3.8/site-packages/airflow/example_dags/example_task_group_decorator.py for tasks to queue
[2023-11-20T19:45:21.595+0000] {logging_mixin.py:154} INFO - [2023-11-20T19:45:21.594+0000] {dagbag.py:536} INFO - Filling up the DagBag from /home/airflow/.local/lib/python3.8/site-packages/airflow/example_dags/example_task_group_decorator.py
[2023-11-20T19:45:21.629+0000] {processor.py:839} INFO - DAG(s) dict_keys(['example_task_group_decorator']) retrieved from /home/airflow/.local/lib/python3.8/site-packages/airflow/example_dags/example_task_group_decorator.py
[2023-11-20T19:45:21.710+0000] {logging_mixin.py:154} INFO - [2023-11-20T19:45:21.710+0000] {dag.py:2941} INFO - Sync 1 DAGs
[2023-11-20T19:45:21.790+0000] {logging_mixin.py:154} INFO - [2023-11-20T19:45:21.790+0000] {dag.py:3722} INFO - Setting next_dagrun for example_task_group_decorator to 2023-11-19T19:45:21.789987+00:00, run_after=2023-11-20T19:45:21.789987+00:00
[2023-11-20T19:45:21.945+0000] {processor.py:179} INFO - Processing /home/airflow/.local/lib/python3.8/site-packages/airflow/example_dags/example_task_group_decorator.py took 0.368 seconds
[2023-11-20T19:45:53.656+0000] {processor.py:157} INFO - Started process (PID=1091) to work on /home/airflow/.local/lib/python3.8/site-packages/airflow/example_dags/example_task_group_decorator.py
[2023-11-20T19:45:53.658+0000] {processor.py:829} INFO - Processing file /home/airflow/.local/lib/python3.8/site-packages/airflow/example_dags/example_task_group_decorator.py for tasks to queue
[2023-11-20T19:45:53.666+0000] {logging_mixin.py:154} INFO - [2023-11-20T19:45:53.665+0000] {dagbag.py:536} INFO - Filling up the DagBag from /home/airflow/.local/lib/python3.8/site-packages/airflow/example_dags/example_task_group_decorator.py
[2023-11-20T19:45:53.733+0000] {processor.py:839} INFO - DAG(s) dict_keys(['example_task_group_decorator']) retrieved from /home/airflow/.local/lib/python3.8/site-packages/airflow/example_dags/example_task_group_decorator.py
[2023-11-20T19:45:53.842+0000] {logging_mixin.py:154} INFO - [2023-11-20T19:45:53.842+0000] {dag.py:2941} INFO - Sync 1 DAGs
[2023-11-20T19:45:53.895+0000] {logging_mixin.py:154} INFO - [2023-11-20T19:45:53.894+0000] {dag.py:3722} INFO - Setting next_dagrun for example_task_group_decorator to 2023-11-19T19:45:53.891774+00:00, run_after=2023-11-20T19:45:53.891774+00:00
[2023-11-20T19:45:53.937+0000] {processor.py:179} INFO - Processing /home/airflow/.local/lib/python3.8/site-packages/airflow/example_dags/example_task_group_decorator.py took 0.288 seconds
[2023-11-20T19:46:24.831+0000] {processor.py:157} INFO - Started process (PID=1144) to work on /home/airflow/.local/lib/python3.8/site-packages/airflow/example_dags/example_task_group_decorator.py
[2023-11-20T19:46:24.838+0000] {processor.py:829} INFO - Processing file /home/airflow/.local/lib/python3.8/site-packages/airflow/example_dags/example_task_group_decorator.py for tasks to queue
[2023-11-20T19:46:24.842+0000] {logging_mixin.py:154} INFO - [2023-11-20T19:46:24.841+0000] {dagbag.py:536} INFO - Filling up the DagBag from /home/airflow/.local/lib/python3.8/site-packages/airflow/example_dags/example_task_group_decorator.py
[2023-11-20T19:46:24.923+0000] {processor.py:839} INFO - DAG(s) dict_keys(['example_task_group_decorator']) retrieved from /home/airflow/.local/lib/python3.8/site-packages/airflow/example_dags/example_task_group_decorator.py
[2023-11-20T19:46:25.077+0000] {logging_mixin.py:154} INFO - [2023-11-20T19:46:25.077+0000] {dag.py:2941} INFO - Sync 1 DAGs
[2023-11-20T19:46:25.146+0000] {logging_mixin.py:154} INFO - [2023-11-20T19:46:25.145+0000] {dag.py:3722} INFO - Setting next_dagrun for example_task_group_decorator to 2023-11-19T19:46:25.145079+00:00, run_after=2023-11-20T19:46:25.145079+00:00
[2023-11-20T19:46:25.996+0000] {processor.py:179} INFO - Processing /home/airflow/.local/lib/python3.8/site-packages/airflow/example_dags/example_task_group_decorator.py took 1.170 seconds
[2023-11-20T19:46:56.376+0000] {processor.py:157} INFO - Started process (PID=1198) to work on /home/airflow/.local/lib/python3.8/site-packages/airflow/example_dags/example_task_group_decorator.py
[2023-11-20T19:46:56.379+0000] {processor.py:829} INFO - Processing file /home/airflow/.local/lib/python3.8/site-packages/airflow/example_dags/example_task_group_decorator.py for tasks to queue
[2023-11-20T19:46:56.383+0000] {logging_mixin.py:154} INFO - [2023-11-20T19:46:56.382+0000] {dagbag.py:536} INFO - Filling up the DagBag from /home/airflow/.local/lib/python3.8/site-packages/airflow/example_dags/example_task_group_decorator.py
[2023-11-20T19:46:56.427+0000] {processor.py:839} INFO - DAG(s) dict_keys(['example_task_group_decorator']) retrieved from /home/airflow/.local/lib/python3.8/site-packages/airflow/example_dags/example_task_group_decorator.py
[2023-11-20T19:46:56.550+0000] {logging_mixin.py:154} INFO - [2023-11-20T19:46:56.549+0000] {dag.py:2941} INFO - Sync 1 DAGs
[2023-11-20T19:46:56.611+0000] {logging_mixin.py:154} INFO - [2023-11-20T19:46:56.610+0000] {dag.py:3722} INFO - Setting next_dagrun for example_task_group_decorator to 2023-11-19T19:46:56.610092+00:00, run_after=2023-11-20T19:46:56.610092+00:00
[2023-11-20T19:46:56.655+0000] {processor.py:179} INFO - Processing /home/airflow/.local/lib/python3.8/site-packages/airflow/example_dags/example_task_group_decorator.py took 0.293 seconds
[2023-11-20T19:47:26.796+0000] {processor.py:157} INFO - Started process (PID=1251) to work on /home/airflow/.local/lib/python3.8/site-packages/airflow/example_dags/example_task_group_decorator.py
[2023-11-20T19:47:26.805+0000] {processor.py:829} INFO - Processing file /home/airflow/.local/lib/python3.8/site-packages/airflow/example_dags/example_task_group_decorator.py for tasks to queue
[2023-11-20T19:47:26.809+0000] {logging_mixin.py:154} INFO - [2023-11-20T19:47:26.808+0000] {dagbag.py:536} INFO - Filling up the DagBag from /home/airflow/.local/lib/python3.8/site-packages/airflow/example_dags/example_task_group_decorator.py
[2023-11-20T19:47:26.884+0000] {processor.py:839} INFO - DAG(s) dict_keys(['example_task_group_decorator']) retrieved from /home/airflow/.local/lib/python3.8/site-packages/airflow/example_dags/example_task_group_decorator.py
[2023-11-20T19:47:27.036+0000] {logging_mixin.py:154} INFO - [2023-11-20T19:47:27.036+0000] {dag.py:2941} INFO - Sync 1 DAGs
[2023-11-20T19:47:27.447+0000] {logging_mixin.py:154} INFO - [2023-11-20T19:47:27.447+0000] {dag.py:3722} INFO - Setting next_dagrun for example_task_group_decorator to 2023-11-19T19:47:27.446986+00:00, run_after=2023-11-20T19:47:27.446986+00:00
[2023-11-20T19:47:27.481+0000] {processor.py:179} INFO - Processing /home/airflow/.local/lib/python3.8/site-packages/airflow/example_dags/example_task_group_decorator.py took 0.699 seconds
[2023-11-20T19:48:04.001+0000] {processor.py:157} INFO - Started process (PID=1311) to work on /home/airflow/.local/lib/python3.8/site-packages/airflow/example_dags/example_task_group_decorator.py
[2023-11-20T19:48:04.009+0000] {processor.py:829} INFO - Processing file /home/airflow/.local/lib/python3.8/site-packages/airflow/example_dags/example_task_group_decorator.py for tasks to queue
[2023-11-20T19:48:04.028+0000] {logging_mixin.py:154} INFO - [2023-11-20T19:48:04.028+0000] {dagbag.py:536} INFO - Filling up the DagBag from /home/airflow/.local/lib/python3.8/site-packages/airflow/example_dags/example_task_group_decorator.py
[2023-11-20T19:48:04.206+0000] {processor.py:839} INFO - DAG(s) dict_keys(['example_task_group_decorator']) retrieved from /home/airflow/.local/lib/python3.8/site-packages/airflow/example_dags/example_task_group_decorator.py
[2023-11-20T19:48:04.501+0000] {logging_mixin.py:154} INFO - [2023-11-20T19:48:04.501+0000] {dag.py:2941} INFO - Sync 1 DAGs
[2023-11-20T19:48:04.662+0000] {logging_mixin.py:154} INFO - [2023-11-20T19:48:04.662+0000] {dag.py:3722} INFO - Setting next_dagrun for example_task_group_decorator to 2023-11-19T19:48:04.661941+00:00, run_after=2023-11-20T19:48:04.661941+00:00
[2023-11-20T19:48:04.748+0000] {processor.py:179} INFO - Processing /home/airflow/.local/lib/python3.8/site-packages/airflow/example_dags/example_task_group_decorator.py took 0.779 seconds
