[2023-11-20T19:36:01.637+0000] {processor.py:157} INFO - Started process (PID=76) to work on /home/airflow/.local/lib/python3.8/site-packages/airflow/example_dags/example_xcomargs.py
[2023-11-20T19:36:01.642+0000] {processor.py:829} INFO - Processing file /home/airflow/.local/lib/python3.8/site-packages/airflow/example_dags/example_xcomargs.py for tasks to queue
[2023-11-20T19:36:01.655+0000] {logging_mixin.py:154} INFO - [2023-11-20T19:36:01.655+0000] {dagbag.py:536} INFO - Filling up the DagBag from /home/airflow/.local/lib/python3.8/site-packages/airflow/example_dags/example_xcomargs.py
[2023-11-20T19:36:01.705+0000] {processor.py:839} INFO - DAG(s) dict_keys(['example_xcom_args', 'example_xcom_args_with_operators']) retrieved from /home/airflow/.local/lib/python3.8/site-packages/airflow/example_dags/example_xcomargs.py
[2023-11-20T19:36:01.950+0000] {logging_mixin.py:154} INFO - [2023-11-20T19:36:01.949+0000] {dag.py:2941} INFO - Sync 2 DAGs
[2023-11-20T19:36:02.198+0000] {logging_mixin.py:154} INFO - [2023-11-20T19:36:02.186+0000] {dag.py:3722} INFO - Setting next_dagrun for example_xcom_args to None, run_after=None
[2023-11-20T19:36:02.246+0000] {logging_mixin.py:154} INFO - [2023-11-20T19:36:02.245+0000] {dag.py:3722} INFO - Setting next_dagrun for example_xcom_args_with_operators to None, run_after=None
[2023-11-20T19:36:02.450+0000] {processor.py:179} INFO - Processing /home/airflow/.local/lib/python3.8/site-packages/airflow/example_dags/example_xcomargs.py took 0.836 seconds
[2023-11-20T19:36:33.348+0000] {processor.py:157} INFO - Started process (PID=128) to work on /home/airflow/.local/lib/python3.8/site-packages/airflow/example_dags/example_xcomargs.py
[2023-11-20T19:36:33.383+0000] {processor.py:829} INFO - Processing file /home/airflow/.local/lib/python3.8/site-packages/airflow/example_dags/example_xcomargs.py for tasks to queue
[2023-11-20T19:36:33.389+0000] {logging_mixin.py:154} INFO - [2023-11-20T19:36:33.389+0000] {dagbag.py:536} INFO - Filling up the DagBag from /home/airflow/.local/lib/python3.8/site-packages/airflow/example_dags/example_xcomargs.py
[2023-11-20T19:36:33.472+0000] {processor.py:839} INFO - DAG(s) dict_keys(['example_xcom_args', 'example_xcom_args_with_operators']) retrieved from /home/airflow/.local/lib/python3.8/site-packages/airflow/example_dags/example_xcomargs.py
[2023-11-20T19:36:33.515+0000] {logging_mixin.py:154} INFO - [2023-11-20T19:36:33.514+0000] {dag.py:2941} INFO - Sync 2 DAGs
[2023-11-20T19:36:33.561+0000] {logging_mixin.py:154} INFO - [2023-11-20T19:36:33.561+0000] {dag.py:3722} INFO - Setting next_dagrun for example_xcom_args to None, run_after=None
[2023-11-20T19:36:33.572+0000] {logging_mixin.py:154} INFO - [2023-11-20T19:36:33.572+0000] {dag.py:3722} INFO - Setting next_dagrun for example_xcom_args_with_operators to None, run_after=None
[2023-11-20T19:36:33.614+0000] {processor.py:179} INFO - Processing /home/airflow/.local/lib/python3.8/site-packages/airflow/example_dags/example_xcomargs.py took 0.272 seconds
[2023-11-20T19:37:03.758+0000] {processor.py:157} INFO - Started process (PID=182) to work on /home/airflow/.local/lib/python3.8/site-packages/airflow/example_dags/example_xcomargs.py
[2023-11-20T19:37:03.761+0000] {processor.py:829} INFO - Processing file /home/airflow/.local/lib/python3.8/site-packages/airflow/example_dags/example_xcomargs.py for tasks to queue
[2023-11-20T19:37:03.764+0000] {logging_mixin.py:154} INFO - [2023-11-20T19:37:03.764+0000] {dagbag.py:536} INFO - Filling up the DagBag from /home/airflow/.local/lib/python3.8/site-packages/airflow/example_dags/example_xcomargs.py
[2023-11-20T19:37:03.777+0000] {processor.py:839} INFO - DAG(s) dict_keys(['example_xcom_args', 'example_xcom_args_with_operators']) retrieved from /home/airflow/.local/lib/python3.8/site-packages/airflow/example_dags/example_xcomargs.py
[2023-11-20T19:37:03.821+0000] {logging_mixin.py:154} INFO - [2023-11-20T19:37:03.821+0000] {dag.py:2941} INFO - Sync 2 DAGs
[2023-11-20T19:37:03.843+0000] {logging_mixin.py:154} INFO - [2023-11-20T19:37:03.843+0000] {dag.py:3722} INFO - Setting next_dagrun for example_xcom_args to None, run_after=None
[2023-11-20T19:37:03.849+0000] {logging_mixin.py:154} INFO - [2023-11-20T19:37:03.849+0000] {dag.py:3722} INFO - Setting next_dagrun for example_xcom_args_with_operators to None, run_after=None
[2023-11-20T19:37:03.880+0000] {processor.py:179} INFO - Processing /home/airflow/.local/lib/python3.8/site-packages/airflow/example_dags/example_xcomargs.py took 0.128 seconds
[2023-11-20T19:37:34.462+0000] {processor.py:157} INFO - Started process (PID=235) to work on /home/airflow/.local/lib/python3.8/site-packages/airflow/example_dags/example_xcomargs.py
[2023-11-20T19:37:34.465+0000] {processor.py:829} INFO - Processing file /home/airflow/.local/lib/python3.8/site-packages/airflow/example_dags/example_xcomargs.py for tasks to queue
[2023-11-20T19:37:34.468+0000] {logging_mixin.py:154} INFO - [2023-11-20T19:37:34.468+0000] {dagbag.py:536} INFO - Filling up the DagBag from /home/airflow/.local/lib/python3.8/site-packages/airflow/example_dags/example_xcomargs.py
[2023-11-20T19:37:34.479+0000] {processor.py:839} INFO - DAG(s) dict_keys(['example_xcom_args', 'example_xcom_args_with_operators']) retrieved from /home/airflow/.local/lib/python3.8/site-packages/airflow/example_dags/example_xcomargs.py
[2023-11-20T19:37:34.510+0000] {logging_mixin.py:154} INFO - [2023-11-20T19:37:34.510+0000] {dag.py:2941} INFO - Sync 2 DAGs
[2023-11-20T19:37:34.526+0000] {logging_mixin.py:154} INFO - [2023-11-20T19:37:34.526+0000] {dag.py:3722} INFO - Setting next_dagrun for example_xcom_args to None, run_after=None
[2023-11-20T19:37:34.530+0000] {logging_mixin.py:154} INFO - [2023-11-20T19:37:34.530+0000] {dag.py:3722} INFO - Setting next_dagrun for example_xcom_args_with_operators to None, run_after=None
[2023-11-20T19:37:34.551+0000] {processor.py:179} INFO - Processing /home/airflow/.local/lib/python3.8/site-packages/airflow/example_dags/example_xcomargs.py took 0.094 seconds
[2023-11-20T19:38:07.320+0000] {processor.py:157} INFO - Started process (PID=288) to work on /home/airflow/.local/lib/python3.8/site-packages/airflow/example_dags/example_xcomargs.py
[2023-11-20T19:38:07.322+0000] {processor.py:829} INFO - Processing file /home/airflow/.local/lib/python3.8/site-packages/airflow/example_dags/example_xcomargs.py for tasks to queue
[2023-11-20T19:38:07.327+0000] {logging_mixin.py:154} INFO - [2023-11-20T19:38:07.325+0000] {dagbag.py:536} INFO - Filling up the DagBag from /home/airflow/.local/lib/python3.8/site-packages/airflow/example_dags/example_xcomargs.py
[2023-11-20T19:38:07.343+0000] {processor.py:839} INFO - DAG(s) dict_keys(['example_xcom_args', 'example_xcom_args_with_operators']) retrieved from /home/airflow/.local/lib/python3.8/site-packages/airflow/example_dags/example_xcomargs.py
[2023-11-20T19:38:07.393+0000] {logging_mixin.py:154} INFO - [2023-11-20T19:38:07.393+0000] {dag.py:2941} INFO - Sync 2 DAGs
[2023-11-20T19:38:07.418+0000] {logging_mixin.py:154} INFO - [2023-11-20T19:38:07.417+0000] {dag.py:3722} INFO - Setting next_dagrun for example_xcom_args to None, run_after=None
[2023-11-20T19:38:07.425+0000] {logging_mixin.py:154} INFO - [2023-11-20T19:38:07.425+0000] {dag.py:3722} INFO - Setting next_dagrun for example_xcom_args_with_operators to None, run_after=None
[2023-11-20T19:38:07.460+0000] {processor.py:179} INFO - Processing /home/airflow/.local/lib/python3.8/site-packages/airflow/example_dags/example_xcomargs.py took 0.151 seconds
[2023-11-20T19:38:39.962+0000] {processor.py:157} INFO - Started process (PID=342) to work on /home/airflow/.local/lib/python3.8/site-packages/airflow/example_dags/example_xcomargs.py
[2023-11-20T19:38:39.972+0000] {processor.py:829} INFO - Processing file /home/airflow/.local/lib/python3.8/site-packages/airflow/example_dags/example_xcomargs.py for tasks to queue
[2023-11-20T19:38:39.989+0000] {logging_mixin.py:154} INFO - [2023-11-20T19:38:39.988+0000] {dagbag.py:536} INFO - Filling up the DagBag from /home/airflow/.local/lib/python3.8/site-packages/airflow/example_dags/example_xcomargs.py
[2023-11-20T19:38:40.016+0000] {processor.py:839} INFO - DAG(s) dict_keys(['example_xcom_args_with_operators', 'example_xcom_args']) retrieved from /home/airflow/.local/lib/python3.8/site-packages/airflow/example_dags/example_xcomargs.py
[2023-11-20T19:38:40.105+0000] {logging_mixin.py:154} INFO - [2023-11-20T19:38:40.104+0000] {dag.py:2941} INFO - Sync 2 DAGs
[2023-11-20T19:38:40.136+0000] {logging_mixin.py:154} INFO - [2023-11-20T19:38:40.135+0000] {dag.py:3722} INFO - Setting next_dagrun for example_xcom_args to None, run_after=None
[2023-11-20T19:38:40.145+0000] {logging_mixin.py:154} INFO - [2023-11-20T19:38:40.145+0000] {dag.py:3722} INFO - Setting next_dagrun for example_xcom_args_with_operators to None, run_after=None
[2023-11-20T19:38:40.227+0000] {processor.py:179} INFO - Processing /home/airflow/.local/lib/python3.8/site-packages/airflow/example_dags/example_xcomargs.py took 0.318 seconds
[2023-11-20T19:39:10.748+0000] {processor.py:157} INFO - Started process (PID=395) to work on /home/airflow/.local/lib/python3.8/site-packages/airflow/example_dags/example_xcomargs.py
[2023-11-20T19:39:10.750+0000] {processor.py:829} INFO - Processing file /home/airflow/.local/lib/python3.8/site-packages/airflow/example_dags/example_xcomargs.py for tasks to queue
[2023-11-20T19:39:10.754+0000] {logging_mixin.py:154} INFO - [2023-11-20T19:39:10.753+0000] {dagbag.py:536} INFO - Filling up the DagBag from /home/airflow/.local/lib/python3.8/site-packages/airflow/example_dags/example_xcomargs.py
[2023-11-20T19:39:10.798+0000] {processor.py:839} INFO - DAG(s) dict_keys(['example_xcom_args', 'example_xcom_args_with_operators']) retrieved from /home/airflow/.local/lib/python3.8/site-packages/airflow/example_dags/example_xcomargs.py
[2023-11-20T19:39:10.850+0000] {logging_mixin.py:154} INFO - [2023-11-20T19:39:10.850+0000] {dag.py:2941} INFO - Sync 2 DAGs
[2023-11-20T19:39:10.876+0000] {logging_mixin.py:154} INFO - [2023-11-20T19:39:10.876+0000] {dag.py:3722} INFO - Setting next_dagrun for example_xcom_args to None, run_after=None
[2023-11-20T19:39:10.886+0000] {logging_mixin.py:154} INFO - [2023-11-20T19:39:10.885+0000] {dag.py:3722} INFO - Setting next_dagrun for example_xcom_args_with_operators to None, run_after=None
[2023-11-20T19:39:10.924+0000] {processor.py:179} INFO - Processing /home/airflow/.local/lib/python3.8/site-packages/airflow/example_dags/example_xcomargs.py took 0.202 seconds
[2023-11-20T19:39:41.416+0000] {processor.py:157} INFO - Started process (PID=448) to work on /home/airflow/.local/lib/python3.8/site-packages/airflow/example_dags/example_xcomargs.py
[2023-11-20T19:39:41.418+0000] {processor.py:829} INFO - Processing file /home/airflow/.local/lib/python3.8/site-packages/airflow/example_dags/example_xcomargs.py for tasks to queue
[2023-11-20T19:39:41.456+0000] {logging_mixin.py:154} INFO - [2023-11-20T19:39:41.454+0000] {dagbag.py:536} INFO - Filling up the DagBag from /home/airflow/.local/lib/python3.8/site-packages/airflow/example_dags/example_xcomargs.py
[2023-11-20T19:39:41.540+0000] {processor.py:839} INFO - DAG(s) dict_keys(['example_xcom_args_with_operators', 'example_xcom_args']) retrieved from /home/airflow/.local/lib/python3.8/site-packages/airflow/example_dags/example_xcomargs.py
[2023-11-20T19:39:41.673+0000] {logging_mixin.py:154} INFO - [2023-11-20T19:39:41.673+0000] {dag.py:2941} INFO - Sync 2 DAGs
[2023-11-20T19:39:41.734+0000] {logging_mixin.py:154} INFO - [2023-11-20T19:39:41.734+0000] {dag.py:3722} INFO - Setting next_dagrun for example_xcom_args to None, run_after=None
[2023-11-20T19:39:41.742+0000] {logging_mixin.py:154} INFO - [2023-11-20T19:39:41.742+0000] {dag.py:3722} INFO - Setting next_dagrun for example_xcom_args_with_operators to None, run_after=None
[2023-11-20T19:39:41.790+0000] {processor.py:179} INFO - Processing /home/airflow/.local/lib/python3.8/site-packages/airflow/example_dags/example_xcomargs.py took 0.381 seconds
[2023-11-20T19:40:12.707+0000] {processor.py:157} INFO - Started process (PID=502) to work on /home/airflow/.local/lib/python3.8/site-packages/airflow/example_dags/example_xcomargs.py
[2023-11-20T19:40:12.710+0000] {processor.py:829} INFO - Processing file /home/airflow/.local/lib/python3.8/site-packages/airflow/example_dags/example_xcomargs.py for tasks to queue
[2023-11-20T19:40:12.716+0000] {logging_mixin.py:154} INFO - [2023-11-20T19:40:12.716+0000] {dagbag.py:536} INFO - Filling up the DagBag from /home/airflow/.local/lib/python3.8/site-packages/airflow/example_dags/example_xcomargs.py
[2023-11-20T19:40:12.733+0000] {processor.py:839} INFO - DAG(s) dict_keys(['example_xcom_args', 'example_xcom_args_with_operators']) retrieved from /home/airflow/.local/lib/python3.8/site-packages/airflow/example_dags/example_xcomargs.py
[2023-11-20T19:40:12.776+0000] {logging_mixin.py:154} INFO - [2023-11-20T19:40:12.776+0000] {dag.py:2941} INFO - Sync 2 DAGs
[2023-11-20T19:40:12.801+0000] {logging_mixin.py:154} INFO - [2023-11-20T19:40:12.801+0000] {dag.py:3722} INFO - Setting next_dagrun for example_xcom_args to None, run_after=None
[2023-11-20T19:40:12.810+0000] {logging_mixin.py:154} INFO - [2023-11-20T19:40:12.810+0000] {dag.py:3722} INFO - Setting next_dagrun for example_xcom_args_with_operators to None, run_after=None
[2023-11-20T19:40:12.838+0000] {processor.py:179} INFO - Processing /home/airflow/.local/lib/python3.8/site-packages/airflow/example_dags/example_xcomargs.py took 0.140 seconds
[2023-11-20T19:40:43.095+0000] {processor.py:157} INFO - Started process (PID=556) to work on /home/airflow/.local/lib/python3.8/site-packages/airflow/example_dags/example_xcomargs.py
[2023-11-20T19:40:43.097+0000] {processor.py:829} INFO - Processing file /home/airflow/.local/lib/python3.8/site-packages/airflow/example_dags/example_xcomargs.py for tasks to queue
[2023-11-20T19:40:43.104+0000] {logging_mixin.py:154} INFO - [2023-11-20T19:40:43.104+0000] {dagbag.py:536} INFO - Filling up the DagBag from /home/airflow/.local/lib/python3.8/site-packages/airflow/example_dags/example_xcomargs.py
[2023-11-20T19:40:43.125+0000] {processor.py:839} INFO - DAG(s) dict_keys(['example_xcom_args', 'example_xcom_args_with_operators']) retrieved from /home/airflow/.local/lib/python3.8/site-packages/airflow/example_dags/example_xcomargs.py
[2023-11-20T19:40:43.186+0000] {logging_mixin.py:154} INFO - [2023-11-20T19:40:43.186+0000] {dag.py:2941} INFO - Sync 2 DAGs
[2023-11-20T19:40:43.225+0000] {logging_mixin.py:154} INFO - [2023-11-20T19:40:43.225+0000] {dag.py:3722} INFO - Setting next_dagrun for example_xcom_args to None, run_after=None
[2023-11-20T19:40:43.233+0000] {logging_mixin.py:154} INFO - [2023-11-20T19:40:43.233+0000] {dag.py:3722} INFO - Setting next_dagrun for example_xcom_args_with_operators to None, run_after=None
[2023-11-20T19:40:43.267+0000] {processor.py:179} INFO - Processing /home/airflow/.local/lib/python3.8/site-packages/airflow/example_dags/example_xcomargs.py took 0.179 seconds
[2023-11-20T19:41:13.691+0000] {processor.py:157} INFO - Started process (PID=609) to work on /home/airflow/.local/lib/python3.8/site-packages/airflow/example_dags/example_xcomargs.py
[2023-11-20T19:41:13.694+0000] {processor.py:829} INFO - Processing file /home/airflow/.local/lib/python3.8/site-packages/airflow/example_dags/example_xcomargs.py for tasks to queue
[2023-11-20T19:41:13.700+0000] {logging_mixin.py:154} INFO - [2023-11-20T19:41:13.700+0000] {dagbag.py:536} INFO - Filling up the DagBag from /home/airflow/.local/lib/python3.8/site-packages/airflow/example_dags/example_xcomargs.py
[2023-11-20T19:41:13.725+0000] {processor.py:839} INFO - DAG(s) dict_keys(['example_xcom_args_with_operators', 'example_xcom_args']) retrieved from /home/airflow/.local/lib/python3.8/site-packages/airflow/example_dags/example_xcomargs.py
[2023-11-20T19:41:13.774+0000] {logging_mixin.py:154} INFO - [2023-11-20T19:41:13.774+0000] {dag.py:2941} INFO - Sync 2 DAGs
[2023-11-20T19:41:13.806+0000] {logging_mixin.py:154} INFO - [2023-11-20T19:41:13.805+0000] {dag.py:3722} INFO - Setting next_dagrun for example_xcom_args to None, run_after=None
[2023-11-20T19:41:13.810+0000] {logging_mixin.py:154} INFO - [2023-11-20T19:41:13.810+0000] {dag.py:3722} INFO - Setting next_dagrun for example_xcom_args_with_operators to None, run_after=None
[2023-11-20T19:41:13.836+0000] {processor.py:179} INFO - Processing /home/airflow/.local/lib/python3.8/site-packages/airflow/example_dags/example_xcomargs.py took 0.150 seconds
[2023-11-20T19:41:44.644+0000] {processor.py:157} INFO - Started process (PID=663) to work on /home/airflow/.local/lib/python3.8/site-packages/airflow/example_dags/example_xcomargs.py
[2023-11-20T19:41:44.647+0000] {processor.py:829} INFO - Processing file /home/airflow/.local/lib/python3.8/site-packages/airflow/example_dags/example_xcomargs.py for tasks to queue
[2023-11-20T19:41:44.655+0000] {logging_mixin.py:154} INFO - [2023-11-20T19:41:44.654+0000] {dagbag.py:536} INFO - Filling up the DagBag from /home/airflow/.local/lib/python3.8/site-packages/airflow/example_dags/example_xcomargs.py
[2023-11-20T19:41:44.680+0000] {processor.py:839} INFO - DAG(s) dict_keys(['example_xcom_args', 'example_xcom_args_with_operators']) retrieved from /home/airflow/.local/lib/python3.8/site-packages/airflow/example_dags/example_xcomargs.py
[2023-11-20T19:41:44.757+0000] {logging_mixin.py:154} INFO - [2023-11-20T19:41:44.756+0000] {dag.py:2941} INFO - Sync 2 DAGs
[2023-11-20T19:41:44.790+0000] {logging_mixin.py:154} INFO - [2023-11-20T19:41:44.790+0000] {dag.py:3722} INFO - Setting next_dagrun for example_xcom_args to None, run_after=None
[2023-11-20T19:41:44.796+0000] {logging_mixin.py:154} INFO - [2023-11-20T19:41:44.796+0000] {dag.py:3722} INFO - Setting next_dagrun for example_xcom_args_with_operators to None, run_after=None
[2023-11-20T19:41:44.827+0000] {processor.py:179} INFO - Processing /home/airflow/.local/lib/python3.8/site-packages/airflow/example_dags/example_xcomargs.py took 0.192 seconds
[2023-11-20T19:42:15.374+0000] {processor.py:157} INFO - Started process (PID=717) to work on /home/airflow/.local/lib/python3.8/site-packages/airflow/example_dags/example_xcomargs.py
[2023-11-20T19:42:15.376+0000] {processor.py:829} INFO - Processing file /home/airflow/.local/lib/python3.8/site-packages/airflow/example_dags/example_xcomargs.py for tasks to queue
[2023-11-20T19:42:15.379+0000] {logging_mixin.py:154} INFO - [2023-11-20T19:42:15.378+0000] {dagbag.py:536} INFO - Filling up the DagBag from /home/airflow/.local/lib/python3.8/site-packages/airflow/example_dags/example_xcomargs.py
[2023-11-20T19:42:15.391+0000] {processor.py:839} INFO - DAG(s) dict_keys(['example_xcom_args', 'example_xcom_args_with_operators']) retrieved from /home/airflow/.local/lib/python3.8/site-packages/airflow/example_dags/example_xcomargs.py
[2023-11-20T19:42:15.428+0000] {logging_mixin.py:154} INFO - [2023-11-20T19:42:15.427+0000] {dag.py:2941} INFO - Sync 2 DAGs
[2023-11-20T19:42:15.447+0000] {logging_mixin.py:154} INFO - [2023-11-20T19:42:15.447+0000] {dag.py:3722} INFO - Setting next_dagrun for example_xcom_args to None, run_after=None
[2023-11-20T19:42:15.454+0000] {logging_mixin.py:154} INFO - [2023-11-20T19:42:15.453+0000] {dag.py:3722} INFO - Setting next_dagrun for example_xcom_args_with_operators to None, run_after=None
[2023-11-20T19:42:15.475+0000] {processor.py:179} INFO - Processing /home/airflow/.local/lib/python3.8/site-packages/airflow/example_dags/example_xcomargs.py took 0.107 seconds
[2023-11-20T19:42:46.465+0000] {processor.py:157} INFO - Started process (PID=771) to work on /home/airflow/.local/lib/python3.8/site-packages/airflow/example_dags/example_xcomargs.py
[2023-11-20T19:42:46.469+0000] {processor.py:829} INFO - Processing file /home/airflow/.local/lib/python3.8/site-packages/airflow/example_dags/example_xcomargs.py for tasks to queue
[2023-11-20T19:42:46.479+0000] {logging_mixin.py:154} INFO - [2023-11-20T19:42:46.478+0000] {dagbag.py:536} INFO - Filling up the DagBag from /home/airflow/.local/lib/python3.8/site-packages/airflow/example_dags/example_xcomargs.py
[2023-11-20T19:42:46.513+0000] {processor.py:839} INFO - DAG(s) dict_keys(['example_xcom_args_with_operators', 'example_xcom_args']) retrieved from /home/airflow/.local/lib/python3.8/site-packages/airflow/example_dags/example_xcomargs.py
[2023-11-20T19:42:46.611+0000] {logging_mixin.py:154} INFO - [2023-11-20T19:42:46.611+0000] {dag.py:2941} INFO - Sync 2 DAGs
[2023-11-20T19:42:46.675+0000] {logging_mixin.py:154} INFO - [2023-11-20T19:42:46.665+0000] {dag.py:3722} INFO - Setting next_dagrun for example_xcom_args to None, run_after=None
[2023-11-20T19:42:46.693+0000] {logging_mixin.py:154} INFO - [2023-11-20T19:42:46.693+0000] {dag.py:3722} INFO - Setting next_dagrun for example_xcom_args_with_operators to None, run_after=None
[2023-11-20T19:42:46.769+0000] {processor.py:179} INFO - Processing /home/airflow/.local/lib/python3.8/site-packages/airflow/example_dags/example_xcomargs.py took 0.318 seconds
[2023-11-20T19:43:18.060+0000] {processor.py:157} INFO - Started process (PID=825) to work on /home/airflow/.local/lib/python3.8/site-packages/airflow/example_dags/example_xcomargs.py
[2023-11-20T19:43:18.062+0000] {processor.py:829} INFO - Processing file /home/airflow/.local/lib/python3.8/site-packages/airflow/example_dags/example_xcomargs.py for tasks to queue
[2023-11-20T19:43:18.065+0000] {logging_mixin.py:154} INFO - [2023-11-20T19:43:18.064+0000] {dagbag.py:536} INFO - Filling up the DagBag from /home/airflow/.local/lib/python3.8/site-packages/airflow/example_dags/example_xcomargs.py
[2023-11-20T19:43:18.080+0000] {processor.py:839} INFO - DAG(s) dict_keys(['example_xcom_args', 'example_xcom_args_with_operators']) retrieved from /home/airflow/.local/lib/python3.8/site-packages/airflow/example_dags/example_xcomargs.py
[2023-11-20T19:43:18.118+0000] {logging_mixin.py:154} INFO - [2023-11-20T19:43:18.117+0000] {dag.py:2941} INFO - Sync 2 DAGs
[2023-11-20T19:43:18.145+0000] {logging_mixin.py:154} INFO - [2023-11-20T19:43:18.144+0000] {dag.py:3722} INFO - Setting next_dagrun for example_xcom_args to None, run_after=None
[2023-11-20T19:43:18.151+0000] {logging_mixin.py:154} INFO - [2023-11-20T19:43:18.150+0000] {dag.py:3722} INFO - Setting next_dagrun for example_xcom_args_with_operators to None, run_after=None
[2023-11-20T19:43:18.173+0000] {processor.py:179} INFO - Processing /home/airflow/.local/lib/python3.8/site-packages/airflow/example_dags/example_xcomargs.py took 0.121 seconds
[2023-11-20T19:43:49.454+0000] {processor.py:157} INFO - Started process (PID=879) to work on /home/airflow/.local/lib/python3.8/site-packages/airflow/example_dags/example_xcomargs.py
[2023-11-20T19:43:49.456+0000] {processor.py:829} INFO - Processing file /home/airflow/.local/lib/python3.8/site-packages/airflow/example_dags/example_xcomargs.py for tasks to queue
[2023-11-20T19:43:49.471+0000] {logging_mixin.py:154} INFO - [2023-11-20T19:43:49.470+0000] {dagbag.py:536} INFO - Filling up the DagBag from /home/airflow/.local/lib/python3.8/site-packages/airflow/example_dags/example_xcomargs.py
[2023-11-20T19:43:49.507+0000] {processor.py:839} INFO - DAG(s) dict_keys(['example_xcom_args_with_operators', 'example_xcom_args']) retrieved from /home/airflow/.local/lib/python3.8/site-packages/airflow/example_dags/example_xcomargs.py
[2023-11-20T19:43:49.583+0000] {logging_mixin.py:154} INFO - [2023-11-20T19:43:49.582+0000] {dag.py:2941} INFO - Sync 2 DAGs
[2023-11-20T19:43:49.604+0000] {logging_mixin.py:154} INFO - [2023-11-20T19:43:49.604+0000] {dag.py:3722} INFO - Setting next_dagrun for example_xcom_args to None, run_after=None
[2023-11-20T19:43:49.609+0000] {logging_mixin.py:154} INFO - [2023-11-20T19:43:49.608+0000] {dag.py:3722} INFO - Setting next_dagrun for example_xcom_args_with_operators to None, run_after=None
[2023-11-20T19:43:49.673+0000] {processor.py:179} INFO - Processing /home/airflow/.local/lib/python3.8/site-packages/airflow/example_dags/example_xcomargs.py took 0.224 seconds
[2023-11-20T19:44:20.907+0000] {processor.py:157} INFO - Started process (PID=933) to work on /home/airflow/.local/lib/python3.8/site-packages/airflow/example_dags/example_xcomargs.py
[2023-11-20T19:44:20.908+0000] {processor.py:829} INFO - Processing file /home/airflow/.local/lib/python3.8/site-packages/airflow/example_dags/example_xcomargs.py for tasks to queue
[2023-11-20T19:44:20.913+0000] {logging_mixin.py:154} INFO - [2023-11-20T19:44:20.912+0000] {dagbag.py:536} INFO - Filling up the DagBag from /home/airflow/.local/lib/python3.8/site-packages/airflow/example_dags/example_xcomargs.py
[2023-11-20T19:44:20.949+0000] {processor.py:839} INFO - DAG(s) dict_keys(['example_xcom_args', 'example_xcom_args_with_operators']) retrieved from /home/airflow/.local/lib/python3.8/site-packages/airflow/example_dags/example_xcomargs.py
[2023-11-20T19:44:21.060+0000] {logging_mixin.py:154} INFO - [2023-11-20T19:44:21.060+0000] {dag.py:2941} INFO - Sync 2 DAGs
[2023-11-20T19:44:21.107+0000] {logging_mixin.py:154} INFO - [2023-11-20T19:44:21.107+0000] {dag.py:3722} INFO - Setting next_dagrun for example_xcom_args to None, run_after=None
[2023-11-20T19:44:21.124+0000] {logging_mixin.py:154} INFO - [2023-11-20T19:44:21.124+0000] {dag.py:3722} INFO - Setting next_dagrun for example_xcom_args_with_operators to None, run_after=None
[2023-11-20T19:44:21.196+0000] {processor.py:179} INFO - Processing /home/airflow/.local/lib/python3.8/site-packages/airflow/example_dags/example_xcomargs.py took 0.323 seconds
[2023-11-20T19:44:51.945+0000] {processor.py:157} INFO - Started process (PID=985) to work on /home/airflow/.local/lib/python3.8/site-packages/airflow/example_dags/example_xcomargs.py
[2023-11-20T19:44:51.948+0000] {processor.py:829} INFO - Processing file /home/airflow/.local/lib/python3.8/site-packages/airflow/example_dags/example_xcomargs.py for tasks to queue
[2023-11-20T19:44:51.953+0000] {logging_mixin.py:154} INFO - [2023-11-20T19:44:51.952+0000] {dagbag.py:536} INFO - Filling up the DagBag from /home/airflow/.local/lib/python3.8/site-packages/airflow/example_dags/example_xcomargs.py
[2023-11-20T19:44:51.970+0000] {processor.py:839} INFO - DAG(s) dict_keys(['example_xcom_args_with_operators', 'example_xcom_args']) retrieved from /home/airflow/.local/lib/python3.8/site-packages/airflow/example_dags/example_xcomargs.py
[2023-11-20T19:44:52.032+0000] {logging_mixin.py:154} INFO - [2023-11-20T19:44:52.031+0000] {dag.py:2941} INFO - Sync 2 DAGs
[2023-11-20T19:44:52.062+0000] {logging_mixin.py:154} INFO - [2023-11-20T19:44:52.062+0000] {dag.py:3722} INFO - Setting next_dagrun for example_xcom_args to None, run_after=None
[2023-11-20T19:44:52.071+0000] {logging_mixin.py:154} INFO - [2023-11-20T19:44:52.071+0000] {dag.py:3722} INFO - Setting next_dagrun for example_xcom_args_with_operators to None, run_after=None
[2023-11-20T19:44:52.103+0000] {processor.py:179} INFO - Processing /home/airflow/.local/lib/python3.8/site-packages/airflow/example_dags/example_xcomargs.py took 0.164 seconds
[2023-11-20T19:45:22.476+0000] {processor.py:157} INFO - Started process (PID=1039) to work on /home/airflow/.local/lib/python3.8/site-packages/airflow/example_dags/example_xcomargs.py
[2023-11-20T19:45:22.479+0000] {processor.py:829} INFO - Processing file /home/airflow/.local/lib/python3.8/site-packages/airflow/example_dags/example_xcomargs.py for tasks to queue
[2023-11-20T19:45:22.485+0000] {logging_mixin.py:154} INFO - [2023-11-20T19:45:22.484+0000] {dagbag.py:536} INFO - Filling up the DagBag from /home/airflow/.local/lib/python3.8/site-packages/airflow/example_dags/example_xcomargs.py
[2023-11-20T19:45:22.501+0000] {processor.py:839} INFO - DAG(s) dict_keys(['example_xcom_args_with_operators', 'example_xcom_args']) retrieved from /home/airflow/.local/lib/python3.8/site-packages/airflow/example_dags/example_xcomargs.py
[2023-11-20T19:45:22.558+0000] {logging_mixin.py:154} INFO - [2023-11-20T19:45:22.557+0000] {dag.py:2941} INFO - Sync 2 DAGs
[2023-11-20T19:45:22.589+0000] {logging_mixin.py:154} INFO - [2023-11-20T19:45:22.589+0000] {dag.py:3722} INFO - Setting next_dagrun for example_xcom_args to None, run_after=None
[2023-11-20T19:45:22.596+0000] {logging_mixin.py:154} INFO - [2023-11-20T19:45:22.596+0000] {dag.py:3722} INFO - Setting next_dagrun for example_xcom_args_with_operators to None, run_after=None
[2023-11-20T19:45:22.654+0000] {processor.py:179} INFO - Processing /home/airflow/.local/lib/python3.8/site-packages/airflow/example_dags/example_xcomargs.py took 0.184 seconds
[2023-11-20T19:45:54.203+0000] {processor.py:157} INFO - Started process (PID=1094) to work on /home/airflow/.local/lib/python3.8/site-packages/airflow/example_dags/example_xcomargs.py
[2023-11-20T19:45:54.205+0000] {processor.py:829} INFO - Processing file /home/airflow/.local/lib/python3.8/site-packages/airflow/example_dags/example_xcomargs.py for tasks to queue
[2023-11-20T19:45:54.211+0000] {logging_mixin.py:154} INFO - [2023-11-20T19:45:54.210+0000] {dagbag.py:536} INFO - Filling up the DagBag from /home/airflow/.local/lib/python3.8/site-packages/airflow/example_dags/example_xcomargs.py
[2023-11-20T19:45:54.230+0000] {processor.py:839} INFO - DAG(s) dict_keys(['example_xcom_args_with_operators', 'example_xcom_args']) retrieved from /home/airflow/.local/lib/python3.8/site-packages/airflow/example_dags/example_xcomargs.py
[2023-11-20T19:45:54.313+0000] {logging_mixin.py:154} INFO - [2023-11-20T19:45:54.312+0000] {dag.py:2941} INFO - Sync 2 DAGs
[2023-11-20T19:45:54.366+0000] {logging_mixin.py:154} INFO - [2023-11-20T19:45:54.365+0000] {dag.py:3722} INFO - Setting next_dagrun for example_xcom_args to None, run_after=None
[2023-11-20T19:45:54.376+0000] {logging_mixin.py:154} INFO - [2023-11-20T19:45:54.376+0000] {dag.py:3722} INFO - Setting next_dagrun for example_xcom_args_with_operators to None, run_after=None
[2023-11-20T19:45:54.448+0000] {processor.py:179} INFO - Processing /home/airflow/.local/lib/python3.8/site-packages/airflow/example_dags/example_xcomargs.py took 0.252 seconds
[2023-11-20T19:46:26.075+0000] {processor.py:157} INFO - Started process (PID=1147) to work on /home/airflow/.local/lib/python3.8/site-packages/airflow/example_dags/example_xcomargs.py
[2023-11-20T19:46:26.083+0000] {processor.py:829} INFO - Processing file /home/airflow/.local/lib/python3.8/site-packages/airflow/example_dags/example_xcomargs.py for tasks to queue
[2023-11-20T19:46:26.092+0000] {logging_mixin.py:154} INFO - [2023-11-20T19:46:26.091+0000] {dagbag.py:536} INFO - Filling up the DagBag from /home/airflow/.local/lib/python3.8/site-packages/airflow/example_dags/example_xcomargs.py
[2023-11-20T19:46:26.154+0000] {processor.py:839} INFO - DAG(s) dict_keys(['example_xcom_args_with_operators', 'example_xcom_args']) retrieved from /home/airflow/.local/lib/python3.8/site-packages/airflow/example_dags/example_xcomargs.py
[2023-11-20T19:46:26.464+0000] {logging_mixin.py:154} INFO - [2023-11-20T19:46:26.462+0000] {dag.py:2941} INFO - Sync 2 DAGs
[2023-11-20T19:46:26.569+0000] {logging_mixin.py:154} INFO - [2023-11-20T19:46:26.559+0000] {dag.py:3722} INFO - Setting next_dagrun for example_xcom_args to None, run_after=None
[2023-11-20T19:46:26.585+0000] {logging_mixin.py:154} INFO - [2023-11-20T19:46:26.581+0000] {dag.py:3722} INFO - Setting next_dagrun for example_xcom_args_with_operators to None, run_after=None
[2023-11-20T19:46:26.750+0000] {processor.py:179} INFO - Processing /home/airflow/.local/lib/python3.8/site-packages/airflow/example_dags/example_xcomargs.py took 0.692 seconds
[2023-11-20T19:46:57.722+0000] {processor.py:157} INFO - Started process (PID=1200) to work on /home/airflow/.local/lib/python3.8/site-packages/airflow/example_dags/example_xcomargs.py
[2023-11-20T19:46:57.822+0000] {processor.py:829} INFO - Processing file /home/airflow/.local/lib/python3.8/site-packages/airflow/example_dags/example_xcomargs.py for tasks to queue
[2023-11-20T19:46:57.885+0000] {logging_mixin.py:154} INFO - [2023-11-20T19:46:57.852+0000] {dagbag.py:536} INFO - Filling up the DagBag from /home/airflow/.local/lib/python3.8/site-packages/airflow/example_dags/example_xcomargs.py
[2023-11-20T19:46:58.185+0000] {processor.py:839} INFO - DAG(s) dict_keys(['example_xcom_args', 'example_xcom_args_with_operators']) retrieved from /home/airflow/.local/lib/python3.8/site-packages/airflow/example_dags/example_xcomargs.py
[2023-11-20T19:46:58.833+0000] {logging_mixin.py:154} INFO - [2023-11-20T19:46:58.833+0000] {dag.py:2941} INFO - Sync 2 DAGs
[2023-11-20T19:46:59.511+0000] {logging_mixin.py:154} INFO - [2023-11-20T19:46:59.511+0000] {dag.py:3722} INFO - Setting next_dagrun for example_xcom_args to None, run_after=None
[2023-11-20T19:46:59.929+0000] {logging_mixin.py:154} INFO - [2023-11-20T19:46:59.929+0000] {dag.py:3722} INFO - Setting next_dagrun for example_xcom_args_with_operators to None, run_after=None
[2023-11-20T19:47:01.234+0000] {processor.py:179} INFO - Processing /home/airflow/.local/lib/python3.8/site-packages/airflow/example_dags/example_xcomargs.py took 3.498 seconds
[2023-11-20T19:47:32.030+0000] {processor.py:157} INFO - Started process (PID=1261) to work on /home/airflow/.local/lib/python3.8/site-packages/airflow/example_dags/example_xcomargs.py
[2023-11-20T19:47:32.035+0000] {processor.py:829} INFO - Processing file /home/airflow/.local/lib/python3.8/site-packages/airflow/example_dags/example_xcomargs.py for tasks to queue
[2023-11-20T19:47:32.042+0000] {logging_mixin.py:154} INFO - [2023-11-20T19:47:32.042+0000] {dagbag.py:536} INFO - Filling up the DagBag from /home/airflow/.local/lib/python3.8/site-packages/airflow/example_dags/example_xcomargs.py
[2023-11-20T19:47:32.068+0000] {processor.py:839} INFO - DAG(s) dict_keys(['example_xcom_args', 'example_xcom_args_with_operators']) retrieved from /home/airflow/.local/lib/python3.8/site-packages/airflow/example_dags/example_xcomargs.py
[2023-11-20T19:47:32.118+0000] {logging_mixin.py:154} INFO - [2023-11-20T19:47:32.117+0000] {dag.py:2941} INFO - Sync 2 DAGs
[2023-11-20T19:47:32.390+0000] {logging_mixin.py:154} INFO - [2023-11-20T19:47:32.390+0000] {dag.py:3722} INFO - Setting next_dagrun for example_xcom_args to None, run_after=None
[2023-11-20T19:47:32.395+0000] {logging_mixin.py:154} INFO - [2023-11-20T19:47:32.395+0000] {dag.py:3722} INFO - Setting next_dagrun for example_xcom_args_with_operators to None, run_after=None
[2023-11-20T19:47:32.448+0000] {processor.py:179} INFO - Processing /home/airflow/.local/lib/python3.8/site-packages/airflow/example_dags/example_xcomargs.py took 0.427 seconds
[2023-11-20T19:48:05.040+0000] {processor.py:157} INFO - Started process (PID=1315) to work on /home/airflow/.local/lib/python3.8/site-packages/airflow/example_dags/example_xcomargs.py
[2023-11-20T19:48:05.049+0000] {processor.py:829} INFO - Processing file /home/airflow/.local/lib/python3.8/site-packages/airflow/example_dags/example_xcomargs.py for tasks to queue
[2023-11-20T19:48:05.058+0000] {logging_mixin.py:154} INFO - [2023-11-20T19:48:05.057+0000] {dagbag.py:536} INFO - Filling up the DagBag from /home/airflow/.local/lib/python3.8/site-packages/airflow/example_dags/example_xcomargs.py
[2023-11-20T19:48:05.094+0000] {processor.py:839} INFO - DAG(s) dict_keys(['example_xcom_args', 'example_xcom_args_with_operators']) retrieved from /home/airflow/.local/lib/python3.8/site-packages/airflow/example_dags/example_xcomargs.py
[2023-11-20T19:48:05.193+0000] {logging_mixin.py:154} INFO - [2023-11-20T19:48:05.193+0000] {dag.py:2941} INFO - Sync 2 DAGs
[2023-11-20T19:48:05.287+0000] {logging_mixin.py:154} INFO - [2023-11-20T19:48:05.287+0000] {dag.py:3722} INFO - Setting next_dagrun for example_xcom_args to None, run_after=None
[2023-11-20T19:48:05.300+0000] {logging_mixin.py:154} INFO - [2023-11-20T19:48:05.299+0000] {dag.py:3722} INFO - Setting next_dagrun for example_xcom_args_with_operators to None, run_after=None
[2023-11-20T19:48:05.369+0000] {processor.py:179} INFO - Processing /home/airflow/.local/lib/python3.8/site-packages/airflow/example_dags/example_xcomargs.py took 0.346 seconds
