[2023-11-20T19:35:51.858+0000] {processor.py:157} INFO - Started process (PID=48) to work on /home/airflow/.local/lib/python3.8/site-packages/airflow/example_dags/example_latest_only_with_trigger.py
[2023-11-20T19:35:51.864+0000] {processor.py:829} INFO - Processing file /home/airflow/.local/lib/python3.8/site-packages/airflow/example_dags/example_latest_only_with_trigger.py for tasks to queue
[2023-11-20T19:35:51.882+0000] {logging_mixin.py:154} INFO - [2023-11-20T19:35:51.881+0000] {dagbag.py:536} INFO - Filling up the DagBag from /home/airflow/.local/lib/python3.8/site-packages/airflow/example_dags/example_latest_only_with_trigger.py
[2023-11-20T19:35:51.928+0000] {processor.py:839} INFO - DAG(s) dict_keys(['latest_only_with_trigger']) retrieved from /home/airflow/.local/lib/python3.8/site-packages/airflow/example_dags/example_latest_only_with_trigger.py
[2023-11-20T19:35:52.465+0000] {logging_mixin.py:154} INFO - [2023-11-20T19:35:52.465+0000] {dag.py:2941} INFO - Sync 1 DAGs
[2023-11-20T19:35:52.822+0000] {logging_mixin.py:154} INFO - [2023-11-20T19:35:52.822+0000] {dag.py:3722} INFO - Setting next_dagrun for latest_only_with_trigger to 2023-11-20T15:35:52.803821+00:00, run_after=2023-11-20T19:35:52.803821+00:00
[2023-11-20T19:35:53.618+0000] {processor.py:179} INFO - Processing /home/airflow/.local/lib/python3.8/site-packages/airflow/example_dags/example_latest_only_with_trigger.py took 1.773 seconds
[2023-11-20T19:36:27.744+0000] {processor.py:157} INFO - Started process (PID=108) to work on /home/airflow/.local/lib/python3.8/site-packages/airflow/example_dags/example_latest_only_with_trigger.py
[2023-11-20T19:36:27.777+0000] {processor.py:829} INFO - Processing file /home/airflow/.local/lib/python3.8/site-packages/airflow/example_dags/example_latest_only_with_trigger.py for tasks to queue
[2023-11-20T19:36:27.780+0000] {logging_mixin.py:154} INFO - [2023-11-20T19:36:27.780+0000] {dagbag.py:536} INFO - Filling up the DagBag from /home/airflow/.local/lib/python3.8/site-packages/airflow/example_dags/example_latest_only_with_trigger.py
[2023-11-20T19:36:28.055+0000] {processor.py:839} INFO - DAG(s) dict_keys(['latest_only_with_trigger']) retrieved from /home/airflow/.local/lib/python3.8/site-packages/airflow/example_dags/example_latest_only_with_trigger.py
[2023-11-20T19:36:28.239+0000] {logging_mixin.py:154} INFO - [2023-11-20T19:36:28.239+0000] {dag.py:2941} INFO - Sync 1 DAGs
[2023-11-20T19:36:28.436+0000] {logging_mixin.py:154} INFO - [2023-11-20T19:36:28.435+0000] {dag.py:3722} INFO - Setting next_dagrun for latest_only_with_trigger to 2023-11-20T15:36:28.435428+00:00, run_after=2023-11-20T19:36:28.435428+00:00
[2023-11-20T19:36:28.583+0000] {processor.py:179} INFO - Processing /home/airflow/.local/lib/python3.8/site-packages/airflow/example_dags/example_latest_only_with_trigger.py took 0.871 seconds
[2023-11-20T19:36:58.782+0000] {processor.py:157} INFO - Started process (PID=162) to work on /home/airflow/.local/lib/python3.8/site-packages/airflow/example_dags/example_latest_only_with_trigger.py
[2023-11-20T19:36:58.785+0000] {processor.py:829} INFO - Processing file /home/airflow/.local/lib/python3.8/site-packages/airflow/example_dags/example_latest_only_with_trigger.py for tasks to queue
[2023-11-20T19:36:58.799+0000] {logging_mixin.py:154} INFO - [2023-11-20T19:36:58.799+0000] {dagbag.py:536} INFO - Filling up the DagBag from /home/airflow/.local/lib/python3.8/site-packages/airflow/example_dags/example_latest_only_with_trigger.py
[2023-11-20T19:36:58.811+0000] {processor.py:839} INFO - DAG(s) dict_keys(['latest_only_with_trigger']) retrieved from /home/airflow/.local/lib/python3.8/site-packages/airflow/example_dags/example_latest_only_with_trigger.py
[2023-11-20T19:36:58.895+0000] {logging_mixin.py:154} INFO - [2023-11-20T19:36:58.895+0000] {dag.py:2941} INFO - Sync 1 DAGs
[2023-11-20T19:36:59.034+0000] {logging_mixin.py:154} INFO - [2023-11-20T19:36:59.034+0000] {dag.py:3722} INFO - Setting next_dagrun for latest_only_with_trigger to 2023-11-20T15:36:59.034170+00:00, run_after=2023-11-20T19:36:59.034170+00:00
[2023-11-20T19:36:59.109+0000] {processor.py:179} INFO - Processing /home/airflow/.local/lib/python3.8/site-packages/airflow/example_dags/example_latest_only_with_trigger.py took 0.333 seconds
[2023-11-20T19:37:29.318+0000] {processor.py:157} INFO - Started process (PID=215) to work on /home/airflow/.local/lib/python3.8/site-packages/airflow/example_dags/example_latest_only_with_trigger.py
[2023-11-20T19:37:29.321+0000] {processor.py:829} INFO - Processing file /home/airflow/.local/lib/python3.8/site-packages/airflow/example_dags/example_latest_only_with_trigger.py for tasks to queue
[2023-11-20T19:37:29.325+0000] {logging_mixin.py:154} INFO - [2023-11-20T19:37:29.325+0000] {dagbag.py:536} INFO - Filling up the DagBag from /home/airflow/.local/lib/python3.8/site-packages/airflow/example_dags/example_latest_only_with_trigger.py
[2023-11-20T19:37:29.338+0000] {processor.py:839} INFO - DAG(s) dict_keys(['latest_only_with_trigger']) retrieved from /home/airflow/.local/lib/python3.8/site-packages/airflow/example_dags/example_latest_only_with_trigger.py
[2023-11-20T19:37:29.372+0000] {logging_mixin.py:154} INFO - [2023-11-20T19:37:29.371+0000] {dag.py:2941} INFO - Sync 1 DAGs
[2023-11-20T19:37:29.416+0000] {logging_mixin.py:154} INFO - [2023-11-20T19:37:29.416+0000] {dag.py:3722} INFO - Setting next_dagrun for latest_only_with_trigger to 2023-11-20T15:37:29.414551+00:00, run_after=2023-11-20T19:37:29.414551+00:00
[2023-11-20T19:37:29.458+0000] {processor.py:179} INFO - Processing /home/airflow/.local/lib/python3.8/site-packages/airflow/example_dags/example_latest_only_with_trigger.py took 0.144 seconds
[2023-11-20T19:38:01.410+0000] {processor.py:157} INFO - Started process (PID=268) to work on /home/airflow/.local/lib/python3.8/site-packages/airflow/example_dags/example_latest_only_with_trigger.py
[2023-11-20T19:38:01.412+0000] {processor.py:829} INFO - Processing file /home/airflow/.local/lib/python3.8/site-packages/airflow/example_dags/example_latest_only_with_trigger.py for tasks to queue
[2023-11-20T19:38:01.453+0000] {logging_mixin.py:154} INFO - [2023-11-20T19:38:01.453+0000] {dagbag.py:536} INFO - Filling up the DagBag from /home/airflow/.local/lib/python3.8/site-packages/airflow/example_dags/example_latest_only_with_trigger.py
[2023-11-20T19:38:01.495+0000] {processor.py:839} INFO - DAG(s) dict_keys(['latest_only_with_trigger']) retrieved from /home/airflow/.local/lib/python3.8/site-packages/airflow/example_dags/example_latest_only_with_trigger.py
[2023-11-20T19:38:01.906+0000] {logging_mixin.py:154} INFO - [2023-11-20T19:38:01.906+0000] {dag.py:2941} INFO - Sync 1 DAGs
[2023-11-20T19:38:02.594+0000] {logging_mixin.py:154} INFO - [2023-11-20T19:38:02.593+0000] {dag.py:3722} INFO - Setting next_dagrun for latest_only_with_trigger to 2023-11-20T15:38:02.593301+00:00, run_after=2023-11-20T19:38:02.593301+00:00
[2023-11-20T19:38:02.734+0000] {processor.py:179} INFO - Processing /home/airflow/.local/lib/python3.8/site-packages/airflow/example_dags/example_latest_only_with_trigger.py took 1.334 seconds
[2023-11-20T19:38:33.626+0000] {processor.py:157} INFO - Started process (PID=322) to work on /home/airflow/.local/lib/python3.8/site-packages/airflow/example_dags/example_latest_only_with_trigger.py
[2023-11-20T19:38:33.635+0000] {processor.py:829} INFO - Processing file /home/airflow/.local/lib/python3.8/site-packages/airflow/example_dags/example_latest_only_with_trigger.py for tasks to queue
[2023-11-20T19:38:33.638+0000] {logging_mixin.py:154} INFO - [2023-11-20T19:38:33.638+0000] {dagbag.py:536} INFO - Filling up the DagBag from /home/airflow/.local/lib/python3.8/site-packages/airflow/example_dags/example_latest_only_with_trigger.py
[2023-11-20T19:38:33.658+0000] {processor.py:839} INFO - DAG(s) dict_keys(['latest_only_with_trigger']) retrieved from /home/airflow/.local/lib/python3.8/site-packages/airflow/example_dags/example_latest_only_with_trigger.py
[2023-11-20T19:38:33.707+0000] {logging_mixin.py:154} INFO - [2023-11-20T19:38:33.707+0000] {dag.py:2941} INFO - Sync 1 DAGs
[2023-11-20T19:38:33.779+0000] {logging_mixin.py:154} INFO - [2023-11-20T19:38:33.779+0000] {dag.py:3722} INFO - Setting next_dagrun for latest_only_with_trigger to 2023-11-20T15:38:33.778974+00:00, run_after=2023-11-20T19:38:33.778974+00:00
[2023-11-20T19:38:33.827+0000] {processor.py:179} INFO - Processing /home/airflow/.local/lib/python3.8/site-packages/airflow/example_dags/example_latest_only_with_trigger.py took 0.207 seconds
[2023-11-20T19:39:04.527+0000] {processor.py:157} INFO - Started process (PID=375) to work on /home/airflow/.local/lib/python3.8/site-packages/airflow/example_dags/example_latest_only_with_trigger.py
[2023-11-20T19:39:04.529+0000] {processor.py:829} INFO - Processing file /home/airflow/.local/lib/python3.8/site-packages/airflow/example_dags/example_latest_only_with_trigger.py for tasks to queue
[2023-11-20T19:39:04.535+0000] {logging_mixin.py:154} INFO - [2023-11-20T19:39:04.535+0000] {dagbag.py:536} INFO - Filling up the DagBag from /home/airflow/.local/lib/python3.8/site-packages/airflow/example_dags/example_latest_only_with_trigger.py
[2023-11-20T19:39:04.546+0000] {processor.py:839} INFO - DAG(s) dict_keys(['latest_only_with_trigger']) retrieved from /home/airflow/.local/lib/python3.8/site-packages/airflow/example_dags/example_latest_only_with_trigger.py
[2023-11-20T19:39:04.600+0000] {logging_mixin.py:154} INFO - [2023-11-20T19:39:04.600+0000] {dag.py:2941} INFO - Sync 1 DAGs
[2023-11-20T19:39:04.642+0000] {logging_mixin.py:154} INFO - [2023-11-20T19:39:04.642+0000] {dag.py:3722} INFO - Setting next_dagrun for latest_only_with_trigger to 2023-11-20T15:39:04.642231+00:00, run_after=2023-11-20T19:39:04.642231+00:00
[2023-11-20T19:39:04.677+0000] {processor.py:179} INFO - Processing /home/airflow/.local/lib/python3.8/site-packages/airflow/example_dags/example_latest_only_with_trigger.py took 0.155 seconds
[2023-11-20T19:39:34.821+0000] {processor.py:157} INFO - Started process (PID=428) to work on /home/airflow/.local/lib/python3.8/site-packages/airflow/example_dags/example_latest_only_with_trigger.py
[2023-11-20T19:39:34.823+0000] {processor.py:829} INFO - Processing file /home/airflow/.local/lib/python3.8/site-packages/airflow/example_dags/example_latest_only_with_trigger.py for tasks to queue
[2023-11-20T19:39:34.830+0000] {logging_mixin.py:154} INFO - [2023-11-20T19:39:34.829+0000] {dagbag.py:536} INFO - Filling up the DagBag from /home/airflow/.local/lib/python3.8/site-packages/airflow/example_dags/example_latest_only_with_trigger.py
[2023-11-20T19:39:34.839+0000] {processor.py:839} INFO - DAG(s) dict_keys(['latest_only_with_trigger']) retrieved from /home/airflow/.local/lib/python3.8/site-packages/airflow/example_dags/example_latest_only_with_trigger.py
[2023-11-20T19:39:34.896+0000] {logging_mixin.py:154} INFO - [2023-11-20T19:39:34.895+0000] {dag.py:2941} INFO - Sync 1 DAGs
[2023-11-20T19:39:34.961+0000] {logging_mixin.py:154} INFO - [2023-11-20T19:39:34.960+0000] {dag.py:3722} INFO - Setting next_dagrun for latest_only_with_trigger to 2023-11-20T15:39:34.960382+00:00, run_after=2023-11-20T19:39:34.960382+00:00
[2023-11-20T19:39:35.010+0000] {processor.py:179} INFO - Processing /home/airflow/.local/lib/python3.8/site-packages/airflow/example_dags/example_latest_only_with_trigger.py took 0.195 seconds
[2023-11-20T19:40:05.174+0000] {processor.py:157} INFO - Started process (PID=482) to work on /home/airflow/.local/lib/python3.8/site-packages/airflow/example_dags/example_latest_only_with_trigger.py
[2023-11-20T19:40:05.177+0000] {processor.py:829} INFO - Processing file /home/airflow/.local/lib/python3.8/site-packages/airflow/example_dags/example_latest_only_with_trigger.py for tasks to queue
[2023-11-20T19:40:05.182+0000] {logging_mixin.py:154} INFO - [2023-11-20T19:40:05.181+0000] {dagbag.py:536} INFO - Filling up the DagBag from /home/airflow/.local/lib/python3.8/site-packages/airflow/example_dags/example_latest_only_with_trigger.py
[2023-11-20T19:40:05.197+0000] {processor.py:839} INFO - DAG(s) dict_keys(['latest_only_with_trigger']) retrieved from /home/airflow/.local/lib/python3.8/site-packages/airflow/example_dags/example_latest_only_with_trigger.py
[2023-11-20T19:40:05.269+0000] {logging_mixin.py:154} INFO - [2023-11-20T19:40:05.269+0000] {dag.py:2941} INFO - Sync 1 DAGs
[2023-11-20T19:40:05.573+0000] {logging_mixin.py:154} INFO - [2023-11-20T19:40:05.572+0000] {dag.py:3722} INFO - Setting next_dagrun for latest_only_with_trigger to 2023-11-20T15:40:05.571787+00:00, run_after=2023-11-20T19:40:05.571787+00:00
[2023-11-20T19:40:05.740+0000] {processor.py:179} INFO - Processing /home/airflow/.local/lib/python3.8/site-packages/airflow/example_dags/example_latest_only_with_trigger.py took 0.573 seconds
[2023-11-20T19:40:35.917+0000] {processor.py:157} INFO - Started process (PID=536) to work on /home/airflow/.local/lib/python3.8/site-packages/airflow/example_dags/example_latest_only_with_trigger.py
[2023-11-20T19:40:35.919+0000] {processor.py:829} INFO - Processing file /home/airflow/.local/lib/python3.8/site-packages/airflow/example_dags/example_latest_only_with_trigger.py for tasks to queue
[2023-11-20T19:40:35.923+0000] {logging_mixin.py:154} INFO - [2023-11-20T19:40:35.923+0000] {dagbag.py:536} INFO - Filling up the DagBag from /home/airflow/.local/lib/python3.8/site-packages/airflow/example_dags/example_latest_only_with_trigger.py
[2023-11-20T19:40:35.935+0000] {processor.py:839} INFO - DAG(s) dict_keys(['latest_only_with_trigger']) retrieved from /home/airflow/.local/lib/python3.8/site-packages/airflow/example_dags/example_latest_only_with_trigger.py
[2023-11-20T19:40:35.974+0000] {logging_mixin.py:154} INFO - [2023-11-20T19:40:35.973+0000] {dag.py:2941} INFO - Sync 1 DAGs
[2023-11-20T19:40:36.014+0000] {logging_mixin.py:154} INFO - [2023-11-20T19:40:36.014+0000] {dag.py:3722} INFO - Setting next_dagrun for latest_only_with_trigger to 2023-11-20T15:40:36.013984+00:00, run_after=2023-11-20T19:40:36.013984+00:00
[2023-11-20T19:40:36.050+0000] {processor.py:179} INFO - Processing /home/airflow/.local/lib/python3.8/site-packages/airflow/example_dags/example_latest_only_with_trigger.py took 0.143 seconds
[2023-11-20T19:41:06.370+0000] {processor.py:157} INFO - Started process (PID=587) to work on /home/airflow/.local/lib/python3.8/site-packages/airflow/example_dags/example_latest_only_with_trigger.py
[2023-11-20T19:41:06.374+0000] {processor.py:829} INFO - Processing file /home/airflow/.local/lib/python3.8/site-packages/airflow/example_dags/example_latest_only_with_trigger.py for tasks to queue
[2023-11-20T19:41:06.379+0000] {logging_mixin.py:154} INFO - [2023-11-20T19:41:06.379+0000] {dagbag.py:536} INFO - Filling up the DagBag from /home/airflow/.local/lib/python3.8/site-packages/airflow/example_dags/example_latest_only_with_trigger.py
[2023-11-20T19:41:06.390+0000] {processor.py:839} INFO - DAG(s) dict_keys(['latest_only_with_trigger']) retrieved from /home/airflow/.local/lib/python3.8/site-packages/airflow/example_dags/example_latest_only_with_trigger.py
[2023-11-20T19:41:06.484+0000] {logging_mixin.py:154} INFO - [2023-11-20T19:41:06.484+0000] {dag.py:2941} INFO - Sync 1 DAGs
[2023-11-20T19:41:06.535+0000] {logging_mixin.py:154} INFO - [2023-11-20T19:41:06.535+0000] {dag.py:3722} INFO - Setting next_dagrun for latest_only_with_trigger to 2023-11-20T15:41:06.534792+00:00, run_after=2023-11-20T19:41:06.534792+00:00
[2023-11-20T19:41:06.579+0000] {processor.py:179} INFO - Processing /home/airflow/.local/lib/python3.8/site-packages/airflow/example_dags/example_latest_only_with_trigger.py took 0.220 seconds
[2023-11-20T19:41:37.369+0000] {processor.py:157} INFO - Started process (PID=641) to work on /home/airflow/.local/lib/python3.8/site-packages/airflow/example_dags/example_latest_only_with_trigger.py
[2023-11-20T19:41:37.372+0000] {processor.py:829} INFO - Processing file /home/airflow/.local/lib/python3.8/site-packages/airflow/example_dags/example_latest_only_with_trigger.py for tasks to queue
[2023-11-20T19:41:37.376+0000] {logging_mixin.py:154} INFO - [2023-11-20T19:41:37.376+0000] {dagbag.py:536} INFO - Filling up the DagBag from /home/airflow/.local/lib/python3.8/site-packages/airflow/example_dags/example_latest_only_with_trigger.py
[2023-11-20T19:41:37.392+0000] {processor.py:839} INFO - DAG(s) dict_keys(['latest_only_with_trigger']) retrieved from /home/airflow/.local/lib/python3.8/site-packages/airflow/example_dags/example_latest_only_with_trigger.py
[2023-11-20T19:41:37.450+0000] {logging_mixin.py:154} INFO - [2023-11-20T19:41:37.450+0000] {dag.py:2941} INFO - Sync 1 DAGs
[2023-11-20T19:41:37.553+0000] {logging_mixin.py:154} INFO - [2023-11-20T19:41:37.553+0000] {dag.py:3722} INFO - Setting next_dagrun for latest_only_with_trigger to 2023-11-20T15:41:37.553313+00:00, run_after=2023-11-20T19:41:37.553313+00:00
[2023-11-20T19:41:37.630+0000] {processor.py:179} INFO - Processing /home/airflow/.local/lib/python3.8/site-packages/airflow/example_dags/example_latest_only_with_trigger.py took 0.291 seconds
[2023-11-20T19:42:08.008+0000] {processor.py:157} INFO - Started process (PID=695) to work on /home/airflow/.local/lib/python3.8/site-packages/airflow/example_dags/example_latest_only_with_trigger.py
[2023-11-20T19:42:08.013+0000] {processor.py:829} INFO - Processing file /home/airflow/.local/lib/python3.8/site-packages/airflow/example_dags/example_latest_only_with_trigger.py for tasks to queue
[2023-11-20T19:42:08.018+0000] {logging_mixin.py:154} INFO - [2023-11-20T19:42:08.017+0000] {dagbag.py:536} INFO - Filling up the DagBag from /home/airflow/.local/lib/python3.8/site-packages/airflow/example_dags/example_latest_only_with_trigger.py
[2023-11-20T19:42:08.031+0000] {processor.py:839} INFO - DAG(s) dict_keys(['latest_only_with_trigger']) retrieved from /home/airflow/.local/lib/python3.8/site-packages/airflow/example_dags/example_latest_only_with_trigger.py
[2023-11-20T19:42:08.084+0000] {logging_mixin.py:154} INFO - [2023-11-20T19:42:08.083+0000] {dag.py:2941} INFO - Sync 1 DAGs
[2023-11-20T19:42:08.151+0000] {logging_mixin.py:154} INFO - [2023-11-20T19:42:08.151+0000] {dag.py:3722} INFO - Setting next_dagrun for latest_only_with_trigger to 2023-11-20T15:42:08.151362+00:00, run_after=2023-11-20T19:42:08.151362+00:00
[2023-11-20T19:42:08.191+0000] {processor.py:179} INFO - Processing /home/airflow/.local/lib/python3.8/site-packages/airflow/example_dags/example_latest_only_with_trigger.py took 0.190 seconds
[2023-11-20T19:42:38.543+0000] {processor.py:157} INFO - Started process (PID=749) to work on /home/airflow/.local/lib/python3.8/site-packages/airflow/example_dags/example_latest_only_with_trigger.py
[2023-11-20T19:42:38.549+0000] {processor.py:829} INFO - Processing file /home/airflow/.local/lib/python3.8/site-packages/airflow/example_dags/example_latest_only_with_trigger.py for tasks to queue
[2023-11-20T19:42:38.561+0000] {logging_mixin.py:154} INFO - [2023-11-20T19:42:38.561+0000] {dagbag.py:536} INFO - Filling up the DagBag from /home/airflow/.local/lib/python3.8/site-packages/airflow/example_dags/example_latest_only_with_trigger.py
[2023-11-20T19:42:38.576+0000] {processor.py:839} INFO - DAG(s) dict_keys(['latest_only_with_trigger']) retrieved from /home/airflow/.local/lib/python3.8/site-packages/airflow/example_dags/example_latest_only_with_trigger.py
[2023-11-20T19:42:38.685+0000] {logging_mixin.py:154} INFO - [2023-11-20T19:42:38.685+0000] {dag.py:2941} INFO - Sync 1 DAGs
[2023-11-20T19:42:38.766+0000] {logging_mixin.py:154} INFO - [2023-11-20T19:42:38.766+0000] {dag.py:3722} INFO - Setting next_dagrun for latest_only_with_trigger to 2023-11-20T15:42:38.765639+00:00, run_after=2023-11-20T19:42:38.765639+00:00
[2023-11-20T19:42:38.813+0000] {processor.py:179} INFO - Processing /home/airflow/.local/lib/python3.8/site-packages/airflow/example_dags/example_latest_only_with_trigger.py took 0.280 seconds
[2023-11-20T19:43:09.061+0000] {processor.py:157} INFO - Started process (PID=803) to work on /home/airflow/.local/lib/python3.8/site-packages/airflow/example_dags/example_latest_only_with_trigger.py
[2023-11-20T19:43:09.065+0000] {processor.py:829} INFO - Processing file /home/airflow/.local/lib/python3.8/site-packages/airflow/example_dags/example_latest_only_with_trigger.py for tasks to queue
[2023-11-20T19:43:09.069+0000] {logging_mixin.py:154} INFO - [2023-11-20T19:43:09.068+0000] {dagbag.py:536} INFO - Filling up the DagBag from /home/airflow/.local/lib/python3.8/site-packages/airflow/example_dags/example_latest_only_with_trigger.py
[2023-11-20T19:43:09.078+0000] {processor.py:839} INFO - DAG(s) dict_keys(['latest_only_with_trigger']) retrieved from /home/airflow/.local/lib/python3.8/site-packages/airflow/example_dags/example_latest_only_with_trigger.py
[2023-11-20T19:43:09.102+0000] {logging_mixin.py:154} INFO - [2023-11-20T19:43:09.102+0000] {dag.py:2941} INFO - Sync 1 DAGs
[2023-11-20T19:43:09.133+0000] {logging_mixin.py:154} INFO - [2023-11-20T19:43:09.133+0000] {dag.py:3722} INFO - Setting next_dagrun for latest_only_with_trigger to 2023-11-20T15:43:09.132841+00:00, run_after=2023-11-20T19:43:09.132841+00:00
[2023-11-20T19:43:09.162+0000] {processor.py:179} INFO - Processing /home/airflow/.local/lib/python3.8/site-packages/airflow/example_dags/example_latest_only_with_trigger.py took 0.109 seconds
[2023-11-20T19:43:39.289+0000] {processor.py:157} INFO - Started process (PID=857) to work on /home/airflow/.local/lib/python3.8/site-packages/airflow/example_dags/example_latest_only_with_trigger.py
[2023-11-20T19:43:39.293+0000] {processor.py:829} INFO - Processing file /home/airflow/.local/lib/python3.8/site-packages/airflow/example_dags/example_latest_only_with_trigger.py for tasks to queue
[2023-11-20T19:43:39.310+0000] {logging_mixin.py:154} INFO - [2023-11-20T19:43:39.310+0000] {dagbag.py:536} INFO - Filling up the DagBag from /home/airflow/.local/lib/python3.8/site-packages/airflow/example_dags/example_latest_only_with_trigger.py
[2023-11-20T19:43:39.320+0000] {processor.py:839} INFO - DAG(s) dict_keys(['latest_only_with_trigger']) retrieved from /home/airflow/.local/lib/python3.8/site-packages/airflow/example_dags/example_latest_only_with_trigger.py
[2023-11-20T19:43:39.472+0000] {logging_mixin.py:154} INFO - [2023-11-20T19:43:39.472+0000] {dag.py:2941} INFO - Sync 1 DAGs
[2023-11-20T19:43:39.550+0000] {logging_mixin.py:154} INFO - [2023-11-20T19:43:39.549+0000] {dag.py:3722} INFO - Setting next_dagrun for latest_only_with_trigger to 2023-11-20T15:43:39.549529+00:00, run_after=2023-11-20T19:43:39.549529+00:00
[2023-11-20T19:43:39.594+0000] {processor.py:179} INFO - Processing /home/airflow/.local/lib/python3.8/site-packages/airflow/example_dags/example_latest_only_with_trigger.py took 0.316 seconds
[2023-11-20T19:44:10.207+0000] {processor.py:157} INFO - Started process (PID=911) to work on /home/airflow/.local/lib/python3.8/site-packages/airflow/example_dags/example_latest_only_with_trigger.py
[2023-11-20T19:44:10.215+0000] {processor.py:829} INFO - Processing file /home/airflow/.local/lib/python3.8/site-packages/airflow/example_dags/example_latest_only_with_trigger.py for tasks to queue
[2023-11-20T19:44:10.226+0000] {logging_mixin.py:154} INFO - [2023-11-20T19:44:10.226+0000] {dagbag.py:536} INFO - Filling up the DagBag from /home/airflow/.local/lib/python3.8/site-packages/airflow/example_dags/example_latest_only_with_trigger.py
[2023-11-20T19:44:10.254+0000] {processor.py:839} INFO - DAG(s) dict_keys(['latest_only_with_trigger']) retrieved from /home/airflow/.local/lib/python3.8/site-packages/airflow/example_dags/example_latest_only_with_trigger.py
[2023-11-20T19:44:10.334+0000] {logging_mixin.py:154} INFO - [2023-11-20T19:44:10.333+0000] {dag.py:2941} INFO - Sync 1 DAGs
[2023-11-20T19:44:10.529+0000] {logging_mixin.py:154} INFO - [2023-11-20T19:44:10.528+0000] {dag.py:3722} INFO - Setting next_dagrun for latest_only_with_trigger to 2023-11-20T15:44:10.525754+00:00, run_after=2023-11-20T19:44:10.525754+00:00
[2023-11-20T19:44:10.862+0000] {processor.py:179} INFO - Processing /home/airflow/.local/lib/python3.8/site-packages/airflow/example_dags/example_latest_only_with_trigger.py took 0.680 seconds
[2023-11-20T19:44:41.268+0000] {processor.py:157} INFO - Started process (PID=965) to work on /home/airflow/.local/lib/python3.8/site-packages/airflow/example_dags/example_latest_only_with_trigger.py
[2023-11-20T19:44:41.274+0000] {processor.py:829} INFO - Processing file /home/airflow/.local/lib/python3.8/site-packages/airflow/example_dags/example_latest_only_with_trigger.py for tasks to queue
[2023-11-20T19:44:41.286+0000] {logging_mixin.py:154} INFO - [2023-11-20T19:44:41.286+0000] {dagbag.py:536} INFO - Filling up the DagBag from /home/airflow/.local/lib/python3.8/site-packages/airflow/example_dags/example_latest_only_with_trigger.py
[2023-11-20T19:44:41.305+0000] {processor.py:839} INFO - DAG(s) dict_keys(['latest_only_with_trigger']) retrieved from /home/airflow/.local/lib/python3.8/site-packages/airflow/example_dags/example_latest_only_with_trigger.py
[2023-11-20T19:44:41.375+0000] {logging_mixin.py:154} INFO - [2023-11-20T19:44:41.375+0000] {dag.py:2941} INFO - Sync 1 DAGs
[2023-11-20T19:44:41.458+0000] {logging_mixin.py:154} INFO - [2023-11-20T19:44:41.458+0000] {dag.py:3722} INFO - Setting next_dagrun for latest_only_with_trigger to 2023-11-20T15:44:41.458365+00:00, run_after=2023-11-20T19:44:41.458365+00:00
[2023-11-20T19:44:41.505+0000] {processor.py:179} INFO - Processing /home/airflow/.local/lib/python3.8/site-packages/airflow/example_dags/example_latest_only_with_trigger.py took 0.269 seconds
[2023-11-20T19:45:14.047+0000] {processor.py:157} INFO - Started process (PID=1019) to work on /home/airflow/.local/lib/python3.8/site-packages/airflow/example_dags/example_latest_only_with_trigger.py
[2023-11-20T19:45:14.050+0000] {processor.py:829} INFO - Processing file /home/airflow/.local/lib/python3.8/site-packages/airflow/example_dags/example_latest_only_with_trigger.py for tasks to queue
[2023-11-20T19:45:14.057+0000] {logging_mixin.py:154} INFO - [2023-11-20T19:45:14.057+0000] {dagbag.py:536} INFO - Filling up the DagBag from /home/airflow/.local/lib/python3.8/site-packages/airflow/example_dags/example_latest_only_with_trigger.py
[2023-11-20T19:45:14.074+0000] {processor.py:839} INFO - DAG(s) dict_keys(['latest_only_with_trigger']) retrieved from /home/airflow/.local/lib/python3.8/site-packages/airflow/example_dags/example_latest_only_with_trigger.py
[2023-11-20T19:45:14.113+0000] {logging_mixin.py:154} INFO - [2023-11-20T19:45:14.113+0000] {dag.py:2941} INFO - Sync 1 DAGs
[2023-11-20T19:45:14.159+0000] {logging_mixin.py:154} INFO - [2023-11-20T19:45:14.159+0000] {dag.py:3722} INFO - Setting next_dagrun for latest_only_with_trigger to 2023-11-20T15:45:14.158918+00:00, run_after=2023-11-20T19:45:14.158918+00:00
[2023-11-20T19:45:14.207+0000] {processor.py:179} INFO - Processing /home/airflow/.local/lib/python3.8/site-packages/airflow/example_dags/example_latest_only_with_trigger.py took 0.168 seconds
[2023-11-20T19:45:45.178+0000] {processor.py:157} INFO - Started process (PID=1074) to work on /home/airflow/.local/lib/python3.8/site-packages/airflow/example_dags/example_latest_only_with_trigger.py
[2023-11-20T19:45:45.179+0000] {processor.py:829} INFO - Processing file /home/airflow/.local/lib/python3.8/site-packages/airflow/example_dags/example_latest_only_with_trigger.py for tasks to queue
[2023-11-20T19:45:45.185+0000] {logging_mixin.py:154} INFO - [2023-11-20T19:45:45.184+0000] {dagbag.py:536} INFO - Filling up the DagBag from /home/airflow/.local/lib/python3.8/site-packages/airflow/example_dags/example_latest_only_with_trigger.py
[2023-11-20T19:45:45.196+0000] {processor.py:839} INFO - DAG(s) dict_keys(['latest_only_with_trigger']) retrieved from /home/airflow/.local/lib/python3.8/site-packages/airflow/example_dags/example_latest_only_with_trigger.py
[2023-11-20T19:45:45.235+0000] {logging_mixin.py:154} INFO - [2023-11-20T19:45:45.234+0000] {dag.py:2941} INFO - Sync 1 DAGs
[2023-11-20T19:45:45.487+0000] {logging_mixin.py:154} INFO - [2023-11-20T19:45:45.487+0000] {dag.py:3722} INFO - Setting next_dagrun for latest_only_with_trigger to 2023-11-20T15:45:45.487347+00:00, run_after=2023-11-20T19:45:45.487347+00:00
[2023-11-20T19:45:45.525+0000] {processor.py:179} INFO - Processing /home/airflow/.local/lib/python3.8/site-packages/airflow/example_dags/example_latest_only_with_trigger.py took 0.354 seconds
[2023-11-20T19:46:16.246+0000] {processor.py:157} INFO - Started process (PID=1127) to work on /home/airflow/.local/lib/python3.8/site-packages/airflow/example_dags/example_latest_only_with_trigger.py
[2023-11-20T19:46:16.250+0000] {processor.py:829} INFO - Processing file /home/airflow/.local/lib/python3.8/site-packages/airflow/example_dags/example_latest_only_with_trigger.py for tasks to queue
[2023-11-20T19:46:16.267+0000] {logging_mixin.py:154} INFO - [2023-11-20T19:46:16.267+0000] {dagbag.py:536} INFO - Filling up the DagBag from /home/airflow/.local/lib/python3.8/site-packages/airflow/example_dags/example_latest_only_with_trigger.py
[2023-11-20T19:46:16.300+0000] {processor.py:839} INFO - DAG(s) dict_keys(['latest_only_with_trigger']) retrieved from /home/airflow/.local/lib/python3.8/site-packages/airflow/example_dags/example_latest_only_with_trigger.py
[2023-11-20T19:46:16.414+0000] {logging_mixin.py:154} INFO - [2023-11-20T19:46:16.414+0000] {dag.py:2941} INFO - Sync 1 DAGs
[2023-11-20T19:46:16.477+0000] {logging_mixin.py:154} INFO - [2023-11-20T19:46:16.474+0000] {dag.py:3722} INFO - Setting next_dagrun for latest_only_with_trigger to 2023-11-20T15:46:16.474212+00:00, run_after=2023-11-20T19:46:16.474212+00:00
[2023-11-20T19:46:16.531+0000] {processor.py:179} INFO - Processing /home/airflow/.local/lib/python3.8/site-packages/airflow/example_dags/example_latest_only_with_trigger.py took 0.320 seconds
[2023-11-20T19:46:48.109+0000] {processor.py:157} INFO - Started process (PID=1180) to work on /home/airflow/.local/lib/python3.8/site-packages/airflow/example_dags/example_latest_only_with_trigger.py
[2023-11-20T19:46:48.111+0000] {processor.py:829} INFO - Processing file /home/airflow/.local/lib/python3.8/site-packages/airflow/example_dags/example_latest_only_with_trigger.py for tasks to queue
[2023-11-20T19:46:48.127+0000] {logging_mixin.py:154} INFO - [2023-11-20T19:46:48.118+0000] {dagbag.py:536} INFO - Filling up the DagBag from /home/airflow/.local/lib/python3.8/site-packages/airflow/example_dags/example_latest_only_with_trigger.py
[2023-11-20T19:46:48.158+0000] {processor.py:839} INFO - DAG(s) dict_keys(['latest_only_with_trigger']) retrieved from /home/airflow/.local/lib/python3.8/site-packages/airflow/example_dags/example_latest_only_with_trigger.py
[2023-11-20T19:46:48.309+0000] {logging_mixin.py:154} INFO - [2023-11-20T19:46:48.308+0000] {dag.py:2941} INFO - Sync 1 DAGs
[2023-11-20T19:46:48.801+0000] {logging_mixin.py:154} INFO - [2023-11-20T19:46:48.801+0000] {dag.py:3722} INFO - Setting next_dagrun for latest_only_with_trigger to 2023-11-20T15:46:48.801240+00:00, run_after=2023-11-20T19:46:48.801240+00:00
[2023-11-20T19:46:48.856+0000] {processor.py:179} INFO - Processing /home/airflow/.local/lib/python3.8/site-packages/airflow/example_dags/example_latest_only_with_trigger.py took 0.756 seconds
[2023-11-20T19:47:19.246+0000] {processor.py:157} INFO - Started process (PID=1234) to work on /home/airflow/.local/lib/python3.8/site-packages/airflow/example_dags/example_latest_only_with_trigger.py
[2023-11-20T19:47:19.248+0000] {processor.py:829} INFO - Processing file /home/airflow/.local/lib/python3.8/site-packages/airflow/example_dags/example_latest_only_with_trigger.py for tasks to queue
[2023-11-20T19:47:19.251+0000] {logging_mixin.py:154} INFO - [2023-11-20T19:47:19.251+0000] {dagbag.py:536} INFO - Filling up the DagBag from /home/airflow/.local/lib/python3.8/site-packages/airflow/example_dags/example_latest_only_with_trigger.py
[2023-11-20T19:47:19.259+0000] {processor.py:839} INFO - DAG(s) dict_keys(['latest_only_with_trigger']) retrieved from /home/airflow/.local/lib/python3.8/site-packages/airflow/example_dags/example_latest_only_with_trigger.py
[2023-11-20T19:47:19.285+0000] {logging_mixin.py:154} INFO - [2023-11-20T19:47:19.285+0000] {dag.py:2941} INFO - Sync 1 DAGs
[2023-11-20T19:47:19.314+0000] {logging_mixin.py:154} INFO - [2023-11-20T19:47:19.314+0000] {dag.py:3722} INFO - Setting next_dagrun for latest_only_with_trigger to 2023-11-20T15:47:19.314303+00:00, run_after=2023-11-20T19:47:19.314303+00:00
[2023-11-20T19:47:19.343+0000] {processor.py:179} INFO - Processing /home/airflow/.local/lib/python3.8/site-packages/airflow/example_dags/example_latest_only_with_trigger.py took 0.101 seconds
[2023-11-20T19:47:55.797+0000] {processor.py:157} INFO - Started process (PID=1288) to work on /home/airflow/.local/lib/python3.8/site-packages/airflow/example_dags/example_latest_only_with_trigger.py
[2023-11-20T19:47:55.809+0000] {processor.py:829} INFO - Processing file /home/airflow/.local/lib/python3.8/site-packages/airflow/example_dags/example_latest_only_with_trigger.py for tasks to queue
[2023-11-20T19:47:55.813+0000] {logging_mixin.py:154} INFO - [2023-11-20T19:47:55.812+0000] {dagbag.py:536} INFO - Filling up the DagBag from /home/airflow/.local/lib/python3.8/site-packages/airflow/example_dags/example_latest_only_with_trigger.py
[2023-11-20T19:47:55.838+0000] {processor.py:839} INFO - DAG(s) dict_keys(['latest_only_with_trigger']) retrieved from /home/airflow/.local/lib/python3.8/site-packages/airflow/example_dags/example_latest_only_with_trigger.py
[2023-11-20T19:47:55.934+0000] {logging_mixin.py:154} INFO - [2023-11-20T19:47:55.934+0000] {dag.py:2941} INFO - Sync 1 DAGs
[2023-11-20T19:47:56.085+0000] {logging_mixin.py:154} INFO - [2023-11-20T19:47:56.084+0000] {dag.py:3722} INFO - Setting next_dagrun for latest_only_with_trigger to 2023-11-20T15:47:56.076585+00:00, run_after=2023-11-20T19:47:56.076585+00:00
[2023-11-20T19:47:56.360+0000] {processor.py:179} INFO - Processing /home/airflow/.local/lib/python3.8/site-packages/airflow/example_dags/example_latest_only_with_trigger.py took 0.589 seconds
