[2023-11-20T19:35:49.869+0000] {processor.py:157} INFO - Started process (PID=43) to work on /home/airflow/.local/lib/python3.8/site-packages/airflow/example_dags/example_setup_teardown_taskflow.py
[2023-11-20T19:35:49.877+0000] {processor.py:829} INFO - Processing file /home/airflow/.local/lib/python3.8/site-packages/airflow/example_dags/example_setup_teardown_taskflow.py for tasks to queue
[2023-11-20T19:35:49.887+0000] {logging_mixin.py:154} INFO - [2023-11-20T19:35:49.886+0000] {dagbag.py:536} INFO - Filling up the DagBag from /home/airflow/.local/lib/python3.8/site-packages/airflow/example_dags/example_setup_teardown_taskflow.py
[2023-11-20T19:35:49.925+0000] {processor.py:839} INFO - DAG(s) dict_keys(['example_setup_teardown_taskflow']) retrieved from /home/airflow/.local/lib/python3.8/site-packages/airflow/example_dags/example_setup_teardown_taskflow.py
[2023-11-20T19:35:50.244+0000] {logging_mixin.py:154} INFO - [2023-11-20T19:35:50.244+0000] {dag.py:2941} INFO - Sync 1 DAGs
[2023-11-20T19:35:50.405+0000] {logging_mixin.py:154} INFO - [2023-11-20T19:35:50.405+0000] {dag.py:3722} INFO - Setting next_dagrun for example_setup_teardown_taskflow to 2023-11-19T19:35:50.405318+00:00, run_after=2023-11-20T19:35:50.405318+00:00
[2023-11-20T19:35:50.476+0000] {processor.py:179} INFO - Processing /home/airflow/.local/lib/python3.8/site-packages/airflow/example_dags/example_setup_teardown_taskflow.py took 0.621 seconds
[2023-11-20T19:36:23.679+0000] {processor.py:157} INFO - Started process (PID=103) to work on /home/airflow/.local/lib/python3.8/site-packages/airflow/example_dags/example_setup_teardown_taskflow.py
[2023-11-20T19:36:23.688+0000] {processor.py:829} INFO - Processing file /home/airflow/.local/lib/python3.8/site-packages/airflow/example_dags/example_setup_teardown_taskflow.py for tasks to queue
[2023-11-20T19:36:23.697+0000] {logging_mixin.py:154} INFO - [2023-11-20T19:36:23.697+0000] {dagbag.py:536} INFO - Filling up the DagBag from /home/airflow/.local/lib/python3.8/site-packages/airflow/example_dags/example_setup_teardown_taskflow.py
[2023-11-20T19:36:23.741+0000] {processor.py:839} INFO - DAG(s) dict_keys(['example_setup_teardown_taskflow']) retrieved from /home/airflow/.local/lib/python3.8/site-packages/airflow/example_dags/example_setup_teardown_taskflow.py
[2023-11-20T19:36:23.805+0000] {logging_mixin.py:154} INFO - [2023-11-20T19:36:23.805+0000] {dag.py:2941} INFO - Sync 1 DAGs
[2023-11-20T19:36:24.031+0000] {logging_mixin.py:154} INFO - [2023-11-20T19:36:24.031+0000] {dag.py:3722} INFO - Setting next_dagrun for example_setup_teardown_taskflow to 2023-11-19T19:36:23.998252+00:00, run_after=2023-11-20T19:36:23.998252+00:00
[2023-11-20T19:36:25.489+0000] {processor.py:179} INFO - Processing /home/airflow/.local/lib/python3.8/site-packages/airflow/example_dags/example_setup_teardown_taskflow.py took 1.785 seconds
[2023-11-20T19:36:56.470+0000] {processor.py:157} INFO - Started process (PID=157) to work on /home/airflow/.local/lib/python3.8/site-packages/airflow/example_dags/example_setup_teardown_taskflow.py
[2023-11-20T19:36:56.472+0000] {processor.py:829} INFO - Processing file /home/airflow/.local/lib/python3.8/site-packages/airflow/example_dags/example_setup_teardown_taskflow.py for tasks to queue
[2023-11-20T19:36:56.476+0000] {logging_mixin.py:154} INFO - [2023-11-20T19:36:56.475+0000] {dagbag.py:536} INFO - Filling up the DagBag from /home/airflow/.local/lib/python3.8/site-packages/airflow/example_dags/example_setup_teardown_taskflow.py
[2023-11-20T19:36:56.491+0000] {processor.py:839} INFO - DAG(s) dict_keys(['example_setup_teardown_taskflow']) retrieved from /home/airflow/.local/lib/python3.8/site-packages/airflow/example_dags/example_setup_teardown_taskflow.py
[2023-11-20T19:36:56.534+0000] {logging_mixin.py:154} INFO - [2023-11-20T19:36:56.534+0000] {dag.py:2941} INFO - Sync 1 DAGs
[2023-11-20T19:36:56.560+0000] {logging_mixin.py:154} INFO - [2023-11-20T19:36:56.560+0000] {dag.py:3722} INFO - Setting next_dagrun for example_setup_teardown_taskflow to 2023-11-19T19:36:56.560140+00:00, run_after=2023-11-20T19:36:56.560140+00:00
[2023-11-20T19:36:56.582+0000] {processor.py:179} INFO - Processing /home/airflow/.local/lib/python3.8/site-packages/airflow/example_dags/example_setup_teardown_taskflow.py took 0.117 seconds
[2023-11-20T19:37:26.738+0000] {processor.py:157} INFO - Started process (PID=210) to work on /home/airflow/.local/lib/python3.8/site-packages/airflow/example_dags/example_setup_teardown_taskflow.py
[2023-11-20T19:37:26.749+0000] {processor.py:829} INFO - Processing file /home/airflow/.local/lib/python3.8/site-packages/airflow/example_dags/example_setup_teardown_taskflow.py for tasks to queue
[2023-11-20T19:37:26.760+0000] {logging_mixin.py:154} INFO - [2023-11-20T19:37:26.758+0000] {dagbag.py:536} INFO - Filling up the DagBag from /home/airflow/.local/lib/python3.8/site-packages/airflow/example_dags/example_setup_teardown_taskflow.py
[2023-11-20T19:37:26.792+0000] {processor.py:839} INFO - DAG(s) dict_keys(['example_setup_teardown_taskflow']) retrieved from /home/airflow/.local/lib/python3.8/site-packages/airflow/example_dags/example_setup_teardown_taskflow.py
[2023-11-20T19:37:26.864+0000] {logging_mixin.py:154} INFO - [2023-11-20T19:37:26.863+0000] {dag.py:2941} INFO - Sync 1 DAGs
[2023-11-20T19:37:26.907+0000] {logging_mixin.py:154} INFO - [2023-11-20T19:37:26.907+0000] {dag.py:3722} INFO - Setting next_dagrun for example_setup_teardown_taskflow to 2023-11-19T19:37:26.907359+00:00, run_after=2023-11-20T19:37:26.907359+00:00
[2023-11-20T19:37:26.942+0000] {processor.py:179} INFO - Processing /home/airflow/.local/lib/python3.8/site-packages/airflow/example_dags/example_setup_teardown_taskflow.py took 0.213 seconds
[2023-11-20T19:37:57.248+0000] {processor.py:157} INFO - Started process (PID=263) to work on /home/airflow/.local/lib/python3.8/site-packages/airflow/example_dags/example_setup_teardown_taskflow.py
[2023-11-20T19:37:57.251+0000] {processor.py:829} INFO - Processing file /home/airflow/.local/lib/python3.8/site-packages/airflow/example_dags/example_setup_teardown_taskflow.py for tasks to queue
[2023-11-20T19:37:57.257+0000] {logging_mixin.py:154} INFO - [2023-11-20T19:37:57.257+0000] {dagbag.py:536} INFO - Filling up the DagBag from /home/airflow/.local/lib/python3.8/site-packages/airflow/example_dags/example_setup_teardown_taskflow.py
[2023-11-20T19:37:57.304+0000] {processor.py:839} INFO - DAG(s) dict_keys(['example_setup_teardown_taskflow']) retrieved from /home/airflow/.local/lib/python3.8/site-packages/airflow/example_dags/example_setup_teardown_taskflow.py
[2023-11-20T19:37:57.684+0000] {logging_mixin.py:154} INFO - [2023-11-20T19:37:57.684+0000] {dag.py:2941} INFO - Sync 1 DAGs
[2023-11-20T19:37:57.976+0000] {logging_mixin.py:154} INFO - [2023-11-20T19:37:57.976+0000] {dag.py:3722} INFO - Setting next_dagrun for example_setup_teardown_taskflow to 2023-11-19T19:37:57.975324+00:00, run_after=2023-11-20T19:37:57.975324+00:00
[2023-11-20T19:37:58.111+0000] {processor.py:179} INFO - Processing /home/airflow/.local/lib/python3.8/site-packages/airflow/example_dags/example_setup_teardown_taskflow.py took 0.830 seconds
[2023-11-20T19:38:28.526+0000] {processor.py:157} INFO - Started process (PID=315) to work on /home/airflow/.local/lib/python3.8/site-packages/airflow/example_dags/example_setup_teardown_taskflow.py
[2023-11-20T19:38:28.527+0000] {processor.py:829} INFO - Processing file /home/airflow/.local/lib/python3.8/site-packages/airflow/example_dags/example_setup_teardown_taskflow.py for tasks to queue
[2023-11-20T19:38:28.530+0000] {logging_mixin.py:154} INFO - [2023-11-20T19:38:28.530+0000] {dagbag.py:536} INFO - Filling up the DagBag from /home/airflow/.local/lib/python3.8/site-packages/airflow/example_dags/example_setup_teardown_taskflow.py
[2023-11-20T19:38:28.541+0000] {processor.py:839} INFO - DAG(s) dict_keys(['example_setup_teardown_taskflow']) retrieved from /home/airflow/.local/lib/python3.8/site-packages/airflow/example_dags/example_setup_teardown_taskflow.py
[2023-11-20T19:38:28.567+0000] {logging_mixin.py:154} INFO - [2023-11-20T19:38:28.567+0000] {dag.py:2941} INFO - Sync 1 DAGs
[2023-11-20T19:38:28.593+0000] {logging_mixin.py:154} INFO - [2023-11-20T19:38:28.593+0000] {dag.py:3722} INFO - Setting next_dagrun for example_setup_teardown_taskflow to 2023-11-19T19:38:28.592869+00:00, run_after=2023-11-20T19:38:28.592869+00:00
[2023-11-20T19:38:28.618+0000] {processor.py:179} INFO - Processing /home/airflow/.local/lib/python3.8/site-packages/airflow/example_dags/example_setup_teardown_taskflow.py took 0.097 seconds
[2023-11-20T19:38:59.003+0000] {processor.py:157} INFO - Started process (PID=368) to work on /home/airflow/.local/lib/python3.8/site-packages/airflow/example_dags/example_setup_teardown_taskflow.py
[2023-11-20T19:38:59.005+0000] {processor.py:829} INFO - Processing file /home/airflow/.local/lib/python3.8/site-packages/airflow/example_dags/example_setup_teardown_taskflow.py for tasks to queue
[2023-11-20T19:38:59.008+0000] {logging_mixin.py:154} INFO - [2023-11-20T19:38:59.008+0000] {dagbag.py:536} INFO - Filling up the DagBag from /home/airflow/.local/lib/python3.8/site-packages/airflow/example_dags/example_setup_teardown_taskflow.py
[2023-11-20T19:38:59.022+0000] {processor.py:839} INFO - DAG(s) dict_keys(['example_setup_teardown_taskflow']) retrieved from /home/airflow/.local/lib/python3.8/site-packages/airflow/example_dags/example_setup_teardown_taskflow.py
[2023-11-20T19:38:59.055+0000] {logging_mixin.py:154} INFO - [2023-11-20T19:38:59.055+0000] {dag.py:2941} INFO - Sync 1 DAGs
[2023-11-20T19:38:59.090+0000] {logging_mixin.py:154} INFO - [2023-11-20T19:38:59.090+0000] {dag.py:3722} INFO - Setting next_dagrun for example_setup_teardown_taskflow to 2023-11-19T19:38:59.089977+00:00, run_after=2023-11-20T19:38:59.089977+00:00
[2023-11-20T19:38:59.121+0000] {processor.py:179} INFO - Processing /home/airflow/.local/lib/python3.8/site-packages/airflow/example_dags/example_setup_teardown_taskflow.py took 0.123 seconds
[2023-11-20T19:39:30.033+0000] {processor.py:157} INFO - Started process (PID=421) to work on /home/airflow/.local/lib/python3.8/site-packages/airflow/example_dags/example_setup_teardown_taskflow.py
[2023-11-20T19:39:30.036+0000] {processor.py:829} INFO - Processing file /home/airflow/.local/lib/python3.8/site-packages/airflow/example_dags/example_setup_teardown_taskflow.py for tasks to queue
[2023-11-20T19:39:30.041+0000] {logging_mixin.py:154} INFO - [2023-11-20T19:39:30.040+0000] {dagbag.py:536} INFO - Filling up the DagBag from /home/airflow/.local/lib/python3.8/site-packages/airflow/example_dags/example_setup_teardown_taskflow.py
[2023-11-20T19:39:30.055+0000] {processor.py:839} INFO - DAG(s) dict_keys(['example_setup_teardown_taskflow']) retrieved from /home/airflow/.local/lib/python3.8/site-packages/airflow/example_dags/example_setup_teardown_taskflow.py
[2023-11-20T19:39:30.101+0000] {logging_mixin.py:154} INFO - [2023-11-20T19:39:30.100+0000] {dag.py:2941} INFO - Sync 1 DAGs
[2023-11-20T19:39:30.153+0000] {logging_mixin.py:154} INFO - [2023-11-20T19:39:30.153+0000] {dag.py:3722} INFO - Setting next_dagrun for example_setup_teardown_taskflow to 2023-11-19T19:39:30.152851+00:00, run_after=2023-11-20T19:39:30.152851+00:00
[2023-11-20T19:39:30.188+0000] {processor.py:179} INFO - Processing /home/airflow/.local/lib/python3.8/site-packages/airflow/example_dags/example_setup_teardown_taskflow.py took 0.162 seconds
[2023-11-20T19:40:00.538+0000] {processor.py:157} INFO - Started process (PID=475) to work on /home/airflow/.local/lib/python3.8/site-packages/airflow/example_dags/example_setup_teardown_taskflow.py
[2023-11-20T19:40:00.539+0000] {processor.py:829} INFO - Processing file /home/airflow/.local/lib/python3.8/site-packages/airflow/example_dags/example_setup_teardown_taskflow.py for tasks to queue
[2023-11-20T19:40:00.546+0000] {logging_mixin.py:154} INFO - [2023-11-20T19:40:00.545+0000] {dagbag.py:536} INFO - Filling up the DagBag from /home/airflow/.local/lib/python3.8/site-packages/airflow/example_dags/example_setup_teardown_taskflow.py
[2023-11-20T19:40:00.565+0000] {processor.py:839} INFO - DAG(s) dict_keys(['example_setup_teardown_taskflow']) retrieved from /home/airflow/.local/lib/python3.8/site-packages/airflow/example_dags/example_setup_teardown_taskflow.py
[2023-11-20T19:40:00.603+0000] {logging_mixin.py:154} INFO - [2023-11-20T19:40:00.602+0000] {dag.py:2941} INFO - Sync 1 DAGs
[2023-11-20T19:40:00.640+0000] {logging_mixin.py:154} INFO - [2023-11-20T19:40:00.639+0000] {dag.py:3722} INFO - Setting next_dagrun for example_setup_teardown_taskflow to 2023-11-19T19:40:00.639412+00:00, run_after=2023-11-20T19:40:00.639412+00:00
[2023-11-20T19:40:00.673+0000] {processor.py:179} INFO - Processing /home/airflow/.local/lib/python3.8/site-packages/airflow/example_dags/example_setup_teardown_taskflow.py took 0.139 seconds
[2023-11-20T19:40:31.306+0000] {processor.py:157} INFO - Started process (PID=529) to work on /home/airflow/.local/lib/python3.8/site-packages/airflow/example_dags/example_setup_teardown_taskflow.py
[2023-11-20T19:40:31.311+0000] {processor.py:829} INFO - Processing file /home/airflow/.local/lib/python3.8/site-packages/airflow/example_dags/example_setup_teardown_taskflow.py for tasks to queue
[2023-11-20T19:40:31.315+0000] {logging_mixin.py:154} INFO - [2023-11-20T19:40:31.315+0000] {dagbag.py:536} INFO - Filling up the DagBag from /home/airflow/.local/lib/python3.8/site-packages/airflow/example_dags/example_setup_teardown_taskflow.py
[2023-11-20T19:40:31.330+0000] {processor.py:839} INFO - DAG(s) dict_keys(['example_setup_teardown_taskflow']) retrieved from /home/airflow/.local/lib/python3.8/site-packages/airflow/example_dags/example_setup_teardown_taskflow.py
[2023-11-20T19:40:31.368+0000] {logging_mixin.py:154} INFO - [2023-11-20T19:40:31.367+0000] {dag.py:2941} INFO - Sync 1 DAGs
[2023-11-20T19:40:31.403+0000] {logging_mixin.py:154} INFO - [2023-11-20T19:40:31.403+0000] {dag.py:3722} INFO - Setting next_dagrun for example_setup_teardown_taskflow to 2023-11-19T19:40:31.402661+00:00, run_after=2023-11-20T19:40:31.402661+00:00
[2023-11-20T19:40:31.437+0000] {processor.py:179} INFO - Processing /home/airflow/.local/lib/python3.8/site-packages/airflow/example_dags/example_setup_teardown_taskflow.py took 0.135 seconds
[2023-11-20T19:41:02.024+0000] {processor.py:157} INFO - Started process (PID=582) to work on /home/airflow/.local/lib/python3.8/site-packages/airflow/example_dags/example_setup_teardown_taskflow.py
[2023-11-20T19:41:02.025+0000] {processor.py:829} INFO - Processing file /home/airflow/.local/lib/python3.8/site-packages/airflow/example_dags/example_setup_teardown_taskflow.py for tasks to queue
[2023-11-20T19:41:02.029+0000] {logging_mixin.py:154} INFO - [2023-11-20T19:41:02.028+0000] {dagbag.py:536} INFO - Filling up the DagBag from /home/airflow/.local/lib/python3.8/site-packages/airflow/example_dags/example_setup_teardown_taskflow.py
[2023-11-20T19:41:02.042+0000] {processor.py:839} INFO - DAG(s) dict_keys(['example_setup_teardown_taskflow']) retrieved from /home/airflow/.local/lib/python3.8/site-packages/airflow/example_dags/example_setup_teardown_taskflow.py
[2023-11-20T19:41:02.076+0000] {logging_mixin.py:154} INFO - [2023-11-20T19:41:02.076+0000] {dag.py:2941} INFO - Sync 1 DAGs
[2023-11-20T19:41:02.106+0000] {logging_mixin.py:154} INFO - [2023-11-20T19:41:02.106+0000] {dag.py:3722} INFO - Setting next_dagrun for example_setup_teardown_taskflow to 2023-11-19T19:41:02.106258+00:00, run_after=2023-11-20T19:41:02.106258+00:00
[2023-11-20T19:41:02.128+0000] {processor.py:179} INFO - Processing /home/airflow/.local/lib/python3.8/site-packages/airflow/example_dags/example_setup_teardown_taskflow.py took 0.109 seconds
[2023-11-20T19:41:32.638+0000] {processor.py:157} INFO - Started process (PID=636) to work on /home/airflow/.local/lib/python3.8/site-packages/airflow/example_dags/example_setup_teardown_taskflow.py
[2023-11-20T19:41:32.640+0000] {processor.py:829} INFO - Processing file /home/airflow/.local/lib/python3.8/site-packages/airflow/example_dags/example_setup_teardown_taskflow.py for tasks to queue
[2023-11-20T19:41:32.648+0000] {logging_mixin.py:154} INFO - [2023-11-20T19:41:32.647+0000] {dagbag.py:536} INFO - Filling up the DagBag from /home/airflow/.local/lib/python3.8/site-packages/airflow/example_dags/example_setup_teardown_taskflow.py
[2023-11-20T19:41:32.669+0000] {processor.py:839} INFO - DAG(s) dict_keys(['example_setup_teardown_taskflow']) retrieved from /home/airflow/.local/lib/python3.8/site-packages/airflow/example_dags/example_setup_teardown_taskflow.py
[2023-11-20T19:41:32.722+0000] {logging_mixin.py:154} INFO - [2023-11-20T19:41:32.722+0000] {dag.py:2941} INFO - Sync 1 DAGs
[2023-11-20T19:41:32.771+0000] {logging_mixin.py:154} INFO - [2023-11-20T19:41:32.770+0000] {dag.py:3722} INFO - Setting next_dagrun for example_setup_teardown_taskflow to 2023-11-19T19:41:32.770508+00:00, run_after=2023-11-20T19:41:32.770508+00:00
[2023-11-20T19:41:32.802+0000] {processor.py:179} INFO - Processing /home/airflow/.local/lib/python3.8/site-packages/airflow/example_dags/example_setup_teardown_taskflow.py took 0.174 seconds
[2023-11-20T19:42:03.694+0000] {processor.py:157} INFO - Started process (PID=690) to work on /home/airflow/.local/lib/python3.8/site-packages/airflow/example_dags/example_setup_teardown_taskflow.py
[2023-11-20T19:42:03.695+0000] {processor.py:829} INFO - Processing file /home/airflow/.local/lib/python3.8/site-packages/airflow/example_dags/example_setup_teardown_taskflow.py for tasks to queue
[2023-11-20T19:42:03.699+0000] {logging_mixin.py:154} INFO - [2023-11-20T19:42:03.698+0000] {dagbag.py:536} INFO - Filling up the DagBag from /home/airflow/.local/lib/python3.8/site-packages/airflow/example_dags/example_setup_teardown_taskflow.py
[2023-11-20T19:42:03.711+0000] {processor.py:839} INFO - DAG(s) dict_keys(['example_setup_teardown_taskflow']) retrieved from /home/airflow/.local/lib/python3.8/site-packages/airflow/example_dags/example_setup_teardown_taskflow.py
[2023-11-20T19:42:03.737+0000] {logging_mixin.py:154} INFO - [2023-11-20T19:42:03.737+0000] {dag.py:2941} INFO - Sync 1 DAGs
[2023-11-20T19:42:03.765+0000] {logging_mixin.py:154} INFO - [2023-11-20T19:42:03.765+0000] {dag.py:3722} INFO - Setting next_dagrun for example_setup_teardown_taskflow to 2023-11-19T19:42:03.764785+00:00, run_after=2023-11-20T19:42:03.764785+00:00
[2023-11-20T19:42:03.787+0000] {processor.py:179} INFO - Processing /home/airflow/.local/lib/python3.8/site-packages/airflow/example_dags/example_setup_teardown_taskflow.py took 0.097 seconds
[2023-11-20T19:42:34.626+0000] {processor.py:157} INFO - Started process (PID=744) to work on /home/airflow/.local/lib/python3.8/site-packages/airflow/example_dags/example_setup_teardown_taskflow.py
[2023-11-20T19:42:34.630+0000] {processor.py:829} INFO - Processing file /home/airflow/.local/lib/python3.8/site-packages/airflow/example_dags/example_setup_teardown_taskflow.py for tasks to queue
[2023-11-20T19:42:34.633+0000] {logging_mixin.py:154} INFO - [2023-11-20T19:42:34.632+0000] {dagbag.py:536} INFO - Filling up the DagBag from /home/airflow/.local/lib/python3.8/site-packages/airflow/example_dags/example_setup_teardown_taskflow.py
[2023-11-20T19:42:34.649+0000] {processor.py:839} INFO - DAG(s) dict_keys(['example_setup_teardown_taskflow']) retrieved from /home/airflow/.local/lib/python3.8/site-packages/airflow/example_dags/example_setup_teardown_taskflow.py
[2023-11-20T19:42:34.690+0000] {logging_mixin.py:154} INFO - [2023-11-20T19:42:34.689+0000] {dag.py:2941} INFO - Sync 1 DAGs
[2023-11-20T19:42:34.769+0000] {logging_mixin.py:154} INFO - [2023-11-20T19:42:34.768+0000] {dag.py:3722} INFO - Setting next_dagrun for example_setup_teardown_taskflow to 2023-11-19T19:42:34.767946+00:00, run_after=2023-11-20T19:42:34.767946+00:00
[2023-11-20T19:42:34.829+0000] {processor.py:179} INFO - Processing /home/airflow/.local/lib/python3.8/site-packages/airflow/example_dags/example_setup_teardown_taskflow.py took 0.212 seconds
[2023-11-20T19:43:04.870+0000] {processor.py:157} INFO - Started process (PID=798) to work on /home/airflow/.local/lib/python3.8/site-packages/airflow/example_dags/example_setup_teardown_taskflow.py
[2023-11-20T19:43:04.873+0000] {processor.py:829} INFO - Processing file /home/airflow/.local/lib/python3.8/site-packages/airflow/example_dags/example_setup_teardown_taskflow.py for tasks to queue
[2023-11-20T19:43:04.876+0000] {logging_mixin.py:154} INFO - [2023-11-20T19:43:04.876+0000] {dagbag.py:536} INFO - Filling up the DagBag from /home/airflow/.local/lib/python3.8/site-packages/airflow/example_dags/example_setup_teardown_taskflow.py
[2023-11-20T19:43:04.888+0000] {processor.py:839} INFO - DAG(s) dict_keys(['example_setup_teardown_taskflow']) retrieved from /home/airflow/.local/lib/python3.8/site-packages/airflow/example_dags/example_setup_teardown_taskflow.py
[2023-11-20T19:43:04.916+0000] {logging_mixin.py:154} INFO - [2023-11-20T19:43:04.916+0000] {dag.py:2941} INFO - Sync 1 DAGs
[2023-11-20T19:43:04.941+0000] {logging_mixin.py:154} INFO - [2023-11-20T19:43:04.941+0000] {dag.py:3722} INFO - Setting next_dagrun for example_setup_teardown_taskflow to 2023-11-19T19:43:04.941333+00:00, run_after=2023-11-20T19:43:04.941333+00:00
[2023-11-20T19:43:04.990+0000] {processor.py:179} INFO - Processing /home/airflow/.local/lib/python3.8/site-packages/airflow/example_dags/example_setup_teardown_taskflow.py took 0.124 seconds
[2023-11-20T19:43:35.067+0000] {processor.py:157} INFO - Started process (PID=852) to work on /home/airflow/.local/lib/python3.8/site-packages/airflow/example_dags/example_setup_teardown_taskflow.py
[2023-11-20T19:43:35.068+0000] {processor.py:829} INFO - Processing file /home/airflow/.local/lib/python3.8/site-packages/airflow/example_dags/example_setup_teardown_taskflow.py for tasks to queue
[2023-11-20T19:43:35.071+0000] {logging_mixin.py:154} INFO - [2023-11-20T19:43:35.071+0000] {dagbag.py:536} INFO - Filling up the DagBag from /home/airflow/.local/lib/python3.8/site-packages/airflow/example_dags/example_setup_teardown_taskflow.py
[2023-11-20T19:43:35.083+0000] {processor.py:839} INFO - DAG(s) dict_keys(['example_setup_teardown_taskflow']) retrieved from /home/airflow/.local/lib/python3.8/site-packages/airflow/example_dags/example_setup_teardown_taskflow.py
[2023-11-20T19:43:35.130+0000] {logging_mixin.py:154} INFO - [2023-11-20T19:43:35.129+0000] {dag.py:2941} INFO - Sync 1 DAGs
[2023-11-20T19:43:35.182+0000] {logging_mixin.py:154} INFO - [2023-11-20T19:43:35.181+0000] {dag.py:3722} INFO - Setting next_dagrun for example_setup_teardown_taskflow to 2023-11-19T19:43:35.180642+00:00, run_after=2023-11-20T19:43:35.180642+00:00
[2023-11-20T19:43:35.209+0000] {processor.py:179} INFO - Processing /home/airflow/.local/lib/python3.8/site-packages/airflow/example_dags/example_setup_teardown_taskflow.py took 0.148 seconds
[2023-11-20T19:44:05.762+0000] {processor.py:157} INFO - Started process (PID=906) to work on /home/airflow/.local/lib/python3.8/site-packages/airflow/example_dags/example_setup_teardown_taskflow.py
[2023-11-20T19:44:05.765+0000] {processor.py:829} INFO - Processing file /home/airflow/.local/lib/python3.8/site-packages/airflow/example_dags/example_setup_teardown_taskflow.py for tasks to queue
[2023-11-20T19:44:05.772+0000] {logging_mixin.py:154} INFO - [2023-11-20T19:44:05.771+0000] {dagbag.py:536} INFO - Filling up the DagBag from /home/airflow/.local/lib/python3.8/site-packages/airflow/example_dags/example_setup_teardown_taskflow.py
[2023-11-20T19:44:05.857+0000] {processor.py:839} INFO - DAG(s) dict_keys(['example_setup_teardown_taskflow']) retrieved from /home/airflow/.local/lib/python3.8/site-packages/airflow/example_dags/example_setup_teardown_taskflow.py
[2023-11-20T19:44:05.922+0000] {logging_mixin.py:154} INFO - [2023-11-20T19:44:05.921+0000] {dag.py:2941} INFO - Sync 1 DAGs
[2023-11-20T19:44:05.991+0000] {logging_mixin.py:154} INFO - [2023-11-20T19:44:05.991+0000] {dag.py:3722} INFO - Setting next_dagrun for example_setup_teardown_taskflow to 2023-11-19T19:44:05.990855+00:00, run_after=2023-11-20T19:44:05.990855+00:00
[2023-11-20T19:44:06.312+0000] {processor.py:179} INFO - Processing /home/airflow/.local/lib/python3.8/site-packages/airflow/example_dags/example_setup_teardown_taskflow.py took 0.558 seconds
[2023-11-20T19:44:36.479+0000] {processor.py:157} INFO - Started process (PID=960) to work on /home/airflow/.local/lib/python3.8/site-packages/airflow/example_dags/example_setup_teardown_taskflow.py
[2023-11-20T19:44:36.484+0000] {processor.py:829} INFO - Processing file /home/airflow/.local/lib/python3.8/site-packages/airflow/example_dags/example_setup_teardown_taskflow.py for tasks to queue
[2023-11-20T19:44:36.489+0000] {logging_mixin.py:154} INFO - [2023-11-20T19:44:36.487+0000] {dagbag.py:536} INFO - Filling up the DagBag from /home/airflow/.local/lib/python3.8/site-packages/airflow/example_dags/example_setup_teardown_taskflow.py
[2023-11-20T19:44:36.511+0000] {processor.py:839} INFO - DAG(s) dict_keys(['example_setup_teardown_taskflow']) retrieved from /home/airflow/.local/lib/python3.8/site-packages/airflow/example_dags/example_setup_teardown_taskflow.py
[2023-11-20T19:44:36.555+0000] {logging_mixin.py:154} INFO - [2023-11-20T19:44:36.555+0000] {dag.py:2941} INFO - Sync 1 DAGs
[2023-11-20T19:44:36.594+0000] {logging_mixin.py:154} INFO - [2023-11-20T19:44:36.594+0000] {dag.py:3722} INFO - Setting next_dagrun for example_setup_teardown_taskflow to 2023-11-19T19:44:36.594408+00:00, run_after=2023-11-20T19:44:36.594408+00:00
[2023-11-20T19:44:36.631+0000] {processor.py:179} INFO - Processing /home/airflow/.local/lib/python3.8/site-packages/airflow/example_dags/example_setup_teardown_taskflow.py took 0.157 seconds
[2023-11-20T19:45:12.611+0000] {processor.py:157} INFO - Started process (PID=1014) to work on /home/airflow/.local/lib/python3.8/site-packages/airflow/example_dags/example_setup_teardown_taskflow.py
[2023-11-20T19:45:12.670+0000] {processor.py:829} INFO - Processing file /home/airflow/.local/lib/python3.8/site-packages/airflow/example_dags/example_setup_teardown_taskflow.py for tasks to queue
[2023-11-20T19:45:12.676+0000] {logging_mixin.py:154} INFO - [2023-11-20T19:45:12.676+0000] {dagbag.py:536} INFO - Filling up the DagBag from /home/airflow/.local/lib/python3.8/site-packages/airflow/example_dags/example_setup_teardown_taskflow.py
[2023-11-20T19:45:12.729+0000] {processor.py:839} INFO - DAG(s) dict_keys(['example_setup_teardown_taskflow']) retrieved from /home/airflow/.local/lib/python3.8/site-packages/airflow/example_dags/example_setup_teardown_taskflow.py
[2023-11-20T19:45:12.793+0000] {logging_mixin.py:154} INFO - [2023-11-20T19:45:12.793+0000] {dag.py:2941} INFO - Sync 1 DAGs
[2023-11-20T19:45:12.907+0000] {logging_mixin.py:154} INFO - [2023-11-20T19:45:12.891+0000] {dag.py:3722} INFO - Setting next_dagrun for example_setup_teardown_taskflow to 2023-11-19T19:45:12.890382+00:00, run_after=2023-11-20T19:45:12.890382+00:00
[2023-11-20T19:45:13.015+0000] {processor.py:179} INFO - Processing /home/airflow/.local/lib/python3.8/site-packages/airflow/example_dags/example_setup_teardown_taskflow.py took 0.412 seconds
[2023-11-20T19:45:43.309+0000] {processor.py:157} INFO - Started process (PID=1069) to work on /home/airflow/.local/lib/python3.8/site-packages/airflow/example_dags/example_setup_teardown_taskflow.py
[2023-11-20T19:45:43.311+0000] {processor.py:829} INFO - Processing file /home/airflow/.local/lib/python3.8/site-packages/airflow/example_dags/example_setup_teardown_taskflow.py for tasks to queue
[2023-11-20T19:45:43.316+0000] {logging_mixin.py:154} INFO - [2023-11-20T19:45:43.316+0000] {dagbag.py:536} INFO - Filling up the DagBag from /home/airflow/.local/lib/python3.8/site-packages/airflow/example_dags/example_setup_teardown_taskflow.py
[2023-11-20T19:45:43.337+0000] {processor.py:839} INFO - DAG(s) dict_keys(['example_setup_teardown_taskflow']) retrieved from /home/airflow/.local/lib/python3.8/site-packages/airflow/example_dags/example_setup_teardown_taskflow.py
[2023-11-20T19:45:43.384+0000] {logging_mixin.py:154} INFO - [2023-11-20T19:45:43.384+0000] {dag.py:2941} INFO - Sync 1 DAGs
[2023-11-20T19:45:43.423+0000] {logging_mixin.py:154} INFO - [2023-11-20T19:45:43.423+0000] {dag.py:3722} INFO - Setting next_dagrun for example_setup_teardown_taskflow to 2023-11-19T19:45:43.422913+00:00, run_after=2023-11-20T19:45:43.422913+00:00
[2023-11-20T19:45:43.732+0000] {processor.py:179} INFO - Processing /home/airflow/.local/lib/python3.8/site-packages/airflow/example_dags/example_setup_teardown_taskflow.py took 0.427 seconds
[2023-11-20T19:46:14.216+0000] {processor.py:157} INFO - Started process (PID=1122) to work on /home/airflow/.local/lib/python3.8/site-packages/airflow/example_dags/example_setup_teardown_taskflow.py
[2023-11-20T19:46:14.220+0000] {processor.py:829} INFO - Processing file /home/airflow/.local/lib/python3.8/site-packages/airflow/example_dags/example_setup_teardown_taskflow.py for tasks to queue
[2023-11-20T19:46:14.229+0000] {logging_mixin.py:154} INFO - [2023-11-20T19:46:14.228+0000] {dagbag.py:536} INFO - Filling up the DagBag from /home/airflow/.local/lib/python3.8/site-packages/airflow/example_dags/example_setup_teardown_taskflow.py
[2023-11-20T19:46:14.276+0000] {processor.py:839} INFO - DAG(s) dict_keys(['example_setup_teardown_taskflow']) retrieved from /home/airflow/.local/lib/python3.8/site-packages/airflow/example_dags/example_setup_teardown_taskflow.py
[2023-11-20T19:46:14.359+0000] {logging_mixin.py:154} INFO - [2023-11-20T19:46:14.358+0000] {dag.py:2941} INFO - Sync 1 DAGs
[2023-11-20T19:46:14.465+0000] {logging_mixin.py:154} INFO - [2023-11-20T19:46:14.465+0000] {dag.py:3722} INFO - Setting next_dagrun for example_setup_teardown_taskflow to 2023-11-19T19:46:14.462162+00:00, run_after=2023-11-20T19:46:14.462162+00:00
[2023-11-20T19:46:14.533+0000] {processor.py:179} INFO - Processing /home/airflow/.local/lib/python3.8/site-packages/airflow/example_dags/example_setup_teardown_taskflow.py took 0.332 seconds
[2023-11-20T19:46:45.151+0000] {processor.py:157} INFO - Started process (PID=1175) to work on /home/airflow/.local/lib/python3.8/site-packages/airflow/example_dags/example_setup_teardown_taskflow.py
[2023-11-20T19:46:45.158+0000] {processor.py:829} INFO - Processing file /home/airflow/.local/lib/python3.8/site-packages/airflow/example_dags/example_setup_teardown_taskflow.py for tasks to queue
[2023-11-20T19:46:45.178+0000] {logging_mixin.py:154} INFO - [2023-11-20T19:46:45.176+0000] {dagbag.py:536} INFO - Filling up the DagBag from /home/airflow/.local/lib/python3.8/site-packages/airflow/example_dags/example_setup_teardown_taskflow.py
[2023-11-20T19:46:45.288+0000] {processor.py:839} INFO - DAG(s) dict_keys(['example_setup_teardown_taskflow']) retrieved from /home/airflow/.local/lib/python3.8/site-packages/airflow/example_dags/example_setup_teardown_taskflow.py
[2023-11-20T19:46:45.384+0000] {logging_mixin.py:154} INFO - [2023-11-20T19:46:45.384+0000] {dag.py:2941} INFO - Sync 1 DAGs
[2023-11-20T19:46:46.457+0000] {logging_mixin.py:154} INFO - [2023-11-20T19:46:46.456+0000] {dag.py:3722} INFO - Setting next_dagrun for example_setup_teardown_taskflow to 2023-11-19T19:46:46.456486+00:00, run_after=2023-11-20T19:46:46.456486+00:00
[2023-11-20T19:46:46.510+0000] {processor.py:179} INFO - Processing /home/airflow/.local/lib/python3.8/site-packages/airflow/example_dags/example_setup_teardown_taskflow.py took 1.363 seconds
[2023-11-20T19:47:16.628+0000] {processor.py:157} INFO - Started process (PID=1229) to work on /home/airflow/.local/lib/python3.8/site-packages/airflow/example_dags/example_setup_teardown_taskflow.py
[2023-11-20T19:47:16.630+0000] {processor.py:829} INFO - Processing file /home/airflow/.local/lib/python3.8/site-packages/airflow/example_dags/example_setup_teardown_taskflow.py for tasks to queue
[2023-11-20T19:47:16.636+0000] {logging_mixin.py:154} INFO - [2023-11-20T19:47:16.634+0000] {dagbag.py:536} INFO - Filling up the DagBag from /home/airflow/.local/lib/python3.8/site-packages/airflow/example_dags/example_setup_teardown_taskflow.py
[2023-11-20T19:47:16.664+0000] {processor.py:839} INFO - DAG(s) dict_keys(['example_setup_teardown_taskflow']) retrieved from /home/airflow/.local/lib/python3.8/site-packages/airflow/example_dags/example_setup_teardown_taskflow.py
[2023-11-20T19:47:16.751+0000] {logging_mixin.py:154} INFO - [2023-11-20T19:47:16.751+0000] {dag.py:2941} INFO - Sync 1 DAGs
[2023-11-20T19:47:16.793+0000] {logging_mixin.py:154} INFO - [2023-11-20T19:47:16.793+0000] {dag.py:3722} INFO - Setting next_dagrun for example_setup_teardown_taskflow to 2023-11-19T19:47:16.792290+00:00, run_after=2023-11-20T19:47:16.792290+00:00
[2023-11-20T19:47:16.841+0000] {processor.py:179} INFO - Processing /home/airflow/.local/lib/python3.8/site-packages/airflow/example_dags/example_setup_teardown_taskflow.py took 0.220 seconds
[2023-11-20T19:47:54.339+0000] {processor.py:157} INFO - Started process (PID=1283) to work on /home/airflow/.local/lib/python3.8/site-packages/airflow/example_dags/example_setup_teardown_taskflow.py
[2023-11-20T19:47:54.346+0000] {processor.py:829} INFO - Processing file /home/airflow/.local/lib/python3.8/site-packages/airflow/example_dags/example_setup_teardown_taskflow.py for tasks to queue
[2023-11-20T19:47:54.355+0000] {logging_mixin.py:154} INFO - [2023-11-20T19:47:54.354+0000] {dagbag.py:536} INFO - Filling up the DagBag from /home/airflow/.local/lib/python3.8/site-packages/airflow/example_dags/example_setup_teardown_taskflow.py
[2023-11-20T19:47:54.397+0000] {processor.py:839} INFO - DAG(s) dict_keys(['example_setup_teardown_taskflow']) retrieved from /home/airflow/.local/lib/python3.8/site-packages/airflow/example_dags/example_setup_teardown_taskflow.py
[2023-11-20T19:47:54.736+0000] {logging_mixin.py:154} INFO - [2023-11-20T19:47:54.736+0000] {dag.py:2941} INFO - Sync 1 DAGs
[2023-11-20T19:47:55.068+0000] {logging_mixin.py:154} INFO - [2023-11-20T19:47:55.068+0000] {dag.py:3722} INFO - Setting next_dagrun for example_setup_teardown_taskflow to 2023-11-19T19:47:55.068320+00:00, run_after=2023-11-20T19:47:55.068320+00:00
[2023-11-20T19:47:55.282+0000] {processor.py:179} INFO - Processing /home/airflow/.local/lib/python3.8/site-packages/airflow/example_dags/example_setup_teardown_taskflow.py took 0.957 seconds
[2023-11-20T19:48:25.795+0000] {processor.py:157} INFO - Started process (PID=1337) to work on /home/airflow/.local/lib/python3.8/site-packages/airflow/example_dags/example_setup_teardown_taskflow.py
[2023-11-20T19:48:25.797+0000] {processor.py:829} INFO - Processing file /home/airflow/.local/lib/python3.8/site-packages/airflow/example_dags/example_setup_teardown_taskflow.py for tasks to queue
[2023-11-20T19:48:25.801+0000] {logging_mixin.py:154} INFO - [2023-11-20T19:48:25.801+0000] {dagbag.py:536} INFO - Filling up the DagBag from /home/airflow/.local/lib/python3.8/site-packages/airflow/example_dags/example_setup_teardown_taskflow.py
[2023-11-20T19:48:25.821+0000] {processor.py:839} INFO - DAG(s) dict_keys(['example_setup_teardown_taskflow']) retrieved from /home/airflow/.local/lib/python3.8/site-packages/airflow/example_dags/example_setup_teardown_taskflow.py
[2023-11-20T19:48:25.856+0000] {logging_mixin.py:154} INFO - [2023-11-20T19:48:25.856+0000] {dag.py:2941} INFO - Sync 1 DAGs
[2023-11-20T19:48:26.133+0000] {logging_mixin.py:154} INFO - [2023-11-20T19:48:26.132+0000] {dag.py:3722} INFO - Setting next_dagrun for example_setup_teardown_taskflow to 2023-11-19T19:48:26.132494+00:00, run_after=2023-11-20T19:48:26.132494+00:00
[2023-11-20T19:48:26.169+0000] {processor.py:179} INFO - Processing /home/airflow/.local/lib/python3.8/site-packages/airflow/example_dags/example_setup_teardown_taskflow.py took 0.379 seconds
