[2023-11-20T19:35:45.225+0000] {processor.py:157} INFO - Started process (PID=35) to work on /home/airflow/.local/lib/python3.8/site-packages/airflow/example_dags/tutorial_taskflow_api.py
[2023-11-20T19:35:45.229+0000] {processor.py:829} INFO - Processing file /home/airflow/.local/lib/python3.8/site-packages/airflow/example_dags/tutorial_taskflow_api.py for tasks to queue
[2023-11-20T19:35:45.241+0000] {logging_mixin.py:154} INFO - [2023-11-20T19:35:45.240+0000] {dagbag.py:536} INFO - Filling up the DagBag from /home/airflow/.local/lib/python3.8/site-packages/airflow/example_dags/tutorial_taskflow_api.py
[2023-11-20T19:35:45.437+0000] {processor.py:839} INFO - DAG(s) dict_keys(['tutorial_taskflow_api']) retrieved from /home/airflow/.local/lib/python3.8/site-packages/airflow/example_dags/tutorial_taskflow_api.py
[2023-11-20T19:35:46.116+0000] {logging_mixin.py:154} INFO - [2023-11-20T19:35:46.116+0000] {dag.py:2941} INFO - Sync 1 DAGs
[2023-11-20T19:35:46.155+0000] {logging_mixin.py:154} INFO - [2023-11-20T19:35:46.155+0000] {dag.py:3722} INFO - Setting next_dagrun for tutorial_taskflow_api to None, run_after=None
[2023-11-20T19:35:46.209+0000] {processor.py:179} INFO - Processing /home/airflow/.local/lib/python3.8/site-packages/airflow/example_dags/tutorial_taskflow_api.py took 1.012 seconds
[2023-11-20T19:36:16.557+0000] {processor.py:157} INFO - Started process (PID=89) to work on /home/airflow/.local/lib/python3.8/site-packages/airflow/example_dags/tutorial_taskflow_api.py
[2023-11-20T19:36:16.598+0000] {processor.py:829} INFO - Processing file /home/airflow/.local/lib/python3.8/site-packages/airflow/example_dags/tutorial_taskflow_api.py for tasks to queue
[2023-11-20T19:36:16.696+0000] {logging_mixin.py:154} INFO - [2023-11-20T19:36:16.692+0000] {dagbag.py:536} INFO - Filling up the DagBag from /home/airflow/.local/lib/python3.8/site-packages/airflow/example_dags/tutorial_taskflow_api.py
[2023-11-20T19:36:16.897+0000] {processor.py:839} INFO - DAG(s) dict_keys(['tutorial_taskflow_api']) retrieved from /home/airflow/.local/lib/python3.8/site-packages/airflow/example_dags/tutorial_taskflow_api.py
[2023-11-20T19:36:17.644+0000] {logging_mixin.py:154} INFO - [2023-11-20T19:36:17.644+0000] {dag.py:2941} INFO - Sync 1 DAGs
[2023-11-20T19:36:17.763+0000] {logging_mixin.py:154} INFO - [2023-11-20T19:36:17.762+0000] {dag.py:3722} INFO - Setting next_dagrun for tutorial_taskflow_api to None, run_after=None
[2023-11-20T19:36:17.913+0000] {processor.py:179} INFO - Processing /home/airflow/.local/lib/python3.8/site-packages/airflow/example_dags/tutorial_taskflow_api.py took 1.417 seconds
[2023-11-20T19:36:49.028+0000] {processor.py:157} INFO - Started process (PID=140) to work on /home/airflow/.local/lib/python3.8/site-packages/airflow/example_dags/tutorial_taskflow_api.py
[2023-11-20T19:36:49.039+0000] {processor.py:829} INFO - Processing file /home/airflow/.local/lib/python3.8/site-packages/airflow/example_dags/tutorial_taskflow_api.py for tasks to queue
[2023-11-20T19:36:49.045+0000] {logging_mixin.py:154} INFO - [2023-11-20T19:36:49.045+0000] {dagbag.py:536} INFO - Filling up the DagBag from /home/airflow/.local/lib/python3.8/site-packages/airflow/example_dags/tutorial_taskflow_api.py
[2023-11-20T19:36:49.059+0000] {processor.py:839} INFO - DAG(s) dict_keys(['tutorial_taskflow_api']) retrieved from /home/airflow/.local/lib/python3.8/site-packages/airflow/example_dags/tutorial_taskflow_api.py
[2023-11-20T19:36:49.103+0000] {logging_mixin.py:154} INFO - [2023-11-20T19:36:49.103+0000] {dag.py:2941} INFO - Sync 1 DAGs
[2023-11-20T19:36:49.133+0000] {logging_mixin.py:154} INFO - [2023-11-20T19:36:49.133+0000] {dag.py:3722} INFO - Setting next_dagrun for tutorial_taskflow_api to None, run_after=None
[2023-11-20T19:36:49.159+0000] {processor.py:179} INFO - Processing /home/airflow/.local/lib/python3.8/site-packages/airflow/example_dags/tutorial_taskflow_api.py took 0.136 seconds
[2023-11-20T19:37:19.747+0000] {processor.py:157} INFO - Started process (PID=194) to work on /home/airflow/.local/lib/python3.8/site-packages/airflow/example_dags/tutorial_taskflow_api.py
[2023-11-20T19:37:19.749+0000] {processor.py:829} INFO - Processing file /home/airflow/.local/lib/python3.8/site-packages/airflow/example_dags/tutorial_taskflow_api.py for tasks to queue
[2023-11-20T19:37:19.756+0000] {logging_mixin.py:154} INFO - [2023-11-20T19:37:19.755+0000] {dagbag.py:536} INFO - Filling up the DagBag from /home/airflow/.local/lib/python3.8/site-packages/airflow/example_dags/tutorial_taskflow_api.py
[2023-11-20T19:37:19.788+0000] {processor.py:839} INFO - DAG(s) dict_keys(['tutorial_taskflow_api']) retrieved from /home/airflow/.local/lib/python3.8/site-packages/airflow/example_dags/tutorial_taskflow_api.py
[2023-11-20T19:37:19.845+0000] {logging_mixin.py:154} INFO - [2023-11-20T19:37:19.844+0000] {dag.py:2941} INFO - Sync 1 DAGs
[2023-11-20T19:37:19.879+0000] {logging_mixin.py:154} INFO - [2023-11-20T19:37:19.879+0000] {dag.py:3722} INFO - Setting next_dagrun for tutorial_taskflow_api to None, run_after=None
[2023-11-20T19:37:19.932+0000] {processor.py:179} INFO - Processing /home/airflow/.local/lib/python3.8/site-packages/airflow/example_dags/tutorial_taskflow_api.py took 0.190 seconds
[2023-11-20T19:37:51.767+0000] {processor.py:157} INFO - Started process (PID=247) to work on /home/airflow/.local/lib/python3.8/site-packages/airflow/example_dags/tutorial_taskflow_api.py
[2023-11-20T19:37:51.853+0000] {processor.py:829} INFO - Processing file /home/airflow/.local/lib/python3.8/site-packages/airflow/example_dags/tutorial_taskflow_api.py for tasks to queue
[2023-11-20T19:37:51.984+0000] {logging_mixin.py:154} INFO - [2023-11-20T19:37:51.984+0000] {dagbag.py:536} INFO - Filling up the DagBag from /home/airflow/.local/lib/python3.8/site-packages/airflow/example_dags/tutorial_taskflow_api.py
[2023-11-20T19:37:52.107+0000] {processor.py:839} INFO - DAG(s) dict_keys(['tutorial_taskflow_api']) retrieved from /home/airflow/.local/lib/python3.8/site-packages/airflow/example_dags/tutorial_taskflow_api.py
[2023-11-20T19:37:52.159+0000] {logging_mixin.py:154} INFO - [2023-11-20T19:37:52.159+0000] {dag.py:2941} INFO - Sync 1 DAGs
[2023-11-20T19:37:52.185+0000] {logging_mixin.py:154} INFO - [2023-11-20T19:37:52.185+0000] {dag.py:3722} INFO - Setting next_dagrun for tutorial_taskflow_api to None, run_after=None
[2023-11-20T19:37:52.214+0000] {processor.py:179} INFO - Processing /home/airflow/.local/lib/python3.8/site-packages/airflow/example_dags/tutorial_taskflow_api.py took 0.929 seconds
[2023-11-20T19:38:22.992+0000] {processor.py:157} INFO - Started process (PID=300) to work on /home/airflow/.local/lib/python3.8/site-packages/airflow/example_dags/tutorial_taskflow_api.py
[2023-11-20T19:38:22.993+0000] {processor.py:829} INFO - Processing file /home/airflow/.local/lib/python3.8/site-packages/airflow/example_dags/tutorial_taskflow_api.py for tasks to queue
[2023-11-20T19:38:22.996+0000] {logging_mixin.py:154} INFO - [2023-11-20T19:38:22.996+0000] {dagbag.py:536} INFO - Filling up the DagBag from /home/airflow/.local/lib/python3.8/site-packages/airflow/example_dags/tutorial_taskflow_api.py
[2023-11-20T19:38:23.004+0000] {processor.py:839} INFO - DAG(s) dict_keys(['tutorial_taskflow_api']) retrieved from /home/airflow/.local/lib/python3.8/site-packages/airflow/example_dags/tutorial_taskflow_api.py
[2023-11-20T19:38:23.031+0000] {logging_mixin.py:154} INFO - [2023-11-20T19:38:23.031+0000] {dag.py:2941} INFO - Sync 1 DAGs
[2023-11-20T19:38:23.047+0000] {logging_mixin.py:154} INFO - [2023-11-20T19:38:23.047+0000] {dag.py:3722} INFO - Setting next_dagrun for tutorial_taskflow_api to None, run_after=None
[2023-11-20T19:38:23.069+0000] {processor.py:179} INFO - Processing /home/airflow/.local/lib/python3.8/site-packages/airflow/example_dags/tutorial_taskflow_api.py took 0.081 seconds
[2023-11-20T19:38:53.637+0000] {processor.py:157} INFO - Started process (PID=354) to work on /home/airflow/.local/lib/python3.8/site-packages/airflow/example_dags/tutorial_taskflow_api.py
[2023-11-20T19:38:53.649+0000] {processor.py:829} INFO - Processing file /home/airflow/.local/lib/python3.8/site-packages/airflow/example_dags/tutorial_taskflow_api.py for tasks to queue
[2023-11-20T19:38:53.678+0000] {logging_mixin.py:154} INFO - [2023-11-20T19:38:53.677+0000] {dagbag.py:536} INFO - Filling up the DagBag from /home/airflow/.local/lib/python3.8/site-packages/airflow/example_dags/tutorial_taskflow_api.py
[2023-11-20T19:38:53.716+0000] {processor.py:839} INFO - DAG(s) dict_keys(['tutorial_taskflow_api']) retrieved from /home/airflow/.local/lib/python3.8/site-packages/airflow/example_dags/tutorial_taskflow_api.py
[2023-11-20T19:38:53.787+0000] {logging_mixin.py:154} INFO - [2023-11-20T19:38:53.787+0000] {dag.py:2941} INFO - Sync 1 DAGs
[2023-11-20T19:38:53.820+0000] {logging_mixin.py:154} INFO - [2023-11-20T19:38:53.818+0000] {dag.py:3722} INFO - Setting next_dagrun for tutorial_taskflow_api to None, run_after=None
[2023-11-20T19:38:53.917+0000] {processor.py:179} INFO - Processing /home/airflow/.local/lib/python3.8/site-packages/airflow/example_dags/tutorial_taskflow_api.py took 0.289 seconds
[2023-11-20T19:39:23.995+0000] {processor.py:157} INFO - Started process (PID=407) to work on /home/airflow/.local/lib/python3.8/site-packages/airflow/example_dags/tutorial_taskflow_api.py
[2023-11-20T19:39:23.996+0000] {processor.py:829} INFO - Processing file /home/airflow/.local/lib/python3.8/site-packages/airflow/example_dags/tutorial_taskflow_api.py for tasks to queue
[2023-11-20T19:39:24.004+0000] {logging_mixin.py:154} INFO - [2023-11-20T19:39:24.003+0000] {dagbag.py:536} INFO - Filling up the DagBag from /home/airflow/.local/lib/python3.8/site-packages/airflow/example_dags/tutorial_taskflow_api.py
[2023-11-20T19:39:24.018+0000] {processor.py:839} INFO - DAG(s) dict_keys(['tutorial_taskflow_api']) retrieved from /home/airflow/.local/lib/python3.8/site-packages/airflow/example_dags/tutorial_taskflow_api.py
[2023-11-20T19:39:24.059+0000] {logging_mixin.py:154} INFO - [2023-11-20T19:39:24.058+0000] {dag.py:2941} INFO - Sync 1 DAGs
[2023-11-20T19:39:24.081+0000] {logging_mixin.py:154} INFO - [2023-11-20T19:39:24.081+0000] {dag.py:3722} INFO - Setting next_dagrun for tutorial_taskflow_api to None, run_after=None
[2023-11-20T19:39:24.116+0000] {processor.py:179} INFO - Processing /home/airflow/.local/lib/python3.8/site-packages/airflow/example_dags/tutorial_taskflow_api.py took 0.126 seconds
[2023-11-20T19:39:54.373+0000] {processor.py:157} INFO - Started process (PID=460) to work on /home/airflow/.local/lib/python3.8/site-packages/airflow/example_dags/tutorial_taskflow_api.py
[2023-11-20T19:39:54.378+0000] {processor.py:829} INFO - Processing file /home/airflow/.local/lib/python3.8/site-packages/airflow/example_dags/tutorial_taskflow_api.py for tasks to queue
[2023-11-20T19:39:54.402+0000] {logging_mixin.py:154} INFO - [2023-11-20T19:39:54.396+0000] {dagbag.py:536} INFO - Filling up the DagBag from /home/airflow/.local/lib/python3.8/site-packages/airflow/example_dags/tutorial_taskflow_api.py
[2023-11-20T19:39:54.466+0000] {processor.py:839} INFO - DAG(s) dict_keys(['tutorial_taskflow_api']) retrieved from /home/airflow/.local/lib/python3.8/site-packages/airflow/example_dags/tutorial_taskflow_api.py
[2023-11-20T19:39:54.554+0000] {logging_mixin.py:154} INFO - [2023-11-20T19:39:54.554+0000] {dag.py:2941} INFO - Sync 1 DAGs
[2023-11-20T19:39:54.598+0000] {logging_mixin.py:154} INFO - [2023-11-20T19:39:54.598+0000] {dag.py:3722} INFO - Setting next_dagrun for tutorial_taskflow_api to None, run_after=None
[2023-11-20T19:39:54.668+0000] {processor.py:179} INFO - Processing /home/airflow/.local/lib/python3.8/site-packages/airflow/example_dags/tutorial_taskflow_api.py took 0.301 seconds
[2023-11-20T19:40:25.621+0000] {processor.py:157} INFO - Started process (PID=521) to work on /home/airflow/.local/lib/python3.8/site-packages/airflow/example_dags/tutorial_taskflow_api.py
[2023-11-20T19:40:25.624+0000] {processor.py:829} INFO - Processing file /home/airflow/.local/lib/python3.8/site-packages/airflow/example_dags/tutorial_taskflow_api.py for tasks to queue
[2023-11-20T19:40:25.632+0000] {logging_mixin.py:154} INFO - [2023-11-20T19:40:25.631+0000] {dagbag.py:536} INFO - Filling up the DagBag from /home/airflow/.local/lib/python3.8/site-packages/airflow/example_dags/tutorial_taskflow_api.py
[2023-11-20T19:40:25.643+0000] {processor.py:839} INFO - DAG(s) dict_keys(['tutorial_taskflow_api']) retrieved from /home/airflow/.local/lib/python3.8/site-packages/airflow/example_dags/tutorial_taskflow_api.py
[2023-11-20T19:40:25.683+0000] {logging_mixin.py:154} INFO - [2023-11-20T19:40:25.682+0000] {dag.py:2941} INFO - Sync 1 DAGs
[2023-11-20T19:40:25.730+0000] {logging_mixin.py:154} INFO - [2023-11-20T19:40:25.728+0000] {dag.py:3722} INFO - Setting next_dagrun for tutorial_taskflow_api to None, run_after=None
[2023-11-20T19:40:25.880+0000] {processor.py:179} INFO - Processing /home/airflow/.local/lib/python3.8/site-packages/airflow/example_dags/tutorial_taskflow_api.py took 0.265 seconds
[2023-11-20T19:40:56.424+0000] {processor.py:157} INFO - Started process (PID=574) to work on /home/airflow/.local/lib/python3.8/site-packages/airflow/example_dags/tutorial_taskflow_api.py
[2023-11-20T19:40:56.428+0000] {processor.py:829} INFO - Processing file /home/airflow/.local/lib/python3.8/site-packages/airflow/example_dags/tutorial_taskflow_api.py for tasks to queue
[2023-11-20T19:40:56.439+0000] {logging_mixin.py:154} INFO - [2023-11-20T19:40:56.439+0000] {dagbag.py:536} INFO - Filling up the DagBag from /home/airflow/.local/lib/python3.8/site-packages/airflow/example_dags/tutorial_taskflow_api.py
[2023-11-20T19:40:56.479+0000] {processor.py:839} INFO - DAG(s) dict_keys(['tutorial_taskflow_api']) retrieved from /home/airflow/.local/lib/python3.8/site-packages/airflow/example_dags/tutorial_taskflow_api.py
[2023-11-20T19:40:56.535+0000] {logging_mixin.py:154} INFO - [2023-11-20T19:40:56.534+0000] {dag.py:2941} INFO - Sync 1 DAGs
[2023-11-20T19:40:56.567+0000] {logging_mixin.py:154} INFO - [2023-11-20T19:40:56.567+0000] {dag.py:3722} INFO - Setting next_dagrun for tutorial_taskflow_api to None, run_after=None
[2023-11-20T19:40:56.608+0000] {processor.py:179} INFO - Processing /home/airflow/.local/lib/python3.8/site-packages/airflow/example_dags/tutorial_taskflow_api.py took 0.198 seconds
[2023-11-20T19:41:26.850+0000] {processor.py:157} INFO - Started process (PID=628) to work on /home/airflow/.local/lib/python3.8/site-packages/airflow/example_dags/tutorial_taskflow_api.py
[2023-11-20T19:41:26.863+0000] {processor.py:829} INFO - Processing file /home/airflow/.local/lib/python3.8/site-packages/airflow/example_dags/tutorial_taskflow_api.py for tasks to queue
[2023-11-20T19:41:26.870+0000] {logging_mixin.py:154} INFO - [2023-11-20T19:41:26.869+0000] {dagbag.py:536} INFO - Filling up the DagBag from /home/airflow/.local/lib/python3.8/site-packages/airflow/example_dags/tutorial_taskflow_api.py
[2023-11-20T19:41:26.914+0000] {processor.py:839} INFO - DAG(s) dict_keys(['tutorial_taskflow_api']) retrieved from /home/airflow/.local/lib/python3.8/site-packages/airflow/example_dags/tutorial_taskflow_api.py
[2023-11-20T19:41:27.038+0000] {logging_mixin.py:154} INFO - [2023-11-20T19:41:27.036+0000] {dag.py:2941} INFO - Sync 1 DAGs
[2023-11-20T19:41:27.104+0000] {logging_mixin.py:154} INFO - [2023-11-20T19:41:27.104+0000] {dag.py:3722} INFO - Setting next_dagrun for tutorial_taskflow_api to None, run_after=None
[2023-11-20T19:41:27.165+0000] {processor.py:179} INFO - Processing /home/airflow/.local/lib/python3.8/site-packages/airflow/example_dags/tutorial_taskflow_api.py took 0.323 seconds
[2023-11-20T19:41:57.898+0000] {processor.py:157} INFO - Started process (PID=682) to work on /home/airflow/.local/lib/python3.8/site-packages/airflow/example_dags/tutorial_taskflow_api.py
[2023-11-20T19:41:57.902+0000] {processor.py:829} INFO - Processing file /home/airflow/.local/lib/python3.8/site-packages/airflow/example_dags/tutorial_taskflow_api.py for tasks to queue
[2023-11-20T19:41:57.914+0000] {logging_mixin.py:154} INFO - [2023-11-20T19:41:57.913+0000] {dagbag.py:536} INFO - Filling up the DagBag from /home/airflow/.local/lib/python3.8/site-packages/airflow/example_dags/tutorial_taskflow_api.py
[2023-11-20T19:41:57.933+0000] {processor.py:839} INFO - DAG(s) dict_keys(['tutorial_taskflow_api']) retrieved from /home/airflow/.local/lib/python3.8/site-packages/airflow/example_dags/tutorial_taskflow_api.py
[2023-11-20T19:41:58.033+0000] {logging_mixin.py:154} INFO - [2023-11-20T19:41:58.032+0000] {dag.py:2941} INFO - Sync 1 DAGs
[2023-11-20T19:41:58.085+0000] {logging_mixin.py:154} INFO - [2023-11-20T19:41:58.084+0000] {dag.py:3722} INFO - Setting next_dagrun for tutorial_taskflow_api to None, run_after=None
[2023-11-20T19:41:58.125+0000] {processor.py:179} INFO - Processing /home/airflow/.local/lib/python3.8/site-packages/airflow/example_dags/tutorial_taskflow_api.py took 0.246 seconds
[2023-11-20T19:42:28.439+0000] {processor.py:157} INFO - Started process (PID=736) to work on /home/airflow/.local/lib/python3.8/site-packages/airflow/example_dags/tutorial_taskflow_api.py
[2023-11-20T19:42:28.443+0000] {processor.py:829} INFO - Processing file /home/airflow/.local/lib/python3.8/site-packages/airflow/example_dags/tutorial_taskflow_api.py for tasks to queue
[2023-11-20T19:42:28.450+0000] {logging_mixin.py:154} INFO - [2023-11-20T19:42:28.449+0000] {dagbag.py:536} INFO - Filling up the DagBag from /home/airflow/.local/lib/python3.8/site-packages/airflow/example_dags/tutorial_taskflow_api.py
[2023-11-20T19:42:28.460+0000] {processor.py:839} INFO - DAG(s) dict_keys(['tutorial_taskflow_api']) retrieved from /home/airflow/.local/lib/python3.8/site-packages/airflow/example_dags/tutorial_taskflow_api.py
[2023-11-20T19:42:28.506+0000] {logging_mixin.py:154} INFO - [2023-11-20T19:42:28.504+0000] {dag.py:2941} INFO - Sync 1 DAGs
[2023-11-20T19:42:28.551+0000] {logging_mixin.py:154} INFO - [2023-11-20T19:42:28.551+0000] {dag.py:3722} INFO - Setting next_dagrun for tutorial_taskflow_api to None, run_after=None
[2023-11-20T19:42:28.588+0000] {processor.py:179} INFO - Processing /home/airflow/.local/lib/python3.8/site-packages/airflow/example_dags/tutorial_taskflow_api.py took 0.154 seconds
[2023-11-20T19:42:59.186+0000] {processor.py:157} INFO - Started process (PID=790) to work on /home/airflow/.local/lib/python3.8/site-packages/airflow/example_dags/tutorial_taskflow_api.py
[2023-11-20T19:42:59.187+0000] {processor.py:829} INFO - Processing file /home/airflow/.local/lib/python3.8/site-packages/airflow/example_dags/tutorial_taskflow_api.py for tasks to queue
[2023-11-20T19:42:59.198+0000] {logging_mixin.py:154} INFO - [2023-11-20T19:42:59.197+0000] {dagbag.py:536} INFO - Filling up the DagBag from /home/airflow/.local/lib/python3.8/site-packages/airflow/example_dags/tutorial_taskflow_api.py
[2023-11-20T19:42:59.208+0000] {processor.py:839} INFO - DAG(s) dict_keys(['tutorial_taskflow_api']) retrieved from /home/airflow/.local/lib/python3.8/site-packages/airflow/example_dags/tutorial_taskflow_api.py
[2023-11-20T19:42:59.237+0000] {logging_mixin.py:154} INFO - [2023-11-20T19:42:59.237+0000] {dag.py:2941} INFO - Sync 1 DAGs
[2023-11-20T19:42:59.254+0000] {logging_mixin.py:154} INFO - [2023-11-20T19:42:59.254+0000] {dag.py:3722} INFO - Setting next_dagrun for tutorial_taskflow_api to None, run_after=None
[2023-11-20T19:42:59.276+0000] {processor.py:179} INFO - Processing /home/airflow/.local/lib/python3.8/site-packages/airflow/example_dags/tutorial_taskflow_api.py took 0.095 seconds
[2023-11-20T19:43:29.343+0000] {processor.py:157} INFO - Started process (PID=844) to work on /home/airflow/.local/lib/python3.8/site-packages/airflow/example_dags/tutorial_taskflow_api.py
[2023-11-20T19:43:29.344+0000] {processor.py:829} INFO - Processing file /home/airflow/.local/lib/python3.8/site-packages/airflow/example_dags/tutorial_taskflow_api.py for tasks to queue
[2023-11-20T19:43:29.347+0000] {logging_mixin.py:154} INFO - [2023-11-20T19:43:29.347+0000] {dagbag.py:536} INFO - Filling up the DagBag from /home/airflow/.local/lib/python3.8/site-packages/airflow/example_dags/tutorial_taskflow_api.py
[2023-11-20T19:43:29.357+0000] {processor.py:839} INFO - DAG(s) dict_keys(['tutorial_taskflow_api']) retrieved from /home/airflow/.local/lib/python3.8/site-packages/airflow/example_dags/tutorial_taskflow_api.py
[2023-11-20T19:43:29.389+0000] {logging_mixin.py:154} INFO - [2023-11-20T19:43:29.389+0000] {dag.py:2941} INFO - Sync 1 DAGs
[2023-11-20T19:43:29.413+0000] {logging_mixin.py:154} INFO - [2023-11-20T19:43:29.413+0000] {dag.py:3722} INFO - Setting next_dagrun for tutorial_taskflow_api to None, run_after=None
[2023-11-20T19:43:29.455+0000] {processor.py:179} INFO - Processing /home/airflow/.local/lib/python3.8/site-packages/airflow/example_dags/tutorial_taskflow_api.py took 0.117 seconds
[2023-11-20T19:43:59.501+0000] {processor.py:157} INFO - Started process (PID=898) to work on /home/airflow/.local/lib/python3.8/site-packages/airflow/example_dags/tutorial_taskflow_api.py
[2023-11-20T19:43:59.506+0000] {processor.py:829} INFO - Processing file /home/airflow/.local/lib/python3.8/site-packages/airflow/example_dags/tutorial_taskflow_api.py for tasks to queue
[2023-11-20T19:43:59.509+0000] {logging_mixin.py:154} INFO - [2023-11-20T19:43:59.509+0000] {dagbag.py:536} INFO - Filling up the DagBag from /home/airflow/.local/lib/python3.8/site-packages/airflow/example_dags/tutorial_taskflow_api.py
[2023-11-20T19:43:59.517+0000] {processor.py:839} INFO - DAG(s) dict_keys(['tutorial_taskflow_api']) retrieved from /home/airflow/.local/lib/python3.8/site-packages/airflow/example_dags/tutorial_taskflow_api.py
[2023-11-20T19:43:59.544+0000] {logging_mixin.py:154} INFO - [2023-11-20T19:43:59.544+0000] {dag.py:2941} INFO - Sync 1 DAGs
[2023-11-20T19:43:59.579+0000] {logging_mixin.py:154} INFO - [2023-11-20T19:43:59.579+0000] {dag.py:3722} INFO - Setting next_dagrun for tutorial_taskflow_api to None, run_after=None
[2023-11-20T19:43:59.610+0000] {processor.py:179} INFO - Processing /home/airflow/.local/lib/python3.8/site-packages/airflow/example_dags/tutorial_taskflow_api.py took 0.114 seconds
[2023-11-20T19:44:30.265+0000] {processor.py:157} INFO - Started process (PID=952) to work on /home/airflow/.local/lib/python3.8/site-packages/airflow/example_dags/tutorial_taskflow_api.py
[2023-11-20T19:44:30.270+0000] {processor.py:829} INFO - Processing file /home/airflow/.local/lib/python3.8/site-packages/airflow/example_dags/tutorial_taskflow_api.py for tasks to queue
[2023-11-20T19:44:30.279+0000] {logging_mixin.py:154} INFO - [2023-11-20T19:44:30.279+0000] {dagbag.py:536} INFO - Filling up the DagBag from /home/airflow/.local/lib/python3.8/site-packages/airflow/example_dags/tutorial_taskflow_api.py
[2023-11-20T19:44:30.293+0000] {processor.py:839} INFO - DAG(s) dict_keys(['tutorial_taskflow_api']) retrieved from /home/airflow/.local/lib/python3.8/site-packages/airflow/example_dags/tutorial_taskflow_api.py
[2023-11-20T19:44:30.381+0000] {logging_mixin.py:154} INFO - [2023-11-20T19:44:30.380+0000] {dag.py:2941} INFO - Sync 1 DAGs
[2023-11-20T19:44:30.415+0000] {logging_mixin.py:154} INFO - [2023-11-20T19:44:30.415+0000] {dag.py:3722} INFO - Setting next_dagrun for tutorial_taskflow_api to None, run_after=None
[2023-11-20T19:44:30.493+0000] {processor.py:179} INFO - Processing /home/airflow/.local/lib/python3.8/site-packages/airflow/example_dags/tutorial_taskflow_api.py took 0.238 seconds
[2023-11-20T19:45:00.690+0000] {processor.py:157} INFO - Started process (PID=1006) to work on /home/airflow/.local/lib/python3.8/site-packages/airflow/example_dags/tutorial_taskflow_api.py
[2023-11-20T19:45:00.699+0000] {processor.py:829} INFO - Processing file /home/airflow/.local/lib/python3.8/site-packages/airflow/example_dags/tutorial_taskflow_api.py for tasks to queue
[2023-11-20T19:45:00.719+0000] {logging_mixin.py:154} INFO - [2023-11-20T19:45:00.717+0000] {dagbag.py:536} INFO - Filling up the DagBag from /home/airflow/.local/lib/python3.8/site-packages/airflow/example_dags/tutorial_taskflow_api.py
[2023-11-20T19:45:00.891+0000] {processor.py:839} INFO - DAG(s) dict_keys(['tutorial_taskflow_api']) retrieved from /home/airflow/.local/lib/python3.8/site-packages/airflow/example_dags/tutorial_taskflow_api.py
[2023-11-20T19:45:01.175+0000] {logging_mixin.py:154} INFO - [2023-11-20T19:45:01.175+0000] {dag.py:2941} INFO - Sync 1 DAGs
[2023-11-20T19:45:03.060+0000] {logging_mixin.py:154} INFO - [2023-11-20T19:45:03.059+0000] {dag.py:3722} INFO - Setting next_dagrun for tutorial_taskflow_api to None, run_after=None
[2023-11-20T19:45:06.394+0000] {processor.py:179} INFO - Processing /home/airflow/.local/lib/python3.8/site-packages/airflow/example_dags/tutorial_taskflow_api.py took 5.714 seconds
[2023-11-20T19:45:37.531+0000] {processor.py:157} INFO - Started process (PID=1061) to work on /home/airflow/.local/lib/python3.8/site-packages/airflow/example_dags/tutorial_taskflow_api.py
[2023-11-20T19:45:37.547+0000] {processor.py:829} INFO - Processing file /home/airflow/.local/lib/python3.8/site-packages/airflow/example_dags/tutorial_taskflow_api.py for tasks to queue
[2023-11-20T19:45:37.551+0000] {logging_mixin.py:154} INFO - [2023-11-20T19:45:37.551+0000] {dagbag.py:536} INFO - Filling up the DagBag from /home/airflow/.local/lib/python3.8/site-packages/airflow/example_dags/tutorial_taskflow_api.py
[2023-11-20T19:45:37.571+0000] {processor.py:839} INFO - DAG(s) dict_keys(['tutorial_taskflow_api']) retrieved from /home/airflow/.local/lib/python3.8/site-packages/airflow/example_dags/tutorial_taskflow_api.py
[2023-11-20T19:45:37.615+0000] {logging_mixin.py:154} INFO - [2023-11-20T19:45:37.615+0000] {dag.py:2941} INFO - Sync 1 DAGs
[2023-11-20T19:45:37.648+0000] {logging_mixin.py:154} INFO - [2023-11-20T19:45:37.648+0000] {dag.py:3722} INFO - Setting next_dagrun for tutorial_taskflow_api to None, run_after=None
[2023-11-20T19:45:37.688+0000] {processor.py:179} INFO - Processing /home/airflow/.local/lib/python3.8/site-packages/airflow/example_dags/tutorial_taskflow_api.py took 0.163 seconds
[2023-11-20T19:46:07.862+0000] {processor.py:157} INFO - Started process (PID=1114) to work on /home/airflow/.local/lib/python3.8/site-packages/airflow/example_dags/tutorial_taskflow_api.py
[2023-11-20T19:46:07.864+0000] {processor.py:829} INFO - Processing file /home/airflow/.local/lib/python3.8/site-packages/airflow/example_dags/tutorial_taskflow_api.py for tasks to queue
[2023-11-20T19:46:07.870+0000] {logging_mixin.py:154} INFO - [2023-11-20T19:46:07.869+0000] {dagbag.py:536} INFO - Filling up the DagBag from /home/airflow/.local/lib/python3.8/site-packages/airflow/example_dags/tutorial_taskflow_api.py
[2023-11-20T19:46:07.894+0000] {processor.py:839} INFO - DAG(s) dict_keys(['tutorial_taskflow_api']) retrieved from /home/airflow/.local/lib/python3.8/site-packages/airflow/example_dags/tutorial_taskflow_api.py
[2023-11-20T19:46:08.001+0000] {logging_mixin.py:154} INFO - [2023-11-20T19:46:08.000+0000] {dag.py:2941} INFO - Sync 1 DAGs
[2023-11-20T19:46:08.035+0000] {logging_mixin.py:154} INFO - [2023-11-20T19:46:08.035+0000] {dag.py:3722} INFO - Setting next_dagrun for tutorial_taskflow_api to None, run_after=None
[2023-11-20T19:46:08.085+0000] {processor.py:179} INFO - Processing /home/airflow/.local/lib/python3.8/site-packages/airflow/example_dags/tutorial_taskflow_api.py took 0.230 seconds
[2023-11-20T19:46:39.608+0000] {processor.py:157} INFO - Started process (PID=1167) to work on /home/airflow/.local/lib/python3.8/site-packages/airflow/example_dags/tutorial_taskflow_api.py
[2023-11-20T19:46:39.672+0000] {processor.py:829} INFO - Processing file /home/airflow/.local/lib/python3.8/site-packages/airflow/example_dags/tutorial_taskflow_api.py for tasks to queue
[2023-11-20T19:46:39.708+0000] {logging_mixin.py:154} INFO - [2023-11-20T19:46:39.705+0000] {dagbag.py:536} INFO - Filling up the DagBag from /home/airflow/.local/lib/python3.8/site-packages/airflow/example_dags/tutorial_taskflow_api.py
[2023-11-20T19:46:40.085+0000] {processor.py:839} INFO - DAG(s) dict_keys(['tutorial_taskflow_api']) retrieved from /home/airflow/.local/lib/python3.8/site-packages/airflow/example_dags/tutorial_taskflow_api.py
[2023-11-20T19:46:40.309+0000] {logging_mixin.py:154} INFO - [2023-11-20T19:46:40.309+0000] {dag.py:2941} INFO - Sync 1 DAGs
[2023-11-20T19:46:40.538+0000] {logging_mixin.py:154} INFO - [2023-11-20T19:46:40.538+0000] {dag.py:3722} INFO - Setting next_dagrun for tutorial_taskflow_api to None, run_after=None
[2023-11-20T19:46:41.208+0000] {processor.py:179} INFO - Processing /home/airflow/.local/lib/python3.8/site-packages/airflow/example_dags/tutorial_taskflow_api.py took 1.719 seconds
[2023-11-20T19:47:14.020+0000] {processor.py:157} INFO - Started process (PID=1221) to work on /home/airflow/.local/lib/python3.8/site-packages/airflow/example_dags/tutorial_taskflow_api.py
[2023-11-20T19:47:14.025+0000] {processor.py:829} INFO - Processing file /home/airflow/.local/lib/python3.8/site-packages/airflow/example_dags/tutorial_taskflow_api.py for tasks to queue
[2023-11-20T19:47:14.034+0000] {logging_mixin.py:154} INFO - [2023-11-20T19:47:14.033+0000] {dagbag.py:536} INFO - Filling up the DagBag from /home/airflow/.local/lib/python3.8/site-packages/airflow/example_dags/tutorial_taskflow_api.py
[2023-11-20T19:47:14.059+0000] {processor.py:839} INFO - DAG(s) dict_keys(['tutorial_taskflow_api']) retrieved from /home/airflow/.local/lib/python3.8/site-packages/airflow/example_dags/tutorial_taskflow_api.py
[2023-11-20T19:47:14.165+0000] {logging_mixin.py:154} INFO - [2023-11-20T19:47:14.165+0000] {dag.py:2941} INFO - Sync 1 DAGs
[2023-11-20T19:47:14.232+0000] {logging_mixin.py:154} INFO - [2023-11-20T19:47:14.232+0000] {dag.py:3722} INFO - Setting next_dagrun for tutorial_taskflow_api to None, run_after=None
[2023-11-20T19:47:14.339+0000] {processor.py:179} INFO - Processing /home/airflow/.local/lib/python3.8/site-packages/airflow/example_dags/tutorial_taskflow_api.py took 0.331 seconds
[2023-11-20T19:47:46.192+0000] {processor.py:157} INFO - Started process (PID=1275) to work on /home/airflow/.local/lib/python3.8/site-packages/airflow/example_dags/tutorial_taskflow_api.py
[2023-11-20T19:47:46.220+0000] {processor.py:829} INFO - Processing file /home/airflow/.local/lib/python3.8/site-packages/airflow/example_dags/tutorial_taskflow_api.py for tasks to queue
[2023-11-20T19:47:46.269+0000] {logging_mixin.py:154} INFO - [2023-11-20T19:47:46.267+0000] {dagbag.py:536} INFO - Filling up the DagBag from /home/airflow/.local/lib/python3.8/site-packages/airflow/example_dags/tutorial_taskflow_api.py
[2023-11-20T19:47:46.406+0000] {processor.py:839} INFO - DAG(s) dict_keys(['tutorial_taskflow_api']) retrieved from /home/airflow/.local/lib/python3.8/site-packages/airflow/example_dags/tutorial_taskflow_api.py
[2023-11-20T19:47:47.400+0000] {logging_mixin.py:154} INFO - [2023-11-20T19:47:47.399+0000] {dag.py:2941} INFO - Sync 1 DAGs
[2023-11-20T19:47:47.543+0000] {logging_mixin.py:154} INFO - [2023-11-20T19:47:47.543+0000] {dag.py:3722} INFO - Setting next_dagrun for tutorial_taskflow_api to None, run_after=None
[2023-11-20T19:47:47.768+0000] {processor.py:179} INFO - Processing /home/airflow/.local/lib/python3.8/site-packages/airflow/example_dags/tutorial_taskflow_api.py took 1.603 seconds
[2023-11-20T19:48:18.292+0000] {processor.py:157} INFO - Started process (PID=1329) to work on /home/airflow/.local/lib/python3.8/site-packages/airflow/example_dags/tutorial_taskflow_api.py
[2023-11-20T19:48:18.294+0000] {processor.py:829} INFO - Processing file /home/airflow/.local/lib/python3.8/site-packages/airflow/example_dags/tutorial_taskflow_api.py for tasks to queue
[2023-11-20T19:48:18.298+0000] {logging_mixin.py:154} INFO - [2023-11-20T19:48:18.298+0000] {dagbag.py:536} INFO - Filling up the DagBag from /home/airflow/.local/lib/python3.8/site-packages/airflow/example_dags/tutorial_taskflow_api.py
[2023-11-20T19:48:18.313+0000] {processor.py:839} INFO - DAG(s) dict_keys(['tutorial_taskflow_api']) retrieved from /home/airflow/.local/lib/python3.8/site-packages/airflow/example_dags/tutorial_taskflow_api.py
[2023-11-20T19:48:18.348+0000] {logging_mixin.py:154} INFO - [2023-11-20T19:48:18.348+0000] {dag.py:2941} INFO - Sync 1 DAGs
[2023-11-20T19:48:18.367+0000] {logging_mixin.py:154} INFO - [2023-11-20T19:48:18.367+0000] {dag.py:3722} INFO - Setting next_dagrun for tutorial_taskflow_api to None, run_after=None
[2023-11-20T19:48:18.407+0000] {processor.py:179} INFO - Processing /home/airflow/.local/lib/python3.8/site-packages/airflow/example_dags/tutorial_taskflow_api.py took 0.123 seconds
