[2023-11-26T02:23:54.518+0000] {taskinstance.py:1159} INFO - Dependencies all met for dep_context=non-requeueable deps ti=<TaskInstance: outcomes_dag.load_dim_animal scheduled__2023-11-24T00:00:00+00:00 [queued]>
[2023-11-26T02:23:54.542+0000] {taskinstance.py:1159} INFO - Dependencies all met for dep_context=requeueable deps ti=<TaskInstance: outcomes_dag.load_dim_animal scheduled__2023-11-24T00:00:00+00:00 [queued]>
[2023-11-26T02:23:54.553+0000] {taskinstance.py:1361} INFO - Starting attempt 1 of 1
[2023-11-26T02:23:54.582+0000] {taskinstance.py:1382} INFO - Executing <Task(PythonOperator): load_dim_animal> on 2023-11-24 00:00:00+00:00
[2023-11-26T02:23:54.591+0000] {standard_task_runner.py:57} INFO - Started process 803 to run task
[2023-11-26T02:23:54.602+0000] {standard_task_runner.py:84} INFO - Running: ['***', 'tasks', 'run', 'outcomes_dag', 'load_dim_animal', 'scheduled__2023-11-24T00:00:00+00:00', '--job-id', '83', '--raw', '--subdir', 'DAGS_FOLDER/outcomes_dag.py', '--cfg-path', '/tmp/tmp5nul77wc']
[2023-11-26T02:23:54.607+0000] {standard_task_runner.py:85} INFO - Job 83: Subtask load_dim_animal
[2023-11-26T02:23:54.713+0000] {task_command.py:416} INFO - Running <TaskInstance: outcomes_dag.load_dim_animal scheduled__2023-11-24T00:00:00+00:00 [running]> on host 2011df1a4519
[2023-11-26T02:23:54.884+0000] {taskinstance.py:1662} INFO - Exporting env vars: AIRFLOW_CTX_DAG_OWNER='***' AIRFLOW_CTX_DAG_ID='outcomes_dag' AIRFLOW_CTX_TASK_ID='load_dim_animal' AIRFLOW_CTX_EXECUTION_DATE='2023-11-24T00:00:00+00:00' AIRFLOW_CTX_TRY_NUMBER='1' AIRFLOW_CTX_DAG_RUN_ID='scheduled__2023-11-24T00:00:00+00:00'
[2023-11-26T02:23:56.599+0000] {python.py:194} INFO - Done. Returned value was: None
[2023-11-26T02:23:56.610+0000] {taskinstance.py:1400} INFO - Marking task as SUCCESS. dag_id=outcomes_dag, task_id=load_dim_animal, execution_date=20231124T000000, start_date=20231126T022354, end_date=20231126T022356
[2023-11-26T02:23:56.640+0000] {local_task_job_runner.py:228} INFO - Task exited with return code 0
[2023-11-26T02:23:56.672+0000] {taskinstance.py:2778} INFO - 0 downstream tasks scheduled from follow-on schedule check
[2023-11-26T02:45:03.288+0000] {taskinstance.py:1159} INFO - Dependencies all met for dep_context=non-requeueable deps ti=<TaskInstance: outcomes_dag.load_dim_animal scheduled__2023-11-24T00:00:00+00:00 [queued]>
[2023-11-26T02:45:03.305+0000] {taskinstance.py:1159} INFO - Dependencies all met for dep_context=requeueable deps ti=<TaskInstance: outcomes_dag.load_dim_animal scheduled__2023-11-24T00:00:00+00:00 [queued]>
[2023-11-26T02:45:03.306+0000] {taskinstance.py:1361} INFO - Starting attempt 1 of 1
[2023-11-26T02:45:03.327+0000] {taskinstance.py:1382} INFO - Executing <Task(PythonOperator): load_dim_animal> on 2023-11-24 00:00:00+00:00
[2023-11-26T02:45:03.338+0000] {standard_task_runner.py:57} INFO - Started process 269 to run task
[2023-11-26T02:45:03.350+0000] {standard_task_runner.py:84} INFO - Running: ['***', 'tasks', 'run', 'outcomes_dag', 'load_dim_animal', 'scheduled__2023-11-24T00:00:00+00:00', '--job-id', '50', '--raw', '--subdir', 'DAGS_FOLDER/outcomes_dag.py', '--cfg-path', '/tmp/tmp9z7onmix']
[2023-11-26T02:45:03.359+0000] {standard_task_runner.py:85} INFO - Job 50: Subtask load_dim_animal
[2023-11-26T02:45:03.474+0000] {task_command.py:416} INFO - Running <TaskInstance: outcomes_dag.load_dim_animal scheduled__2023-11-24T00:00:00+00:00 [running]> on host d8c33f99ee50
[2023-11-26T02:45:03.655+0000] {taskinstance.py:1662} INFO - Exporting env vars: AIRFLOW_CTX_DAG_OWNER='***' AIRFLOW_CTX_DAG_ID='outcomes_dag' AIRFLOW_CTX_TASK_ID='load_dim_animal' AIRFLOW_CTX_EXECUTION_DATE='2023-11-24T00:00:00+00:00' AIRFLOW_CTX_TRY_NUMBER='1' AIRFLOW_CTX_DAG_RUN_ID='scheduled__2023-11-24T00:00:00+00:00'
[2023-11-26T02:45:06.786+0000] {python.py:194} INFO - Done. Returned value was: None
[2023-11-26T02:45:06.798+0000] {taskinstance.py:1400} INFO - Marking task as SUCCESS. dag_id=outcomes_dag, task_id=load_dim_animal, execution_date=20231124T000000, start_date=20231126T024503, end_date=20231126T024506
[2023-11-26T02:45:06.844+0000] {local_task_job_runner.py:228} INFO - Task exited with return code 0
[2023-11-26T02:45:06.870+0000] {taskinstance.py:2778} INFO - 0 downstream tasks scheduled from follow-on schedule check
