[2023-11-26T02:24:00.433+0000] {taskinstance.py:1159} INFO - Dependencies all met for dep_context=non-requeueable deps ti=<TaskInstance: outcomes_dag.extract scheduled__2023-11-25T00:00:00+00:00 [queued]>
[2023-11-26T02:24:00.444+0000] {taskinstance.py:1159} INFO - Dependencies all met for dep_context=requeueable deps ti=<TaskInstance: outcomes_dag.extract scheduled__2023-11-25T00:00:00+00:00 [queued]>
[2023-11-26T02:24:00.445+0000] {taskinstance.py:1361} INFO - Starting attempt 2 of 2
[2023-11-26T02:24:00.461+0000] {taskinstance.py:1382} INFO - Executing <Task(PythonOperator): extract> on 2023-11-25 00:00:00+00:00
[2023-11-26T02:24:00.467+0000] {standard_task_runner.py:57} INFO - Started process 809 to run task
[2023-11-26T02:24:00.471+0000] {standard_task_runner.py:84} INFO - Running: ['***', 'tasks', 'run', 'outcomes_dag', 'extract', 'scheduled__2023-11-25T00:00:00+00:00', '--job-id', '87', '--raw', '--subdir', 'DAGS_FOLDER/outcomes_dag.py', '--cfg-path', '/tmp/tmps7svo_53']
[2023-11-26T02:24:00.485+0000] {standard_task_runner.py:85} INFO - Job 87: Subtask extract
[2023-11-26T02:24:00.537+0000] {task_command.py:416} INFO - Running <TaskInstance: outcomes_dag.extract scheduled__2023-11-25T00:00:00+00:00 [running]> on host 2011df1a4519
[2023-11-26T02:24:00.624+0000] {taskinstance.py:1662} INFO - Exporting env vars: AIRFLOW_CTX_DAG_OWNER='***' AIRFLOW_CTX_DAG_ID='outcomes_dag' AIRFLOW_CTX_TASK_ID='extract' AIRFLOW_CTX_EXECUTION_DATE='2023-11-25T00:00:00+00:00' AIRFLOW_CTX_TRY_NUMBER='2' AIRFLOW_CTX_DAG_RUN_ID='scheduled__2023-11-25T00:00:00+00:00'
[2023-11-26T02:24:01.610+0000] {python.py:194} INFO - Done. Returned value was: None
[2023-11-26T02:24:01.623+0000] {taskinstance.py:1400} INFO - Marking task as SUCCESS. dag_id=outcomes_dag, task_id=extract, execution_date=20231125T000000, start_date=20231126T022400, end_date=20231126T022401
[2023-11-26T02:24:01.667+0000] {local_task_job_runner.py:228} INFO - Task exited with return code 0
[2023-11-26T02:24:01.698+0000] {taskinstance.py:2778} INFO - 1 downstream tasks scheduled from follow-on schedule check
[2023-11-26T02:52:02.001+0000] {taskinstance.py:1159} INFO - Dependencies all met for dep_context=non-requeueable deps ti=<TaskInstance: outcomes_dag.extract scheduled__2023-11-25T00:00:00+00:00 [queued]>
[2023-11-26T02:52:02.010+0000] {taskinstance.py:1159} INFO - Dependencies all met for dep_context=requeueable deps ti=<TaskInstance: outcomes_dag.extract scheduled__2023-11-25T00:00:00+00:00 [queued]>
[2023-11-26T02:52:02.011+0000] {taskinstance.py:1361} INFO - Starting attempt 2 of 2
[2023-11-26T02:52:02.025+0000] {taskinstance.py:1382} INFO - Executing <Task(PythonOperator): extract> on 2023-11-25 00:00:00+00:00
[2023-11-26T02:52:02.031+0000] {standard_task_runner.py:57} INFO - Started process 513 to run task
[2023-11-26T02:52:02.034+0000] {standard_task_runner.py:84} INFO - Running: ['***', 'tasks', 'run', 'outcomes_dag', 'extract', 'scheduled__2023-11-25T00:00:00+00:00', '--job-id', '101', '--raw', '--subdir', 'DAGS_FOLDER/outcomes_dag.py', '--cfg-path', '/tmp/tmphn_vm_kh']
[2023-11-26T02:52:02.038+0000] {standard_task_runner.py:85} INFO - Job 101: Subtask extract
[2023-11-26T02:52:02.088+0000] {task_command.py:416} INFO - Running <TaskInstance: outcomes_dag.extract scheduled__2023-11-25T00:00:00+00:00 [running]> on host d8c33f99ee50
[2023-11-26T02:52:02.177+0000] {taskinstance.py:1662} INFO - Exporting env vars: AIRFLOW_CTX_DAG_OWNER='***' AIRFLOW_CTX_DAG_ID='outcomes_dag' AIRFLOW_CTX_TASK_ID='extract' AIRFLOW_CTX_EXECUTION_DATE='2023-11-25T00:00:00+00:00' AIRFLOW_CTX_TRY_NUMBER='2' AIRFLOW_CTX_DAG_RUN_ID='scheduled__2023-11-25T00:00:00+00:00'
[2023-11-26T02:52:03.240+0000] {python.py:194} INFO - Done. Returned value was: None
[2023-11-26T02:52:03.253+0000] {taskinstance.py:1400} INFO - Marking task as SUCCESS. dag_id=outcomes_dag, task_id=extract, execution_date=20231125T000000, start_date=20231126T025202, end_date=20231126T025203
[2023-11-26T02:52:03.300+0000] {local_task_job_runner.py:228} INFO - Task exited with return code 0
[2023-11-26T02:52:03.328+0000] {taskinstance.py:2778} INFO - 1 downstream tasks scheduled from follow-on schedule check
