[2023-11-26T00:23:20.950+0000] {taskinstance.py:1159} INFO - Dependencies all met for dep_context=non-requeueable deps ti=<TaskInstance: outcomes_dag.extract scheduled__2023-11-25T00:00:00+00:00 [queued]>
[2023-11-26T00:23:20.961+0000] {taskinstance.py:1159} INFO - Dependencies all met for dep_context=requeueable deps ti=<TaskInstance: outcomes_dag.extract scheduled__2023-11-25T00:00:00+00:00 [queued]>
[2023-11-26T00:23:20.962+0000] {taskinstance.py:1361} INFO - Starting attempt 1 of 1
[2023-11-26T00:23:20.980+0000] {taskinstance.py:1382} INFO - Executing <Task(PythonOperator): extract> on 2023-11-25 00:00:00+00:00
[2023-11-26T00:23:20.988+0000] {standard_task_runner.py:57} INFO - Started process 204 to run task
[2023-11-26T00:23:20.994+0000] {standard_task_runner.py:84} INFO - Running: ['***', 'tasks', 'run', 'outcomes_dag', 'extract', 'scheduled__2023-11-25T00:00:00+00:00', '--job-id', '37', '--raw', '--subdir', 'DAGS_FOLDER/outcomes_dag.py', '--cfg-path', '/tmp/tmp4tm_3fi5']
[2023-11-26T00:23:20.999+0000] {standard_task_runner.py:85} INFO - Job 37: Subtask extract
[2023-11-26T00:23:21.059+0000] {task_command.py:416} INFO - Running <TaskInstance: outcomes_dag.extract scheduled__2023-11-25T00:00:00+00:00 [running]> on host decfc1fe5c09
[2023-11-26T00:23:21.156+0000] {taskinstance.py:1662} INFO - Exporting env vars: AIRFLOW_CTX_DAG_OWNER='***' AIRFLOW_CTX_DAG_ID='outcomes_dag' AIRFLOW_CTX_TASK_ID='extract' AIRFLOW_CTX_EXECUTION_DATE='2023-11-25T00:00:00+00:00' AIRFLOW_CTX_TRY_NUMBER='1' AIRFLOW_CTX_DAG_RUN_ID='scheduled__2023-11-25T00:00:00+00:00'
[2023-11-26T00:23:22.160+0000] {python.py:194} INFO - Done. Returned value was: None
[2023-11-26T00:23:22.176+0000] {taskinstance.py:1400} INFO - Marking task as SUCCESS. dag_id=outcomes_dag, task_id=extract, execution_date=20231125T000000, start_date=20231126T002320, end_date=20231126T002322
[2023-11-26T00:23:22.216+0000] {local_task_job_runner.py:228} INFO - Task exited with return code 0
[2023-11-26T00:23:22.255+0000] {taskinstance.py:2778} INFO - 1 downstream tasks scheduled from follow-on schedule check
[2023-11-26T01:53:57.582+0000] {taskinstance.py:1159} INFO - Dependencies all met for dep_context=non-requeueable deps ti=<TaskInstance: outcomes_dag.extract scheduled__2023-11-25T00:00:00+00:00 [queued]>
[2023-11-26T01:53:57.595+0000] {taskinstance.py:1159} INFO - Dependencies all met for dep_context=requeueable deps ti=<TaskInstance: outcomes_dag.extract scheduled__2023-11-25T00:00:00+00:00 [queued]>
[2023-11-26T01:53:57.595+0000] {taskinstance.py:1361} INFO - Starting attempt 1 of 1
[2023-11-26T01:53:57.611+0000] {taskinstance.py:1382} INFO - Executing <Task(PythonOperator): extract> on 2023-11-25 00:00:00+00:00
[2023-11-26T01:53:57.618+0000] {standard_task_runner.py:57} INFO - Started process 225 to run task
[2023-11-26T01:53:57.623+0000] {standard_task_runner.py:84} INFO - Running: ['***', 'tasks', 'run', 'outcomes_dag', 'extract', 'scheduled__2023-11-25T00:00:00+00:00', '--job-id', '35', '--raw', '--subdir', 'DAGS_FOLDER/outcomes_dag.py', '--cfg-path', '/tmp/tmpjhsklnrc']
[2023-11-26T01:53:57.627+0000] {standard_task_runner.py:85} INFO - Job 35: Subtask extract
[2023-11-26T01:53:57.682+0000] {task_command.py:416} INFO - Running <TaskInstance: outcomes_dag.extract scheduled__2023-11-25T00:00:00+00:00 [running]> on host 2011df1a4519
[2023-11-26T01:53:57.766+0000] {taskinstance.py:1662} INFO - Exporting env vars: AIRFLOW_CTX_DAG_OWNER='***' AIRFLOW_CTX_DAG_ID='outcomes_dag' AIRFLOW_CTX_TASK_ID='extract' AIRFLOW_CTX_EXECUTION_DATE='2023-11-25T00:00:00+00:00' AIRFLOW_CTX_TRY_NUMBER='1' AIRFLOW_CTX_DAG_RUN_ID='scheduled__2023-11-25T00:00:00+00:00'
[2023-11-26T01:53:58.769+0000] {python.py:194} INFO - Done. Returned value was: None
[2023-11-26T01:53:58.782+0000] {taskinstance.py:1400} INFO - Marking task as SUCCESS. dag_id=outcomes_dag, task_id=extract, execution_date=20231125T000000, start_date=20231126T015357, end_date=20231126T015358
[2023-11-26T01:53:58.806+0000] {local_task_job_runner.py:228} INFO - Task exited with return code 0
[2023-11-26T01:53:58.837+0000] {taskinstance.py:2778} INFO - 1 downstream tasks scheduled from follow-on schedule check
[2023-11-26T02:45:09.162+0000] {taskinstance.py:1159} INFO - Dependencies all met for dep_context=non-requeueable deps ti=<TaskInstance: outcomes_dag.extract scheduled__2023-11-25T00:00:00+00:00 [queued]>
[2023-11-26T02:45:09.173+0000] {taskinstance.py:1159} INFO - Dependencies all met for dep_context=requeueable deps ti=<TaskInstance: outcomes_dag.extract scheduled__2023-11-25T00:00:00+00:00 [queued]>
[2023-11-26T02:45:09.174+0000] {taskinstance.py:1361} INFO - Starting attempt 1 of 1
[2023-11-26T02:45:09.187+0000] {taskinstance.py:1382} INFO - Executing <Task(PythonOperator): extract> on 2023-11-25 00:00:00+00:00
[2023-11-26T02:45:09.197+0000] {standard_task_runner.py:57} INFO - Started process 273 to run task
[2023-11-26T02:45:09.203+0000] {standard_task_runner.py:84} INFO - Running: ['***', 'tasks', 'run', 'outcomes_dag', 'extract', 'scheduled__2023-11-25T00:00:00+00:00', '--job-id', '53', '--raw', '--subdir', 'DAGS_FOLDER/outcomes_dag.py', '--cfg-path', '/tmp/tmpoucctpf4']
[2023-11-26T02:45:09.209+0000] {standard_task_runner.py:85} INFO - Job 53: Subtask extract
[2023-11-26T02:45:09.273+0000] {task_command.py:416} INFO - Running <TaskInstance: outcomes_dag.extract scheduled__2023-11-25T00:00:00+00:00 [running]> on host d8c33f99ee50
[2023-11-26T02:45:09.363+0000] {taskinstance.py:1662} INFO - Exporting env vars: AIRFLOW_CTX_DAG_OWNER='***' AIRFLOW_CTX_DAG_ID='outcomes_dag' AIRFLOW_CTX_TASK_ID='extract' AIRFLOW_CTX_EXECUTION_DATE='2023-11-25T00:00:00+00:00' AIRFLOW_CTX_TRY_NUMBER='1' AIRFLOW_CTX_DAG_RUN_ID='scheduled__2023-11-25T00:00:00+00:00'
[2023-11-26T02:45:10.379+0000] {python.py:194} INFO - Done. Returned value was: None
[2023-11-26T02:45:10.392+0000] {taskinstance.py:1400} INFO - Marking task as SUCCESS. dag_id=outcomes_dag, task_id=extract, execution_date=20231125T000000, start_date=20231126T024509, end_date=20231126T024510
[2023-11-26T02:45:10.431+0000] {local_task_job_runner.py:228} INFO - Task exited with return code 0
[2023-11-26T02:45:10.463+0000] {taskinstance.py:2778} INFO - 0 downstream tasks scheduled from follow-on schedule check
[2023-12-17T15:20:04.460+0000] {taskinstance.py:1159} INFO - Dependencies all met for dep_context=non-requeueable deps ti=<TaskInstance: outcomes_dag.extract scheduled__2023-11-25T00:00:00+00:00 [queued]>
[2023-12-17T15:20:04.469+0000] {taskinstance.py:1159} INFO - Dependencies all met for dep_context=requeueable deps ti=<TaskInstance: outcomes_dag.extract scheduled__2023-11-25T00:00:00+00:00 [queued]>
[2023-12-17T15:20:04.469+0000] {taskinstance.py:1361} INFO - Starting attempt 1 of 1
[2023-12-17T15:20:04.484+0000] {taskinstance.py:1382} INFO - Executing <Task(PythonOperator): extract> on 2023-11-25 00:00:00+00:00
[2023-12-17T15:20:04.490+0000] {standard_task_runner.py:57} INFO - Started process 732 to run task
[2023-12-17T15:20:04.493+0000] {standard_task_runner.py:84} INFO - Running: ['***', 'tasks', 'run', 'outcomes_dag', 'extract', 'scheduled__2023-11-25T00:00:00+00:00', '--job-id', '146', '--raw', '--subdir', 'DAGS_FOLDER/outcomes_dag.py', '--cfg-path', '/tmp/tmpkbu_mass']
[2023-12-17T15:20:04.497+0000] {standard_task_runner.py:85} INFO - Job 146: Subtask extract
[2023-12-17T15:20:04.545+0000] {task_command.py:416} INFO - Running <TaskInstance: outcomes_dag.extract scheduled__2023-11-25T00:00:00+00:00 [running]> on host 7f0547651eb4
[2023-12-17T15:20:04.705+0000] {taskinstance.py:1662} INFO - Exporting env vars: AIRFLOW_CTX_DAG_OWNER='***' AIRFLOW_CTX_DAG_ID='outcomes_dag' AIRFLOW_CTX_TASK_ID='extract' AIRFLOW_CTX_EXECUTION_DATE='2023-11-25T00:00:00+00:00' AIRFLOW_CTX_TRY_NUMBER='1' AIRFLOW_CTX_DAG_RUN_ID='scheduled__2023-11-25T00:00:00+00:00'
[2023-12-17T15:20:11.344+0000] {python.py:194} INFO - Done. Returned value was: None
[2023-12-17T15:20:11.516+0000] {taskinstance.py:1400} INFO - Marking task as SUCCESS. dag_id=outcomes_dag, task_id=extract, execution_date=20231125T000000, start_date=20231217T152004, end_date=20231217T152011
[2023-12-17T15:20:11.964+0000] {local_task_job_runner.py:228} INFO - Task exited with return code 0
[2023-12-17T15:20:12.505+0000] {taskinstance.py:2778} INFO - 1 downstream tasks scheduled from follow-on schedule check
