[2023-11-26T02:24:08.922+0000] {taskinstance.py:1159} INFO - Dependencies all met for dep_context=non-requeueable deps ti=<TaskInstance: outcomes_dag.load_dim_animal scheduled__2023-11-25T00:00:00+00:00 [queued]>
[2023-11-26T02:24:08.939+0000] {taskinstance.py:1159} INFO - Dependencies all met for dep_context=requeueable deps ti=<TaskInstance: outcomes_dag.load_dim_animal scheduled__2023-11-25T00:00:00+00:00 [queued]>
[2023-11-26T02:24:08.947+0000] {taskinstance.py:1361} INFO - Starting attempt 1 of 1
[2023-11-26T02:24:08.977+0000] {taskinstance.py:1382} INFO - Executing <Task(PythonOperator): load_dim_animal> on 2023-11-25 00:00:00+00:00
[2023-11-26T02:24:08.988+0000] {standard_task_runner.py:57} INFO - Started process 831 to run task
[2023-11-26T02:24:09.006+0000] {standard_task_runner.py:84} INFO - Running: ['***', 'tasks', 'run', 'outcomes_dag', 'load_dim_animal', 'scheduled__2023-11-25T00:00:00+00:00', '--job-id', '91', '--raw', '--subdir', 'DAGS_FOLDER/outcomes_dag.py', '--cfg-path', '/tmp/tmpyy62jc72']
[2023-11-26T02:24:09.035+0000] {standard_task_runner.py:85} INFO - Job 91: Subtask load_dim_animal
[2023-11-26T02:24:09.161+0000] {task_command.py:416} INFO - Running <TaskInstance: outcomes_dag.load_dim_animal scheduled__2023-11-25T00:00:00+00:00 [running]> on host 2011df1a4519
[2023-11-26T02:24:09.517+0000] {taskinstance.py:1662} INFO - Exporting env vars: AIRFLOW_CTX_DAG_OWNER='***' AIRFLOW_CTX_DAG_ID='outcomes_dag' AIRFLOW_CTX_TASK_ID='load_dim_animal' AIRFLOW_CTX_EXECUTION_DATE='2023-11-25T00:00:00+00:00' AIRFLOW_CTX_TRY_NUMBER='1' AIRFLOW_CTX_DAG_RUN_ID='scheduled__2023-11-25T00:00:00+00:00'
[2023-11-26T02:24:12.368+0000] {python.py:194} INFO - Done. Returned value was: None
[2023-11-26T02:24:12.381+0000] {taskinstance.py:1400} INFO - Marking task as SUCCESS. dag_id=outcomes_dag, task_id=load_dim_animal, execution_date=20231125T000000, start_date=20231126T022408, end_date=20231126T022412
[2023-11-26T02:24:12.439+0000] {local_task_job_runner.py:228} INFO - Task exited with return code 0
[2023-11-26T02:24:12.482+0000] {taskinstance.py:2778} INFO - 0 downstream tasks scheduled from follow-on schedule check
[2023-11-26T02:45:25.218+0000] {taskinstance.py:1159} INFO - Dependencies all met for dep_context=non-requeueable deps ti=<TaskInstance: outcomes_dag.load_dim_animal scheduled__2023-11-25T00:00:00+00:00 [queued]>
[2023-11-26T02:45:25.259+0000] {taskinstance.py:1159} INFO - Dependencies all met for dep_context=requeueable deps ti=<TaskInstance: outcomes_dag.load_dim_animal scheduled__2023-11-25T00:00:00+00:00 [queued]>
[2023-11-26T02:45:25.277+0000] {taskinstance.py:1361} INFO - Starting attempt 1 of 1
[2023-11-26T02:45:25.433+0000] {taskinstance.py:1382} INFO - Executing <Task(PythonOperator): load_dim_animal> on 2023-11-25 00:00:00+00:00
[2023-11-26T02:45:25.608+0000] {standard_task_runner.py:57} INFO - Started process 295 to run task
[2023-11-26T02:45:25.626+0000] {standard_task_runner.py:84} INFO - Running: ['***', 'tasks', 'run', 'outcomes_dag', 'load_dim_animal', 'scheduled__2023-11-25T00:00:00+00:00', '--job-id', '57', '--raw', '--subdir', 'DAGS_FOLDER/outcomes_dag.py', '--cfg-path', '/tmp/tmpdlbhp5xd']
[2023-11-26T02:45:25.821+0000] {standard_task_runner.py:85} INFO - Job 57: Subtask load_dim_animal
[2023-11-26T02:45:27.200+0000] {task_command.py:416} INFO - Running <TaskInstance: outcomes_dag.load_dim_animal scheduled__2023-11-25T00:00:00+00:00 [running]> on host d8c33f99ee50
[2023-11-26T02:45:29.222+0000] {taskinstance.py:1662} INFO - Exporting env vars: AIRFLOW_CTX_DAG_OWNER='***' AIRFLOW_CTX_DAG_ID='outcomes_dag' AIRFLOW_CTX_TASK_ID='load_dim_animal' AIRFLOW_CTX_EXECUTION_DATE='2023-11-25T00:00:00+00:00' AIRFLOW_CTX_TRY_NUMBER='1' AIRFLOW_CTX_DAG_RUN_ID='scheduled__2023-11-25T00:00:00+00:00'
[2023-11-26T02:45:34.178+0000] {python.py:194} INFO - Done. Returned value was: None
[2023-11-26T02:45:34.221+0000] {taskinstance.py:1400} INFO - Marking task as SUCCESS. dag_id=outcomes_dag, task_id=load_dim_animal, execution_date=20231125T000000, start_date=20231126T024525, end_date=20231126T024534
[2023-11-26T02:45:34.337+0000] {local_task_job_runner.py:228} INFO - Task exited with return code 0
[2023-11-26T02:45:34.428+0000] {taskinstance.py:2778} INFO - 0 downstream tasks scheduled from follow-on schedule check
