[2023-11-26T03:03:12.535+0000] {taskinstance.py:1159} INFO - Dependencies all met for dep_context=non-requeueable deps ti=<TaskInstance: outcomes_dag.load_outcome_types_dim scheduled__2023-11-18T00:00:00+00:00 [queued]>
[2023-11-26T03:03:12.640+0000] {taskinstance.py:1159} INFO - Dependencies all met for dep_context=requeueable deps ti=<TaskInstance: outcomes_dag.load_outcome_types_dim scheduled__2023-11-18T00:00:00+00:00 [queued]>
[2023-11-26T03:03:12.642+0000] {taskinstance.py:1361} INFO - Starting attempt 1 of 1
[2023-11-26T03:03:12.694+0000] {taskinstance.py:1382} INFO - Executing <Task(PythonOperator): load_outcome_types_dim> on 2023-11-18 00:00:00+00:00
[2023-11-26T03:03:12.719+0000] {standard_task_runner.py:57} INFO - Started process 730 to run task
[2023-11-26T03:03:12.737+0000] {standard_task_runner.py:84} INFO - Running: ['***', 'tasks', 'run', 'outcomes_dag', 'load_outcome_types_dim', 'scheduled__2023-11-18T00:00:00+00:00', '--job-id', '116', '--raw', '--subdir', 'DAGS_FOLDER/outcomes_dag.py', '--cfg-path', '/tmp/tmp1lvufop6']
[2023-11-26T03:03:12.748+0000] {standard_task_runner.py:85} INFO - Job 116: Subtask load_outcome_types_dim
[2023-11-26T03:03:12.943+0000] {task_command.py:416} INFO - Running <TaskInstance: outcomes_dag.load_outcome_types_dim scheduled__2023-11-18T00:00:00+00:00 [running]> on host d8c33f99ee50
[2023-11-26T03:03:13.298+0000] {taskinstance.py:1662} INFO - Exporting env vars: AIRFLOW_CTX_DAG_OWNER='***' AIRFLOW_CTX_DAG_ID='outcomes_dag' AIRFLOW_CTX_TASK_ID='load_outcome_types_dim' AIRFLOW_CTX_EXECUTION_DATE='2023-11-18T00:00:00+00:00' AIRFLOW_CTX_TRY_NUMBER='1' AIRFLOW_CTX_DAG_RUN_ID='scheduled__2023-11-18T00:00:00+00:00'
[2023-11-26T03:03:15.733+0000] {python.py:194} INFO - Done. Returned value was: None
[2023-11-26T03:03:15.909+0000] {taskinstance.py:1400} INFO - Marking task as SUCCESS. dag_id=outcomes_dag, task_id=load_outcome_types_dim, execution_date=20231118T000000, start_date=20231126T030312, end_date=20231126T030315
[2023-11-26T03:03:16.134+0000] {local_task_job_runner.py:228} INFO - Task exited with return code 0
[2023-11-26T03:03:16.186+0000] {taskinstance.py:2778} INFO - 0 downstream tasks scheduled from follow-on schedule check
[2023-12-17T15:11:00.556+0000] {taskinstance.py:1159} INFO - Dependencies all met for dep_context=non-requeueable deps ti=<TaskInstance: outcomes_dag.load_outcome_types_dim scheduled__2023-11-18T00:00:00+00:00 [queued]>
[2023-12-17T15:11:00.573+0000] {taskinstance.py:1159} INFO - Dependencies all met for dep_context=requeueable deps ti=<TaskInstance: outcomes_dag.load_outcome_types_dim scheduled__2023-11-18T00:00:00+00:00 [queued]>
[2023-12-17T15:11:00.574+0000] {taskinstance.py:1361} INFO - Starting attempt 1 of 1
[2023-12-17T15:11:00.593+0000] {taskinstance.py:1382} INFO - Executing <Task(PythonOperator): load_outcome_types_dim> on 2023-11-18 00:00:00+00:00
[2023-12-17T15:11:00.601+0000] {standard_task_runner.py:57} INFO - Started process 567 to run task
[2023-12-17T15:11:00.613+0000] {standard_task_runner.py:84} INFO - Running: ['***', 'tasks', 'run', 'outcomes_dag', 'load_outcome_types_dim', 'scheduled__2023-11-18T00:00:00+00:00', '--job-id', '112', '--raw', '--subdir', 'DAGS_FOLDER/outcomes_dag.py', '--cfg-path', '/tmp/tmpegnhpa_p']
[2023-12-17T15:11:00.620+0000] {standard_task_runner.py:85} INFO - Job 112: Subtask load_outcome_types_dim
[2023-12-17T15:11:00.695+0000] {task_command.py:416} INFO - Running <TaskInstance: outcomes_dag.load_outcome_types_dim scheduled__2023-11-18T00:00:00+00:00 [running]> on host 7f0547651eb4
[2023-12-17T15:11:00.837+0000] {taskinstance.py:1662} INFO - Exporting env vars: AIRFLOW_CTX_DAG_OWNER='***' AIRFLOW_CTX_DAG_ID='outcomes_dag' AIRFLOW_CTX_TASK_ID='load_outcome_types_dim' AIRFLOW_CTX_EXECUTION_DATE='2023-11-18T00:00:00+00:00' AIRFLOW_CTX_TRY_NUMBER='1' AIRFLOW_CTX_DAG_RUN_ID='scheduled__2023-11-18T00:00:00+00:00'
[2023-12-17T15:11:03.502+0000] {python.py:194} INFO - Done. Returned value was: None
[2023-12-17T15:11:03.516+0000] {taskinstance.py:1400} INFO - Marking task as SUCCESS. dag_id=outcomes_dag, task_id=load_outcome_types_dim, execution_date=20231118T000000, start_date=20231217T151100, end_date=20231217T151103
[2023-12-17T15:11:03.541+0000] {local_task_job_runner.py:228} INFO - Task exited with return code 0
[2023-12-17T15:11:03.566+0000] {taskinstance.py:2778} INFO - 0 downstream tasks scheduled from follow-on schedule check
