[2023-11-25T20:49:21.861+0000] {taskinstance.py:1159} INFO - Dependencies all met for dep_context=non-requeueable deps ti=<TaskInstance: outcomes_dag.transform scheduled__2023-11-23T00:00:00+00:00 [queued]>
[2023-11-25T20:49:21.872+0000] {taskinstance.py:1159} INFO - Dependencies all met for dep_context=requeueable deps ti=<TaskInstance: outcomes_dag.transform scheduled__2023-11-23T00:00:00+00:00 [queued]>
[2023-11-25T20:49:21.873+0000] {taskinstance.py:1361} INFO - Starting attempt 3 of 3
[2023-11-25T20:49:21.889+0000] {taskinstance.py:1382} INFO - Executing <Task(PythonOperator): transform> on 2023-11-23 00:00:00+00:00
[2023-11-25T20:49:21.896+0000] {standard_task_runner.py:57} INFO - Started process 497 to run task
[2023-11-25T20:49:21.901+0000] {standard_task_runner.py:84} INFO - Running: ['***', 'tasks', 'run', 'outcomes_dag', 'transform', 'scheduled__2023-11-23T00:00:00+00:00', '--job-id', '38', '--raw', '--subdir', 'DAGS_FOLDER/outcomes_dag.py', '--cfg-path', '/tmp/tmp9xi_y8n2']
[2023-11-25T20:49:21.904+0000] {standard_task_runner.py:85} INFO - Job 38: Subtask transform
[2023-11-25T20:49:21.960+0000] {task_command.py:416} INFO - Running <TaskInstance: outcomes_dag.transform scheduled__2023-11-23T00:00:00+00:00 [running]> on host 17ac1e2d02c6
[2023-11-25T20:49:22.057+0000] {taskinstance.py:1662} INFO - Exporting env vars: AIRFLOW_CTX_DAG_OWNER='***' AIRFLOW_CTX_DAG_ID='outcomes_dag' AIRFLOW_CTX_TASK_ID='transform' AIRFLOW_CTX_EXECUTION_DATE='2023-11-23T00:00:00+00:00' AIRFLOW_CTX_TRY_NUMBER='3' AIRFLOW_CTX_DAG_RUN_ID='scheduled__2023-11-23T00:00:00+00:00'
[2023-11-25T20:49:22.386+0000] {python.py:194} INFO - Done. Returned value was: None
[2023-11-25T20:49:22.400+0000] {taskinstance.py:1400} INFO - Marking task as SUCCESS. dag_id=outcomes_dag, task_id=transform, execution_date=20231123T000000, start_date=20231125T204921, end_date=20231125T204922
[2023-11-25T20:49:22.437+0000] {local_task_job_runner.py:228} INFO - Task exited with return code 0
[2023-11-25T20:49:22.456+0000] {taskinstance.py:2778} INFO - 0 downstream tasks scheduled from follow-on schedule check
[2023-11-26T03:05:10.334+0000] {taskinstance.py:1159} INFO - Dependencies all met for dep_context=non-requeueable deps ti=<TaskInstance: outcomes_dag.transform scheduled__2023-11-23T00:00:00+00:00 [queued]>
[2023-11-26T03:05:10.347+0000] {taskinstance.py:1159} INFO - Dependencies all met for dep_context=requeueable deps ti=<TaskInstance: outcomes_dag.transform scheduled__2023-11-23T00:00:00+00:00 [queued]>
[2023-11-26T03:05:10.347+0000] {taskinstance.py:1361} INFO - Starting attempt 3 of 3
[2023-11-26T03:05:10.363+0000] {taskinstance.py:1382} INFO - Executing <Task(PythonOperator): transform> on 2023-11-23 00:00:00+00:00
[2023-11-26T03:05:10.369+0000] {standard_task_runner.py:57} INFO - Started process 835 to run task
[2023-11-26T03:05:10.373+0000] {standard_task_runner.py:84} INFO - Running: ['***', 'tasks', 'run', 'outcomes_dag', 'transform', 'scheduled__2023-11-23T00:00:00+00:00', '--job-id', '144', '--raw', '--subdir', 'DAGS_FOLDER/outcomes_dag.py', '--cfg-path', '/tmp/tmpiu5y8wpn']
[2023-11-26T03:05:10.385+0000] {standard_task_runner.py:85} INFO - Job 144: Subtask transform
[2023-11-26T03:05:10.439+0000] {task_command.py:416} INFO - Running <TaskInstance: outcomes_dag.transform scheduled__2023-11-23T00:00:00+00:00 [running]> on host d8c33f99ee50
[2023-11-26T03:05:10.534+0000] {taskinstance.py:1662} INFO - Exporting env vars: AIRFLOW_CTX_DAG_OWNER='***' AIRFLOW_CTX_DAG_ID='outcomes_dag' AIRFLOW_CTX_TASK_ID='transform' AIRFLOW_CTX_EXECUTION_DATE='2023-11-23T00:00:00+00:00' AIRFLOW_CTX_TRY_NUMBER='3' AIRFLOW_CTX_DAG_RUN_ID='scheduled__2023-11-23T00:00:00+00:00'
[2023-11-26T03:05:11.031+0000] {python.py:194} INFO - Done. Returned value was: None
[2023-11-26T03:05:11.044+0000] {taskinstance.py:1400} INFO - Marking task as SUCCESS. dag_id=outcomes_dag, task_id=transform, execution_date=20231123T000000, start_date=20231126T030510, end_date=20231126T030511
[2023-11-26T03:05:11.087+0000] {local_task_job_runner.py:228} INFO - Task exited with return code 0
[2023-11-26T03:05:11.117+0000] {taskinstance.py:2778} INFO - 4 downstream tasks scheduled from follow-on schedule check
