[2023-11-25T20:36:40.555+0000] {taskinstance.py:1159} INFO - Dependencies all met for dep_context=non-requeueable deps ti=<TaskInstance: outcomes_dag.transform scheduled__2023-11-23T00:00:00+00:00 [queued]>
[2023-11-25T20:36:40.568+0000] {taskinstance.py:1159} INFO - Dependencies all met for dep_context=requeueable deps ti=<TaskInstance: outcomes_dag.transform scheduled__2023-11-23T00:00:00+00:00 [queued]>
[2023-11-25T20:36:40.569+0000] {taskinstance.py:1361} INFO - Starting attempt 2 of 2
[2023-11-25T20:36:40.586+0000] {taskinstance.py:1382} INFO - Executing <Task(PythonOperator): transform> on 2023-11-23 00:00:00+00:00
[2023-11-25T20:36:40.591+0000] {standard_task_runner.py:57} INFO - Started process 271 to run task
[2023-11-25T20:36:40.596+0000] {standard_task_runner.py:84} INFO - Running: ['***', 'tasks', 'run', 'outcomes_dag', 'transform', 'scheduled__2023-11-23T00:00:00+00:00', '--job-id', '24', '--raw', '--subdir', 'DAGS_FOLDER/outcomes_dag.py', '--cfg-path', '/tmp/tmpfgfr3yfw']
[2023-11-25T20:36:40.600+0000] {standard_task_runner.py:85} INFO - Job 24: Subtask transform
[2023-11-25T20:36:40.704+0000] {task_command.py:416} INFO - Running <TaskInstance: outcomes_dag.transform scheduled__2023-11-23T00:00:00+00:00 [running]> on host 17ac1e2d02c6
[2023-11-25T20:36:40.814+0000] {taskinstance.py:1662} INFO - Exporting env vars: AIRFLOW_CTX_DAG_OWNER='***' AIRFLOW_CTX_DAG_ID='outcomes_dag' AIRFLOW_CTX_TASK_ID='transform' AIRFLOW_CTX_EXECUTION_DATE='2023-11-23T00:00:00+00:00' AIRFLOW_CTX_TRY_NUMBER='2' AIRFLOW_CTX_DAG_RUN_ID='scheduled__2023-11-23T00:00:00+00:00'
[2023-11-25T20:36:41.160+0000] {python.py:194} INFO - Done. Returned value was: None
[2023-11-25T20:36:41.174+0000] {taskinstance.py:1400} INFO - Marking task as SUCCESS. dag_id=outcomes_dag, task_id=transform, execution_date=20231123T000000, start_date=20231125T203640, end_date=20231125T203641
[2023-11-25T20:36:41.196+0000] {local_task_job_runner.py:228} INFO - Task exited with return code 0
[2023-11-25T20:36:41.216+0000] {taskinstance.py:2778} INFO - 0 downstream tasks scheduled from follow-on schedule check
[2023-11-26T02:23:36.800+0000] {taskinstance.py:1159} INFO - Dependencies all met for dep_context=non-requeueable deps ti=<TaskInstance: outcomes_dag.transform scheduled__2023-11-23T00:00:00+00:00 [queued]>
[2023-11-26T02:23:36.812+0000] {taskinstance.py:1159} INFO - Dependencies all met for dep_context=requeueable deps ti=<TaskInstance: outcomes_dag.transform scheduled__2023-11-23T00:00:00+00:00 [queued]>
[2023-11-26T02:23:36.813+0000] {taskinstance.py:1361} INFO - Starting attempt 2 of 2
[2023-11-26T02:23:36.832+0000] {taskinstance.py:1382} INFO - Executing <Task(PythonOperator): transform> on 2023-11-23 00:00:00+00:00
[2023-11-26T02:23:36.839+0000] {standard_task_runner.py:57} INFO - Started process 776 to run task
[2023-11-26T02:23:36.844+0000] {standard_task_runner.py:84} INFO - Running: ['***', 'tasks', 'run', 'outcomes_dag', 'transform', 'scheduled__2023-11-23T00:00:00+00:00', '--job-id', '76', '--raw', '--subdir', 'DAGS_FOLDER/outcomes_dag.py', '--cfg-path', '/tmp/tmp89_l8l32']
[2023-11-26T02:23:36.849+0000] {standard_task_runner.py:85} INFO - Job 76: Subtask transform
[2023-11-26T02:23:36.907+0000] {task_command.py:416} INFO - Running <TaskInstance: outcomes_dag.transform scheduled__2023-11-23T00:00:00+00:00 [running]> on host 2011df1a4519
[2023-11-26T02:23:37.005+0000] {taskinstance.py:1662} INFO - Exporting env vars: AIRFLOW_CTX_DAG_OWNER='***' AIRFLOW_CTX_DAG_ID='outcomes_dag' AIRFLOW_CTX_TASK_ID='transform' AIRFLOW_CTX_EXECUTION_DATE='2023-11-23T00:00:00+00:00' AIRFLOW_CTX_TRY_NUMBER='2' AIRFLOW_CTX_DAG_RUN_ID='scheduled__2023-11-23T00:00:00+00:00'
[2023-11-26T02:23:37.259+0000] {python.py:194} INFO - Done. Returned value was: None
[2023-11-26T02:23:37.271+0000] {taskinstance.py:1400} INFO - Marking task as SUCCESS. dag_id=outcomes_dag, task_id=transform, execution_date=20231123T000000, start_date=20231126T022336, end_date=20231126T022337
[2023-11-26T02:23:37.300+0000] {local_task_job_runner.py:228} INFO - Task exited with return code 0
[2023-11-26T02:23:37.325+0000] {taskinstance.py:2778} INFO - 4 downstream tasks scheduled from follow-on schedule check
[2023-11-26T02:51:26.697+0000] {taskinstance.py:1159} INFO - Dependencies all met for dep_context=non-requeueable deps ti=<TaskInstance: outcomes_dag.transform scheduled__2023-11-23T00:00:00+00:00 [queued]>
[2023-11-26T02:51:26.710+0000] {taskinstance.py:1159} INFO - Dependencies all met for dep_context=requeueable deps ti=<TaskInstance: outcomes_dag.transform scheduled__2023-11-23T00:00:00+00:00 [queued]>
[2023-11-26T02:51:26.711+0000] {taskinstance.py:1361} INFO - Starting attempt 2 of 2
[2023-11-26T02:51:26.726+0000] {taskinstance.py:1382} INFO - Executing <Task(PythonOperator): transform> on 2023-11-23 00:00:00+00:00
[2023-11-26T02:51:26.733+0000] {standard_task_runner.py:57} INFO - Started process 472 to run task
[2023-11-26T02:51:26.738+0000] {standard_task_runner.py:84} INFO - Running: ['***', 'tasks', 'run', 'outcomes_dag', 'transform', 'scheduled__2023-11-23T00:00:00+00:00', '--job-id', '90', '--raw', '--subdir', 'DAGS_FOLDER/outcomes_dag.py', '--cfg-path', '/tmp/tmpguv0h3z_']
[2023-11-26T02:51:26.742+0000] {standard_task_runner.py:85} INFO - Job 90: Subtask transform
[2023-11-26T02:51:26.795+0000] {task_command.py:416} INFO - Running <TaskInstance: outcomes_dag.transform scheduled__2023-11-23T00:00:00+00:00 [running]> on host d8c33f99ee50
[2023-11-26T02:51:26.899+0000] {taskinstance.py:1662} INFO - Exporting env vars: AIRFLOW_CTX_DAG_OWNER='***' AIRFLOW_CTX_DAG_ID='outcomes_dag' AIRFLOW_CTX_TASK_ID='transform' AIRFLOW_CTX_EXECUTION_DATE='2023-11-23T00:00:00+00:00' AIRFLOW_CTX_TRY_NUMBER='2' AIRFLOW_CTX_DAG_RUN_ID='scheduled__2023-11-23T00:00:00+00:00'
[2023-11-26T02:51:27.284+0000] {python.py:194} INFO - Done. Returned value was: None
[2023-11-26T02:51:27.297+0000] {taskinstance.py:1400} INFO - Marking task as SUCCESS. dag_id=outcomes_dag, task_id=transform, execution_date=20231123T000000, start_date=20231126T025126, end_date=20231126T025127
[2023-11-26T02:51:27.354+0000] {local_task_job_runner.py:228} INFO - Task exited with return code 0
[2023-11-26T02:51:27.381+0000] {taskinstance.py:2778} INFO - 4 downstream tasks scheduled from follow-on schedule check
