[2023-11-26T01:44:18.094+0000] {taskinstance.py:1159} INFO - Dependencies all met for dep_context=non-requeueable deps ti=<TaskInstance: outcomes_dag.load_fct_outcomes scheduled__2023-11-23T00:00:00+00:00 [queued]>
[2023-11-26T01:44:18.108+0000] {taskinstance.py:1159} INFO - Dependencies all met for dep_context=requeueable deps ti=<TaskInstance: outcomes_dag.load_fct_outcomes scheduled__2023-11-23T00:00:00+00:00 [queued]>
[2023-11-26T01:44:18.109+0000] {taskinstance.py:1361} INFO - Starting attempt 1 of 1
[2023-11-26T01:44:18.126+0000] {taskinstance.py:1382} INFO - Executing <Task(PythonOperator): load_fct_outcomes> on 2023-11-23 00:00:00+00:00
[2023-11-26T01:44:18.133+0000] {standard_task_runner.py:57} INFO - Started process 1468 to run task
[2023-11-26T01:44:18.139+0000] {standard_task_runner.py:84} INFO - Running: ['***', 'tasks', 'run', 'outcomes_dag', 'load_fct_outcomes', 'scheduled__2023-11-23T00:00:00+00:00', '--job-id', '67', '--raw', '--subdir', 'DAGS_FOLDER/outcomes_dag.py', '--cfg-path', '/tmp/tmp7u468fol']
[2023-11-26T01:44:18.145+0000] {standard_task_runner.py:85} INFO - Job 67: Subtask load_fct_outcomes
[2023-11-26T01:44:18.298+0000] {task_command.py:416} INFO - Running <TaskInstance: outcomes_dag.load_fct_outcomes scheduled__2023-11-23T00:00:00+00:00 [running]> on host decfc1fe5c09
[2023-11-26T01:44:18.421+0000] {taskinstance.py:1662} INFO - Exporting env vars: AIRFLOW_CTX_DAG_OWNER='***' AIRFLOW_CTX_DAG_ID='outcomes_dag' AIRFLOW_CTX_TASK_ID='load_fct_outcomes' AIRFLOW_CTX_EXECUTION_DATE='2023-11-23T00:00:00+00:00' AIRFLOW_CTX_TRY_NUMBER='1' AIRFLOW_CTX_DAG_RUN_ID='scheduled__2023-11-23T00:00:00+00:00'
[2023-11-26T01:44:18.785+0000] {python.py:194} INFO - Done. Returned value was: None
[2023-11-26T01:44:18.801+0000] {taskinstance.py:1400} INFO - Marking task as SUCCESS. dag_id=outcomes_dag, task_id=load_fct_outcomes, execution_date=20231123T000000, start_date=20231126T014418, end_date=20231126T014418
[2023-11-26T01:44:18.846+0000] {local_task_job_runner.py:228} INFO - Task exited with return code 0
[2023-11-26T01:44:18.867+0000] {taskinstance.py:2778} INFO - 0 downstream tasks scheduled from follow-on schedule check
[2023-11-26T01:53:41.817+0000] {taskinstance.py:1159} INFO - Dependencies all met for dep_context=non-requeueable deps ti=<TaskInstance: outcomes_dag.load_fct_outcomes scheduled__2023-11-23T00:00:00+00:00 [queued]>
[2023-11-26T01:53:41.833+0000] {taskinstance.py:1159} INFO - Dependencies all met for dep_context=requeueable deps ti=<TaskInstance: outcomes_dag.load_fct_outcomes scheduled__2023-11-23T00:00:00+00:00 [queued]>
[2023-11-26T01:53:41.834+0000] {taskinstance.py:1361} INFO - Starting attempt 1 of 1
[2023-11-26T01:53:41.856+0000] {taskinstance.py:1382} INFO - Executing <Task(PythonOperator): load_fct_outcomes> on 2023-11-23 00:00:00+00:00
[2023-11-26T01:53:41.871+0000] {standard_task_runner.py:57} INFO - Started process 202 to run task
[2023-11-26T01:53:41.879+0000] {standard_task_runner.py:84} INFO - Running: ['***', 'tasks', 'run', 'outcomes_dag', 'load_fct_outcomes', 'scheduled__2023-11-23T00:00:00+00:00', '--job-id', '29', '--raw', '--subdir', 'DAGS_FOLDER/outcomes_dag.py', '--cfg-path', '/tmp/tmpph__y4ie']
[2023-11-26T01:53:41.886+0000] {standard_task_runner.py:85} INFO - Job 29: Subtask load_fct_outcomes
[2023-11-26T01:53:41.992+0000] {task_command.py:416} INFO - Running <TaskInstance: outcomes_dag.load_fct_outcomes scheduled__2023-11-23T00:00:00+00:00 [running]> on host 2011df1a4519
[2023-11-26T01:53:42.089+0000] {taskinstance.py:1662} INFO - Exporting env vars: AIRFLOW_CTX_DAG_OWNER='***' AIRFLOW_CTX_DAG_ID='outcomes_dag' AIRFLOW_CTX_TASK_ID='load_fct_outcomes' AIRFLOW_CTX_EXECUTION_DATE='2023-11-23T00:00:00+00:00' AIRFLOW_CTX_TRY_NUMBER='1' AIRFLOW_CTX_DAG_RUN_ID='scheduled__2023-11-23T00:00:00+00:00'
[2023-11-26T01:53:42.408+0000] {python.py:194} INFO - Done. Returned value was: None
[2023-11-26T01:53:42.421+0000] {taskinstance.py:1400} INFO - Marking task as SUCCESS. dag_id=outcomes_dag, task_id=load_fct_outcomes, execution_date=20231123T000000, start_date=20231126T015341, end_date=20231126T015342
[2023-11-26T01:53:42.461+0000] {local_task_job_runner.py:228} INFO - Task exited with return code 0
[2023-11-26T01:53:42.484+0000] {taskinstance.py:2778} INFO - 0 downstream tasks scheduled from follow-on schedule check
[2023-11-26T02:44:40.404+0000] {taskinstance.py:1159} INFO - Dependencies all met for dep_context=non-requeueable deps ti=<TaskInstance: outcomes_dag.load_fct_outcomes scheduled__2023-11-23T00:00:00+00:00 [queued]>
[2023-11-26T02:44:40.422+0000] {taskinstance.py:1159} INFO - Dependencies all met for dep_context=requeueable deps ti=<TaskInstance: outcomes_dag.load_fct_outcomes scheduled__2023-11-23T00:00:00+00:00 [queued]>
[2023-11-26T02:44:40.423+0000] {taskinstance.py:1361} INFO - Starting attempt 1 of 1
[2023-11-26T02:44:40.455+0000] {taskinstance.py:1382} INFO - Executing <Task(PythonOperator): load_fct_outcomes> on 2023-11-23 00:00:00+00:00
[2023-11-26T02:44:40.464+0000] {standard_task_runner.py:57} INFO - Started process 241 to run task
[2023-11-26T02:44:40.474+0000] {standard_task_runner.py:84} INFO - Running: ['***', 'tasks', 'run', 'outcomes_dag', 'load_fct_outcomes', 'scheduled__2023-11-23T00:00:00+00:00', '--job-id', '43', '--raw', '--subdir', 'DAGS_FOLDER/outcomes_dag.py', '--cfg-path', '/tmp/tmpabikya2t']
[2023-11-26T02:44:40.479+0000] {standard_task_runner.py:85} INFO - Job 43: Subtask load_fct_outcomes
[2023-11-26T02:44:40.563+0000] {task_command.py:416} INFO - Running <TaskInstance: outcomes_dag.load_fct_outcomes scheduled__2023-11-23T00:00:00+00:00 [running]> on host d8c33f99ee50
[2023-11-26T02:44:40.726+0000] {taskinstance.py:1662} INFO - Exporting env vars: AIRFLOW_CTX_DAG_OWNER='***' AIRFLOW_CTX_DAG_ID='outcomes_dag' AIRFLOW_CTX_TASK_ID='load_fct_outcomes' AIRFLOW_CTX_EXECUTION_DATE='2023-11-23T00:00:00+00:00' AIRFLOW_CTX_TRY_NUMBER='1' AIRFLOW_CTX_DAG_RUN_ID='scheduled__2023-11-23T00:00:00+00:00'
[2023-11-26T02:44:41.153+0000] {python.py:194} INFO - Done. Returned value was: None
[2023-11-26T02:44:41.165+0000] {taskinstance.py:1400} INFO - Marking task as SUCCESS. dag_id=outcomes_dag, task_id=load_fct_outcomes, execution_date=20231123T000000, start_date=20231126T024440, end_date=20231126T024441
[2023-11-26T02:44:41.217+0000] {local_task_job_runner.py:228} INFO - Task exited with return code 0
[2023-11-26T02:44:41.243+0000] {taskinstance.py:2778} INFO - 0 downstream tasks scheduled from follow-on schedule check
