[2023-11-26T02:22:43.692+0000] {taskinstance.py:1159} INFO - Dependencies all met for dep_context=non-requeueable deps ti=<TaskInstance: outcomes_dag.load_fct_outcomes scheduled__2023-11-19T00:00:00+00:00 [queued]>
[2023-11-26T02:22:43.714+0000] {taskinstance.py:1159} INFO - Dependencies all met for dep_context=requeueable deps ti=<TaskInstance: outcomes_dag.load_fct_outcomes scheduled__2023-11-19T00:00:00+00:00 [queued]>
[2023-11-26T02:22:43.716+0000] {taskinstance.py:1361} INFO - Starting attempt 2 of 2
[2023-11-26T02:22:43.781+0000] {taskinstance.py:1382} INFO - Executing <Task(PythonOperator): load_fct_outcomes> on 2023-11-19 00:00:00+00:00
[2023-11-26T02:22:43.826+0000] {standard_task_runner.py:57} INFO - Started process 700 to run task
[2023-11-26T02:22:43.845+0000] {standard_task_runner.py:84} INFO - Running: ['***', 'tasks', 'run', 'outcomes_dag', 'load_fct_outcomes', 'scheduled__2023-11-19T00:00:00+00:00', '--job-id', '54', '--raw', '--subdir', 'DAGS_FOLDER/outcomes_dag.py', '--cfg-path', '/tmp/tmp67dya936']
[2023-11-26T02:22:43.851+0000] {standard_task_runner.py:85} INFO - Job 54: Subtask load_fct_outcomes
[2023-11-26T02:22:44.344+0000] {task_command.py:416} INFO - Running <TaskInstance: outcomes_dag.load_fct_outcomes scheduled__2023-11-19T00:00:00+00:00 [running]> on host 2011df1a4519
[2023-11-26T02:22:45.016+0000] {taskinstance.py:1662} INFO - Exporting env vars: AIRFLOW_CTX_DAG_OWNER='***' AIRFLOW_CTX_DAG_ID='outcomes_dag' AIRFLOW_CTX_TASK_ID='load_fct_outcomes' AIRFLOW_CTX_EXECUTION_DATE='2023-11-19T00:00:00+00:00' AIRFLOW_CTX_TRY_NUMBER='2' AIRFLOW_CTX_DAG_RUN_ID='scheduled__2023-11-19T00:00:00+00:00'
[2023-11-26T02:22:48.144+0000] {python.py:194} INFO - Done. Returned value was: None
[2023-11-26T02:22:48.162+0000] {taskinstance.py:1400} INFO - Marking task as SUCCESS. dag_id=outcomes_dag, task_id=load_fct_outcomes, execution_date=20231119T000000, start_date=20231126T022243, end_date=20231126T022248
[2023-11-26T02:22:48.224+0000] {local_task_job_runner.py:228} INFO - Task exited with return code 0
[2023-11-26T02:22:48.258+0000] {taskinstance.py:2778} INFO - 0 downstream tasks scheduled from follow-on schedule check
[2023-11-26T02:49:47.433+0000] {taskinstance.py:1159} INFO - Dependencies all met for dep_context=non-requeueable deps ti=<TaskInstance: outcomes_dag.load_fct_outcomes scheduled__2023-11-19T00:00:00+00:00 [queued]>
[2023-11-26T02:49:47.452+0000] {taskinstance.py:1159} INFO - Dependencies all met for dep_context=requeueable deps ti=<TaskInstance: outcomes_dag.load_fct_outcomes scheduled__2023-11-19T00:00:00+00:00 [queued]>
[2023-11-26T02:49:47.453+0000] {taskinstance.py:1361} INFO - Starting attempt 2 of 2
[2023-11-26T02:49:47.481+0000] {taskinstance.py:1382} INFO - Executing <Task(PythonOperator): load_fct_outcomes> on 2023-11-19 00:00:00+00:00
[2023-11-26T02:49:47.504+0000] {standard_task_runner.py:57} INFO - Started process 387 to run task
[2023-11-26T02:49:47.511+0000] {standard_task_runner.py:84} INFO - Running: ['***', 'tasks', 'run', 'outcomes_dag', 'load_fct_outcomes', 'scheduled__2023-11-19T00:00:00+00:00', '--job-id', '69', '--raw', '--subdir', 'DAGS_FOLDER/outcomes_dag.py', '--cfg-path', '/tmp/tmp07k2z4gc']
[2023-11-26T02:49:47.519+0000] {standard_task_runner.py:85} INFO - Job 69: Subtask load_fct_outcomes
[2023-11-26T02:49:47.619+0000] {task_command.py:416} INFO - Running <TaskInstance: outcomes_dag.load_fct_outcomes scheduled__2023-11-19T00:00:00+00:00 [running]> on host d8c33f99ee50
[2023-11-26T02:49:47.777+0000] {taskinstance.py:1662} INFO - Exporting env vars: AIRFLOW_CTX_DAG_OWNER='***' AIRFLOW_CTX_DAG_ID='outcomes_dag' AIRFLOW_CTX_TASK_ID='load_fct_outcomes' AIRFLOW_CTX_EXECUTION_DATE='2023-11-19T00:00:00+00:00' AIRFLOW_CTX_TRY_NUMBER='2' AIRFLOW_CTX_DAG_RUN_ID='scheduled__2023-11-19T00:00:00+00:00'
[2023-11-26T02:49:50.677+0000] {python.py:194} INFO - Done. Returned value was: None
[2023-11-26T02:49:50.698+0000] {taskinstance.py:1400} INFO - Marking task as SUCCESS. dag_id=outcomes_dag, task_id=load_fct_outcomes, execution_date=20231119T000000, start_date=20231126T024947, end_date=20231126T024950
[2023-11-26T02:49:50.743+0000] {local_task_job_runner.py:228} INFO - Task exited with return code 0
[2023-11-26T02:49:50.772+0000] {taskinstance.py:2778} INFO - 0 downstream tasks scheduled from follow-on schedule check
