[2023-11-20T20:13:10.267+0000] {taskinstance.py:1159} INFO - Dependencies all met for dep_context=non-requeueable deps ti=<TaskInstance: outcomes_dag.step2 scheduled__2023-11-18T00:00:00+00:00 [queued]>
[2023-11-20T20:13:10.555+0000] {taskinstance.py:1159} INFO - Dependencies all met for dep_context=requeueable deps ti=<TaskInstance: outcomes_dag.step2 scheduled__2023-11-18T00:00:00+00:00 [queued]>
[2023-11-20T20:13:10.556+0000] {taskinstance.py:1361} INFO - Starting attempt 1 of 1
[2023-11-20T20:13:10.657+0000] {taskinstance.py:1382} INFO - Executing <Task(BashOperator): step2> on 2023-11-18 00:00:00+00:00
[2023-11-20T20:13:10.678+0000] {standard_task_runner.py:57} INFO - Started process 389 to run task
[2023-11-20T20:13:10.814+0000] {standard_task_runner.py:84} INFO - Running: ['***', 'tasks', 'run', 'outcomes_dag', 'step2', 'scheduled__2023-11-18T00:00:00+00:00', '--job-id', '33', '--raw', '--subdir', 'DAGS_FOLDER/outcomes_dag.py', '--cfg-path', '/tmp/tmp_resxex9']
[2023-11-20T20:13:10.841+0000] {standard_task_runner.py:85} INFO - Job 33: Subtask step2
[2023-11-20T20:13:11.436+0000] {task_command.py:416} INFO - Running <TaskInstance: outcomes_dag.step2 scheduled__2023-11-18T00:00:00+00:00 [running]> on host 8e6ddc1dc227
[2023-11-20T20:13:13.530+0000] {taskinstance.py:1662} INFO - Exporting env vars: AIRFLOW_CTX_DAG_OWNER='***' AIRFLOW_CTX_DAG_ID='outcomes_dag' AIRFLOW_CTX_TASK_ID='step2' AIRFLOW_CTX_EXECUTION_DATE='2023-11-18T00:00:00+00:00' AIRFLOW_CTX_TRY_NUMBER='1' AIRFLOW_CTX_DAG_RUN_ID='scheduled__2023-11-18T00:00:00+00:00'
[2023-11-20T20:13:13.542+0000] {subprocess.py:63} INFO - Tmp dir root location: /tmp
[2023-11-20T20:13:13.561+0000] {subprocess.py:75} INFO - Running command: ['/bin/bash', '-c', 'echo 2']
[2023-11-20T20:13:13.782+0000] {subprocess.py:86} INFO - Output:
[2023-11-20T20:13:13.797+0000] {subprocess.py:93} INFO - 2
[2023-11-20T20:13:13.806+0000] {subprocess.py:97} INFO - Command exited with return code 0
[2023-11-20T20:13:13.971+0000] {taskinstance.py:1400} INFO - Marking task as SUCCESS. dag_id=outcomes_dag, task_id=step2, execution_date=20231118T000000, start_date=20231120T201310, end_date=20231120T201313
[2023-11-20T20:13:14.153+0000] {local_task_job_runner.py:228} INFO - Task exited with return code 0
[2023-11-20T20:24:03.457+0000] {taskinstance.py:1159} INFO - Dependencies all met for dep_context=non-requeueable deps ti=<TaskInstance: outcomes_dag.step2 scheduled__2023-11-18T00:00:00+00:00 [queued]>
[2023-11-20T20:24:03.614+0000] {taskinstance.py:1159} INFO - Dependencies all met for dep_context=requeueable deps ti=<TaskInstance: outcomes_dag.step2 scheduled__2023-11-18T00:00:00+00:00 [queued]>
[2023-11-20T20:24:03.624+0000] {taskinstance.py:1361} INFO - Starting attempt 1 of 1
[2023-11-20T20:24:03.828+0000] {taskinstance.py:1382} INFO - Executing <Task(BashOperator): step2> on 2023-11-18 00:00:00+00:00
[2023-11-20T20:24:03.928+0000] {standard_task_runner.py:57} INFO - Started process 109 to run task
[2023-11-20T20:24:04.196+0000] {standard_task_runner.py:84} INFO - Running: ['***', 'tasks', 'run', 'outcomes_dag', 'step2', 'scheduled__2023-11-18T00:00:00+00:00', '--job-id', '4', '--raw', '--subdir', 'DAGS_FOLDER/outcomes_dag.py', '--cfg-path', '/tmp/tmp99m0osnj']
[2023-11-20T20:24:04.239+0000] {standard_task_runner.py:85} INFO - Job 4: Subtask step2
[2023-11-20T20:24:05.582+0000] {task_command.py:416} INFO - Running <TaskInstance: outcomes_dag.step2 scheduled__2023-11-18T00:00:00+00:00 [running]> on host daf7997f8700
[2023-11-20T20:24:07.117+0000] {taskinstance.py:1662} INFO - Exporting env vars: AIRFLOW_CTX_DAG_OWNER='***' AIRFLOW_CTX_DAG_ID='outcomes_dag' AIRFLOW_CTX_TASK_ID='step2' AIRFLOW_CTX_EXECUTION_DATE='2023-11-18T00:00:00+00:00' AIRFLOW_CTX_TRY_NUMBER='1' AIRFLOW_CTX_DAG_RUN_ID='scheduled__2023-11-18T00:00:00+00:00'
[2023-11-20T20:24:07.134+0000] {subprocess.py:63} INFO - Tmp dir root location: /tmp
[2023-11-20T20:24:07.160+0000] {subprocess.py:75} INFO - Running command: ['/bin/bash', '-c', 'echo 2']
[2023-11-20T20:24:07.377+0000] {subprocess.py:86} INFO - Output:
[2023-11-20T20:24:07.494+0000] {subprocess.py:93} INFO - 2
[2023-11-20T20:24:07.499+0000] {subprocess.py:97} INFO - Command exited with return code 0
[2023-11-20T20:24:07.680+0000] {taskinstance.py:1400} INFO - Marking task as SUCCESS. dag_id=outcomes_dag, task_id=step2, execution_date=20231118T000000, start_date=20231120T202403, end_date=20231120T202407
[2023-11-20T20:24:08.084+0000] {local_task_job_runner.py:228} INFO - Task exited with return code 0
[2023-11-20T20:24:08.325+0000] {taskinstance.py:2778} INFO - 0 downstream tasks scheduled from follow-on schedule check
