[2023-11-20T20:13:10.587+0000] {taskinstance.py:1159} INFO - Dependencies all met for dep_context=non-requeueable deps ti=<TaskInstance: outcomes_dag.step1 scheduled__2023-11-19T00:00:00+00:00 [queued]>
[2023-11-20T20:13:10.648+0000] {taskinstance.py:1159} INFO - Dependencies all met for dep_context=requeueable deps ti=<TaskInstance: outcomes_dag.step1 scheduled__2023-11-19T00:00:00+00:00 [queued]>
[2023-11-20T20:13:10.648+0000] {taskinstance.py:1361} INFO - Starting attempt 1 of 1
[2023-11-20T20:13:10.753+0000] {taskinstance.py:1382} INFO - Executing <Task(BashOperator): step1> on 2023-11-19 00:00:00+00:00
[2023-11-20T20:13:10.804+0000] {standard_task_runner.py:57} INFO - Started process 390 to run task
[2023-11-20T20:13:10.861+0000] {standard_task_runner.py:84} INFO - Running: ['***', 'tasks', 'run', 'outcomes_dag', 'step1', 'scheduled__2023-11-19T00:00:00+00:00', '--job-id', '34', '--raw', '--subdir', 'DAGS_FOLDER/outcomes_dag.py', '--cfg-path', '/tmp/tmpck04rmcz']
[2023-11-20T20:13:10.880+0000] {standard_task_runner.py:85} INFO - Job 34: Subtask step1
[2023-11-20T20:13:11.380+0000] {task_command.py:416} INFO - Running <TaskInstance: outcomes_dag.step1 scheduled__2023-11-19T00:00:00+00:00 [running]> on host 8e6ddc1dc227
[2023-11-20T20:13:11.897+0000] {taskinstance.py:1662} INFO - Exporting env vars: AIRFLOW_CTX_DAG_OWNER='***' AIRFLOW_CTX_DAG_ID='outcomes_dag' AIRFLOW_CTX_TASK_ID='step1' AIRFLOW_CTX_EXECUTION_DATE='2023-11-19T00:00:00+00:00' AIRFLOW_CTX_TRY_NUMBER='1' AIRFLOW_CTX_DAG_RUN_ID='scheduled__2023-11-19T00:00:00+00:00'
[2023-11-20T20:13:11.903+0000] {subprocess.py:63} INFO - Tmp dir root location: /tmp
[2023-11-20T20:13:11.912+0000] {subprocess.py:75} INFO - Running command: ['/bin/bash', '-c', 'echo 1']
[2023-11-20T20:13:12.009+0000] {subprocess.py:86} INFO - Output:
[2023-11-20T20:13:12.017+0000] {subprocess.py:93} INFO - 1
[2023-11-20T20:13:12.035+0000] {subprocess.py:97} INFO - Command exited with return code 0
[2023-11-20T20:13:13.570+0000] {taskinstance.py:1400} INFO - Marking task as SUCCESS. dag_id=outcomes_dag, task_id=step1, execution_date=20231119T000000, start_date=20231120T201310, end_date=20231120T201313
[2023-11-20T20:13:13.873+0000] {local_task_job_runner.py:228} INFO - Task exited with return code 0
[2023-11-20T20:24:03.572+0000] {taskinstance.py:1159} INFO - Dependencies all met for dep_context=non-requeueable deps ti=<TaskInstance: outcomes_dag.step1 scheduled__2023-11-19T00:00:00+00:00 [queued]>
[2023-11-20T20:24:03.669+0000] {taskinstance.py:1159} INFO - Dependencies all met for dep_context=requeueable deps ti=<TaskInstance: outcomes_dag.step1 scheduled__2023-11-19T00:00:00+00:00 [queued]>
[2023-11-20T20:24:03.676+0000] {taskinstance.py:1361} INFO - Starting attempt 1 of 1
[2023-11-20T20:24:03.918+0000] {taskinstance.py:1382} INFO - Executing <Task(BashOperator): step1> on 2023-11-19 00:00:00+00:00
[2023-11-20T20:24:03.935+0000] {standard_task_runner.py:57} INFO - Started process 111 to run task
[2023-11-20T20:24:04.187+0000] {standard_task_runner.py:84} INFO - Running: ['***', 'tasks', 'run', 'outcomes_dag', 'step1', 'scheduled__2023-11-19T00:00:00+00:00', '--job-id', '6', '--raw', '--subdir', 'DAGS_FOLDER/outcomes_dag.py', '--cfg-path', '/tmp/tmpv5pxpcf9']
[2023-11-20T20:24:04.261+0000] {standard_task_runner.py:85} INFO - Job 6: Subtask step1
[2023-11-20T20:24:05.501+0000] {task_command.py:416} INFO - Running <TaskInstance: outcomes_dag.step1 scheduled__2023-11-19T00:00:00+00:00 [running]> on host daf7997f8700
[2023-11-20T20:24:07.249+0000] {taskinstance.py:1662} INFO - Exporting env vars: AIRFLOW_CTX_DAG_OWNER='***' AIRFLOW_CTX_DAG_ID='outcomes_dag' AIRFLOW_CTX_TASK_ID='step1' AIRFLOW_CTX_EXECUTION_DATE='2023-11-19T00:00:00+00:00' AIRFLOW_CTX_TRY_NUMBER='1' AIRFLOW_CTX_DAG_RUN_ID='scheduled__2023-11-19T00:00:00+00:00'
[2023-11-20T20:24:07.342+0000] {subprocess.py:63} INFO - Tmp dir root location: /tmp
[2023-11-20T20:24:07.352+0000] {subprocess.py:75} INFO - Running command: ['/bin/bash', '-c', 'echo 1']
[2023-11-20T20:24:07.773+0000] {subprocess.py:86} INFO - Output:
[2023-11-20T20:24:07.837+0000] {subprocess.py:93} INFO - 1
[2023-11-20T20:24:07.847+0000] {subprocess.py:97} INFO - Command exited with return code 0
[2023-11-20T20:24:08.330+0000] {taskinstance.py:1400} INFO - Marking task as SUCCESS. dag_id=outcomes_dag, task_id=step1, execution_date=20231119T000000, start_date=20231120T202403, end_date=20231120T202408
[2023-11-20T20:24:09.030+0000] {local_task_job_runner.py:228} INFO - Task exited with return code 0
[2023-11-20T20:24:09.606+0000] {taskinstance.py:2778} INFO - 0 downstream tasks scheduled from follow-on schedule check
