[2023-11-26T03:03:11.171+0000] {taskinstance.py:1159} INFO - Dependencies all met for dep_context=non-requeueable deps ti=<TaskInstance: outcomes_dag.load_dates_dim scheduled__2023-11-18T00:00:00+00:00 [queued]>
[2023-11-26T03:03:11.205+0000] {taskinstance.py:1159} INFO - Dependencies all met for dep_context=requeueable deps ti=<TaskInstance: outcomes_dag.load_dates_dim scheduled__2023-11-18T00:00:00+00:00 [queued]>
[2023-11-26T03:03:11.210+0000] {taskinstance.py:1361} INFO - Starting attempt 1 of 1
[2023-11-26T03:03:11.561+0000] {taskinstance.py:1382} INFO - Executing <Task(PythonOperator): load_dates_dim> on 2023-11-18 00:00:00+00:00
[2023-11-26T03:03:11.607+0000] {standard_task_runner.py:57} INFO - Started process 729 to run task
[2023-11-26T03:03:11.621+0000] {standard_task_runner.py:84} INFO - Running: ['***', 'tasks', 'run', 'outcomes_dag', 'load_dates_dim', 'scheduled__2023-11-18T00:00:00+00:00', '--job-id', '115', '--raw', '--subdir', 'DAGS_FOLDER/outcomes_dag.py', '--cfg-path', '/tmp/tmp1rag3tzf']
[2023-11-26T03:03:11.714+0000] {standard_task_runner.py:85} INFO - Job 115: Subtask load_dates_dim
[2023-11-26T03:03:12.092+0000] {task_command.py:416} INFO - Running <TaskInstance: outcomes_dag.load_dates_dim scheduled__2023-11-18T00:00:00+00:00 [running]> on host d8c33f99ee50
[2023-11-26T03:03:12.702+0000] {taskinstance.py:1662} INFO - Exporting env vars: AIRFLOW_CTX_DAG_OWNER='***' AIRFLOW_CTX_DAG_ID='outcomes_dag' AIRFLOW_CTX_TASK_ID='load_dates_dim' AIRFLOW_CTX_EXECUTION_DATE='2023-11-18T00:00:00+00:00' AIRFLOW_CTX_TRY_NUMBER='1' AIRFLOW_CTX_DAG_RUN_ID='scheduled__2023-11-18T00:00:00+00:00'
[2023-11-26T03:03:15.835+0000] {python.py:194} INFO - Done. Returned value was: None
[2023-11-26T03:03:15.979+0000] {taskinstance.py:1400} INFO - Marking task as SUCCESS. dag_id=outcomes_dag, task_id=load_dates_dim, execution_date=20231118T000000, start_date=20231126T030311, end_date=20231126T030315
[2023-11-26T03:03:16.146+0000] {local_task_job_runner.py:228} INFO - Task exited with return code 0
[2023-11-26T03:03:16.211+0000] {taskinstance.py:2778} INFO - 0 downstream tasks scheduled from follow-on schedule check
[2023-12-17T15:11:00.527+0000] {taskinstance.py:1159} INFO - Dependencies all met for dep_context=non-requeueable deps ti=<TaskInstance: outcomes_dag.load_dates_dim scheduled__2023-11-18T00:00:00+00:00 [queued]>
[2023-12-17T15:11:00.543+0000] {taskinstance.py:1159} INFO - Dependencies all met for dep_context=requeueable deps ti=<TaskInstance: outcomes_dag.load_dates_dim scheduled__2023-11-18T00:00:00+00:00 [queued]>
[2023-12-17T15:11:00.546+0000] {taskinstance.py:1361} INFO - Starting attempt 1 of 1
[2023-12-17T15:11:00.582+0000] {taskinstance.py:1382} INFO - Executing <Task(PythonOperator): load_dates_dim> on 2023-11-18 00:00:00+00:00
[2023-12-17T15:11:00.597+0000] {standard_task_runner.py:57} INFO - Started process 566 to run task
[2023-12-17T15:11:00.611+0000] {standard_task_runner.py:84} INFO - Running: ['***', 'tasks', 'run', 'outcomes_dag', 'load_dates_dim', 'scheduled__2023-11-18T00:00:00+00:00', '--job-id', '111', '--raw', '--subdir', 'DAGS_FOLDER/outcomes_dag.py', '--cfg-path', '/tmp/tmp4paevuyh']
[2023-12-17T15:11:00.617+0000] {standard_task_runner.py:85} INFO - Job 111: Subtask load_dates_dim
[2023-12-17T15:11:00.706+0000] {task_command.py:416} INFO - Running <TaskInstance: outcomes_dag.load_dates_dim scheduled__2023-11-18T00:00:00+00:00 [running]> on host 7f0547651eb4
[2023-12-17T15:11:00.852+0000] {taskinstance.py:1662} INFO - Exporting env vars: AIRFLOW_CTX_DAG_OWNER='***' AIRFLOW_CTX_DAG_ID='outcomes_dag' AIRFLOW_CTX_TASK_ID='load_dates_dim' AIRFLOW_CTX_EXECUTION_DATE='2023-11-18T00:00:00+00:00' AIRFLOW_CTX_TRY_NUMBER='1' AIRFLOW_CTX_DAG_RUN_ID='scheduled__2023-11-18T00:00:00+00:00'
[2023-12-17T15:11:06.465+0000] {python.py:194} INFO - Done. Returned value was: None
[2023-12-17T15:11:06.478+0000] {taskinstance.py:1400} INFO - Marking task as SUCCESS. dag_id=outcomes_dag, task_id=load_dates_dim, execution_date=20231118T000000, start_date=20231217T151100, end_date=20231217T151106
[2023-12-17T15:11:06.523+0000] {local_task_job_runner.py:228} INFO - Task exited with return code 0
[2023-12-17T15:11:06.540+0000] {taskinstance.py:2778} INFO - 0 downstream tasks scheduled from follow-on schedule check
