[2023-11-26T02:23:40.967+0000] {taskinstance.py:1159} INFO - Dependencies all met for dep_context=non-requeueable deps ti=<TaskInstance: outcomes_dag.load_dim_dates scheduled__2023-11-23T00:00:00+00:00 [queued]>
[2023-11-26T02:23:40.983+0000] {taskinstance.py:1159} INFO - Dependencies all met for dep_context=requeueable deps ti=<TaskInstance: outcomes_dag.load_dim_dates scheduled__2023-11-23T00:00:00+00:00 [queued]>
[2023-11-26T02:23:40.984+0000] {taskinstance.py:1361} INFO - Starting attempt 2 of 2
[2023-11-26T02:23:41.006+0000] {taskinstance.py:1382} INFO - Executing <Task(PythonOperator): load_dim_dates> on 2023-11-23 00:00:00+00:00
[2023-11-26T02:23:41.019+0000] {standard_task_runner.py:57} INFO - Started process 786 to run task
[2023-11-26T02:23:41.030+0000] {standard_task_runner.py:84} INFO - Running: ['***', 'tasks', 'run', 'outcomes_dag', 'load_dim_dates', 'scheduled__2023-11-23T00:00:00+00:00', '--job-id', '78', '--raw', '--subdir', 'DAGS_FOLDER/outcomes_dag.py', '--cfg-path', '/tmp/tmpstfab303']
[2023-11-26T02:23:41.039+0000] {standard_task_runner.py:85} INFO - Job 78: Subtask load_dim_dates
[2023-11-26T02:23:41.152+0000] {task_command.py:416} INFO - Running <TaskInstance: outcomes_dag.load_dim_dates scheduled__2023-11-23T00:00:00+00:00 [running]> on host 2011df1a4519
[2023-11-26T02:23:41.341+0000] {taskinstance.py:1662} INFO - Exporting env vars: AIRFLOW_CTX_DAG_OWNER='***' AIRFLOW_CTX_DAG_ID='outcomes_dag' AIRFLOW_CTX_TASK_ID='load_dim_dates' AIRFLOW_CTX_EXECUTION_DATE='2023-11-23T00:00:00+00:00' AIRFLOW_CTX_TRY_NUMBER='2' AIRFLOW_CTX_DAG_RUN_ID='scheduled__2023-11-23T00:00:00+00:00'
[2023-11-26T02:23:41.709+0000] {python.py:194} INFO - Done. Returned value was: None
[2023-11-26T02:23:41.724+0000] {taskinstance.py:1400} INFO - Marking task as SUCCESS. dag_id=outcomes_dag, task_id=load_dim_dates, execution_date=20231123T000000, start_date=20231126T022340, end_date=20231126T022341
[2023-11-26T02:23:41.767+0000] {local_task_job_runner.py:228} INFO - Task exited with return code 0
[2023-11-26T02:23:41.788+0000] {taskinstance.py:2778} INFO - 0 downstream tasks scheduled from follow-on schedule check
[2023-11-26T02:51:30.603+0000] {taskinstance.py:1159} INFO - Dependencies all met for dep_context=non-requeueable deps ti=<TaskInstance: outcomes_dag.load_dim_dates scheduled__2023-11-23T00:00:00+00:00 [queued]>
[2023-11-26T02:51:30.678+0000] {taskinstance.py:1159} INFO - Dependencies all met for dep_context=requeueable deps ti=<TaskInstance: outcomes_dag.load_dim_dates scheduled__2023-11-23T00:00:00+00:00 [queued]>
[2023-11-26T02:51:30.679+0000] {taskinstance.py:1361} INFO - Starting attempt 2 of 2
[2023-11-26T02:51:30.778+0000] {taskinstance.py:1382} INFO - Executing <Task(PythonOperator): load_dim_dates> on 2023-11-23 00:00:00+00:00
[2023-11-26T02:51:30.804+0000] {standard_task_runner.py:57} INFO - Started process 483 to run task
[2023-11-26T02:51:30.905+0000] {standard_task_runner.py:84} INFO - Running: ['***', 'tasks', 'run', 'outcomes_dag', 'load_dim_dates', 'scheduled__2023-11-23T00:00:00+00:00', '--job-id', '93', '--raw', '--subdir', 'DAGS_FOLDER/outcomes_dag.py', '--cfg-path', '/tmp/tmpr0euap9g']
[2023-11-26T02:51:30.918+0000] {standard_task_runner.py:85} INFO - Job 93: Subtask load_dim_dates
[2023-11-26T02:51:31.027+0000] {task_command.py:416} INFO - Running <TaskInstance: outcomes_dag.load_dim_dates scheduled__2023-11-23T00:00:00+00:00 [running]> on host d8c33f99ee50
[2023-11-26T02:51:31.187+0000] {taskinstance.py:1662} INFO - Exporting env vars: AIRFLOW_CTX_DAG_OWNER='***' AIRFLOW_CTX_DAG_ID='outcomes_dag' AIRFLOW_CTX_TASK_ID='load_dim_dates' AIRFLOW_CTX_EXECUTION_DATE='2023-11-23T00:00:00+00:00' AIRFLOW_CTX_TRY_NUMBER='2' AIRFLOW_CTX_DAG_RUN_ID='scheduled__2023-11-23T00:00:00+00:00'
[2023-11-26T02:51:31.544+0000] {python.py:194} INFO - Done. Returned value was: None
[2023-11-26T02:51:31.560+0000] {taskinstance.py:1400} INFO - Marking task as SUCCESS. dag_id=outcomes_dag, task_id=load_dim_dates, execution_date=20231123T000000, start_date=20231126T025130, end_date=20231126T025131
[2023-11-26T02:51:31.590+0000] {local_task_job_runner.py:228} INFO - Task exited with return code 0
[2023-11-26T02:51:31.614+0000] {taskinstance.py:2778} INFO - 0 downstream tasks scheduled from follow-on schedule check
