[2023-11-26T01:44:17.984+0000] {taskinstance.py:1159} INFO - Dependencies all met for dep_context=non-requeueable deps ti=<TaskInstance: outcomes_dag.load_dim_dates scheduled__2023-11-23T00:00:00+00:00 [queued]>
[2023-11-26T01:44:17.998+0000] {taskinstance.py:1159} INFO - Dependencies all met for dep_context=requeueable deps ti=<TaskInstance: outcomes_dag.load_dim_dates scheduled__2023-11-23T00:00:00+00:00 [queued]>
[2023-11-26T01:44:17.999+0000] {taskinstance.py:1361} INFO - Starting attempt 1 of 1
[2023-11-26T01:44:18.016+0000] {taskinstance.py:1382} INFO - Executing <Task(PythonOperator): load_dim_dates> on 2023-11-23 00:00:00+00:00
[2023-11-26T01:44:18.026+0000] {standard_task_runner.py:57} INFO - Started process 1467 to run task
[2023-11-26T01:44:18.034+0000] {standard_task_runner.py:84} INFO - Running: ['***', 'tasks', 'run', 'outcomes_dag', 'load_dim_dates', 'scheduled__2023-11-23T00:00:00+00:00', '--job-id', '66', '--raw', '--subdir', 'DAGS_FOLDER/outcomes_dag.py', '--cfg-path', '/tmp/tmpg5smmjkx']
[2023-11-26T01:44:18.040+0000] {standard_task_runner.py:85} INFO - Job 66: Subtask load_dim_dates
[2023-11-26T01:44:18.132+0000] {task_command.py:416} INFO - Running <TaskInstance: outcomes_dag.load_dim_dates scheduled__2023-11-23T00:00:00+00:00 [running]> on host decfc1fe5c09
[2023-11-26T01:44:18.328+0000] {taskinstance.py:1662} INFO - Exporting env vars: AIRFLOW_CTX_DAG_OWNER='***' AIRFLOW_CTX_DAG_ID='outcomes_dag' AIRFLOW_CTX_TASK_ID='load_dim_dates' AIRFLOW_CTX_EXECUTION_DATE='2023-11-23T00:00:00+00:00' AIRFLOW_CTX_TRY_NUMBER='1' AIRFLOW_CTX_DAG_RUN_ID='scheduled__2023-11-23T00:00:00+00:00'
[2023-11-26T01:44:18.682+0000] {python.py:194} INFO - Done. Returned value was: None
[2023-11-26T01:44:18.699+0000] {taskinstance.py:1400} INFO - Marking task as SUCCESS. dag_id=outcomes_dag, task_id=load_dim_dates, execution_date=20231123T000000, start_date=20231126T014417, end_date=20231126T014418
[2023-11-26T01:44:18.731+0000] {local_task_job_runner.py:228} INFO - Task exited with return code 0
[2023-11-26T01:44:18.756+0000] {taskinstance.py:2778} INFO - 0 downstream tasks scheduled from follow-on schedule check
[2023-11-26T01:53:41.861+0000] {taskinstance.py:1159} INFO - Dependencies all met for dep_context=non-requeueable deps ti=<TaskInstance: outcomes_dag.load_dim_dates scheduled__2023-11-23T00:00:00+00:00 [queued]>
[2023-11-26T01:53:41.885+0000] {taskinstance.py:1159} INFO - Dependencies all met for dep_context=requeueable deps ti=<TaskInstance: outcomes_dag.load_dim_dates scheduled__2023-11-23T00:00:00+00:00 [queued]>
[2023-11-26T01:53:41.886+0000] {taskinstance.py:1361} INFO - Starting attempt 1 of 1
[2023-11-26T01:53:41.919+0000] {taskinstance.py:1382} INFO - Executing <Task(PythonOperator): load_dim_dates> on 2023-11-23 00:00:00+00:00
[2023-11-26T01:53:41.933+0000] {standard_task_runner.py:57} INFO - Started process 203 to run task
[2023-11-26T01:53:41.941+0000] {standard_task_runner.py:84} INFO - Running: ['***', 'tasks', 'run', 'outcomes_dag', 'load_dim_dates', 'scheduled__2023-11-23T00:00:00+00:00', '--job-id', '30', '--raw', '--subdir', 'DAGS_FOLDER/outcomes_dag.py', '--cfg-path', '/tmp/tmpbotlpc9y']
[2023-11-26T01:53:41.951+0000] {standard_task_runner.py:85} INFO - Job 30: Subtask load_dim_dates
[2023-11-26T01:53:42.025+0000] {task_command.py:416} INFO - Running <TaskInstance: outcomes_dag.load_dim_dates scheduled__2023-11-23T00:00:00+00:00 [running]> on host 2011df1a4519
[2023-11-26T01:53:42.121+0000] {taskinstance.py:1662} INFO - Exporting env vars: AIRFLOW_CTX_DAG_OWNER='***' AIRFLOW_CTX_DAG_ID='outcomes_dag' AIRFLOW_CTX_TASK_ID='load_dim_dates' AIRFLOW_CTX_EXECUTION_DATE='2023-11-23T00:00:00+00:00' AIRFLOW_CTX_TRY_NUMBER='1' AIRFLOW_CTX_DAG_RUN_ID='scheduled__2023-11-23T00:00:00+00:00'
[2023-11-26T01:53:42.448+0000] {python.py:194} INFO - Done. Returned value was: None
[2023-11-26T01:53:42.461+0000] {taskinstance.py:1400} INFO - Marking task as SUCCESS. dag_id=outcomes_dag, task_id=load_dim_dates, execution_date=20231123T000000, start_date=20231126T015341, end_date=20231126T015342
[2023-11-26T01:53:42.487+0000] {local_task_job_runner.py:228} INFO - Task exited with return code 0
[2023-11-26T01:53:42.512+0000] {taskinstance.py:2778} INFO - 0 downstream tasks scheduled from follow-on schedule check
[2023-11-26T02:44:40.495+0000] {taskinstance.py:1159} INFO - Dependencies all met for dep_context=non-requeueable deps ti=<TaskInstance: outcomes_dag.load_dim_dates scheduled__2023-11-23T00:00:00+00:00 [queued]>
[2023-11-26T02:44:40.512+0000] {taskinstance.py:1159} INFO - Dependencies all met for dep_context=requeueable deps ti=<TaskInstance: outcomes_dag.load_dim_dates scheduled__2023-11-23T00:00:00+00:00 [queued]>
[2023-11-26T02:44:40.513+0000] {taskinstance.py:1361} INFO - Starting attempt 1 of 1
[2023-11-26T02:44:40.535+0000] {taskinstance.py:1382} INFO - Executing <Task(PythonOperator): load_dim_dates> on 2023-11-23 00:00:00+00:00
[2023-11-26T02:44:40.544+0000] {standard_task_runner.py:57} INFO - Started process 243 to run task
[2023-11-26T02:44:40.556+0000] {standard_task_runner.py:84} INFO - Running: ['***', 'tasks', 'run', 'outcomes_dag', 'load_dim_dates', 'scheduled__2023-11-23T00:00:00+00:00', '--job-id', '45', '--raw', '--subdir', 'DAGS_FOLDER/outcomes_dag.py', '--cfg-path', '/tmp/tmpkiod1hgj']
[2023-11-26T02:44:40.562+0000] {standard_task_runner.py:85} INFO - Job 45: Subtask load_dim_dates
[2023-11-26T02:44:40.650+0000] {task_command.py:416} INFO - Running <TaskInstance: outcomes_dag.load_dim_dates scheduled__2023-11-23T00:00:00+00:00 [running]> on host d8c33f99ee50
[2023-11-26T02:44:40.798+0000] {taskinstance.py:1662} INFO - Exporting env vars: AIRFLOW_CTX_DAG_OWNER='***' AIRFLOW_CTX_DAG_ID='outcomes_dag' AIRFLOW_CTX_TASK_ID='load_dim_dates' AIRFLOW_CTX_EXECUTION_DATE='2023-11-23T00:00:00+00:00' AIRFLOW_CTX_TRY_NUMBER='1' AIRFLOW_CTX_DAG_RUN_ID='scheduled__2023-11-23T00:00:00+00:00'
[2023-11-26T02:44:41.204+0000] {python.py:194} INFO - Done. Returned value was: None
[2023-11-26T02:44:41.219+0000] {taskinstance.py:1400} INFO - Marking task as SUCCESS. dag_id=outcomes_dag, task_id=load_dim_dates, execution_date=20231123T000000, start_date=20231126T024440, end_date=20231126T024441
[2023-11-26T02:44:41.248+0000] {local_task_job_runner.py:228} INFO - Task exited with return code 0
[2023-11-26T02:44:41.271+0000] {taskinstance.py:2778} INFO - 0 downstream tasks scheduled from follow-on schedule check
