[2023-12-17T08:16:54.382+0000] {taskinstance.py:1159} INFO - Dependencies all met for dep_context=non-requeueable deps ti=<TaskInstance: outcomes_dag.load_animal_dim scheduled__2023-11-05T00:00:00+00:00 [queued]>
[2023-12-17T08:16:54.411+0000] {taskinstance.py:1159} INFO - Dependencies all met for dep_context=requeueable deps ti=<TaskInstance: outcomes_dag.load_animal_dim scheduled__2023-11-05T00:00:00+00:00 [queued]>
[2023-12-17T08:16:54.413+0000] {taskinstance.py:1361} INFO - Starting attempt 1 of 1
[2023-12-17T08:16:54.452+0000] {taskinstance.py:1382} INFO - Executing <Task(PythonOperator): load_animal_dim> on 2023-11-05 00:00:00+00:00
[2023-12-17T08:16:54.468+0000] {standard_task_runner.py:57} INFO - Started process 269 to run task
[2023-12-17T08:16:54.489+0000] {standard_task_runner.py:84} INFO - Running: ['***', 'tasks', 'run', 'outcomes_dag', 'load_animal_dim', 'scheduled__2023-11-05T00:00:00+00:00', '--job-id', '34', '--raw', '--subdir', 'DAGS_FOLDER/outcomes_dag.py', '--cfg-path', '/tmp/tmp_oukmpsv']
[2023-12-17T08:16:54.499+0000] {standard_task_runner.py:85} INFO - Job 34: Subtask load_animal_dim
[2023-12-17T08:16:54.579+0000] {task_command.py:416} INFO - Running <TaskInstance: outcomes_dag.load_animal_dim scheduled__2023-11-05T00:00:00+00:00 [running]> on host 0cbaf6db6843
[2023-12-17T08:16:54.684+0000] {taskinstance.py:1662} INFO - Exporting env vars: AIRFLOW_CTX_DAG_OWNER='***' AIRFLOW_CTX_DAG_ID='outcomes_dag' AIRFLOW_CTX_TASK_ID='load_animal_dim' AIRFLOW_CTX_EXECUTION_DATE='2023-11-05T00:00:00+00:00' AIRFLOW_CTX_TRY_NUMBER='1' AIRFLOW_CTX_DAG_RUN_ID='scheduled__2023-11-05T00:00:00+00:00'
[2023-12-17T08:16:58.442+0000] {python.py:194} INFO - Done. Returned value was: None
[2023-12-17T08:16:58.457+0000] {taskinstance.py:1400} INFO - Marking task as SUCCESS. dag_id=outcomes_dag, task_id=load_animal_dim, execution_date=20231105T000000, start_date=20231217T081654, end_date=20231217T081658
[2023-12-17T08:16:58.502+0000] {local_task_job_runner.py:228} INFO - Task exited with return code 0
[2023-12-17T08:16:58.523+0000] {taskinstance.py:2778} INFO - 0 downstream tasks scheduled from follow-on schedule check
[2023-12-17T15:02:37.213+0000] {taskinstance.py:1159} INFO - Dependencies all met for dep_context=non-requeueable deps ti=<TaskInstance: outcomes_dag.load_animal_dim scheduled__2023-11-05T00:00:00+00:00 [queued]>
[2023-12-17T15:02:37.229+0000] {taskinstance.py:1159} INFO - Dependencies all met for dep_context=requeueable deps ti=<TaskInstance: outcomes_dag.load_animal_dim scheduled__2023-11-05T00:00:00+00:00 [queued]>
[2023-12-17T15:02:37.230+0000] {taskinstance.py:1361} INFO - Starting attempt 1 of 1
[2023-12-17T15:02:37.256+0000] {taskinstance.py:1382} INFO - Executing <Task(PythonOperator): load_animal_dim> on 2023-11-05 00:00:00+00:00
[2023-12-17T15:02:37.275+0000] {standard_task_runner.py:57} INFO - Started process 221 to run task
[2023-12-17T15:02:37.293+0000] {standard_task_runner.py:84} INFO - Running: ['***', 'tasks', 'run', 'outcomes_dag', 'load_animal_dim', 'scheduled__2023-11-05T00:00:00+00:00', '--job-id', '34', '--raw', '--subdir', 'DAGS_FOLDER/outcomes_dag.py', '--cfg-path', '/tmp/tmp_ox9w0xt']
[2023-12-17T15:02:37.311+0000] {standard_task_runner.py:85} INFO - Job 34: Subtask load_animal_dim
[2023-12-17T15:02:37.475+0000] {task_command.py:416} INFO - Running <TaskInstance: outcomes_dag.load_animal_dim scheduled__2023-11-05T00:00:00+00:00 [running]> on host 7f0547651eb4
[2023-12-17T15:02:37.945+0000] {taskinstance.py:1662} INFO - Exporting env vars: AIRFLOW_CTX_DAG_OWNER='***' AIRFLOW_CTX_DAG_ID='outcomes_dag' AIRFLOW_CTX_TASK_ID='load_animal_dim' AIRFLOW_CTX_EXECUTION_DATE='2023-11-05T00:00:00+00:00' AIRFLOW_CTX_TRY_NUMBER='1' AIRFLOW_CTX_DAG_RUN_ID='scheduled__2023-11-05T00:00:00+00:00'
[2023-12-17T15:02:43.007+0000] {python.py:194} INFO - Done. Returned value was: None
[2023-12-17T15:02:43.031+0000] {taskinstance.py:1400} INFO - Marking task as SUCCESS. dag_id=outcomes_dag, task_id=load_animal_dim, execution_date=20231105T000000, start_date=20231217T150237, end_date=20231217T150243
[2023-12-17T15:02:43.115+0000] {local_task_job_runner.py:228} INFO - Task exited with return code 0
[2023-12-17T15:02:43.142+0000] {taskinstance.py:2778} INFO - 0 downstream tasks scheduled from follow-on schedule check
