[2023-11-26T01:53:50.925+0000] {taskinstance.py:1159} INFO - Dependencies all met for dep_context=non-requeueable deps ti=<TaskInstance: outcomes_dag.load_dim_dates scheduled__2023-11-24T00:00:00+00:00 [queued]>
[2023-11-26T01:53:50.940+0000] {taskinstance.py:1159} INFO - Dependencies all met for dep_context=requeueable deps ti=<TaskInstance: outcomes_dag.load_dim_dates scheduled__2023-11-24T00:00:00+00:00 [queued]>
[2023-11-26T01:53:50.943+0000] {taskinstance.py:1361} INFO - Starting attempt 1 of 1
[2023-11-26T01:53:50.963+0000] {taskinstance.py:1382} INFO - Executing <Task(PythonOperator): load_dim_dates> on 2023-11-24 00:00:00+00:00
[2023-11-26T01:53:50.971+0000] {standard_task_runner.py:57} INFO - Started process 221 to run task
[2023-11-26T01:53:50.978+0000] {standard_task_runner.py:84} INFO - Running: ['***', 'tasks', 'run', 'outcomes_dag', 'load_dim_dates', 'scheduled__2023-11-24T00:00:00+00:00', '--job-id', '33', '--raw', '--subdir', 'DAGS_FOLDER/outcomes_dag.py', '--cfg-path', '/tmp/tmpho6uu896']
[2023-11-26T01:53:50.987+0000] {standard_task_runner.py:85} INFO - Job 33: Subtask load_dim_dates
[2023-11-26T01:53:51.050+0000] {task_command.py:416} INFO - Running <TaskInstance: outcomes_dag.load_dim_dates scheduled__2023-11-24T00:00:00+00:00 [running]> on host 2011df1a4519
[2023-11-26T01:53:51.148+0000] {taskinstance.py:1662} INFO - Exporting env vars: AIRFLOW_CTX_DAG_OWNER='***' AIRFLOW_CTX_DAG_ID='outcomes_dag' AIRFLOW_CTX_TASK_ID='load_dim_dates' AIRFLOW_CTX_EXECUTION_DATE='2023-11-24T00:00:00+00:00' AIRFLOW_CTX_TRY_NUMBER='1' AIRFLOW_CTX_DAG_RUN_ID='scheduled__2023-11-24T00:00:00+00:00'
[2023-11-26T01:53:54.678+0000] {python.py:194} INFO - Done. Returned value was: None
[2023-11-26T01:53:54.694+0000] {taskinstance.py:1400} INFO - Marking task as SUCCESS. dag_id=outcomes_dag, task_id=load_dim_dates, execution_date=20231124T000000, start_date=20231126T015350, end_date=20231126T015354
[2023-11-26T01:53:54.747+0000] {local_task_job_runner.py:228} INFO - Task exited with return code 0
[2023-11-26T01:53:54.767+0000] {taskinstance.py:2778} INFO - 0 downstream tasks scheduled from follow-on schedule check
[2023-11-26T02:45:03.303+0000] {taskinstance.py:1159} INFO - Dependencies all met for dep_context=non-requeueable deps ti=<TaskInstance: outcomes_dag.load_dim_dates scheduled__2023-11-24T00:00:00+00:00 [queued]>
[2023-11-26T02:45:03.318+0000] {taskinstance.py:1159} INFO - Dependencies all met for dep_context=requeueable deps ti=<TaskInstance: outcomes_dag.load_dim_dates scheduled__2023-11-24T00:00:00+00:00 [queued]>
[2023-11-26T02:45:03.319+0000] {taskinstance.py:1361} INFO - Starting attempt 1 of 1
[2023-11-26T02:45:03.340+0000] {taskinstance.py:1382} INFO - Executing <Task(PythonOperator): load_dim_dates> on 2023-11-24 00:00:00+00:00
[2023-11-26T02:45:03.348+0000] {standard_task_runner.py:57} INFO - Started process 270 to run task
[2023-11-26T02:45:03.361+0000] {standard_task_runner.py:84} INFO - Running: ['***', 'tasks', 'run', 'outcomes_dag', 'load_dim_dates', 'scheduled__2023-11-24T00:00:00+00:00', '--job-id', '52', '--raw', '--subdir', 'DAGS_FOLDER/outcomes_dag.py', '--cfg-path', '/tmp/tmpsp9v2w8s']
[2023-11-26T02:45:03.369+0000] {standard_task_runner.py:85} INFO - Job 52: Subtask load_dim_dates
[2023-11-26T02:45:03.465+0000] {task_command.py:416} INFO - Running <TaskInstance: outcomes_dag.load_dim_dates scheduled__2023-11-24T00:00:00+00:00 [running]> on host d8c33f99ee50
[2023-11-26T02:45:03.643+0000] {taskinstance.py:1662} INFO - Exporting env vars: AIRFLOW_CTX_DAG_OWNER='***' AIRFLOW_CTX_DAG_ID='outcomes_dag' AIRFLOW_CTX_TASK_ID='load_dim_dates' AIRFLOW_CTX_EXECUTION_DATE='2023-11-24T00:00:00+00:00' AIRFLOW_CTX_TRY_NUMBER='1' AIRFLOW_CTX_DAG_RUN_ID='scheduled__2023-11-24T00:00:00+00:00'
[2023-11-26T02:45:06.692+0000] {python.py:194} INFO - Done. Returned value was: None
[2023-11-26T02:45:06.707+0000] {taskinstance.py:1400} INFO - Marking task as SUCCESS. dag_id=outcomes_dag, task_id=load_dim_dates, execution_date=20231124T000000, start_date=20231126T024503, end_date=20231126T024506
[2023-11-26T02:45:06.764+0000] {local_task_job_runner.py:228} INFO - Task exited with return code 0
[2023-11-26T02:45:06.786+0000] {taskinstance.py:2778} INFO - 0 downstream tasks scheduled from follow-on schedule check
