[2023-11-25T20:36:23.213+0000] {taskinstance.py:1159} INFO - Dependencies all met for dep_context=non-requeueable deps ti=<TaskInstance: outcomes_dag.transform scheduled__2023-11-18T00:00:00+00:00 [queued]>
[2023-11-25T20:36:23.568+0000] {taskinstance.py:1159} INFO - Dependencies all met for dep_context=requeueable deps ti=<TaskInstance: outcomes_dag.transform scheduled__2023-11-18T00:00:00+00:00 [queued]>
[2023-11-25T20:36:23.569+0000] {taskinstance.py:1361} INFO - Starting attempt 2 of 2
[2023-11-25T20:36:23.586+0000] {taskinstance.py:1382} INFO - Executing <Task(PythonOperator): transform> on 2023-11-18 00:00:00+00:00
[2023-11-25T20:36:23.595+0000] {standard_task_runner.py:57} INFO - Started process 256 to run task
[2023-11-25T20:36:23.601+0000] {standard_task_runner.py:84} INFO - Running: ['***', 'tasks', 'run', 'outcomes_dag', 'transform', 'scheduled__2023-11-18T00:00:00+00:00', '--job-id', '19', '--raw', '--subdir', 'DAGS_FOLDER/outcomes_dag.py', '--cfg-path', '/tmp/tmpiaa2c4yb']
[2023-11-25T20:36:23.607+0000] {standard_task_runner.py:85} INFO - Job 19: Subtask transform
[2023-11-25T20:36:23.675+0000] {task_command.py:416} INFO - Running <TaskInstance: outcomes_dag.transform scheduled__2023-11-18T00:00:00+00:00 [running]> on host 17ac1e2d02c6
[2023-11-25T20:36:23.771+0000] {taskinstance.py:1662} INFO - Exporting env vars: AIRFLOW_CTX_DAG_OWNER='***' AIRFLOW_CTX_DAG_ID='outcomes_dag' AIRFLOW_CTX_TASK_ID='transform' AIRFLOW_CTX_EXECUTION_DATE='2023-11-18T00:00:00+00:00' AIRFLOW_CTX_TRY_NUMBER='2' AIRFLOW_CTX_DAG_RUN_ID='scheduled__2023-11-18T00:00:00+00:00'
[2023-11-25T20:36:24.710+0000] {python.py:194} INFO - Done. Returned value was: None
[2023-11-25T20:36:24.723+0000] {taskinstance.py:1400} INFO - Marking task as SUCCESS. dag_id=outcomes_dag, task_id=transform, execution_date=20231118T000000, start_date=20231125T203623, end_date=20231125T203624
[2023-11-25T20:36:24.744+0000] {local_task_job_runner.py:228} INFO - Task exited with return code 0
[2023-11-25T20:36:24.767+0000] {taskinstance.py:2778} INFO - 0 downstream tasks scheduled from follow-on schedule check
[2023-11-26T00:22:13.001+0000] {taskinstance.py:1159} INFO - Dependencies all met for dep_context=non-requeueable deps ti=<TaskInstance: outcomes_dag.transform scheduled__2023-11-18T00:00:00+00:00 [queued]>
[2023-11-26T00:22:13.013+0000] {taskinstance.py:1159} INFO - Dependencies all met for dep_context=requeueable deps ti=<TaskInstance: outcomes_dag.transform scheduled__2023-11-18T00:00:00+00:00 [queued]>
[2023-11-26T00:22:13.014+0000] {taskinstance.py:1361} INFO - Starting attempt 2 of 2
[2023-11-26T00:22:13.028+0000] {taskinstance.py:1382} INFO - Executing <Task(PythonOperator): transform> on 2023-11-18 00:00:00+00:00
[2023-11-26T00:22:13.034+0000] {standard_task_runner.py:57} INFO - Started process 136 to run task
[2023-11-26T00:22:13.038+0000] {standard_task_runner.py:84} INFO - Running: ['***', 'tasks', 'run', 'outcomes_dag', 'transform', 'scheduled__2023-11-18T00:00:00+00:00', '--job-id', '20', '--raw', '--subdir', 'DAGS_FOLDER/outcomes_dag.py', '--cfg-path', '/tmp/tmprbtz15dm']
[2023-11-26T00:22:13.042+0000] {standard_task_runner.py:85} INFO - Job 20: Subtask transform
[2023-11-26T00:22:13.097+0000] {task_command.py:416} INFO - Running <TaskInstance: outcomes_dag.transform scheduled__2023-11-18T00:00:00+00:00 [running]> on host decfc1fe5c09
[2023-11-26T00:22:13.177+0000] {taskinstance.py:1662} INFO - Exporting env vars: AIRFLOW_CTX_DAG_OWNER='***' AIRFLOW_CTX_DAG_ID='outcomes_dag' AIRFLOW_CTX_TASK_ID='transform' AIRFLOW_CTX_EXECUTION_DATE='2023-11-18T00:00:00+00:00' AIRFLOW_CTX_TRY_NUMBER='2' AIRFLOW_CTX_DAG_RUN_ID='scheduled__2023-11-18T00:00:00+00:00'
[2023-11-26T00:22:13.968+0000] {python.py:194} INFO - Done. Returned value was: None
[2023-11-26T00:22:13.982+0000] {taskinstance.py:1400} INFO - Marking task as SUCCESS. dag_id=outcomes_dag, task_id=transform, execution_date=20231118T000000, start_date=20231126T002213, end_date=20231126T002213
[2023-11-26T00:22:14.017+0000] {local_task_job_runner.py:228} INFO - Task exited with return code 0
[2023-11-26T00:22:14.041+0000] {taskinstance.py:2778} INFO - 1 downstream tasks scheduled from follow-on schedule check
[2023-11-26T02:22:17.895+0000] {taskinstance.py:1159} INFO - Dependencies all met for dep_context=non-requeueable deps ti=<TaskInstance: outcomes_dag.transform scheduled__2023-11-18T00:00:00+00:00 [queued]>
[2023-11-26T02:22:17.907+0000] {taskinstance.py:1159} INFO - Dependencies all met for dep_context=requeueable deps ti=<TaskInstance: outcomes_dag.transform scheduled__2023-11-18T00:00:00+00:00 [queued]>
[2023-11-26T02:22:17.908+0000] {taskinstance.py:1361} INFO - Starting attempt 2 of 2
[2023-11-26T02:22:17.924+0000] {taskinstance.py:1382} INFO - Executing <Task(PythonOperator): transform> on 2023-11-18 00:00:00+00:00
[2023-11-26T02:22:17.930+0000] {standard_task_runner.py:57} INFO - Started process 664 to run task
[2023-11-26T02:22:17.934+0000] {standard_task_runner.py:84} INFO - Running: ['***', 'tasks', 'run', 'outcomes_dag', 'transform', 'scheduled__2023-11-18T00:00:00+00:00', '--job-id', '46', '--raw', '--subdir', 'DAGS_FOLDER/outcomes_dag.py', '--cfg-path', '/tmp/tmpdcy163kn']
[2023-11-26T02:22:17.937+0000] {standard_task_runner.py:85} INFO - Job 46: Subtask transform
[2023-11-26T02:22:17.990+0000] {task_command.py:416} INFO - Running <TaskInstance: outcomes_dag.transform scheduled__2023-11-18T00:00:00+00:00 [running]> on host 2011df1a4519
[2023-11-26T02:22:18.070+0000] {taskinstance.py:1662} INFO - Exporting env vars: AIRFLOW_CTX_DAG_OWNER='***' AIRFLOW_CTX_DAG_ID='outcomes_dag' AIRFLOW_CTX_TASK_ID='transform' AIRFLOW_CTX_EXECUTION_DATE='2023-11-18T00:00:00+00:00' AIRFLOW_CTX_TRY_NUMBER='2' AIRFLOW_CTX_DAG_RUN_ID='scheduled__2023-11-18T00:00:00+00:00'
[2023-11-26T02:22:18.911+0000] {python.py:194} INFO - Done. Returned value was: None
[2023-11-26T02:22:18.926+0000] {taskinstance.py:1400} INFO - Marking task as SUCCESS. dag_id=outcomes_dag, task_id=transform, execution_date=20231118T000000, start_date=20231126T022217, end_date=20231126T022218
[2023-11-26T02:22:18.956+0000] {local_task_job_runner.py:228} INFO - Task exited with return code 0
[2023-11-26T02:22:18.986+0000] {taskinstance.py:2778} INFO - 4 downstream tasks scheduled from follow-on schedule check
[2023-11-26T02:48:56.758+0000] {taskinstance.py:1159} INFO - Dependencies all met for dep_context=non-requeueable deps ti=<TaskInstance: outcomes_dag.transform scheduled__2023-11-18T00:00:00+00:00 [queued]>
[2023-11-26T02:48:56.775+0000] {taskinstance.py:1159} INFO - Dependencies all met for dep_context=requeueable deps ti=<TaskInstance: outcomes_dag.transform scheduled__2023-11-18T00:00:00+00:00 [queued]>
[2023-11-26T02:48:56.776+0000] {taskinstance.py:1361} INFO - Starting attempt 2 of 2
[2023-11-26T02:48:56.796+0000] {taskinstance.py:1382} INFO - Executing <Task(PythonOperator): transform> on 2023-11-18 00:00:00+00:00
[2023-11-26T02:48:56.803+0000] {standard_task_runner.py:57} INFO - Started process 350 to run task
[2023-11-26T02:48:56.807+0000] {standard_task_runner.py:84} INFO - Running: ['***', 'tasks', 'run', 'outcomes_dag', 'transform', 'scheduled__2023-11-18T00:00:00+00:00', '--job-id', '60', '--raw', '--subdir', 'DAGS_FOLDER/outcomes_dag.py', '--cfg-path', '/tmp/tmpf4t27igk']
[2023-11-26T02:48:56.811+0000] {standard_task_runner.py:85} INFO - Job 60: Subtask transform
[2023-11-26T02:48:56.895+0000] {task_command.py:416} INFO - Running <TaskInstance: outcomes_dag.transform scheduled__2023-11-18T00:00:00+00:00 [running]> on host d8c33f99ee50
[2023-11-26T02:48:56.997+0000] {taskinstance.py:1662} INFO - Exporting env vars: AIRFLOW_CTX_DAG_OWNER='***' AIRFLOW_CTX_DAG_ID='outcomes_dag' AIRFLOW_CTX_TASK_ID='transform' AIRFLOW_CTX_EXECUTION_DATE='2023-11-18T00:00:00+00:00' AIRFLOW_CTX_TRY_NUMBER='2' AIRFLOW_CTX_DAG_RUN_ID='scheduled__2023-11-18T00:00:00+00:00'
[2023-11-26T02:49:14.737+0000] {python.py:194} INFO - Done. Returned value was: None
[2023-11-26T02:49:14.757+0000] {taskinstance.py:1400} INFO - Marking task as SUCCESS. dag_id=outcomes_dag, task_id=transform, execution_date=20231118T000000, start_date=20231126T024856, end_date=20231126T024914
[2023-11-26T02:49:14.820+0000] {local_task_job_runner.py:228} INFO - Task exited with return code 0
[2023-11-26T02:49:14.845+0000] {taskinstance.py:2778} INFO - 4 downstream tasks scheduled from follow-on schedule check
