[2023-12-17T08:15:17.611+0000] {taskinstance.py:1159} INFO - Dependencies all met for dep_context=non-requeueable deps ti=<TaskInstance: outcomes_dag.load_outcome_types_dim scheduled__2023-11-02T00:00:00+00:00 [queued]>
[2023-12-17T08:15:17.636+0000] {taskinstance.py:1159} INFO - Dependencies all met for dep_context=requeueable deps ti=<TaskInstance: outcomes_dag.load_outcome_types_dim scheduled__2023-11-02T00:00:00+00:00 [queued]>
[2023-12-17T08:15:17.640+0000] {taskinstance.py:1361} INFO - Starting attempt 1 of 1
[2023-12-17T08:15:17.673+0000] {taskinstance.py:1382} INFO - Executing <Task(PythonOperator): load_outcome_types_dim> on 2023-11-02 00:00:00+00:00
[2023-12-17T08:15:17.686+0000] {standard_task_runner.py:57} INFO - Started process 200 to run task
[2023-12-17T08:15:17.705+0000] {standard_task_runner.py:84} INFO - Running: ['***', 'tasks', 'run', 'outcomes_dag', 'load_outcome_types_dim', 'scheduled__2023-11-02T00:00:00+00:00', '--job-id', '17', '--raw', '--subdir', 'DAGS_FOLDER/outcomes_dag.py', '--cfg-path', '/tmp/tmplp8a4vm0']
[2023-12-17T08:15:17.719+0000] {standard_task_runner.py:85} INFO - Job 17: Subtask load_outcome_types_dim
[2023-12-17T08:15:17.859+0000] {task_command.py:416} INFO - Running <TaskInstance: outcomes_dag.load_outcome_types_dim scheduled__2023-11-02T00:00:00+00:00 [running]> on host 0cbaf6db6843
[2023-12-17T08:15:18.259+0000] {taskinstance.py:1662} INFO - Exporting env vars: AIRFLOW_CTX_DAG_OWNER='***' AIRFLOW_CTX_DAG_ID='outcomes_dag' AIRFLOW_CTX_TASK_ID='load_outcome_types_dim' AIRFLOW_CTX_EXECUTION_DATE='2023-11-02T00:00:00+00:00' AIRFLOW_CTX_TRY_NUMBER='1' AIRFLOW_CTX_DAG_RUN_ID='scheduled__2023-11-02T00:00:00+00:00'
[2023-12-17T08:15:21.422+0000] {python.py:194} INFO - Done. Returned value was: None
[2023-12-17T08:15:21.455+0000] {taskinstance.py:1400} INFO - Marking task as SUCCESS. dag_id=outcomes_dag, task_id=load_outcome_types_dim, execution_date=20231102T000000, start_date=20231217T081517, end_date=20231217T081521
[2023-12-17T08:15:21.524+0000] {local_task_job_runner.py:228} INFO - Task exited with return code 0
[2023-12-17T08:15:21.561+0000] {taskinstance.py:2778} INFO - 0 downstream tasks scheduled from follow-on schedule check
[2023-12-17T15:00:51.540+0000] {taskinstance.py:1159} INFO - Dependencies all met for dep_context=non-requeueable deps ti=<TaskInstance: outcomes_dag.load_outcome_types_dim scheduled__2023-11-02T00:00:00+00:00 [queued]>
[2023-12-17T15:00:51.579+0000] {taskinstance.py:1159} INFO - Dependencies all met for dep_context=requeueable deps ti=<TaskInstance: outcomes_dag.load_outcome_types_dim scheduled__2023-11-02T00:00:00+00:00 [queued]>
[2023-12-17T15:00:51.586+0000] {taskinstance.py:1361} INFO - Starting attempt 1 of 1
[2023-12-17T15:00:51.648+0000] {taskinstance.py:1382} INFO - Executing <Task(PythonOperator): load_outcome_types_dim> on 2023-11-02 00:00:00+00:00
[2023-12-17T15:00:51.675+0000] {standard_task_runner.py:57} INFO - Started process 154 to run task
[2023-12-17T15:00:51.691+0000] {standard_task_runner.py:84} INFO - Running: ['***', 'tasks', 'run', 'outcomes_dag', 'load_outcome_types_dim', 'scheduled__2023-11-02T00:00:00+00:00', '--job-id', '18', '--raw', '--subdir', 'DAGS_FOLDER/outcomes_dag.py', '--cfg-path', '/tmp/tmpfcn61dk9']
[2023-12-17T15:00:51.741+0000] {standard_task_runner.py:85} INFO - Job 18: Subtask load_outcome_types_dim
[2023-12-17T15:00:51.957+0000] {task_command.py:416} INFO - Running <TaskInstance: outcomes_dag.load_outcome_types_dim scheduled__2023-11-02T00:00:00+00:00 [running]> on host 7f0547651eb4
[2023-12-17T15:00:52.345+0000] {taskinstance.py:1662} INFO - Exporting env vars: AIRFLOW_CTX_DAG_OWNER='***' AIRFLOW_CTX_DAG_ID='outcomes_dag' AIRFLOW_CTX_TASK_ID='load_outcome_types_dim' AIRFLOW_CTX_EXECUTION_DATE='2023-11-02T00:00:00+00:00' AIRFLOW_CTX_TRY_NUMBER='1' AIRFLOW_CTX_DAG_RUN_ID='scheduled__2023-11-02T00:00:00+00:00'
[2023-12-17T15:00:55.340+0000] {python.py:194} INFO - Done. Returned value was: None
[2023-12-17T15:00:55.470+0000] {taskinstance.py:1400} INFO - Marking task as SUCCESS. dag_id=outcomes_dag, task_id=load_outcome_types_dim, execution_date=20231102T000000, start_date=20231217T150051, end_date=20231217T150055
[2023-12-17T15:00:55.705+0000] {local_task_job_runner.py:228} INFO - Task exited with return code 0
[2023-12-17T15:00:55.776+0000] {taskinstance.py:2778} INFO - 0 downstream tasks scheduled from follow-on schedule check
