[2023-11-26T02:23:41.196+0000] {taskinstance.py:1159} INFO - Dependencies all met for dep_context=non-requeueable deps ti=<TaskInstance: outcomes_dag.load_fct_outcomes scheduled__2023-11-23T00:00:00+00:00 [queued]>
[2023-11-26T02:23:41.219+0000] {taskinstance.py:1159} INFO - Dependencies all met for dep_context=requeueable deps ti=<TaskInstance: outcomes_dag.load_fct_outcomes scheduled__2023-11-23T00:00:00+00:00 [queued]>
[2023-11-26T02:23:41.220+0000] {taskinstance.py:1361} INFO - Starting attempt 2 of 2
[2023-11-26T02:23:41.247+0000] {taskinstance.py:1382} INFO - Executing <Task(PythonOperator): load_fct_outcomes> on 2023-11-23 00:00:00+00:00
[2023-11-26T02:23:41.268+0000] {standard_task_runner.py:57} INFO - Started process 788 to run task
[2023-11-26T02:23:41.283+0000] {standard_task_runner.py:84} INFO - Running: ['***', 'tasks', 'run', 'outcomes_dag', 'load_fct_outcomes', 'scheduled__2023-11-23T00:00:00+00:00', '--job-id', '80', '--raw', '--subdir', 'DAGS_FOLDER/outcomes_dag.py', '--cfg-path', '/tmp/tmp4vcfyud8']
[2023-11-26T02:23:41.296+0000] {standard_task_runner.py:85} INFO - Job 80: Subtask load_fct_outcomes
[2023-11-26T02:23:41.412+0000] {task_command.py:416} INFO - Running <TaskInstance: outcomes_dag.load_fct_outcomes scheduled__2023-11-23T00:00:00+00:00 [running]> on host 2011df1a4519
[2023-11-26T02:23:41.567+0000] {taskinstance.py:1662} INFO - Exporting env vars: AIRFLOW_CTX_DAG_OWNER='***' AIRFLOW_CTX_DAG_ID='outcomes_dag' AIRFLOW_CTX_TASK_ID='load_fct_outcomes' AIRFLOW_CTX_EXECUTION_DATE='2023-11-23T00:00:00+00:00' AIRFLOW_CTX_TRY_NUMBER='2' AIRFLOW_CTX_DAG_RUN_ID='scheduled__2023-11-23T00:00:00+00:00'
[2023-11-26T02:23:41.901+0000] {python.py:194} INFO - Done. Returned value was: None
[2023-11-26T02:23:41.923+0000] {taskinstance.py:1400} INFO - Marking task as SUCCESS. dag_id=outcomes_dag, task_id=load_fct_outcomes, execution_date=20231123T000000, start_date=20231126T022341, end_date=20231126T022341
[2023-11-26T02:23:41.948+0000] {local_task_job_runner.py:228} INFO - Task exited with return code 0
[2023-11-26T02:23:41.974+0000] {taskinstance.py:2778} INFO - 0 downstream tasks scheduled from follow-on schedule check
[2023-11-26T02:51:30.555+0000] {taskinstance.py:1159} INFO - Dependencies all met for dep_context=non-requeueable deps ti=<TaskInstance: outcomes_dag.load_fct_outcomes scheduled__2023-11-23T00:00:00+00:00 [queued]>
[2023-11-26T02:51:30.570+0000] {taskinstance.py:1159} INFO - Dependencies all met for dep_context=requeueable deps ti=<TaskInstance: outcomes_dag.load_fct_outcomes scheduled__2023-11-23T00:00:00+00:00 [queued]>
[2023-11-26T02:51:30.575+0000] {taskinstance.py:1361} INFO - Starting attempt 2 of 2
[2023-11-26T02:51:30.619+0000] {taskinstance.py:1382} INFO - Executing <Task(PythonOperator): load_fct_outcomes> on 2023-11-23 00:00:00+00:00
[2023-11-26T02:51:30.677+0000] {standard_task_runner.py:57} INFO - Started process 482 to run task
[2023-11-26T02:51:30.689+0000] {standard_task_runner.py:84} INFO - Running: ['***', 'tasks', 'run', 'outcomes_dag', 'load_fct_outcomes', 'scheduled__2023-11-23T00:00:00+00:00', '--job-id', '92', '--raw', '--subdir', 'DAGS_FOLDER/outcomes_dag.py', '--cfg-path', '/tmp/tmpb0qccidp']
[2023-11-26T02:51:30.713+0000] {standard_task_runner.py:85} INFO - Job 92: Subtask load_fct_outcomes
[2023-11-26T02:51:30.952+0000] {task_command.py:416} INFO - Running <TaskInstance: outcomes_dag.load_fct_outcomes scheduled__2023-11-23T00:00:00+00:00 [running]> on host d8c33f99ee50
[2023-11-26T02:51:31.106+0000] {taskinstance.py:1662} INFO - Exporting env vars: AIRFLOW_CTX_DAG_OWNER='***' AIRFLOW_CTX_DAG_ID='outcomes_dag' AIRFLOW_CTX_TASK_ID='load_fct_outcomes' AIRFLOW_CTX_EXECUTION_DATE='2023-11-23T00:00:00+00:00' AIRFLOW_CTX_TRY_NUMBER='2' AIRFLOW_CTX_DAG_RUN_ID='scheduled__2023-11-23T00:00:00+00:00'
[2023-11-26T02:51:31.510+0000] {python.py:194} INFO - Done. Returned value was: None
[2023-11-26T02:51:31.524+0000] {taskinstance.py:1400} INFO - Marking task as SUCCESS. dag_id=outcomes_dag, task_id=load_fct_outcomes, execution_date=20231123T000000, start_date=20231126T025130, end_date=20231126T025131
[2023-11-26T02:51:31.570+0000] {local_task_job_runner.py:228} INFO - Task exited with return code 0
[2023-11-26T02:51:31.591+0000] {taskinstance.py:2778} INFO - 0 downstream tasks scheduled from follow-on schedule check
