[2023-12-17T08:17:09.738+0000] {taskinstance.py:1159} INFO - Dependencies all met for dep_context=non-requeueable deps ti=<TaskInstance: outcomes_dag.transform scheduled__2023-11-06T00:00:00+00:00 [queued]>
[2023-12-17T08:17:09.751+0000] {taskinstance.py:1159} INFO - Dependencies all met for dep_context=requeueable deps ti=<TaskInstance: outcomes_dag.transform scheduled__2023-11-06T00:00:00+00:00 [queued]>
[2023-12-17T08:17:09.752+0000] {taskinstance.py:1361} INFO - Starting attempt 1 of 1
[2023-12-17T08:17:09.776+0000] {taskinstance.py:1382} INFO - Executing <Task(PythonOperator): transform> on 2023-11-06 00:00:00+00:00
[2023-12-17T08:17:09.783+0000] {standard_task_runner.py:57} INFO - Started process 275 to run task
[2023-12-17T08:17:09.787+0000] {standard_task_runner.py:84} INFO - Running: ['***', 'tasks', 'run', 'outcomes_dag', 'transform', 'scheduled__2023-11-06T00:00:00+00:00', '--job-id', '36', '--raw', '--subdir', 'DAGS_FOLDER/outcomes_dag.py', '--cfg-path', '/tmp/tmpe1_0uwae']
[2023-12-17T08:17:09.793+0000] {standard_task_runner.py:85} INFO - Job 36: Subtask transform
[2023-12-17T08:17:09.851+0000] {task_command.py:416} INFO - Running <TaskInstance: outcomes_dag.transform scheduled__2023-11-06T00:00:00+00:00 [running]> on host 0cbaf6db6843
[2023-12-17T08:17:09.947+0000] {taskinstance.py:1662} INFO - Exporting env vars: AIRFLOW_CTX_DAG_OWNER='***' AIRFLOW_CTX_DAG_ID='outcomes_dag' AIRFLOW_CTX_TASK_ID='transform' AIRFLOW_CTX_EXECUTION_DATE='2023-11-06T00:00:00+00:00' AIRFLOW_CTX_TRY_NUMBER='1' AIRFLOW_CTX_DAG_RUN_ID='scheduled__2023-11-06T00:00:00+00:00'
[2023-12-17T08:17:26.672+0000] {python.py:194} INFO - Done. Returned value was: None
[2023-12-17T08:17:26.691+0000] {taskinstance.py:1400} INFO - Marking task as SUCCESS. dag_id=outcomes_dag, task_id=transform, execution_date=20231106T000000, start_date=20231217T081709, end_date=20231217T081726
[2023-12-17T08:17:26.757+0000] {local_task_job_runner.py:228} INFO - Task exited with return code 0
[2023-12-17T08:17:26.784+0000] {taskinstance.py:2778} INFO - 4 downstream tasks scheduled from follow-on schedule check
[2023-12-17T15:02:56.966+0000] {taskinstance.py:1159} INFO - Dependencies all met for dep_context=non-requeueable deps ti=<TaskInstance: outcomes_dag.transform scheduled__2023-11-06T00:00:00+00:00 [queued]>
[2023-12-17T15:02:56.975+0000] {taskinstance.py:1159} INFO - Dependencies all met for dep_context=requeueable deps ti=<TaskInstance: outcomes_dag.transform scheduled__2023-11-06T00:00:00+00:00 [queued]>
[2023-12-17T15:02:56.976+0000] {taskinstance.py:1361} INFO - Starting attempt 1 of 1
[2023-12-17T15:02:56.990+0000] {taskinstance.py:1382} INFO - Executing <Task(PythonOperator): transform> on 2023-11-06 00:00:00+00:00
[2023-12-17T15:02:56.998+0000] {standard_task_runner.py:57} INFO - Started process 228 to run task
[2023-12-17T15:02:57.002+0000] {standard_task_runner.py:84} INFO - Running: ['***', 'tasks', 'run', 'outcomes_dag', 'transform', 'scheduled__2023-11-06T00:00:00+00:00', '--job-id', '37', '--raw', '--subdir', 'DAGS_FOLDER/outcomes_dag.py', '--cfg-path', '/tmp/tmp29jebboo']
[2023-12-17T15:02:57.006+0000] {standard_task_runner.py:85} INFO - Job 37: Subtask transform
[2023-12-17T15:02:57.060+0000] {task_command.py:416} INFO - Running <TaskInstance: outcomes_dag.transform scheduled__2023-11-06T00:00:00+00:00 [running]> on host 7f0547651eb4
[2023-12-17T15:02:57.155+0000] {taskinstance.py:1662} INFO - Exporting env vars: AIRFLOW_CTX_DAG_OWNER='***' AIRFLOW_CTX_DAG_ID='outcomes_dag' AIRFLOW_CTX_TASK_ID='transform' AIRFLOW_CTX_EXECUTION_DATE='2023-11-06T00:00:00+00:00' AIRFLOW_CTX_TRY_NUMBER='1' AIRFLOW_CTX_DAG_RUN_ID='scheduled__2023-11-06T00:00:00+00:00'
[2023-12-17T15:03:15.116+0000] {python.py:194} INFO - Done. Returned value was: None
[2023-12-17T15:03:15.139+0000] {taskinstance.py:1400} INFO - Marking task as SUCCESS. dag_id=outcomes_dag, task_id=transform, execution_date=20231106T000000, start_date=20231217T150256, end_date=20231217T150315
[2023-12-17T15:03:15.179+0000] {local_task_job_runner.py:228} INFO - Task exited with return code 0
[2023-12-17T15:03:15.239+0000] {taskinstance.py:2778} INFO - 4 downstream tasks scheduled from follow-on schedule check
