[2023-11-26T01:52:49.461+0000] {taskinstance.py:1159} INFO - Dependencies all met for dep_context=non-requeueable deps ti=<TaskInstance: outcomes_dag.load_fct_outcomes scheduled__2023-11-19T00:00:00+00:00 [queued]>
[2023-11-26T01:52:49.475+0000] {taskinstance.py:1159} INFO - Dependencies all met for dep_context=requeueable deps ti=<TaskInstance: outcomes_dag.load_fct_outcomes scheduled__2023-11-19T00:00:00+00:00 [queued]>
[2023-11-26T01:52:49.476+0000] {taskinstance.py:1361} INFO - Starting attempt 1 of 1
[2023-11-26T01:52:49.492+0000] {taskinstance.py:1382} INFO - Executing <Task(PythonOperator): load_fct_outcomes> on 2023-11-19 00:00:00+00:00
[2023-11-26T01:52:49.500+0000] {standard_task_runner.py:57} INFO - Started process 147 to run task
[2023-11-26T01:52:49.506+0000] {standard_task_runner.py:84} INFO - Running: ['***', 'tasks', 'run', 'outcomes_dag', 'load_fct_outcomes', 'scheduled__2023-11-19T00:00:00+00:00', '--job-id', '14', '--raw', '--subdir', 'DAGS_FOLDER/outcomes_dag.py', '--cfg-path', '/tmp/tmpdjuklmrq']
[2023-11-26T01:52:49.512+0000] {standard_task_runner.py:85} INFO - Job 14: Subtask load_fct_outcomes
[2023-11-26T01:52:49.580+0000] {task_command.py:416} INFO - Running <TaskInstance: outcomes_dag.load_fct_outcomes scheduled__2023-11-19T00:00:00+00:00 [running]> on host 2011df1a4519
[2023-11-26T01:52:49.693+0000] {taskinstance.py:1662} INFO - Exporting env vars: AIRFLOW_CTX_DAG_OWNER='***' AIRFLOW_CTX_DAG_ID='outcomes_dag' AIRFLOW_CTX_TASK_ID='load_fct_outcomes' AIRFLOW_CTX_EXECUTION_DATE='2023-11-19T00:00:00+00:00' AIRFLOW_CTX_TRY_NUMBER='1' AIRFLOW_CTX_DAG_RUN_ID='scheduled__2023-11-19T00:00:00+00:00'
[2023-11-26T01:52:53.062+0000] {python.py:194} INFO - Done. Returned value was: None
[2023-11-26T01:52:53.080+0000] {taskinstance.py:1400} INFO - Marking task as SUCCESS. dag_id=outcomes_dag, task_id=load_fct_outcomes, execution_date=20231119T000000, start_date=20231126T015249, end_date=20231126T015253
[2023-11-26T01:52:53.113+0000] {local_task_job_runner.py:228} INFO - Task exited with return code 0
[2023-11-26T01:52:53.138+0000] {taskinstance.py:2778} INFO - 0 downstream tasks scheduled from follow-on schedule check
[2023-11-26T02:42:07.105+0000] {taskinstance.py:1159} INFO - Dependencies all met for dep_context=non-requeueable deps ti=<TaskInstance: outcomes_dag.load_fct_outcomes scheduled__2023-11-19T00:00:00+00:00 [queued]>
[2023-11-26T02:42:07.140+0000] {taskinstance.py:1159} INFO - Dependencies all met for dep_context=requeueable deps ti=<TaskInstance: outcomes_dag.load_fct_outcomes scheduled__2023-11-19T00:00:00+00:00 [queued]>
[2023-11-26T02:42:07.149+0000] {taskinstance.py:1361} INFO - Starting attempt 1 of 1
[2023-11-26T02:42:07.179+0000] {taskinstance.py:1382} INFO - Executing <Task(PythonOperator): load_fct_outcomes> on 2023-11-19 00:00:00+00:00
[2023-11-26T02:42:07.211+0000] {standard_task_runner.py:57} INFO - Started process 137 to run task
[2023-11-26T02:42:07.223+0000] {standard_task_runner.py:84} INFO - Running: ['***', 'tasks', 'run', 'outcomes_dag', 'load_fct_outcomes', 'scheduled__2023-11-19T00:00:00+00:00', '--job-id', '19', '--raw', '--subdir', 'DAGS_FOLDER/outcomes_dag.py', '--cfg-path', '/tmp/tmp144_5ed3']
[2023-11-26T02:42:07.233+0000] {standard_task_runner.py:85} INFO - Job 19: Subtask load_fct_outcomes
[2023-11-26T02:42:07.389+0000] {task_command.py:416} INFO - Running <TaskInstance: outcomes_dag.load_fct_outcomes scheduled__2023-11-19T00:00:00+00:00 [running]> on host d8c33f99ee50
[2023-11-26T02:42:07.909+0000] {taskinstance.py:1662} INFO - Exporting env vars: AIRFLOW_CTX_DAG_OWNER='***' AIRFLOW_CTX_DAG_ID='outcomes_dag' AIRFLOW_CTX_TASK_ID='load_fct_outcomes' AIRFLOW_CTX_EXECUTION_DATE='2023-11-19T00:00:00+00:00' AIRFLOW_CTX_TRY_NUMBER='1' AIRFLOW_CTX_DAG_RUN_ID='scheduled__2023-11-19T00:00:00+00:00'
[2023-11-26T02:42:11.424+0000] {python.py:194} INFO - Done. Returned value was: None
[2023-11-26T02:42:11.499+0000] {taskinstance.py:1400} INFO - Marking task as SUCCESS. dag_id=outcomes_dag, task_id=load_fct_outcomes, execution_date=20231119T000000, start_date=20231126T024207, end_date=20231126T024211
[2023-11-26T02:42:11.617+0000] {local_task_job_runner.py:228} INFO - Task exited with return code 0
[2023-11-26T02:42:11.654+0000] {taskinstance.py:2778} INFO - 0 downstream tasks scheduled from follow-on schedule check
