[2023-11-23T22:03:38.150+0000] {taskinstance.py:1159} INFO - Dependencies all met for dep_context=non-requeueable deps ti=<TaskInstance: outcomes_dag.extract scheduled__2023-11-17T00:00:00+00:00 [queued]>
[2023-11-23T22:03:38.221+0000] {taskinstance.py:1159} INFO - Dependencies all met for dep_context=requeueable deps ti=<TaskInstance: outcomes_dag.extract scheduled__2023-11-17T00:00:00+00:00 [queued]>
[2023-11-23T22:03:38.222+0000] {taskinstance.py:1361} INFO - Starting attempt 1 of 1
[2023-11-23T22:03:38.317+0000] {taskinstance.py:1382} INFO - Executing <Task(PythonOperator): extract> on 2023-11-17 00:00:00+00:00
[2023-11-23T22:03:38.333+0000] {standard_task_runner.py:57} INFO - Started process 197 to run task
[2023-11-23T22:03:38.347+0000] {standard_task_runner.py:84} INFO - Running: ['***', 'tasks', 'run', 'outcomes_dag', 'extract', 'scheduled__2023-11-17T00:00:00+00:00', '--job-id', '20', '--raw', '--subdir', 'DAGS_FOLDER/outcomes_dag.py', '--cfg-path', '/tmp/tmpfxze48hg']
[2023-11-23T22:03:38.354+0000] {standard_task_runner.py:85} INFO - Job 20: Subtask extract
[2023-11-23T22:03:38.624+0000] {task_command.py:416} INFO - Running <TaskInstance: outcomes_dag.extract scheduled__2023-11-17T00:00:00+00:00 [running]> on host 05b2ff981133
[2023-11-23T22:03:49.249+0000] {taskinstance.py:1662} INFO - Exporting env vars: AIRFLOW_CTX_DAG_OWNER='***' AIRFLOW_CTX_DAG_ID='outcomes_dag' AIRFLOW_CTX_TASK_ID='extract' AIRFLOW_CTX_EXECUTION_DATE='2023-11-17T00:00:00+00:00' AIRFLOW_CTX_TRY_NUMBER='1' AIRFLOW_CTX_DAG_RUN_ID='scheduled__2023-11-17T00:00:00+00:00'
[2023-11-23T22:03:50.032+0000] {python.py:194} INFO - Done. Returned value was: None
[2023-11-23T22:03:50.067+0000] {taskinstance.py:1400} INFO - Marking task as SUCCESS. dag_id=outcomes_dag, task_id=extract, execution_date=20231117T000000, start_date=20231123T220338, end_date=20231123T220350
[2023-11-23T22:03:50.160+0000] {local_task_job_runner.py:228} INFO - Task exited with return code 0
[2023-11-23T22:03:50.207+0000] {taskinstance.py:2778} INFO - 0 downstream tasks scheduled from follow-on schedule check
[2023-12-17T15:09:56.747+0000] {taskinstance.py:1159} INFO - Dependencies all met for dep_context=non-requeueable deps ti=<TaskInstance: outcomes_dag.extract scheduled__2023-11-17T00:00:00+00:00 [queued]>
[2023-12-17T15:09:56.757+0000] {taskinstance.py:1159} INFO - Dependencies all met for dep_context=requeueable deps ti=<TaskInstance: outcomes_dag.extract scheduled__2023-11-17T00:00:00+00:00 [queued]>
[2023-12-17T15:09:56.758+0000] {taskinstance.py:1361} INFO - Starting attempt 1 of 1
[2023-12-17T15:09:56.774+0000] {taskinstance.py:1382} INFO - Executing <Task(PythonOperator): extract> on 2023-11-17 00:00:00+00:00
[2023-12-17T15:09:56.780+0000] {standard_task_runner.py:57} INFO - Started process 519 to run task
[2023-12-17T15:09:56.785+0000] {standard_task_runner.py:84} INFO - Running: ['***', 'tasks', 'run', 'outcomes_dag', 'extract', 'scheduled__2023-11-17T00:00:00+00:00', '--job-id', '102', '--raw', '--subdir', 'DAGS_FOLDER/outcomes_dag.py', '--cfg-path', '/tmp/tmpgfei_9aw']
[2023-12-17T15:09:56.789+0000] {standard_task_runner.py:85} INFO - Job 102: Subtask extract
[2023-12-17T15:09:56.844+0000] {task_command.py:416} INFO - Running <TaskInstance: outcomes_dag.extract scheduled__2023-11-17T00:00:00+00:00 [running]> on host 7f0547651eb4
[2023-12-17T15:09:56.940+0000] {taskinstance.py:1662} INFO - Exporting env vars: AIRFLOW_CTX_DAG_OWNER='***' AIRFLOW_CTX_DAG_ID='outcomes_dag' AIRFLOW_CTX_TASK_ID='extract' AIRFLOW_CTX_EXECUTION_DATE='2023-11-17T00:00:00+00:00' AIRFLOW_CTX_TRY_NUMBER='1' AIRFLOW_CTX_DAG_RUN_ID='scheduled__2023-11-17T00:00:00+00:00'
[2023-12-17T15:10:01.556+0000] {python.py:194} INFO - Done. Returned value was: None
[2023-12-17T15:10:01.568+0000] {taskinstance.py:1400} INFO - Marking task as SUCCESS. dag_id=outcomes_dag, task_id=extract, execution_date=20231117T000000, start_date=20231217T150956, end_date=20231217T151001
[2023-12-17T15:10:01.608+0000] {local_task_job_runner.py:228} INFO - Task exited with return code 0
[2023-12-17T15:10:01.644+0000] {taskinstance.py:2778} INFO - 1 downstream tasks scheduled from follow-on schedule check
