[2023-11-25T20:28:03.651+0000] {taskinstance.py:1159} INFO - Dependencies all met for dep_context=non-requeueable deps ti=<TaskInstance: outcomes_dag.transform scheduled__2023-11-23T00:00:00+00:00 [queued]>
[2023-11-25T20:28:03.825+0000] {taskinstance.py:1159} INFO - Dependencies all met for dep_context=requeueable deps ti=<TaskInstance: outcomes_dag.transform scheduled__2023-11-23T00:00:00+00:00 [queued]>
[2023-11-25T20:28:03.826+0000] {taskinstance.py:1361} INFO - Starting attempt 1 of 1
[2023-11-25T20:28:03.843+0000] {taskinstance.py:1382} INFO - Executing <Task(PythonOperator): transform> on 2023-11-23 00:00:00+00:00
[2023-11-25T20:28:03.848+0000] {standard_task_runner.py:57} INFO - Started process 128 to run task
[2023-11-25T20:28:03.852+0000] {standard_task_runner.py:84} INFO - Running: ['***', 'tasks', 'run', 'outcomes_dag', 'transform', 'scheduled__2023-11-23T00:00:00+00:00', '--job-id', '16', '--raw', '--subdir', 'DAGS_FOLDER/outcomes_dag.py', '--cfg-path', '/tmp/tmp_oreai3z']
[2023-11-25T20:28:03.856+0000] {standard_task_runner.py:85} INFO - Job 16: Subtask transform
[2023-11-25T20:28:03.908+0000] {task_command.py:416} INFO - Running <TaskInstance: outcomes_dag.transform scheduled__2023-11-23T00:00:00+00:00 [running]> on host 17ac1e2d02c6
[2023-11-25T20:28:03.989+0000] {taskinstance.py:1662} INFO - Exporting env vars: AIRFLOW_CTX_DAG_OWNER='***' AIRFLOW_CTX_DAG_ID='outcomes_dag' AIRFLOW_CTX_TASK_ID='transform' AIRFLOW_CTX_EXECUTION_DATE='2023-11-23T00:00:00+00:00' AIRFLOW_CTX_TRY_NUMBER='1' AIRFLOW_CTX_DAG_RUN_ID='scheduled__2023-11-23T00:00:00+00:00'
[2023-11-25T20:28:04.327+0000] {python.py:194} INFO - Done. Returned value was: None
[2023-11-25T20:28:04.342+0000] {taskinstance.py:1400} INFO - Marking task as SUCCESS. dag_id=outcomes_dag, task_id=transform, execution_date=20231123T000000, start_date=20231125T202803, end_date=20231125T202804
[2023-11-25T20:28:04.388+0000] {local_task_job_runner.py:228} INFO - Task exited with return code 0
[2023-11-25T20:28:04.409+0000] {taskinstance.py:2778} INFO - 0 downstream tasks scheduled from follow-on schedule check
[2023-11-26T00:23:00.256+0000] {taskinstance.py:1159} INFO - Dependencies all met for dep_context=non-requeueable deps ti=<TaskInstance: outcomes_dag.transform scheduled__2023-11-23T00:00:00+00:00 [queued]>
[2023-11-26T00:23:00.266+0000] {taskinstance.py:1159} INFO - Dependencies all met for dep_context=requeueable deps ti=<TaskInstance: outcomes_dag.transform scheduled__2023-11-23T00:00:00+00:00 [queued]>
[2023-11-26T00:23:00.267+0000] {taskinstance.py:1361} INFO - Starting attempt 1 of 1
[2023-11-26T00:23:00.282+0000] {taskinstance.py:1382} INFO - Executing <Task(PythonOperator): transform> on 2023-11-23 00:00:00+00:00
[2023-11-26T00:23:00.289+0000] {standard_task_runner.py:57} INFO - Started process 181 to run task
[2023-11-26T00:23:00.292+0000] {standard_task_runner.py:84} INFO - Running: ['***', 'tasks', 'run', 'outcomes_dag', 'transform', 'scheduled__2023-11-23T00:00:00+00:00', '--job-id', '32', '--raw', '--subdir', 'DAGS_FOLDER/outcomes_dag.py', '--cfg-path', '/tmp/tmp_sli8z7i']
[2023-11-26T00:23:00.297+0000] {standard_task_runner.py:85} INFO - Job 32: Subtask transform
[2023-11-26T00:23:00.350+0000] {task_command.py:416} INFO - Running <TaskInstance: outcomes_dag.transform scheduled__2023-11-23T00:00:00+00:00 [running]> on host decfc1fe5c09
[2023-11-26T00:23:00.450+0000] {taskinstance.py:1662} INFO - Exporting env vars: AIRFLOW_CTX_DAG_OWNER='***' AIRFLOW_CTX_DAG_ID='outcomes_dag' AIRFLOW_CTX_TASK_ID='transform' AIRFLOW_CTX_EXECUTION_DATE='2023-11-23T00:00:00+00:00' AIRFLOW_CTX_TRY_NUMBER='1' AIRFLOW_CTX_DAG_RUN_ID='scheduled__2023-11-23T00:00:00+00:00'
[2023-11-26T00:23:00.774+0000] {python.py:194} INFO - Done. Returned value was: None
[2023-11-26T00:23:00.786+0000] {taskinstance.py:1400} INFO - Marking task as SUCCESS. dag_id=outcomes_dag, task_id=transform, execution_date=20231123T000000, start_date=20231126T002300, end_date=20231126T002300
[2023-11-26T00:23:00.829+0000] {local_task_job_runner.py:228} INFO - Task exited with return code 0
[2023-11-26T00:23:00.852+0000] {taskinstance.py:2778} INFO - 1 downstream tasks scheduled from follow-on schedule check
[2023-11-26T01:53:39.053+0000] {taskinstance.py:1159} INFO - Dependencies all met for dep_context=non-requeueable deps ti=<TaskInstance: outcomes_dag.transform scheduled__2023-11-23T00:00:00+00:00 [queued]>
[2023-11-26T01:53:39.063+0000] {taskinstance.py:1159} INFO - Dependencies all met for dep_context=requeueable deps ti=<TaskInstance: outcomes_dag.transform scheduled__2023-11-23T00:00:00+00:00 [queued]>
[2023-11-26T01:53:39.064+0000] {taskinstance.py:1361} INFO - Starting attempt 1 of 1
[2023-11-26T01:53:39.078+0000] {taskinstance.py:1382} INFO - Executing <Task(PythonOperator): transform> on 2023-11-23 00:00:00+00:00
[2023-11-26T01:53:39.084+0000] {standard_task_runner.py:57} INFO - Started process 197 to run task
[2023-11-26T01:53:39.088+0000] {standard_task_runner.py:84} INFO - Running: ['***', 'tasks', 'run', 'outcomes_dag', 'transform', 'scheduled__2023-11-23T00:00:00+00:00', '--job-id', '28', '--raw', '--subdir', 'DAGS_FOLDER/outcomes_dag.py', '--cfg-path', '/tmp/tmpsext3wm0']
[2023-11-26T01:53:39.093+0000] {standard_task_runner.py:85} INFO - Job 28: Subtask transform
[2023-11-26T01:53:39.145+0000] {task_command.py:416} INFO - Running <TaskInstance: outcomes_dag.transform scheduled__2023-11-23T00:00:00+00:00 [running]> on host 2011df1a4519
[2023-11-26T01:53:39.233+0000] {taskinstance.py:1662} INFO - Exporting env vars: AIRFLOW_CTX_DAG_OWNER='***' AIRFLOW_CTX_DAG_ID='outcomes_dag' AIRFLOW_CTX_TASK_ID='transform' AIRFLOW_CTX_EXECUTION_DATE='2023-11-23T00:00:00+00:00' AIRFLOW_CTX_TRY_NUMBER='1' AIRFLOW_CTX_DAG_RUN_ID='scheduled__2023-11-23T00:00:00+00:00'
[2023-11-26T01:53:39.564+0000] {python.py:194} INFO - Done. Returned value was: None
[2023-11-26T01:53:39.576+0000] {taskinstance.py:1400} INFO - Marking task as SUCCESS. dag_id=outcomes_dag, task_id=transform, execution_date=20231123T000000, start_date=20231126T015339, end_date=20231126T015339
[2023-11-26T01:53:39.626+0000] {local_task_job_runner.py:228} INFO - Task exited with return code 0
[2023-11-26T01:53:39.654+0000] {taskinstance.py:2778} INFO - 2 downstream tasks scheduled from follow-on schedule check
[2023-11-26T02:44:36.942+0000] {taskinstance.py:1159} INFO - Dependencies all met for dep_context=non-requeueable deps ti=<TaskInstance: outcomes_dag.transform scheduled__2023-11-23T00:00:00+00:00 [queued]>
[2023-11-26T02:44:36.956+0000] {taskinstance.py:1159} INFO - Dependencies all met for dep_context=requeueable deps ti=<TaskInstance: outcomes_dag.transform scheduled__2023-11-23T00:00:00+00:00 [queued]>
[2023-11-26T02:44:36.956+0000] {taskinstance.py:1361} INFO - Starting attempt 1 of 1
[2023-11-26T02:44:36.977+0000] {taskinstance.py:1382} INFO - Executing <Task(PythonOperator): transform> on 2023-11-23 00:00:00+00:00
[2023-11-26T02:44:36.982+0000] {standard_task_runner.py:57} INFO - Started process 232 to run task
[2023-11-26T02:44:36.986+0000] {standard_task_runner.py:84} INFO - Running: ['***', 'tasks', 'run', 'outcomes_dag', 'transform', 'scheduled__2023-11-23T00:00:00+00:00', '--job-id', '42', '--raw', '--subdir', 'DAGS_FOLDER/outcomes_dag.py', '--cfg-path', '/tmp/tmpwyywu3kk']
[2023-11-26T02:44:36.990+0000] {standard_task_runner.py:85} INFO - Job 42: Subtask transform
[2023-11-26T02:44:37.040+0000] {task_command.py:416} INFO - Running <TaskInstance: outcomes_dag.transform scheduled__2023-11-23T00:00:00+00:00 [running]> on host d8c33f99ee50
[2023-11-26T02:44:37.150+0000] {taskinstance.py:1662} INFO - Exporting env vars: AIRFLOW_CTX_DAG_OWNER='***' AIRFLOW_CTX_DAG_ID='outcomes_dag' AIRFLOW_CTX_TASK_ID='transform' AIRFLOW_CTX_EXECUTION_DATE='2023-11-23T00:00:00+00:00' AIRFLOW_CTX_TRY_NUMBER='1' AIRFLOW_CTX_DAG_RUN_ID='scheduled__2023-11-23T00:00:00+00:00'
[2023-11-26T02:44:37.465+0000] {python.py:194} INFO - Done. Returned value was: None
[2023-11-26T02:44:37.479+0000] {taskinstance.py:1400} INFO - Marking task as SUCCESS. dag_id=outcomes_dag, task_id=transform, execution_date=20231123T000000, start_date=20231126T024436, end_date=20231126T024437
[2023-11-26T02:44:37.522+0000] {local_task_job_runner.py:228} INFO - Task exited with return code 0
[2023-11-26T02:44:37.547+0000] {taskinstance.py:2778} INFO - 4 downstream tasks scheduled from follow-on schedule check
[2023-12-17T15:13:37.157+0000] {taskinstance.py:1159} INFO - Dependencies all met for dep_context=non-requeueable deps ti=<TaskInstance: outcomes_dag.transform scheduled__2023-11-23T00:00:00+00:00 [queued]>
[2023-12-17T15:13:37.167+0000] {taskinstance.py:1159} INFO - Dependencies all met for dep_context=requeueable deps ti=<TaskInstance: outcomes_dag.transform scheduled__2023-11-23T00:00:00+00:00 [queued]>
[2023-12-17T15:13:37.168+0000] {taskinstance.py:1361} INFO - Starting attempt 1 of 1
[2023-12-17T15:13:37.182+0000] {taskinstance.py:1382} INFO - Executing <Task(PythonOperator): transform> on 2023-11-23 00:00:00+00:00
[2023-12-17T15:13:37.188+0000] {standard_task_runner.py:57} INFO - Started process 686 to run task
[2023-12-17T15:13:37.191+0000] {standard_task_runner.py:84} INFO - Running: ['***', 'tasks', 'run', 'outcomes_dag', 'transform', 'scheduled__2023-11-23T00:00:00+00:00', '--job-id', '139', '--raw', '--subdir', 'DAGS_FOLDER/outcomes_dag.py', '--cfg-path', '/tmp/tmpmjm67tu9']
[2023-12-17T15:13:37.195+0000] {standard_task_runner.py:85} INFO - Job 139: Subtask transform
[2023-12-17T15:13:37.251+0000] {task_command.py:416} INFO - Running <TaskInstance: outcomes_dag.transform scheduled__2023-11-23T00:00:00+00:00 [running]> on host 7f0547651eb4
[2023-12-17T15:13:37.337+0000] {taskinstance.py:1662} INFO - Exporting env vars: AIRFLOW_CTX_DAG_OWNER='***' AIRFLOW_CTX_DAG_ID='outcomes_dag' AIRFLOW_CTX_TASK_ID='transform' AIRFLOW_CTX_EXECUTION_DATE='2023-11-23T00:00:00+00:00' AIRFLOW_CTX_TRY_NUMBER='1' AIRFLOW_CTX_DAG_RUN_ID='scheduled__2023-11-23T00:00:00+00:00'
[2023-12-17T15:13:39.247+0000] {python.py:194} INFO - Done. Returned value was: None
[2023-12-17T15:13:39.260+0000] {taskinstance.py:1400} INFO - Marking task as SUCCESS. dag_id=outcomes_dag, task_id=transform, execution_date=20231123T000000, start_date=20231217T151337, end_date=20231217T151339
[2023-12-17T15:13:39.308+0000] {local_task_job_runner.py:228} INFO - Task exited with return code 0
[2023-12-17T15:13:39.333+0000] {taskinstance.py:2778} INFO - 4 downstream tasks scheduled from follow-on schedule check
