[2023-11-26T01:44:12.130+0000] {taskinstance.py:1159} INFO - Dependencies all met for dep_context=non-requeueable deps ti=<TaskInstance: outcomes_dag.load_dim_dates scheduled__2023-11-18T00:00:00+00:00 [queued]>
[2023-11-26T01:44:12.142+0000] {taskinstance.py:1159} INFO - Dependencies all met for dep_context=requeueable deps ti=<TaskInstance: outcomes_dag.load_dim_dates scheduled__2023-11-18T00:00:00+00:00 [queued]>
[2023-11-26T01:44:12.143+0000] {taskinstance.py:1361} INFO - Starting attempt 2 of 2
[2023-11-26T01:44:12.158+0000] {taskinstance.py:1382} INFO - Executing <Task(PythonOperator): load_dim_dates> on 2023-11-18 00:00:00+00:00
[2023-11-26T01:44:12.164+0000] {standard_task_runner.py:57} INFO - Started process 1462 to run task
[2023-11-26T01:44:12.169+0000] {standard_task_runner.py:84} INFO - Running: ['***', 'tasks', 'run', 'outcomes_dag', 'load_dim_dates', 'scheduled__2023-11-18T00:00:00+00:00', '--job-id', '65', '--raw', '--subdir', 'DAGS_FOLDER/outcomes_dag.py', '--cfg-path', '/tmp/tmpnll7xj57']
[2023-11-26T01:44:12.174+0000] {standard_task_runner.py:85} INFO - Job 65: Subtask load_dim_dates
[2023-11-26T01:44:12.248+0000] {task_command.py:416} INFO - Running <TaskInstance: outcomes_dag.load_dim_dates scheduled__2023-11-18T00:00:00+00:00 [running]> on host decfc1fe5c09
[2023-11-26T01:44:12.337+0000] {taskinstance.py:1662} INFO - Exporting env vars: AIRFLOW_CTX_DAG_OWNER='***' AIRFLOW_CTX_DAG_ID='outcomes_dag' AIRFLOW_CTX_TASK_ID='load_dim_dates' AIRFLOW_CTX_EXECUTION_DATE='2023-11-18T00:00:00+00:00' AIRFLOW_CTX_TRY_NUMBER='2' AIRFLOW_CTX_DAG_RUN_ID='scheduled__2023-11-18T00:00:00+00:00'
[2023-11-26T01:44:14.864+0000] {python.py:194} INFO - Done. Returned value was: None
[2023-11-26T01:44:14.879+0000] {taskinstance.py:1400} INFO - Marking task as SUCCESS. dag_id=outcomes_dag, task_id=load_dim_dates, execution_date=20231118T000000, start_date=20231126T014412, end_date=20231126T014414
[2023-11-26T01:44:14.905+0000] {local_task_job_runner.py:228} INFO - Task exited with return code 0
[2023-11-26T01:44:14.941+0000] {taskinstance.py:2778} INFO - 0 downstream tasks scheduled from follow-on schedule check
[2023-11-26T02:22:23.820+0000] {taskinstance.py:1159} INFO - Dependencies all met for dep_context=non-requeueable deps ti=<TaskInstance: outcomes_dag.load_dim_dates scheduled__2023-11-18T00:00:00+00:00 [queued]>
[2023-11-26T02:22:23.856+0000] {taskinstance.py:1159} INFO - Dependencies all met for dep_context=requeueable deps ti=<TaskInstance: outcomes_dag.load_dim_dates scheduled__2023-11-18T00:00:00+00:00 [queued]>
[2023-11-26T02:22:23.860+0000] {taskinstance.py:1361} INFO - Starting attempt 2 of 2
[2023-11-26T02:22:23.910+0000] {taskinstance.py:1382} INFO - Executing <Task(PythonOperator): load_dim_dates> on 2023-11-18 00:00:00+00:00
[2023-11-26T02:22:23.948+0000] {standard_task_runner.py:57} INFO - Started process 681 to run task
[2023-11-26T02:22:23.991+0000] {standard_task_runner.py:84} INFO - Running: ['***', 'tasks', 'run', 'outcomes_dag', 'load_dim_dates', 'scheduled__2023-11-18T00:00:00+00:00', '--job-id', '48', '--raw', '--subdir', 'DAGS_FOLDER/outcomes_dag.py', '--cfg-path', '/tmp/tmpzwvswgt7']
[2023-11-26T02:22:24.032+0000] {standard_task_runner.py:85} INFO - Job 48: Subtask load_dim_dates
[2023-11-26T02:22:24.735+0000] {task_command.py:416} INFO - Running <TaskInstance: outcomes_dag.load_dim_dates scheduled__2023-11-18T00:00:00+00:00 [running]> on host 2011df1a4519
[2023-11-26T02:22:25.651+0000] {taskinstance.py:1662} INFO - Exporting env vars: AIRFLOW_CTX_DAG_OWNER='***' AIRFLOW_CTX_DAG_ID='outcomes_dag' AIRFLOW_CTX_TASK_ID='load_dim_dates' AIRFLOW_CTX_EXECUTION_DATE='2023-11-18T00:00:00+00:00' AIRFLOW_CTX_TRY_NUMBER='2' AIRFLOW_CTX_DAG_RUN_ID='scheduled__2023-11-18T00:00:00+00:00'
[2023-11-26T02:22:29.380+0000] {python.py:194} INFO - Done. Returned value was: None
[2023-11-26T02:22:29.396+0000] {taskinstance.py:1400} INFO - Marking task as SUCCESS. dag_id=outcomes_dag, task_id=load_dim_dates, execution_date=20231118T000000, start_date=20231126T022223, end_date=20231126T022229
[2023-11-26T02:22:29.432+0000] {local_task_job_runner.py:228} INFO - Task exited with return code 0
[2023-11-26T02:22:29.462+0000] {taskinstance.py:2778} INFO - 0 downstream tasks scheduled from follow-on schedule check
[2023-11-26T02:49:22.386+0000] {taskinstance.py:1159} INFO - Dependencies all met for dep_context=non-requeueable deps ti=<TaskInstance: outcomes_dag.load_dim_dates scheduled__2023-11-18T00:00:00+00:00 [queued]>
[2023-11-26T02:49:22.398+0000] {taskinstance.py:1159} INFO - Dependencies all met for dep_context=requeueable deps ti=<TaskInstance: outcomes_dag.load_dim_dates scheduled__2023-11-18T00:00:00+00:00 [queued]>
[2023-11-26T02:49:22.399+0000] {taskinstance.py:1361} INFO - Starting attempt 2 of 2
[2023-11-26T02:49:22.413+0000] {taskinstance.py:1382} INFO - Executing <Task(PythonOperator): load_dim_dates> on 2023-11-18 00:00:00+00:00
[2023-11-26T02:49:22.420+0000] {standard_task_runner.py:57} INFO - Started process 362 to run task
[2023-11-26T02:49:22.424+0000] {standard_task_runner.py:84} INFO - Running: ['***', 'tasks', 'run', 'outcomes_dag', 'load_dim_dates', 'scheduled__2023-11-18T00:00:00+00:00', '--job-id', '64', '--raw', '--subdir', 'DAGS_FOLDER/outcomes_dag.py', '--cfg-path', '/tmp/tmpi8s8zo2_']
[2023-11-26T02:49:22.428+0000] {standard_task_runner.py:85} INFO - Job 64: Subtask load_dim_dates
[2023-11-26T02:49:22.485+0000] {task_command.py:416} INFO - Running <TaskInstance: outcomes_dag.load_dim_dates scheduled__2023-11-18T00:00:00+00:00 [running]> on host d8c33f99ee50
[2023-11-26T02:49:22.584+0000] {taskinstance.py:1662} INFO - Exporting env vars: AIRFLOW_CTX_DAG_OWNER='***' AIRFLOW_CTX_DAG_ID='outcomes_dag' AIRFLOW_CTX_TASK_ID='load_dim_dates' AIRFLOW_CTX_EXECUTION_DATE='2023-11-18T00:00:00+00:00' AIRFLOW_CTX_TRY_NUMBER='2' AIRFLOW_CTX_DAG_RUN_ID='scheduled__2023-11-18T00:00:00+00:00'
[2023-11-26T02:49:25.499+0000] {python.py:194} INFO - Done. Returned value was: None
[2023-11-26T02:49:25.512+0000] {taskinstance.py:1400} INFO - Marking task as SUCCESS. dag_id=outcomes_dag, task_id=load_dim_dates, execution_date=20231118T000000, start_date=20231126T024922, end_date=20231126T024925
[2023-11-26T02:49:25.550+0000] {local_task_job_runner.py:228} INFO - Task exited with return code 0
[2023-11-26T02:49:25.610+0000] {taskinstance.py:2778} INFO - 0 downstream tasks scheduled from follow-on schedule check
