[2023-11-26T02:23:27.407+0000] {taskinstance.py:1159} INFO - Dependencies all met for dep_context=non-requeueable deps ti=<TaskInstance: outcomes_dag.load_dim_outcome_types scheduled__2023-11-22T00:00:00+00:00 [queued]>
[2023-11-26T02:23:27.426+0000] {taskinstance.py:1159} INFO - Dependencies all met for dep_context=requeueable deps ti=<TaskInstance: outcomes_dag.load_dim_outcome_types scheduled__2023-11-22T00:00:00+00:00 [queued]>
[2023-11-26T02:23:27.427+0000] {taskinstance.py:1361} INFO - Starting attempt 1 of 1
[2023-11-26T02:23:27.448+0000] {taskinstance.py:1382} INFO - Executing <Task(PythonOperator): load_dim_outcome_types> on 2023-11-22 00:00:00+00:00
[2023-11-26T02:23:27.458+0000] {standard_task_runner.py:57} INFO - Started process 760 to run task
[2023-11-26T02:23:27.482+0000] {standard_task_runner.py:84} INFO - Running: ['***', 'tasks', 'run', 'outcomes_dag', 'load_dim_outcome_types', 'scheduled__2023-11-22T00:00:00+00:00', '--job-id', '72', '--raw', '--subdir', 'DAGS_FOLDER/outcomes_dag.py', '--cfg-path', '/tmp/tmpqg_gjvgi']
[2023-11-26T02:23:27.492+0000] {standard_task_runner.py:85} INFO - Job 72: Subtask load_dim_outcome_types
[2023-11-26T02:23:27.607+0000] {task_command.py:416} INFO - Running <TaskInstance: outcomes_dag.load_dim_outcome_types scheduled__2023-11-22T00:00:00+00:00 [running]> on host 2011df1a4519
[2023-11-26T02:23:27.783+0000] {taskinstance.py:1662} INFO - Exporting env vars: AIRFLOW_CTX_DAG_OWNER='***' AIRFLOW_CTX_DAG_ID='outcomes_dag' AIRFLOW_CTX_TASK_ID='load_dim_outcome_types' AIRFLOW_CTX_EXECUTION_DATE='2023-11-22T00:00:00+00:00' AIRFLOW_CTX_TRY_NUMBER='1' AIRFLOW_CTX_DAG_RUN_ID='scheduled__2023-11-22T00:00:00+00:00'
[2023-11-26T02:23:28.586+0000] {python.py:194} INFO - Done. Returned value was: None
[2023-11-26T02:23:28.599+0000] {taskinstance.py:1400} INFO - Marking task as SUCCESS. dag_id=outcomes_dag, task_id=load_dim_outcome_types, execution_date=20231122T000000, start_date=20231126T022327, end_date=20231126T022328
[2023-11-26T02:23:28.633+0000] {local_task_job_runner.py:228} INFO - Task exited with return code 0
[2023-11-26T02:23:28.653+0000] {taskinstance.py:2778} INFO - 0 downstream tasks scheduled from follow-on schedule check
[2023-11-26T02:44:25.379+0000] {taskinstance.py:1159} INFO - Dependencies all met for dep_context=non-requeueable deps ti=<TaskInstance: outcomes_dag.load_dim_outcome_types scheduled__2023-11-22T00:00:00+00:00 [queued]>
[2023-11-26T02:44:25.408+0000] {taskinstance.py:1159} INFO - Dependencies all met for dep_context=requeueable deps ti=<TaskInstance: outcomes_dag.load_dim_outcome_types scheduled__2023-11-22T00:00:00+00:00 [queued]>
[2023-11-26T02:44:25.436+0000] {taskinstance.py:1361} INFO - Starting attempt 1 of 1
[2023-11-26T02:44:25.601+0000] {taskinstance.py:1382} INFO - Executing <Task(PythonOperator): load_dim_outcome_types> on 2023-11-22 00:00:00+00:00
[2023-11-26T02:44:25.617+0000] {standard_task_runner.py:57} INFO - Started process 223 to run task
[2023-11-26T02:44:25.622+0000] {standard_task_runner.py:84} INFO - Running: ['***', 'tasks', 'run', 'outcomes_dag', 'load_dim_outcome_types', 'scheduled__2023-11-22T00:00:00+00:00', '--job-id', '37', '--raw', '--subdir', 'DAGS_FOLDER/outcomes_dag.py', '--cfg-path', '/tmp/tmp2o5r_ez2']
[2023-11-26T02:44:25.652+0000] {standard_task_runner.py:85} INFO - Job 37: Subtask load_dim_outcome_types
[2023-11-26T02:44:25.821+0000] {task_command.py:416} INFO - Running <TaskInstance: outcomes_dag.load_dim_outcome_types scheduled__2023-11-22T00:00:00+00:00 [running]> on host d8c33f99ee50
[2023-11-26T02:44:25.984+0000] {taskinstance.py:1662} INFO - Exporting env vars: AIRFLOW_CTX_DAG_OWNER='***' AIRFLOW_CTX_DAG_ID='outcomes_dag' AIRFLOW_CTX_TASK_ID='load_dim_outcome_types' AIRFLOW_CTX_EXECUTION_DATE='2023-11-22T00:00:00+00:00' AIRFLOW_CTX_TRY_NUMBER='1' AIRFLOW_CTX_DAG_RUN_ID='scheduled__2023-11-22T00:00:00+00:00'
[2023-11-26T02:44:26.928+0000] {python.py:194} INFO - Done. Returned value was: None
[2023-11-26T02:44:26.953+0000] {taskinstance.py:1400} INFO - Marking task as SUCCESS. dag_id=outcomes_dag, task_id=load_dim_outcome_types, execution_date=20231122T000000, start_date=20231126T024425, end_date=20231126T024426
[2023-11-26T02:44:27.023+0000] {local_task_job_runner.py:228} INFO - Task exited with return code 0
[2023-11-26T02:44:27.084+0000] {taskinstance.py:2778} INFO - 0 downstream tasks scheduled from follow-on schedule check
