[2023-11-25T20:49:08.918+0000] {taskinstance.py:1159} INFO - Dependencies all met for dep_context=non-requeueable deps ti=<TaskInstance: outcomes_dag.transform scheduled__2023-11-21T00:00:00+00:00 [queued]>
[2023-11-25T20:49:08.930+0000] {taskinstance.py:1159} INFO - Dependencies all met for dep_context=requeueable deps ti=<TaskInstance: outcomes_dag.transform scheduled__2023-11-21T00:00:00+00:00 [queued]>
[2023-11-25T20:49:08.931+0000] {taskinstance.py:1361} INFO - Starting attempt 3 of 3
[2023-11-25T20:49:08.947+0000] {taskinstance.py:1382} INFO - Executing <Task(PythonOperator): transform> on 2023-11-21 00:00:00+00:00
[2023-11-25T20:49:08.953+0000] {standard_task_runner.py:57} INFO - Started process 485 to run task
[2023-11-25T20:49:08.957+0000] {standard_task_runner.py:84} INFO - Running: ['***', 'tasks', 'run', 'outcomes_dag', 'transform', 'scheduled__2023-11-21T00:00:00+00:00', '--job-id', '34', '--raw', '--subdir', 'DAGS_FOLDER/outcomes_dag.py', '--cfg-path', '/tmp/tmpv3eebiml']
[2023-11-25T20:49:08.960+0000] {standard_task_runner.py:85} INFO - Job 34: Subtask transform
[2023-11-25T20:49:09.012+0000] {task_command.py:416} INFO - Running <TaskInstance: outcomes_dag.transform scheduled__2023-11-21T00:00:00+00:00 [running]> on host 17ac1e2d02c6
[2023-11-25T20:49:09.098+0000] {taskinstance.py:1662} INFO - Exporting env vars: AIRFLOW_CTX_DAG_OWNER='***' AIRFLOW_CTX_DAG_ID='outcomes_dag' AIRFLOW_CTX_TASK_ID='transform' AIRFLOW_CTX_EXECUTION_DATE='2023-11-21T00:00:00+00:00' AIRFLOW_CTX_TRY_NUMBER='3' AIRFLOW_CTX_DAG_RUN_ID='scheduled__2023-11-21T00:00:00+00:00'
[2023-11-25T20:49:09.814+0000] {python.py:194} INFO - Done. Returned value was: None
[2023-11-25T20:49:09.826+0000] {taskinstance.py:1400} INFO - Marking task as SUCCESS. dag_id=outcomes_dag, task_id=transform, execution_date=20231121T000000, start_date=20231125T204908, end_date=20231125T204909
[2023-11-25T20:49:09.858+0000] {local_task_job_runner.py:228} INFO - Task exited with return code 0
[2023-11-25T20:49:09.875+0000] {taskinstance.py:2778} INFO - 0 downstream tasks scheduled from follow-on schedule check
[2023-11-26T03:04:14.666+0000] {taskinstance.py:1159} INFO - Dependencies all met for dep_context=non-requeueable deps ti=<TaskInstance: outcomes_dag.transform scheduled__2023-11-21T00:00:00+00:00 [queued]>
[2023-11-26T03:04:14.680+0000] {taskinstance.py:1159} INFO - Dependencies all met for dep_context=requeueable deps ti=<TaskInstance: outcomes_dag.transform scheduled__2023-11-21T00:00:00+00:00 [queued]>
[2023-11-26T03:04:14.681+0000] {taskinstance.py:1361} INFO - Starting attempt 3 of 3
[2023-11-26T03:04:14.695+0000] {taskinstance.py:1382} INFO - Executing <Task(PythonOperator): transform> on 2023-11-21 00:00:00+00:00
[2023-11-26T03:04:14.701+0000] {standard_task_runner.py:57} INFO - Started process 783 to run task
[2023-11-26T03:04:14.705+0000] {standard_task_runner.py:84} INFO - Running: ['***', 'tasks', 'run', 'outcomes_dag', 'transform', 'scheduled__2023-11-21T00:00:00+00:00', '--job-id', '132', '--raw', '--subdir', 'DAGS_FOLDER/outcomes_dag.py', '--cfg-path', '/tmp/tmpmeltmfqt']
[2023-11-26T03:04:14.710+0000] {standard_task_runner.py:85} INFO - Job 132: Subtask transform
[2023-11-26T03:04:14.774+0000] {task_command.py:416} INFO - Running <TaskInstance: outcomes_dag.transform scheduled__2023-11-21T00:00:00+00:00 [running]> on host d8c33f99ee50
[2023-11-26T03:04:14.888+0000] {taskinstance.py:1662} INFO - Exporting env vars: AIRFLOW_CTX_DAG_OWNER='***' AIRFLOW_CTX_DAG_ID='outcomes_dag' AIRFLOW_CTX_TASK_ID='transform' AIRFLOW_CTX_EXECUTION_DATE='2023-11-21T00:00:00+00:00' AIRFLOW_CTX_TRY_NUMBER='3' AIRFLOW_CTX_DAG_RUN_ID='scheduled__2023-11-21T00:00:00+00:00'
[2023-11-26T03:04:24.899+0000] {python.py:194} INFO - Done. Returned value was: None
[2023-11-26T03:04:24.917+0000] {taskinstance.py:1400} INFO - Marking task as SUCCESS. dag_id=outcomes_dag, task_id=transform, execution_date=20231121T000000, start_date=20231126T030414, end_date=20231126T030424
[2023-11-26T03:04:24.966+0000] {local_task_job_runner.py:228} INFO - Task exited with return code 0
[2023-11-26T03:04:24.998+0000] {taskinstance.py:2778} INFO - 4 downstream tasks scheduled from follow-on schedule check
