[2023-11-26T02:23:27.432+0000] {taskinstance.py:1159} INFO - Dependencies all met for dep_context=non-requeueable deps ti=<TaskInstance: outcomes_dag.load_dim_animal scheduled__2023-11-22T00:00:00+00:00 [queued]>
[2023-11-26T02:23:27.449+0000] {taskinstance.py:1159} INFO - Dependencies all met for dep_context=requeueable deps ti=<TaskInstance: outcomes_dag.load_dim_animal scheduled__2023-11-22T00:00:00+00:00 [queued]>
[2023-11-26T02:23:27.449+0000] {taskinstance.py:1361} INFO - Starting attempt 1 of 1
[2023-11-26T02:23:27.483+0000] {taskinstance.py:1382} INFO - Executing <Task(PythonOperator): load_dim_animal> on 2023-11-22 00:00:00+00:00
[2023-11-26T02:23:27.495+0000] {standard_task_runner.py:57} INFO - Started process 761 to run task
[2023-11-26T02:23:27.506+0000] {standard_task_runner.py:84} INFO - Running: ['***', 'tasks', 'run', 'outcomes_dag', 'load_dim_animal', 'scheduled__2023-11-22T00:00:00+00:00', '--job-id', '73', '--raw', '--subdir', 'DAGS_FOLDER/outcomes_dag.py', '--cfg-path', '/tmp/tmpu91ignsz']
[2023-11-26T02:23:27.515+0000] {standard_task_runner.py:85} INFO - Job 73: Subtask load_dim_animal
[2023-11-26T02:23:27.615+0000] {task_command.py:416} INFO - Running <TaskInstance: outcomes_dag.load_dim_animal scheduled__2023-11-22T00:00:00+00:00 [running]> on host 2011df1a4519
[2023-11-26T02:23:27.766+0000] {taskinstance.py:1662} INFO - Exporting env vars: AIRFLOW_CTX_DAG_OWNER='***' AIRFLOW_CTX_DAG_ID='outcomes_dag' AIRFLOW_CTX_TASK_ID='load_dim_animal' AIRFLOW_CTX_EXECUTION_DATE='2023-11-22T00:00:00+00:00' AIRFLOW_CTX_TRY_NUMBER='1' AIRFLOW_CTX_DAG_RUN_ID='scheduled__2023-11-22T00:00:00+00:00'
[2023-11-26T02:23:30.251+0000] {python.py:194} INFO - Done. Returned value was: None
[2023-11-26T02:23:30.265+0000] {taskinstance.py:1400} INFO - Marking task as SUCCESS. dag_id=outcomes_dag, task_id=load_dim_animal, execution_date=20231122T000000, start_date=20231126T022327, end_date=20231126T022330
[2023-11-26T02:23:30.298+0000] {local_task_job_runner.py:228} INFO - Task exited with return code 0
[2023-11-26T02:23:30.316+0000] {taskinstance.py:2778} INFO - 0 downstream tasks scheduled from follow-on schedule check
[2023-11-26T02:44:25.602+0000] {taskinstance.py:1159} INFO - Dependencies all met for dep_context=non-requeueable deps ti=<TaskInstance: outcomes_dag.load_dim_animal scheduled__2023-11-22T00:00:00+00:00 [queued]>
[2023-11-26T02:44:25.666+0000] {taskinstance.py:1159} INFO - Dependencies all met for dep_context=requeueable deps ti=<TaskInstance: outcomes_dag.load_dim_animal scheduled__2023-11-22T00:00:00+00:00 [queued]>
[2023-11-26T02:44:25.708+0000] {taskinstance.py:1361} INFO - Starting attempt 1 of 1
[2023-11-26T02:44:25.764+0000] {taskinstance.py:1382} INFO - Executing <Task(PythonOperator): load_dim_animal> on 2023-11-22 00:00:00+00:00
[2023-11-26T02:44:25.780+0000] {standard_task_runner.py:57} INFO - Started process 226 to run task
[2023-11-26T02:44:25.796+0000] {standard_task_runner.py:84} INFO - Running: ['***', 'tasks', 'run', 'outcomes_dag', 'load_dim_animal', 'scheduled__2023-11-22T00:00:00+00:00', '--job-id', '40', '--raw', '--subdir', 'DAGS_FOLDER/outcomes_dag.py', '--cfg-path', '/tmp/tmpub9_8qc0']
[2023-11-26T02:44:25.804+0000] {standard_task_runner.py:85} INFO - Job 40: Subtask load_dim_animal
[2023-11-26T02:44:25.953+0000] {task_command.py:416} INFO - Running <TaskInstance: outcomes_dag.load_dim_animal scheduled__2023-11-22T00:00:00+00:00 [running]> on host d8c33f99ee50
[2023-11-26T02:44:26.109+0000] {taskinstance.py:1662} INFO - Exporting env vars: AIRFLOW_CTX_DAG_OWNER='***' AIRFLOW_CTX_DAG_ID='outcomes_dag' AIRFLOW_CTX_TASK_ID='load_dim_animal' AIRFLOW_CTX_EXECUTION_DATE='2023-11-22T00:00:00+00:00' AIRFLOW_CTX_TRY_NUMBER='1' AIRFLOW_CTX_DAG_RUN_ID='scheduled__2023-11-22T00:00:00+00:00'
[2023-11-26T02:44:30.334+0000] {python.py:194} INFO - Done. Returned value was: None
[2023-11-26T02:44:30.349+0000] {taskinstance.py:1400} INFO - Marking task as SUCCESS. dag_id=outcomes_dag, task_id=load_dim_animal, execution_date=20231122T000000, start_date=20231126T024425, end_date=20231126T024430
[2023-11-26T02:44:30.409+0000] {local_task_job_runner.py:228} INFO - Task exited with return code 0
[2023-11-26T02:44:30.438+0000] {taskinstance.py:2778} INFO - 0 downstream tasks scheduled from follow-on schedule check
