[2023-11-26T01:53:29.988+0000] {taskinstance.py:1159} INFO - Dependencies all met for dep_context=non-requeueable deps ti=<TaskInstance: outcomes_dag.load_dim_dates scheduled__2023-11-22T00:00:00+00:00 [queued]>
[2023-11-26T01:53:30.047+0000] {taskinstance.py:1159} INFO - Dependencies all met for dep_context=requeueable deps ti=<TaskInstance: outcomes_dag.load_dim_dates scheduled__2023-11-22T00:00:00+00:00 [queued]>
[2023-11-26T01:53:30.054+0000] {taskinstance.py:1361} INFO - Starting attempt 1 of 1
[2023-11-26T01:53:30.107+0000] {taskinstance.py:1382} INFO - Executing <Task(PythonOperator): load_dim_dates> on 2023-11-22 00:00:00+00:00
[2023-11-26T01:53:30.128+0000] {standard_task_runner.py:57} INFO - Started process 190 to run task
[2023-11-26T01:53:30.135+0000] {standard_task_runner.py:84} INFO - Running: ['***', 'tasks', 'run', 'outcomes_dag', 'load_dim_dates', 'scheduled__2023-11-22T00:00:00+00:00', '--job-id', '25', '--raw', '--subdir', 'DAGS_FOLDER/outcomes_dag.py', '--cfg-path', '/tmp/tmp5vt_4ck3']
[2023-11-26T01:53:30.149+0000] {standard_task_runner.py:85} INFO - Job 25: Subtask load_dim_dates
[2023-11-26T01:53:30.282+0000] {task_command.py:416} INFO - Running <TaskInstance: outcomes_dag.load_dim_dates scheduled__2023-11-22T00:00:00+00:00 [running]> on host 2011df1a4519
[2023-11-26T01:53:30.408+0000] {taskinstance.py:1662} INFO - Exporting env vars: AIRFLOW_CTX_DAG_OWNER='***' AIRFLOW_CTX_DAG_ID='outcomes_dag' AIRFLOW_CTX_TASK_ID='load_dim_dates' AIRFLOW_CTX_EXECUTION_DATE='2023-11-22T00:00:00+00:00' AIRFLOW_CTX_TRY_NUMBER='1' AIRFLOW_CTX_DAG_RUN_ID='scheduled__2023-11-22T00:00:00+00:00'
[2023-11-26T01:53:33.025+0000] {python.py:194} INFO - Done. Returned value was: None
[2023-11-26T01:53:33.044+0000] {taskinstance.py:1400} INFO - Marking task as SUCCESS. dag_id=outcomes_dag, task_id=load_dim_dates, execution_date=20231122T000000, start_date=20231126T015329, end_date=20231126T015333
[2023-11-26T01:53:33.074+0000] {local_task_job_runner.py:228} INFO - Task exited with return code 0
[2023-11-26T01:53:33.093+0000] {taskinstance.py:2778} INFO - 0 downstream tasks scheduled from follow-on schedule check
[2023-11-26T02:44:25.428+0000] {taskinstance.py:1159} INFO - Dependencies all met for dep_context=non-requeueable deps ti=<TaskInstance: outcomes_dag.load_dim_dates scheduled__2023-11-22T00:00:00+00:00 [queued]>
[2023-11-26T02:44:25.570+0000] {taskinstance.py:1159} INFO - Dependencies all met for dep_context=requeueable deps ti=<TaskInstance: outcomes_dag.load_dim_dates scheduled__2023-11-22T00:00:00+00:00 [queued]>
[2023-11-26T02:44:25.574+0000] {taskinstance.py:1361} INFO - Starting attempt 1 of 1
[2023-11-26T02:44:25.726+0000] {taskinstance.py:1382} INFO - Executing <Task(PythonOperator): load_dim_dates> on 2023-11-22 00:00:00+00:00
[2023-11-26T02:44:25.743+0000] {standard_task_runner.py:57} INFO - Started process 225 to run task
[2023-11-26T02:44:25.754+0000] {standard_task_runner.py:84} INFO - Running: ['***', 'tasks', 'run', 'outcomes_dag', 'load_dim_dates', 'scheduled__2023-11-22T00:00:00+00:00', '--job-id', '39', '--raw', '--subdir', 'DAGS_FOLDER/outcomes_dag.py', '--cfg-path', '/tmp/tmpe0pay2ks']
[2023-11-26T02:44:25.759+0000] {standard_task_runner.py:85} INFO - Job 39: Subtask load_dim_dates
[2023-11-26T02:44:25.870+0000] {task_command.py:416} INFO - Running <TaskInstance: outcomes_dag.load_dim_dates scheduled__2023-11-22T00:00:00+00:00 [running]> on host d8c33f99ee50
[2023-11-26T02:44:26.026+0000] {taskinstance.py:1662} INFO - Exporting env vars: AIRFLOW_CTX_DAG_OWNER='***' AIRFLOW_CTX_DAG_ID='outcomes_dag' AIRFLOW_CTX_TASK_ID='load_dim_dates' AIRFLOW_CTX_EXECUTION_DATE='2023-11-22T00:00:00+00:00' AIRFLOW_CTX_TRY_NUMBER='1' AIRFLOW_CTX_DAG_RUN_ID='scheduled__2023-11-22T00:00:00+00:00'
[2023-11-26T02:44:28.392+0000] {python.py:194} INFO - Done. Returned value was: None
[2023-11-26T02:44:28.406+0000] {taskinstance.py:1400} INFO - Marking task as SUCCESS. dag_id=outcomes_dag, task_id=load_dim_dates, execution_date=20231122T000000, start_date=20231126T024425, end_date=20231126T024428
[2023-11-26T02:44:28.444+0000] {local_task_job_runner.py:228} INFO - Task exited with return code 0
[2023-11-26T02:44:28.468+0000] {taskinstance.py:2778} INFO - 0 downstream tasks scheduled from follow-on schedule check
