[2023-11-26T02:23:27.555+0000] {taskinstance.py:1159} INFO - Dependencies all met for dep_context=non-requeueable deps ti=<TaskInstance: outcomes_dag.load_dim_dates scheduled__2023-11-22T00:00:00+00:00 [queued]>
[2023-11-26T02:23:27.569+0000] {taskinstance.py:1159} INFO - Dependencies all met for dep_context=requeueable deps ti=<TaskInstance: outcomes_dag.load_dim_dates scheduled__2023-11-22T00:00:00+00:00 [queued]>
[2023-11-26T02:23:27.571+0000] {taskinstance.py:1361} INFO - Starting attempt 2 of 2
[2023-11-26T02:23:27.595+0000] {taskinstance.py:1382} INFO - Executing <Task(PythonOperator): load_dim_dates> on 2023-11-22 00:00:00+00:00
[2023-11-26T02:23:27.604+0000] {standard_task_runner.py:57} INFO - Started process 762 to run task
[2023-11-26T02:23:27.612+0000] {standard_task_runner.py:84} INFO - Running: ['***', 'tasks', 'run', 'outcomes_dag', 'load_dim_dates', 'scheduled__2023-11-22T00:00:00+00:00', '--job-id', '74', '--raw', '--subdir', 'DAGS_FOLDER/outcomes_dag.py', '--cfg-path', '/tmp/tmpueb2_eq1']
[2023-11-26T02:23:27.623+0000] {standard_task_runner.py:85} INFO - Job 74: Subtask load_dim_dates
[2023-11-26T02:23:27.713+0000] {task_command.py:416} INFO - Running <TaskInstance: outcomes_dag.load_dim_dates scheduled__2023-11-22T00:00:00+00:00 [running]> on host 2011df1a4519
[2023-11-26T02:23:27.865+0000] {taskinstance.py:1662} INFO - Exporting env vars: AIRFLOW_CTX_DAG_OWNER='***' AIRFLOW_CTX_DAG_ID='outcomes_dag' AIRFLOW_CTX_TASK_ID='load_dim_dates' AIRFLOW_CTX_EXECUTION_DATE='2023-11-22T00:00:00+00:00' AIRFLOW_CTX_TRY_NUMBER='2' AIRFLOW_CTX_DAG_RUN_ID='scheduled__2023-11-22T00:00:00+00:00'
[2023-11-26T02:23:30.666+0000] {python.py:194} INFO - Done. Returned value was: None
[2023-11-26T02:23:30.684+0000] {taskinstance.py:1400} INFO - Marking task as SUCCESS. dag_id=outcomes_dag, task_id=load_dim_dates, execution_date=20231122T000000, start_date=20231126T022327, end_date=20231126T022330
[2023-11-26T02:23:30.747+0000] {local_task_job_runner.py:228} INFO - Task exited with return code 0
[2023-11-26T02:23:30.769+0000] {taskinstance.py:2778} INFO - 0 downstream tasks scheduled from follow-on schedule check
[2023-11-26T02:51:17.955+0000] {taskinstance.py:1159} INFO - Dependencies all met for dep_context=non-requeueable deps ti=<TaskInstance: outcomes_dag.load_dim_dates scheduled__2023-11-22T00:00:00+00:00 [queued]>
[2023-11-26T02:51:17.975+0000] {taskinstance.py:1159} INFO - Dependencies all met for dep_context=requeueable deps ti=<TaskInstance: outcomes_dag.load_dim_dates scheduled__2023-11-22T00:00:00+00:00 [queued]>
[2023-11-26T02:51:17.976+0000] {taskinstance.py:1361} INFO - Starting attempt 2 of 2
[2023-11-26T02:51:18.003+0000] {taskinstance.py:1382} INFO - Executing <Task(PythonOperator): load_dim_dates> on 2023-11-22 00:00:00+00:00
[2023-11-26T02:51:18.012+0000] {standard_task_runner.py:57} INFO - Started process 466 to run task
[2023-11-26T02:51:18.019+0000] {standard_task_runner.py:84} INFO - Running: ['***', 'tasks', 'run', 'outcomes_dag', 'load_dim_dates', 'scheduled__2023-11-22T00:00:00+00:00', '--job-id', '88', '--raw', '--subdir', 'DAGS_FOLDER/outcomes_dag.py', '--cfg-path', '/tmp/tmp6fwajuj9']
[2023-11-26T02:51:18.022+0000] {standard_task_runner.py:85} INFO - Job 88: Subtask load_dim_dates
[2023-11-26T02:51:18.107+0000] {task_command.py:416} INFO - Running <TaskInstance: outcomes_dag.load_dim_dates scheduled__2023-11-22T00:00:00+00:00 [running]> on host d8c33f99ee50
[2023-11-26T02:51:18.233+0000] {taskinstance.py:1662} INFO - Exporting env vars: AIRFLOW_CTX_DAG_OWNER='***' AIRFLOW_CTX_DAG_ID='outcomes_dag' AIRFLOW_CTX_TASK_ID='load_dim_dates' AIRFLOW_CTX_EXECUTION_DATE='2023-11-22T00:00:00+00:00' AIRFLOW_CTX_TRY_NUMBER='2' AIRFLOW_CTX_DAG_RUN_ID='scheduled__2023-11-22T00:00:00+00:00'
[2023-11-26T02:51:21.056+0000] {python.py:194} INFO - Done. Returned value was: None
[2023-11-26T02:51:21.072+0000] {taskinstance.py:1400} INFO - Marking task as SUCCESS. dag_id=outcomes_dag, task_id=load_dim_dates, execution_date=20231122T000000, start_date=20231126T025117, end_date=20231126T025121
[2023-11-26T02:51:21.103+0000] {local_task_job_runner.py:228} INFO - Task exited with return code 0
[2023-11-26T02:51:21.124+0000] {taskinstance.py:2778} INFO - 0 downstream tasks scheduled from follow-on schedule check
